0.496543
0.520130
0.528264
0.514030
0.505897
0.519317
0.513623
0.520537
0.537210
0.515657
0.527857
0.520537
0.525824
0.505490
0.516470
0.522977
0.533144
0.520130
0.533550
0.503457
0.524197
0.522570
0.540870
0.516470
0.544124
0.537617
0.529484
0.545750
0.544937
0.535584
0.553070
0.538430
0.553070
0.553477
0.549410
0.536804
0.558764
0.560390
0.559170
0.551444
0.562017
0.540870
0.544937
0.557950
0.541684
0.563644
0.555917
0.530704
0.557950
0.512403
0.546564
0.555510
0.559984
0.556730
0.565270
0.556324
0.557544
0.560390
0.557137
0.564864
0.548597
0.577471
0.559170
0.564457
0.555104
0.557137
0.551037
0.571370
0.574624
0.568930
0.566897
0.567710
0.567304
0.578691
0.549410
0.571777
0.565677
0.575031
0.565677
0.569744
0.558357
0.564864
0.571370
0.564864
0.578691
0.562424
0.586417
0.570557
0.568524
0.567304
0.559170
0.570557
0.576657
0.575437
0.568930
0.570150
0.561204
0.568930
0.564050
0.556324
0.574217
0.564050
0.561610
0.576251
0.577877
0.565270
0.567304
0.577471
0.569337
0.579911
0.580317
0.568117
0.577064
0.576657
0.584384
0.571777
0.578284
0.579097
0.578691
0.579097
0.573810
0.581944
0.568930
0.574217
0.572997
0.565677
0.579911
0.579911
0.559577
0.583164
0.569337
0.565270
0.577064
0.577064
0.566490
0.581131
0.577471
0.577064
0.578691
0.583571
0.584384
0.584791
0.575437
0.565270
0.585604
0.570557
0.568930
0.593331
0.575844
0.577471
0.572997
0.577064
0.588044
0.590484
0.579504
0.577064
0.582351
0.576251
0.575437
0.580724
0.582351
0.577877
0.568117
0.570150
0.570964
0.580724
0.578284
0.579097
0.558357
0.572590
0.571370
0.568524
0.585604
0.577471
0.576657
0.585197
0.573404
0.582351
0.577064
0.576657
0.581131
0.581131
0.579911
0.579097
0.585604
0.572997
0.575437
0.581537
0.577064
0.583571
0.589671
0.592111
0.584384
0.576251
0.583571
0.581944
0.584384
0.589264
0.574624
0.581944
0.581537
0.583571
0.591297
0.573810
0.583977
0.575031
0.579504
0.583164
0.591297
0.590484
0.593737
0.596991
0.590891
0.594551
0.595364
0.597804
0.598617
0.579504
0.584384
0.583164
0.583977
0.584791
0.588451
0.576657
0.584384
0.588044
0.575437
0.577064
0.584384
0.581131
0.594957
0.594551
0.594957
0.592111
0.592517
0.596584
0.594144
0.593331
0.592924
0.582757
0.592924
0.593737
0.590891
0.596177
0.588857
0.597397
0.596584
0.595364
0.600651
0.597804
0.600244
0.591297
0.584384
0.590891
0.585197
0.601057
0.601871
0.598211
0.591704
0.597804
0.603904
0.601464
0.595771
0.607564
0.603091
0.599024
0.592924
0.592517
0.594144
0.602277
0.599024
0.593331
0.595364
0.592924
0.593737
0.605531
0.595364
0.599431
0.601057
0.599837
0.601057
0.597804
0.603497
0.594957
0.595771
0.602684
0.605531
0.606344
0.590891
0.596584
0.601057
0.594551
0.595771
0.596584
0.597397
0.595364
0.603904
0.602277
0.597804
0.590077
0.606344
0.592111
0.604311
0.606751
0.595771
0.593331
0.593737
0.605937
0.606344
0.607157
0.605531
0.612851
0.608377
0.612037
0.605124
0.592111
0.601871
0.601057
0.609597
0.605531
0.599837
0.600244
0.591297
0.600244
0.598617
0.596177
0.600651
0.610817
0.605531
0.607971
0.606751
0.605937
0.602684
0.601464
0.595364
0.604311
0.598211
0.597804
0.610004
0.603497
0.607971
0.603091
0.606751
0.602684
0.596991
0.609597
0.603497
0.601871
0.601464
0.601871
0.604717
0.605531
0.602277
0.603904
0.605124
0.599431
0.606751
0.607564
0.602277
0.605124
0.610817
0.605531
0.605531
0.603497
0.599024
0.599431
0.600244
0.601464
0.604311
0.594551
0.598211
0.605531
0.601871
0.600651
0.599024
0.605937
0.610411
0.603091
0.605531
0.607971
0.605124
0.603091
0.605124
0.605124
0.606344
0.605531
0.605124
0.615697
0.604717
0.605124
0.601464
0.601057
0.608377
0.605124
0.608377
0.614477
0.603091
0.609597
0.608784
0.605937
0.597804
0.602684
0.604717
0.602277
0.615697
0.608377
0.606344
0.612037
0.599024
0.607157
0.607971
0.604717
0.599431
0.611631
0.603497
0.610411
0.610817
0.606751
0.606344
0.605937
0.614477
0.609191
0.609597
0.601464
0.603497
0.609191
0.604311
0.610004
0.603497
0.605531
0.605124
0.605531
0.602277
0.612444
0.605937
0.609191
0.607564
0.611631
0.600244
0.605531
0.601871
0.605124
0.601464
0.609597
0.612037
0.612037
0.607157
0.603904
0.606344
0.605124
0.606344
0.611224
0.601464
0.605531
0.597804
0.603497
0.609597
0.609597
0.605531
0.607971
0.609191
0.604717
0.614477
0.603904
0.599431
0.605124
0.610817
0.612444
0.611224
0.605531
0.604311
0.605937
0.606344
0.605124
0.612037
0.607157
0.605937
0.603497
0.604717
0.602684
0.605531
0.609597
0.604717
0.608784
0.606344
0.610817
0.606751
0.602277
0.607157
0.603904
0.610817
0.605531
0.613257
0.608784
0.608784
0.607564
0.612851
0.612444
0.614884
0.608377
0.610004
0.608784
0.608784
0.608377
0.609191
0.608784
0.613664
0.605124
0.607157
0.608377
0.601871
0.598211
0.608784
0.604311
0.614071
0.604311
0.608784
0.611631
0.610004
0.602277
0.607971
0.604717
0.607971
0.613257
0.606344
0.603091
0.603497
0.594957
0.600244
0.611224
0.605531
0.606344
0.615291
0.610411
0.607971
0.603497
0.610411
0.603091
0.609597
0.610004
0.604311
0.610004
0.616917
0.616917
0.609191
0.612037
0.604311
0.607157
0.618544
0.610004
0.602684
0.612851
0.614071
0.613257
0.618137
0.617324
0.614477
0.613664
0.607157
0.610411
0.618951
0.605937
0.612037
0.611224
0.623831
0.605531
0.609597
0.610411
0.613664
0.605531
0.602277
0.616104
0.616104
0.611224
0.612444
0.608784
0.616104
0.611224
0.603904
0.601057
0.605124
0.611224
0.611631
0.618137
0.602277
0.606751
0.612444
0.618544
0.612037
0.602684
0.616104
0.608784
0.608784
0.612037
0.609191
0.611224
0.607971
0.608377
0.603091
0.602684
0.604717
0.614884
0.610817
0.597804
0.602277
0.608377
0.603091
0.610411
0.605531
0.614477
0.608784
0.616511
0.618951
0.608377
0.612037
0.611631
0.612444
0.610817
0.619764
0.622611
0.605531
0.610411
0.620984
0.612851
0.612851
0.613664
0.610411
0.614477
0.614071
0.612037
0.614477
0.612851
0.615697
0.615291
0.607157
0.617324
0.611631
0.610817
0.615697
0.611631
0.612851
0.612444
0.617731
0.606751
0.612037
0.625864
0.605531
0.617731
0.607157
0.611631
0.611631
0.612037
0.608784
0.618951
0.615291
0.617731
0.609191
0.614477
0.614477
0.612444
0.616511
0.615291
0.617324
0.600651
0.614477
0.612851
0.616511
0.613257
0.604311
0.618951
0.625051
0.609597
0.625458
0.609191
0.620577
0.623017
0.605124
0.615291
0.615697
0.609191
0.612851
0.619357
0.625864
0.621391
0.620984
0.614477
0.616511
0.619764
0.615697
0.619764
0.625864
0.613664
0.627491
0.622611
0.622611
0.613664
0.619764
0.623017
0.619357
0.618137
0.627084
0.614884
0.627898
0.621797
0.608784
0.620577
0.629931
0.615291
0.622204
0.625458
0.618951
0.620577
0.623424
0.625458
0.623831
0.625864
0.623017
0.626271
0.625051
0.623831
0.620577
0.620984
0.621391
0.629931
0.607971
0.619357
0.623424
0.625051
0.624644
0.620984
0.621391
0.627491
0.623424
0.620577
0.619764
0.618951
0.623831
0.625864
0.620171
0.629524
0.632778
0.620577
0.627898
0.624237
0.620984
0.620577
0.623017
0.624644
0.620171
0.621797
0.627491
0.621391
0.626678
0.626678
0.635624
0.627084
0.634404
0.625458
0.629118
0.625051
0.623017
0.625864
0.623017
0.614071
0.617731
0.621391
0.632371
0.634404
0.629524
0.630338
0.620577
0.629118
0.628711
0.613664
0.626271
0.620171
0.622204
0.628711
0.619764
0.627084
0.628711
0.625864
0.632778
0.627898
0.638064
0.627491
0.641724
0.626678
0.631964
0.626678
0.625458
0.633998
0.619764
0.622204
0.631964
0.629931
0.629931
0.630744
0.626271
0.638064
0.634404
0.624237
0.635218
0.630744
0.632371
0.638064
0.633591
0.631558
0.627084
0.638878
0.638471
0.627491
0.622204
0.626678
0.632371
0.634811
0.642131
0.631151
0.630744
0.639284
0.630744
0.620577
0.635218
0.637251
0.632778
0.624237
0.634404
0.629118
0.624644
0.625864
0.629118
0.634811
0.630338
0.638878
0.630338
0.636438
0.638064
0.638878
0.635218
0.634404
0.631151
0.633184
0.623831
0.629524
0.631558
0.644978
0.646604
0.633591
0.632778
0.638064
0.615291
0.623831
0.624237
0.631964
0.637251
0.630744
0.640911
0.633591
0.626678
0.633591
0.621391
0.631151
0.627084
0.632778
0.638064
0.640911
0.633184
0.635624
0.633184
0.637251
0.630338
0.647011
0.642131
0.632371
0.641318
0.644164
0.631558
0.642944
0.639284
0.629524
0.638064
0.632778
0.632778
0.626678
0.635218
0.646198
0.642538
0.632778
0.638471
0.633591
0.641724
0.640504
0.639284
0.626678
0.636031
0.634404
0.640098
0.629931
0.630338
0.628711
0.636844
0.637658
0.637251
0.629524
0.638471
0.637658
0.642131
0.639691
0.632778
0.647824
0.637658
0.634811
0.639691
0.641318
0.631964
0.631151
0.631151
0.644571
0.649451
0.630338
0.638878
0.638471
0.650264
0.640098
0.631964
0.638064
0.631151
0.632371
0.643758
0.636438
0.633184
0.638878
0.643351
0.634811
0.630338
0.640911
0.633998
0.629931
0.635218
0.635218
0.644571
0.633591
0.636438
0.632778
0.635218
0.642131
0.633591
0.633184
0.637658
0.642538
0.637251
0.638878
0.627084
0.643351
0.631558
0.640504
0.632778
0.641318
0.639284
0.641318
0.636031
0.641724
0.638878
0.642538
0.633591
0.647824
0.634811
0.643351
0.638064
0.637658
0.635624
0.635624
0.640504
0.640098
0.641318
0.633591
0.639284
0.635218
0.641318
0.636844
0.644978
0.637658
0.634404
0.642538
0.634811
0.631151
0.633591
0.644164
0.635218
0.642131
0.638064
0.650671
0.642131
0.636438
0.636844
0.635218
0.634811
0.638878
0.641724
0.641318
0.646198
0.637658
0.643351
0.631964
0.638471
0.629118
0.643351
0.644571
0.641318
0.639691
0.647011
0.641318
0.640911
0.635624
0.633998
0.636438
0.632778
0.647824
0.640911
0.634811
0.628304
0.640098
0.639284
0.633184
0.636844
0.648231
0.649858
0.650264
0.631151
0.642538
0.635624
0.633184
0.640098
0.638064
0.645791
0.631964
0.642538
0.642538
0.647418
0.645384
0.636438
0.640504
0.642131
0.638878
0.638471
0.649858
0.645384
0.649451
0.637658
0.632778
0.642131
0.632371
0.634404
0.633591
0.640911
0.635218
0.631558
0.637658
0.644571
0.636438
0.640504
0.631558
0.635624
0.642944
0.640911
0.646198
0.644164
0.645384
0.641724
0.643758
0.633184
0.638878
0.643351
0.645384
0.638878
0.633998
0.634811
0.636438
0.641724
0.647824
0.638064
0.642131
0.648638
0.645384
0.645384
0.634811
0.641318
0.638064
0.639691
0.644164
0.642944
0.641724
0.641318
0.630744
0.640504
0.645791
0.646604
0.642538
0.648231
0.642131
0.635624
0.644978
0.641318
0.645791
0.647418
0.649044
0.645384
0.644571
0.643351
0.638064
0.635218
0.644164
0.641318
0.647418
0.644571
0.651891
0.650264
0.637251
0.644164
0.637251
0.635218
0.636031
0.644164
0.643351
0.641318
0.636844
0.641724
0.640504
0.639691
0.640911
0.642131
0.648638
0.639691
0.647011
0.638064
0.643351
0.638471
0.643351
0.633184
0.654738
0.640504
0.649451
0.649044
0.635218
0.645384
0.649451
0.632371
0.653111
0.648231
0.634404
0.640911
0.633998
0.637658
0.643758
0.639691
0.646604
0.645791
0.642538
0.647011
0.642944
0.633184
0.640098
0.655551
0.638471
0.648231
0.643758
0.632371
0.642944
0.638064
0.639284
0.636844
0.647418
0.647011
0.648638
0.637658
0.642131
0.632371
0.634811
0.641724
0.642131
0.644978
0.648638
0.641724
0.638878
0.636844
0.643758
0.643758
0.646604
0.642944
0.636438
0.642538
0.649451
0.641724
0.643758
0.651891
0.639284
0.640911
0.651891
0.648231
0.646604
0.651484
0.652298
0.651891
0.633184
0.637658
0.638878
0.635624
0.643758
0.644978
0.641724
0.652298
0.641318
0.649451
0.644978
0.640098
0.644978
0.649858
0.647418
0.642131
0.643758
0.645384
0.645791
0.649451
0.645384
0.648231
0.647418
0.649044
0.649858
0.641724
0.640911
0.633591
0.639284
0.656364
0.649044
0.654738
0.651078
0.644164
0.646604
0.654738
0.639691
0.639691
0.648638
0.640504
0.636844
0.647011
0.644978
0.651484
0.651078
0.654331
0.653924
0.651484
0.653111
0.638878
0.635218
0.641724
0.639284
0.640098
0.646198
0.642131
0.645384
0.649044
0.652704
0.648638
0.647011
0.640504
0.638471
0.644571
0.629931
0.641318
0.645384
0.647418
0.646198
0.658804
0.640911
0.648638
0.649044
0.642944
0.646198
0.643758
0.651891
0.645384
0.654331
0.645791
0.649044
0.650264
0.644978
0.647418
0.649451
0.644978
0.648231
0.650671
0.645791
0.652704
0.650671
0.646198
0.658398
0.648231
0.643758
0.646604
0.638878
0.635218
0.645791
0.643351
0.648231
0.652298
0.649858
0.646198
0.648638
0.650264
0.652704
0.647418
0.646198
0.642944
0.642538
0.640911
0.649858
0.654738
0.652704
0.647824
0.648231
0.644978
0.649451
0.655144
0.646604
0.647418
0.643351
0.642131
0.655144
0.649044
0.650671
0.645384
0.647418
0.640911
0.640504
0.644978
0.655551
0.649858
0.650264
0.642131
0.652298
0.653518
0.647011
0.644571
0.645791
0.640911
0.644571
0.639284
0.645384
0.639284
0.644571
0.645384
0.653111
0.655144
0.651078
0.644978
0.650264
0.642944
0.640911
0.642131
0.647824
0.659211
0.653111
0.657584
0.657178
0.647824
0.641318
0.648638
0.651891
0.650671
0.646604
0.653924
0.656364
0.656364
0.648231
0.650264
0.655958
0.642944
0.643351
0.654738
0.655551
0.641724
0.652298
0.643758
0.644978
0.655551
0.642131
0.654738
0.641318
0.648231
0.652298
0.649451
0.655551
0.653518
0.660024
0.651484
0.644164
0.656771
0.658398
0.644978
0.647418
0.652704
0.651891
0.644571
0.643758
0.647824
0.640098
0.643351
0.654331
0.653924
0.652704
0.640911
0.649451
0.653518
0.656364
0.642538
0.651078
0.648231
0.645791
0.647011
0.647824
0.649451
0.655551
0.652298
0.642944
0.653111
0.646604
0.650671
0.644978
0.648638
0.647824
0.649451
0.644164
0.640504
0.648231
0.638064
0.641318
0.644978
0.647011
0.654738
0.654331
0.643351
0.653518
0.647824
0.638878
0.634811
0.650264
0.651078
0.652704
0.659618
0.652704
0.662464
0.644571
0.652298
0.646198
0.643758
0.649044
0.651484
0.651484
0.662058
0.654738
0.649858
0.646198
0.646604
0.637658
0.644571
0.645384
0.645384
0.647011
0.652704
0.649451
0.651891
0.651891
0.651078
0.644978
0.653924
0.646198
0.644978
0.647418
0.653924
0.655144
0.654738
0.652298
0.654331
0.647011
0.654331
0.648638
0.646604
0.637658
0.643351
0.647011
0.653924
0.644164
0.649451
0.641318
0.646198
0.653111
0.642538
0.649858
0.648638
0.649044
0.645384
0.642944
0.645384
0.655551
0.646198
0.652704
0.660838
0.646198
0.650671
0.644164
0.646604
0.647418
0.635218
0.646198
0.648231
0.649044
0.646604
0.644571
0.640504
0.646604
0.641724
0.632778
0.655144
0.650264
0.657178
0.656771
0.652298
0.655958
0.656364
0.650671
0.655958
0.659211
0.647824
0.649858
0.647418
0.647824
0.644978
0.649858
0.653111
0.651078
0.657178
0.643758
0.652298
0.645384
0.651484
0.650671
0.644571
0.649451
0.647418
0.648638
0.653518
0.652298
0.654331
0.647824
0.655958
0.644571
0.656364
0.651078
0.648231
0.649044
0.642944
0.653518
0.647418
0.651484
0.656364
0.647824
0.658398
0.655551
0.651484
0.649044
0.653518
0.651078
0.645384
0.651484
0.646604
0.650671
0.653111
0.655144
0.652298
0.648638
0.646198
0.634811
0.651078
0.656771
0.650264
0.651078
0.655551
0.657991
0.657178
0.654331
0.653111
0.660024
0.655551
0.655551
0.649451
0.653518
0.650671
0.648638
0.637658
0.638471
0.651078
0.652704
0.655551
0.657178
0.652704
0.650671
0.651891
0.648638
0.653924
0.653518
0.647011
0.637251
0.645791
0.638064
0.650671
0.642131
0.656771
0.651484
0.655144
0.647011
0.652298
0.650264
0.656364
0.650671
0.655144
0.647418
0.647824
0.650264
0.647824
0.648638
0.646198
0.653924
0.656364
0.655958
0.657178
0.660024
0.650671
0.649858
0.653518
0.652704
0.653924
0.651891
0.651078
0.650264
0.644164
0.647824
0.653111
0.642131
0.650671
0.642944
0.651078
0.656364
0.650264
0.661244
0.651484
0.657178
0.650671
0.650264
0.651891
0.642944
0.648231
0.645384
0.656364
0.658804
0.657991
0.656364
0.653111
0.652704
0.651484
0.661244
0.655958
0.646604
0.652298
0.657584
0.654331
0.651078
0.649858
0.650671
0.645384
0.653924
0.660838
0.655551
0.649858
0.653111
0.654331
0.656364
0.652298
0.643758
0.650264
0.651891
0.657584
0.652704
0.658804
0.645384
0.654738
0.642538
0.661244
0.649858
0.651891
0.660838
0.649858
0.660024
0.657991
0.653518
0.662058
0.645791
0.647824
0.645384
0.653518
0.653111
0.655144
0.653111
0.657178
0.652704
0.655551
0.652298
0.648231
0.644978
0.656771
0.651891
0.646604
0.654738
0.651891
0.655144
0.647824
0.651078
0.653924
0.655958
0.657584
0.644978
0.652704
0.659618
0.650264
0.653924
0.652704
0.655144
0.647418
0.657584
0.661651
0.655144
0.651484
0.656364
0.649451
0.653518
0.652704
0.653518
0.661244
0.651078
0.655958
0.657991
0.655551
0.651078
0.651484
0.657584
0.648231
0.647011
0.648638
0.654738
0.655958
0.655144
0.641318
0.660024
0.651891
0.649858
0.654738
0.657584
0.656364
0.651484
0.658804
0.652704
0.652704
0.652298
0.652298
0.643351
0.642944
0.650264
0.650264
0.659618
0.649044
0.653518
0.653924
0.650264
0.652704
0.651891
0.649858
0.653111
0.656364
0.653111
0.654331
0.664498
0.652704
0.659211
0.651484
0.654331
0.656364
0.649044
0.655144
0.648638
0.641724
0.651484
0.647418
0.657991
0.651078
0.647418
0.649451
0.657584
0.653111
0.661651
0.653518
0.648638
0.656364
0.661244
0.656364
0.651078
0.645791
0.656364
0.656364
0.652298
0.657991
0.656771
0.656364
0.658398
0.657991
0.654331
0.655144
0.656771
0.657584
0.651891
0.651078
0.642538
0.644164
0.651891
0.651078
0.646604
0.650264
0.655144
0.655958
0.651891
0.646604
0.652298
0.650264
0.658804
0.653924
0.640504
0.655958
0.647824
0.658804
0.646198
0.645791
0.642131
0.660431
0.653111
0.656771
0.653924
0.646198
0.651891
0.651078
0.662464
0.651891
0.653111
0.654331
0.644978
0.646604
0.656364
0.647011
0.660024
0.658398
0.650671
0.647011
0.651484
0.646198
0.658398
0.652704
0.653518
0.650671
0.642944
0.649858
0.654738
0.646198
0.652704
0.660024
0.651891
0.648231
0.651891
0.660838
0.648231
0.659618
0.649451
0.647418
0.649044
0.645384
0.649858
0.651484
0.646198
0.651484
0.653924
0.658398
0.654738
0.654331
0.650264
0.633998
0.645791
0.640911
0.645791
0.654738
0.665311
0.654738
0.656771
0.663684
0.648231
0.655144
0.653111
0.648638
0.647011
0.644164
0.650264
0.659618
0.653924
0.659211
0.657584
0.662058
0.655144
0.651891
0.659618
0.659618
0.653924
0.660838
0.659211
0.647824
0.653111
0.659211
0.655551
0.653924
0.647824
0.647011
0.649044
0.652298
0.643351
0.656364
0.662464
0.652298
0.653518
0.657584
0.645791
0.653924
0.649451
0.651078
0.655144
0.654738
0.650671
0.659211
0.655551
0.654738
0.653924
0.651891
0.653111
0.656771
0.655551
0.651891
0.658804
0.653111
0.663684
0.660838
0.656364
0.648231
0.662464
0.655958
0.649858
0.652704
0.662871
0.653518
0.651484
0.653924
0.659618
0.653924
0.651891
0.652704
0.658804
0.650671
0.650264
0.660024
0.666124
0.657991
0.651484
0.657584
0.647824
0.650264
0.663278
0.655958
0.650671
0.655958
0.660431
0.652298
0.649858
0.658398
0.657178
0.655144
0.649858
0.662464
0.655144
0.660024
0.653924
0.653924
0.653111
0.650671
0.660431
0.657584
0.651484
0.659618
0.663278
0.657584
0.651891
0.663278
0.657584
0.656771
0.642131
0.656771
0.657584
0.662871
0.659618
0.663684
0.663684
0.653924
0.657584
0.650264
0.653518
0.651891
0.660024
0.663278
0.648638
0.655144
0.654331
0.656771
0.649044
0.654738
0.658398
0.660431
0.651484
0.656364
0.655958
0.657178
0.657584
0.656364
0.651484
0.664498
0.664091
0.656771
0.664904
0.654738
0.660838
0.663684
0.654738
0.655144
0.664498
0.661244
0.647824
0.656364
0.649858
0.655551
0.657991
0.657991
0.652704
0.655958
0.648638
0.649451
0.659618
0.659618
0.649451
0.659211
0.656771
0.658398
0.653518
0.660431
0.663684
0.655144
0.654331
0.656771
0.652704
0.653111
0.649044
0.659618
0.653924
0.653518
0.654738
0.660431
0.659618
0.657178
0.659618
0.661244
0.657178
0.652704
0.654331
0.650671
0.660431
0.662871
0.660024
0.658398
0.658804
0.663278
0.659211
0.660431
0.656364
0.662464
0.660838
0.663278
0.659211
0.658398
0.657991
0.650671
0.658804
0.652298
0.648231
0.657991
0.653111
0.648638
0.651891
0.647824
0.653924
0.655551
0.663684
0.661244
0.659618
0.653111
0.661244
0.655551
0.646604
0.655958
0.649044
0.651078
0.648638
0.659211
0.663278
0.659211
0.655551
0.649451
0.655144
0.651891
0.646604
0.649858
0.650264
0.653518
0.649858
0.652298
0.649044
0.653111
0.659618
0.655551
0.655551
0.648231
0.651078
0.652298
0.650671
0.650264
0.649044
0.665311
0.649451
0.666124
0.660431
0.662058
0.662058
0.653518
0.655958
0.661651
0.657584
0.656364
0.653924
0.645791
0.655551
0.649451
0.661244
0.644571
0.652704
0.665311
0.652298
0.662058
0.655144
0.655958
0.663278
0.660024
0.651891
0.658804
0.654331
0.652298
0.656364
0.656771
0.654331
0.656364
0.661651
0.657991
0.660431
0.665718
0.660838
0.651078
0.655551
0.654738
0.654738
0.659211
0.649451
0.652704
0.660431
0.651078
0.658804
0.656364
0.654738
0.664904
0.656771
0.668564
0.653111
0.653518
0.662058
0.648638
0.656364
0.650671
0.654331
0.665311
0.658398
0.658398
0.652704
0.656364
0.660431
0.661244
0.653518
0.665718
0.653111
0.649858
0.662464
0.656771
0.646604
0.657178
0.649858
0.657178
0.660024
0.651891
0.651891
0.651484
0.650671
0.657584
0.654738
0.663278
0.656771
0.659618
0.660431
0.654331
0.654331
0.635624
0.655551
0.652704
0.653111
0.656364
0.662871
0.645384
0.650671
0.655958
0.655551
0.651484
0.651891
0.658398
0.660431
0.644164
0.655144
0.658804
0.651484
0.640504
0.650671
0.647824
0.643351
0.657991
0.654331
0.657584
0.659211
0.651484
0.656364
0.657991
0.652704
0.657991
0.648638
0.653518
0.649044
0.647011
0.652298
0.655958
0.650264
0.654738
0.655551
0.645791
0.647011
0.642131
0.658398
0.652298
0.663278
0.640911
0.656771
0.653111
0.646198
0.657178
0.657584
0.655551
0.660838
0.654738
0.658804
0.655551
0.666124
0.655958
0.660838
0.662058
0.653924
0.658804
0.664498
0.656364
0.656771
0.655958
0.657991
0.653924
0.659618
0.654738
0.655958
0.660024
0.651891
0.662464
0.657584
0.648231
0.651078
0.650671
0.655144
0.649044
0.652298
0.655144
0.653111
0.650671
0.655551
0.649044
0.650264
0.648638
0.651078
0.668158
0.664091
0.653518
0.657991
0.660838
0.653924
0.655958
0.645384
0.645384
0.657991
0.657991
0.648638
0.661244
0.659211
0.653111
0.666124
0.654738
0.654738
0.649044
0.652298
0.646198
0.647418
0.654331
0.655958
0.657178
0.660024
0.654738
0.659618
0.654331
0.652298
0.649858
0.655551
0.657178
0.646198
0.659211
0.655958
0.648638
0.653518
0.657991
0.656771
0.651078
0.661651
0.652704
0.657584
0.650264
0.643758
0.644571
0.646604
0.652704
0.657584
0.654331
0.647418
0.650671
0.655144
0.649451
0.655551
0.650671
0.652298
0.662058
0.657178
0.653924
0.649451
0.649044
0.655144
0.652298
0.651484
0.657178
0.649858
0.650264
0.649451
0.645384
0.654331
0.655551
0.655551
0.647011
0.659211
0.657178
0.660024
0.655144
0.650671
0.654331
0.656771
0.652704
0.649044
0.653111
0.656364
0.648231
0.656771
0.647824
0.660431
0.658804
0.655551
0.657991
0.647011
0.655144
0.644978
0.647011
0.651891
0.656364
0.654331
0.659618
0.656771
0.653111
0.645791
0.651078
0.655144
0.653111
0.651078
0.651891
0.650264
0.645791
0.652298
0.655144
0.655958
0.647011
0.660024
0.656771
0.655144
0.655958
0.653924
0.658804
0.654738
0.652298
0.656364
0.662464
0.657178
0.662464
0.656364
0.663684
0.651891
0.652298
0.653518
0.651891
0.656364
0.656771
0.653111
0.657178
0.655144
0.652298
0.646198
0.647011
0.647418
0.651078
0.656364
0.657584
0.654331
0.661651
0.655144
0.649858
0.647824
0.663278
0.655551
0.644978
0.643758
0.665718
0.652298
0.657178
0.659211
0.662058
0.660024
0.657991
0.652704
0.653518
0.662871
0.665718
0.663278
0.663684
0.654331
0.652298
0.653518
0.658804
0.644164
0.656771
0.654331
0.657178
0.663278
0.655144
0.660838
0.660024
0.653111
0.661651
0.656364
0.657178
0.657991
0.666938
0.657178
0.664904
0.655958
0.664498
0.662464
0.647824
0.659618
0.655551
0.661244
0.649858
0.651891
0.662464
0.658804
0.669378
0.659211
0.648231
0.655144
0.661651
0.663684
0.659618
0.649451
0.658398
0.653111
0.663278
0.649044
0.660838
0.658804
0.657178
0.660431
0.657178
0.650264
0.650264
0.651891
0.651484
0.650264
0.653111
0.652298
0.650671
0.658398
0.656364
0.664091
0.649451
0.649858
0.651484
0.650264
0.658804
0.663684
0.655551
0.653518
0.656364
0.656771
0.664498
0.664091
0.657584
0.650671
0.648231
0.655144
0.653518
0.656771
0.650264
0.655958
0.649451
0.655551
0.657178
0.662058
0.645384
0.653111
0.649858
0.656364
0.655551
0.646198
0.651484
0.653924
0.651891
0.657991
0.661244
0.661244
0.656771
0.657584
0.655958
0.647418
0.648638
0.649044
0.652298
0.648231
0.650671
0.645384
0.647011
0.651078
0.656364
0.649044
0.657178
0.652704
0.657584
0.651484
0.655144
0.655551
0.655551
0.657584
0.652298
0.657584
0.658804
0.663684
0.655551
0.662058
0.660838
0.659211
0.647011
0.646198
0.653111
0.655144
0.659211
0.653924
0.660024
0.651078
0.664091
0.652704
0.651484
0.654331
0.655144
0.658804
0.651484
0.649858
0.654738
0.647418
0.655144
0.649044
0.649858
0.651891
0.658804
0.655958
0.649044
0.651484
0.654738
0.655144
0.655551
0.653111
0.650671
0.655144
0.655551
0.650671
0.655144
0.662871
0.653111
0.653518
0.662871
0.660838
0.664498
0.661651
0.653518
0.652704
0.649044
0.653924
0.652298
0.654331
0.661651
0.651484
0.651891
0.651484
0.654738
0.651078
0.652704
0.651078
0.647011
0.657178
0.655551
0.661244
0.662058
0.654331
0.658398
0.656364
0.642944
0.642944
0.650264
0.656771
0.664091
0.655958
0.662058
0.649044
0.650671
0.655958
0.653924
0.649044
0.650671
0.651078
0.659211
0.650264
0.649858
0.660024
0.665718
0.651891
0.643351
0.651891
0.655958
0.655144
0.653111
0.659618
0.651891
0.664904
0.662871
0.655958
0.661651
0.658804
0.651484
0.655144
0.650671
0.645791
0.656771
0.659618
0.656364
0.664904
0.663278
0.653924
0.659211
0.648638
0.648638
0.653518
0.654738
0.657584
0.657584
0.653518
0.661244
0.664091
0.658804
0.649044
0.653518
0.647418
0.658804
0.661651
0.660024
0.658398
0.666531
0.665718
0.652704
0.652704
0.653924
0.655144
0.650671
0.657178
0.660838
0.661244
0.651891
0.655551
0.655144
0.651891
0.659618
0.660024
0.657584
0.646604
0.657178
0.653111
0.659211
0.659211
0.651078
0.653924
0.650264
0.646604
0.653518
0.654331
0.662464
0.651484
0.659211
0.651891
0.653518
0.647011
0.654738
0.652704
0.657178
0.658398
0.660838
0.662871
0.651078
0.662464
0.662464
0.650671
0.655958
0.657991
0.654738
0.660838
0.659618
0.658804
0.653518
0.661651
0.651484
0.651078
0.644571
0.652704
0.651078
0.644571
0.655144
0.663278
0.651891
0.657991
0.655958
0.659211
0.646604
0.650264
0.655958
0.652704
0.648231
0.650264
0.657178
0.657178
0.654738
0.650264
0.649451
0.660024
0.652704
0.654331
0.649451
0.656364
0.656771
0.657178
0.662871
0.662058
0.661651
0.658804
0.662871
0.662464
0.661244
0.664498
0.656771
0.655551
0.643758
0.651078
0.662464
0.655551
0.652704
0.655958
0.658804
0.662464
0.654738
0.650264
0.648638
0.655958
0.652298
0.657584
0.656771
0.654331
0.648638
0.651891
0.651891
0.652704
0.664091
0.651078
0.660024
0.660431
0.663684
0.653111
0.650671
0.659618
0.660431
0.651484
0.659211
0.662058
0.649858
0.661651
0.651078
0.647011
0.660024
0.657991
0.656364
0.656364
0.656364
0.662058
0.661244
0.649451
0.652298
0.646604
0.657991
0.651484
0.655551
0.660838
0.649451
0.656771
0.657991
0.660431
0.658398
0.644164
0.642131
0.655144
0.655958
0.654738
0.663278
0.653518
0.651484
0.663278
0.660431
0.659211
0.663278
0.661244
0.657991
0.652298
0.655144
0.659211
0.651484
0.656364
0.651078
0.654738
0.651891
0.655144
0.647011
0.657178
0.663278
0.659618
0.656771
0.656771
0.667751
0.654738
0.653111
0.657584
0.650671
0.656364
0.659211
0.653924
0.659211
0.643351
0.657584
0.658804
0.657584
0.655958
0.651484
0.649451
0.654331
0.657991
0.655551
0.660024
0.658398
0.653924
0.647418
0.657178
0.654738
0.661244
0.661244
0.661244
0.644571
0.660024
0.651078
0.647011
0.655958
0.652298
0.660024
0.655144
0.650264
0.654331
0.653924
0.660431
0.655144
0.650671
0.655958
0.655551
0.649044
0.662058
0.657584
0.660838
0.659618
0.652704
0.660431
0.656771
0.656771
0.648638
0.645791
0.649044
0.655551
0.658804
0.655958
0.652704
0.660838
0.651891
0.649858
0.657584
0.651891
0.656364
0.658804
0.663684
0.655551
0.652704
0.653518
0.648638
0.662871
0.655144
0.656771
0.657991
0.655551
0.662058
0.655551
0.647418
0.663278
0.650264
0.648638
0.651078
0.658804
0.657178
0.663684
0.657178
0.656364
0.659211
0.654331
0.655958
0.655551
0.648231
0.651078
0.653924
0.662464
0.654331
0.655958
0.659211
0.658804
0.656364
0.648231
0.645384
0.649044
0.656771
0.655958
0.661651
0.651078
0.656771
0.650671
0.663684
0.647824
0.653924
0.654331
0.657991
0.657584
0.664091
0.652704
0.657584
0.651891
0.655144
0.651484
0.650264
0.643351
0.650264
0.654331
0.656364
0.657991
0.646198
0.653518
0.653111
0.653924
0.649858
0.647824
0.654331
0.657584
0.656364
0.651078
0.648231
0.653111
0.655551
0.652704
0.651484
0.658804
0.652704
0.660838
0.659211
0.653111
0.656364
0.654738
0.656364
0.662871
0.656771
0.656771
0.656364
0.651078
0.654738
0.659211
0.656364
0.647824
0.655958
0.651078
0.653111
0.653518
0.647824
0.656771
0.657584
0.664904
0.657178
0.657991
0.655551
0.654738
0.664091
0.668158
0.647418
0.651891
0.651891
0.657991
0.652298
0.657178
0.646604
0.658804
0.649044
0.662058
0.658804
0.650264
0.643758
0.654738
0.659211
0.648638
0.662464
0.654738
0.651078
0.660838
0.656771
0.658398
0.658804
0.655551
0.651484
0.664091
0.653924
0.660431
0.648638
0.652298
0.658398
0.644164
0.659211
0.649451
0.651484
0.650264
0.657584
0.649044
0.661244
0.651078
0.657178
0.655144
0.651891
0.653111
0.653111
0.656771
0.653518
0.652298
0.655958
0.655551
0.654331
0.659211
0.644571
0.643758
0.641318
0.652704
0.651484
0.652298
0.660838
0.659211
0.666124
0.657991
0.652704
0.655144
0.654738
0.656364
0.650671
0.655958
0.648638
0.652704
0.662871
0.650671
0.652298
0.649044
0.651484
0.656771
0.651484
0.654331
0.644164
0.649858
0.651078
0.650264
0.646198
0.646604
0.664091
0.650671
0.657178
0.653111
0.654738
0.655144
0.662058
0.653111
0.656771
0.657584
0.652298
0.658804
0.655144
0.669784
0.645384
0.654738
0.652298
0.664498
0.654738
0.653111
0.655958
0.665311
0.659211
0.653111
0.650671
0.646198
0.650671
0.651078
0.651891
0.645791
0.652298
0.656771
0.651484
0.652298
0.660838
0.656771
0.660024
0.659618
0.663684
0.648638
0.649858
0.652298
0.666531
0.661651
0.656364
0.657584
0.657584
0.653111
0.653924
0.657584
0.662058
0.665718
0.653924
0.660838
0.668971
0.656364
0.649858
0.654738
0.649044
0.654331
0.658804
0.657991
0.652298
0.663278
0.651484
0.647824
0.655144
0.651891
0.653111
0.656771
0.657991
0.656771
0.657584
0.655551
0.662058
0.659618
0.655144
0.657178
0.648231
0.655551
0.652298
0.657991
0.659618
0.649044
0.652298
0.654738
0.651891
0.653518
0.653518
0.649451
0.642944
0.652704
0.658398
0.653924
0.664904
0.649451
0.651078
0.646198
0.657991
0.647824
0.655144
0.665718
0.654331
0.657991
0.662058
0.655551
0.653924
0.662464
0.660431
0.656364
0.653518
0.660431
0.650264
0.652704
0.657991
0.657584
0.648638
0.657991
0.653924
0.653111
0.655144
0.660024
0.660431
0.659618
0.662058
0.659211
0.654738
0.659211
0.654331
0.646198
0.650264
0.650264
0.649858
0.659211
0.655144
0.644571
0.653111
0.662464
0.654738
0.657991
0.649451
0.653111
0.657991
0.653518
0.650264
0.652704
0.657584
0.654331
0.660431
0.658398
0.657584
0.652298
0.653924
0.649858
0.650671
0.655551
0.651484
0.657178
0.654738
0.655551
0.651891
0.655958
0.658804
0.655551
0.647418
0.658398
0.662058
0.653518
0.648231
0.649044
0.656364
0.650264
0.657584
0.653518
0.656364
0.657178
0.648638
0.658804
0.649451
0.652704
0.653111
0.654738
0.649858
0.650264
0.652704
0.650264
0.649858
0.652298
0.655551
0.653924
0.651891
0.648638
0.656364
0.663684
0.650264
0.649451
0.653111
0.662871
0.657178
0.659618
0.653518
0.655144
0.653518
0.655958
0.660838
0.654738
0.659618
0.652704
0.656771
0.647011
0.655551
0.660024
0.650671
0.645384
0.650671
0.654331
0.657991
0.652704
0.654331
0.648638
0.646604
0.647824
0.661651
0.655958
0.663684
0.658804
0.653518
0.654331
0.656364
0.657584
0.654738
0.653924
0.647011
0.662464
0.663278
0.656771
0.660024
0.656771
0.653924
0.665311
0.657178
0.651484
0.656364
0.658398
0.657178
0.653924
0.656364
0.653518
0.651078
0.649451
0.658398
0.649044
0.656771
0.650671
0.654331
0.657584
0.659618
0.659211
0.653924
0.649451
0.658804
0.655144
0.655551
0.659618
0.657584
0.666124
0.651078
0.657178
0.649044
0.644978
0.664091
0.647824
0.656364
0.655551
0.657584
0.659211
0.664091
0.662871
0.651891
0.657584
0.653111
0.651891
0.663278
0.661244
0.654738
0.658804
0.647824
0.653111
0.657584
0.651891
0.656771
0.661244
0.659211
0.656364
0.660838
0.647418
0.653924
0.662464
0.652298
0.647418
0.655958
0.653111
0.654331
0.652298
0.654331
0.662464
0.651891
0.653518
0.658398
0.657991
0.654331
0.655551
0.657991
0.656771
0.654331
0.654331
0.657584
0.656364
0.654738
0.651078
0.658804
0.659211
0.660838
0.657584
0.653111
0.650264
0.656364
0.657178
0.649044
0.652704
0.661651
0.663278
0.659211
0.653924
0.653111
0.664498
0.643758
0.655551
0.661651
0.652704
0.661651
0.663278
0.659618
0.661244
0.657991
0.649044
0.660024
0.655551
0.657991
0.656771
0.652298
0.657991
0.655958
0.661244
0.650264
0.664904
0.662464
0.651484
0.655958
0.656771
0.658398
0.651078
0.649858
0.658398
0.659618
0.658804
0.659618
0.655551
0.652298
0.661244
0.655551
0.653924
0.655958
0.656771
0.661244
0.654738
0.655144
0.649858
0.652704
0.645791
0.648638
0.652298
0.658398
0.655551
0.656364
0.655551
0.652298
0.663278
0.658398
0.653924
0.662464
0.655144
0.663278
0.657991
0.646604
0.659618
0.658398
0.657991
0.653111
0.648638
0.660431
0.653518
0.652704
0.647824
0.662871
0.650671
0.664498
0.656771
0.662464
0.657584
0.649858
0.648231
0.650671
0.654738
0.650264
0.655144
0.652704
0.656364
0.666124
0.655551
0.662871
0.658398
0.653518
0.658804
0.662464
0.660838
0.653924
0.658804
0.654331
0.659211
0.659618
0.642131
0.649044
0.652704
0.657178
0.655144
0.664498
0.654331
0.655144
0.660024
0.662058
0.653924
0.641318
0.655551
0.658804
0.661651
0.657178
0.659211
0.661651
0.656771
0.648638
0.663684
0.655551
0.662464
0.652298
0.650264
0.651891
0.657178
0.663684
0.654331
0.661651
0.653518
0.648638
0.653924
0.653924
0.659618
0.647418
0.657178
0.657991
0.646198
0.653518
0.647011
0.642944
0.647418
0.653924
0.658398
0.656364
0.661244
0.653518
0.646198
0.663684
0.648231
0.658398
0.657584
0.655551
0.656364
0.654331
0.657584
0.657991
0.654331
0.650264
0.659618
0.656364
0.654331
0.661651
0.657584
0.658398
0.658804
0.662871
0.651484
0.658804
0.657991
0.651891
0.643758
0.651078
0.655144
0.652704
0.647824
0.666124
0.658804
0.668158
0.653518
0.659211
0.650671
0.655551
0.653924
0.662871
0.655958
0.658398
0.654738
0.667344
0.663684
0.655144
0.656771
0.660024
0.658804
0.661651
0.657991
0.653924
0.656771
0.651484
0.655144
0.653518
0.655551
0.651484
0.657178
0.657991
0.657178
0.658398
0.660431
0.657584
0.661651
0.657178
0.659618
0.657584
0.660838
0.657991
0.653518
0.655551
0.650264
0.658398
0.651484
0.649044
0.651484
0.653518
0.645791
0.644978
0.661244
0.650671
0.657584
0.658804
0.661244
0.657178
0.650671
0.647418
0.660024
0.657584
0.656364
0.666124
0.653518
0.658398
0.662464
0.651078
0.654331
0.652704
0.653924
0.655551
0.653924
0.652704
0.662058
0.652298
0.656364
0.653924
0.652704
0.645791
0.647824
0.653518
0.651484
0.657178
0.657178
0.643758
0.645791
0.650264
0.649044
0.649044
0.652704
0.651891
0.655958
0.658398
0.649858
0.660431
0.659618
0.651891
0.650264
0.648638
0.663278
0.662058
0.658398
0.662058
0.662871
0.642944
0.647011
0.647418
0.649451
0.648231
0.656364
0.645791
0.651484
0.659618
0.663278
0.655958
0.642538
0.645791
0.659211
0.652298
0.656364
0.657991
0.657178
0.654331
0.655551
0.650671
0.652298
0.647011
0.654331
0.659211
0.659211
0.660024
0.656364
0.660838
0.658398
0.656364
0.655144
0.658398
0.651484
0.657991
0.651891
0.658804
0.661651
0.655958
0.660838
0.662464
0.651891
0.647824
0.648638
0.656364
0.656771
0.654738
0.658804
0.651078
0.662058
0.650264
0.661244
0.649451
0.653924
0.660431
0.664904
0.659618
0.653518
0.661651
0.657584
0.655144
0.653924
0.655958
0.654738
0.657991
0.656771
0.660431
0.653111
0.654738
0.662464
0.649451
0.657178
0.654331
0.651078
0.659211
0.650264
0.653924
0.651891
0.655958
0.649858
0.650671
0.658398
0.656364
0.657584
0.646198
0.655551
0.655958
0.660838
0.659211
0.657584
0.657584
0.645384
0.644978
0.649451
0.660024
0.653111
0.652704
0.650264
0.648638
0.644164
0.653924
0.649451
0.656364
0.664904
0.649451
0.659618
0.647011
0.649044
0.649858
0.662058
0.657584
0.658398
0.652298
0.660431
0.643351
0.655551
0.656364
0.664091
0.657584
0.659618
0.656364
0.650264
0.653518
0.654331
0.655144
0.662058
0.666938
0.655958
0.657991
0.646604
0.654331
0.647011
0.653111
0.657178
0.651484
0.662871
0.659211
0.660024
0.657584
0.658398
0.649044
0.669378
0.649044
0.658398
0.647011
0.653518
0.655551
0.651078
0.658398
0.656771
0.657584
0.659618
0.660024
0.663684
0.653924
0.650671
0.657991
0.662058
0.654738
0.653518
0.657178
0.660838
0.657991
0.658804
0.662058
0.662058
0.665718
0.651891
0.659211
0.654331
0.653111
0.653924
0.656364
0.662871
0.655144
0.654738
0.652704
0.653924
0.670191
0.648231
0.650264
0.651484
0.656771
0.653518
0.655958
0.645791
0.655551
0.644978
0.652704
0.657584
0.664091
0.663684
0.658398
0.663684
0.663278
0.647418
0.655958
0.653518
0.644571
0.660431
0.657178
0.652298
0.657178
0.665311
0.648231
