0.412363
0.420903
0.418463
0.424156
0.456690
0.470110
0.496137
0.516063
0.541684
0.555104
0.575437
0.581944
0.587231
0.588044
0.588044
0.588857
0.588451
0.581131
0.577064
0.570557
0.564457
0.568117
0.566897
0.566897
0.560390
0.555917
0.563644
0.564050
0.564864
0.566897
0.568930
0.568930
0.568524
0.568117
0.570964
0.570150
0.575031
0.570964
0.572590
0.573404
0.574624
0.574624
0.575844
0.575844
0.577471
0.577471
0.580724
0.577064
0.577064
0.578691
0.579504
0.579504
0.580724
0.582351
0.586417
0.586824
0.587231
0.586824
0.584384
0.591704
0.594957
0.595364
0.599431
0.601057
0.601464
0.602277
0.601057
0.599837
0.602277
0.602684
0.602277
0.611224
0.608377
0.609191
0.610817
0.611631
0.608784
0.607971
0.604717
0.606751
0.601871
0.610411
0.605124
0.609191
0.615291
0.612037
0.612851
0.613664
0.613664
0.615291
0.612037
0.614884
0.618544
0.620577
0.621797
0.624237
0.619357
0.618544
0.618544
0.620984
0.624237
0.624237
0.622204
0.617731
0.618137
0.618137
0.616917
0.619764
0.617731
0.616104
0.614884
0.615697
0.620171
0.624237
0.620984
0.620984
0.623424
0.623017
0.621797
0.622204
0.620171
0.620577
0.622204
0.624237
0.625864
0.625864
0.623017
0.626271
0.624237
0.625864
0.620984
0.617324
0.618137
0.623424
0.625458
0.627491
0.628711
0.628711
0.626678
0.629118
0.627491
0.625051
0.626271
0.629118
0.627084
0.629931
0.627491
0.627491
0.627084
0.627898
0.627084
0.629118
0.631151
0.630744
0.627898
0.629118
0.627491
0.629931
0.629118
0.629931
0.628711
0.629931
0.628711
0.628711
0.629118
0.626271
0.625864
0.625864
0.626271
0.628304
0.629118
0.627898
0.627898
0.628711
0.628304
0.627898
0.630744
0.634404
0.633998
0.634404
0.638064
0.636438
0.638878
0.636031
0.635218
0.626678
0.626678
0.630744
0.629118
0.625864
0.627898
0.628711
0.632778
0.632778
0.632371
0.633184
0.632778
0.634404
0.633591
0.627491
0.629524
0.631151
0.631151
0.629524
0.632371
0.629931
0.630338
0.631151
0.630338
0.631558
0.631964
0.631964
0.633998
0.634811
0.638878
0.639691
0.637658
0.639284
0.635218
0.637251
0.636844
0.637251
0.640098
0.636844
0.638471
0.638471
0.635624
0.635624
0.638064
0.642131
0.639284
0.640098
0.641318
0.638064
0.638471
0.637251
0.637658
0.636844
0.636844
0.638878
0.640504
0.640098
0.637251
0.639284
0.636844
0.638878
0.637658
0.638878
0.640098
0.641724
0.644571
0.641724
0.639691
0.639284
0.640098
0.641318
0.641724
0.643758
0.643351
0.639691
0.632371
0.632778
0.628711
0.630744
0.633184
0.632778
0.630338
0.630744
0.630338
0.626678
0.627898
0.629118
0.631964
0.631151
0.634404
0.634404
0.635218
0.633591
0.634811
0.640911
0.633184
0.633184
0.636844
0.636844
0.636438
0.635218
0.635624
0.646604
0.642538
0.640504
0.636031
0.635218
0.636031
0.632371
0.631558
0.633591
0.633184
0.636031
0.635218
0.637251
0.636844
0.637658
0.640504
0.637251
0.636844
0.638878
0.636438
0.638064
0.632371
0.629118
0.630338
0.632371
0.632778
0.636031
0.636844
0.639284
0.644164
0.642944
0.639691
0.638471
0.640098
0.638878
0.640504
0.638471
0.644571
0.640098
0.640911
0.639284
0.640504
0.641724
0.640911
0.642131
0.641724
0.643758
0.645791
0.646198
0.647418
0.639691
0.636031
0.635624
0.645384
0.646604
0.644978
0.642944
0.639284
0.638878
0.638471
0.637251
0.635624
0.636438
0.635624
0.637658
0.638064
0.638878
0.638878
0.640504
0.639691
0.641724
0.640911
0.640504
0.641724
0.645791
0.644164
0.638064
0.642538
0.642131
0.644978
0.647418
0.644164
0.643351
0.641318
0.640098
0.641318
0.642944
0.640911
0.638471
0.640911
0.635624
0.637658
0.640911
0.639691
0.647011
0.647824
0.647011
0.644164
0.646198
0.646198
0.644164
0.640504
0.639284
0.638878
0.642131
0.641318
0.642131
0.640098
0.641318
0.634811
0.634811
0.638878
0.639284
0.637251
0.639691
0.639284
0.632778
0.625458
0.626678
0.629524
0.627084
0.626678
0.624644
0.627084
0.634811
0.639284
0.632371
0.628304
0.636438
0.639284
0.639284
0.635624
0.631558
0.632778
0.634404
0.638064
0.642538
0.638064
0.635624
0.626678
0.628304
0.640504
0.642538
0.640911
0.640504
0.641318
0.636438
0.636438
0.637658
0.638878
0.639691
0.636844
0.636844
0.639284
0.640098
0.639691
0.639284
0.636438
0.634811
0.633184
0.632778
0.634404
0.639284
0.637251
0.637658
0.636438
0.640098
0.641724
0.644978
0.640911
0.638064
0.636438
0.639691
0.641724
0.644571
0.645791
0.644571
0.646198
0.641724
0.642944
0.642944
0.643758
0.643351
0.644571
0.645384
0.644571
0.641318
0.640504
0.641724
0.642538
0.640098
0.642944
0.641318
0.638471
0.636844
0.638878
0.642538
0.641318
0.637251
0.635218
0.636844
0.645384
0.646198
0.648231
0.647418
0.646198
0.645384
0.645384
0.645791
0.642131
0.640911
0.643351
0.642944
0.638471
0.632371
0.631558
0.633998
0.635624
0.635218
0.636844
0.643351
0.642944
0.644164
0.645791
0.644571
0.644164
0.644571
0.641724
0.641318
0.643351
0.645791
0.648638
0.645791
0.648231
0.645384
0.642944
0.642538
0.643351
0.639284
0.642538
0.645384
0.642944
0.640911
0.641724
0.642944
0.641724
0.642538
0.640098
0.641724
0.646198
0.645791
0.647418
0.647418
0.642944
0.643758
0.641318
0.639284
0.644164
0.645384
0.643758
0.642538
0.646604
0.640911
0.638471
0.636844
0.636031
0.634404
0.638471
0.644978
0.646604
0.645384
0.643351
0.648231
0.645384
0.644164
0.646604
0.642944
0.645791
0.648638
0.651891
0.649858
0.644571
0.647418
0.644164
0.639691
0.638471
0.638471
0.640098
0.644978
0.642131
0.645384
0.647418
0.645791
0.647011
0.642538
0.641318
0.642944
0.644571
0.645791
0.647418
0.647011
0.647011
0.647011
0.647418
0.646604
0.647418
0.647011
0.643351
0.644978
0.648231
0.644571
0.642944
0.642944
0.642538
0.645384
0.647824
0.647011
0.646604
0.647824
0.647824
0.644164
0.642131
0.641318
0.641724
0.643758
0.640911
0.643758
0.647011
0.644571
0.645791
0.639284
0.639284
0.641724
0.638471
0.639691
0.641318
0.640098
0.644571
0.644164
0.648231
0.645384
0.645791
0.645384
0.643758
0.646198
0.649044
0.647011
0.646604
0.643758
0.642131
0.641724
0.638471
0.634811
0.637251
0.639284
0.638471
0.641318
0.644978
0.645791
0.644164
0.644978
0.643758
0.646604
0.648231
0.647824
0.649044
0.649044
0.646198
0.644164
0.644164
0.644571
0.645791
0.644978
0.645384
0.645791
0.646604
0.650264
0.643758
0.644571
0.642131
0.643758
0.642538
0.641318
0.644978
0.644571
0.649451
0.645384
0.649858
0.645791
0.649044
0.644978
0.642944
0.642131
0.644571
0.647011
0.645791
0.643351
0.642538
0.647418
0.647011
0.647418
0.648231
0.649451
0.649858
0.648638
0.650671
0.646198
0.646604
0.649044
0.645384
0.643351
0.648638
0.647011
0.647011
0.646198
0.644571
0.638471
0.640098
0.640911
0.640098
0.638471
0.638471
0.642131
0.646604
0.651891
0.654331
0.649451
0.649044
0.650671
0.649044
0.644164
0.645384
0.647011
0.649858
0.644164
0.642538
0.644164
0.645791
0.646604
0.646198
0.643758
0.643351
0.643351
0.645384
0.645384
0.645791
0.647418
0.644571
0.645384
0.646604
0.648638
0.649858
0.649451
0.647418
0.652704
0.649044
0.647011
0.651484
0.649858
0.647418
0.644164
0.639691
0.640911
0.642538
0.638471
0.635624
0.636438
0.635624
0.637658
0.642131
0.643758
0.649858
0.649451
0.647011
0.649858
0.648231
0.651484
0.642131
0.648638
0.644978
0.645791
0.645791
0.641318
0.635218
0.633184
0.636438
0.638878
0.635624
0.636844
0.640911
0.638471
0.646604
0.648231
0.649451
0.648638
0.646604
0.653518
0.650264
0.651078
0.653111
0.653518
0.648231
0.648638
0.651484
0.653111
0.654331
0.649044
0.649858
0.651891
0.653924
0.651891
0.655144
0.652298
0.650264
0.647418
0.650264
0.648231
0.649858
0.646604
0.649044
0.647418
0.649451
0.650264
0.651078
0.649858
0.644978
0.647418
0.647418
0.649858
0.653518
0.654331
0.654331
0.657584
0.651891
0.650264
0.646604
0.649858
0.649044
0.651891
0.653111
0.650671
0.650264
0.651484
0.650264
0.651078
0.650671
0.649044
0.651078
0.648231
0.647418
0.647824
0.647011
0.649451
0.646604
0.647011
0.650264
0.650671
0.651484
0.650264
0.650671
0.647824
0.650671
0.651078
0.650671
0.645791
0.646604
0.649451
0.654738
0.655144
0.656364
0.655551
0.656364
0.651078
0.653924
0.652704
0.650264
0.647824
0.647824
0.649858
0.649451
0.651484
0.651078
0.648638
0.651484
0.651891
0.653924
0.651891
0.654331
0.655551
0.653924
0.654738
0.653924
0.655144
0.650671
0.651484
0.651078
0.653518
0.653518
0.653924
0.649451
0.649858
0.649451
0.644571
0.651484
0.648638
0.653518
0.653518
0.656364
0.655551
0.657991
0.653111
0.652704
0.653111
0.655958
0.655958
0.653518
0.652298
0.654331
0.656364
0.653111
0.650671
0.647824
0.648638
0.651484
0.650264
0.648231
0.651891
0.651078
0.655551
0.655551
0.651891
0.650671
0.652298
0.650671
0.654331
0.657991
0.657991
0.656771
0.657584
0.656364
0.655144
0.653111
0.652704
0.654331
0.656771
0.652298
0.653111
0.651891
0.651891
0.650671
0.651484
0.653518
0.655551
0.657991
0.659618
0.659618
0.655551
0.655551
0.652298
0.652704
0.655551
0.649858
0.648231
0.656364
0.653111
0.658398
0.654331
0.657178
0.654331
0.652298
0.651891
0.653111
0.652704
0.652298
0.652298
0.654738
0.653111
0.653924
0.653518
0.652298
0.652704
0.650671
0.653518
0.658398
0.661651
0.656364
0.652704
0.655144
0.651484
0.652704
0.653924
0.653518
0.654738
0.651484
0.651078
0.653924
0.655144
0.657178
0.653924
0.649858
0.656364
0.654331
0.655958
0.654331
0.655144
0.653111
0.654331
0.652298
0.650671
0.651484
0.657584
0.655144
0.660024
0.657991
0.656364
0.655551
0.657178
0.654738
0.653518
0.655144
0.655958
0.659211
0.658398
0.656771
0.654738
0.657178
0.653111
0.651078
0.651484
0.657178
0.657584
0.657991
0.651078
0.657991
0.655551
0.656364
0.657991
0.655144
0.655551
0.655551
0.660431
0.663684
0.662058
0.658804
0.655144
0.654738
0.652704
0.649044
0.650264
0.652704
0.653924
0.655551
0.655958
0.655551
0.657991
0.658804
0.658398
0.660431
0.660431
0.659618
0.657584
0.659618
0.655958
0.655958
0.657178
0.657178
0.660024
0.659211
0.655551
0.660838
0.662058
0.657991
0.658398
0.658398
0.657584
0.654331
0.651484
0.653111
0.656771
0.655958
0.652298
0.654738
0.652298
0.652298
0.654738
0.653518
0.654331
0.654331
0.658804
0.663278
0.661244
0.658398
0.660024
0.657178
0.655144
0.653924
0.652704
0.655958
0.654331
0.654331
0.655958
0.654738
0.654738
0.655551
0.653111
0.653518
0.653518
0.656771
0.663278
0.659211
0.659618
0.654331
0.659618
0.652298
0.654331
0.653518
0.648638
0.653111
0.653111
0.653924
0.651078
0.653111
0.653924
0.651891
0.653924
0.653924
0.660024
0.657584
0.659211
0.659618
0.657178
0.655551
0.653518
0.650264
0.650671
0.651484
0.654738
0.653111
0.655958
0.653111
0.654331
0.657584
0.661651
0.655144
0.653924
0.655551
0.657584
0.657991
0.660838
0.662058
0.661244
0.653924
0.654331
0.651078
0.649858
0.648231
0.651078
0.655551
0.656771
0.659618
0.660838
0.658398
0.660024
0.655958
0.660024
0.659618
0.657584
0.658804
0.655958
0.657991
0.658398
0.657178
0.656364
0.653111
0.657178
0.658804
0.656771
0.664498
0.662058
0.661244
0.654331
0.653924
0.652704
0.649451
0.653518
0.655144
0.654331
0.667344
0.657991
0.654738
0.647824
0.652704
0.655551
0.654331
0.652298
0.653518
0.655551
0.657991
0.661651
0.662058
0.660024
0.661244
0.660431
0.657584
0.653924
0.657991
0.660431
0.660431
0.662464
0.659618
0.657991
0.660024
0.656364
0.658398
0.659211
0.659211
0.660431
0.657991
0.655144
0.651891
0.656364
0.660431
0.658398
0.659211
0.660024
0.663278
0.665718
0.663684
0.660838
0.657991
0.655958
0.655144
0.650671
0.652298
0.655551
0.666124
0.663684
0.663684
0.662058
0.656771
0.660024
0.659618
0.655551
0.654738
0.655958
0.659211
0.663278
0.660431
0.661651
0.660838
0.661244
0.663684
0.662464
0.658804
0.660024
0.661651
0.664498
0.665718
0.665311
0.661244
0.660024
0.659211
0.660431
0.664904
0.665311
0.666531
0.666531
0.665311
0.660431
0.661244
0.657991
0.658804
0.655551
0.660024
0.657178
0.658398
0.658804
0.655958
0.655144
0.656364
0.657991
0.660024
0.659211
0.662464
0.661244
0.663278
0.662464
0.659618
0.655958
0.653111
0.653518
0.664091
0.669378
0.671004
0.669378
0.670598
0.663278
0.655551
0.657178
0.655551
0.657178
0.658804
0.662871
0.660431
0.659618
0.658398
0.657991
0.651484
0.648638
0.651078
0.651891
0.662058
0.664904
0.666938
0.659618
0.661651
0.659618
0.653518
0.656364
0.654331
0.654331
0.653924
0.660431
0.664498
0.663278
0.662058
0.664091
0.664904
0.659211
0.659211
0.658398
0.657991
0.662058
0.666938
0.662871
0.660431
0.665718
0.662464
0.657178
0.656771
0.656771
0.661244
0.662871
0.665311
0.664904
0.664498
0.662871
0.658804
0.658398
0.660838
0.661651
0.664498
0.662058
0.665311
0.662464
0.660838
0.659618
0.662464
0.662058
0.658398
0.661651
0.663684
0.662464
0.660024
0.658398
0.659211
0.652298
0.657584
0.662464
0.662464
0.664498
0.664091
0.663684
0.658398
0.660838
0.661651
0.661244
0.662871
0.662871
0.659211
0.668158
0.668971
0.660024
0.660024
0.659618
0.655551
0.658804
0.658398
0.657178
0.657991
0.657584
0.657584
0.660431
0.662871
0.660431
0.660431
0.663684
0.664498
0.663278
0.659211
0.659211
0.662058
0.660838
0.663684
0.656771
0.657584
0.659211
0.662058
0.667751
0.666938
0.665311
0.659618
0.657178
0.656364
0.653111
0.656771
0.661244
0.660024
0.659618
0.666124
0.664091
0.661244
0.659618
0.654738
0.656771
0.652704
0.652298
0.654738
0.660838
0.661244
0.662058
0.662058
0.663278
0.663278
0.662464
0.665718
0.664904
0.665718
0.664091
0.666938
0.666124
0.663278
0.659618
0.657178
0.659618
0.664091
0.665311
0.665311
0.664091
0.666124
0.663684
0.664904
0.662871
0.658398
0.660024
0.656771
0.662871
0.664091
0.659211
0.661651
0.661651
0.667344
0.666938
0.660838
0.662464
0.663684
0.668158
0.665718
0.664091
0.662464
0.659618
0.664091
0.665311
0.662871
0.662464
0.661651
0.662871
0.658804
0.661651
0.659618
0.661244
0.661651
0.665311
0.667344
0.659211
0.656364
0.660024
0.660838
0.653924
0.657584
0.658398
0.656771
0.656771
0.660024
0.662871
0.666938
0.660838
0.654738
0.658804
0.658804
0.661651
0.662871
0.662058
0.663684
0.670191
0.668158
0.664498
0.662871
0.662871
0.660024
0.661244
0.658804
0.660431
0.662464
0.668971
0.668564
0.655958
0.654738
0.654331
0.656364
0.655144
0.653111
0.656771
0.663278
0.668158
0.671411
0.666531
0.664091
0.661244
0.659618
0.663278
0.662058
0.663278
0.663278
0.662464
0.659211
0.664091
0.663684
0.664904
0.664091
0.666938
0.667344
0.667751
0.666938
0.662058
0.661244
0.656771
0.659618
0.658398
0.658398
0.661651
0.660838
0.657584
0.657584
0.655551
0.654331
0.657584
0.658804
0.663278
0.662871
0.660024
0.657991
0.656771
0.660431
0.660024
0.660838
0.659211
0.661651
0.665311
0.666938
0.668564
0.662871
0.657178
0.664904
0.667344
0.664498
0.662464
0.661651
0.662871
0.662058
0.662058
0.664498
0.664091
0.663278
0.666531
0.664091
0.666124
0.663278
0.664498
0.662464
0.662871
0.664498
0.660838
0.655958
0.656771
0.658804
0.664904
0.664904
0.672224
0.668971
0.667751
0.668971
0.665718
0.663278
0.662058
0.655958
0.655144
0.657178
0.662464
0.664498
0.665311
0.664904
0.666531
0.662058
0.657991
0.659211
0.658398
0.661244
0.663684
0.667751
0.666531
0.666531
0.671004
0.664498
0.660838
0.660431
0.660838
0.663684
0.663684
0.664498
0.665718
0.662871
0.655958
0.660024
0.661651
0.663278
0.666124
0.664498
0.666124
0.664904
0.667344
0.666531
0.660024
0.659211
0.657584
0.657584
0.658398
0.663278
0.666124
0.668971
0.666938
0.666531
0.663278
0.661651
0.660024
0.660024
0.663278
0.662058
0.664091
0.661651
0.660838
0.660838
0.659618
0.658398
0.660024
0.661244
0.663684
0.666124
0.664091
0.668158
0.666938
0.665718
0.665311
0.666938
0.662871
0.664498
0.663278
0.663278
0.661244
0.660838
0.656771
0.662058
0.662871
0.660431
0.661244
0.662464
0.662871
0.662058
0.662058
0.660431
0.655144
0.657584
0.658804
0.661651
0.664904
0.662871
0.664498
0.663278
0.661244
0.656771
0.660431
0.660024
0.657991
0.662464
0.668564
0.671411
0.666531
0.668971
0.666938
0.664498
0.664091
0.663278
0.662058
0.660024
0.662871
0.666124
0.667344
0.665718
0.663684
0.664091
0.657991
0.659211
0.655551
0.654738
0.663278
0.666938
0.665718
0.663278
0.658804
0.655551
0.659211
0.662058
0.664904
0.667344
0.669378
0.668971
0.667751
0.666124
0.659211
0.657584
0.657584
0.657584
0.660838
0.662871
0.659618
0.662464
0.662464
0.663684
0.655144
0.654331
0.659211
0.661244
0.665311
0.668971
0.670598
0.669378
0.663278
0.666938
0.666124
0.663684
0.657178
0.656364
0.656771
0.658804
0.660431
0.661244
0.663684
0.663278
0.662871
0.662464
0.662871
0.665718
0.668971
0.668971
0.666531
0.663278
0.660431
0.660024
0.660431
0.668971
0.664904
0.664498
0.665718
0.666938
0.666531
0.661651
0.656771
0.651891
0.654331
0.654738
0.657991
0.658804
0.663278
0.663278
0.664498
0.664904
0.664498
0.661651
0.662464
0.662464
0.664904
0.666938
0.663684
0.664498
0.662464
0.660431
0.662871
0.662058
0.659618
0.657991
0.657991
0.657584
0.662464
0.663278
0.662058
0.662871
0.663278
0.669378
0.669378
0.664091
0.665718
0.669378
0.666531
0.663684
0.657584
0.658398
0.662871
0.665311
0.663278
0.664904
0.665718
0.664498
0.670598
0.661244
0.657584
0.656364
0.657584
0.660431
0.660024
0.663684
0.664498
0.667344
0.667344
0.668564
0.664498
0.664498
0.661651
0.659211
0.659618
0.657178
0.659618
0.657991
0.659211
0.658804
0.660024
0.660431
0.655551
0.655958
0.662058
0.660024
0.657178
0.663684
0.655551
0.659618
0.660838
0.661651
0.664091
0.663684
0.664498
0.664091
0.663278
0.665718
0.664091
0.659211
0.660024
0.662058
0.660838
0.663684
0.660838
0.662058
0.657178
0.661651
0.662871
0.658804
0.660838
0.662464
0.663278
0.666124
0.664904
0.665311
0.663684
0.659618
0.656771
0.657584
0.656364
0.657584
0.660431
0.662058
0.667751
0.667751
0.664498
0.658398
0.656771
0.657178
0.666531
0.668158
0.665311
0.661244
0.663278
0.659211
0.658398
0.656771
0.657178
0.656771
0.659618
0.664091
0.665718
0.664498
0.666938
0.664091
0.663278
0.658398
0.657178
0.656364
0.657584
0.661651
0.661244
0.660024
0.654331
0.656771
0.658804
0.654331
0.655958
0.655958
0.658398
0.658804
0.661244
0.662464
0.664091
0.661244
0.663684
0.662058
0.662464
0.664091
0.666531
0.663278
0.666938
0.667344
0.662464
0.663278
0.663684
0.657991
0.659618
0.661244
0.660024
0.663684
0.665311
0.663278
0.664904
0.660838
0.659618
0.663278
0.660024
0.660431
0.659211
0.658804
0.661651
0.657991
0.656771
0.660431
0.660024
0.660024
0.660838
0.663278
0.666938
0.669784
0.665718
0.661651
0.661651
0.660431
0.662058
0.664904
0.662464
0.664904
0.668564
0.666124
0.664904
0.666938
0.660838
0.663278
0.661244
0.663278
0.665718
0.663684
0.662058
0.657178
0.656771
0.657991
0.660024
0.656771
0.654331
0.660024
0.663278
0.657991
0.656771
0.655958
0.657178
0.649858
0.653111
0.647011
0.655958
0.664091
0.667344
0.667751
0.668971
0.666531
0.665718
0.659618
0.659211
0.655551
0.656364
0.659618
0.660838
0.662464
0.661651
0.663278
0.661244
0.659618
0.660431
0.663278
0.663684
0.661244
0.661651
0.661244
0.662464
0.661244
0.659211
0.660431
0.662058
0.664904
0.668564
0.668158
0.665311
0.660431
0.664091
0.661651
0.662058
0.659618
0.656771
0.656364
0.659618
0.662464
0.662871
0.660838
0.658804
0.657584
0.658804
0.656771
0.663684
0.663684
0.662871
0.656364
0.659211
0.662058
0.658804
0.657584
0.655144
0.656364
0.658398
0.664904
0.665718
0.662058
0.664904
0.661244
0.660431
0.657584
0.652704
0.655144
0.657584
0.661651
0.660431
0.658804
0.661651
0.664904
0.662058
0.664498
0.664904
0.667751
0.667751
0.664498
0.662464
0.663684
0.660838
0.659618
0.660024
0.661651
0.664498
0.663684
0.664904
0.662058
0.662464
0.663278
0.662871
0.660024
0.659211
0.660024
0.661651
0.662058
0.666124
0.667344
0.665718
0.662058
0.665718
0.661244
0.660431
0.660838
0.662871
0.667344
0.667751
0.667344
0.664904
0.662058
0.660838
0.657178
0.657178
0.659618
0.661244
0.665718
0.665718
0.667344
0.666531
0.665718
0.665311
0.665718
0.669784
0.668971
0.666938
0.667344
0.662058
0.662464
0.661244
0.660431
0.658398
0.657991
0.658398
0.655958
0.658398
0.660838
0.664498
0.661651
0.664904
0.661651
0.660838
0.658804
0.662058
0.661651
0.667751
0.667344
0.669378
0.666938
0.659618
0.657178
0.656364
0.658804
0.661651
0.660838
0.661244
0.660838
0.659211
0.660431
0.660431
0.660431
0.663684
0.664904
0.665718
0.664498
0.663278
0.665718
0.665718
0.661244
0.662058
0.658804
0.662871
0.661244
0.664091
0.669378
0.664904
0.664498
0.664904
0.661651
0.662058
0.661651
0.659211
0.659211
0.659618
0.662871
0.662464
0.663684
0.660431
0.662058
0.665718
0.661651
0.662871
0.666938
0.667344
0.669784
0.667344
0.664904
0.661244
0.660024
0.659618
0.659618
0.661244
0.666938
0.666124
0.665718
0.664904
0.661244
0.655144
0.660024
0.657991
0.660024
0.660431
0.664091
0.658804
0.663278
0.667344
0.665718
0.662871
0.659618
0.661244
0.660838
0.657178
0.657991
0.657584
0.653924
0.654331
0.655144
0.652298
0.655144
0.655958
0.660431
0.660431
0.661244
0.662058
0.660838
0.660431
0.659618
0.662464
0.662058
0.663684
0.661244
0.663684
0.667751
0.670598
0.670191
0.664091
0.660024
0.665311
0.661244
0.660024
0.660024
0.665718
0.660431
0.660024
0.658398
0.655551
0.654331
0.659211
0.661244
0.667751
0.668971
0.667344
0.666531
0.665311
0.662871
0.655551
0.659211
0.661244
0.659618
0.662058
0.663684
0.661651
0.667751
0.664498
0.658398
0.656771
0.657584
0.660024
0.660838
0.658804
0.658804
0.663684
0.662058
0.660838
0.660838
0.660024
0.660838
0.665311
0.661651
0.662058
0.666531
0.666124
0.664498
0.664498
0.657991
0.658398
0.660838
0.658804
0.661651
0.659618
0.662871
0.661244
0.660431
0.659618
0.658804
0.659618
0.662464
0.661651
0.666124
0.662871
0.662871
0.662871
0.660024
0.663278
0.661651
0.661651
0.661244
0.662464
0.664498
0.665311
0.662871
0.660838
0.657991
0.657178
0.657584
0.655958
0.659618
0.664904
0.663684
0.666124
0.665718
0.661651
0.659618
0.658804
0.659618
0.664904
0.666124
0.668158
0.668564
0.667751
0.670191
0.659211
0.662464
0.664904
0.662871
0.662464
0.666938
0.662871
0.662871
0.664498
0.664498
0.659618
0.664091
0.660431
0.664091
0.662058
0.662464
0.660838
0.662058
0.662871
0.665718
0.664904
0.659618
0.661244
0.666124
0.664498
0.662871
0.664904
0.660431
0.657991
0.658804
0.655144
0.656771
0.661651
0.659618
0.661244
0.662058
0.661651
0.664904
0.660431
0.659618
0.661244
0.662058
0.660431
0.667344
0.668158
0.670191
0.674258
0.669784
0.663278
0.663278
0.664498
0.661244
0.661244
0.661651
0.660431
0.657584
0.656364
0.657178
0.655144
0.657584
0.657584
0.653924
0.654738
0.657178
0.659618
0.657584
0.660024
0.660024
0.660024
0.661651
0.660838
0.660431
0.658804
0.664498
0.664904
0.664091
0.663684
0.665718
0.662464
0.662871
0.661244
0.660024
0.661651
0.664091
0.662871
0.664091
0.660024
0.662058
0.659618
0.657584
0.657991
0.662871
0.665718
0.667751
0.664904
0.664091
0.661244
0.656364
0.659211
0.657991
0.659211
0.662464
0.662058
0.662464
0.661651
0.664904
0.658804
0.656771
0.654738
0.659211
0.660024
0.664498
0.664091
0.665311
0.660431
0.659618
0.661244
0.663684
0.661651
0.665311
0.662871
0.664091
0.658804
0.658398
0.655958
0.655958
0.656364
0.654738
0.658398
0.657991
0.661244
0.661244
0.665718
0.664904
0.660431
0.657584
0.657584
0.664091
0.664498
0.669784
0.671818
0.672224
0.666938
0.665311
0.657178
0.657584
0.657178
0.654331
0.656364
0.660024
0.660838
0.661244
0.661651
0.662464
0.658398
0.657584
0.657178
0.660838
0.661651
0.660024
0.665311
0.662871
0.663278
0.659211
0.662464
0.660838
0.661651
0.662871
0.663684
0.662871
0.664904
0.663278
0.660431
0.656771
0.655958
0.657991
0.661651
0.668971
0.668158
0.666531
0.669784
0.668564
0.663684
0.660838
0.662058
0.659211
0.659618
0.661651
0.664904
0.666124
0.663684
0.662871
0.665311
0.661651
0.662058
0.663684
0.664904
0.668158
0.664904
0.663278
0.664904
0.660431
0.658804
0.657584
0.655958
0.662058
0.665311
0.666938
0.664091
0.664091
0.666531
0.658804
0.658398
0.659211
0.658804
0.658804
0.664091
0.666124
0.664498
0.661244
0.662058
0.662058
0.663684
0.664904
0.659618
0.657991
0.662871
0.664498
0.664498
0.661651
0.660024
0.654738
0.654738
0.657584
0.660431
0.661244
0.661651
0.665718
0.664091
0.662464
0.662058
0.657584
0.657584
0.661244
0.660431
0.661244
0.661244
0.662464
0.664091
0.659211
0.656364
0.655551
0.657991
0.661244
0.662464
0.670191
0.664904
0.662871
0.658804
0.663684
0.659618
0.659618
0.657584
0.659618
0.659211
0.664904
0.665311
0.667751
0.664498
0.661651
0.657584
0.657991
0.661244
0.658398
0.656364
0.661651
0.662464
0.661244
0.661651
0.662464
0.664091
0.661651
0.666531
0.664091
0.660838
0.662464
0.662464
0.661651
0.661651
0.656771
0.659211
0.660024
0.664498
0.670191
0.665718
0.659618
0.659211
0.660838
0.656364
0.655144
0.655958
0.656771
0.660431
0.662871
0.664091
0.666124
0.666124
0.662464
0.661651
0.661244
0.660431
0.660024
0.660431
0.664498
0.660838
0.655144
0.659211
0.657991
0.660838
0.661244
0.661244
0.666124
0.665718
0.665311
0.663278
0.660024
0.655958
0.653111
0.653111
0.657584
0.662871
0.664091
0.661244
0.662871
0.662464
0.663278
0.660431
0.656364
0.655144
0.657584
0.655958
0.659211
0.659211
0.661244
0.657991
0.662464
0.660431
0.658804
0.659618
0.662871
0.662058
0.664904
0.663684
0.658398
0.659211
0.657584
0.659211
0.662464
0.664498
0.660024
0.661244
0.660431
0.661651
0.658398
0.657584
0.656364
0.658804
0.658804
0.659211
0.661651
0.665718
0.664498
0.661244
0.665311
0.663684
0.653518
0.657584
0.658398
0.655958
0.658398
0.661244
0.661651
0.661651
0.660431
0.661651
0.660024
0.657991
0.661244
0.659618
0.660431
0.660431
0.661651
0.659618
0.664091
0.662871
0.658804
0.660024
0.657584
0.658398
0.663684
0.663684
0.665311
0.665311
0.660431
0.660431
0.658398
0.665311
0.662871
0.660838
0.660838
0.654738
0.658804
0.661244
0.661651
0.655551
0.660024
0.656771
0.655958
0.660431
0.664091
0.660431
0.660024
0.658804
0.654738
0.654738
0.657584
0.657991
0.657584
0.661244
0.661244
0.656364
0.661651
0.661244
0.656771
0.655958
0.656364
0.657178
0.655958
0.660431
0.662058
0.659211
0.660431
0.661651
0.658398
0.660431
0.660838
0.661244
0.661651
0.661244
0.658398
0.657991
0.658398
0.659211
0.658398
0.658398
0.660431
0.661651
0.662464
0.663684
0.662871
0.663278
0.662871
0.659211
0.656364
0.660431
0.665311
0.663278
0.663278
0.664091
0.664498
0.663684
0.660431
0.659211
0.660431
0.661651
0.657584
0.663684
0.663684
0.664091
0.657991
0.661651
0.660838
0.658398
0.660024
0.657991
0.659618
0.659618
0.660838
0.663278
0.663278
0.660838
0.659618
0.659211
0.659618
0.661651
0.663684
0.662058
0.661244
0.660838
0.662871
0.663278
0.664904
0.662058
0.660024
0.661651
0.659618
0.660024
0.658804
0.660024
0.659211
0.660431
0.663278
0.662871
0.666124
0.666531
0.661244
0.665311
0.657991
0.660431
0.663278
0.664904
0.659618
0.660024
0.655958
0.656771
0.661651
0.664498
0.666531
0.666531
0.663684
0.660838
0.657584
0.660024
0.658804
0.663684
0.664498
0.659618
0.662058
0.663278
0.660024
0.662464
0.656771
0.660024
0.659618
0.663684
0.652704
0.653111
0.658398
0.657178
0.658398
0.660838
0.663684
0.663684
0.666938
0.662871
0.658804
0.658804
0.663278
0.658804
0.653111
0.656364
0.658398
0.659618
0.664091
0.664904
0.657584
0.660024
0.656364
0.657991
0.656364
0.655551
0.658804
0.660431
0.655958
0.657178
0.656771
0.659211
0.659211
0.659618
0.656771
0.660838
0.667344
0.662871
0.658804
0.662058
0.661244
0.662058
0.661244
0.660024
0.661244
0.660838
0.664904
0.663684
0.662058
0.660838
0.660431
0.663278
0.660431
0.655144
0.657584
0.658804
0.658804
0.663278
0.664904
0.666124
0.664498
0.663278
0.660431
0.660838
0.655144
0.657584
0.657991
0.659618
0.658804
0.656771
0.661651
0.661651
0.662464
0.666531
0.664498
0.664498
0.664498
0.663278
0.660431
0.663278
0.662464
0.666124
0.664498
0.660431
0.662058
0.664091
0.662871
0.661651
0.664498
0.664091
0.657584
0.657584
0.658804
0.660024
0.661651
0.665311
0.661244
0.661651
0.660838
0.659618
0.660024
0.660024
0.657991
0.657178
0.658804
0.658398
0.658398
0.660431
0.661244
0.663278
0.661651
0.658804
0.660431
0.664498
0.661651
0.660024
0.660431
0.657991
0.657178
0.658398
0.660838
0.660024
0.655144
0.655551
0.657991
0.657178
0.656364
0.658804
0.658804
0.658398
0.658398
0.655144
0.657178
0.659211
0.658804
0.660431
0.660431
0.660838
0.661651
0.658804
0.662464
0.665718
0.664091
0.663278
0.661651
0.662464
0.659211
0.658398
0.659211
0.660838
0.660838
0.658804
0.660024
0.661244
0.659211
0.662058
0.660838
0.655551
0.661244
0.655958
0.659211
0.660024
0.662058
0.654331
0.659618
0.660024
0.663278
0.660838
0.659211
0.657178
0.657991
0.660431
0.661651
0.661244
0.664498
0.662464
0.663684
0.659618
0.660838
0.660838
0.657178
0.658804
0.659618
0.661244
0.661244
0.663684
0.664091
0.661651
0.661244
0.665311
0.655551
0.668564
0.660024
0.662058
0.658398
0.653924
0.658398
0.660024
0.659211
0.660431
0.661651
0.661244
0.658804
0.659211
0.660024
0.660024
0.658804
0.660024
0.660838
0.663684
0.666938
0.668158
0.665311
0.666938
0.664904
0.660838
0.659211
0.661244
0.662058
0.662464
0.661244
0.660431
0.663684
0.664091
0.662871
0.664091
0.662464
0.661651
0.662464
0.660838
0.662464
0.664498
0.665718
0.663278
0.660431
0.663278
0.661651
0.664091
0.666124
0.668158
0.664091
0.662871
0.659211
0.655551
0.660024
0.658398
0.660431
0.658398
0.662464
0.663684
0.660024
0.660024
0.661651
0.659211
0.652704
0.657178
0.657584
0.662058
0.660024
0.660838
0.661651
0.661651
0.661651
0.655144
0.657991
0.661244
0.664091
0.662871
0.664498
0.664091
0.663278
0.660838
0.660431
0.659211
0.659618
0.658804
0.664904
0.664498
0.665718
0.665311
0.664904
0.662871
0.660838
0.660838
0.662058
0.663278
0.663278
0.664498
0.668564
0.664091
0.663684
0.661244
0.662058
0.660431
0.666531
0.663684
0.657991
0.664498
0.660838
0.661651
0.661651
0.657991
0.657584
0.656771
0.657991
0.659211
0.664904
0.664091
0.662464
0.662871
0.660838
0.658398
0.659618
0.661651
0.659618
0.661244
0.661244
0.660431
0.660024
0.661651
0.660431
0.653518
0.656364
0.661244
0.662058
0.662464
0.661244
0.663684
0.665718
0.660431
0.660838
0.666124
0.663684
0.661244
0.663278
0.663278
0.662058
0.661651
0.667344
0.664498
0.659618
0.661651
0.662058
0.664904
0.662871
0.662464
0.663684
0.663684
0.658398
0.660838
0.660024
0.661651
0.661651
0.666124
0.662871
0.660838
0.662058
0.661651
0.660431
0.661244
0.659211
0.659211
0.660838
0.662871
0.663278
0.660838
0.664091
0.660838
0.660431
0.657991
0.658804
0.660431
0.662871
0.663278
0.657584
0.657584
0.657584
0.664091
0.661651
0.659618
0.658804
0.660024
0.665311
0.662871
0.665718
0.664091
0.660024
0.660024
0.658398
0.656771
0.660024
0.660431
0.662464
0.659618
0.660431
0.660024
0.662058
0.664091
0.656771
0.662464
0.663684
0.660838
0.662464
0.661651
0.662058
0.660024
0.656364
0.659211
0.660024
0.659211
0.656771
0.660838
0.658398
0.660024
0.659211
0.660838
0.661244
0.661244
0.658398
0.661244
0.661651
0.662464
0.659211
0.663684
0.662058
0.661651
0.662058
0.662871
0.662871
0.663278
0.657178
0.656771
0.660838
0.660431
0.661651
0.656771
0.659618
0.661244
0.658398
0.659211
0.663278
0.663684
0.662871
0.661244
0.665311
0.663278
0.659211
0.660024
0.661244
0.659211
0.661244
0.660024
0.662871
0.662058
0.658804
0.659211
0.660024
0.660024
0.660024
0.657178
0.662464
0.664091
0.662464
0.663684
0.664498
0.663278
0.664498
0.666124
0.668564
0.666938
0.662871
0.663278
0.664498
0.661651
0.658398
0.655958
0.657178
0.660431
0.664904
0.665718
0.659211
0.658804
0.658804
0.663278
0.661651
0.663684
0.662058
0.664498
0.664904
0.664091
0.664904
0.667344
0.664498
0.662058
0.663278
0.659211
0.662464
0.665311
0.662871
0.661244
0.662464
0.665718
0.662871
0.664498
0.661651
0.661651
0.664498
0.664498
0.666124
0.663278
0.659618
0.660431
0.661244
0.659211
0.661244
0.662464
0.664498
0.662058
0.660431
0.663684
0.659618
0.660431
0.664498
0.664498
0.668971
0.662464
0.662058
0.660431
0.660838
0.663278
0.661651
0.655551
0.657178
0.656364
0.661651
0.664091
0.661244
0.658398
0.658398
0.659618
0.660024
0.656364
0.660431
0.661651
0.664904
0.662058
0.663684
0.664091
0.663684
0.660838
0.661651
0.660838
0.660838
0.662464
0.661244
0.662871
0.664091
0.663278
0.661244
0.664498
0.664904
0.664498
0.660838
0.664091
0.660838
0.660838
0.660024
0.658398
0.659618
0.661651
0.664498
0.664498
0.662058
0.666124
0.667751
0.660431
0.660431
0.662058
0.661244
0.658804
0.658804
0.659618
0.664498
0.666124
0.664904
0.664091
0.659618
0.661651
0.661651
0.658398
0.658398
0.660431
0.659618
0.659618
0.658398
0.661244
0.660431
0.660024
0.659211
0.662058
0.661244
0.662058
0.665311
0.666124
0.663278
0.660431
0.660838
0.656771
0.657584
0.660024
0.661244
0.661244
0.662464
0.661244
0.660024
0.657991
0.657991
0.660024
0.661651
0.661244
0.662058
0.662464
0.663278
0.664091
0.662871
0.663278
0.657178
0.660431
0.660838
0.655551
0.664904
0.667751
0.663684
0.664904
0.657584
0.656771
0.660024
0.656771
0.657991
0.657991
0.660838
0.661651
0.664904
0.659211
0.658804
0.660024
0.661244
0.665718
0.665311
0.664904
0.664091
0.667344
0.662871
0.658398
0.660024
0.657991
0.662058
0.661651
0.663278
0.665311
0.665311
0.662871
0.660431
0.656364
0.656364
0.660431
0.663278
0.665311
0.666938
0.664904
0.664904
0.661651
0.662871
0.662058
0.661244
0.662464
0.659618
0.662058
0.662871
0.666124
0.664498
0.667344
0.661244
0.659618
0.659211
0.659211
0.658804
0.664498
0.662464
0.664091
0.661651
0.660838
0.661244
0.659618
0.660431
0.657991
0.657584
0.657991
0.660431
0.661651
0.660024
0.657991
0.658398
0.664498
0.656771
0.657991
0.658804
0.657584
0.661244
0.660838
0.660024
0.660431
0.658398
0.658398
0.657991
0.656771
0.657584
0.662871
0.662058
0.664091
0.664091
0.663684
0.663684
0.661244
0.659618
0.660838
0.662464
0.660838
0.659211
0.660838
0.661244
0.656364
0.661651
0.656771
0.658398
0.662871
0.663278
0.658398
0.662871
0.655551
0.660024
0.658804
0.663684
0.662058
0.661651
0.667344
0.666124
0.661244
0.658804
0.653518
0.660431
0.660838
0.660024
0.659211
0.660024
0.657584
0.660431
0.657991
0.657991
0.650264
0.654331
0.653924
0.664498
0.660024
0.664498
0.664091
0.661651
0.660431
0.660838
0.658804
0.660838
0.662871
0.657991
0.660431
0.664091
0.665718
0.664904
0.664904
0.661244
0.662058
0.661651
0.663278
0.664498
0.663278
0.662871
0.660838
0.659211
0.657178
0.658804
0.662464
0.660024
0.658804
0.656771
0.661244
0.661651
0.662464
0.660838
0.660431
0.659211
0.657584
0.655551
0.659618
0.660431
0.664498
0.667344
0.666938
0.658804
0.655551
0.656771
0.654738
0.661651
0.662464
0.660838
0.659618
0.657178
0.660431
0.656364
0.657178
0.657991
0.657991
0.663278
0.666938
0.666938
0.662464
0.659618
0.659618
0.657991
0.656364
0.655958
0.661244
0.661651
0.660838
0.661244
0.662464
0.663278
0.659211
0.660024
0.660024
0.659618
0.661651
0.661244
0.657991
0.660838
0.664904
0.663684
0.656364
0.655551
0.659618
0.662058
0.660838
0.655958
0.655958
0.658398
0.660431
0.659211
0.662871
0.662464
0.655144
0.660024
0.661651
0.666938
0.664091
0.663278
0.664904
0.658398
0.657178
0.658398
0.660431
0.659211
0.660024
0.659618
0.661244
0.664904
0.663278
0.660431
0.653924
0.656771
0.661244
0.661244
0.660024
0.662058
0.663684
0.660024
0.655551
0.656771
0.655551
0.655958
0.658398
0.657584
0.659618
0.663278
0.660024
0.662464
0.657991
0.661244
0.658398
0.659211
0.660024
0.661651
0.662464
0.660431
0.660024
0.663684
0.661651
0.658398
0.657178
0.660431
0.660024
0.662871
0.662871
0.660431
0.661244
0.662058
0.656364
0.657991
0.655551
0.655551
0.658804
0.660431
0.663684
0.664498
0.664091
0.665311
0.659618
0.660024
0.657584
0.660024
0.659211
0.661244
0.656771
0.654738
0.654738
0.658398
0.659211
0.657178
0.654331
0.653518
0.655551
0.665311
0.664498
0.666938
0.660838
0.659211
0.664091
0.658398
0.654738
0.657584
0.657991
0.660024
0.661651
0.657584
0.659211
0.657991
0.658398
0.658398
0.661244
0.662058
0.662871
0.662871
0.665311
0.662871
0.662058
0.662058
0.663278
0.661244
0.662871
0.660838
0.660024
0.661244
0.663684
0.654331
0.654331
0.658398
0.659211
0.657584
0.660431
0.659211
0.660431
0.659618
0.663278
0.661244
0.665311
0.660431
0.660838
0.657991
0.662464
0.662058
0.658398
0.664091
0.657178
0.660024
0.657178
0.660024
0.660431
0.658804
0.662871
0.663278
0.658398
0.660431
0.663684
0.660431
0.654738
0.657584
0.660024
0.662058
0.660431
0.659618
0.665311
0.659618
0.659211
0.659211
0.654738
0.657584
0.657178
0.660024
0.664091
0.660838
0.659618
0.659211
0.660431
0.662464
0.659211
0.660024
0.661651
0.664091
0.662058
0.660838
0.661244
0.662871
0.663684
0.658804
0.661244
0.658804
0.658398
0.663684
0.666938
0.659618
0.658398
0.660024
0.658804
0.657178
0.657584
0.657991
0.660024
0.662871
0.664091
0.662058
0.663278
0.660024
0.657991
0.657991
0.664904
0.662464
0.662871
0.662058
0.662871
0.661651
0.662871
0.665718
0.664091
0.659618
0.661244
0.661244
0.663684
0.662871
0.658804
0.657178
0.663278
0.660838
0.656364
0.659211
0.656771
0.662464
0.657178
0.660024
0.660838
0.657991
0.660431
0.661651
0.661651
0.662058
0.662464
0.665718
0.658804
0.661651
0.660838
0.660838
0.660431
0.661651
0.662058
0.659211
0.660838
0.658398
0.662871
0.659618
0.658804
0.655551
0.660431
0.660431
0.666124
0.664091
0.660838
0.661244
0.662871
0.662871
0.664091
0.665311
0.666531
0.662871
0.664091
0.662464
0.664091
0.666531
0.668971
0.661651
0.658804
