0.554697
0.563644
0.566084
0.571777
0.576657
0.580724
0.586417
0.587231
0.590891
0.591704
0.592924
0.592517
0.594144
0.593737
0.594144
0.593331
0.594144
0.593331
0.593331
0.592111
0.592517
0.592111
0.590077
0.589264
0.588857
0.587231
0.586824
0.586011
0.587637
0.587231
0.587231
0.586824
0.583571
0.582351
0.584384
0.584791
0.585197
0.586417
0.589671
0.586824
0.587231
0.587637
0.593331
0.591704
0.594551
0.597804
0.596584
0.598617
0.598617
0.587231
0.588857
0.574624
0.570557
0.577877
0.577471
0.575437
0.573810
0.564050
0.562424
0.564457
0.567710
0.571777
0.571370
0.572997
0.577877
0.580724
0.590891
0.594144
0.587231
0.582351
0.582757
0.586824
0.590484
0.585604
0.584791
0.580724
0.572997
0.573404
0.570964
0.574217
0.570964
0.572590
0.574217
0.577471
0.579911
0.580317
0.584384
0.588451
0.594957
0.590484
0.594957
0.594551
0.596584
0.593331
0.592111
0.594957
0.592517
0.596991
0.598211
0.599024
0.599024
0.599837
0.598617
0.595364
0.595771
0.596177
0.596584
0.596584
0.595771
0.596177
0.598617
0.598211
0.599837
0.599431
0.601464
0.598211
0.596584
0.598211
0.599837
0.598617
0.594957
0.590484
0.598211
0.603904
0.597804
0.599837
0.599431
0.601871
0.596991
0.599431
0.591704
0.597804
0.600651
0.600244
0.599837
0.596584
0.595771
0.597804
0.595364
0.596177
0.590484
0.590891
0.592111
0.596991
0.599837
0.599837
0.599024
0.603904
0.601464
0.601871
0.602277
0.599431
0.598617
0.601057
0.599024
0.599837
0.599024
0.601057
0.598617
0.596584
0.591704
0.592924
0.593331
0.594551
0.599024
0.600244
0.599837
0.599837
0.602277
0.597397
0.599837
0.601464
0.596991
0.593331
0.598617
0.603091
0.603497
0.601464
0.599837
0.600651
0.594551
0.598211
0.601871
0.599431
0.607564
0.605937
0.600651
0.604717
0.607971
0.602277
0.604717
0.602277
0.603091
0.603497
0.606344
0.607971
0.606751
0.604717
0.603091
0.605124
0.606751
0.608784
0.609597
0.607971
0.604311
0.605937
0.607564
0.608784
0.604717
0.607157
0.607971
0.605937
0.608377
0.607971
0.609191
0.608784
0.609597
0.609191
0.607971
0.606751
0.608784
0.605937
0.605531
0.602277
0.602684
0.602277
0.601871
0.604717
0.606751
0.606751
0.612444
0.612444
0.610004
0.607971
0.608784
0.609597
0.608784
0.609597
0.608377
0.610817
0.609191
0.610411
0.609597
0.613664
0.615291
0.609191
0.609191
0.612037
0.614071
0.618544
0.617731
0.618137
0.612851
0.610817
0.613257
0.612851
0.614071
0.611631
0.613257
0.616917
0.614477
0.614477
0.613664
0.615291
0.616511
0.614477
0.615697
0.618137
0.616104
0.614884
0.613664
0.612037
0.612037
0.616104
0.616917
0.617731
0.616511
0.614884
0.613664
0.615291
0.615697
0.615697
0.615697
0.614884
0.621391
0.617731
0.619764
0.619764
0.621391
0.619764
0.617731
0.617731
0.617731
0.616917
0.619357
0.620984
0.620984
0.620577
0.619764
0.617324
0.618544
0.622204
0.624237
0.622204
0.624644
0.625051
0.624644
0.622611
0.623424
0.622611
0.623017
0.622204
0.619357
0.620984
0.621797
0.619764
0.620984
0.623017
0.623424
0.624644
0.623424
0.621391
0.622204
0.620577
0.625458
0.625458
0.625864
0.626271
0.626271
0.625458
0.625864
0.626271
0.620984
0.623424
0.622204
0.624644
0.626678
0.625458
0.624644
0.625051
0.625051
0.625051
0.623424
0.620171
0.623424
0.625051
0.625458
0.625458
0.625864
0.626271
0.625458
0.625458
0.628711
0.629118
0.629524
0.627898
0.627491
0.627084
0.624644
0.625864
0.627084
0.627084
0.626678
0.625864
0.626678
0.627491
0.627491
0.627491
0.627491
0.628304
0.628711
0.629118
0.630338
0.629931
0.630744
0.630338
0.630744
0.631558
0.634404
0.630744
0.626678
0.631558
0.633998
0.628304
0.632778
0.631151
0.629118
0.631558
0.629524
0.626271
0.630744
0.633998
0.635218
0.633591
0.632778
0.633591
0.627491
0.631151
0.637658
0.632371
0.620984
0.618951
0.626271
0.633184
0.629524
0.631964
0.630338
0.629524
0.629931
0.625864
0.629118
0.628711
0.629118
0.627491
0.629524
0.627898
0.628304
0.629118
0.630338
0.631558
0.625458
0.629118
0.629524
0.632371
0.632371
0.632371
0.631558
0.627898
0.629524
0.630338
0.630338
0.631151
0.632778
0.630744
0.634811
0.632778
0.626678
0.622204
0.628304
0.632778
0.633998
0.625864
0.625051
0.630338
0.632778
0.630338
0.629118
0.627898
0.629118
0.631151
0.626271
0.620984
0.621797
0.620984
0.622204
0.620984
0.621391
0.624237
0.623424
0.623424
0.632778
0.632778
0.631151
0.635624
0.626678
0.628711
0.624644
0.626678
0.627898
0.628711
0.629931
0.629931
0.628304
0.628304
0.627084
0.626271
0.625864
0.625051
0.625051
0.627491
0.625458
0.626678
0.627084
0.627491
0.623424
0.629118
0.630338
0.629931
0.623424
0.623831
0.622611
0.621391
0.622204
0.621391
0.622204
0.622204
0.623017
0.622611
0.622611
0.623424
0.621797
0.620171
0.624237
0.625458
0.625458
0.625458
0.623831
0.623424
0.624237
0.624237
0.624644
0.623017
0.623017
0.621797
0.621391
0.619764
0.618951
0.618951
0.620577
0.620171
0.621391
0.620577
0.622204
0.621797
0.622204
0.622204
0.620984
0.621391
0.622204
0.621797
0.621797
0.620984
0.621391
0.620577
0.621797
0.621391
0.620984
0.619764
0.620577
0.620577
0.621797
0.622204
0.621391
0.621797
0.621391
0.622204
0.621391
0.622204
0.622611
0.623017
0.622204
0.621797
0.621391
0.622204
0.623424
0.622204
0.622204
0.622611
0.623424
0.623017
0.621797
0.623017
0.623017
0.621797
0.622611
0.623017
0.623424
0.623017
0.623424
0.623017
0.623424
0.623831
0.623424
0.625458
0.622204
0.621391
0.620577
0.621797
0.624644
0.625458
0.625051
0.624237
0.624644
0.625458
0.626271
0.625458
0.623831
0.623831
0.623831
0.623831
0.624644
0.622204
0.623424
0.622204
0.623017
0.623017
0.622611
0.622611
0.622611
0.622611
0.622204
0.623424
0.622204
0.619764
0.620984
0.621797
0.622611
0.622204
0.621797
0.621391
0.621391
0.621391
0.622204
0.621797
0.623017
0.623017
0.622204
0.622611
0.621797
0.622611
0.620577
0.621391
0.620171
0.621391
0.621391
0.623017
0.622611
0.622204
0.623424
0.620984
0.622204
0.623424
0.621797
0.620984
0.621391
0.621797
0.620984
0.621391
0.621391
0.622204
0.622204
0.621797
0.620984
0.621391
0.620984
0.621391
0.622611
0.623017
0.621797
0.623017
0.621391
0.620984
0.622204
0.622204
0.622611
0.622204
0.623017
0.622204
0.622204
0.623424
0.623424
0.620984
0.621391
0.621391
0.623017
0.621391
0.620577
0.620984
0.622204
0.620984
0.622204
0.623424
0.624237
0.623017
0.621797
0.621391
0.620577
0.621797
0.622204
0.622611
0.622611
0.621797
0.622204
0.622204
0.622204
0.623831
0.623424
0.623017
0.625864
0.625864
0.624644
0.623831
0.624644
0.623831
0.622204
0.621391
0.621391
0.623017
0.623424
0.624237
0.623831
0.623424
0.622611
0.622611
0.621391
0.620984
0.620171
0.621797
0.622611
0.620984
0.621391
0.621391
0.620577
0.620171
0.622204
0.620984
0.623831
0.623424
0.624644
0.625051
0.624644
0.625458
0.623831
0.620984
0.620171
0.620171
0.621391
0.620577
0.621391
0.620984
0.620984
0.621391
0.620984
0.618544
0.619357
0.621391
0.622204
0.621797
0.623424
0.622611
0.622611
0.621391
0.621797
0.622611
0.620984
0.621797
0.621391
0.620577
0.621391
0.621391
0.621391
0.623017
0.623017
0.623424
0.622611
0.623017
0.623831
0.622204
0.622204
0.621797
0.621391
0.620984
0.621797
0.622611
0.620984
0.618951
0.619357
0.619764
0.619764
0.619764
0.621391
0.620984
0.620984
0.621797
0.621797
0.620984
0.620577
0.623017
0.621391
0.620577
0.623017
0.620984
0.621797
0.622611
0.620577
0.623017
0.621797
0.622204
0.622204
0.623017
0.623017
0.621391
0.621797
0.623017
0.622611
0.623017
0.623017
0.623424
0.622204
0.622611
0.620984
0.621391
0.619764
0.620577
0.621797
0.621797
0.621797
0.622611
0.621797
0.620984
0.622611
0.623831
0.621797
0.622204
0.622204
0.623017
0.621797
0.623017
0.621797
0.622611
0.622204
0.621797
0.623831
0.623424
0.623424
0.623017
0.622611
0.622204
0.622611
0.621797
0.622611
0.623831
0.623424
0.626271
0.626271
0.623831
0.623424
0.622611
0.622611
0.621797
0.623017
0.623017
0.623017
0.622611
0.623017
0.624237
0.624237
0.623424
0.623017
0.623831
0.627084
0.627084
0.623424
0.623831
0.622611
0.624237
0.624237
0.625051
0.625051
0.624644
0.623831
0.623424
0.624237
0.624644
0.624644
0.626271
0.625458
0.625051
0.625458
0.625864
0.627084
0.626678
0.628304
0.628711
0.627491
0.625864
0.625864
0.623017
0.627491
0.626271
0.628304
0.626271
0.627491
0.626678
0.624237
0.624644
0.625458
0.624644
0.623831
0.625864
0.625458
0.625051
0.625864
0.625458
0.625051
0.623424
0.624644
0.622611
0.621797
0.622611
0.622611
0.622611
0.620984
0.622204
0.621391
0.623017
0.622611
0.623424
0.623831
0.623017
0.623017
0.623831
0.622204
0.623424
0.623017
0.620171
0.621797
0.620984
0.621391
0.622204
0.622204
0.622611
0.622204
0.622611
0.622204
0.622204
0.623831
0.623831
0.625458
0.623424
0.622611
0.623831
0.623017
0.620171
0.621391
0.619764
0.620171
0.622204
0.623424
0.625458
0.625458
0.625051
0.625051
0.624237
0.622204
0.623424
0.623831
0.623831
0.623424
0.624237
0.621391
0.623424
0.622204
0.623017
0.622611
0.622204
0.625051
0.625051
0.624237
0.623424
0.623424
0.623017
0.623017
0.625458
0.627084
0.626678
0.624644
0.625458
0.624237
0.629524
0.627491
0.627491
0.627898
0.625864
0.627491
0.624644
0.623831
0.623831
0.626678
0.626678
0.626271
0.624644
0.624237
0.621797
0.620984
0.620984
0.619764
0.619357
0.619357
0.620171
0.620171
0.621391
0.620984
0.621797
0.621391
0.620984
0.621797
0.620984
0.621797
0.623017
0.621391
0.620577
0.621391
0.620984
0.622204
0.623017
0.622611
0.622204
0.622204
0.622204
0.622611
0.622611
0.622204
0.621797
0.622611
0.621797
0.623017
0.622204
0.622611
0.621797
0.621797
0.621391
0.622204
0.620984
0.623831
0.623831
0.623017
0.621797
0.620577
0.621391
0.619357
0.619357
0.619764
0.621391
0.621391
0.620171
0.618544
0.620171
0.620984
0.620577
0.620577
0.619357
0.618544
0.621797
0.621797
0.622611
0.621797
0.621797
0.621797
0.620171
0.619357
0.618544
0.620171
0.620984
0.620984
0.623017
0.622204
0.620984
0.621391
0.619357
0.618544
0.619764
0.621391
0.622611
0.622611
0.619764
0.620171
0.619764
0.618137
0.619764
0.618951
0.620171
0.620577
0.622204
0.623017
0.622204
0.622204
0.620984
0.619357
0.619357
0.619764
0.620171
0.619357
0.620171
0.620984
0.620171
0.620577
0.620577
0.621797
0.621797
0.620984
0.619357
0.620171
0.621391
0.623424
0.621797
0.620577
0.617324
0.617731
0.618951
0.618137
0.618544
0.618137
0.619357
0.619764
0.619764
0.622204
0.625051
0.623017
0.621391
0.620984
0.620577
0.621797
0.623424
0.621797
0.623017
0.623017
0.620984
0.621391
0.621797
0.622204
0.622204
0.622611
0.620984
0.618544
0.619764
0.622204
0.622204
0.621391
0.621391
0.622204
0.622611
0.623424
0.622204
0.621391
0.621797
0.623017
0.622204
0.621391
0.620577
0.621797
0.622611
0.620577
0.620577
0.620171
0.621391
0.620577
0.619764
0.621797
0.623017
0.624237
0.625051
0.623017
0.622204
0.622611
0.622611
0.623831
0.623424
0.625051
0.627084
0.626678
0.623424
0.621797
0.622611
0.624237
0.622611
0.623017
0.624237
0.627084
0.626271
0.625051
0.624237
0.625864
0.624237
0.625051
0.625051
0.624237
0.625458
0.626271
0.626678
0.625458
0.624237
0.625864
0.628304
0.627084
0.627491
0.627491
0.628304
0.627084
0.627491
0.626678
0.627491
0.627491
0.626271
0.624644
0.625051
0.628304
0.626678
0.626271
0.627491
0.628711
0.627898
0.627084
0.625051
0.625051
0.626271
0.627898
0.628711
0.628304
0.627898
0.627084
0.626678
0.625051
0.624644
0.625864
0.626271
0.626678
0.627084
0.625458
0.625051
0.623831
0.623017
0.623831
0.623424
0.624644
0.626271
0.625864
0.625051
0.625864
0.626678
0.626678
0.627898
0.626271
0.626271
0.625051
0.625051
0.624237
0.625458
0.625864
0.624644
0.625051
0.625051
0.625458
0.626678
0.625864
0.629118
0.627491
0.627084
0.627491
0.625864
0.626271
0.626678
0.625051
0.624237
0.623831
0.624237
0.626271
0.625051
0.624644
0.625458
0.625864
0.624237
0.625051
0.624237
0.627898
0.627898
0.625864
0.625051
0.623831
0.624237
0.623424
0.624237
0.623831
0.624644
0.628304
0.627491
0.628711
0.628304
0.626271
0.624237
0.623831
0.623831
0.623424
0.623831
0.624644
0.623424
0.624644
0.625051
0.625051
0.623831
0.624644
0.625864
0.628304
0.628304
0.629118
0.627491
0.627898
0.628304
0.625864
0.628711
0.627491
0.627898
0.627898
0.628711
0.629118
0.629524
0.628304
0.626678
0.627898
0.627084
0.628304
0.627491
0.629931
0.630744
0.631964
0.631151
0.629931
0.631558
0.630338
0.631964
0.631964
0.631558
0.631558
0.633591
0.631558
0.629118
0.628304
0.627491
0.627491
0.625864
0.625051
0.627491
0.627084
0.627084
0.628711
0.628304
0.628304
0.627491
0.627491
0.627898
0.627491
0.627084
0.627491
0.627898
0.625864
0.625864
0.623017
0.623424
0.626271
0.626271
0.627084
0.629118
0.629524
0.630338
0.630338
0.631558
0.629118
0.629118
0.629118
0.628711
0.628711
0.629118
0.628711
0.627898
0.627084
0.626271
0.625864
0.628711
0.629118
0.630338
0.631151
0.630744
0.631964
0.629931
0.628711
0.628304
0.627084
0.627491
0.627084
0.627491
0.627898
0.628711
0.627491
0.625458
0.625051
0.626271
0.628304
0.626678
0.627084
0.628711
0.628711
0.627898
0.627084
0.627898
0.626271
0.624237
0.624237
0.624237
0.626271
0.627491
0.627084
0.626678
0.623424
0.624237
0.624237
0.623831
0.625458
0.626271
0.627084
0.628304
0.627898
0.627084
0.627491
0.625864
0.623831
0.625051
0.625864
0.628304
0.627898
0.628711
0.628304
0.629524
0.630338
0.628711
0.627491
0.628711
0.628304
0.630744
0.628304
0.631151
0.631558
0.630338
0.630744
0.630338
0.629931
0.630744
0.629931
0.628711
0.628711
0.629524
0.629524
0.632778
0.631151
0.629931
0.629931
0.629118
0.631151
0.631151
0.629931
0.629118
0.628304
0.628304
0.629931
0.629931
0.630338
0.629931
0.628304
0.627491
0.627898
0.628304
0.626678
0.626678
0.627898
0.625864
0.626271
0.627491
0.627084
0.627898
0.630338
0.628304
0.627491
0.625864
0.624237
0.623017
0.624237
0.623831
0.625051
0.625458
0.627898
0.625864
0.626271
0.625458
0.624644
0.625458
0.625864
0.627898
0.626271
0.626271
0.626678
0.626271
0.625864
0.624237
0.623831
0.624237
0.626678
0.627084
0.628711
0.628711
0.627084
0.627084
0.628304
0.627491
0.628304
0.629524
0.627491
0.628304
0.628304
0.628304
0.627491
0.626678
0.625458
0.625051
0.624644
0.627898
0.626271
0.627898
0.627898
0.626678
0.627491
0.627898
0.627084
0.627491
0.627084
0.627898
0.627084
0.627084
0.628304
0.627491
0.626271
0.628711
0.627898
0.627491
0.628711
0.628304
0.628711
0.627898
0.627084
0.625864
0.626678
0.627084
0.626271
0.626271
0.627491
0.628304
0.628304
0.627898
0.626271
0.625864
0.624237
0.625051
0.624644
0.625458
0.625458
0.625051
0.625458
0.627491
0.627084
0.627084
0.626678
0.627491
0.627084
0.627084
0.627491
0.627898
0.626678
0.625864
0.626271
0.625051
0.623017
0.623017
0.625458
0.626271
0.626271
0.627084
0.628304
0.628304
0.627898
0.625864
0.625458
0.626678
0.625458
0.625051
0.626271
0.626271
0.628304
0.627898
0.627491
0.625458
0.625864
0.625864
0.627491
0.628304
0.627491
0.627491
0.627084
0.627491
0.627491
0.626678
0.627084
0.625864
0.627084
0.627084
0.626271
0.626678
0.625864
0.626271
0.625864
0.625864
0.627491
0.628711
0.627084
0.629524
0.629118
0.629118
0.627491
0.626271
0.629524
0.631151
0.629118
0.627898
0.628304
0.626271
0.626678
0.627084
0.626678
0.625864
0.626271
0.627084
0.629118
0.629931
0.629931
0.629118
0.625458
0.625864
0.629118
0.628711
0.627898
0.628304
0.625458
0.626271
0.627491
0.627898
0.628711
0.629524
0.628304
0.628711
0.630338
0.627898
0.630744
0.631558
0.629118
0.628304
0.627898
0.628711
0.627898
0.627491
0.628304
0.627491
0.629118
0.629118
0.630338
0.630744
0.628711
0.627898
0.629118
0.628711
0.627898
0.627084
0.628304
0.629118
0.628711
0.628711
0.628711
0.628304
0.627491
0.628304
0.629524
0.629118
0.627084
0.627898
0.627898
0.627898
0.628711
0.629524
0.630744
0.630338
0.628711
0.629118
0.629524
0.629118
0.631151
0.628304
0.627084
0.627491
0.627898
0.629118
0.630338
0.629118
0.627898
0.629931
0.630744
0.631964
0.632778
0.632778
0.631964
0.631964
0.631151
0.630744
0.632371
0.632371
0.633184
0.631964
0.631558
0.631964
0.631151
0.629931
0.630338
0.631558
0.634404
0.633591
0.631558
0.631964
0.631151
0.632371
0.635218
0.634404
0.632371
0.630744
0.630744
0.630338
0.629931
0.631151
0.631964
0.632778
0.629931
0.628304
0.628304
0.631151
0.631558
0.630338
0.628711
0.629118
0.627491
0.628304
0.629118
0.629118
0.629524
0.631151
0.632778
0.631964
0.631151
0.632371
0.633591
0.630744
0.633591
0.632778
0.632371
0.631964
0.632778
0.633184
0.632778
0.630744
0.631558
0.628711
0.628304
0.629118
0.629118
0.631151
0.629931
0.628711
0.629931
0.630744
0.629524
0.629118
0.630338
0.631151
0.634811
0.634811
0.633591
0.632371
0.632371
0.632371
0.631151
0.630744
0.630338
0.631151
0.630744
0.632371
0.630744
0.630744
0.632371
0.631558
0.627084
0.626678
0.626678
0.629524
0.632778
0.631558
0.628711
0.626678
0.626271
0.629931
0.630744
0.631558
0.633591
0.633591
0.636031
0.636031
0.633591
0.636031
0.636438
0.633184
0.633998
0.632371
0.633591
0.631558
0.629931
0.628304
0.628711
0.627084
0.627491
0.629931
0.631558
0.631151
0.633184
0.631964
0.631558
0.630338
0.630338
0.631151
0.630744
0.630338
0.630744
0.631151
0.632778
0.632371
0.630338
0.629118
0.627898
0.627898
0.628304
0.630338
0.631151
0.631964
0.631964
0.630744
0.629118
0.630744
0.631151
0.629931
0.628304
0.628304
0.629931
0.627898
0.627898
0.626678
0.627491
0.627084
0.627898
0.628304
0.628711
0.627898
0.627898
0.628304
0.629524
0.629118
0.629931
0.629931
0.630338
0.633184
0.631964
0.629524
0.631964
0.631558
0.630744
0.630338
0.629931
0.631151
0.631558
0.627898
0.627898
0.628711
0.630338
0.629524
0.629931
0.630338
0.629931
0.630338
0.629524
0.629931
0.630338
0.629524
0.631151
0.631558
0.629118
0.631151
0.633591
0.635218
0.633184
0.634811
0.631964
0.632371
0.632371
0.632371
0.632371
0.631964
0.633591
0.634811
0.635624
0.635218
0.635218
0.633591
0.632371
0.631964
0.632778
0.633184
0.632778
0.631151
0.631558
0.631964
0.631151
0.630744
0.631151
0.632371
0.632371
0.631151
0.630338
0.629931
0.631558
0.631964
0.629931
0.628711
0.628304
0.629524
0.629931
0.632778
0.633998
0.634404
0.633184
0.631964
0.631558
0.631151
0.629524
0.631558
0.630744
0.631151
0.630744
0.630744
0.631558
0.631558
0.630744
0.631151
0.629931
0.631558
0.630744
0.632778
0.631151
0.630744
0.633184
0.633184
0.630744
0.633184
0.633998
0.635218
0.634404
0.633184
0.633591
0.633184
0.632371
0.631964
0.631964
0.630744
0.631151
0.630338
0.630338
0.628711
0.631558
0.630338
0.629524
0.628711
0.629524
0.628711
0.628711
0.629118
0.628304
0.628304
0.628711
0.629931
0.629118
0.629118
0.629931
0.630744
0.630338
0.629118
0.629524
0.627898
0.631151
0.629524
0.629524
0.630338
0.629524
0.631151
0.631151
0.631964
0.632778
0.632371
0.632371
0.634404
0.633998
0.633591
0.634811
0.635218
0.632371
0.630744
0.631558
0.631151
0.631151
0.631558
0.630338
0.630338
0.631558
0.631558
0.633184
0.633998
0.632778
0.632778
0.633591
0.631964
0.630744
0.631558
0.631558
0.632371
0.633184
0.632371
0.633591
0.632371
0.631558
0.633184
0.635218
0.636031
0.635624
0.634811
0.636031
0.633998
0.634404
0.634811
0.633184
0.632371
0.631151
0.633184
0.634404
0.632778
0.631558
0.632778
0.633184
0.631964
0.633998
0.634404
0.632371
0.633998
0.633591
0.633998
0.633184
0.633184
0.633184
0.633591
0.632371
0.630744
0.632778
0.633998
0.632371
0.630744
0.631558
0.632371
0.630744
0.631151
0.631558
0.631558
0.631151
0.631151
0.631964
0.632778
0.633184
0.633184
0.631558
0.631964
0.632371
0.633998
0.634404
0.632778
0.632371
0.631151
0.631964
0.633998
0.633184
0.633184
0.633184
0.633184
0.633184
0.634811
0.633591
0.634811
0.634811
0.635624
0.636031
0.635218
0.634404
0.633184
0.634404
0.632371
0.633998
0.632778
0.631151
0.629931
0.630338
0.630338
0.630744
0.628711
0.629118
0.627898
0.627084
0.629931
0.629931
0.630744
0.630744
0.629118
0.630744
0.631151
0.634811
0.633998
0.631964
0.630338
0.631151
0.630744
0.630744
0.631151
0.629524
0.633184
0.633184
0.633998
0.633591
0.631964
0.631558
0.631558
0.631964
0.631964
0.633184
0.633184
0.632371
0.630744
0.631151
0.633184
0.632371
0.629118
0.630338
0.628711
0.631964
0.632778
0.632778
0.634404
0.633184
0.631151
0.632778
0.632371
0.632371
0.632778
0.632778
0.633998
0.634404
0.633184
0.631558
0.629931
0.630744
0.630744
0.630338
0.630338
0.631964
0.632371
0.632778
0.631558
0.632778
0.633184
0.634811
0.634811
0.635218
0.633998
0.632778
0.633184
0.633591
0.633998
0.634811
0.636031
0.634404
0.633184
0.633184
0.635624
0.634404
0.633184
0.632778
0.633184
0.633998
0.633591
0.633591
0.633591
0.634404
0.635624
0.633998
0.632778
0.633184
0.629118
0.628711
0.631558
0.631151
0.631964
0.631558
0.631151
0.631558
0.632778
0.631558
0.632371
0.631558
0.632778
0.632371
0.635218
0.633184
0.633591
0.633591
0.634404
0.631558
0.632371
0.631964
0.631964
0.631964
0.632778
0.631151
0.629931
0.631151
0.630338
0.630338
0.628711
0.629931
0.629931
0.630744
0.629118
0.629118
0.628304
0.629931
0.631558
0.631558
0.631151
0.629931
0.631151
0.631151
0.633184
0.631151
0.630744
0.629931
0.629118
0.628304
0.630338
0.629931
0.628711
0.632371
0.630338
0.630338
0.630744
0.632371
0.630744
0.630744
0.631151
0.631558
0.630338
0.629524
0.630744
0.629931
0.629931
0.629524
0.630338
0.628711
0.628304
0.631151
0.631964
0.631151
0.633184
0.631151
0.633184
0.632371
0.631964
0.632778
0.631151
0.632371
0.631964
0.633591
0.633184
0.632778
0.631558
0.629931
0.629931
0.629931
0.630744
0.629931
0.630744
0.629524
0.630338
0.629524
0.629118
0.629931
0.631558
0.627898
0.628711
0.628711
0.631964
0.631964
0.631151
0.631964
0.631964
0.632371
0.632371
0.631964
0.633591
0.633998
0.634404
0.632778
0.632778
0.632371
0.633184
0.632371
0.633184
0.633184
0.633591
0.633184
0.633184
0.633998
0.631964
0.633998
0.634811
0.636031
0.635218
0.634404
0.634404
0.631964
0.630744
0.628711
0.631151
0.631151
0.631558
0.632371
0.631151
0.631558
0.629931
0.629524
0.631151
0.629524
0.633184
0.631558
0.632371
0.630338
0.628711
0.628304
0.631151
0.632778
0.634404
0.634404
0.633998
0.636844
0.637658
0.634404
0.633184
0.632371
0.633998
0.634404
0.635218
0.633184
0.632371
0.634404
0.635218
0.633998
0.633184
0.633998
0.633591
0.633184
0.633184
0.633591
0.633591
0.632778
0.631964
0.631964
0.631151
0.630744
0.629931
0.629931
0.631558
0.631151
0.633184
0.634404
0.631964
0.631964
0.632778
0.632778
0.632778
0.634404
0.632371
0.633184
0.632371
0.633998
0.633998
0.632371
0.633998
0.632778
0.631964
0.633998
0.633998
0.634811
0.633998
0.633184
0.631151
0.630338
0.629931
0.630338
0.630744
0.632778
0.631558
0.630744
0.631558
0.631964
0.631964
0.633184
0.634404
0.633591
0.633998
0.634404
0.637658
0.638471
0.636438
0.633184
0.634811
0.634404
0.633591
0.633184
0.631964
0.631964
0.631558
0.631964
0.631151
0.632371
0.629931
0.631151
0.630338
0.631151
0.632778
0.634404
0.636438
0.634404
0.634404
0.632778
0.631558
0.633184
0.630744
0.632371
0.633184
0.631964
0.633591
0.632778
0.632371
0.631151
0.630744
0.631151
0.629524
0.630744
0.632371
0.633591
0.633591
0.633591
0.631964
0.632371
0.629931
0.631151
0.631151
0.631964
0.632778
0.632778
0.633184
0.631964
0.630744
0.629931
0.630744
0.630744
0.628711
0.629931
0.629524
0.629931
0.629524
0.630338
0.629118
0.630338
0.632371
0.630744
0.633184
0.636031
0.636438
0.637251
0.633591
0.633591
0.631151
0.629931
0.631558
0.632778
0.631964
0.634811
0.634811
0.633591
0.633184
0.631151
0.630338
0.632778
0.633591
0.633998
0.634811
0.636844
0.636031
0.633184
0.633184
0.633998
0.633184
0.632778
0.631558
0.631558
0.630744
0.634404
0.634404
0.631964
0.631151
0.630744
0.631964
0.629524
0.630338
0.631964
0.632371
0.633591
0.631558
0.630338
0.630744
0.630338
0.629524
0.631964
0.631964
0.636031
0.636844
0.636438
0.634811
0.631558
0.631558
0.631964
0.632778
0.632371
0.633591
0.633184
0.635624
0.632371
0.633998
0.633591
0.633591
0.632371
0.629118
0.629524
0.631151
0.632778
0.631151
0.629524
0.628711
0.628711
0.630338
0.631151
0.631964
0.632778
0.633998
0.632371
0.633591
0.635218
0.633591
0.633184
0.632778
0.632778
0.636844
0.637251
0.636844
0.636438
0.635624
0.634404
0.632778
0.627491
0.628711
0.628304
0.631151
0.631558
0.633591
0.633184
0.633998
0.630338
0.629118
0.629118
0.630744
0.632371
0.633591
0.634811
0.635218
0.631151
0.631151
0.630338
0.630338
0.629524
0.628711
0.630744
0.633184
0.634811
0.634811
0.634404
0.634404
0.630744
0.628304
0.628711
0.631151
0.631964
0.632371
0.634811
0.634811
0.633591
0.631558
0.630744
0.631558
0.631964
0.631558
0.634404
0.635218
0.636031
0.635624
0.633998
0.631558
0.631964
0.632778
0.630744
0.630744
0.633184
0.634404
0.631151
0.630338
0.629118
0.628711
0.629118
0.631151
0.631151
0.633998
0.635218
0.636438
0.635624
0.633591
0.629931
0.630744
0.631558
0.632778
0.631964
0.635218
0.638064
0.635624
0.634404
0.631964
0.633184
0.632778
0.634404
0.633184
0.635218
0.636438
0.635624
0.636844
0.636844
0.632371
0.630338
0.629931
0.631558
0.633184
0.632371
0.632778
0.632371
0.632778
0.632778
0.628304
0.629118
0.629118
0.631558
0.632371
0.631964
0.633184
0.631964
0.631558
0.629931
0.629931
0.629524
0.631558
0.633998
0.636031
0.635218
0.634404
0.635624
0.635218
0.634404
0.635218
0.635218
0.634811
0.635624
0.637251
0.637251
0.633998
0.633998
0.633591
0.631151
0.630744
0.631151
0.633184
0.632371
0.633184
0.633184
0.633998
0.630744
0.629118
0.628304
0.630338
0.629524
0.631964
0.634404
0.637658
0.636844
0.636844
0.634404
0.634404
0.632371
0.632778
0.632371
0.633591
0.634404
0.637251
0.635218
0.631151
0.631151
0.629931
0.629118
0.629931
0.631558
0.631558
0.631558
0.633591
0.631964
0.630338
0.633184
0.631558
0.631964
0.632778
0.634404
0.636031
0.634811
0.632778
0.634404
0.631964
0.631964
0.630338
0.631558
0.632371
0.633591
0.633184
0.633998
0.635624
0.632371
0.632371
0.629931
0.630338
0.629931
0.633591
0.637658
0.638878
0.640098
0.639691
0.638878
0.636438
0.636844
0.637251
0.637251
0.638471
0.637251
0.638064
0.635624
0.634811
0.631151
0.632371
0.631558
0.633998
0.634404
0.634811
0.633998
0.634404
0.634404
0.633591
0.633184
0.631964
0.632778
0.632371
0.633184
0.633998
0.634404
0.634811
0.635624
0.636031
0.633591
0.632778
0.634811
0.634404
0.635624
0.636031
0.637251
0.634404
0.634404
0.634404
0.632778
0.631558
0.631964
0.631558
0.633998
0.633998
0.635218
0.636031
0.636438
0.632371
0.632778
0.633591
0.631558
0.635624
0.636031
0.638471
0.636031
0.631964
0.634404
0.633591
0.632371
0.633591
0.636031
0.633998
0.635218
0.634811
0.633184
0.632778
0.633184
0.633998
0.634811
0.636031
0.634404
0.634404
0.635624
0.636844
0.636438
0.636438
0.634404
0.633591
0.635624
0.637251
0.636844
0.637658
0.638878
0.633998
0.633998
0.633184
0.629931
0.630338
0.632778
0.632778
0.636844
0.634404
0.633591
0.636031
0.633184
0.631558
0.632371
0.635624
0.635624
0.636031
0.637251
0.636438
0.636844
0.636031
0.634811
0.635218
0.636844
0.634811
0.637658
0.639284
0.640911
0.638878
0.636031
0.636438
0.635624
0.633184
0.630338
0.631558
0.634404
0.634811
0.635624
0.636438
0.636438
0.634811
0.635218
0.634811
0.634404
0.633998
0.634811
0.635624
0.636438
0.636031
0.634811
0.634404
0.634811
0.631964
0.630744
0.634811
0.635624
0.635218
0.634811
0.634811
0.635624
0.632778
0.630744
0.629118
0.632371
0.632371
0.631558
0.633591
0.632371
0.631151
0.629931
0.629524
0.630338
0.632371
0.634404
0.634811
0.634404
0.634811
0.636031
0.635218
0.631964
0.631964
0.634811
0.633184
0.635624
0.635218
0.634811
0.636031
0.637251
0.634811
0.633998
0.632778
0.635218
0.636844
0.636031
0.634811
0.636438
0.638064
0.636438
0.636031
0.631558
0.631151
0.632778
0.636031
0.636844
0.636844
0.638878
0.637251
0.636844
0.634404
0.634811
0.633184
0.632778
0.634811
0.633998
0.633998
0.634811
0.633998
0.633591
0.631964
0.632778
0.634404
0.637251
0.636031
0.638064
0.638471
0.637658
0.636031
0.635218
0.635218
0.633591
0.631151
0.635218
0.636031
0.637251
0.637251
0.638064
0.638878
0.638878
0.639691
0.639284
0.637658
0.637251
0.637658
0.637251
0.635624
0.633998
0.632778
0.631964
0.632371
0.633184
0.637251
0.638064
0.638064
0.639284
0.637658
0.635218
0.633184
0.633591
0.632371
0.633184
0.634404
0.634811
0.634811
0.634404
0.633591
0.631964
0.629931
0.629524
0.631151
0.633184
0.632778
0.633998
0.634404
0.632778
0.633184
0.633591
0.632371
0.632778
0.636031
0.636031
0.635624
0.638878
0.638878
0.636438
0.636438
0.634404
0.632778
0.633998
0.636031
0.636438
0.637251
0.636031
0.637251
0.636844
0.636438
0.637658
0.638064
0.638471
0.640098
0.640098
0.641318
0.640098
0.639691
0.639284
0.636844
0.635218
0.635218
0.634404
0.636031
0.636844
0.638064
0.636438
0.636844
0.635624
0.636438
0.636438
0.638878
0.640098
0.639691
0.638878
0.639691
0.636438
0.633998
0.631151
0.630744
0.631964
0.627898
0.630744
0.635624
0.633591
0.635624
0.635218
0.637251
0.635218
0.637251
0.636438
0.636438
0.636031
0.637251
0.636844
0.636031
0.636844
0.633184
0.633591
0.631558
0.631964
0.632778
0.634811
0.636438
0.637251
0.637658
0.636031
0.636031
0.636438
0.634811
0.635218
0.635624
0.635624
0.636438
0.636031
0.634404
0.637658
0.636438
0.636031
0.638064
0.634811
0.636844
0.636031
0.636844
0.636844
0.636031
0.633184
0.632778
0.633591
0.635624
0.633998
0.636438
0.637251
0.636031
0.634811
0.635624
0.631558
0.630338
0.633184
0.638471
0.638064
0.637251
0.638471
0.637251
0.635624
0.631151
0.631558
0.630744
0.634811
0.637658
0.636031
0.638471
0.638471
0.638064
0.637658
0.638878
0.636438
0.637658
0.638064
0.636438
0.635624
0.636844
0.638064
0.633998
0.633998
0.632778
0.632371
0.634404
0.636844
0.636844
0.635218
0.637251
0.638064
0.635624
0.632371
0.629118
0.628711
0.630338
0.634811
0.635624
0.636031
0.636438
0.636031
0.636031
0.632778
0.632371
0.631558
0.633998
0.636031
0.638064
0.638064
0.637658
0.636031
0.636031
0.635624
0.634404
0.636844
0.638064
0.638471
0.639284
0.640504
0.639284
0.636031
0.633184
0.631151
0.630338
0.631558
0.630744
0.632778
0.632778
0.634811
0.634404
0.634404
0.635218
0.636438
0.636031
0.639691
0.638878
0.638471
0.638471
0.637658
0.635624
0.634811
0.632778
0.632778
0.633591
0.634404
0.636844
0.637658
0.636031
0.637251
0.636844
0.636438
0.636844
0.636844
0.637658
0.639284
0.637658
0.635624
0.636031
0.636844
0.635218
0.633998
0.632778
0.632778
0.635218
0.637658
0.637658
0.637658
0.638064
0.634811
0.634811
0.633998
0.634404
0.634404
0.636438
0.637251
0.637658
0.636031
0.634404
0.632778
0.632371
0.631558
0.630744
0.631964
0.633184
0.634404
0.635218
0.633998
0.633184
0.633998
0.631558
0.631964
0.635218
0.636031
0.638471
0.638878
0.640504
0.639691
0.638878
0.640098
0.637658
0.638878
0.640098
0.638878
0.639691
0.640504
0.638064
0.637658
0.637658
0.637251
0.636031
0.636438
0.640911
0.638064
0.638471
0.638878
0.641318
0.637658
0.637251
0.633998
0.632371
0.633998
0.637658
0.639691
0.638878
0.638471
0.638064
0.637658
0.638471
0.638471
0.639691
0.638064
0.638064
0.638471
0.638878
0.637251
0.634811
0.632371
0.631558
0.630744
0.633998
0.636031
0.637658
0.639691
0.637658
0.638878
0.637251
0.636031
0.633184
0.636438
0.636438
0.638064
0.639284
0.640098
0.637658
0.638064
0.639284
0.639284
0.638471
0.638471
0.638878
0.641724
0.640098
0.641724
0.640911
0.640504
0.635218
0.631558
0.633184
0.634404
0.636844
0.636844
0.641318
0.639691
0.639284
0.636844
0.633184
0.634404
0.635624
0.637251
0.639284
0.640098
0.638878
0.638878
0.638064
0.638064
0.636438
0.636031
0.636844
0.638878
0.638064
0.639284
0.639284
0.640098
0.638471
0.635624
0.633591
0.634811
0.636438
0.637658
0.638878
0.639284
0.637658
0.636844
0.637251
0.636438
0.637658
0.640098
0.639284
0.638471
0.639691
0.640504
0.640911
0.641724
0.638064
0.636844
0.634811
0.636844
0.637658
0.640504
0.637658
0.636844
0.637251
0.635624
0.637251
0.637658
0.636844
0.637251
0.638878
0.638064
0.638064
0.637658
0.635624
0.631964
0.632778
0.632778
0.632371
0.636438
0.636844
0.640098
0.641318
0.638878
0.636031
0.633998
0.633591
0.634811
0.636438
0.639284
0.638878
0.639284
0.638471
0.636438
0.633998
0.633998
0.632778
0.634404
0.638064
0.637658
0.638064
0.638471
0.637251
0.636438
0.637658
0.637658
0.638064
0.640504
0.640504
0.642131
0.642131
0.641318
0.640098
0.638064
0.632778
0.631964
0.633591
0.636031
0.638064
0.638878
0.638878
0.637251
0.637658
0.636438
0.637658
0.637251
0.636438
0.638471
0.638064
0.638064
0.637658
0.637251
0.638064
0.635624
0.634811
0.636844
0.638064
0.636844
0.639691
0.639284
0.636031
0.636031
0.634811
0.631964
0.629931
0.632371
0.633998
0.637658
0.635218
0.634811
0.635624
0.636438
0.636031
0.636031
0.636031
0.636438
0.639284
0.639691
0.639691
0.638064
0.638878
0.637658
0.635218
0.634404
0.635218
0.637251
0.636844
0.638064
0.638878
0.638878
0.638064
0.639284
0.639284
0.639284
0.640098
0.638878
0.641318
0.641318
0.640911
0.640098
0.638064
0.636031
0.634811
0.633184
0.633591
0.637658
0.639284
0.638471
0.638471
0.638064
0.635218
0.635624
0.635624
0.638471
0.639691
0.638471
0.640098
0.640911
0.642538
0.642538
0.636031
0.632371
0.632371
0.635624
0.640911
0.640911
0.639691
0.638471
0.639691
0.639284
0.640098
0.637658
0.640911
0.638878
0.639691
0.639691
0.638878
0.637658
0.637658
0.636031
0.633998
0.633591
0.634811
0.638471
0.638878
0.639284
0.638064
0.638471
0.638064
0.638064
0.638064
0.638064
0.638471
0.640098
0.640504
0.640098
0.638878
0.638878
0.635624
0.634811
0.634404
0.635218
0.637658
0.640098
0.641318
0.639284
0.640098
0.642538
0.638878
0.636844
0.636438
0.638471
0.637658
0.638064
0.638064
0.638878
0.638064
0.636438
0.633591
0.631964
0.636031
0.638878
0.638064
0.636438
0.636438
0.636031
0.634811
0.630744
0.633184
0.635218
0.633184
0.635624
0.634404
0.638064
0.638878
0.637251
0.637658
0.635624
0.634811
0.636031
0.636031
0.639284
0.639284
0.639691
0.638064
0.636438
0.634404
0.632371
0.634404
0.639691
0.641724
0.640911
0.640911
0.641318
0.641318
0.639284
0.637251
0.635218
0.634811
0.633998
0.636438
0.638064
0.640504
0.639691
0.639691
0.639691
0.638878
0.639284
0.637658
0.638471
0.640098
0.639691
0.639691
0.638471
0.637658
0.633184
0.632778
0.632371
0.633591
0.638471
0.642131
0.638064
0.638064
0.640098
0.639284
0.638878
0.638878
0.637251
0.639691
0.640098
0.642131
0.640504
0.640911
0.640911
0.638064
0.635218
0.636438
0.636844
0.639284
0.639284
0.638064
0.639284
0.639691
0.639284
0.638878
0.638878
0.638878
0.638471
0.640911
0.641724
0.638878
0.637658
0.639691
0.638064
0.636844
0.636844
0.637658
0.639691
0.641318
0.639691
0.638471
0.640911
0.638878
0.640504
0.636031
0.637251
0.639284
0.642538
0.641318
0.639691
0.636031
0.636031
0.638471
0.638878
0.639691
0.638878
0.638471
0.638471
0.638471
0.638064
0.637658
0.636438
0.634811
0.634811
0.639691
0.639691
0.641318
0.640911
0.641724
0.641318
0.640911
0.640098
0.636844
0.633998
0.634404
0.635624
0.638878
0.641724
0.640098
0.638878
0.638064
0.638878
0.638471
0.638064
0.638471
0.639284
0.640504
0.640098
0.640098
0.638878
0.640504
0.638064
0.636438
0.637251
0.637658
0.639284
0.640504
0.639691
0.637251
0.639284
0.639691
0.639284
0.638878
0.638471
0.638471
0.640098
0.638878
0.639284
0.641724
0.638471
0.638471
0.635624
0.636438
0.637658
0.640504
0.639691
0.638878
0.638471
0.639691
0.639284
0.639284
0.636438
0.635218
0.636438
0.640504
0.638878
0.639691
0.639284
0.639284
0.640098
0.639691
0.639284
0.639691
0.638471
0.638471
0.639284
0.638878
0.638878
0.639691
0.633184
0.633184
0.631151
0.635218
0.637658
0.638471
0.637658
0.638878
0.637251
0.638471
0.638064
0.638878
0.636438
0.636844
0.640098
0.640911
0.641318
0.640504
0.640504
0.640504
0.640504
0.637658
0.637251
0.638878
0.638878
0.638878
0.638878
0.637658
0.636031
0.635624
0.634404
0.634404
0.636438
0.636438
0.636438
0.637251
0.635624
0.637251
0.638878
0.638878
0.637658
0.638878
0.639284
0.640504
0.639284
0.640911
0.640504
0.640504
0.638878
0.635624
0.636031
0.638064
0.642131
0.639691
0.640098
0.640504
0.640098
0.640504
0.640098
0.640911
0.640504
0.640504
0.640504
0.639691
0.637251
0.637251
0.639691
0.639691
0.641318
0.642131
0.640911
0.640911
0.641724
0.640911
0.638878
0.642131
0.643758
0.640098
0.638471
0.638878
0.639284
0.642131
0.639691
0.640504
0.639691
0.640911
0.643351
0.640911
0.638471
0.638471
0.639284
0.640504
0.640504
0.639691
0.639691
0.640504
0.638471
0.638064
0.637658
0.639284
0.638878
0.639284
0.640504
0.639691
0.640504
0.640911
0.637658
0.633998
0.636844
0.637251
0.640098
0.642131
0.641724
0.639691
0.639691
0.640098
0.636031
0.637658
0.638878
0.637251
0.638064
0.639284
0.638471
0.638471
0.638878
0.638471
0.636438
0.635218
0.636438
0.639284
0.639691
0.640911
0.639691
0.640098
0.640504
0.640504
0.639691
0.642131
0.642538
0.640098
0.640911
0.638471
0.640911
0.641724
0.640098
0.638064
0.636844
0.640911
0.638471
0.638878
0.638878
0.636844
0.639691
0.637251
0.639284
0.639284
0.638878
0.640504
0.639691
0.640911
0.639691
0.639691
0.640098
0.639284
0.637658
0.636844
0.638064
0.640098
0.640504
0.641318
0.641724
0.642131
0.640504
0.638064
0.639284
0.640098
0.638878
0.641318
0.641318
0.640911
0.638878
0.637658
0.636844
0.633998
0.634404
0.636031
0.633998
0.635218
0.636844
0.637251
0.640504
0.640098
