0.503050
0.503050
0.503863
0.503863
0.503863
0.504270
0.504677
0.505083
0.505083
0.504677
0.504677
0.504270
0.505083
0.505083
0.504677
0.505083
0.505897
0.505897
0.505490
0.505490
0.506303
0.505897
0.505897
0.505897
0.505490
0.505490
0.505490
0.505490
0.505897
0.506303
0.505897
0.505897
0.505083
0.505490
0.506303
0.505490
0.504270
0.505083
0.504270
0.505897
0.507117
0.507930
0.508743
0.509557
0.511183
0.511997
0.512810
0.513217
0.512810
0.512810
0.513623
0.512810
0.514030
0.514437
0.514437
0.514437
0.515657
0.515657
0.516470
0.516470
0.516470
0.517690
0.518097
0.519317
0.519317
0.520130
0.520943
0.521350
0.521350
0.522570
0.521757
0.522977
0.524197
0.523790
0.524603
0.524197
0.525417
0.527450
0.526637
0.526230
0.527044
0.527857
0.528264
0.528264
0.530297
0.529890
0.530704
0.531517
0.532330
0.533957
0.533957
0.533550
0.531924
0.530704
0.531110
0.531110
0.532330
0.533957
0.533957
0.536397
0.537210
0.538430
0.540057
0.539650
0.540870
0.542090
0.541684
0.541684
0.542090
0.545344
0.544937
0.546564
0.546970
0.547377
0.547784
0.549410
0.549410
0.550630
0.552257
0.553070
0.554290
0.555104
0.556324
0.557544
0.556730
0.556324
0.554290
0.553884
0.552664
0.556730
0.556730
0.557544
0.557950
0.555510
0.556730
0.556730
0.557137
0.559577
0.558357
0.559170
0.558357
0.558764
0.561204
0.559170
0.560390
0.561610
0.563237
0.564457
0.564050
0.564864
0.564050
0.565677
0.562830
0.565270
0.566084
0.567710
0.568524
0.568524
0.568117
0.573404
0.581537
0.583977
0.581944
0.585197
0.588857
0.593737
0.597397
0.591297
0.594551
0.584791
0.568524
0.568930
0.569744
0.566897
0.564457
0.564457
0.568117
0.574624
0.573810
0.575031
0.576657
0.579504
0.579504
0.581944
0.581131
0.578284
0.577471
0.575437
0.573810
0.574624
0.575844
0.578284
0.581131
0.581944
0.580317
0.579911
0.579504
0.579504
0.579504
0.581537
0.582757
0.582757
0.583571
0.586417
0.586417
0.587637
0.590484
0.588857
0.592111
0.586417
0.590891
0.592111
0.592111
0.590077
0.587637
0.589671
0.593737
0.591704
0.594551
0.594144
0.592517
0.594551
0.591704
0.589671
0.590077
0.594957
0.593737
0.592924
0.595364
0.595364
0.594551
0.594957
0.592924
0.594551
0.595364
0.597804
0.598617
0.594957
0.597804
0.601057
0.602684
0.599431
0.595364
0.596991
0.596991
0.594957
0.599837
0.603091
0.604717
0.617324
0.605531
0.604311
0.605531
0.605937
0.603904
0.612037
0.618137
0.620577
0.619357
0.604311
0.602277
0.607564
0.609597
0.616104
0.623831
0.616511
0.614477
0.619357
0.621797
0.617731
0.611224
0.617731
0.628304
0.620984
0.611224
0.607564
0.605937
0.610411
0.612037
0.610004
0.607157
0.611631
0.607564
0.610004
0.618544
0.624237
0.619764
0.632778
0.621797
0.615697
0.614477
0.615291
0.613664
0.613257
0.617731
0.623424
0.624237
0.626678
0.630338
0.629524
0.629118
0.627898
0.627491
0.627084
0.631558
0.629118
0.625864
0.616917
0.618137
0.617324
0.615697
0.625051
0.609597
0.612037
0.611224
0.612444
0.609597
0.613257
0.615291
0.622204
0.630338
0.635624
0.623017
0.625458
0.631151
0.630338
0.624237
0.623017
0.624237
0.628304
0.626678
0.625458
0.625458
0.627898
0.629118
0.631151
0.627491
0.637658
0.638064
0.631964
0.631558
0.631964
0.629931
0.631964
0.633998
0.630338
0.630744
0.633184
0.635218
0.634404
0.641724
0.642944
0.639284
0.637658
0.638878
0.634811
0.633998
0.630744
0.636844
0.636031
0.642131
0.637658
0.633184
0.634404
0.633184
0.634811
0.634811
0.641724
0.642944
0.641724
0.641724
0.641318
0.642944
0.642944
0.643351
0.642538
0.637251
0.636031
0.644164
0.640911
0.641724
0.638878
0.638064
0.641724
0.641318
0.643351
0.642538
0.638471
0.641724
0.646198
0.647418
0.642538
0.642131
0.633184
0.637658
0.624644
0.626271
0.623424
0.623017
0.629931
0.645384
0.622204
0.626271
0.627491
0.627898
0.648231
0.633998
0.626678
0.628711
0.632778
0.651078
0.634404
0.642538
0.640098
0.634811
0.634404
0.634404
0.638471
0.638064
0.638471
0.639284
0.636844
0.636438
0.642131
0.637251
0.639284
0.639691
0.640504
0.635624
0.636844
0.640504
0.643351
0.636844
0.637251
0.629931
0.629524
0.634404
0.635624
0.644571
0.647011
0.647418
0.638878
0.630338
0.627084
0.629524
0.631151
0.642131
0.636438
0.635624
0.625458
0.625458
0.628304
0.628711
0.638878
0.644571
0.644978
0.641318
0.645384
0.645791
0.647824
0.647418
0.647824
0.646198
0.642944
0.638471
0.639691
0.647418
0.646604
0.646604
0.635624
0.624644
0.626678
0.624237
0.624644
0.627491
0.626678
0.628304
0.630338
0.629118
0.628304
0.625051
0.628711
0.625864
0.626271
0.627084
0.627491
0.631151
0.631558
0.631558
0.639284
0.644571
0.647824
0.646604
0.645384
0.651891
0.653111
0.651891
0.655144
0.655144
0.655144
0.643758
0.637658
0.637251
0.640098
0.640098
0.638471
0.636031
0.635624
0.638878
0.636031
0.634811
0.635624
0.633998
0.633184
0.635624
0.637658
0.634404
0.637658
0.628304
0.629931
0.632371
0.635218
0.633591
0.635218
0.635218
0.634811
0.632371
0.638471
0.639284
0.639691
0.638471
0.635218
0.634404
0.634404
0.629118
0.633998
0.635624
0.637658
0.632778
0.636031
0.642538
0.644571
0.649858
0.651891
0.649044
0.657584
0.655958
0.655958
0.649858
0.647418
0.646604
0.648231
0.649044
0.648638
0.647418
0.648231
0.649858
0.649858
0.649451
0.647824
0.648231
0.648231
0.646198
0.648231
0.650671
0.654738
0.653111
0.652704
0.653924
0.650671
0.645384
0.645384
0.649858
0.653924
0.649858
0.653111
0.644571
0.640504
0.640504
0.645791
0.647824
0.646604
0.646198
0.647418
0.648231
0.649044
0.647011
0.650264
0.648231
0.645384
0.648638
0.649451
0.651078
0.652704
0.652704
0.653518
0.651078
0.651078
0.650264
0.647011
0.649451
0.653518
0.640098
0.640911
0.653111
0.650264
0.649451
0.646198
0.651078
0.649451
0.651891
0.650264
0.651891
0.652704
0.647824
0.647011
0.647824
0.648231
0.647011
0.647418
0.649858
0.647418
0.646604
0.645791
0.642944
0.642944
0.644571
0.646604
0.647011
0.647824
0.648231
0.649044
0.648638
0.647824
0.647418
0.646604
0.649451
0.646198
0.647011
0.651484
0.656771
0.653111
0.651078
0.643351
0.644978
0.644164
0.651078
0.649451
0.649044
0.650264
0.647418
0.650671
0.649858
0.649044
0.647418
0.644164
0.642131
0.650264
0.647011
0.649858
0.645791
0.648638
0.638064
0.638471
0.637658
0.635624
0.645791
0.655551
0.660431
0.657584
0.657584
0.650264
0.638064
0.631151
0.632371
0.638878
0.649451
0.656771
0.652704
0.655551
0.655551
0.648638
0.641318
0.633591
0.633998
0.633591
0.632371
0.633998
0.629118
0.630338
0.634404
0.643351
0.649858
0.651484
0.650671
0.651484
0.650264
0.646198
0.642538
0.651484
0.651484
0.652298
0.651078
0.651891
0.652298
0.651484
0.655958
0.657178
0.653111
0.655144
0.642538
0.652704
0.654738
0.644164
0.642131
0.641724
0.654738
0.649858
0.652704
0.644571
0.639284
0.636438
0.635218
0.643758
0.653518
0.656771
0.652298
0.655958
0.649044
0.643758
0.639284
0.639691
0.637658
0.638471
0.638064
0.636844
0.638471
0.639691
0.639284
0.632778
0.638471
0.643351
0.650264
0.652704
0.649044
0.657991
0.655144
0.655551
0.653518
0.647011
0.647011
0.644571
0.642131
0.644571
0.649451
0.647418
0.649858
0.649044
0.651078
0.653518
0.651891
0.645791
0.647418
0.648231
0.653924
0.650671
0.649044
0.655144
0.641724
0.631964
0.626678
0.627491
0.629524
0.628711
0.632778
0.638878
0.649044
0.647418
0.649858
0.649044
0.649044
0.651484
0.650671
0.653111
0.651891
0.651484
0.651891
0.651078
0.650671
0.653924
0.654331
0.651891
0.653111
0.653924
0.652704
0.654331
0.653518
0.654738
0.652704
0.653924
0.650264
0.650264
0.648231
0.651078
0.649858
0.651484
0.642131
0.652298
0.656364
0.651484
0.647824
0.650671
0.655144
0.654331
0.651891
0.654331
0.644978
0.637251
0.633998
0.634404
0.638064
0.633998
0.638878
0.639691
0.644571
0.645791
0.645791
0.644978
0.647011
0.650671
0.651484
0.651484
0.651484
0.655551
0.653518
0.657178
0.658398
0.655144
0.653111
0.653518
0.654331
0.653924
0.657178
0.655958
0.652704
0.654331
0.654331
0.648231
0.649451
0.647418
0.645384
0.652704
0.655551
0.653924
0.654331
0.653111
0.650264
0.647011
0.646198
0.649044
0.647418
0.656364
0.653111
0.654738
0.651891
0.654738
0.655144
0.644978
0.642944
0.645384
0.653111
0.653924
0.653924
0.654331
0.656364
0.656771
0.652704
0.651078
0.644164
0.644978
0.647011
0.653924
0.643758
0.641724
0.642944
0.642131
0.644164
0.644978
0.655551
0.652704
0.648231
0.652704
0.648231
0.647418
0.647824
0.647824
0.648231
0.651484
0.650671
0.647011
0.649044
0.651484
0.651484
0.649044
0.651484
0.648638
0.651078
0.652298
0.651484
0.657178
0.654738
0.654738
0.653518
0.652298
0.649858
0.645384
0.649451
0.653111
0.653924
0.652704
0.651484
0.653518
0.653111
0.655144
0.650264
0.645384
0.642944
0.649858
0.655144
0.656771
0.655958
0.655144
0.655551
0.649858
0.647011
0.647011
0.646198
0.648231
0.657178
0.655551
0.655144
0.649451
0.658398
0.644164
0.641318
0.641724
0.642944
0.642131
0.659211
0.651484
0.643758
0.645384
0.644164
0.641724
0.653111
0.646604
0.642131
0.641724
0.633184
0.634811
0.638064
0.635624
0.633184
0.633998
0.640098
0.640911
0.642538
0.652298
0.663684
0.663684
0.662058
0.661651
0.653518
0.652704
0.650264
0.650264
0.651078
0.654331
0.655144
0.657991
0.654331
0.651891
0.647011
0.644164
0.644978
0.652704
0.649451
0.650264
0.649044
0.653924
0.655958
0.648638
0.643351
0.647011
0.647418
0.651891
0.648638
0.645791
0.644571
0.648231
0.647824
0.647418
0.647824
0.651484
0.652298
0.648638
0.649858
0.647418
0.646604
0.648638
0.650264
0.651078
0.652704
0.646198
0.649858
0.647824
0.653518
0.650671
0.658804
0.655551
0.654331
0.649044
0.648231
0.648231
0.651891
0.655144
0.654738
0.657584
0.657584
0.648638
0.650671
0.653111
0.650671
0.649858
0.649858
0.650671
0.656771
0.652298
0.651891
0.657178
0.655551
0.655551
0.657178
0.657584
0.658804
0.657584
0.657178
0.655958
0.651078
0.649044
0.649044
0.651484
0.652298
0.653518
0.655958
0.658398
0.658804
0.653518
0.650671
0.645791
0.643758
0.643758
0.649044
0.649451
0.651891
0.652704
0.645384
0.642538
0.644164
0.654331
0.649044
0.644978
0.640098
0.642538
0.646604
0.651484
0.649451
0.649451
0.651484
0.650671
0.653518
0.651891
0.652704
0.654738
0.651078
0.649044
0.648638
0.645791
0.644978
0.647418
0.653518
0.658804
0.653518
0.658398
0.651078
0.644571
0.638064
0.640911
0.640504
0.640911
0.638878
0.642131
0.645384
0.653111
0.651891
0.651891
0.655958
0.655958
0.654331
0.654331
0.654738
0.655551
0.657991
0.658398
0.656771
0.656364
0.655144
0.653518
0.654738
0.653111
0.655144
0.661244
0.662464
0.655144
0.655958
0.654331
0.654738
0.647824
0.655144
0.655144
0.658804
0.657584
0.651891
0.650264
0.653924
0.650671
0.647418
0.649451
0.650264
0.650671
0.651484
0.653518
0.650264
0.650671
0.655958
0.649044
0.645791
0.650264
0.654738
0.654331
0.650671
0.652298
0.652704
0.647824
0.645791
0.650264
0.651078
0.655144
0.652298
0.655958
0.651891
0.651078
0.650264
0.651078
0.653518
0.656771
0.657584
0.654738
0.654331
0.655551
0.652704
0.654738
0.654738
0.654331
0.650671
0.648231
0.652704
0.655144
0.657178
0.654738
0.658804
0.652704
0.650264
0.648638
0.645791
0.649044
0.653924
0.659618
0.658398
0.654331
0.649858
0.646198
0.647418
0.647011
0.649044
0.651484
0.653518
0.653518
0.649044
0.647418
0.645384
0.646604
0.650264
0.651891
0.657584
0.663684
0.659211
0.658398
0.657178
0.657178
0.656771
0.655551
0.653924
0.651484
0.649858
0.647824
0.647011
0.650671
0.652704
0.653924
0.652704
0.651078
0.653111
0.647011
0.647418
0.649044
0.656364
0.653924
0.654738
0.644571
0.645384
0.643351
0.647011
0.647824
0.648638
0.649451
0.651078
0.647824
0.638064
0.638064
0.631964
0.632778
0.628304
0.627084
0.627898
0.633998
0.638064
0.638064
0.646604
0.649451
0.647011
0.655144
0.656364
0.656364
0.656364
0.655551
0.657178
0.660838
0.659618
0.657178
0.657584
0.656771
0.656771
0.657584
0.656364
0.658398
0.659211
0.651891
0.653924
0.642944
0.642944
0.642131
0.642538
0.645791
0.651484
0.656364
0.645384
0.641318
0.640098
0.642538
0.642538
0.649858
0.660024
0.651891
0.648231
0.644978
0.643758
0.644571
0.644571
0.649044
0.653518
0.657991
0.657991
0.659211
0.657584
0.657991
0.663278
0.657991
0.651891
0.651484
0.656364
0.661244
0.658398
0.656364
0.660024
0.657178
0.653924
0.650671
0.651078
0.650264
0.659618
0.658804
0.657178
0.658804
0.658398
0.658398
0.660838
0.660431
0.661244
0.664498
0.657584
0.657178
0.658804
0.664498
0.661244
0.661651
0.661244
0.660024
0.659618
0.660024
0.654738
0.651891
0.653111
0.660024
0.658398
0.659211
0.659211
0.660431
0.660431
0.660431
0.655551
0.657178
0.660024
0.658804
0.659618
0.659211
0.658398
0.657991
0.657991
0.657178
0.660838
0.659618
0.662058
0.659211
0.658398
0.658804
0.662871
0.661651
0.657584
0.653111
0.655144
0.657178
0.664904
0.661244
0.662058
0.659618
0.660431
0.660838
0.659211
0.659211
0.660024
0.660024
0.661651
0.660838
0.662058
0.661244
0.661651
0.658804
0.656771
0.655144
0.658804
0.660838
0.661244
0.661244
0.659618
0.661651
0.659618
0.658398
0.658398
0.659618
0.662058
0.659211
0.657991
0.656771
0.660431
0.660431
0.658398
0.653518
0.655958
0.658398
0.660838
0.660838
0.662058
0.661651
0.660431
0.662871
0.661244
0.658804
0.657991
0.660024
0.659618
0.655958
0.655551
0.649451
0.647011
0.657991
0.660431
0.651484
0.650264
0.651891
0.657584
0.662058
0.662871
0.659211
0.656771
0.657584
0.658398
0.658804
0.660431
0.663684
0.659618
0.663684
0.659211
0.660024
0.658804
0.660431
0.659618
0.660431
0.660431
0.660024
0.658804
0.660431
0.659618
0.659618
0.662058
0.656364
0.653924
0.657178
0.659618
0.663684
0.660838
0.662058
0.657991
0.659211
0.660431
0.655144
0.657178
0.655551
0.658398
0.657991
0.657991
0.658398
0.659618
0.654331
0.649451
0.649451
0.655958
0.661651
0.662464
0.659211
0.657178
0.657991
0.660838
0.657178
0.655551
0.659618
0.658398
0.659211
0.661651
0.661244
0.655144
0.658804
0.659211
0.657991
0.653924
0.645384
0.648231
0.657178
0.660838
0.660024
0.656364
0.655958
0.656771
0.658398
0.657584
0.657584
0.655144
0.656771
0.658398
0.656771
0.657178
0.657178
0.660838
0.660838
0.659618
0.661244
0.657584
0.657584
0.656771
0.651484
0.658398
0.651078
0.645384
0.647824
0.655958
0.659211
0.659211
0.645384
0.643351
0.638878
0.638471
0.638878
0.638878
0.641318
0.648638
0.653924
0.655551
0.657991
0.656771
0.650671
0.646198
0.644978
0.653518
0.658398
0.651484
0.650671
0.647418
0.652298
0.653111
0.647011
0.641724
0.640098
0.642131
0.649858
0.656771
0.657584
0.656771
0.658804
0.656771
0.652298
0.655958
0.652704
0.653518
0.653518
0.651484
0.652704
0.651891
0.651078
0.651891
0.654738
0.653111
0.654331
0.660024
0.661651
0.662058
0.660838
0.655551
0.654738
0.654738
0.649451
0.649451
0.653518
0.652704
0.655144
0.657178
0.660838
0.658804
0.653518
0.655144
0.653111
0.655144
0.654331
0.654331
0.655958
0.654331
0.655551
0.655551
0.654331
0.652704
0.653924
0.654331
0.653111
0.654331
0.657584
0.659618
0.657178
0.656364
0.655958
0.659211
0.657991
0.657991
0.659618
0.658804
0.659211
0.655144
0.654331
0.653111
0.653924
0.653111
0.655551
0.657178
0.655958
0.660024
0.657584
0.655958
0.655144
0.654331
0.653924
0.652298
0.654331
0.655551
0.660024
0.662464
0.662871
0.662058
0.659211
0.655144
0.651078
0.653111
0.653924
0.655551
0.656364
0.658804
0.656364
0.660024
0.657584
0.653518
0.654738
0.659211
0.655551
0.659618
0.664091
0.663684
0.661651
0.658398
0.655144
0.653924
0.652298
0.657178
0.657991
0.660838
0.660024
0.659211
0.660431
0.659211
0.654331
0.657991
0.657991
0.658804
0.660838
0.662464
0.660838
0.660431
0.658398
0.664498
0.660431
0.662058
0.660431
0.660024
0.657991
0.663684
0.661244
0.659618
0.660431
0.659211
0.656771
0.654738
0.654331
0.656364
0.657584
0.657991
0.654738
0.656771
0.657178
0.655958
0.656364
0.656364
0.655144
0.657991
0.657991
0.659211
0.659211
0.657584
0.657991
0.657584
0.657178
0.661651
0.664498
0.661244
0.660431
0.662871
0.661651
0.657584
0.655958
0.660838
0.660431
0.658804
0.657584
0.660838
0.660838
0.660838
0.657178
0.659211
0.656771
0.655144
0.656771
0.657584
0.658804
0.660838
0.661244
0.661651
0.660431
0.656364
0.656771
0.655551
0.657178
0.655958
0.659618
0.653111
0.655144
0.655551
0.654738
0.661651
0.658804
0.660024
0.661651
0.660024
0.660024
0.660024
0.659618
0.661244
0.663684
0.661244
0.655551
0.655551
0.656364
0.659211
0.657991
0.660838
0.659618
0.662058
0.660024
0.660024
0.659211
0.660431
0.658804
0.665718
0.667344
0.667344
0.660024
0.659618
0.660024
0.656364
0.655958
0.655144
0.662058
0.666124
0.664498
0.662464
0.662058
0.661244
0.653518
0.657178
0.658398
0.655144
0.655144
0.659211
0.658398
0.661244
0.658804
0.658804
0.656364
0.657178
0.659211
0.660024
0.659618
0.660024
0.660024
0.660431
0.659211
0.655958
0.658398
0.657178
0.658804
0.662464
0.661651
0.660838
0.661651
0.663278
0.656364
0.662058
0.659211
0.659211
0.660024
0.667344
0.669784
0.666938
0.664904
0.663278
0.658804
0.658804
0.659618
0.657991
0.660024
0.661651
0.658804
0.662871
0.661244
0.655551
0.653924
0.655551
0.655144
0.656771
0.660024
0.660431
0.662464
0.661244
0.658398
0.657584
0.657178
0.658804
0.657584
0.657584
0.661244
0.660838
0.659211
0.656771
0.655144
0.655144
0.654331
0.655144
0.658804
0.660024
0.661244
0.664091
0.663278
0.661651
0.660024
0.660431
0.660431
0.658398
0.656364
0.657584
0.657584
0.656771
0.657178
0.657178
0.659211
0.659618
0.656771
0.661651
0.663684
0.663278
0.662464
0.663684
0.662058
0.655958
0.657178
0.660024
0.657584
0.656771
0.664498
0.662058
0.660024
0.659618
0.660024
0.661651
0.661244
0.659211
0.659211
0.657178
0.660838
0.665311
0.668158
0.664091
0.666124
0.661244
0.657178
0.659618
0.660024
0.662058
0.661651
0.662464
0.659211
0.661651
0.657991
0.657178
0.659211
0.658398
0.663684
0.662464
0.665311
0.662464
0.657584
0.657178
0.656771
0.656364
0.661244
0.662871
0.662464
0.661651
0.661244
0.657584
0.654738
0.655144
0.654738
0.654331
0.659211
0.663278
0.662058
0.660838
0.661244
0.661244
0.662871
0.660431
0.662058
0.660024
0.658398
0.660431
0.660431
0.658804
0.658804
0.659211
0.662464
0.658804
0.659618
0.658398
0.655958
0.662871
0.662058
0.659211
0.655144
0.655144
0.657584
0.663278
0.658804
0.661244
0.660838
0.660024
0.662058
0.663684
0.664904
0.662058
0.662871
0.664091
0.660024
0.660838
0.658398
0.663278
0.662464
0.667751
0.667751
0.661244
0.661651
0.661651
0.660431
0.662464
0.665718
0.665311
0.662464
0.660024
0.661244
0.658804
0.660024
0.660838
0.660024
0.664498
0.661244
0.655144
0.656364
0.659211
0.663684
0.660431
0.661244
0.661651
0.659211
0.660838
0.660024
0.660838
0.661244
0.662871
0.662871
0.660024
0.658804
0.658804
0.662464
0.660838
0.660024
0.661651
0.660431
0.661244
0.657584
0.657178
0.654331
0.657991
0.661244
0.657178
0.658398
0.656771
0.657991
0.660024
0.658398
0.657991
0.660024
0.660431
0.663684
0.663278
0.662058
0.662058
0.662464
0.662871
0.662058
0.663278
0.661244
0.662871
0.664091
0.663684
0.664904
0.664091
0.664091
0.660838
0.663278
0.665311
0.666124
0.664091
0.664091
0.661651
0.662464
0.660431
0.657584
0.657991
0.660838
0.661244
0.663684
0.661651
0.664498
0.665311
0.662464
0.660431
0.662871
0.659618
0.663684
0.662058
0.662464
0.662058
0.660838
0.663278
0.663278
0.657584
0.657584
0.660431
0.658398
0.662464
0.660838
0.659618
0.658398
0.657991
0.654738
0.658398
0.660431
0.658398
0.658398
0.661244
0.660838
0.662058
0.662058
0.662871
0.662871
0.659618
0.660024
0.659618
0.661244
0.661244
0.661651
0.660838
0.657584
0.657584
0.662464
0.662871
0.658804
0.658398
0.662464
0.662058
0.653518
0.656771
0.658398
0.662871
0.666531
0.663684
0.662464
0.661244
0.665311
0.666124
0.664091
0.661651
0.655958
0.661651
0.659618
0.654738
0.655551
0.662058
0.662871
0.659211
0.656771
0.656771
0.658804
0.664091
0.662871
0.661244
0.662464
0.664904
0.664498
0.662464
0.662871
0.662464
0.662058
0.661651
0.659618
0.658804
0.659211
0.662464
0.664904
0.662464
0.663684
0.661651
0.657584
0.658804
0.657991
0.659618
0.660024
0.661651
0.661651
0.663684
0.666531
0.665311
0.664498
0.662464
0.660431
0.660838
0.662058
0.662464
0.662464
0.662871
0.663684
0.663684
0.665311
0.663278
0.660024
0.660431
0.661244
0.663684
0.663684
0.662871
0.663684
0.661244
0.660838
0.661244
0.660431
0.665311
0.664498
0.664498
0.663278
0.662871
0.663278
0.664498
0.663278
0.661651
0.662058
0.662464
0.663684
0.666124
0.666531
0.666938
0.666531
0.666531
0.664904
0.664091
0.665718
0.666531
0.666124
0.664904
0.664091
0.664498
0.660024
0.661244
0.660838
0.659618
0.660431
0.661244
0.662464
0.663278
0.663684
0.664091
0.664498
0.665311
0.662464
0.661244
0.668158
0.664498
0.664498
0.661244
0.666124
0.662058
0.661244
0.660024
0.662058
0.662058
0.662058
0.658398
0.660838
0.662871
0.664498
0.667751
0.667751
0.664904
0.666124
0.664904
0.663684
0.662058
0.663684
0.664904
0.663684
0.660024
0.662464
0.661244
0.666938
0.661244
0.660024
0.658398
0.660838
0.665718
0.661651
0.664498
0.663684
0.663278
0.665311
0.664904
0.662464
0.662464
0.662871
0.664904
0.665311
0.665311
0.664498
0.662058
0.659211
0.660838
0.662871
0.662058
0.660838
0.658804
0.661244
0.660024
0.664091
0.664091
0.663684
0.663278
0.664091
0.665311
0.665718
0.664091
0.663278
0.664904
0.662871
0.660431
0.663278
0.662464
0.662464
0.665311
0.664904
0.661651
0.662464
0.663278
0.663684
0.662871
0.662464
0.663278
0.662058
0.662058
0.662058
0.662871
0.662464
0.665718
0.665311
0.662871
0.657584
0.657178
0.661651
0.663278
0.664498
0.665718
0.666124
0.668158
0.667344
0.666124
0.665311
0.664498
0.666124
0.664498
0.666124
0.666938
0.664904
0.664904
0.661651
0.662058
0.663684
0.665718
0.662058
0.662871
0.663278
0.663684
0.667344
0.666938
0.667751
0.666938
0.668971
0.670191
0.663684
0.666938
0.665718
0.664904
0.666938
0.660024
0.663278
0.663278
0.662058
0.666531
0.665311
0.665718
0.662871
0.668564
0.665718
0.661244
0.659211
0.655958
0.656364
0.663684
0.668158
0.663684
0.660024
0.662058
0.664091
0.667344
0.664091
0.656364
0.654331
0.660838
0.663684
0.665311
0.660024
0.657584
0.664498
0.662871
0.664498
0.666531
0.668158
0.665311
0.664904
0.667751
0.670598
0.666938
0.666531
0.666124
0.664091
0.662058
0.666531
0.667344
0.664091
0.665718
0.667751
0.665718
0.665718
0.664904
0.662871
0.660024
0.663278
0.666938
0.665718
0.666938
0.668971
0.670191
0.665311
0.663278
0.663278
0.667751
0.670598
0.668158
0.667344
0.664904
0.666124
0.666938
0.671004
0.671004
0.670191
0.668564
0.668971
0.668564
0.668971
0.668564
0.667751
0.667751
0.668564
0.666124
0.665718
0.664904
0.665311
0.665311
0.663278
0.662464
0.666124
0.665311
0.666938
0.669378
0.666531
0.665311
0.664498
0.665311
0.668158
0.667344
0.667344
0.666124
0.668564
0.665718
0.662871
0.659618
0.662464
0.661244
0.663278
0.655144
0.655144
0.650264
0.652704
0.662464
0.667344
0.662058
0.657991
0.661244
0.665718
0.666531
0.667344
0.660838
0.659211
0.665718
0.665311
0.665718
0.662058
0.661244
0.661244
0.664091
0.664091
0.667751
0.666938
0.668158
0.668158
0.666531
0.666531
0.666124
0.665718
0.665718
0.666124
0.664904
0.665311
0.666531
0.667751
0.668564
0.669784
0.671411
0.669378
0.665718
0.665718
0.664904
0.661651
0.664091
0.663684
0.662464
0.667751
0.664904
0.665311
0.667751
0.667344
0.668564
0.669378
0.668564
0.666531
0.666938
0.665311
0.664904
0.664498
0.665718
0.666938
0.664091
0.664091
0.666531
0.666124
0.666938
0.668971
0.667751
0.667344
0.668971
0.668158
0.664904
0.663684
0.666531
0.671411
0.668971
0.666124
0.669784
0.668971
0.670191
0.661244
0.661651
0.660024
0.661244
0.664498
0.668158
0.661651
0.661244
0.662871
0.666124
0.663684
0.663278
0.660431
0.666124
0.666124
0.666124
0.664091
0.664091
0.665311
0.668564
0.666124
0.664498
0.664904
0.663278
0.667751
0.667344
0.662871
0.663684
0.663278
0.662464
0.662464
0.659211
0.662058
0.667344
0.667751
0.668564
0.669784
0.668971
0.663684
0.666124
0.664904
0.661244
0.661651
0.664091
0.666124
0.666531
0.665718
0.666938
0.663684
0.664498
0.662464
0.665718
0.666531
0.665311
0.666938
0.665718
0.668971
0.668158
0.666938
0.664498
0.660431
0.662058
0.669378
0.670191
0.668158
0.663684
0.659618
0.664498
0.673851
0.668158
0.664498
0.664091
0.664091
0.666938
0.664091
0.665311
0.662871
0.663684
0.664904
0.664904
0.664904
0.665718
0.667751
0.669378
0.672224
0.667751
0.666938
0.666938
0.670191
0.668971
0.664091
0.665311
0.664904
0.666124
0.666531
0.664498
0.665311
0.666938
0.665311
0.668971
0.669378
0.667344
0.665311
0.665311
0.665718
0.666124
0.668158
0.666531
0.666531
0.666124
0.665718
0.664498
0.666938
0.665311
0.664091
0.664498
0.666124
0.668158
0.668971
0.667344
0.665311
0.667751
0.666938
0.666938
0.666938
0.666531
0.670598
0.669378
0.668564
0.668971
0.670598
0.666938
0.668158
0.667344
0.667751
0.669378
0.665718
0.666938
0.667344
0.666124
0.666938
0.668158
0.668158
0.668564
0.667344
0.670191
0.668564
0.671411
0.670598
0.671004
0.671818
0.671004
0.668971
0.669378
0.666531
0.665311
0.664498
0.665311
0.668564
0.666531
0.666531
0.665311
0.666124
0.665311
0.661244
0.660838
0.657584
0.660431
0.666938
0.668158
0.664498
0.663278
0.666531
0.667344
0.664904
0.664091
0.665718
0.670191
0.671004
0.670191
0.667344
0.666938
0.664091
0.665718
0.665311
0.663684
0.666531
0.665311
0.664904
0.663684
0.663684
0.666938
0.667751
0.667344
0.667344
0.666124
0.667751
0.671004
0.667344
0.670598
0.668158
0.666124
0.667751
0.662871
0.662871
0.664091
0.666124
0.666938
0.665718
0.665718
0.666531
0.668158
0.667751
0.667751
0.666531
0.668158
0.668971
0.668564
0.669378
0.667751
0.670598
0.670191
0.670598
0.669378
0.668564
0.667344
0.667751
0.666938
0.667344
0.668158
0.667751
0.669784
0.668971
0.669378
0.671818
0.672631
0.671004
0.671411
0.669378
0.670598
0.670191
0.670598
0.667344
0.667751
0.670598
0.667751
0.667344
0.665718
0.667751
0.666938
0.666124
0.663684
0.663278
0.666938
0.666124
0.667344
0.665311
0.667344
0.670191
0.667751
0.666124
0.665718
0.663684
0.667344
0.666938
0.668564
0.668564
0.666124
0.665718
0.666124
0.665311
0.666531
0.666531
0.666531
0.668564
0.667344
0.666531
0.667344
0.666531
0.666531
0.664498
0.666938
0.663278
0.664091
0.664091
0.666531
0.666124
0.666938
0.665718
0.670191
0.668158
0.666938
0.666124
0.665311
0.667344
0.668971
0.668971
0.668971
0.668971
0.668564
0.667344
0.668564
0.666938
0.665718
0.666531
0.666531
0.664904
0.664498
0.665311
0.664091
0.663684
0.664498
0.667751
0.665718
0.666531
0.667344
0.667751
0.668971
0.667751
0.668158
0.666124
0.668971
0.669784
0.669378
0.668564
0.667751
0.665718
0.666531
0.668971
0.669784
0.667344
0.667344
0.664498
0.666531
0.665718
0.664498
0.663278
0.665311
0.663278
0.665718
0.669378
0.669378
0.670191
0.670598
0.671818
0.671818
0.666938
0.666938
0.666938
0.668158
0.669378
0.667751
0.667344
0.666938
0.667344
0.666938
0.664904
0.664091
0.665718
0.665311
0.668971
0.663278
0.660838
0.656364
0.657178
0.666531
0.664904
0.662058
0.662464
0.666531
0.668158
0.666938
0.666938
0.666124
0.665718
0.664498
0.661651
0.660838
0.662871
0.666531
0.666938
0.669784
0.671004
0.666124
0.670191
0.667751
0.665311
0.666938
0.670191
0.665311
0.663684
0.664091
0.663278
0.665311
0.667344
0.660024
0.657991
0.663278
0.662464
0.666124
0.661651
0.658398
0.659618
0.662058
0.665311
0.664498
0.661651
0.662058
0.663684
0.665311
0.666938
0.664498
0.662871
0.665718
0.664904
0.662871
0.662871
0.661244
0.662464
0.662464
0.662058
0.660431
0.661244
0.660838
0.660838
0.662871
0.662871
0.662871
0.664498
0.661651
0.660024
0.665311
0.666124
0.659211
0.660024
0.660838
0.664498
0.662464
0.660431
0.660431
0.662058
0.662058
0.663684
0.661651
0.662464
0.663684
0.660838
0.655958
0.656771
0.655144
0.657991
0.660024
0.662464
0.661244
0.665718
0.668971
0.664904
0.669378
0.668158
0.665311
0.662464
0.666124
0.661651
0.658398
0.660838
0.661244
0.664498
0.666124
0.665311
0.660838
0.661244
0.664904
0.664904
0.660431
0.660838
0.664904
0.662464
0.662871
0.662058
0.662464
0.664498
0.662058
0.665311
0.662871
0.665311
0.669378
0.668564
0.665311
0.659211
0.658398
0.666938
0.665718
0.660838
0.662871
0.665311
0.667751
0.668564
0.666531
0.666531
0.665311
0.668564
0.666531
0.664904
0.664904
0.666124
0.666938
0.667344
0.668971
0.667751
0.666938
0.668158
0.669378
0.670191
0.669784
0.668158
0.669784
0.669784
0.667751
0.668971
0.669378
0.668158
0.669378
0.668564
0.669784
0.670191
0.668564
0.665718
0.665311
0.665311
0.662871
0.664904
0.665311
0.669784
0.666938
0.668564
0.664498
0.660838
0.662058
0.666531
0.667751
0.666938
0.665718
0.666124
0.663684
0.664091
0.664498
0.671004
0.668158
0.668564
0.667751
0.666124
0.668564
0.667344
0.664904
0.665718
0.665311
0.665311
0.663684
0.663684
0.658398
0.662464
0.665311
0.665718
0.666124
0.664904
0.664091
0.664904
0.668564
0.665718
0.665718
0.667751
0.665311
0.667344
0.666531
0.666938
0.668564
0.668158
0.666531
0.665311
0.664091
0.663278
0.661651
0.664904
0.665311
0.666531
0.666531
0.667344
0.664904
0.664904
0.664904
0.666531
0.670598
0.665718
0.666124
0.666531
0.663684
0.665718
0.664091
0.659618
0.661651
0.660431
0.663684
0.663684
0.660838
0.664091
0.664904
0.667344
0.669784
0.667344
0.663684
0.664091
0.668971
0.667751
0.666531
0.666124
0.667751
0.668158
0.667344
0.668158
0.666124
0.665311
0.665718
0.664091
0.664498
0.664091
0.664091
0.663684
0.662464
0.664498
0.661244
0.661244
0.662058
0.661244
0.661244
0.662871
0.661651
0.662871
0.663278
0.664498
0.665311
0.667344
0.666124
0.666938
0.667751
0.666938
0.666124
0.666531
0.665718
0.669378
0.671004
0.669784
0.667344
0.666124
0.667751
0.664904
0.658398
0.658804
0.663278
0.666124
0.662058
0.662464
0.663684
0.662058
0.663684
0.666938
0.663278
0.663278
0.669378
0.668158
0.669378
0.666531
0.662058
0.661244
0.663684
0.666531
0.666531
0.666124
0.667751
0.667344
0.665311
0.666531
0.666124
0.668158
0.668971
0.668971
0.667751
0.667344
0.666531
0.665718
0.663684
0.666124
0.665718
0.665311
0.667751
0.665311
0.666124
0.665311
0.665718
0.664498
0.665718
0.666124
0.664904
0.663684
0.664091
0.663684
0.663684
0.662464
0.663684
0.666938
0.669784
0.669378
0.671004
0.668158
0.667344
0.661651
0.661651
0.661651
0.663278
0.663278
0.663278
0.664091
0.664904
0.665718
0.665718
0.665718
0.665718
0.665311
0.667344
0.665718
0.667751
0.666938
0.668158
0.666938
0.666531
0.668564
0.669784
0.667344
0.664498
0.667344
0.668564
0.668158
0.663684
0.666124
0.668158
0.670191
0.668158
0.667344
0.665311
0.666124
0.665718
0.668971
0.667751
0.664498
0.668158
0.666938
0.665311
0.664904
0.665311
0.664091
0.666531
0.666124
0.666531
0.664091
0.665311
0.666938
0.667344
0.665718
0.664498
0.667751
0.667751
0.667751
0.666938
0.665718
0.664498
0.665311
0.664091
0.665718
0.666124
0.665718
0.666124
0.664091
0.663684
0.668564
0.668564
0.668971
0.666938
0.669378
0.668564
0.668564
0.666124
0.666938
0.665718
0.668158
0.664498
0.662058
0.664091
0.662464
0.662871
0.666124
0.666531
0.667751
0.666938
0.667344
0.670191
0.668971
0.668564
0.670191
0.669784
0.669784
0.667751
0.668971
0.671004
0.672631
0.673444
0.672224
0.671411
0.669784
0.668564
0.666531
0.664904
0.664904
0.664904
0.664904
0.664498
0.662464
0.663684
0.665311
0.664904
0.663684
0.665718
0.665718
0.666938
0.668971
0.670191
0.667751
0.669784
0.668158
0.668158
0.665718
0.666124
0.668971
0.666124
0.667751
0.665718
0.663684
0.665311
0.668971
0.666124
0.661244
0.661651
0.665311
0.667344
0.665718
0.666124
0.662871
0.666938
0.664091
0.660431
0.665311
0.664498
0.663684
0.664904
0.664498
0.662871
0.663684
0.663278
0.664904
0.667344
0.667344
0.667751
0.667344
0.666124
0.666531
0.668971
0.666938
0.666531
0.668158
0.668158
0.665311
0.666531
0.665718
0.668971
0.672631
0.670598
0.667751
0.666124
0.665718
0.666531
0.664498
0.664498
0.666531
0.665718
0.662058
0.664091
0.660431
0.662464
0.664091
0.664498
0.666124
0.669378
0.669784
0.668971
0.667344
0.667344
0.667344
0.666531
0.665718
0.664498
0.663684
0.664498
0.667751
0.668158
0.667344
0.665311
0.664091
0.667344
0.667751
0.667751
0.667751
0.668971
0.666124
0.664904
0.663684
0.663684
0.664904
0.666938
0.669378
0.668971
0.669378
0.668971
0.667344
0.665718
0.664904
0.664091
0.665311
0.665718
0.664904
0.666124
0.664904
0.666124
0.665311
0.665311
0.664091
0.664498
0.667344
0.667751
0.668158
0.670191
0.667344
0.661651
0.662058
0.667751
0.665311
0.662058
0.665718
0.663684
0.660838
0.661244
0.662464
0.664904
0.663684
0.663684
0.662058
0.664904
0.668158
0.665311
0.661244
0.660431
0.661244
0.662871
0.669784
0.665718
0.661244
0.665718
0.667344
0.665718
0.664904
0.664904
0.665311
0.666938
0.664904
0.666938
0.661651
0.661651
0.665311
0.667751
0.666531
0.664091
0.666938
0.666124
0.666124
0.666938
0.666124
0.668158
0.669378
0.667344
0.666124
0.662058
0.666531
0.668564
0.664498
0.662058
0.664904
0.669378
0.668564
0.666938
0.668564
0.668158
0.666938
0.668158
0.666531
0.664091
0.668971
0.666124
0.662058
0.661244
0.661244
0.661651
0.662464
0.669378
0.662871
0.663684
0.665311
0.666938
0.667751
0.667344
0.666938
0.667751
0.667344
0.665718
0.660838
0.663278
0.667751
0.664091
0.662464
0.662871
0.662058
0.662464
0.664904
0.667344
0.664904
0.664498
0.665311
0.665718
0.669378
0.667751
0.668564
0.668158
0.667344
0.669784
0.670598
0.670598
0.670191
0.664904
0.665311
0.668971
0.669378
0.664904
0.662871
0.661651
0.664091
0.669784
0.667344
0.664091
0.665311
0.664904
0.667751
0.665311
0.660024
0.659211
0.663278
0.666124
0.664498
0.664498
0.660024
0.664091
0.666531
0.667344
0.664091
0.663684
0.664904
0.669784
0.668158
0.666938
0.663278
0.665311
0.668971
0.664904
0.660024
0.660024
0.661244
0.665311
0.669378
0.668158
0.670191
0.668564
0.668971
0.669784
0.664498
0.662058
0.663278
0.662871
0.665718
0.665311
0.666531
0.668971
0.667344
0.669378
0.666124
0.667344
0.666531
0.663684
0.661651
0.663278
0.666531
0.665311
0.664904
0.663684
0.664091
0.665311
0.666531
0.664498
0.666531
0.666938
0.667344
0.664904
0.667751
0.666938
0.664498
0.665311
0.666531
0.669784
0.668158
0.666124
0.666938
0.667751
0.666124
0.664091
0.666124
0.669784
0.667344
0.666124
0.666124
0.666938
0.665718
0.663278
0.665718
0.662058
0.662464
0.665311
0.663684
0.663684
0.666124
0.666124
0.665311
0.664498
0.664498
0.665718
0.664904
0.667751
0.666938
0.667751
0.666938
0.666938
0.668971
0.668564
0.666531
0.668158
0.668158
0.668158
0.666938
0.670598
0.666531
0.669784
0.667344
0.667344
0.660838
0.660838
0.659211
0.657178
0.656364
0.658804
0.661244
0.658804
0.663278
0.666124
0.662464
0.663684
0.666938
0.668971
0.664904
0.664498
0.666938
0.669784
0.669784
0.667344
0.668158
0.666938
0.665718
0.667751
0.668971
0.670598
0.669378
0.667751
0.664498
0.664091
0.662871
0.661651
0.665311
0.669784
0.671004
0.669784
0.671004
0.668971
0.665718
0.666531
0.666531
0.665718
0.668564
0.669378
0.670191
0.666531
0.667344
0.669378
0.667751
0.667344
0.666124
0.664091
0.665718
0.665718
0.665311
0.663278
0.664091
0.665718
0.666124
0.665718
0.668158
0.671004
0.671004
0.669784
0.669378
0.668158
0.665311
0.664091
0.665311
0.665311
0.665718
0.664498
0.663684
0.664091
0.665311
0.666938
0.666124
0.666938
0.666124
0.665718
0.664498
0.666531
0.666938
0.668158
0.667751
0.669378
0.669378
0.666531
0.667344
0.666938
0.665311
0.666124
0.663278
0.663684
0.665311
0.665311
0.666124
0.664498
0.664498
0.665718
0.664904
0.663684
0.666531
0.664498
0.662871
0.664091
0.664091
0.664091
0.665311
0.664091
0.664904
0.666124
0.666531
0.665718
0.666938
0.666124
0.664904
0.666938
0.664498
0.664091
0.665311
0.664904
0.669784
0.670598
0.670191
0.665311
0.664904
0.667344
0.666531
0.667344
0.667751
0.662058
0.663278
0.662464
0.662871
0.665311
0.664498
0.663278
0.663684
0.661244
0.662058
0.661244
0.664091
0.666531
0.666531
0.668158
0.667751
0.666124
0.665718
0.665311
0.664498
0.663684
0.665311
0.664498
0.666124
0.666531
0.667344
0.663684
0.659211
0.664498
0.664904
0.665311
0.666531
0.666938
0.667751
0.668564
0.669378
0.668158
0.669378
0.668158
0.666938
0.663684
0.667344
0.666124
0.666531
0.666531
0.662871
0.666531
0.667751
0.665718
0.664091
0.662058
0.661651
0.664498
0.664904
0.667344
0.665311
0.662464
0.665718
0.663278
0.663278
0.661244
0.666531
0.664904
0.664498
0.664091
0.668158
0.668158
0.667344
0.665311
0.665718
0.668158
0.666938
0.664498
0.661244
0.662871
0.666124
0.666938
0.665311
0.656364
0.656771
0.668564
0.666938
0.661651
0.655958
0.656771
0.664498
0.669378
0.660024
0.655958
0.661244
0.664904
0.664904
0.657991
0.654738
0.655551
0.659618
0.662058
0.664498
0.656771
0.655958
0.660024
0.660838
0.663684
0.663278
0.662058
0.661244
0.661244
0.664091
0.664904
0.662871
0.664904
0.664091
0.664904
0.666124
0.666531
0.665718
0.665311
0.666124
0.664904
0.661244
0.661244
0.662058
0.664904
0.661244
0.664498
0.665311
0.659618
0.663278
0.664498
0.665311
0.666124
0.664091
0.663684
0.661651
0.660838
0.662871
0.662464
0.661651
0.662464
0.660838
0.663278
0.662464
0.662871
0.661651
0.662058
0.662464
0.662871
0.662871
0.659211
0.659211
0.658804
0.657991
0.662058
0.664904
0.664904
0.666124
0.666938
0.667751
0.665311
0.665718
0.668158
0.665718
0.663278
0.665718
0.666531
0.664904
0.664091
0.665718
0.665311
0.663684
0.666124
0.666938
0.666531
0.667751
