0.489223
0.517690
0.522570
0.530297
0.539244
0.543310
0.544937
0.546564
0.546157
0.548190
0.550630
0.546970
0.549817
0.551850
0.554290
0.553477
0.556730
0.554290
0.555917
0.555104
0.555510
0.560390
0.564050
0.567710
0.570150
0.572590
0.572997
0.574217
0.574217
0.575031
0.577877
0.576251
0.576251
0.577064
0.574624
0.576251
0.575031
0.569744
0.556324
0.562017
0.569744
0.577471
0.582757
0.586011
0.584384
0.585604
0.589264
0.593331
0.593331
0.592517
0.594957
0.598211
0.594957
0.595771
0.595771
0.596991
0.597397
0.595771
0.592924
0.592517
0.590484
0.593331
0.598211
0.598211
0.598211
0.600651
0.601871
0.599837
0.601464
0.601464
0.600244
0.606751
0.612037
0.613664
0.616104
0.616917
0.617324
0.615291
0.611631
0.614477
0.623424
0.626678
0.623831
0.624644
0.624237
0.619357
0.612851
0.611224
0.615697
0.619764
0.620984
0.620577
0.620577
0.621391
0.620577
0.618951
0.613664
0.609191
0.615697
0.612037
0.618137
0.621797
0.623831
0.622611
0.618951
0.622204
0.613664
0.606344
0.616104
0.613257
0.611631
0.618544
0.618544
0.623017
0.624644
0.620171
0.621391
0.620984
0.620171
0.621391
0.625051
0.627084
0.625051
0.624237
0.624644
0.627084
0.627898
0.626271
0.625864
0.623017
0.625864
0.624237
0.624644
0.622611
0.620984
0.624644
0.624237
0.621797
0.620577
0.623424
0.625864
0.623017
0.628304
0.629118
0.627491
0.627898
0.627491
0.624644
0.625864
0.624644
0.628304
0.632371
0.631151
0.631151
0.631558
0.629118
0.631151
0.632778
0.630338
0.628304
0.631151
0.633184
0.629931
0.634811
0.632371
0.633591
0.631964
0.633591
0.632778
0.631964
0.632371
0.635624
0.634811
0.638471
0.636844
0.631964
0.636031
0.636844
0.635624
0.636438
0.636031
0.633184
0.632778
0.629931
0.632371
0.634404
0.631964
0.627084
0.629931
0.627491
0.627898
0.628711
0.632778
0.634404
0.637658
0.638878
0.642944
0.638878
0.636031
0.636438
0.637658
0.637251
0.636844
0.639284
0.638471
0.637658
0.636438
0.637658
0.638471
0.637658
0.636844
0.642131
0.644571
0.643758
0.641318
0.642538
0.637251
0.638878
0.637251
0.638878
0.635624
0.638878
0.642944
0.641318
0.639284
0.644571
0.640098
0.639284
0.641724
0.640504
0.643758
0.646604
0.643351
0.642944
0.642538
0.638878
0.634811
0.634811
0.635218
0.636031
0.637658
0.643758
0.642538
0.642944
0.642131
0.645384
0.642131
0.639284
0.640911
0.640098
0.639284
0.644978
0.649044
0.645791
0.648231
0.641318
0.642944
0.643351
0.642538
0.642944
0.646604
0.647011
0.645791
0.644571
0.644164
0.644571
0.644978
0.641724
0.638878
0.642944
0.646604
0.644978
0.645791
0.644164
0.647418
0.645791
0.645384
0.645791
0.646604
0.644164
0.645384
0.645384
0.644978
0.648231
0.646198
0.644164
0.645384
0.645384
0.643758
0.644164
0.651891
0.649858
0.647824
0.644571
0.643351
0.642131
0.648638
0.648638
0.647824
0.648231
0.649858
0.646604
0.647011
0.642944
0.642538
0.639691
0.641724
0.642944
0.645791
0.647011
0.650671
0.649044
0.649858
0.652298
0.649858
0.652704
0.650671
0.654738
0.652298
0.654331
0.654738
0.652298
0.653518
0.652704
0.647011
0.648638
0.649044
0.648638
0.654738
0.657991
0.658804
0.658804
0.652704
0.651891
0.647011
0.651078
0.649858
0.644978
0.646198
0.649858
0.651484
0.651891
0.651891
0.649858
0.651484
0.651891
0.651891
0.653111
0.653924
0.651891
0.651891
0.653111
0.651484
0.647011
0.648638
0.652298
0.654331
0.653518
0.652704
0.654331
0.655551
0.655958
0.654331
0.652298
0.651891
0.651078
0.651078
0.654331
0.655958
0.655958
0.651484
0.646604
0.652298
0.653111
0.651078
0.651484
0.653518
0.657178
0.655958
0.653111
0.651078
0.651078
0.650264
0.647824
0.652298
0.658804
0.658398
0.655958
0.655551
0.657178
0.659211
0.656364
0.648638
0.651484
0.649858
0.649044
0.649451
0.652704
0.651891
0.655144
0.656771
0.653518
0.646604
0.654738
0.658804
0.657991
0.656771
0.653111
0.652298
0.654738
0.655958
0.651484
0.643351
0.646198
0.647824
0.642944
0.641318
0.644978
0.647418
0.647011
0.647011
0.648638
0.649451
0.651891
0.649858
0.653924
0.653111
0.649451
0.657178
0.652298
0.651891
0.653518
0.655144
0.655958
0.655551
0.655958
0.661651
0.662464
0.655144
0.653518
0.651484
0.648638
0.651891
0.657991
0.660024
0.655958
0.657584
0.658804
0.658398
0.653111
0.647824
0.647824
0.649451
0.648231
0.653111
0.657584
0.657178
0.654331
0.656364
0.654331
0.652298
0.650671
0.654738
0.654738
0.655551
0.654738
0.651484
0.649451
0.648231
0.652704
0.652298
0.657584
0.655958
0.654331
0.653518
0.652704
0.656364
0.656771
0.655144
0.653924
0.657991
0.660838
0.659211
0.655958
0.655144
0.656771
0.650264
0.654738
0.655144
0.652298
0.656771
0.655551
0.654331
0.654738
0.657178
0.655958
0.655144
0.652704
0.657178
0.655144
0.662464
0.660431
0.655551
0.657991
0.655958
0.655551
0.656364
0.656771
0.651484
0.655958
0.654738
0.660024
0.657178
0.657178
0.651891
0.649451
0.651078
0.657584
0.657178
0.655144
0.657584
0.659211
0.660024
0.658804
0.653518
0.653518
0.654331
0.654738
0.651484
0.656771
0.658804
0.660024
0.656771
0.657178
0.652298
0.653518
0.658398
0.653924
0.652298
0.657584
0.661244
0.661651
0.658804
0.655551
0.651484
0.653518
0.657178
0.656364
0.651078
0.653111
0.658398
0.660024
0.656364
0.655958
0.655144
0.654331
0.657991
0.662464
0.657584
0.660024
0.663278
0.663684
0.658398
0.660431
0.658804
0.660024
0.658804
0.659618
0.661244
0.660431
0.660431
0.660024
0.661651
0.658804
0.658398
0.657178
0.658398
0.658804
0.655958
0.665718
0.664498
0.659211
0.657991
0.655958
0.658398
0.661244
0.658804
0.655958
0.657584
0.660431
0.658804
0.657991
0.658804
0.658804
0.656364
0.656364
0.657584
0.660024
0.660431
0.662058
0.661651
0.660838
0.662871
0.661651
0.659618
0.663278
0.663684
0.660024
0.662058
0.663684
0.657991
0.656771
0.656364
0.663684
0.665311
0.661651
0.662058
0.660838
0.660431
0.657991
0.660431
0.658398
0.661244
0.662464
0.660838
0.659618
0.661244
0.660431
0.665311
0.666124
0.663278
0.664091
0.666938
0.659211
0.657991
0.656771
0.657584
0.660838
0.657991
0.657991
0.656771
0.654331
0.658398
0.662058
0.660024
0.662464
0.664904
0.661244
0.660024
0.661651
0.658804
0.658398
0.663278
0.666531
0.657584
0.658804
0.659211
0.659211
0.663278
0.656771
0.656771
0.656771
0.660838
0.661651
0.658804
0.660431
0.660431
0.662464
0.657178
0.655958
0.656364
0.661244
0.664904
0.660838
0.660024
0.657991
0.662058
0.660431
0.659618
0.657584
0.655144
0.657584
0.662464
0.660431
0.658398
0.657178
0.656364
0.657991
0.654738
0.654331
0.654738
0.656364
0.658804
0.657584
0.650264
0.655958
0.655958
0.657584
0.653518
0.655144
0.658398
0.659618
0.662058
0.662058
0.663278
0.659618
0.658398
0.657584
0.655958
0.656364
0.659618
0.662058
0.660431
0.660838
0.663278
0.662464
0.662871
0.657584
0.657584
0.656771
0.660431
0.657584
0.655144
0.653518
0.657178
0.659211
0.653518
0.655958
0.653518
0.654738
0.662058
0.658804
0.654738
0.659211
0.660838
0.658804
0.659211
0.659618
0.663684
0.665718
0.669378
0.667344
0.664091
0.663278
0.661244
0.660431
0.655958
0.661244
0.665718
0.669784
0.664091
0.664498
0.666124
0.662464
0.660024
0.657584
0.651891
0.655144
0.658398
0.662464
0.660838
0.662058
0.662464
0.657991
0.657178
0.660024
0.656771
0.659618
0.661244
0.659618
0.655551
0.659211
0.659618
0.659618
0.657991
0.658804
0.659618
0.658804
0.659211
0.657178
0.654738
0.653518
0.656364
0.658398
0.655958
0.656771
0.663278
0.664904
0.669378
0.664091
0.662871
0.663684
0.662058
0.656364
0.655144
0.653518
0.659211
0.660024
0.661244
0.658804
0.659618
0.659618
0.660024
0.655551
0.655958
0.653518
0.654738
0.661244
0.658398
0.657178
0.657178
0.657178
0.650264
0.653111
0.655144
0.658398
0.660431
0.661651
0.660838
0.657584
0.659618
0.653518
0.651891
0.657584
0.658804
0.664904
0.664904
0.662464
0.658804
0.657584
0.658398
0.657584
0.651078
0.655144
0.658804
0.659211
0.661244
0.664904
0.661651
0.658398
0.653924
0.654738
0.652298
0.657991
0.662464
0.659211
0.660431
0.663278
0.661651
0.663684
0.661651
0.660431
0.662058
0.663278
0.666124
0.664498
0.664091
0.662464
0.660838
0.658398
0.655144
0.653924
0.659618
0.657584
0.660838
0.658398
0.660838
0.659618
0.659211
0.655551
0.651078
0.651891
0.654331
0.657584
0.659211
0.658804
0.661651
0.655144
0.657178
0.655551
0.656364
0.657991
0.659618
0.661244
0.660024
0.661651
0.660838
0.661244
0.659211
0.657584
0.658804
0.664904
0.666938
0.662871
0.662464
0.663278
0.661244
0.658398
0.655551
0.651078
0.654738
0.655144
0.664498
0.665718
0.664498
0.662871
0.660024
0.655958
0.651078
0.655551
0.660024
0.660024
0.660024
0.660431
0.659618
0.658804
0.659618
0.656771
0.653518
0.656771
0.663278
0.659211
0.663278
0.665718
0.661651
0.659211
0.659211
0.653924
0.651484
0.659618
0.657991
0.659618
0.661651
0.665311
0.659618
0.658398
0.655958
0.657178
0.656771
0.658398
0.662058
0.662871
0.662464
0.663684
0.658804
0.659618
0.659618
0.658804
0.660838
0.659618
0.663278
0.663278
0.664091
0.662871
0.657584
0.659618
0.656771
0.661651
0.660838
0.662464
0.660024
0.662464
0.660431
0.659618
0.659211
0.652704
0.655144
0.652704
0.660024
0.663684
0.663684
0.660838
0.661244
0.657991
0.657584
0.655144
0.650671
0.654331
0.658804
0.662058
0.663278
0.664091
0.661651
0.660838
0.660024
0.657178
0.659618
0.659618
0.659618
0.659618
0.660024
0.657584
0.656364
0.655144
0.655958
0.656771
0.661244
0.667344
0.666938
0.665311
0.668158
0.662058
0.658804
0.657178
0.650671
0.653111
0.658804
0.664904
0.664904
0.666124
0.664498
0.662464
0.657991
0.656364
0.653518
0.655144
0.658804
0.662464
0.662464
0.661244
0.660024
0.655551
0.657178
0.657178
0.662058
0.666938
0.665718
0.665718
0.664091
0.663278
0.667344
0.658398
0.658398
0.653111
0.661244
0.667344
0.670191
0.663278
0.660838
0.661651
0.659211
0.660024
0.649858
0.650264
0.651484
0.655144
0.662058
0.660838
0.661244
0.658804
0.656771
0.656364
0.651484
0.655958
0.662464
0.663684
0.663278
0.662871
0.660024
0.663278
0.663278
0.662464
0.657584
0.662871
0.666124
0.665718
0.660838
0.660431
0.660431
0.659211
0.662058
0.660024
0.662871
0.665311
0.664498
0.665311
0.665718
0.667344
0.663278
0.655958
0.651891
0.655551
0.655144
0.660431
0.666531
0.666938
0.665718
0.660024
0.660838
0.657991
0.658804
0.657584
0.654738
0.655551
0.664904
0.664498
0.663278
0.660024
0.659211
0.659618
0.659211
0.660838
0.662464
0.668564
0.668564
0.666938
0.666124
0.660838
0.659211
0.655958
0.656364
0.657584
0.666531
0.664904
0.662871
0.663278
0.662464
0.662058
0.654738
0.654331
0.651891
0.658804
0.664498
0.666124
0.659618
0.659211
0.658804
0.663278
0.659618
0.657991
0.654331
0.655144
0.660024
0.661651
0.658804
0.663684
0.663684
0.665311
0.657584
0.659211
0.661244
0.664904
0.667751
0.666938
0.665311
0.662464
0.659618
0.657178
0.657991
0.661651
0.667344
0.664904
0.662871
0.665311
0.662464
0.657991
0.657991
0.655551
0.653111
0.656771
0.666531
0.665311
0.663278
0.659211
0.662058
0.656364
0.654331
0.653924
0.658398
0.657178
0.664091
0.668564
0.666938
0.664091
0.666124
0.662464
0.657178
0.657991
0.657584
0.665718
0.665718
0.665718
0.663684
0.660024
0.661651
0.660024
0.659211
0.657178
0.657991
0.661651
0.662058
0.662871
0.663278
0.658804
0.657584
0.652704
0.658398
0.664091
0.664904
0.663278
0.666124
0.668564
0.668158
0.659211
0.651891
0.653924
0.652704
0.664498
0.668564
0.668564
0.666124
0.662058
0.662871
0.660431
0.656771
0.655958
0.655958
0.659618
0.668158
0.668971
0.670191
0.667344
0.666124
0.660431
0.659211
0.656771
0.655958
0.659618
0.663278
0.665311
0.669378
0.671004
0.668158
0.665718
0.661244
0.658398
0.661651
0.662464
0.665718
0.666938
0.665718
0.664498
0.661651
0.661244
0.661651
0.660838
0.662464
0.666938
0.669378
0.669378
0.666531
0.661244
0.657178
0.657178
0.659211
0.663278
0.669378
0.672631
0.669378
0.663684
0.664498
0.662871
0.659211
0.658398
0.656771
0.660024
0.668564
0.670191
0.669784
0.664498
0.666531
0.666531
0.662464
0.660838
0.657584
0.663684
0.665718
0.666938
0.662871
0.662464
0.665311
0.667344
0.661244
0.662871
0.664904
0.668971
0.669378
0.667344
0.672224
0.664498
0.661651
0.662058
0.657584
0.662058
0.670191
0.671411
0.670598
0.669784
0.668971
0.663278
0.660024
0.661244
0.658398
0.659618
0.662871
0.667751
0.669784
0.667751
0.663278
0.661651
0.662058
0.663278
0.660431
0.663278
0.665718
0.662871
0.667751
0.668158
0.666531
0.664091
0.661651
0.666531
0.663684
0.664904
0.664498
0.666531
0.666938
0.664904
0.664498
0.664091
0.664498
0.665718
0.667751
0.671411
0.672631
0.671818
0.668971
0.663684
0.660024
0.660024
0.660838
0.660838
0.667344
0.671818
0.669378
0.668564
0.668564
0.665718
0.664498
0.655551
0.656364
0.657991
0.664498
0.668158
0.666531
0.667751
0.668564
0.664498
0.662464
0.657584
0.659211
0.661244
0.664091
0.670191
0.666531
0.664904
0.664091
0.660024
0.663684
0.660024
0.665311
0.666938
0.668158
0.668971
0.668158
0.666124
0.662464
0.661244
0.659618
0.660838
0.660024
0.664904
0.665718
0.664904
0.662058
0.660431
0.659211
0.660024
0.662464
0.660024
0.665311
0.666124
0.666938
0.666938
0.669784
0.662058
0.662058
0.660024
0.660838
0.664091
0.668971
0.668564
0.668971
0.664904
0.661244
0.658398
0.657178
0.658398
0.657991
0.662871
0.667344
0.664498
0.660431
0.660024
0.662871
0.658398
0.655144
0.655551
0.655551
0.660431
0.663278
0.661244
0.660431
0.661244
0.662464
0.662871
0.658804
0.664091
0.665311
0.665311
0.666938
0.665718
0.661244
0.662871
0.660431
0.660024
0.663684
0.664498
0.665718
0.667751
0.668158
0.666124
0.664091
0.661244
0.661651
0.661244
0.660838
0.662058
0.662871
0.667344
0.665311
0.661651
0.662058
0.656771
0.659618
0.657991
0.656771
0.660024
0.663684
0.664904
0.666124
0.661651
0.662058
0.659211
0.656771
0.657991
0.659211
0.660431
0.665311
0.668971
0.668971
0.669784
0.661651
0.662464
0.660024
0.657178
0.662871
0.671004
0.662871
0.664904
0.664498
0.661244
0.657584
0.658398
0.658398
0.657584
0.662058
0.660024
0.664904
0.667751
0.669378
0.664091
0.658804
0.660838
0.659211
0.660838
0.658804
0.667344
0.669784
0.667344
0.664091
0.661651
0.658398
0.660431
0.659211
0.662871
0.665311
0.668971
0.671004
0.668564
0.663684
0.661244
0.660431
0.658398
0.658804
0.667751
0.666124
0.666938
0.663684
0.663684
0.661244
0.660431
0.661651
0.664091
0.661244
0.662871
0.660838
0.663684
0.664904
0.666531
0.662058
0.660431
0.660024
0.659618
0.664498
0.668158
0.671818
0.670191
0.673038
0.669784
0.665718
0.663278
0.660431
0.661651
0.667344
0.673851
0.668971
0.668971
0.668158
0.670598
0.664091
0.663684
0.662464
0.663684
0.662871
0.666938
0.668564
0.666531
0.666531
0.659618
0.662058
0.662464
0.665311
0.663278
0.664091
0.668564
0.666124
0.668158
0.663684
0.664091
0.665311
0.664498
0.663684
0.666531
0.671411
0.667751
0.666531
0.662464
0.661244
0.658804
0.656771
0.662871
0.662871
0.673444
0.666124
0.663278
0.668971
0.666938
0.664498
0.661651
0.659618
0.662058
0.666124
0.661651
0.658804
0.655551
0.660838
0.665718
0.661651
0.660431
0.663684
0.660431
0.664904
0.663684
0.664091
0.661244
0.667344
0.664091
0.659618
0.660838
0.657991
0.661651
0.665718
0.665718
0.666124
0.668971
0.669378
0.667751
0.667751
0.666124
0.665718
0.668971
0.671004
0.664091
0.662464
0.661651
0.660431
0.658804
0.658398
0.662871
0.662058
0.667751
0.668971
0.664091
0.665718
0.662058
0.662058
0.658398
0.658398
0.658804
0.665718
0.666531
0.664904
0.664498
0.666938
0.666938
0.668971
0.661244
0.664904
0.662058
0.668971
0.671818
0.668158
0.666124
0.663684
0.660431
0.658804
0.659618
0.660838
0.668564
0.667344
0.661651
0.662058
0.659618
0.659211
0.659618
0.660431
0.661244
0.660431
0.661244
0.667751
0.666124
0.659618
0.664091
0.665311
0.659211
0.658804
0.660838
0.662871
0.662058
0.666938
0.666938
0.666938
0.662464
0.662871
0.664091
0.661244
0.662464
0.660838
0.665311
0.663684
0.663684
0.664091
0.662058
0.662058
0.662871
0.661244
0.661651
0.665311
0.670191
0.668564
0.666938
0.668564
0.665311
0.664904
0.661651
0.665311
0.667344
0.667751
0.666531
0.670191
0.666124
0.666938
0.664904
0.662871
0.664498
0.663278
0.665718
0.667344
0.665311
0.663278
0.664904
0.664904
0.662871
0.660024
0.664904
0.662464
0.664904
0.664498
0.662464
0.665311
0.664091
0.660024
0.666124
0.660024
0.663278
0.668158
0.665311
0.662464
0.662464
0.668971
0.664904
0.661244
0.663278
0.662058
0.657991
0.661651
0.664904
0.660024
0.658804
0.666938
0.666531
0.665311
0.662464
0.666938
0.664904
0.667344
0.668158
0.666124
0.667344
0.664904
0.668158
0.664091
0.661651
0.663684
0.666938
0.664904
0.664498
0.665718
0.665311
0.666531
0.666938
0.664498
0.664091
0.664904
0.666531
0.664498
0.660838
0.662464
0.664904
0.666531
0.667344
0.666938
0.666938
0.668158
0.663278
0.661651
0.661651
0.665718
0.664498
0.665311
0.664498
0.662058
0.661651
0.668971
0.664498
0.660431
0.662058
0.663684
0.667344
0.664091
0.662464
0.664498
0.668971
0.666124
0.665718
0.662058
0.656771
0.662058
0.662464
0.668971
0.663278
0.662058
0.661244
0.665718
0.664498
0.661244
0.661651
0.660431
0.661651
0.663684
0.665311
0.668158
0.669378
0.666531
0.666531
0.663278
0.664091
0.664091
0.664091
0.667344
0.662058
0.666938
0.666531
0.666531
0.662058
0.666124
0.663278
0.662871
0.659618
0.662464
0.665311
0.664498
0.664498
0.666124
0.663684
0.666938
0.660431
0.663278
0.661244
0.660431
0.659618
0.663684
0.664091
0.668158
0.668564
0.662871
0.655551
0.657584
0.660024
0.665311
0.669378
0.667344
0.666124
0.667751
0.666938
0.661244
0.657991
0.661651
0.663684
0.664498
0.663684
0.664904
0.660024
0.661651
0.665311
0.662871
0.662871
0.659618
0.657178
0.668564
0.668158
0.662871
0.662058
0.664091
0.667751
0.665718
0.662464
0.666938
0.666531
0.665311
0.667344
0.668564
0.665311
0.663684
0.666124
0.661244
0.661651
0.663278
0.667751
0.668564
0.669378
0.668971
0.667751
0.666938
0.670598
0.668158
0.666124
0.669378
0.670191
0.671411
0.669784
0.670191
0.671004
0.667751
0.663684
0.662871
0.667344
0.666938
0.668564
0.667344
0.664904
0.665311
0.669784
0.666124
0.664904
0.660838
0.663684
0.666938
0.666938
0.664904
0.660838
0.664904
0.667344
0.664904
0.666124
0.664091
0.665718
0.668158
0.670598
0.664498
0.662464
0.667751
0.668564
0.663684
0.661244
0.659211
0.663684
0.665311
0.668564
0.664498
0.662871
0.665311
0.667751
0.662871
0.662058
0.662464
0.667751
0.666938
0.668564
0.665311
0.668564
0.669784
0.666124
0.661244
0.662871
0.662058
0.664904
0.670191
0.663684
0.660431
0.665311
0.668158
0.666531
0.665311
0.662058
0.664498
0.667751
0.668564
0.666938
0.666124
0.666124
0.665311
0.657584
0.662058
0.662058
0.670598
0.670191
0.666124
0.661244
0.660431
0.663684
0.664498
0.665718
0.664498
0.660024
0.662871
0.657584
0.662058
0.662058
0.662871
0.662464
0.659618
0.663278
0.665311
0.664904
0.662058
0.662871
0.668564
0.665718
0.666124
0.666531
0.666531
0.664904
0.664498
0.665311
0.668564
0.667751
0.667751
0.668158
0.664904
0.662464
0.663278
0.668158
0.669378
0.664904
0.662464
0.666938
0.669784
0.666124
0.664091
0.664091
0.664904
0.664091
0.664498
0.670598
0.667344
0.665311
0.665718
0.664091
0.662871
0.661651
0.665718
0.668971
0.668564
0.664091
0.667344
0.665311
0.664498
0.666124
0.664498
0.664091
0.664904
0.664498
0.664498
0.668158
0.665718
0.663684
0.667751
0.669378
0.665718
0.667751
0.662464
0.664498
0.665718
0.666124
0.662058
0.662871
0.664498
0.664498
0.664091
0.666124
0.666531
0.665718
0.660838
0.658398
0.655551
0.661651
0.664498
0.668564
0.668158
0.668158
0.664091
0.666124
0.666531
0.662871
0.662464
0.666124
0.662871
0.664904
0.665718
0.663684
0.667344
0.668564
0.668971
0.666531
0.665718
0.662464
0.664498
0.664091
0.664904
0.667344
0.668158
0.664904
0.661651
0.664904
0.670191
0.666124
0.667344
0.667344
0.664498
0.664904
0.665718
0.660431
0.664091
0.662871
0.665311
0.668971
0.663684
0.664904
0.666531
0.662464
0.663278
0.660024
0.662058
0.664904
0.665311
0.661651
0.666124
0.657991
0.660024
0.666531
0.665718
0.669378
0.667344
0.665718
0.663684
0.665311
0.663684
0.667751
0.669784
0.669378
0.667751
0.671411
0.665718
0.665311
0.664091
0.664498
0.662058
0.669378
0.665311
0.667751
0.666531
0.664498
0.662871
0.661651
0.666938
0.667344
0.662464
0.670191
0.665311
0.662464
0.661244
0.668564
0.670598
0.669784
0.666938
0.666938
0.668158
0.668971
0.666124
0.664904
0.665718
0.668971
0.663278
0.667344
0.666124
0.665718
0.667751
0.667751
0.663684
0.662464
0.663278
0.664091
0.662871
0.660024
0.662058
0.662058
0.662058
0.664091
0.662871
0.663278
0.668564
0.668564
0.665311
0.666531
0.666938
0.666531
0.667344
0.669784
0.671818
0.670191
0.668971
0.664904
0.664498
0.664091
0.667344
0.667751
0.665311
0.663278
0.661651
0.669784
0.668158
0.664498
0.666531
0.666124
0.667751
0.665311
0.664498
0.662058
0.665311
0.671004
0.672631
0.671004
0.672224
0.667344
0.664904
0.659618
0.662871
0.664498
0.670191
0.663278
0.665311
0.662058
0.666124
0.670191
0.667344
0.666531
0.663278
0.665718
0.670191
0.669378
0.664904
0.663684
0.664904
0.665311
0.664904
0.665311
0.664904
0.664904
0.664904
0.666938
0.665311
0.666938
0.667751
0.664498
0.662871
0.659211
0.657991
0.660838
0.666124
0.670191
0.667344
0.666938
0.665718
0.668158
0.667751
0.662464
0.664904
0.666938
0.668564
0.665718
0.666938
0.666938
0.665311
0.668971
0.664091
0.663278
0.666938
0.663278
0.664498
0.661244
0.662464
0.664498
0.664498
0.668564
0.663684
0.663278
0.665718
0.665311
0.664904
0.660024
0.661651
0.664091
0.665311
0.665311
0.664904
0.664498
0.669784
0.667751
0.667751
0.670191
0.663278
0.662871
0.667751
0.667751
0.664498
0.664904
0.666531
0.667344
0.663278
0.662464
0.664904
0.667751
0.666938
0.664904
0.666531
0.668971
0.666938
0.668158
0.666938
0.664091
0.666531
0.667344
0.664091
0.667751
0.667344
0.666938
0.664498
0.666938
0.664091
0.666938
0.664498
0.658804
0.663278
0.663278
0.667751
0.666938
0.666938
0.664904
0.663278
0.664904
0.666531
0.662058
0.658804
0.664091
0.667344
0.666531
0.666531
0.666124
0.663684
0.665718
0.667751
0.665718
0.660431
0.662464
0.669378
0.668158
0.668158
0.664091
0.663278
0.665718
0.662058
0.668158
0.668158
0.668564
0.666938
0.667344
0.668564
0.660431
0.665311
0.668971
0.661651
0.661651
0.661244
0.665718
0.662871
0.664091
0.665718
0.663278
0.664904
0.665718
0.660838
0.662464
0.667344
0.666938
0.668564
0.668971
0.664091
0.662058
0.662464
0.658398
0.666124
0.668158
0.671818
0.669378
0.670191
0.669784
0.671411
0.667751
0.666124
0.668158
0.667344
0.666531
0.668971
0.668158
0.670191
0.666938
0.664904
0.667344
0.668971
0.665311
0.666531
0.666124
0.668158
0.664498
0.668158
0.666124
0.666938
0.666124
0.664498
0.666531
0.667751
0.664904
0.670598
0.671818
0.671411
0.669784
0.668564
0.665718
0.660838
0.660024
0.668564
0.668564
0.665311
0.662871
0.664904
0.666531
0.669784
0.667344
0.665311
0.663684
0.664091
0.665311
0.665311
0.668971
0.667751
0.666531
0.666938
0.665311
0.663278
0.666938
0.668158
0.671004
0.673851
0.675071
0.671004
0.668564
0.665718
0.664091
0.664904
0.670598
0.670598
0.668564
0.669784
0.666938
0.666124
0.665718
0.665311
0.664904
0.664091
0.667344
0.665311
0.668971
0.666938
0.671004
0.669784
0.664091
0.657991
0.654738
0.662464
0.663684
0.666938
0.663684
0.667751
0.664498
0.666531
0.661244
0.662058
0.663684
0.668564
0.672631
0.670598
0.672224
0.671411
0.671411
0.666531
0.655551
0.658804
0.661651
0.667344
0.664091
0.664904
0.664904
0.666124
0.668158
0.666938
0.663278
0.661651
0.669378
0.671004
0.671818
0.672631
0.674258
0.666938
0.665718
0.663278
0.665311
0.662871
0.664904
0.663684
0.669378
0.666531
0.667344
0.666531
0.665718
0.660431
0.660838
0.665718
0.666938
0.667344
0.664498
0.664498
0.668158
0.665718
0.664904
0.661244
0.665311
0.666124
0.662464
0.664904
0.666938
0.667344
0.665718
0.664904
0.665718
0.662464
0.663278
0.667751
0.666531
0.666938
0.665311
0.666124
0.668564
0.662871
0.664498
0.663278
0.667344
0.671411
0.671818
0.673851
0.671818
0.662464
0.661651
0.660431
0.662464
0.662871
0.664498
0.666124
0.671004
0.665718
0.665311
0.666938
0.664904
0.659211
0.657178
0.665718
0.668158
0.665311
0.659618
0.659618
0.661651
0.664498
0.663278
0.665718
0.666938
0.666938
0.664498
0.665718
0.667344
0.665718
0.661244
0.661244
0.660431
0.662871
0.662871
0.662058
0.660838
0.666124
0.663278
0.662871
0.665311
0.668564
0.667751
0.669378
0.670598
0.668971
0.668971
0.667751
0.665718
0.660431
0.662058
0.661244
0.661244
0.662464
0.667344
0.671004
0.667344
0.665311
0.664904
0.663278
0.663684
0.663684
0.665718
0.662871
0.665718
0.668971
0.668158
0.666124
0.662871
0.663278
0.664498
0.661244
0.663278
0.664091
0.662871
0.662058
0.660431
0.662058
0.661651
0.659211
0.665311
0.665311
0.664904
0.667751
0.667751
0.666938
0.664091
0.658398
0.661651
0.664498
0.665311
0.664091
0.665311
0.667344
0.669378
0.663278
0.663278
0.665311
0.662871
0.663684
0.666938
0.665718
0.670191
0.668564
0.667344
0.664091
0.662464
0.664498
0.667344
0.667344
0.665311
0.668158
0.663684
0.665718
0.657584
0.659211
0.666531
0.667344
0.663684
0.662871
0.660838
0.663278
0.662464
0.666124
0.666938
0.660431
0.665311
0.664091
0.660431
0.666938
0.666124
0.666531
0.670191
0.666531
0.661244
0.664904
0.663684
0.666124
0.665718
0.667751
0.667344
0.667751
0.666531
0.660024
0.660024
0.663278
0.669784
0.665311
0.665311
0.666124
0.667751
0.665311
0.667751
0.662464
0.662871
0.664904
0.664091
0.664498
0.663278
0.666531
0.666124
0.668158
0.667751
0.662464
0.663278
0.666124
0.664904
0.668564
0.666531
0.667751
0.672224
0.671004
0.667344
0.668971
0.664091
0.662058
0.660431
0.662058
0.664091
0.669378
0.673038
0.669378
0.665311
0.665311
0.663278
0.662058
0.665311
0.663684
0.668564
0.672224
0.668158
0.667751
0.665311
0.667344
0.664091
0.659618
0.664904
0.669378
0.667751
0.669784
0.669784
0.667344
0.665718
0.666531
0.664498
0.662464
0.662058
0.665311
0.669378
0.667751
0.667751
0.662871
0.659211
0.660838
0.666124
0.665311
0.667751
0.665311
0.664091
0.669378
0.666124
0.666124
0.665311
0.669784
0.664498
0.664091
0.663684
0.665718
0.666124
0.667751
0.664498
0.667751
0.663684
0.661651
0.662058
0.664091
0.670191
0.666124
0.668971
0.670191
0.662058
0.664091
0.664091
0.661244
0.662871
0.669378
0.669784
0.670191
0.668971
0.670598
0.668564
0.663278
0.663278
0.662464
0.666938
0.664091
0.667344
0.672224
0.666938
0.665311
0.667751
0.663684
0.665718
0.667751
0.664498
0.668158
0.667751
0.671818
0.666531
0.664904
0.668158
0.662464
0.662871
0.668971
0.665311
0.665718
0.668971
0.668971
0.664091
0.660838
0.660838
0.662871
0.664498
0.664904
0.666531
0.666531
0.668971
0.670598
0.668971
0.662871
0.663278
0.663278
0.665311
0.667344
0.668158
0.667751
0.668564
0.661244
0.662871
0.664904
0.664498
0.659211
0.664904
0.664091
0.668971
0.666531
0.670598
0.668158
0.664904
0.663684
0.664904
0.658398
0.660838
0.666938
0.668564
0.670191
0.670598
0.662058
0.662464
0.660838
0.660838
0.660838
0.661244
0.667751
0.665718
0.669378
0.666531
0.662058
0.663684
0.664091
0.665311
0.660431
0.664091
0.667344
0.668564
0.673038
0.669378
0.663684
0.664091
0.662871
0.663684
0.660838
0.665311
0.671004
0.670191
0.666938
0.663684
0.667751
0.663278
0.663684
0.663684
0.666938
0.671411
0.668971
0.671411
0.666124
0.666124
0.660024
0.663684
0.664091
0.663278
0.663278
0.662871
0.665311
0.669378
0.666531
0.663684
0.665718
0.661244
0.661244
0.662058
0.667344
0.666938
0.667344
0.667344
0.664904
0.666124
0.662871
0.666938
0.666938
0.665311
0.666938
0.666124
0.666124
0.666938
0.668158
0.666124
0.664498
0.662871
0.663278
0.667751
0.670598
0.671004
0.672224
0.668971
0.666531
0.661244
0.660431
0.659618
0.666124
0.666938
0.666938
0.670191
0.666531
0.661244
0.660431
0.660838
0.662871
0.664904
0.664904
0.667751
0.670191
0.668971
0.666531
0.666531
0.664091
0.663684
0.661651
0.661651
0.664904
0.667751
0.667751
0.665718
0.662871
0.662058
0.664498
0.662464
0.664091
0.667344
0.670191
0.666531
0.668158
0.668971
0.665311
0.661244
0.664091
0.665718
0.661651
0.662058
0.663278
0.668158
0.668971
0.664091
0.665718
0.664904
0.662058
0.662871
0.665311
0.666938
0.662058
0.665718
0.659211
0.664091
0.664498
0.662871
0.662464
0.664498
0.664091
0.665311
0.668564
0.665311
0.662871
0.664091
0.664498
0.661651
0.661651
0.665311
0.664904
0.668564
0.672631
0.668158
0.663684
0.664091
0.665311
0.662058
0.661244
0.662871
0.665718
0.668158
0.669378
0.666938
0.665718
0.669378
0.664904
0.665718
0.665718
0.664091
0.668971
0.671004
0.664091
0.666124
0.665311
0.664091
0.663684
0.657584
0.668971
0.666531
0.667751
0.667751
0.668158
0.664091
0.666531
0.668158
0.664091
0.664498
0.665718
0.670191
0.669378
0.666531
0.669378
0.664091
0.662464
0.662058
0.662058
0.664091
0.665718
0.662464
0.661244
0.662464
0.664498
0.664904
0.664904
0.660838
0.662871
0.668158
0.670191
0.669784
0.670191
0.668971
0.668564
0.666938
0.663684
0.666124
0.667344
0.664904
0.666938
0.669784
0.665311
0.662464
0.664904
0.662464
0.662871
0.664091
0.664498
0.671004
0.669784
0.670191
0.664091
0.662464
0.664498
0.666124
0.665718
0.665311
0.666531
0.668564
0.667344
0.671411
0.668158
0.664904
0.666124
0.663278
0.658804
0.662871
0.670191
0.668158
0.668158
0.668971
0.667344
0.665311
0.664498
0.663684
0.662058
0.667751
0.670191
0.668971
0.668971
0.671411
0.671004
0.670191
0.664498
0.663278
0.663684
0.666124
0.663684
0.666938
0.669784
0.668564
0.668971
0.666531
0.666124
0.664091
0.666938
0.664904
0.666124
0.671411
0.672224
0.670191
0.667751
0.662058
0.662058
0.662871
0.664904
0.667751
0.672224
0.668971
0.668971
0.661244
0.662871
0.666124
0.666124
0.665718
0.669378
0.664091
0.668158
0.668564
0.666938
0.662464
0.661651
0.662058
0.663684
0.666938
0.663684
0.667751
0.668564
0.670191
0.665311
0.662058
0.664091
0.662464
0.668564
0.667751
0.666531
0.667751
0.670191
0.667344
0.665311
0.664904
0.664904
0.661244
0.664498
0.666124
0.664498
0.663684
0.664498
0.664904
0.666124
0.666124
0.665311
0.662871
0.668971
0.666938
0.663278
0.663684
0.666531
0.666124
0.665718
0.667344
0.667751
0.666938
0.665718
0.664904
0.668158
0.667344
0.668158
0.664904
0.667344
0.665718
0.662058
0.665718
0.666938
0.669378
0.668158
0.667344
0.664091
0.661244
0.661651
0.660024
0.661651
0.670598
0.668158
0.668971
0.669378
0.667751
0.662871
0.663278
0.663684
0.665718
0.662058
0.666531
0.673444
0.667344
0.666124
0.665311
0.659211
0.664091
0.663278
0.663278
0.664091
0.668158
0.668971
0.668564
0.669378
0.670598
0.664498
0.663278
0.661651
0.663278
0.662871
0.666531
0.670598
0.668971
0.666938
0.668564
0.664904
0.664904
0.663278
0.663278
0.664904
0.668971
0.666124
0.670191
0.669784
0.666938
0.663684
0.661244
0.661651
0.662871
0.664091
0.666938
0.669784
0.669378
0.667344
0.667751
0.667751
0.665718
0.662871
0.662871
0.662464
0.669378
0.667751
0.666938
0.667344
0.667751
0.662871
0.658804
0.662058
0.659618
0.666124
0.668971
0.666531
0.667344
0.668971
0.666531
0.667751
0.662871
0.662058
0.665311
0.668564
0.670598
0.664498
0.668564
0.664498
0.662871
0.666124
0.663684
0.662871
0.657991
0.657584
0.661244
0.664498
0.667344
0.661651
0.663278
0.664091
0.665311
0.665311
0.661651
0.661244
0.664498
0.669378
0.662871
0.662464
0.656364
0.661244
0.662871
0.662464
0.666938
0.666531
0.666938
0.668158
0.666124
0.667751
0.666124
0.666531
0.665311
0.669378
0.668564
0.668564
0.666938
0.668564
0.664904
0.666124
0.668564
0.669378
0.667751
0.666531
0.664498
0.664091
0.663684
0.665718
0.665718
0.664498
0.667344
0.667344
0.671818
0.669378
0.668158
0.667344
0.664498
0.662464
0.661244
0.662058
0.664498
0.666124
0.669784
0.667751
0.666124
0.668158
0.664498
0.664904
0.664904
0.663278
0.667751
0.670191
0.673851
0.669378
0.669378
0.668564
0.665718
0.664091
0.662464
0.661244
0.666124
0.665718
0.671004
0.668971
0.672631
0.666938
0.664091
0.663684
0.663684
0.665718
0.666938
0.664904
0.665311
0.663278
0.666938
0.664091
0.661244
0.660024
0.660838
0.664904
0.666124
0.670598
0.671004
0.662871
0.662464
0.662464
0.664498
0.665311
0.663278
0.672224
0.669378
0.672631
0.671818
0.668158
0.668564
0.662058
0.662058
0.666531
0.667751
0.668971
0.668564
0.667344
0.664904
0.668971
0.665311
0.662464
0.663684
0.668564
0.665311
0.667751
0.666124
0.670191
0.671411
0.668158
0.664498
0.664498
0.664904
0.664904
0.663278
0.668564
0.666938
0.675071
0.671004
0.668564
0.664904
0.666531
0.661651
0.666531
0.667344
0.665311
0.668971
0.667751
0.666938
0.665311
0.662871
0.663684
0.663684
0.665311
0.667344
0.669378
0.668158
0.664904
0.664498
0.666531
0.668158
0.666938
0.662871
0.668158
0.671411
0.671004
0.666124
0.666531
0.670598
0.667344
0.666531
0.666531
0.672224
0.671411
0.672631
0.666531
0.663278
0.665718
0.664091
0.666124
0.665718
0.664091
0.666531
0.673444
0.670598
0.670191
0.668564
0.664904
0.660431
0.663278
0.662058
0.664498
0.662871
0.667751
0.670191
0.668971
0.664904
0.664091
0.662058
0.662464
0.666124
0.666124
0.675478
0.673038
0.669378
0.666531
0.664498
0.663684
0.660838
0.661244
0.662464
0.664498
0.663278
0.668158
0.667751
0.666938
0.666124
0.664498
0.664904
0.664091
0.667751
0.669784
0.668971
0.665311
0.662058
0.661651
0.664091
0.662464
0.660838
0.658398
0.663278
0.664904
0.663278
0.661651
0.664091
0.667344
0.664498
0.664091
0.664498
0.665718
0.666124
0.674664
0.672224
0.665311
0.665311
0.663684
0.659618
0.660024
0.663684
0.664091
0.668971
0.667344
0.666124
0.665718
0.664904
0.661244
0.659211
0.660431
0.657584
0.664498
0.668158
0.667344
0.671004
0.666531
0.659618
0.660838
0.662058
0.664091
0.664498
0.664498
0.668564
0.668564
0.664904
0.664498
0.662058
0.664091
0.662871
0.658398
0.662464
0.668564
0.666938
0.668564
0.666124
0.661244
0.662464
0.661651
0.662464
0.665311
0.664091
0.667751
0.667344
0.667344
0.666124
0.664091
0.660431
0.664498
0.662464
0.660024
0.666938
0.666531
0.670598
0.668971
0.661244
0.662871
0.662464
0.664498
0.663278
0.659211
0.667751
0.669378
0.667344
0.664498
0.664498
0.661651
0.663684
0.666531
0.664091
0.667751
0.666938
0.668158
0.665718
0.665311
0.664904
0.663684
0.663684
0.663278
0.666531
0.670191
0.669378
0.670598
0.668564
0.664091
0.663684
0.660838
0.661244
0.663278
0.663278
0.664091
0.663684
0.664498
0.666531
0.662464
0.659618
0.660431
0.661651
0.665311
0.665311
0.668971
0.671004
0.671818
0.666124
0.664498
0.661651
0.663684
0.662871
0.668971
0.668971
0.671411
0.671004
0.670191
0.670598
0.665718
0.664904
0.660431
0.666124
0.662871
0.666531
0.668971
0.664904
0.664091
0.664904
0.662871
0.662464
0.663684
0.667344
0.664091
0.666938
0.667344
0.665718
0.666531
0.663684
0.662871
0.662464
0.662058
0.664091
0.665718
0.664904
0.664904
0.662871
0.660838
0.664904
0.665718
0.664498
0.664498
0.664091
0.665718
0.666938
0.666124
0.664498
0.662871
0.664091
0.662464
0.662464
0.663684
0.666124
0.666938
0.664904
0.666938
0.664498
0.662464
0.659618
0.662464
0.666124
0.664904
0.668564
0.665718
0.663278
0.662464
0.664904
0.662871
0.660024
0.664091
0.669378
0.666938
0.666531
0.666124
0.667751
0.660431
0.665311
0.664091
0.660431
0.660431
0.654331
0.665311
0.668158
0.665718
0.667344
0.665311
0.663278
0.661651
0.658804
0.660024
0.665311
0.666938
0.668971
0.668971
0.666938
0.664498
0.662464
0.660431
0.664498
0.664498
0.667751
0.666531
0.668564
0.666531
0.663684
0.662058
0.664498
0.667344
0.667344
0.667344
0.669378
0.669784
0.663684
0.662871
0.662871
0.662058
0.662871
0.661651
0.667751
0.670598
0.671004
0.671818
0.667751
0.666531
0.663684
0.663684
0.661651
0.661651
0.662058
0.667344
0.666938
0.664904
0.664904
0.663278
0.663278
0.665311
0.661651
0.662871
0.664904
0.664904
0.666938
0.664498
0.661244
0.665311
0.664091
0.663278
0.661651
0.660838
0.666938
0.665718
0.664498
0.664904
0.664498
0.662871
0.663684
0.660838
0.664904
0.666124
0.667344
0.668158
0.666124
0.665718
0.666938
0.665718
0.664091
0.665311
0.664091
0.664498
0.662464
0.662058
0.658804
0.656771
0.658804
0.660838
0.664498
0.664498
0.664904
0.666124
0.666938
0.665718
0.664091
0.668564
0.667344
0.665311
0.664904
0.662058
0.661244
0.662464
0.663278
0.665718
0.665718
0.665311
0.664904
0.660838
0.658398
0.658398
0.661244
0.664904
0.664091
0.665718
0.665718
0.665718
0.662464
0.663278
0.657991
0.658398
0.662058
0.666124
0.663684
0.664091
0.662871
0.662058
0.664904
0.657991
0.658398
0.663684
0.666531
0.667344
0.665718
0.662464
0.662871
0.663684
0.661244
0.661244
0.662058
0.660838
0.664498
0.667344
0.665718
0.665311
0.660838
0.660431
0.664091
0.664091
0.668564
0.666124
0.667751
0.666938
0.662058
0.663684
0.664498
0.662464
0.664904
0.665718
0.669378
0.668158
0.667751
0.665718
0.666124
0.660431
0.663684
0.661244
0.660431
0.660431
0.667344
0.669784
0.665311
0.662464
0.662464
0.660431
0.660024
0.662871
0.665718
0.667344
0.667751
0.664904
0.664091
0.660838
0.660024
0.658398
0.660431
0.667751
0.665311
0.667344
0.666938
0.662871
0.664498
0.663278
0.662058
0.660024
0.660024
0.662464
0.662464
0.662871
0.666938
0.666124
0.662871
0.668158
0.666938
0.662871
0.666531
0.666938
0.666531
0.664498
0.665718
0.665718
0.667751
0.663278
0.658398
0.659618
0.663684
0.665311
0.669784
0.668158
0.665718
0.663278
0.667344
0.662464
0.667344
0.665311
0.668564
0.669378
0.667751
0.666938
0.665718
0.665311
0.665311
0.664904
0.666531
0.665311
0.666531
