0.537210
0.538430
0.541277
0.544530
0.546157
0.555510
0.563237
0.568524
0.573404
0.573810
0.570964
0.569337
0.570557
0.573404
0.575437
0.575437
0.569744
0.570557
0.576251
0.575437
0.577471
0.575437
0.574217
0.583977
0.584384
0.586824
0.587637
0.590077
0.591704
0.590077
0.593331
0.594551
0.600244
0.596177
0.595364
0.592924
0.603904
0.603091
0.610411
0.613257
0.609597
0.613664
0.614071
0.613257
0.610004
0.612444
0.616917
0.615291
0.622204
0.620577
0.620984
0.625051
0.618951
0.611631
0.612037
0.608377
0.625458
0.625051
0.619764
0.620171
0.619357
0.617324
0.616511
0.618137
0.622611
0.633998
0.627491
0.627491
0.631151
0.630744
0.631558
0.632371
0.628711
0.633998
0.629118
0.631151
0.629524
0.629931
0.632371
0.627491
0.632778
0.629118
0.625864
0.628711
0.628304
0.631151
0.636438
0.639284
0.627084
0.629931
0.633184
0.627898
0.628711
0.637658
0.641724
0.640504
0.635218
0.634404
0.629931
0.629931
0.634404
0.642538
0.642538
0.641724
0.641318
0.641318
0.640098
0.642131
0.641318
0.646198
0.644164
0.644978
0.644164
0.642538
0.643351
0.643351
0.642944
0.638878
0.642944
0.640911
0.639691
0.648231
0.649044
0.642944
0.642944
0.647418
0.644164
0.646604
0.647824
0.646198
0.647824
0.645384
0.645384
0.647011
0.648638
0.650264
0.647418
0.640504
0.640911
0.648638
0.654738
0.647011
0.643351
0.644978
0.643351
0.644978
0.641318
0.646604
0.649451
0.648231
0.647824
0.647418
0.648231
0.651484
0.647011
0.640911
0.650671
0.651078
0.640911
0.647011
0.641724
0.643351
0.644978
0.647824
0.652298
0.654331
0.651484
0.649451
0.650264
0.655144
0.648638
0.649451
0.649858
0.655958
0.653924
0.649044
0.654738
0.655144
0.655958
0.656771
0.659211
0.654738
0.659618
0.659618
0.655551
0.651891
0.653518
0.651484
0.654331
0.656771
0.652704
0.653924
0.660838
0.655144
0.658398
0.653518
0.658804
0.652704
0.655958
0.657584
0.655144
0.654331
0.654738
0.648638
0.647418
0.656771
0.653111
0.656364
0.655551
0.654331
0.654738
0.653111
0.660431
0.654738
0.649451
0.651484
0.657178
0.660431
0.654738
0.657584
0.653111
0.643758
0.644978
0.658804
0.661244
0.661651
0.656364
0.655958
0.642538
0.661651
0.657584
0.657178
0.652704
0.654331
0.657584
0.655551
0.655551
0.662464
0.661651
0.663278
0.657178
0.659211
0.656771
0.654331
0.662058
0.660431
0.664498
0.664498
0.663684
0.658398
0.653518
0.653111
0.655144
0.662058
0.660431
0.650671
0.659211
0.653111
0.654738
0.647824
0.652298
0.655551
0.656771
0.657991
0.657991
0.655958
0.659211
0.660431
0.655958
0.652704
0.653518
0.654738
0.650264
0.660024
0.660024
0.659211
0.659618
0.657584
0.657584
0.658804
0.654331
0.649451
0.655958
0.656771
0.657178
0.658398
0.665311
0.659618
0.658398
0.652704
0.650264
0.652298
0.647011
0.652704
0.658804
0.657178
0.658804
0.660431
0.659211
0.655958
0.654331
0.651891
0.649858
0.653518
0.653924
0.655551
0.662871
0.661651
0.657584
0.650671
0.649858
0.651078
0.655144
0.654331
0.661651
0.657178
0.658804
0.660431
0.660024
0.660431
0.656771
0.659211
0.655958
0.655144
0.653924
0.651484
0.654331
0.656771
0.657178
0.653518
0.652704
0.655144
0.656771
0.657584
0.660431
0.662058
0.659618
0.657584
0.654331
0.654331
0.657584
0.661244
0.658398
0.663278
0.660431
0.661244
0.660024
0.659211
0.657991
0.662058
0.662058
0.661651
0.657584
0.660431
0.657584
0.662464
0.653111
0.647824
0.653111
0.655551
0.657178
0.652704
0.653518
0.655144
0.657991
0.642131
0.648638
0.629931
0.640911
0.640098
0.644571
0.651891
0.647824
0.647824
0.648638
0.647011
0.651891
0.649858
0.650671
0.651484
0.648638
0.651484
0.654738
0.649044
0.653111
0.651484
0.648231
0.641724
0.641724
0.643758
0.651078
0.652704
0.653111
0.657584
0.656771
0.652704
0.642131
0.652704
0.650264
0.653518
0.646604
0.646198
0.644978
0.652704
0.655551
0.651078
0.653111
0.648638
0.645791
0.652298
0.654738
0.651891
0.651078
0.652298
0.652298
0.649858
0.648638
0.649858
0.651891
0.653518
0.655144
0.655144
0.655958
0.654738
0.653111
0.653924
0.653924
0.655958
0.654738
0.658398
0.657584
0.658804
0.656771
0.654331
0.654738
0.653518
0.657991
0.659211
0.662058
0.657584
0.657991
0.660024
0.657584
0.657584
0.650671
0.657178
0.659618
0.657178
0.652298
0.655551
0.657178
0.655144
0.652704
0.647011
0.651891
0.653924
0.649858
0.652298
0.660024
0.659618
0.654738
0.658804
0.656771
0.659618
0.660431
0.656364
0.651484
0.653111
0.656771
0.659618
0.659618
0.658804
0.657178
0.660431
0.658398
0.656364
0.655551
0.655144
0.657584
0.658398
0.657584
0.651891
0.654738
0.653111
0.658398
0.660838
0.660431
0.662464
0.663278
0.657178
0.660024
0.657991
0.655958
0.656364
0.652704
0.651484
0.655551
0.658398
0.653518
0.653111
0.653518
0.656364
0.658804
0.658804
0.656364
0.655958
0.660431
0.660838
0.661244
0.657178
0.657991
0.657991
0.658804
0.655144
0.651891
0.650671
0.661244
0.660024
0.662058
0.657991
0.657991
0.651078
0.658804
0.651078
0.652704
0.649044
0.653111
0.655958
0.650671
0.659211
0.655958
0.657584
0.657584
0.659211
0.659618
0.659618
0.662058
0.662464
0.662464
0.664904
0.663684
0.660431
0.662871
0.660024
0.658804
0.654738
0.659211
0.662058
0.657991
0.653518
0.653924
0.664091
0.656771
0.662058
0.661651
0.662058
0.658398
0.657178
0.655144
0.656771
0.657584
0.656771
0.657178
0.656771
0.660024
0.662464
0.662058
0.664091
0.660024
0.662058
0.661244
0.658804
0.660431
0.657991
0.661651
0.662058
0.663278
0.665718
0.661651
0.661651
0.659618
0.657178
0.662871
0.660024
0.657584
0.660024
0.659618
0.664498
0.663684
0.661651
0.660431
0.653518
0.658804
0.662058
0.662058
0.657584
0.657584
0.656771
0.660431
0.663684
0.660838
0.662058
0.664091
0.662871
0.667344
0.664498
0.661244
0.657991
0.659211
0.660838
0.662871
0.663684
0.658804
0.657991
0.659211
0.655958
0.659211
0.662058
0.656771
0.660838
0.659211
0.660838
0.666124
0.661244
0.660431
0.662058
0.659618
0.661244
0.662464
0.656364
0.657178
0.662871
0.654331
0.658398
0.658804
0.661651
0.663684
0.658804
0.663684
0.655551
0.657584
0.662464
0.664091
0.666124
0.664091
0.661651
0.662871
0.660838
0.659618
0.663684
0.660431
0.660431
0.662058
0.661651
0.656364
0.660838
0.659618
0.658804
0.659211
0.659618
0.660024
0.658398
0.660024
0.659211
0.663684
0.662058
0.662464
0.665311
0.661244
0.657991
0.658804
0.662871
0.659618
0.653924
0.657584
0.656771
0.661651
0.661244
0.661244
0.661244
0.657584
0.660838
0.657178
0.659211
0.663278
0.664498
0.659618
0.658398
0.662871
0.659618
0.655144
0.662871
0.657178
0.662058
0.655551
0.659211
0.657178
0.658398
0.663684
0.661244
0.663278
0.659618
0.659618
0.661244
0.659618
0.655144
0.655958
0.661244
0.660024
0.659211
0.660024
0.658804
0.660431
0.656771
0.653111
0.654331
0.655958
0.660431
0.663684
0.664904
0.660431
0.660431
0.656771
0.657584
0.656771
0.656364
0.661651
0.661244
0.662464
0.663278
0.663278
0.661244
0.660838
0.651891
0.659618
0.653518
0.656364
0.650671
0.659618
0.657584
0.661651
0.662058
0.662464
0.657584
0.663278
0.660024
0.655551
0.653924
0.653111
0.656364
0.661651
0.657584
0.653924
0.657991
0.662058
0.662871
0.657584
0.653518
0.652704
0.661651
0.661651
0.648231
0.655958
0.664498
0.663278
0.669378
0.667751
0.665718
0.662058
0.662464
0.658398
0.658398
0.664498
0.661244
0.658398
0.659211
0.662464
0.664091
0.663684
0.657178
0.660431
0.661651
0.660838
0.661651
0.663278
0.662464
0.660431
0.660024
0.660024
0.661244
0.657584
0.657178
0.661244
0.666938
0.661651
0.658398
0.659618
0.660431
0.659211
0.658804
0.665718
0.658398
0.659211
0.663684
0.662058
0.663684
0.648231
0.648638
0.643351
0.644978
0.654738
0.658398
0.655144
0.655958
0.656364
0.660838
0.656771
0.654331
0.650671
0.653518
0.657584
0.651484
0.657584
0.665311
0.666938
0.661651
0.660024
0.662464
0.661244
0.657178
0.657991
0.661244
0.662871
0.666938
0.661651
0.660838
0.657584
0.657584
0.659211
0.660838
0.659618
0.654331
0.656364
0.663278
0.660838
0.666938
0.654738
0.651891
0.644978
0.655958
0.658804
0.660431
0.656364
0.658804
0.657991
0.662464
0.659618
0.662464
0.666124
0.663684
0.662871
0.664904
0.665718
0.666124
0.665311
0.661244
0.661651
0.663278
0.660431
0.660024
0.660024
0.662464
0.660431
0.659618
0.661651
0.659211
0.655958
0.658804
0.665311
0.663684
0.662464
0.663684
0.664091
0.662058
0.659618
0.658804
0.657584
0.662058
0.664091
0.661651
0.662464
0.663684
0.666531
0.664091
0.664498
0.660024
0.668158
0.666124
0.662058
0.666124
0.664904
0.664904
0.663278
0.657991
0.648638
0.651891
0.654738
0.662058
0.658804
0.655144
0.661244
0.668971
0.663684
0.660431
0.658398
0.648638
0.655958
0.657178
0.657178
0.656364
0.659618
0.660838
0.660024
0.661244
0.663278
0.661244
0.662058
0.662464
0.660431
0.658804
0.660024
0.664091
0.661244
0.658804
0.660838
0.657178
0.656771
0.657991
0.656771
0.658398
0.660431
0.654331
0.653518
0.656364
0.660838
0.660431
0.662058
0.665311
0.666938
0.666124
0.664091
0.658398
0.657584
0.657584
0.659618
0.663684
0.658804
0.658398
0.662058
0.663278
0.665311
0.662464
0.657178
0.660431
0.660024
0.665718
0.666531
0.662871
0.662058
0.663684
0.660024
0.663684
0.660024
0.666938
0.665718
0.661244
0.662464
0.662058
0.656771
0.655958
0.663684
0.664498
0.658804
0.663278
0.659618
0.661651
0.661651
0.662058
0.661651
0.657991
0.656771
0.659211
0.660024
0.663684
0.667751
0.664091
0.662464
0.659618
0.660431
0.661651
0.662871
0.663684
0.661651
0.660431
0.660838
0.658398
0.661651
0.662871
0.660431
0.660838
0.662464
0.663684
0.660431
0.665718
0.658804
0.656771
0.662058
0.663684
0.660431
0.662871
0.664498
0.665718
0.667344
0.666938
0.662871
0.656771
0.661651
0.663684
0.662464
0.663278
0.662058
0.661244
0.662058
0.661651
0.662464
0.660431
0.662871
0.657584
0.659618
0.654331
0.657991
0.667344
0.657178
0.657991
0.656771
0.661244
0.664904
0.658398
0.653518
0.663684
0.661651
0.656771
0.652298
0.657584
0.663684
0.656771
0.662058
0.661244
0.659211
0.660431
0.660431
0.664498
0.659618
0.657991
0.661244
0.661244
0.662464
0.665718
0.663684
0.666124
0.666531
0.665718
0.662464
0.660838
0.660431
0.666938
0.666531
0.662058
0.660024
0.662464
0.664904
0.666124
0.663278
0.661651
0.662058
0.665718
0.665718
0.662871
0.662871
0.661651
0.659618
0.657991
0.661651
0.662871
0.660024
0.663684
0.661651
0.660024
0.658398
0.662464
0.661651
0.664904
0.662058
0.659211
0.660431
0.662464
0.660838
0.660431
0.662464
0.663684
0.668158
0.664904
0.662058
0.665718
0.662058
0.662464
0.664091
0.666124
0.661244
0.659618
0.660838
0.660838
0.662871
0.659211
0.661651
0.662058
0.665311
0.665718
0.661651
0.662871
0.663684
0.665718
0.658804
0.657178
0.657991
0.660838
0.656771
0.659211
0.667751
0.666531
0.665311
0.664498
0.665718
0.664091
0.664904
0.665718
0.665311
0.666124
0.666531
0.660838
0.659618
0.663684
0.661651
0.659211
0.653518
0.656771
0.659211
0.660431
0.664091
0.663278
0.663684
0.663278
0.664498
0.660024
0.659618
0.662871
0.666531
0.664498
0.665718
0.662058
0.663684
0.664498
0.665311
0.657178
0.653924
0.661651
0.665311
0.670191
0.670191
0.666124
0.671818
0.667751
0.665718
0.658398
0.654738
0.657991
0.659211
0.664498
0.663278
0.657991
0.661244
0.663684
0.666124
0.663278
0.658398
0.653924
0.660431
0.660838
0.655958
0.660431
0.666124
0.665718
0.664498
0.660431
0.662058
0.662464
0.663684
0.659211
0.660024
0.664498
0.660838
0.663684
0.663278
0.663684
0.666938
0.662871
0.665311
0.671004
0.664498
0.661651
0.664091
0.663278
0.665311
0.662464
0.660431
0.664091
0.662464
0.666124
0.668971
0.662464
0.662058
0.655958
0.656771
0.668971
0.663278
0.664498
0.664091
0.662871
0.664091
0.664091
0.657991
0.659211
0.657991
0.660838
0.669784
0.662464
0.664091
0.663278
0.664091
0.660431
0.659618
0.662058
0.663684
0.660431
0.665311
0.662058
0.662058
0.664498
0.668564
0.663278
0.660024
0.659211
0.661651
0.660024
0.664498
0.663684
0.663278
0.659211
0.663684
0.662464
0.664498
0.663684
0.660431
0.657991
0.662464
0.657584
0.662464
0.662871
0.663278
0.661244
0.664498
0.671818
0.667344
0.668971
0.664498
0.661651
0.668971
0.667751
0.661244
0.664904
0.663684
0.662058
0.658804
0.662871
0.662058
0.659618
0.662058
0.667344
0.668158
0.669378
0.669378
0.667751
0.667344
0.664904
0.667751
0.662871
0.665718
0.665311
0.668158
0.667344
0.669378
0.667344
0.664904
0.658804
0.661651
0.663684
0.665311
0.663278
0.662464
0.662058
0.663684
0.666124
0.668564
0.666531
0.666124
0.665718
0.662058
0.661244
0.664091
0.661651
0.662058
0.664091
0.664091
0.663278
0.666124
0.669378
0.668971
0.667751
0.668564
0.665311
0.666938
0.667344
0.666938
0.666124
0.664091
0.660838
0.660838
0.666124
0.666531
0.668158
0.667344
0.664904
0.665311
0.663684
0.664091
0.660838
0.660838
0.666938
0.665718
0.668971
0.669378
0.667751
0.667751
0.662058
0.660838
0.661244
0.664091
0.667344
0.675071
0.666124
0.668564
0.671818
0.666938
0.664498
0.666124
0.663278
0.666938
0.668564
0.668158
0.668158
0.664498
0.667344
0.671411
0.667344
0.661651
0.662058
0.662464
0.664091
0.668158
0.667751
0.665311
0.665311
0.670191
0.664091
0.665718
0.665311
0.664091
0.662871
0.662464
0.662871
0.660024
0.664091
0.668971
0.665311
0.664498
0.663278
0.660838
0.660024
0.662058
0.665311
0.668564
0.668564
0.667344
0.666531
0.667344
0.662464
0.662464
0.663278
0.663684
0.665311
0.664091
0.662464
0.663278
0.666124
0.668564
0.663684
0.666124
0.662871
0.667344
0.667344
0.664498
0.666531
0.668971
0.671411
0.668158
0.669378
0.672631
0.670191
0.670191
0.665311
0.660838
0.665718
0.664904
0.661244
0.662464
0.664904
0.666124
0.669784
0.668971
0.670598
0.668971
0.667344
0.667344
0.669784
0.673444
0.672631
0.671818
0.671818
0.666938
0.667751
0.664498
0.663684
0.668158
0.669378
0.667751
0.671818
0.668564
0.671818
0.671411
0.668158
0.674258
0.663684
0.662871
0.665311
0.660431
0.663684
0.662464
0.665311
0.665718
0.666124
0.666531
0.664904
0.662871
0.664091
0.666124
0.668564
0.669378
0.668158
0.668158
0.668564
0.665718
0.661244
0.660024
0.663278
0.663278
0.666531
0.668564
0.670191
0.670598
0.670598
0.664904
0.666938
0.664091
0.664498
0.666124
0.669784
0.669378
0.672224
0.670191
0.665311
0.669378
0.666531
0.667344
0.663684
0.669378
0.668158
0.666124
0.665311
0.668158
0.670598
0.673444
0.670598
0.671411
0.665718
0.667344
0.666531
0.664904
0.663684
0.670191
0.667751
0.667344
0.666938
0.669378
0.669784
0.671004
0.673038
0.670598
0.669784
0.668564
0.669378
0.664498
0.665718
0.666938
0.665311
0.664904
0.670598
0.669784
0.668971
0.666938
0.668564
0.671818
0.668158
0.668971
0.668971
0.669378
0.668971
0.667751
0.664091
0.669378
0.662871
0.664904
0.671411
0.668971
0.665311
0.668158
0.664091
0.665718
0.666938
0.673444
0.670191
0.666124
0.665718
0.663684
0.662058
0.664091
0.665311
0.665718
0.669378
0.667751
0.666124
0.665718
0.662058
0.667751
0.669378
0.665718
0.668564
0.663684
0.668564
0.668971
0.669378
0.667751
0.667344
0.666124
0.670191
0.671411
0.668158
0.669784
0.668564
0.667751
0.666531
0.667751
0.671411
0.670191
0.669784
0.668564
0.671818
0.668971
0.665311
0.670191
0.664498
0.667751
0.668158
0.668158
0.666938
0.669378
0.666938
0.668158
0.669784
0.668158
0.672224
0.676698
0.669784
0.671818
0.666938
0.666938
0.663278
0.665718
0.666938
0.668564
0.675071
0.669784
0.670191
0.670598
0.668564
0.667344
0.663278
0.663684
0.662871
0.664091
0.670191
0.673851
0.673851
0.673851
0.671411
0.665311
0.668971
0.663684
0.667751
0.670191
0.664904
0.667751
0.667344
0.668971
0.664904
0.671004
0.661651
0.661651
0.664498
0.665718
0.663684
0.667344
0.668158
0.664904
0.660024
0.666531
0.663684
0.664498
0.664498
0.664091
0.662871
0.665718
0.669784
0.674664
0.666938
0.667751
0.667751
0.668971
0.668564
0.665718
0.664498
0.666938
0.667344
0.670191
0.666124
0.669378
0.668158
0.665311
0.666124
0.666531
0.666531
0.670191
0.673851
0.672631
0.666531
0.669784
0.667344
0.665718
0.669378
0.662871
0.664498
0.663684
0.665311
0.667344
0.665311
0.668564
0.665311
0.665311
0.666938
0.662464
0.665311
0.663684
0.664904
0.666531
0.669378
0.664904
0.661651
0.663278
0.659618
0.661244
0.658398
0.662464
0.671818
0.667344
0.665311
0.665311
0.664904
0.666531
0.666938
0.668971
0.670191
0.671411
0.669784
0.665718
0.667751
0.664091
0.662464
0.664904
0.659211
0.665718
0.666531
0.662871
0.665718
0.665311
0.662464
0.666531
0.663684
0.660838
0.662464
0.669784
0.669784
0.670191
0.669784
0.666531
0.666531
0.660431
0.658804
0.662871
0.667751
0.668971
0.666531
0.665311
0.664091
0.664498
0.659211
0.661651
0.662871
0.659618
0.664091
0.665718
0.665311
0.664091
0.665311
0.664904
0.664091
0.665718
0.664904
0.663278
0.666531
0.667751
0.667344
0.662871
0.667344
0.659211
0.660024
0.660838
0.659618
0.660431
0.660838
0.661651
0.660024
0.663278
0.667344
0.662464
0.662058
0.662464
0.662058
0.664091
0.666938
0.661244
0.660024
0.665718
0.668158
0.666124
0.660024
0.659211
0.654331
0.658398
0.661244
0.665718
0.665311
0.666124
0.668971
0.669378
0.667344
0.664091
0.664498
0.665311
0.669378
0.667344
0.666124
0.672224
0.673444
0.672631
0.669378
0.665718
0.666938
0.666124
0.669784
0.670191
0.668971
0.667751
0.664091
0.668564
0.667344
0.666938
0.665311
0.667344
0.664904
0.665311
0.664904
0.666531
0.666938
0.666124
0.664904
0.660431
0.657178
0.662871
0.667344
0.665718
0.668971
0.668564
0.670598
0.669378
0.664904
0.662464
0.666124
0.667344
0.665311
0.670598
0.666938
0.664498
0.662464
0.663684
0.662058
0.669378
0.668158
0.667751
0.669784
0.670598
0.673038
0.673038
0.670191
0.665718
0.660024
0.666124
0.666938
0.660024
0.662464
0.667751
0.669378
0.669784
0.667344
0.667751
0.663684
0.662464
0.662871
0.662871
0.663278
0.663278
0.666938
0.667751
0.666938
0.664904
0.666124
0.673444
0.657584
0.665311
0.666938
0.664904
0.667751
0.665718
0.661244
0.662464
0.660838
0.663278
0.662058
0.664091
0.667751
0.669378
0.668971
0.667344
0.666531
0.671004
0.668564
0.664904
0.668158
0.664498
0.664498
0.665311
0.659211
0.662464
0.668158
0.671411
0.665311
0.654738
0.660838
0.668971
0.663684
0.662058
0.659211
0.660431
0.660838
0.667344
0.667344
0.661244
0.667751
0.661244
0.658398
0.658804
0.657584
0.664498
0.669784
0.665311
0.654331
0.660024
0.666124
0.665311
0.660431
0.665311
0.663684
0.663684
0.669378
0.666531
0.660838
0.660838
0.667344
0.664498
0.667344
0.666531
0.661244
0.671411
0.671004
0.664091
0.658804
0.657584
0.662871
0.667344
0.667751
0.662058
0.668971
0.671818
0.671004
0.666938
0.653518
0.664091
0.662058
0.664498
0.658804
0.650671
0.656364
0.665311
0.663684
0.664091
0.662871
0.664904
0.666531
0.662058
0.660431
0.657584
0.657584
0.665718
0.674664
0.663684
0.662871
0.664904
0.661651
0.668158
0.664498
0.666124
0.664498
0.667751
0.666124
0.668971
0.663684
0.655551
0.656771
0.660024
0.666531
0.660024
0.658804
0.662058
0.669784
0.668971
0.666124
0.662058
0.662058
0.663278
0.661651
0.661651
0.658804
0.667751
0.672224
0.663684
0.664904
0.664091
0.670191
0.666938
0.660431
0.653924
0.668564
0.671818
0.674664
0.661244
0.659618
0.665311
0.669378
0.662871
0.653924
0.655958
0.660431
0.666124
0.674664
0.675071
0.675478
0.674664
0.673851
0.668971
0.668564
0.667344
0.665718
0.666124
0.665311
0.668564
0.667344
0.664904
0.664091
0.668564
0.673038
0.671004
0.666531
0.667344
0.668971
0.668158
0.668158
0.671818
0.669784
0.669378
0.668971
0.665718
0.667751
0.665718
0.666938
0.664091
0.665311
0.668564
0.660431
0.662058
0.666124
0.671004
0.666938
0.666124
0.663278
0.665718
0.669378
0.671818
0.665718
0.658804
0.665311
0.668971
0.668971
0.668158
0.667751
0.664498
0.668158
0.670598
0.664498
0.662871
0.665718
0.666938
0.672224
0.671818
0.670191
0.664091
0.670191
0.668564
0.669784
0.667751
0.662464
0.662058
0.662464
0.662871
0.665311
0.664091
0.665311
0.663684
0.668971
0.671004
0.667344
0.666938
0.666938
0.660431
0.664498
0.671818
0.671818
0.667344
0.664498
0.671411
0.666124
0.669378
0.666938
0.664498
0.666938
0.666531
0.673038
0.660431
0.667344
0.671004
0.673444
0.668564
0.662464
0.662871
0.666938
0.663278
0.664498
0.662464
0.658398
0.662058
0.668158
0.667751
0.664091
0.661244
0.665311
0.664904
0.664498
0.664904
0.664091
0.661244
0.661651
0.665311
0.662871
0.666531
0.665718
0.668158
0.664904
0.666938
0.664498
0.664498
0.665718
0.666938
0.668158
0.670598
0.663278
0.665718
0.669784
0.668971
0.664498
0.662058
0.659211
0.668971
0.670598
0.670598
0.665718
0.663278
0.665311
0.665311
0.663278
0.664904
0.660431
0.656364
0.660431
0.666531
0.664904
0.663684
0.666938
0.664904
0.667344
0.660431
0.658398
0.665311
0.667751
0.674664
0.671004
0.666531
0.667751
0.664498
0.667344
0.668564
0.662871
0.668971
0.665311
0.670598
0.666938
0.665311
0.658804
0.663278
0.665311
0.660838
0.663278
0.666938
0.670191
0.672631
0.668158
0.665718
0.665718
0.655958
0.653924
0.655144
0.655958
0.660024
0.662464
0.664498
0.666531
0.669784
0.668971
0.668158
0.664498
0.668564
0.668564
0.665718
0.671818
0.669378
0.665718
0.671411
0.669378
0.670191
0.664904
0.662871
0.662871
0.667751
0.667344
0.664904
0.667344
0.668158
0.669378
0.664498
0.663684
0.667344
0.662871
0.670598
0.674664
0.668971
0.668564
0.667344
0.664498
0.664904
0.664904
0.664498
0.666938
0.668971
0.674664
0.668158
0.669784
0.664091
0.668971
0.665718
0.663684
0.667344
0.663684
0.669378
0.673038
0.668158
0.667344
0.668158
0.665718
0.660838
0.664091
0.662871
0.660838
0.663684
0.666938
0.671818
0.667751
0.672224
0.667751
0.665718
0.664091
0.662464
0.657178
0.654331
0.663278
0.669784
0.672631
0.662464
0.656771
0.663278
0.662464
0.662058
0.663684
0.665311
0.672224
0.668564
0.669378
0.666938
0.664498
0.670598
0.668971
0.667751
0.671411
0.667751
0.668564
0.669784
0.668158
0.673851
0.671818
0.675071
0.667751
0.668158
0.671004
0.666938
0.671818
0.666531
0.671411
0.666938
0.666938
0.669378
0.673851
0.676698
0.668971
0.666938
0.666938
0.664498
0.664498
0.659618
0.665311
0.661244
0.660838
0.674664
0.666938
0.657991
0.662464
0.670598
0.669784
0.668158
0.665718
0.662871
0.665311
0.664091
0.667751
0.662871
0.665311
0.668564
0.665311
0.665311
0.665311
0.662058
0.667344
0.664091
0.663684
0.662464
0.662871
0.660024
0.654331
0.659211
0.663684
0.662871
0.666531
0.668158
0.668971
0.663684
0.661244
0.662464
0.665311
0.662871
0.666531
0.664091
0.662871
0.669784
0.666124
0.661244
0.663278
0.668971
0.671411
0.665311
0.660431
0.662871
0.668564
0.664498
0.662871
0.657178
0.660838
0.659618
0.662871
0.668971
0.670191
0.673038
0.667751
0.668564
0.662871
0.655551
0.655551
0.659211
0.663684
0.664904
0.667344
0.662871
0.668971
0.668971
0.668564
0.662871
0.657178
0.654738
0.659211
0.663684
0.668564
0.669784
0.669378
0.668158
0.668971
0.668564
0.660431
0.659211
0.662058
0.666531
0.667751
0.671818
0.671411
0.670191
0.665311
0.666531
0.665311
0.663278
0.661651
0.661244
0.657178
0.659618
0.664091
0.666531
0.666938
0.665311
0.670598
0.667751
0.665311
0.670191
0.673851
0.666531
0.666124
0.666124
0.666531
0.664498
0.662058
0.664498
0.665718
0.664904
0.670598
0.668971
0.671818
0.662464
0.666531
0.666531
0.668158
0.666531
0.666531
0.666124
0.666531
0.666531
0.665311
0.667751
0.667751
0.668971
0.664091
0.663684
0.671004
0.668158
0.669378
0.668564
0.664498
0.664904
0.668564
0.665718
0.665718
0.665311
0.666124
0.671411
0.671411
0.666124
0.664091
0.660838
0.664091
0.655144
0.656771
0.664498
0.666531
0.671818
0.667344
0.667751
0.662464
0.666938
0.658804
0.660024
0.664498
0.670598
0.666124
0.670598
0.668971
0.666124
0.665718
0.665311
0.663278
0.667344
0.666938
0.666124
0.669378
0.666531
0.664498
0.665311
0.668971
0.666938
0.662871
0.664904
0.664904
0.668158
0.668564
0.668564
0.670598
0.671004
0.670598
0.665311
0.669784
0.666531
0.666531
0.668158
0.671818
0.671004
0.666531
0.666531
0.662058
0.666531
0.665311
0.662871
0.664091
0.664904
0.668971
0.669378
0.666938
0.660431
0.658398
0.666531
0.665311
0.661651
0.666938
0.670598
0.671411
0.666938
0.666938
0.666124
0.665311
0.666938
0.665311
0.669378
0.670191
0.669378
0.667344
0.668564
0.669378
0.670598
0.666938
0.664091
0.668158
0.668971
0.668971
0.666938
0.667751
0.667751
0.672631
0.667751
0.665311
0.666938
0.668158
0.660431
0.659618
0.663684
0.661651
0.665311
0.664091
0.664904
0.661651
0.667751
0.665718
0.666531
0.664498
0.665718
0.667344
0.669378
0.670598
0.664904
0.665718
0.662058
0.663684
0.667344
0.666938
0.664904
0.664904
0.662464
0.666938
0.665311
0.662464
0.661651
0.665311
0.664091
0.662058
0.661651
0.659211
0.662871
0.661244
0.661244
0.666938
0.670191
0.671818
0.671411
0.673038
0.674258
0.669784
0.669784
0.666124
0.666938
0.669784
0.667751
0.670598
0.668158
0.668971
0.668971
0.669784
0.663278
0.666938
0.659211
0.664091
0.666124
0.667344
0.666938
0.666938
0.668971
0.668564
0.671411
0.669378
0.665311
0.668564
0.666531
0.664091
0.665311
0.672224
0.668158
0.666938
0.669378
0.671818
0.673038
0.675071
0.671004
0.668971
0.668971
0.671818
0.665311
0.662464
0.663684
0.662871
0.668158
0.670598
0.668564
0.664904
0.666531
0.671818
0.665311
0.663278
0.666938
0.672224
0.670191
0.669784
0.671411
0.669378
0.668971
0.667751
0.670598
0.667751
0.662464
0.668564
0.672224
0.668564
0.669784
0.670191
0.670191
0.668564
0.666124
0.667344
0.664904
0.666531
0.667751
0.667344
0.666124
0.667344
0.672224
0.665311
0.666531
0.671818
0.667751
0.668564
0.670191
0.669784
0.666531
0.668158
0.670191
0.668564
0.668564
0.670191
0.669784
0.667344
0.671818
0.667751
0.670191
0.666124
0.670598
0.667344
0.669378
0.671411
0.668158
0.667751
0.667344
0.664904
0.670191
0.666938
0.661651
0.666124
0.672224
0.668564
0.670191
0.673851
0.675071
0.674258
0.671411
0.670191
0.667344
0.664091
0.657584
0.665718
0.664091
0.667751
0.668971
0.667344
0.665311
0.667751
0.664904
0.667751
0.668158
0.670191
0.665311
0.662871
0.664498
0.669378
0.667751
0.664091
0.665311
0.668564
0.663684
0.666124
0.669784
0.670191
0.672631
0.673444
0.668158
0.666124
0.671818
0.668564
0.670191
0.672631
0.675885
0.676698
0.679545
0.673851
0.668971
0.674258
0.671004
0.668971
0.666938
0.669378
0.673444
0.673038
0.675478
0.674258
0.665311
0.666124
0.666531
0.667751
0.667344
0.668158
0.665718
0.670191
0.666531
0.666124
0.666124
0.667751
0.668971
0.666531
0.668564
0.667751
0.665718
0.664904
0.666531
0.665718
0.670191
0.665718
0.671004
0.671818
0.670191
0.671411
0.667751
0.669378
0.669784
0.669378
0.674664
0.666938
0.668158
0.673038
0.675071
0.671411
0.665311
0.660431
0.663278
0.666938
0.668971
0.665311
0.666938
0.668971
0.671004
0.668564
0.667751
0.666124
0.664498
0.670191
0.670598
0.668971
0.675071
0.668971
0.671411
0.669378
0.666938
0.664091
0.662871
0.667344
0.671004
0.671411
0.672224
0.673851
0.672631
0.671004
0.667344
0.666124
0.667751
0.669378
0.668971
0.668158
0.665311
0.667751
0.662871
0.663278
0.664091
0.664498
0.665311
0.662871
0.662871
0.666124
0.666531
0.668564
0.666938
0.667344
0.665718
0.667344
0.671411
0.670598
0.669378
0.668971
0.668564
0.668564
0.668564
0.670191
0.669378
0.669378
0.672224
0.672631
0.668564
0.664904
0.664091
0.665718
0.664498
0.668158
0.668971
0.663684
0.666124
0.669378
0.668158
0.662871
0.660838
0.663684
0.661651
0.663278
0.667344
0.668564
0.669784
0.663278
0.668158
0.666938
0.661244
0.669378
0.663684
0.668158
0.670191
0.666531
0.667751
0.668564
0.670191
0.668158
0.664904
0.671004
0.667344
0.666531
0.665311
0.663278
0.662464
0.661244
0.660431
0.664498
0.667344
0.667344
0.666938
0.665311
0.666124
0.661651
0.659211
0.662464
0.665311
0.660431
0.663278
0.660024
0.663684
0.662058
0.664091
0.662464
0.661651
0.660431
0.661651
0.660431
0.663278
0.664498
0.665311
0.673851
0.675071
0.669784
0.668971
0.663278
0.665311
0.665311
0.666938
0.664091
0.668564
0.671004
0.667751
0.665311
0.656364
0.666938
0.660838
0.665718
0.662058
0.657178
0.667751
0.665311
0.660024
0.659618
0.664091
0.664091
0.665718
0.664904
0.664904
0.664091
0.662464
0.664498
0.665718
0.662871
0.662871
0.664091
0.658398
0.657991
0.661651
0.671411
0.672224
0.668564
0.664904
0.657991
0.657584
0.657991
0.664091
0.666531
0.664498
0.673444
0.674664
0.675478
0.667751
0.660838
0.658804
0.657178
0.657584
0.663278
0.667751
0.671411
0.672631
0.670598
0.670598
0.668971
0.659618
0.658398
0.659618
0.658398
0.660431
0.671004
0.672224
0.669378
0.668564
0.664904
0.661244
0.648231
0.652704
0.662871
0.664091
0.666124
0.667344
0.661651
0.657178
0.664091
0.667751
0.664904
0.657991
0.661651
0.662464
0.666124
0.669378
0.674258
0.667751
0.666938
0.664498
0.661651
0.657178
0.662058
0.663684
0.668971
0.669378
0.667344
0.666531
0.671818
0.668971
0.664091
0.667751
0.668158
0.668971
0.672631
0.671411
0.668971
0.668564
0.664498
0.661651
0.668158
0.666124
0.664498
0.668158
0.670191
0.672631
0.671004
0.670191
0.664498
0.667344
0.665718
0.665718
0.666124
0.665718
0.664498
0.661244
0.667751
0.667344
0.668158
0.668971
0.667751
0.666938
0.668971
0.667751
0.662464
0.663278
0.669784
0.670598
0.669784
0.668564
0.666531
0.670191
0.672224
0.670598
0.666124
0.663684
0.664904
0.667751
0.664904
0.660431
0.666124
0.670598
0.665311
0.667751
0.660838
0.664091
0.662464
0.662871
0.660024
0.656771
0.662464
0.666531
0.669784
0.665311
0.661651
0.666124
0.666938
0.662464
0.662058
0.657178
0.658804
0.668564
0.672224
0.678325
0.669784
0.672224
0.673038
0.666531
0.668564
0.662871
0.661244
0.664498
0.667751
0.673851
0.669378
0.667344
0.663684
0.666531
0.671004
0.668971
0.672631
0.673038
0.670191
0.674664
0.672631
0.673851
0.673038
0.675071
0.675071
0.671411
0.672631
0.672224
0.672224
0.666531
0.668564
0.670598
0.670191
0.667344
0.671004
0.668158
0.669378
0.667344
0.671818
0.672631
0.669378
0.663684
0.657178
0.662464
0.671004
0.669378
0.670598
0.668971
0.672631
0.671818
0.675478
0.669784
0.668971
0.671411
0.668971
0.668971
0.669784
0.672631
0.673038
0.674258
0.667751
0.667344
0.672631
0.676291
0.674258
0.673038
0.668158
0.670191
0.675885
0.667344
0.659618
0.667344
0.672631
0.671411
0.671004
0.670191
0.668158
0.665718
0.666938
0.665718
0.664498
0.668564
0.671411
0.675071
0.673851
0.671818
0.671004
0.674664
0.668158
0.667344
0.665718
0.667751
0.668971
0.668564
0.675478
0.670598
0.668971
0.664904
0.666938
0.662464
0.664904
0.664091
0.666938
0.673851
0.671411
0.667751
0.670191
0.666938
0.662871
0.659618
0.668158
0.663278
0.668971
0.670191
0.672631
0.670191
0.668971
0.671004
0.664091
0.662871
0.663278
0.669378
0.672631
0.671818
0.663684
0.663278
0.662871
0.666938
0.665718
0.666938
0.668564
0.669784
0.668971
0.665311
0.668564
0.671004
0.673444
0.674664
0.673444
0.673851
0.675885
0.674664
0.669784
0.670598
0.669378
0.665718
0.667344
0.666938
0.667344
0.664498
0.669378
0.667751
0.670598
0.672224
0.671818
0.666124
0.675071
0.670191
0.666531
0.667751
0.671411
0.668564
0.668158
0.669784
0.668158
0.669378
0.665311
0.666124
0.665718
0.665718
0.665311
0.668564
0.668158
0.668158
0.666531
0.668971
0.668971
0.671004
0.668158
0.666531
0.666124
0.662464
0.671004
0.673851
0.666531
0.664904
0.663684
0.667344
0.664904
0.667751
0.672224
0.671004
0.675071
0.671818
0.671004
0.668564
0.668971
0.667344
0.665311
0.659618
0.660431
0.663278
0.668564
0.671411
0.673444
0.670598
0.675885
0.670598
0.672631
0.672224
0.673851
0.670598
0.668564
0.667344
0.668564
0.670191
0.668971
0.668971
0.666938
0.672224
0.672224
0.672224
0.671004
0.670598
0.668971
0.664904
0.666938
0.670598
0.671004
0.667751
0.665718
0.670191
0.669784
0.671004
0.671411
0.670191
0.668564
0.671411
0.669378
0.665311
0.663278
0.672224
0.671411
0.667344
0.668158
0.671411
0.671004
0.671818
0.673038
0.672631
0.676698
0.676291
0.673851
0.668158
0.675071
0.664904
0.664498
0.663684
0.668158
0.667751
0.669378
0.670191
0.674258
0.670191
0.671818
0.670191
0.671818
0.671004
0.666531
0.667751
0.666124
0.666531
0.668564
0.671411
0.670191
0.671818
0.668158
0.672224
0.673851
0.672224
0.669784
0.670191
0.672224
0.669784
0.664498
0.669784
0.666531
0.669378
0.668971
0.669784
0.668971
0.666938
0.664091
0.664498
0.664904
0.659211
0.658804
0.661651
0.668564
0.676291
0.666938
0.661244
0.669378
0.675885
0.675071
0.672631
0.666938
0.666124
0.666938
0.664904
0.666938
0.665718
0.666531
0.670191
0.671004
0.668158
0.665718
0.666531
0.668971
0.662871
0.662464
0.668158
0.662058
0.668564
0.673444
0.671818
0.673851
0.672224
0.669784
0.666531
0.664091
0.663684
0.667751
0.666124
0.662058
0.662871
0.660838
0.664904
0.662058
0.659211
0.660024
0.658398
0.666124
0.669378
0.668158
0.671818
0.668971
0.663278
0.669784
0.667751
0.668564
0.669784
0.668564
0.666124
0.664904
0.665311
0.668971
0.665718
0.665311
0.656364
0.659211
0.665311
0.664498
0.662871
0.661651
0.669784
0.674258
0.671818
0.665718
0.671004
0.669378
0.670191
0.669784
0.666938
0.670598
0.665718
0.666124
0.670598
0.671004
0.671004
0.668971
0.670598
0.671004
0.660431
0.660838
0.665311
0.666938
0.657178
0.656364
0.661244
0.666124
0.665311
0.663684
0.659618
0.666938
0.671411
0.671004
0.658398
0.661244
0.671004
0.664904
0.659618
0.659211
0.663278
0.669784
0.660431
0.662058
0.666531
0.668971
0.664904
0.666124
0.665718
0.666124
0.666124
0.667751
0.665311
0.662464
0.670191
0.663684
0.663278
0.672224
0.668971
0.668564
0.668158
0.665718
0.668971
0.666531
0.669784
0.671004
0.671411
0.661651
0.655958
0.660838
0.663278
0.668564
0.665718
0.666531
0.664904
0.671004
0.666124
0.665311
0.667344
0.669378
0.669378
0.668564
0.660431
0.664091
0.668158
0.669784
0.669378
0.664498
0.664091
0.664904
0.668158
0.670191
0.672631
0.666124
0.670191
0.669784
0.671411
0.661244
0.661244
0.668564
0.669784
0.666124
0.657991
0.662871
0.668971
0.668564
0.666938
0.667751
0.673444
0.669784
0.667751
0.664904
0.666531
0.663684
0.662871
0.659211
0.654738
0.658398
0.662058
0.664091
0.661244
0.657991
0.659618
0.662058
0.664904
0.663278
0.657584
0.655551
0.666938
0.670191
0.664091
0.660024
0.663278
0.662464
0.664091
0.659211
0.664904
0.667751
0.666531
0.662058
0.666938
0.662871
0.657584
0.661244
0.669378
0.661244
0.664904
0.668158
0.663684
0.668971
0.667751
0.657178
0.657584
0.661244
0.665718
0.660024
0.661244
0.666938
0.661244
0.662058
0.661244
0.668564
0.661244
0.662871
0.662058
0.664904
0.666531
0.669784
0.669378
0.663684
0.666938
0.666124
0.667751
0.668564
0.660838
0.661651
0.665311
0.666531
0.670598
0.659211
0.656364
0.661651
0.666938
0.666531
0.666124
0.664498
0.664904
0.667344
0.665311
0.657584
0.656364
0.662058
0.662464
0.655551
0.660431
0.662464
0.662058
0.663684
0.664498
0.663684
0.665311
0.664904
0.667344
0.662464
0.669378
0.668158
0.663684
0.662871
0.662871
0.664091
0.658398
0.663684
0.655958
0.660431
0.662871
0.664091
0.663278
0.667344
0.668158
0.664091
0.671411
0.671818
0.671818
0.667751
0.665718
0.660024
0.664498
0.663278
0.663684
0.662464
0.664498
0.666938
0.664904
0.666124
0.666938
0.666531
0.667751
0.664498
0.663278
0.664498
0.662464
0.654738
0.658804
0.662464
0.665311
0.666938
0.662058
0.658804
0.664091
0.668564
0.671411
0.663278
0.664904
0.665311
0.656771
0.654738
0.658804
0.653518
0.665311
0.668158
0.664091
0.661651
0.666531
0.663278
0.665718
0.664498
0.661651
0.663278
0.665311
0.670191
0.661244
0.664498
0.668158
0.667751
0.664091
0.664904
0.665311
0.665718
0.668158
0.664904
0.658398
0.661244
0.660431
0.654738
0.658398
0.651891
0.659618
0.667344
0.668564
0.657584
0.656771
0.662464
0.664498
0.664498
0.659211
0.654331
0.653924
0.660024
0.661651
0.669378
0.659211
0.658398
0.664904
0.657178
0.659211
0.656771
0.653924
0.656771
0.662871
0.669784
0.672224
0.666938
0.667344
0.661651
0.662871
0.659618
0.664904
0.664904
0.668971
0.670191
0.666938
0.663684
0.668158
0.662464
0.661244
0.657991
0.657178
0.661651
0.666938
0.678325
0.675071
0.676698
0.671411
0.673444
0.669378
0.668971
0.661651
0.663278
0.664498
0.665311
0.666938
0.664904
0.663684
0.665718
0.663278
0.661651
0.661244
0.660431
0.663278
0.664904
0.665311
0.662058
0.660431
0.664498
0.660431
0.657991
0.658398
0.661244
0.660431
0.663278
0.663278
0.668158
0.667751
0.667344
0.666531
0.662464
0.660024
0.665311
0.660838
0.659211
0.659211
0.662058
0.662464
0.664498
0.662871
0.658804
0.664091
0.664904
0.667751
0.665718
0.666124
0.661651
0.661244
0.661651
0.661244
0.664091
0.668158
0.670191
0.666531
0.667751
0.666938
0.662871
0.657991
0.659618
0.660838
0.663684
0.667344
0.659211
0.661244
0.667344
0.670598
0.668158
0.661244
0.659618
0.659618
0.658804
0.664904
0.657584
0.658804
0.659211
0.662464
0.659618
0.658804
0.654331
0.655144
0.659211
0.664498
0.656364
0.655551
0.659211
0.667751
0.662058
0.662058
0.657991
0.657991
0.662058
0.669784
0.669378
0.665311
0.663684
0.663684
0.667751
0.665311
0.662058
0.663278
0.660838
0.663278
0.660431
0.663278
0.663684
0.664091
0.664498
0.663684
0.663684
0.662464
0.664498
0.664498
0.666938
0.668971
0.668158
0.661244
0.660024
0.662058
0.665718
0.667751
0.672631
0.675885
0.675885
0.673444
0.668564
0.668564
0.669784
0.666124
0.666531
0.664904
0.662464
0.659618
0.664498
0.662058
0.667751
0.667344
0.667344
0.672224
0.671818
0.671818
0.667751
0.663684
0.666938
0.669784
0.670598
0.666124
0.665311
0.664091
0.666531
0.666938
0.668158
0.667344
0.665718
0.667344
0.667344
0.668971
0.667344
0.664904
0.665718
0.664904
0.662871
0.661244
0.662871
