0.546564
0.545344
0.548190
0.542904
0.560797
0.563644
0.564457
0.571777
0.571777
0.565677
0.566897
0.565270
0.584791
0.585197
0.583977
0.583571
0.580317
0.575844
0.575031
0.561204
0.571370
0.569337
0.567304
0.568524
0.572184
0.575844
0.581131
0.583164
0.583571
0.580317
0.581944
0.582351
0.578284
0.581944
0.582351
0.584791
0.589671
0.589264
0.591297
0.591704
0.589264
0.590891
0.593737
0.594144
0.594144
0.603904
0.605937
0.606344
0.605531
0.605937
0.605937
0.602277
0.605937
0.605937
0.611631
0.613664
0.613257
0.614071
0.613664
0.612851
0.610411
0.618544
0.606751
0.618951
0.619357
0.617324
0.620577
0.623424
0.621797
0.616511
0.622204
0.615697
0.618137
0.622611
0.621391
0.623424
0.618544
0.618137
0.621797
0.621797
0.615697
0.617731
0.620984
0.624644
0.617324
0.620984
0.610411
0.614477
0.618137
0.617324
0.615291
0.614884
0.620984
0.626271
0.622611
0.620984
0.620577
0.623831
0.622611
0.618544
0.615697
0.618951
0.618544
0.618544
0.618951
0.618951
0.622611
0.620577
0.617324
0.617731
0.620171
0.614884
0.618951
0.618544
0.618544
0.620171
0.616104
0.621391
0.623017
0.626271
0.621797
0.617731
0.614477
0.616104
0.625458
0.623017
0.620984
0.622204
0.625051
0.628304
0.634811
0.631151
0.628304
0.614071
0.619764
0.630338
0.623424
0.630744
0.621391
0.623017
0.624237
0.627491
0.625864
0.619357
0.621797
0.622611
0.614071
0.615697
0.630338
0.623424
0.622611
0.620984
0.621797
0.621391
0.622204
0.625864
0.631151
0.631964
0.631558
0.635624
0.632778
0.622611
0.626271
0.634811
0.627898
0.636031
0.633184
0.630744
0.621797
0.623424
0.627084
0.623424
0.631558
0.624644
0.631558
0.630338
0.632778
0.626678
0.624644
0.623424
0.620984
0.618137
0.620171
0.617731
0.621797
0.619357
0.626271
0.629118
0.627084
0.627084
0.620984
0.625864
0.623831
0.625051
0.626678
0.626271
0.627084
0.624237
0.625051
0.626271
0.623831
0.625864
0.623831
0.623424
0.623017
0.622204
0.623831
0.625864
0.621797
0.631151
0.631964
0.633184
0.638471
0.634404
0.639691
0.632371
0.632371
0.634811
0.635218
0.638878
0.636031
0.637658
0.640098
0.638471
0.639691
0.638064
0.640098
0.636438
0.636438
0.634811
0.641318
0.637658
0.639284
0.634811
0.638878
0.635218
0.643351
0.642538
0.643351
0.640504
0.636031
0.633998
0.637658
0.636844
0.638471
0.633998
0.633998
0.636844
0.636844
0.639691
0.638471
0.642944
0.641724
0.643351
0.642944
0.642944
0.639691
0.642538
0.640911
0.636031
0.639284
0.644978
0.638878
0.641724
0.640504
0.644978
0.640911
0.641724
0.641724
0.640098
0.634811
0.639284
0.640098
0.638878
0.636438
0.638878
0.638878
0.643351
0.647011
0.646604
0.644978
0.642944
0.642131
0.642944
0.637251
0.640098
0.642538
0.642944
0.644164
0.644571
0.642538
0.638878
0.638471
0.637251
0.639284
0.639284
0.644978
0.645384
0.643351
0.629931
0.643351
0.636844
0.634811
0.631151
0.630338
0.637251
0.641318
0.633998
0.636844
0.645384
0.644571
0.647824
0.645791
0.646198
0.636844
0.638064
0.636031
0.635218
0.631151
0.632778
0.634404
0.634811
0.630744
0.632371
0.630338
0.631558
0.637658
0.644978
0.643351
0.641724
0.641318
0.649858
0.649858
0.644164
0.642538
0.648638
0.648231
0.651891
0.653924
0.652298
0.652298
0.652704
0.647011
0.642538
0.650671
0.647011
0.643351
0.645791
0.644978
0.647824
0.645791
0.641318
0.640098
0.648231
0.642538
0.637658
0.638471
0.642538
0.646604
0.645791
0.647824
0.650671
0.649451
0.649858
0.648231
0.631151
0.650264
0.651078
0.648231
0.649858
0.647824
0.653518
0.653111
0.651078
0.646198
0.642538
0.646604
0.640504
0.643758
0.646198
0.650264
0.647824
0.640911
0.636438
0.644164
0.644164
0.649044
0.641724
0.642131
0.643758
0.647824
0.648231
0.645791
0.647418
0.647418
0.646198
0.648231
0.638471
0.638064
0.638064
0.648638
0.644571
0.644571
0.637251
0.641724
0.638878
0.640504
0.648638
0.648638
0.644571
0.641724
0.646198
0.647824
0.648638
0.648638
0.650264
0.651484
0.643351
0.641724
0.645384
0.648231
0.647011
0.646604
0.640098
0.637658
0.636438
0.638064
0.643351
0.653518
0.653518
0.653518
0.654738
0.651484
0.650671
0.645791
0.650671
0.647824
0.652298
0.654331
0.655144
0.653518
0.657178
0.653111
0.649451
0.650264
0.650264
0.651078
0.651891
0.649858
0.650264
0.645791
0.646604
0.645384
0.651891
0.653518
0.645791
0.644978
0.652704
0.646604
0.641318
0.642538
0.642538
0.638878
0.636844
0.642944
0.652704
0.650264
0.645384
0.648231
0.651891
0.656771
0.648231
0.649858
0.651484
0.645791
0.649858
0.650264
0.647418
0.650264
0.645791
0.649044
0.644978
0.642131
0.645384
0.651078
0.651078
0.649451
0.651484
0.651078
0.651891
0.654331
0.651891
0.647418
0.652704
0.651484
0.648231
0.651484
0.650671
0.651078
0.646198
0.642944
0.649044
0.650671
0.648638
0.642538
0.649044
0.649858
0.648231
0.642944
0.640098
0.638471
0.638878
0.637251
0.647011
0.651891
0.652298
0.645384
0.647824
0.646604
0.648638
0.652704
0.646604
0.647011
0.649858
0.651484
0.648638
0.647011
0.647824
0.648231
0.643758
0.651484
0.652704
0.650264
0.651078
0.654738
0.649858
0.652298
0.654331
0.647011
0.647011
0.652704
0.648638
0.647011
0.644571
0.642538
0.650671
0.648638
0.651484
0.650264
0.646604
0.649858
0.646604
0.641318
0.647824
0.651891
0.653518
0.653924
0.651891
0.653924
0.651891
0.654738
0.655144
0.640098
0.653924
0.651891
0.642538
0.638471
0.636031
0.634404
0.640504
0.642944
0.641318
0.641724
0.643758
0.644978
0.646198
0.642538
0.646604
0.653924
0.657991
0.648638
0.643351
0.653111
0.648638
0.645384
0.636438
0.637251
0.633591
0.631151
0.633591
0.633184
0.629524
0.630338
0.629931
0.631964
0.629931
0.629524
0.636438
0.633184
0.633998
0.637658
0.636031
0.639284
0.639284
0.637658
0.634404
0.636031
0.643351
0.642131
0.641318
0.647418
0.651484
0.656364
0.654331
0.659211
0.653111
0.654331
0.651078
0.654738
0.654738
0.655551
0.655958
0.653111
0.650264
0.653111
0.650264
0.653924
0.655551
0.652704
0.649044
0.650671
0.649451
0.651078
0.655551
0.650671
0.650264
0.655551
0.651891
0.657584
0.653924
0.647418
0.647011
0.648231
0.651078
0.646604
0.648638
0.648638
0.649858
0.647011
0.647418
0.647011
0.652298
0.652298
0.650671
0.652298
0.649044
0.655551
0.652298
0.650264
0.655144
0.651891
0.642538
0.642944
0.641724
0.646198
0.647418
0.652704
0.652298
0.654738
0.651484
0.649044
0.657991
0.654331
0.652704
0.650264
0.651891
0.651078
0.657178
0.653518
0.653518
0.654331
0.654331
0.653518
0.650264
0.647011
0.650671
0.654331
0.648638
0.647011
0.650264
0.653111
0.658398
0.655144
0.652298
0.657584
0.657584
0.651484
0.650671
0.651891
0.649044
0.653924
0.653924
0.650671
0.649044
0.649044
0.649858
0.649858
0.648638
0.650671
0.656771
0.652298
0.653924
0.653924
0.653924
0.654331
0.647418
0.649044
0.651891
0.653111
0.654331
0.651484
0.648638
0.649858
0.649858
0.650671
0.651484
0.647418
0.649451
0.650671
0.653518
0.653111
0.655551
0.654738
0.649858
0.644571
0.646198
0.651484
0.650671
0.651891
0.656364
0.651891
0.651891
0.648231
0.649451
0.647418
0.647824
0.647011
0.652298
0.657991
0.654331
0.658398
0.662058
0.656771
0.656364
0.651891
0.649451
0.652704
0.655958
0.654331
0.651078
0.654738
0.653111
0.656364
0.653111
0.646604
0.643758
0.648231
0.653111
0.652298
0.655551
0.655144
0.652704
0.653111
0.651078
0.651078
0.655551
0.657991
0.655958
0.653924
0.651891
0.652298
0.650671
0.648638
0.651078
0.645791
0.649044
0.653518
0.653924
0.655144
0.654331
0.653111
0.653518
0.648638
0.653518
0.657584
0.658398
0.657584
0.657991
0.656771
0.655144
0.653518
0.652704
0.653924
0.651078
0.655144
0.657178
0.657178
0.655958
0.653518
0.653924
0.655551
0.643758
0.646198
0.652704
0.657991
0.654738
0.653924
0.658398
0.655551
0.655551
0.654738
0.650264
0.653111
0.652704
0.655958
0.654331
0.653924
0.653924
0.653518
0.656364
0.654738
0.651484
0.649858
0.658398
0.655551
0.657991
0.654331
0.655144
0.651078
0.655144
0.658398
0.652298
0.649451
0.650264
0.652298
0.651891
0.655144
0.655551
0.656364
0.656364
0.655551
0.651078
0.657584
0.653924
0.651891
0.656364
0.654738
0.650264
0.652298
0.650264
0.648231
0.656771
0.653111
0.650671
0.649451
0.653518
0.652704
0.647011
0.651484
0.657584
0.651891
0.653111
0.660431
0.661244
0.657991
0.653518
0.653111
0.655551
0.653518
0.653924
0.653924
0.656771
0.656364
0.652704
0.655551
0.652704
0.650264
0.655144
0.650264
0.647011
0.645791
0.655551
0.655144
0.651484
0.654738
0.654331
0.657178
0.657584
0.651484
0.652704
0.654738
0.654738
0.655958
0.661244
0.655144
0.659618
0.656771
0.655958
0.655958
0.652298
0.652298
0.650264
0.653924
0.649451
0.656771
0.653111
0.654331
0.653111
0.655551
0.653518
0.651484
0.654331
0.654331
0.652298
0.656364
0.654331
0.651078
0.649858
0.647824
0.650264
0.657584
0.658398
0.656771
0.653924
0.654331
0.659618
0.653111
0.654738
0.656364
0.655551
0.654331
0.656771
0.660431
0.658804
0.657584
0.653518
0.653111
0.653924
0.654738
0.655958
0.653518
0.654738
0.653518
0.652704
0.652298
0.653111
0.652298
0.653111
0.653111
0.647824
0.651891
0.656364
0.657584
0.657991
0.658804
0.654331
0.657178
0.651078
0.655144
0.648231
0.643758
0.643351
0.649451
0.647824
0.655958
0.653924
0.655144
0.659618
0.657584
0.655958
0.650264
0.654331
0.659211
0.657991
0.660024
0.660024
0.663684
0.657991
0.657178
0.655144
0.654331
0.655144
0.651078
0.654738
0.655551
0.658804
0.655144
0.652298
0.655551
0.656771
0.657991
0.660024
0.658398
0.657991
0.656771
0.654738
0.657584
0.657584
0.657991
0.656364
0.655144
0.660431
0.662464
0.659618
0.655551
0.651891
0.650671
0.656771
0.657991
0.657991
0.657991
0.660431
0.660024
0.661244
0.660024
0.657991
0.655551
0.657178
0.651891
0.653111
0.649044
0.656364
0.656771
0.656364
0.658398
0.655551
0.653111
0.655144
0.654738
0.656364
0.663684
0.662058
0.660431
0.657178
0.659618
0.657991
0.657991
0.658398
0.661651
0.657991
0.656364
0.657991
0.656364
0.654331
0.655958
0.651891
0.653924
0.656364
0.658804
0.657178
0.654331
0.659618
0.661244
0.660431
0.656771
0.656364
0.655958
0.661651
0.661244
0.662464
0.660024
0.655958
0.658804
0.660431
0.659211
0.663684
0.660024
0.656771
0.660838
0.661244
0.658398
0.652704
0.641724
0.650264
0.657178
0.655144
0.647418
0.653924
0.655958
0.657991
0.658398
0.654331
0.647824
0.652704
0.657178
0.652704
0.655144
0.660024
0.657584
0.664091
0.664498
0.660024
0.658398
0.656364
0.658398
0.664091
0.658398
0.662464
0.656771
0.654738
0.659211
0.661244
0.661651
0.658398
0.657991
0.660024
0.660024
0.657584
0.658398
0.656771
0.653111
0.659211
0.660838
0.658804
0.663278
0.663278
0.662871
0.660431
0.660024
0.661244
0.665311
0.664904
0.662058
0.661651
0.657991
0.655144
0.655551
0.657584
0.658398
0.661244
0.664091
0.658398
0.660024
0.657991
0.654738
0.654331
0.656364
0.653924
0.651078
0.654738
0.659618
0.657584
0.657991
0.660024
0.662058
0.660838
0.662464
0.664091
0.661651
0.656364
0.657991
0.653924
0.656364
0.662871
0.661651
0.661244
0.661244
0.662871
0.661651
0.663684
0.657991
0.657991
0.656771
0.660431
0.660431
0.660024
0.661651
0.662058
0.660431
0.658398
0.655551
0.657178
0.661651
0.662464
0.660838
0.662464
0.659211
0.665718
0.660838
0.658804
0.658398
0.661651
0.659211
0.659211
0.661651
0.665311
0.658804
0.660024
0.660838
0.662464
0.660838
0.660024
0.660431
0.660431
0.659211
0.651891
0.657991
0.661244
0.657178
0.659618
0.658804
0.659618
0.657991
0.661244
0.660024
0.655958
0.652298
0.652704
0.654331
0.660838
0.652298
0.657178
0.655551
0.660024
0.653111
0.658804
0.655551
0.659211
0.658804
0.660024
0.660838
0.664091
0.664904
0.665311
0.661244
0.659211
0.660431
0.656364
0.659211
0.661244
0.656364
0.660024
0.658398
0.660838
0.660431
0.649858
0.658804
0.652704
0.648638
0.650671
0.657991
0.655958
0.654331
0.648231
0.661651
0.653111
0.649858
0.646198
0.640911
0.641724
0.638878
0.644164
0.647824
0.649044
0.651484
0.653111
0.644978
0.651078
0.652298
0.653518
0.657178
0.661651
0.660024
0.660431
0.651484
0.649044
0.659618
0.660431
0.657584
0.663278
0.662058
0.657584
0.659618
0.660024
0.657991
0.658398
0.658804
0.662871
0.658398
0.661651
0.658398
0.665718
0.668158
0.663278
0.662871
0.661651
0.661651
0.660431
0.662871
0.662871
0.659211
0.661651
0.658398
0.662058
0.662058
0.662058
0.657584
0.658804
0.659618
0.657178
0.657584
0.658804
0.662058
0.660431
0.662871
0.663278
0.662464
0.662464
0.661244
0.663278
0.659211
0.661651
0.662464
0.660431
0.659211
0.661244
0.662058
0.663278
0.658398
0.656364
0.661651
0.662058
0.657991
0.659211
0.660431
0.660838
0.661651
0.662058
0.664091
0.661244
0.661244
0.659211
0.659211
0.656364
0.656771
0.657178
0.657584
0.657178
0.659211
0.658804
0.662871
0.665311
0.660024
0.658398
0.659211
0.658804
0.662871
0.657584
0.657584
0.657178
0.661244
0.662464
0.660431
0.660431
0.657178
0.658398
0.657991
0.660024
0.660431
0.649858
0.658804
0.659211
0.662464
0.661651
0.660431
0.658398
0.655551
0.658804
0.657991
0.661651
0.666531
0.664498
0.662058
0.659211
0.657178
0.660838
0.657584
0.657584
0.660024
0.659618
0.660431
0.658804
0.660838
0.665311
0.662058
0.663278
0.661244
0.660024
0.662464
0.662058
0.663684
0.660024
0.659618
0.660024
0.657991
0.658804
0.655958
0.655144
0.658398
0.657991
0.663278
0.663278
0.661651
0.664091
0.663278
0.664904
0.664498
0.663278
0.658804
0.656364
0.655551
0.655551
0.655958
0.659211
0.664498
0.665311
0.660431
0.661651
0.660838
0.662058
0.662058
0.659618
0.658398
0.657991
0.663278
0.663278
0.661244
0.663684
0.661651
0.661244
0.659618
0.660431
0.655958
0.657991
0.659618
0.660024
0.659618
0.663278
0.661244
0.661651
0.662871
0.663278
0.662058
0.660024
0.657178
0.656771
0.659618
0.662464
0.660024
0.657584
0.662058
0.663278
0.661244
0.662058
0.662058
0.660838
0.659211
0.660838
0.665311
0.659211
0.657991
0.656364
0.659211
0.653111
0.655144
0.662464
0.660431
0.657584
0.657991
0.656364
0.656364
0.656364
0.654331
0.653924
0.653924
0.659618
0.660024
0.658804
0.659211
0.659618
0.660024
0.656771
0.657991
0.661244
0.657991
0.661244
0.665311
0.664091
0.661244
0.657178
0.659618
0.660838
0.657584
0.658398
0.659618
0.657584
0.662058
0.664904
0.666124
0.667344
0.660024
0.660431
0.657584
0.653111
0.659211
0.658398
0.653924
0.647824
0.649451
0.656364
0.661651
0.660838
0.657178
0.655551
0.648231
0.644164
0.644978
0.647418
0.644164
0.649044
0.647824
0.644571
0.641724
0.641318
0.645384
0.644164
0.645384
0.648231
0.649044
0.645791
0.647824
0.647824
0.649451
0.651078
0.660838
0.662464
0.658398
0.661244
0.656771
0.654331
0.652298
0.656771
0.653518
0.656364
0.659211
0.661244
0.656364
0.654738
0.656771
0.664091
0.662871
0.661651
0.658398
0.656771
0.660431
0.661651
0.664904
0.662464
0.664091
0.658804
0.661651
0.663278
0.654738
0.654738
0.659618
0.660431
0.665311
0.664498
0.667751
0.662464
0.660431
0.662058
0.664498
0.658804
0.656771
0.654331
0.659211
0.658804
0.657178
0.662058
0.660431
0.664498
0.661244
0.657991
0.657991
0.658398
0.665311
0.661244
0.658398
0.659618
0.660838
0.664904
0.665311
0.660024
0.660838
0.662464
0.661244
0.658398
0.656771
0.657991
0.661244
0.658398
0.654738
0.657584
0.660431
0.655144
0.657178
0.658398
0.655144
0.657991
0.652704
0.653111
0.654738
0.655551
0.654331
0.647824
0.650671
0.651078
0.660024
0.662058
0.667344
0.667751
0.662058
0.657991
0.657584
0.657178
0.655958
0.660024
0.662464
0.664904
0.663684
0.662871
0.662464
0.656771
0.649044
0.654331
0.655551
0.660838
0.661651
0.657178
0.661244
0.661244
0.662464
0.663278
0.663684
0.659618
0.660431
0.664498
0.664091
0.658398
0.661244
0.661244
0.660431
0.656364
0.657178
0.657584
0.658398
0.657584
0.660024
0.659618
0.661244
0.660024
0.660838
0.660431
0.661244
0.659211
0.658804
0.660024
0.660431
0.662058
0.664091
0.661244
0.657584
0.655144
0.656771
0.658398
0.658398
0.660838
0.657584
0.657991
0.660024
0.659211
0.659211
0.655958
0.655551
0.657991
0.661651
0.658398
0.657991
0.660024
0.660024
0.659618
0.659618
0.662871
0.662871
0.659618
0.661244
0.661244
0.662464
0.657991
0.658398
0.655144
0.657178
0.657991
0.665311
0.662871
0.664904
0.662058
0.659618
0.659618
0.662464
0.659211
0.656364
0.657991
0.655551
0.655144
0.654738
0.657991
0.662871
0.661651
0.662058
0.663278
0.662464
0.661244
0.662871
0.662058
0.660431
0.659211
0.655958
0.656364
0.660024
0.660838
0.661244
0.661651
0.663278
0.659211
0.657178
0.651891
0.655551
0.657178
0.660024
0.660431
0.657991
0.660024
0.662058
0.658804
0.655551
0.659618
0.660024
0.657991
0.655958
0.655551
0.653518
0.649044
0.644164
0.647011
0.647824
0.647418
0.645384
0.647824
0.646604
0.646198
0.647418
0.646604
0.644571
0.651078
0.657584
0.660024
0.658398
0.655958
0.658804
0.662871
0.660838
0.659618
0.661244
0.659211
0.656771
0.657584
0.656771
0.662871
0.658804
0.657584
0.657178
0.659211
0.660431
0.660838
0.664904
0.666124
0.657178
0.657178
0.659211
0.657178
0.659618
0.655958
0.657178
0.662871
0.658804
0.660024
0.659211
0.658804
0.659211
0.657584
0.660024
0.660838
0.659618
0.660024
0.653111
0.652704
0.657991
0.657991
0.653518
0.655144
0.656771
0.661244
0.664091
0.661651
0.665311
0.659618
0.657584
0.662871
0.660431
0.660431
0.657991
0.660838
0.666124
0.662871
0.658804
0.660024
0.662871
0.657584
0.659211
0.656771
0.659618
0.656771
0.649858
0.652298
0.654738
0.656771
0.659211
0.658804
0.654738
0.657991
0.662058
0.664091
0.664091
0.667344
0.664904
0.665311
0.666124
0.659211
0.657584
0.660838
0.660024
0.659618
0.663684
0.665311
0.661651
0.660431
0.662058
0.661651
0.662058
0.660024
0.659211
0.657991
0.656364
0.655551
0.653924
0.656771
0.653518
0.653924
0.656364
0.662058
0.663684
0.665311
0.663278
0.659618
0.658804
0.659211
0.658804
0.658804
0.662464
0.657584
0.657178
0.662464
0.660024
0.660431
0.662464
0.660024
0.657584
0.657991
0.660838
0.660431
0.658398
0.657584
0.658398
0.660838
0.662464
0.666531
0.659618
0.657178
0.657991
0.658804
0.660431
0.662871
0.662058
0.661244
0.660024
0.657991
0.659211
0.651078
0.652704
0.651891
0.657991
0.665311
0.664498
0.663684
0.661651
0.667344
0.666938
0.659211
0.656364
0.656364
0.660024
0.658804
0.655551
0.657991
0.661244
0.660024
0.653518
0.657584
0.658804
0.664904
0.660838
0.660024
0.663684
0.659618
0.660024
0.661244
0.658398
0.647418
0.653111
0.652298
0.659618
0.662871
0.657584
0.660431
0.662058
0.658804
0.653924
0.658398
0.662871
0.658804
0.657991
0.657178
0.655958
0.657178
0.659211
0.660024
0.656364
0.655144
0.657584
0.659211
0.658804
0.659618
0.660838
0.662464
0.662464
0.659618
0.656771
0.657178
0.658398
0.657178
0.662058
0.662464
0.663278
0.662058
0.662464
0.658804
0.657991
0.658804
0.657178
0.654738
0.658804
0.658804
0.660024
0.660431
0.657584
0.657178
0.658398
0.659618
0.653924
0.655958
0.657991
0.659618
0.657991
0.656771
0.657991
0.658398
0.656771
0.660838
0.663278
0.662058
0.660838
0.662871
0.662464
0.664498
0.661651
0.659211
0.657584
0.660024
0.661651
0.660431
0.665718
0.663684
0.661244
0.660024
0.657178
0.658398
0.656364
0.655958
0.654331
0.657178
0.656771
0.660431
0.662464
0.659211
0.657178
0.657991
0.660838
0.667344
0.666938
0.666124
0.663278
0.665311
0.664498
0.659211
0.662058
0.662464
0.653518
0.653111
0.657991
0.661244
0.665311
0.661651
0.659211
0.660838
0.662464
0.657991
0.657584
0.655144
0.656364
0.653924
0.657178
0.656364
0.655551
0.654331
0.656771
0.658398
0.658398
0.659618
0.657991
0.661651
0.663684
0.657991
0.657991
0.655551
0.656364
0.652298
0.656771
0.658398
0.656771
0.659211
0.660838
0.655144
0.656364
0.660838
0.659618
0.658804
0.658398
0.657991
0.660838
0.660838
0.659618
0.653518
0.653924
0.658398
0.658804
0.661244
0.660838
0.658398
0.661651
0.662058
0.660024
0.659618
0.662871
0.664498
0.662058
0.658804
0.654738
0.655551
0.660431
0.663684
0.664091
0.660024
0.654738
0.655551
0.661244
0.662464
0.660838
0.665311
0.666938
0.664498
0.661244
0.662871
0.657178
0.656771
0.657991
0.659618
0.657991
0.661651
0.664091
0.661244
0.660838
0.660024
0.656771
0.659211
0.658398
0.665311
0.666531
0.666124
0.662871
0.663278
0.660024
0.656771
0.661651
0.659211
0.659211
0.662871
0.660431
0.661244
0.659211
0.660431
0.661651
0.660838
0.660024
0.661651
0.663278
0.661244
0.657991
0.661651
0.658398
0.656771
0.657584
0.656364
0.657991
0.664498
0.662464
0.662058
0.660024
0.660431
0.661244
0.655144
0.655551
0.655958
0.661651
0.658398
0.655144
0.652704
0.659618
0.658398
0.661651
0.657991
0.651078
0.654738
0.638064
0.647418
0.662058
0.657178
0.655551
0.655144
0.653924
0.655958
0.654331
0.655551
0.656364
0.656364
0.659618
0.662464
0.662058
0.660024
0.659211
0.664091
0.664091
0.660838
0.662058
0.662464
0.660024
0.659211
0.657991
0.661244
0.655144
0.657991
0.658804
0.655958
0.655958
0.660838
0.660838
0.660838
0.651484
0.653518
0.658398
0.659211
0.657991
0.658398
0.658804
0.661651
0.661244
0.664498
0.662464
0.660024
0.657178
0.656771
0.655551
0.655551
0.663684
0.664091
0.664498
0.662058
0.663684
0.660024
0.658398
0.657584
0.658804
0.663278
0.661651
0.662871
0.660431
0.661244
0.659211
0.661244
0.663278
0.659618
0.661244
0.661244
0.660024
0.660838
0.661244
0.655551
0.657584
0.656364
0.657584
0.659618
0.660431
0.662871
0.661651
0.662464
0.658804
0.659618
0.654331
0.653924
0.653924
0.660838
0.658398
0.657178
0.661651
0.661244
0.658398
0.662058
0.651484
0.654331
0.660431
0.656771
0.662058
0.666531
0.664904
0.660431
0.659211
0.659211
0.660838
0.660431
0.657991
0.664091
0.664091
0.663278
0.664904
0.661244
0.660024
0.660024
0.659618
0.658398
0.658398
0.661651
0.661651
0.662058
0.662464
0.662464
0.663684
0.659211
0.660431
0.660024
0.662464
0.662464
0.664498
0.660431
0.659211
0.659618
0.661244
0.660838
0.658398
0.660024
0.661244
0.663684
0.666124
0.665718
0.665311
0.664091
0.660024
0.659211
0.660838
0.663684
0.664498
0.663278
0.661651
0.660838
0.658398
0.656771
0.654738
0.657178
0.656771
0.660024
0.663278
0.662058
0.661244
0.659618
0.660024
0.659211
0.659618
0.659618
0.657584
0.661244
0.663278
0.662464
0.666124
0.663278
0.663278
0.666124
0.660024
0.660024
0.662464
0.662464
0.664498
0.661651
0.659618
0.660838
0.662058
0.663278
0.657991
0.660024
0.658398
0.659618
0.664904
0.662871
0.661244
0.656771
0.655958
0.655551
0.655958
0.661651
0.660838
0.657991
0.662464
0.661651
0.660024
0.655144
0.660431
0.659211
0.662058
0.658398
0.658804
0.660431
0.662464
0.660431
0.656771
0.657178
0.658804
0.659618
0.660431
0.662058
0.661651
0.663684
0.662058
0.658804
0.659618
0.655958
0.656364
0.659618
0.659618
0.657991
0.660024
0.661651
0.656364
0.659211
0.653924
0.653924
0.655144
0.656771
0.663278
0.663278
0.666938
0.665311
0.663684
0.654331
0.654738
0.657584
0.653111
0.658804
0.661244
0.661651
0.658398
0.659211
0.657178
0.656364
0.653518
0.653924
0.658804
0.661244
0.661244
0.663684
0.656771
0.658398
0.657178
0.656364
0.656364
0.651891
0.652298
0.654738
0.657991
0.660431
0.660024
0.661244
0.663684
0.664091
0.666938
0.661651
0.657991
0.660838
0.656771
0.659211
0.654331
0.651078
0.651891
0.656771
0.658804
0.659211
0.661651
0.661244
0.659618
0.661244
0.657178
0.657584
0.656771
0.659618
0.657991
0.662871
0.660024
0.659618
0.662058
0.660838
0.660431
0.662871
0.659618
0.660024
0.655958
0.660024
0.661651
0.658804
0.661244
0.658398
0.657991
0.658398
0.657991
0.658804
0.662464
0.658398
0.656364
0.657991
0.658804
0.654738
0.658398
0.658804
0.657178
0.660838
0.663684
0.661651
0.660838
0.662464
0.662871
0.659211
0.658804
0.661651
0.658804
0.661244
0.661244
0.660838
0.665311
0.665311
0.660838
0.654331
0.655144
0.650671
0.659211
0.656771
0.654331
0.660431
0.659618
0.663684
0.655958
0.658804
0.654738
0.655144
0.660024
0.657178
0.662058
0.651078
0.650264
0.651078
0.657584
0.655144
0.657178
0.657178
0.657991
0.661651
0.661651
0.664498
0.660838
0.661244
0.660024
0.662058
0.661651
0.659618
0.660838
0.660024
0.662871
0.667344
0.662464
0.661651
0.655551
0.655958
0.655144
0.656771
0.658804
0.659618
0.661651
0.657584
0.655958
0.661651
0.651891
0.656364
0.655551
0.657584
0.658804
0.667344
0.660431
0.658804
0.663278
0.662871
0.659618
0.656364
0.657584
0.657584
0.662058
0.662058
0.661244
0.662464
0.664498
0.666938
0.663278
0.662871
0.661244
0.661651
0.658804
0.657991
0.659618
0.660431
0.660431
0.660024
0.660838
0.662058
0.661244
0.660838
0.665718
0.663278
0.661651
0.659618
0.660431
0.663278
0.661651
0.661651
0.658398
0.661244
0.663684
0.658398
0.663684
0.658804
0.652704
0.657584
0.664904
0.664498
0.660838
0.659211
0.662058
0.662464
0.662058
0.657991
0.660838
0.661244
0.662871
0.660838
0.657178
0.653111
0.658398
0.661651
0.658804
0.658804
0.653924
0.656364
0.658804
0.662464
0.662871
0.660431
0.662464
0.665311
0.661244
0.658398
0.659211
0.657991
0.659211
0.662058
0.661244
0.657991
0.658804
0.657178
0.652298
0.654331
0.652704
0.655144
0.659618
0.658804
0.658398
0.660024
0.656364
0.659211
0.660431
0.659211
0.656771
0.655144
0.660431
0.662058
0.660024
0.664091
0.660431
0.662058
0.660024
0.660024
0.665311
0.660024
0.663278
0.662871
0.662464
0.662058
0.655144
0.653518
0.660024
0.658804
0.660838
0.662058
0.661244
0.659211
0.661651
0.657584
0.658804
0.659618
0.656771
0.658398
0.662871
0.661651
0.663684
0.665718
0.662871
0.661244
0.655958
0.653924
0.653518
0.661244
0.666124
0.662464
0.660838
0.662464
0.665311
0.662058
0.660431
0.658398
0.662464
0.662871
0.663684
0.659211
0.663278
0.661244
0.658398
0.660431
0.663278
0.660431
0.662464
0.661651
0.662058
0.662058
0.662058
0.663684
0.661651
0.660431
0.660838
0.656771
0.659211
0.657991
0.660431
0.662058
0.661651
0.659211
0.659618
0.658804
0.656771
0.659618
0.662464
0.664498
0.662464
0.665718
0.662871
0.664091
0.658398
0.658398
0.658804
0.661651
0.664498
0.665718
0.663684
0.662464
0.657991
0.660838
0.662058
0.662871
0.661244
0.657991
0.660838
0.660431
0.655958
0.657178
0.657584
0.652704
0.655551
0.656771
0.658804
0.658804
0.664091
0.658804
0.659211
0.660024
0.658804
0.659618
0.657584
0.659211
0.660024
0.664498
0.662464
0.664091
0.662871
0.660024
0.660838
0.657178
0.657178
0.660431
0.664091
0.660838
0.660431
0.661651
0.664904
0.661244
0.658804
0.657178
0.653924
0.653518
0.657584
0.662871
0.656771
0.659211
0.663684
0.662464
0.659618
0.653518
0.655551
0.657584
0.660431
0.662464
0.661651
0.660024
0.655958
0.656771
0.654738
0.650671
0.657584
0.657584
0.659211
0.658398
0.655551
0.651484
0.652298
0.659618
0.659211
0.659211
0.662871
0.657584
0.660431
0.658398
0.658398
0.657178
0.660431
0.657178
0.657584
0.655958
0.654738
0.660431
0.661651
0.662464
0.660431
0.658398
0.659618
0.662464
0.656771
0.657584
0.657991
0.659211
0.663278
0.659618
0.660838
0.664091
0.659618
0.661244
0.662871
0.664091
0.667344
0.668564
0.666531
0.663684
0.662871
0.661244
0.658398
0.662058
0.658804
0.661244
0.667344
0.664904
0.662058
0.657584
0.660431
0.659211
0.664904
0.663278
0.659618
0.664091
0.665718
0.664904
0.663684
0.663278
0.663278
0.664498
0.667344
0.667344
0.668971
0.668564
0.668971
0.663684
0.663684
0.661244
0.661651
0.661244
0.660838
0.663278
0.664091
0.665311
0.660024
0.657178
0.658398
0.657178
0.658398
0.661651
0.665718
0.666124
0.664498
0.664498
0.664091
0.664904
0.661244
0.657584
0.660431
0.662464
0.662871
0.665311
0.662464
0.661244
0.658398
0.657584
0.657178
0.651484
0.647418
0.655144
0.655144
0.659211
0.660024
0.662058
0.659618
0.661651
0.658398
0.656364
0.649044
0.658398
0.658804
0.660024
0.654331
0.656771
0.660838
0.654331
0.657991
0.660431
0.660838
0.656771
0.661244
0.655958
0.653111
0.662464
0.663684
0.660024
0.660024
0.657584
0.652704
0.655144
0.660024
0.661244
0.661651
0.660838
0.661244
0.662058
0.658398
0.658398
0.656771
0.659211
0.660431
0.661244
0.659211
0.658804
0.662058
0.660838
0.656364
0.655958
0.655551
0.662464
0.661651
0.655958
0.660838
0.657584
0.656771
0.655551
0.659618
0.650264
0.654738
0.658804
0.659618
0.662464
0.660024
0.658804
0.657584
0.658804
0.660024
0.658398
0.659211
0.660431
0.660838
0.666531
0.662464
0.663278
0.661651
0.654738
0.658804
0.660431
0.664091
0.664498
0.662058
0.666124
0.663684
0.658804
0.659211
0.661651
0.662058
0.660838
0.666124
0.665311
0.662871
0.660024
0.660431
0.662871
0.658398
0.658804
0.657178
0.662058
0.661244
0.660838
0.662058
0.660431
0.657991
0.659211
0.652704
0.657178
0.656771
0.660838
0.656364
0.658804
0.659618
0.663684
0.660024
0.664498
0.657584
0.655551
0.658398
0.663684
0.658398
0.662464
0.660838
0.657991
0.657991
0.659618
0.660024
0.663278
0.663278
0.660431
0.666124
0.662464
0.658804
0.656771
0.658398
0.660024
0.656771
0.660024
0.660431
0.658398
0.660431
0.659211
0.660431
0.656771
0.654738
0.659618
0.652298
0.660838
0.662058
0.657991
0.657991
0.659211
0.657178
0.654738
0.656771
0.655958
0.659211
0.663684
0.653518
0.653924
0.663278
0.666124
0.658398
0.655144
0.653111
0.652298
0.660431
0.660431
0.660838
0.661244
0.662871
0.662871
0.661651
0.657991
0.657584
0.657584
0.660024
0.656364
0.663684
0.662871
0.664904
0.662464
0.657584
0.656364
0.655958
0.656364
0.661651
0.660431
0.660838
0.664091
0.663684
0.659618
0.657991
0.658804
0.658398
0.660838
0.664498
0.664904
0.665311
0.660431
0.660024
0.663684
0.664498
0.663278
0.662464
0.660838
0.664904
0.664498
0.662464
0.659618
0.656771
0.660024
0.659211
0.656364
0.660838
0.661651
0.653924
0.651891
0.660024
0.658398
0.661244
0.660431
0.661651
0.662058
0.661244
0.662871
0.661244
0.664091
0.662871
0.665718
0.663684
0.663278
0.661244
0.664498
0.667751
0.662058
0.663684
0.663684
0.655958
0.653111
0.655958
0.652298
0.660024
0.660431
0.658804
0.660838
0.657178
0.660024
0.661244
0.652704
0.647824
0.653518
0.656364
0.659211
0.660838
0.657178
0.656364
0.661651
0.658804
0.655958
0.651078
0.655958
0.659211
0.656364
0.653111
0.664498
0.660838
0.665718
0.661244
0.658398
0.655144
0.655144
0.658804
0.661651
0.659211
0.654738
0.657584
0.658398
0.656771
0.655144
0.656771
0.655958
0.655144
0.657991
0.656771
0.663684
0.658398
0.655958
0.656364
0.655144
0.654738
0.657584
0.660431
0.664498
0.661244
0.661651
0.657991
0.657584
0.662058
0.661651
0.661651
0.664498
0.661244
0.662058
0.664091
0.660838
0.658398
0.661244
0.662058
0.661244
0.661651
0.666124
0.661651
0.660838
0.659618
0.656771
0.651891
0.653518
0.656771
0.660431
0.666531
0.663278
0.662464
0.662871
0.663278
0.662058
0.657584
0.657584
0.658804
0.659618
0.661651
0.661651
0.660024
0.657991
0.657991
0.659618
0.657991
0.658398
0.660431
0.668158
0.662871
0.660431
0.663278
0.656364
0.657178
0.653924
0.656771
0.661651
0.660024
0.661651
0.657178
0.659618
0.658398
0.660024
0.660838
0.657178
0.657584
0.658398
0.660838
0.657991
0.660024
0.655958
0.655551
0.663278
0.660838
0.658398
0.657178
0.658804
0.661244
0.659211
0.660838
0.662464
0.663684
0.659618
0.660838
0.659618
0.657584
0.657991
0.665718
0.660431
0.656364
0.658398
0.662871
0.659618
0.654738
0.659211
0.657991
0.662464
0.662464
0.655958
0.657178
0.659618
0.655144
0.655551
0.653924
0.656364
0.662464
0.662058
0.660838
0.661244
0.659618
0.657991
0.657991
0.658398
0.658804
0.660431
0.660838
0.663278
0.658398
0.662464
0.659618
0.657991
0.654331
0.657584
0.662058
0.662058
0.662464
0.666938
0.658398
0.664091
0.667344
0.663684
0.662058
0.664498
0.666531
0.667751
0.666938
0.668971
0.664091
0.662058
0.655144
0.649858
0.653111
0.651891
0.656364
0.656771
0.660431
0.660024
0.660838
0.657584
0.662058
0.658804
0.657991
0.659618
0.658804
0.661651
0.657991
0.660431
0.659211
0.659211
0.656364
0.657584
0.655144
0.652704
0.655958
0.658804
0.661651
0.657178
0.659618
0.661244
0.655958
0.659618
0.664498
0.658804
0.659618
0.656364
0.658804
0.658804
0.658804
0.660024
0.656771
0.657991
0.658804
0.655958
0.660024
0.656771
0.658804
0.660431
0.655551
0.655958
0.655144
0.657991
0.659618
0.664091
0.660024
0.655144
0.656364
0.656364
0.658398
0.655551
0.656364
0.651078
0.656771
0.660431
0.656771
0.658804
0.660431
0.659618
0.660024
0.655958
0.656771
0.657584
0.658398
0.660838
0.657991
0.652704
0.656771
0.659618
0.658804
0.661244
0.654738
0.659211
0.661244
0.663684
0.663278
0.659618
0.660431
0.658804
0.656364
0.654738
0.655958
0.654738
0.659618
0.661651
0.657991
0.657584
0.659618
0.663278
0.657991
0.658398
0.663684
0.662871
0.661244
0.664498
0.662464
0.664091
0.662058
0.661244
0.659618
0.662871
0.660838
0.659618
0.663684
0.661651
0.657584
0.657991
0.655551
0.659618
0.660024
0.665311
0.664498
0.661651
0.657178
0.655144
0.662464
0.657584
0.652704
0.652704
0.653518
0.655551
0.659211
0.658804
0.662058
0.656364
0.659211
0.657991
0.652704
0.655958
0.655958
0.657991
0.662464
0.665311
0.661651
0.660838
0.659618
0.661244
0.660838
0.661244
0.660024
0.661651
0.659618
0.660024
0.657584
0.660024
0.655958
0.656364
0.655144
0.657584
0.657991
0.662464
0.661651
0.661244
0.661651
0.659211
0.658398
0.658398
0.660431
0.658398
0.657178
0.655958
0.652704
0.661244
0.660431
0.657584
0.656771
0.661244
0.659618
0.665718
0.668158
0.667751
0.664904
0.665311
0.661651
0.660838
0.655551
0.655144
0.655958
0.658398
0.660838
0.659211
0.658398
0.659211
0.657991
0.656771
0.658804
0.658398
0.660024
0.662058
0.657991
0.658398
0.658398
0.659618
0.658398
0.657584
0.657584
0.657584
0.658804
0.658804
0.664498
0.659618
0.660431
0.660024
0.664091
0.660431
0.655551
0.654331
0.657178
0.655958
0.655144
0.653518
0.653518
0.656771
0.653518
0.657178
0.652704
0.649044
0.659618
0.657584
0.655144
0.655551
0.653924
0.658804
0.657584
0.654738
0.654738
0.660838
0.662871
0.660838
0.660024
0.658398
0.660024
0.661244
0.656771
0.653924
0.655551
0.659211
0.655551
0.655144
0.653518
0.658804
0.660024
0.659618
0.653518
0.655551
0.657584
0.660024
0.655551
0.657991
0.656364
0.658398
0.654331
0.660838
0.652298
0.654331
0.656364
0.657584
0.655551
0.657584
0.652704
0.651078
0.654331
0.655551
0.653111
0.660024
0.659211
0.661651
0.660838
0.661244
0.660024
0.661244
0.658804
0.655958
0.665311
0.661651
0.660431
0.656771
0.657584
0.659618
0.658398
0.660431
0.660024
0.657991
0.658804
0.658804
0.666531
0.661244
0.658398
0.654331
0.651078
0.656364
0.654331
0.656364
0.657584
0.659211
0.660838
0.657584
0.659618
0.654331
0.657991
0.656364
0.658804
0.659618
0.658398
0.663278
0.664091
0.660431
0.660838
0.662058
0.662464
0.657991
0.653518
0.657584
0.660431
0.657991
0.655144
0.660024
0.655958
0.657991
0.659618
0.660024
0.661651
0.658804
0.660024
0.666531
0.662058
0.657584
0.654738
0.655144
0.657991
0.655958
0.655144
0.657991
0.659211
0.661244
0.660838
0.659211
0.662464
0.664498
0.665311
0.658398
0.662464
0.658804
0.662464
0.664091
0.657178
0.655144
0.654738
0.657584
0.656364
0.659211
0.659618
0.663684
0.658398
0.656364
0.655551
0.658804
0.658804
0.657178
0.653924
0.660838
0.663278
0.660838
0.662871
0.659618
0.663684
0.664091
0.660838
0.659211
0.661244
0.657584
0.660024
0.656771
0.655144
0.659211
0.657584
0.654738
0.655144
0.653111
0.655551
0.659211
0.658398
0.653111
0.660838
0.662871
0.656364
0.657991
0.653518
0.650671
0.649451
0.659618
0.660431
0.658398
0.659618
0.655958
0.654331
0.655144
0.654738
0.657178
0.657178
0.658398
0.660024
0.660024
0.660838
0.661651
0.661651
0.660024
0.662058
0.660838
0.664904
0.664498
0.663684
0.667751
0.664904
0.663684
0.659211
0.655551
0.660431
0.658398
0.658398
0.657991
0.660024
0.662058
0.664498
0.661244
0.656364
0.654331
0.654331
0.654331
0.657584
0.657178
0.663684
0.662464
0.662058
0.656771
0.656771
0.653924
0.654738
0.658398
0.655144
0.656771
0.657584
0.659211
0.656771
0.655144
0.657991
0.662871
0.662464
0.658398
0.659211
0.661651
0.659211
0.660024
0.657991
0.660838
0.658398
0.656771
0.662058
0.662871
0.666124
0.664498
0.664904
0.663684
0.661244
0.661244
0.662058
0.659211
0.659211
0.657991
0.660024
0.660024
0.660838
0.660431
0.660024
0.657991
0.656364
0.661651
0.666938
0.662058
0.664498
0.658804
0.657991
0.656771
0.656771
0.654738
0.658398
0.658804
0.660024
0.660838
0.654331
0.651891
0.654331
0.657178
0.659211
0.657991
0.659618
0.664091
0.660024
0.658398
0.662464
0.662871
0.656364
0.662058
0.657991
0.659211
0.664091
0.661244
0.661651
0.662058
0.662871
0.661651
0.657178
0.654331
0.654331
0.656364
0.662871
0.662058
0.656364
0.657178
0.658804
0.659618
0.658398
0.654738
0.660431
0.663278
0.659618
0.661651
0.657584
0.659618
0.660838
0.662058
0.657178
0.660431
0.660024
0.660431
0.662464
0.655551
0.652704
0.657584
0.660838
0.659618
0.658398
0.659618
0.657584
0.657991
0.659618
0.660431
0.660024
0.658804
0.658804
0.660024
0.657991
0.656771
0.662464
0.660838
0.662464
0.660024
0.663278
0.659618
0.662871
0.658804
0.660431
0.661651
0.662871
0.664091
0.664498
0.664091
0.659211
0.662871
0.661244
0.660431
0.656364
0.661244
0.661244
0.661244
0.657991
0.660024
0.660024
0.658398
0.655551
0.653924
0.661651
0.661651
0.662058
0.660431
0.655958
0.656364
0.657584
0.658804
0.659618
0.658398
0.655958
0.659211
0.659618
0.659211
0.660838
0.657991
0.656771
0.656771
0.656364
0.656364
0.657991
0.658398
0.662058
0.663278
0.666124
0.667344
0.663278
0.660838
0.664091
0.661244
0.668564
0.660431
0.665311
0.662464
0.663278
0.663684
0.660431
0.657584
0.659618
0.662464
0.663684
0.662464
0.662058
0.662871
0.664498
0.660024
0.660024
0.652704
0.655958
0.662464
0.655958
0.653924
0.658804
0.660838
0.659211
0.656364
0.661244
0.659211
