0.535990
0.545344
0.552664
0.556324
0.568524
0.564864
0.563644
0.570150
0.561610
0.570150
0.564457
0.567304
0.567304
0.567710
0.568930
0.570964
0.570150
0.563237
0.567304
0.568930
0.567304
0.569337
0.565677
0.564457
0.563237
0.562830
0.566490
0.567304
0.567710
0.569337
0.570557
0.574624
0.574217
0.574217
0.574624
0.579097
0.578284
0.573810
0.569337
0.570557
0.571777
0.575437
0.586824
0.586417
0.585604
0.583977
0.584384
0.583977
0.586011
0.586011
0.588451
0.586011
0.582351
0.579911
0.576251
0.578284
0.586824
0.587637
0.589264
0.590891
0.593331
0.596991
0.591297
0.589264
0.588857
0.587637
0.588451
0.584791
0.584384
0.587231
0.585197
0.585604
0.587231
0.582757
0.579911
0.577064
0.590077
0.576657
0.578691
0.583571
0.589671
0.588044
0.583164
0.582351
0.586824
0.587637
0.588044
0.590077
0.582351
0.577877
0.575844
0.584791
0.583977
0.582757
0.586824
0.585197
0.593737
0.593737
0.595364
0.592924
0.594551
0.581944
0.586011
0.588044
0.587637
0.588451
0.589264
0.594144
0.592111
0.586824
0.596991
0.599431
0.586824
0.584384
0.597804
0.595771
0.593737
0.595364
0.594551
0.592517
0.591297
0.597397
0.594551
0.596584
0.594957
0.596584
0.603091
0.603904
0.599837
0.600651
0.601057
0.595364
0.594957
0.598211
0.599837
0.602684
0.598617
0.604311
0.610004
0.610411
0.603904
0.609191
0.610004
0.614477
0.597397
0.591297
0.603904
0.608377
0.604717
0.597804
0.598211
0.605531
0.612037
0.607564
0.610817
0.614071
0.614071
0.613257
0.610411
0.607564
0.607564
0.609191
0.610004
0.613664
0.587637
0.586824
0.590891
0.611224
0.607564
0.604311
0.602684
0.607157
0.612444
0.616511
0.612444
0.620984
0.610817
0.603904
0.601871
0.606344
0.607971
0.613257
0.613257
0.595771
0.591297
0.588857
0.590077
0.592111
0.593331
0.596584
0.621391
0.612037
0.608784
0.614477
0.618951
0.621391
0.620577
0.617731
0.614071
0.614071
0.618544
0.616511
0.615697
0.616511
0.614477
0.623831
0.620984
0.615697
0.611224
0.627084
0.622611
0.620577
0.617731
0.616917
0.621797
0.606344
0.597397
0.596584
0.598211
0.604311
0.603091
0.601871
0.603497
0.604311
0.600244
0.599024
0.599837
0.599431
0.606344
0.614884
0.630338
0.624644
0.623831
0.620577
0.621797
0.625051
0.623831
0.623831
0.622611
0.619357
0.618544
0.622611
0.622611
0.635218
0.628304
0.636031
0.628711
0.631151
0.625864
0.622204
0.616917
0.613664
0.614071
0.616104
0.617731
0.618544
0.620577
0.633591
0.616104
0.605124
0.601464
0.594551
0.596177
0.596584
0.600651
0.604717
0.604311
0.607564
0.610411
0.610817
0.612851
0.610817
0.616511
0.615291
0.614884
0.612037
0.610817
0.627898
0.625458
0.609191
0.603091
0.594551
0.594551
0.590891
0.590484
0.593737
0.593737
0.603904
0.611224
0.619764
0.622204
0.627084
0.630744
0.640098
0.628711
0.627491
0.629524
0.625864
0.628711
0.626271
0.627084
0.631558
0.633184
0.636438
0.631964
0.631558
0.633998
0.632778
0.635218
0.637658
0.637658
0.637658
0.638471
0.638064
0.627898
0.625458
0.624644
0.619764
0.608784
0.612037
0.617324
0.625458
0.616917
0.610004
0.609597
0.617324
0.628711
0.616511
0.608377
0.606751
0.602277
0.599837
0.599024
0.601464
0.600651
0.603497
0.603497
0.603091
0.603091
0.597397
0.603497
0.607564
0.607564
0.608377
0.609597
0.605124
0.604311
0.602684
0.601464
0.602277
0.606751
0.607971
0.607971
0.607971
0.606344
0.604311
0.605124
0.605531
0.606751
0.606751
0.605531
0.605937
0.607564
0.605937
0.603904
0.609597
0.610004
0.605124
0.603904
0.606344
0.605531
0.611631
0.611631
0.613664
0.617324
0.615291
0.609191
0.606751
0.605124
0.611224
0.620984
0.625051
0.626271
0.620984
0.617731
0.620577
0.629118
0.632371
0.629931
0.622611
0.626271
0.629524
0.610817
0.601464
0.616917
0.628711
0.628304
0.626678
0.624644
0.622611
0.623831
0.627898
0.630744
0.635218
0.635624
0.641318
0.638878
0.628304
0.624644
0.621797
0.621391
0.622204
0.629931
0.632778
0.618137
0.613664
0.608784
0.609597
0.609597
0.609191
0.605531
0.605937
0.606344
0.622204
0.623017
0.631964
0.611631
0.608377
0.608784
0.603904
0.600244
0.599837
0.599837
0.607564
0.609597
0.613257
0.611631
0.614884
0.616104
0.616511
0.616511
0.617731
0.618137
0.625051
0.616917
0.618544
0.619357
0.625051
0.629524
0.629524
0.632778
0.627491
0.625864
0.625051
0.637658
0.627491
0.617731
0.614884
0.615697
0.613257
0.618137
0.622204
0.630338
0.631964
0.637658
0.638471
0.633998
0.631558
0.627898
0.631964
0.645384
0.640098
0.639284
0.636438
0.638878
0.640504
0.642131
0.641724
0.641724
0.638878
0.638471
0.631558
0.626678
0.634404
0.642944
0.642131
0.637251
0.630338
0.632778
0.639691
0.637658
0.650671
0.642538
0.636844
0.642538
0.636844
0.635218
0.634811
0.636031
0.635624
0.638064
0.639284
0.643758
0.631558
0.637251
0.635218
0.635218
0.633998
0.634404
0.634404
0.626271
0.623424
0.622204
0.625458
0.619357
0.623831
0.616917
0.612851
0.615697
0.618137
0.627898
0.633591
0.636438
0.633591
0.633184
0.630338
0.634404
0.624644
0.620577
0.623424
0.625458
0.625458
0.623831
0.623831
0.624644
0.627898
0.628711
0.644571
0.636438
0.634404
0.637251
0.638878
0.632778
0.633998
0.635218
0.628304
0.637658
0.634404
0.636844
0.640098
0.641318
0.646604
0.633998
0.639691
0.642944
0.635624
0.635624
0.635218
0.636031
0.636438
0.638064
0.642131
0.642538
0.649858
0.649451
0.634404
0.638064
0.634811
0.635624
0.636844
0.637658
0.649044
0.641724
0.641724
0.638471
0.633184
0.636844
0.637251
0.635218
0.633591
0.638064
0.638064
0.639691
0.640911
0.626678
0.638064
0.627084
0.624237
0.632778
0.633184
0.632778
0.628304
0.626678
0.626271
0.626271
0.631964
0.638471
0.637251
0.635624
0.628304
0.625864
0.631964
0.632778
0.628304
0.623424
0.630744
0.630338
0.635218
0.632371
0.623017
0.624644
0.627491
0.617731
0.619764
0.619764
0.623017
0.624237
0.625458
0.626271
0.626271
0.620984
0.625864
0.633184
0.636844
0.630338
0.626678
0.633998
0.632371
0.627491
0.595364
0.581944
0.579504
0.579911
0.583571
0.585604
0.590891
0.606344
0.613664
0.611631
0.613664
0.613257
0.612851
0.609597
0.609597
0.614071
0.615291
0.618951
0.624644
0.629931
0.629118
0.631964
0.632371
0.633184
0.632778
0.627898
0.633998
0.635218
0.630744
0.627084
0.638878
0.645791
0.635624
0.625864
0.624644
0.622204
0.621391
0.625458
0.624237
0.638064
0.628711
0.617731
0.618544
0.626678
0.634404
0.623424
0.627898
0.624644
0.637658
0.640504
0.635218
0.627898
0.615697
0.608784
0.606344
0.606751
0.606344
0.614477
0.628304
0.630744
0.634811
0.628711
0.628711
0.635218
0.637251
0.629524
0.630338
0.628711
0.644978
0.635218
0.625458
0.618137
0.616917
0.617731
0.629524
0.637251
0.619764
0.604311
0.603904
0.601871
0.600244
0.600651
0.601464
0.599431
0.599837
0.598617
0.596177
0.597804
0.599837
0.599837
0.599431
0.601057
0.600651
0.601871
0.600651
0.601464
0.601464
0.601057
0.602684
0.602277
0.601464
0.602277
0.602684
0.602277
0.603091
0.603091
0.601871
0.603091
0.604717
0.603904
0.604311
0.603091
0.607157
0.609191
0.609597
0.612037
0.613664
0.607971
0.600651
0.599024
0.600651
0.602277
0.601057
0.604311
0.606751
0.614884
0.617731
0.620171
0.617324
0.620984
0.621391
0.618544
0.618544
0.620171
0.618137
0.619764
0.623424
0.618544
0.618951
0.621797
0.622611
0.619764
0.618951
0.620984
0.622611
0.627898
0.622204
0.622611
0.625051
0.628711
0.629524
0.626271
0.627084
0.627491
0.631558
0.631151
0.629931
0.629524
0.630338
0.632371
0.632371
0.629118
0.626678
0.628304
0.629931
0.633591
0.634811
0.636438
0.630744
0.629931
0.626678
0.628711
0.639691
0.637658
0.632778
0.635624
0.628304
0.638064
0.647011
0.641724
0.637658
0.635218
0.631151
0.630744
0.636438
0.633184
0.629524
0.620984
0.626678
0.629931
0.640504
0.627491
0.611631
0.608377
0.614071
0.620577
0.631964
0.631558
0.625458
0.624237
0.624644
0.625864
0.627491
0.627898
0.623017
0.631964
0.636844
0.633998
0.633591
0.636438
0.631964
0.636031
0.636438
0.641318
0.631964
0.630744
0.636031
0.636844
0.628304
0.625458
0.639284
0.641318
0.644164
0.642131
0.638878
0.633184
0.631558
0.631558
0.635218
0.634404
0.638064
0.634404
0.637658
0.636438
0.627898
0.629931
0.641318
0.634811
0.632778
0.637658
0.630744
0.628304
0.631964
0.633184
0.632371
0.637658
0.633998
0.634811
0.636844
0.642538
0.640504
0.639691
0.632778
0.634811
0.640911
0.636844
0.633591
0.635624
0.634404
0.639284
0.633591
0.624237
0.612851
0.611631
0.608784
0.612037
0.620577
0.624237
0.627084
0.631151
0.641724
0.633998
0.635624
0.640911
0.625864
0.626678
0.620171
0.616917
0.614477
0.614884
0.617324
0.622204
0.624237
0.627084
0.621797
0.630338
0.633184
0.626271
0.630338
0.631964
0.633591
0.631558
0.635218
0.638471
0.638064
0.639691
0.640504
0.640911
0.636844
0.647011
0.644978
0.637251
0.632371
0.631558
0.634404
0.635624
0.632371
0.623831
0.622611
0.624644
0.630338
0.645384
0.633998
0.616511
0.614071
0.611631
0.611224
0.608377
0.606344
0.605124
0.607564
0.605937
0.604311
0.605937
0.607564
0.610411
0.611631
0.618544
0.622204
0.625458
0.623017
0.624237
0.618137
0.628711
0.629931
0.635624
0.635624
0.636438
0.633998
0.632371
0.634811
0.635624
0.636438
0.631151
0.635624
0.641318
0.640911
0.636438
0.638471
0.636844
0.634404
0.635624
0.633591
0.631964
0.634811
0.635624
0.632778
0.635218
0.629931
0.631964
0.634404
0.636031
0.638064
0.647824
0.631151
0.625458
0.624237
0.623424
0.623424
0.619357
0.622204
0.627084
0.630744
0.629931
0.623424
0.617324
0.613664
0.614884
0.614071
0.623831
0.636031
0.636438
0.633591
0.630744
0.628711
0.632371
0.625458
0.634404
0.635218
0.633591
0.629931
0.630744
0.629524
0.631151
0.633998
0.630744
0.631964
0.633998
0.636844
0.631558
0.621391
0.622611
0.621797
0.620171
0.619357
0.625051
0.633184
0.640911
0.634811
0.632778
0.635624
0.635624
0.637251
0.631558
0.636844
0.636844
0.635624
0.635624
0.631964
0.632778
0.633998
0.633184
0.634811
0.639284
0.631964
0.623017
0.622204
0.622611
0.620577
0.626678
0.629118
0.631964
0.628304
0.625864
0.627084
0.631964
0.634811
0.633184
0.640098
0.639691
0.635624
0.633998
0.633998
0.635624
0.637251
0.634404
0.638471
0.636438
0.634404
0.633998
0.634811
0.637658
0.648231
0.639284
0.640911
0.633998
0.631964
0.631151
0.631151
0.635218
0.635624
0.647011
0.637251
0.634404
0.631558
0.631151
0.629931
0.637251
0.646604
0.637658
0.632371
0.622611
0.623831
0.621797
0.628304
0.633998
0.631151
0.620171
0.621797
0.628304
0.638878
0.637251
0.630744
0.632371
0.637658
0.633184
0.627084
0.625864
0.623831
0.622204
0.626271
0.629931
0.625864
0.631151
0.637251
0.637658
0.624644
0.627898
0.637658
0.638471
0.633998
0.636031
0.624644
0.629118
0.631964
0.632778
0.627084
0.634404
0.622611
0.623017
0.629118
0.628711
0.635624
0.635624
0.629931
0.633998
0.632371
0.633998
0.636844
0.637251
0.635624
0.638064
0.637251
0.636031
0.629524
0.631151
0.629118
0.626678
0.624644
0.636031
0.631151
0.630744
0.635218
0.629118
0.628711
0.634811
0.631151
0.636844
0.644571
0.636438
0.634404
0.629118
0.635218
0.631151
0.638471
0.636438
0.637251
0.633184
0.635218
0.631558
0.633591
0.636031
0.636031
0.635624
0.636438
0.637658
0.638471
0.638471
0.639691
0.637251
0.637658
0.635624
0.634811
0.631151
0.633184
0.623017
0.639284
0.640098
0.631558
0.626271
0.629524
0.627898
0.628304
0.638471
0.629931
0.636031
0.636844
0.635624
0.643758
0.637658
0.636031
0.638471
0.637251
0.632778
0.635624
0.636031
0.633998
0.636031
0.636844
0.634811
0.634811
0.633591
0.627084
0.627491
0.631964
0.646198
0.632778
0.643351
0.639691
0.638471
0.632371
0.634811
0.636438
0.640098
0.638064
0.635218
0.640098
0.632778
0.634404
0.639691
0.647418
0.638471
0.636844
0.628711
0.629931
0.631151
0.632371
0.633591
0.633591
0.628304
0.644164
0.633998
0.633591
0.633998
0.641724
0.633591
0.637251
0.636844
0.637251
0.637658
0.638064
0.637658
0.635624
0.636031
0.640911
0.628304
0.623424
0.628304
0.625051
0.633998
0.626678
0.641724
0.625864
0.618544
0.616104
0.613257
0.611224
0.610004
0.610817
0.613664
0.611224
0.608377
0.610004
0.607564
0.611224
0.615291
0.626271
0.619764
0.619357
0.626271
0.627491
0.631558
0.627491
0.631558
0.636031
0.632371
0.633591
0.631151
0.643758
0.638064
0.635624
0.634811
0.635218
0.634811
0.635624
0.639691
0.636844
0.632778
0.635218
0.630338
0.628304
0.624237
0.626678
0.627084
0.637251
0.624237
0.618544
0.614884
0.616104
0.619764
0.616511
0.629931
0.640504
0.636844
0.628711
0.630744
0.626271
0.627491
0.625864
0.629931
0.636031
0.638064
0.631558
0.631151
0.633998
0.635624
0.635624
0.632778
0.633591
0.633591
0.636438
0.631964
0.628711
0.627491
0.627084
0.627898
0.629118
0.624644
0.630338
0.625051
0.633998
0.633591
0.636031
0.636031
0.636031
0.640098
0.642131
0.644571
0.639284
0.635218
0.631151
0.639284
0.637658
0.635218
0.636844
0.640504
0.629931
0.629931
0.647824
0.630744
0.629118
0.625864
0.624644
0.627898
0.629524
0.638064
0.638878
0.631964
0.628304
0.626271
0.633998
0.624644
0.626271
0.629118
0.628304
0.629931
0.640098
0.633591
0.637658
0.625458
0.619357
0.619357
0.620984
0.631151
0.634404
0.628304
0.623424
0.620984
0.620171
0.620577
0.620171
0.623831
0.624644
0.627491
0.633591
0.633184
0.645791
0.645791
0.620984
0.617731
0.616104
0.619357
0.620171
0.626678
0.625458
0.625458
0.629118
0.617324
0.619357
0.613664
0.615697
0.615697
0.618544
0.612851
0.610004
0.606751
0.606751
0.603904
0.603904
0.603497
0.601057
0.603091
0.604311
0.609191
0.615697
0.618544
0.620984
0.626271
0.629931
0.628304
0.629931
0.629524
0.627898
0.631964
0.630338
0.630338
0.623831
0.624237
0.627084
0.632371
0.638471
0.635624
0.630744
0.634811
0.636844
0.639691
0.639284
0.636438
0.633184
0.629524
0.628304
0.629118
0.629524
0.631558
0.639284
0.632778
0.639284
0.633184
0.636844
0.637658
0.628304
0.631558
0.631151
0.639691
0.636031
0.644164
0.649451
0.643351
0.635624
0.633998
0.633184
0.632778
0.638878
0.640911
0.646198
0.644571
0.642538
0.643758
0.644571
0.644164
0.639691
0.642538
0.630338
0.632778
0.635218
0.633184
0.634811
0.626271
0.626678
0.637251
0.640504
0.634811
0.638471
0.641724
0.642538
0.641724
0.633998
0.637251
0.644164
0.631964
0.631558
0.630744
0.638471
0.643758
0.636844
0.640504
0.640504
0.641318
0.629931
0.638064
0.633184
0.638878
0.641318
0.636844
0.628711
0.629118
0.627491
0.625458
0.627491
0.622611
0.634811
0.635218
0.630744
0.632778
0.630744
0.629931
0.632371
0.634811
0.630744
0.632778
0.636031
0.635218
0.638064
0.644978
0.644978
0.639284
0.632778
0.636844
0.631558
0.636438
0.640098
0.631964
0.642538
0.634811
0.637658
0.636438
0.638471
0.639691
0.644571
0.644978
0.644571
0.638471
0.648638
0.642538
0.638471
0.636031
0.639284
0.635218
0.636438
0.641318
0.644164
0.642944
0.635218
0.637251
0.633591
0.631964
0.635218
0.631964
0.633998
0.633998
0.636031
0.633184
0.634404
0.631558
0.631964
0.635218
0.638064
0.637658
0.640098
0.636031
0.638878
0.634404
0.633591
0.638064
0.645384
0.636844
0.637658
0.639691
0.637658
0.641318
0.634811
0.635218
0.642538
0.644571
0.644978
0.636438
0.634404
0.638064
0.638878
0.641724
0.638471
0.637251
0.628711
0.627084
0.643351
0.640098
0.638064
0.635624
0.636031
0.633591
0.636844
0.644978
0.641318
0.640911
0.643758
0.636031
0.638064
0.633184
0.638471
0.637251
0.626678
0.643758
0.635218
0.630338
0.635218
0.633998
0.631964
0.632778
0.634404
0.631151
0.631151
0.632778
0.632371
0.634811
0.632371
0.633184
0.632778
0.630744
0.636844
0.642538
0.641724
0.631964
0.633184
0.631151
0.637251
0.644164
0.639284
0.644978
0.626678
0.624644
0.644571
0.643758
0.629931
0.630744
0.630338
0.625458
0.626271
0.623424
0.622204
0.626271
0.626678
0.633591
0.633184
0.631964
0.634811
0.636438
0.640504
0.641318
0.637251
0.635624
0.638878
0.640911
0.638471
0.637251
0.636031
0.635624
0.633184
0.639284
0.640504
0.643758
0.644978
0.641318
0.642131
0.636031
0.623831
0.635218
0.637251
0.635624
0.629118
0.643758
0.642538
0.638471
0.637658
0.636438
0.637251
0.636844
0.637251
0.637251
0.640911
0.642131
0.634404
0.633998
0.635624
0.632371
0.634404
0.631558
0.626678
0.628304
0.631964
0.633998
0.631151
0.629524
0.636438
0.631964
0.632371
0.635218
0.633998
0.634404
0.639691
0.644164
0.638471
0.639284
0.631964
0.636844
0.640098
0.644571
0.648638
0.638471
0.641724
0.639691
0.640504
0.646198
0.648231
0.645384
0.644164
0.643758
0.640504
0.643351
0.640098
0.641724
0.638878
0.640911
0.640504
0.638878
0.636844
0.636031
0.635624
0.648231
0.642538
0.637251
0.641318
0.640504
0.645384
0.632778
0.644571
0.644571
0.642538
0.641318
0.643758
0.641318
0.638064
0.642944
0.640504
0.642538
0.642538
0.640911
0.636844
0.631964
0.631558
0.637251
0.640504
0.643351
0.642944
0.643758
0.636438
0.638878
0.647418
0.637251
0.635218
0.634811
0.632778
0.637658
0.637251
0.640504
0.640911
0.647824
0.643758
0.645384
0.640504
0.637658
0.633591
0.637251
0.636844
0.639691
0.637251
0.647418
0.644571
0.643351
0.632778
0.642131
0.645791
0.640504
0.625864
0.617731
0.629931
0.637251
0.645791
0.637251
0.630744
0.628711
0.633591
0.620577
0.618951
0.618951
0.622204
0.640098
0.642538
0.639691
0.629524
0.628711
0.636031
0.631964
0.625051
0.624237
0.622611
0.620984
0.620577
0.631964
0.635624
0.621797
0.618951
0.616104
0.616511
0.614884
0.616104
0.620577
0.621797
0.619764
0.620171
0.625051
0.632778
0.638064
0.638471
0.633184
0.633184
0.628711
0.631558
0.625051
0.628711
0.627084
0.630744
0.631558
0.631558
0.631558
0.633591
0.639284
0.640911
0.640098
0.637251
0.639691
0.644164
0.639691
0.634811
0.636438
0.641724
0.643758
0.643758
0.627491
0.632778
0.631558
0.631151
0.633591
0.628304
0.639691
0.649044
0.645384
0.647011
0.635218
0.634811
0.637658
0.641724
0.638064
0.640911
0.638471
0.640098
0.631151
0.647011
0.634811
0.630338
0.638471
0.634811
0.641724
0.638064
0.640504
0.641724
0.642944
0.636031
0.637658
0.635624
0.636438
0.633184
0.638471
0.635624
0.640911
0.638064
0.634404
0.643351
0.644571
0.651078
0.639691
0.650264
0.636438
0.648638
0.638064
0.636844
0.639284
0.637658
0.642944
0.638471
0.648638
0.635624
0.651891
0.637251
0.638064
0.642131
0.640098
0.640504
0.637251
0.635218
0.636438
0.635624
0.633184
0.639691
0.644164
0.639284
0.638064
0.648638
0.642538
0.642538
0.641318
0.644571
0.642944
0.640911
0.638064
0.645791
0.644164
0.634404
0.629931
0.639691
0.640098
0.644571
0.642944
0.639284
0.635218
0.631151
0.629524
0.633184
0.640911
0.641724
0.638064
0.634811
0.630338
0.634404
0.636031
0.636844
0.640911
0.633184
0.626678
0.626271
0.631964
0.628304
0.650264
0.640098
0.636844
0.639284
0.640911
0.639284
0.645791
0.642538
0.638064
0.641724
0.647824
0.641318
0.643351
0.633184
0.622611
0.616511
0.616511
0.621797
0.628711
0.634404
0.649044
0.634811
0.625458
0.625864
0.627084
0.625051
0.633184
0.638471
0.640098
0.643758
0.640098
0.636031
0.637251
0.639691
0.637251
0.637251
0.639284
0.638064
0.638471
0.632371
0.645791
0.637251
0.636438
0.635624
0.638471
0.643758
0.637251
0.640098
0.634811
0.634811
0.636438
0.634404
0.638064
0.639284
0.643351
0.642944
0.643351
0.640911
0.636438
0.646604
0.631151
0.646198
0.644978
0.638064
0.640911
0.638878
0.637658
0.638878
0.657178
0.636031
0.635218
0.636844
0.649858
0.637658
0.639691
0.636031
0.638471
0.638471
0.637251
0.643758
0.642131
0.639691
0.636438
0.637658
0.636844
0.640098
0.641724
0.637658
0.641318
0.641724
0.642131
0.642131
0.639284
0.644571
0.636031
0.638471
0.641724
0.646198
0.640098
0.639284
0.640098
0.638878
0.640098
0.641318
0.639691
0.638064
0.639284
0.639284
0.636438
0.636438
0.644164
0.633591
0.643351
0.638471
0.640504
0.651891
0.637658
0.640504
0.636844
0.637658
0.638471
0.634811
0.634404
0.635218
0.633591
0.639284
0.635218
0.638878
0.642538
0.641318
0.638064
0.639284
0.636031
0.636031
0.628304
0.641724
0.644978
0.652704
0.640098
0.641724
0.643351
0.636844
0.638878
0.638471
0.643758
0.641724
0.643351
0.640098
0.635218
0.640911
0.633998
0.629931
0.634404
0.632371
0.625864
0.632778
0.633591
0.637251
0.632778
0.621391
0.622204
0.616917
0.618544
0.619764
0.618137
0.620984
0.619764
0.623831
0.623831
0.620171
0.621797
0.627491
0.627898
0.627491
0.634811
0.638064
0.639284
0.642131
0.635218
0.642131
0.637658
0.629524
0.642944
0.637251
0.632778
0.633591
0.638878
0.644571
0.649858
0.647824
0.646198
0.645384
0.642944
0.637658
0.640098
0.641318
0.640911
0.642538
0.643351
0.643351
0.637251
0.636844
0.637658
0.637251
0.635218
0.634811
0.640504
0.640911
0.638471
0.634811
0.636438
0.638878
0.634811
0.641318
0.639691
0.642131
0.640504
0.649451
0.644978
0.644164
0.642944
0.647824
0.640911
0.649044
0.641318
0.637251
0.634811
0.638471
0.644571
0.637251
0.638064
0.636438
0.638878
0.637658
0.644571
0.646198
0.641724
0.645384
0.645384
0.643351
0.640098
0.636438
0.636438
0.637658
0.636031
0.638878
0.638064
0.633184
0.638471
0.642944
0.641724
0.653518
0.639691
0.651891
0.645384
0.640911
0.643351
0.644978
0.640911
0.642944
0.642538
0.638064
0.641318
0.640098
0.640911
0.644164
0.642538
0.636844
0.636031
0.640098
0.641318
0.637251
0.639691
0.642944
0.631558
0.642944
0.636438
0.646198
0.634404
0.637251
0.640504
0.638878
0.633998
0.638064
0.639691
0.639284
0.637658
0.640098
0.642131
0.642944
0.638878
0.639284
0.637658
0.639691
0.636031
0.640504
0.638064
0.637251
0.640911
0.642944
0.637251
0.651078
0.643758
0.645384
0.644164
0.645384
0.647824
0.647824
0.647011
0.645384
0.646198
0.644571
0.644164
0.646198
0.641318
0.641724
0.643758
0.644164
0.644571
0.642131
0.647824
0.647011
0.641318
0.640504
0.645384
0.642944
0.647011
0.633998
0.647824
0.645791
0.647011
0.648231
0.646198
0.653111
0.649858
0.642944
0.644164
0.640504
0.642538
0.642944
0.643758
0.641724
0.644571
0.640098
0.638064
0.642131
0.644978
0.646198
0.646198
0.650264
0.647824
0.647011
0.642944
0.652298
0.640098
0.634404
0.638878
0.642538
0.640911
0.641318
0.642131
0.645384
0.641724
0.638878
0.636844
0.637658
0.639691
0.641318
0.642538
0.643351
0.642944
0.646198
0.642538
0.648231
0.652298
0.635218
0.646198
0.644571
0.643758
0.642131
0.638064
0.642944
0.641318
0.638878
0.636031
0.636844
0.638471
0.644164
0.645791
0.641724
0.644571
0.641724
0.646198
0.645384
0.640504
0.640504
0.643351
0.643758
0.640504
0.639691
0.643351
0.644571
0.641724
0.636844
0.639284
0.638471
0.636844
0.641318
0.640504
0.644164
0.633998
0.631558
0.643351
0.642944
0.645791
0.642538
0.644571
0.637658
0.641318
0.639691
0.641318
0.643758
0.642944
0.644164
0.643351
0.645384
0.640911
0.640504
0.640911
0.639284
0.644978
0.649858
0.646198
0.645791
0.638471
0.638471
0.645791
0.639284
0.640911
0.641724
0.642131
0.644571
0.644164
0.641318
0.644164
0.639284
0.645384
0.639691
0.635218
0.640504
0.640911
0.640504
0.640098
0.643758
0.641724
0.638064
0.638064
0.643351
0.639691
0.643351
0.643351
0.645384
0.642538
0.641724
0.639284
0.645791
0.650264
0.646198
0.646198
0.639691
0.641724
0.649044
0.647418
0.646604
0.642131
0.650264
0.645791
0.647824
0.648638
0.642538
0.644978
0.646604
0.642538
0.646198
0.647418
0.641724
0.646604
0.647418
0.645791
0.644978
0.644978
0.644571
0.646604
0.649044
0.641318
0.631151
0.626271
0.612444
0.612444
0.622204
0.630338
0.639284
0.640098
0.635624
0.628711
0.632371
0.640504
0.635624
0.635624
0.633184
0.624644
0.624237
0.623831
0.623424
0.625051
0.625864
0.630744
0.631151
0.635218
0.629524
0.631151
0.632778
0.637251
0.638471
0.638064
0.637251
0.638471
0.637658
0.637658
0.638471
0.640504
0.642131
0.639691
0.640911
0.636031
0.638471
0.642944
0.642131
0.644978
0.642944
0.640911
0.638878
0.649044
0.648231
0.643758
0.648231
0.647418
0.642131
0.645791
0.642538
0.642131
0.646198
0.646198
0.644164
0.643758
0.645791
0.647824
0.647418
0.644978
0.645384
0.631151
0.647418
0.645384
0.647824
0.644571
0.651078
0.645791
0.644978
0.641724
0.641318
0.630338
0.627898
0.640504
0.631558
0.629931
0.633998
0.636031
0.635218
0.634811
0.628304
0.633998
0.637251
0.642944
0.644164
0.640504
0.643351
0.644571
0.642944
0.639691
0.644978
0.639691
0.648638
0.648638
0.651484
0.653924
0.643351
0.636844
0.630338
0.628711
0.633184
0.641318
0.627491
0.629524
0.627491
0.626271
0.626271
0.627898
0.630338
0.629524
0.641724
0.631964
0.627491
0.626678
0.631558
0.633591
0.636844
0.640504
0.640504
0.638878
0.636031
0.639284
0.642538
0.640504
0.639691
0.639691
0.642131
0.633998
0.641724
0.640098
0.638878
0.635218
0.627084
0.625864
0.624237
0.626678
0.629931
0.636844
0.633998
0.634811
0.631964
0.634404
0.640098
0.644164
0.647824
0.646198
0.642944
0.638064
0.641724
0.633591
0.638471
0.640098
0.640504
0.652298
0.640098
0.645384
0.642944
0.643758
0.646604
0.647011
0.642131
0.640911
0.642131
0.645791
0.645384
0.638064
0.638878
0.634811
0.638471
0.638878
0.636031
0.634811
0.636031
0.641724
0.640504
0.638878
0.638878
0.636031
0.636438
0.635624
0.642944
0.641724
0.640098
0.636438
0.635218
0.635624
0.641724
0.638064
0.642538
0.640098
0.642131
0.644978
0.650671
0.647011
0.652704
0.642131
0.643758
0.647824
0.640911
0.639284
0.641724
0.642131
0.644571
0.643351
0.647824
0.647824
0.642538
0.649858
0.645384
0.642944
0.645791
0.647011
0.639691
0.638878
0.637251
0.642538
0.640911
0.637658
0.645384
0.639691
0.640098
0.640098
0.641724
0.643351
0.644571
0.644164
0.639691
0.642131
0.641724
0.642538
0.646604
0.649858
0.648231
0.648638
0.644571
0.636844
0.637251
0.636844
0.644164
0.640911
0.638064
0.637658
0.643351
0.643351
0.638471
0.640911
0.635624
0.631964
0.633591
0.633184
0.631558
0.636438
0.644164
0.641318
0.636031
0.634811
0.636031
0.638471
0.640911
0.646604
0.633184
0.639691
0.647011
0.642131
0.634811
0.636438
0.639691
0.638471
0.639691
0.650264
0.642131
0.643351
0.644571
0.651484
0.637251
0.645791
0.638878
0.641318
0.635218
0.636438
0.639691
0.638064
0.638064
0.642538
0.643758
0.650671
0.646198
0.643351
0.642538
0.639284
0.640098
0.640504
0.643351
0.641318
0.642944
0.644571
0.642944
0.650671
0.652704
0.649451
0.646604
0.646198
0.646198
0.646198
0.646604
0.646604
0.642538
0.648638
0.653518
0.652298
0.653518
0.652704
0.648231
0.645791
0.650264
0.650671
0.641318
0.645384
0.642538
0.655551
0.655144
0.645384
0.652704
0.639284
0.647824
0.645384
0.645791
0.654331
0.651078
0.649451
0.640504
0.653518
0.647011
0.636844
0.635624
0.642944
0.643758
0.644571
0.647011
0.640504
0.636031
0.641724
0.644164
0.648638
0.642944
0.639691
0.643351
0.640911
0.642538
0.642131
0.645384
0.640911
0.643351
0.642944
0.644164
0.641318
0.652298
0.652298
0.652704
0.645384
0.648638
0.648638
0.651078
0.650264
0.648231
0.645384
0.643351
0.645791
0.647418
0.641318
0.643351
0.648231
0.646198
0.651078
0.649451
0.650264
0.649044
0.649044
0.643351
0.649044
0.643758
0.644571
0.646198
0.644978
0.644571
0.644571
0.644571
0.639691
0.627491
0.625864
0.617324
0.611631
0.618544
0.626271
0.642131
0.638471
0.636031
0.641318
0.638471
0.636844
0.646198
0.632371
0.633591
0.635624
0.636844
0.639284
0.638471
0.638064
0.638878
0.638064
0.637658
0.637251
0.635624
0.638878
0.638471
0.639691
0.645384
0.652298
0.636844
0.647418
0.647824
0.646198
0.640098
0.639691
0.642538
0.648638
0.642538
0.644164
0.643758
0.642944
0.647824
0.646198
0.651078
0.640098
0.653924
0.648231
0.644164
0.644164
0.646604
0.641724
0.653518
0.639284
0.638878
0.647824
0.643758
0.640911
0.638064
0.638471
0.643758
0.646604
0.636844
0.649451
0.649044
0.647011
0.644571
0.646198
0.642944
0.649451
0.643351
0.641318
0.641318
0.641724
0.637658
0.641318
0.649858
0.623424
0.616511
0.618951
0.627898
0.633998
0.642538
0.649044
0.647418
0.642944
0.651078
0.649044
0.649044
0.649044
0.646604
0.649451
0.645384
0.643758
0.643351
0.647011
0.646198
0.643351
0.645791
0.643758
0.642944
0.647418
0.646198
0.641318
0.643758
0.644164
0.647824
0.642944
0.644978
0.646604
0.644571
0.645384
0.645384
0.642538
0.643758
0.645791
0.645384
0.644571
0.645384
0.649451
0.643351
0.640504
0.646604
0.642538
0.649858
0.647011
0.649451
0.654738
0.653111
0.653111
0.652298
0.647418
0.646198
0.643351
0.642131
0.647418
0.643351
0.644978
0.647824
0.647418
0.648231
0.648638
0.642538
0.651484
0.652704
0.641318
0.639691
0.640911
0.641318
0.640911
0.640098
0.638471
0.639691
0.642131
0.640911
0.641724
0.642131
0.640911
0.642944
0.642131
0.642944
0.646604
0.650671
0.640911
0.640504
0.642538
0.643758
0.640911
0.634811
0.635218
0.633184
0.643758
0.639284
0.640911
0.643758
0.642944
0.655958
0.640098
0.642131
0.646198
0.646604
0.643758
0.648638
0.649044
0.650671
0.642944
0.642131
0.644164
0.640911
0.644978
0.644571
0.642131
0.655958
0.643351
0.645384
0.641318
0.643351
0.640911
0.642131
0.644164
0.642538
0.643758
0.647418
0.642944
0.645384
0.638878
0.639691
0.642538
0.640504
0.640911
0.640504
0.647011
0.649451
0.639691
0.642538
0.646604
0.645791
0.644571
0.636844
0.642944
0.640098
0.636438
0.645791
0.645791
0.642944
0.646198
0.651484
0.640911
0.655144
0.651484
0.652704
0.649044
0.649451
0.645791
0.642538
0.639691
0.639691
0.642538
0.644978
0.643351
0.646604
0.648638
0.657178
0.655958
0.640911
0.641724
0.643351
0.642944
0.642131
0.642131
0.643758
0.645384
0.643351
0.647418
0.647418
0.645791
0.656771
0.642944
0.648638
0.643351
0.638471
0.641724
0.644164
0.645384
0.634811
0.638471
0.641318
0.637251
0.636844
0.638471
0.636438
0.636438
0.644164
0.638878
0.642944
0.644571
0.638471
0.643758
0.641318
0.644164
0.632778
0.643758
0.642944
0.644978
0.646198
0.636438
0.647011
0.643758
0.649451
0.644571
0.647824
0.646604
0.641724
0.646604
0.646604
0.647011
0.644978
0.640504
0.649451
0.646198
0.647418
0.642944
0.646198
0.642131
0.644571
0.643351
0.640504
0.640504
0.640911
0.641724
0.640911
0.641724
0.643351
0.646604
0.648231
0.644164
0.647418
0.649858
0.647011
0.627491
0.642944
0.639284
0.639284
0.653111
0.648638
0.655144
0.640504
0.641318
0.643351
0.641318
0.642944
0.640911
0.646198
0.640911
0.642131
0.648638
0.636844
0.640911
0.636844
0.621797
0.612851
0.612444
0.618544
0.626271
0.626271
0.633998
0.636031
0.649044
0.636438
0.640504
0.632778
0.630338
0.626271
0.620577
0.614071
0.610411
0.609191
0.609191
0.616917
0.619357
0.625864
0.629931
0.635218
0.634811
0.636031
0.633591
0.633998
0.632778
0.636844
0.637251
0.637658
0.637251
0.637251
0.638878
0.637658
0.642131
0.644978
0.644164
0.642944
0.640504
0.653924
0.646198
0.651484
0.651484
0.648231
0.648638
0.639284
0.643758
0.644571
0.641724
0.645791
0.654331
0.647824
0.651078
0.645791
0.646198
0.632778
0.631151
0.642538
0.644571
0.647824
0.646198
0.644571
0.644571
0.640911
0.643758
0.649451
0.647824
0.647418
0.640098
0.650264
0.644571
0.649044
0.648638
0.649451
0.643758
0.643351
0.651078
0.649451
0.645791
0.644978
0.649451
0.650671
0.646198
0.652298
0.648231
0.648638
0.646604
0.649451
0.645791
0.646198
0.647011
0.645791
0.647824
0.647824
0.647418
0.649451
0.647011
0.648638
0.649044
0.644164
0.645384
0.647418
0.651484
0.644978
0.652298
0.649044
0.649451
0.647824
0.651891
0.648638
0.650671
0.653111
0.652298
0.649451
0.651078
0.649044
0.648638
0.653518
0.647824
0.649044
0.649451
0.649858
0.649858
0.648638
0.648231
0.646198
0.652704
0.649044
0.652704
0.643758
0.652298
0.649044
0.649858
0.647011
0.648231
0.644978
0.644164
0.643351
0.643758
0.647011
0.647011
0.651078
0.652298
0.652298
0.652704
0.646198
0.657584
0.638064
0.632778
0.633998
0.634811
0.654738
0.645791
0.644571
0.641724
0.641318
0.638064
0.637658
0.636844
0.638878
0.640911
0.640911
0.647011
0.640911
0.642131
0.642538
0.642944
0.644978
0.642538
0.644978
0.644571
0.641724
0.643351
0.654331
0.652704
0.654738
0.656364
0.654331
0.654331
0.647011
0.652298
0.651484
0.653518
0.653111
0.639284
0.654738
0.651484
0.637251
0.649451
0.654331
0.648231
0.648638
0.646198
0.645384
0.643758
0.647011
0.639691
0.646198
0.647011
0.642944
0.644571
0.644571
0.642538
0.641318
0.642538
0.644164
0.643351
0.643351
0.646604
0.651891
0.648231
0.646198
0.649044
0.650264
0.651891
0.648231
0.652704
0.647418
0.649858
0.633998
0.651078
0.649044
0.649858
0.647011
0.644571
0.643351
0.646198
0.645791
0.647011
0.651078
0.651891
0.651484
0.653111
0.653111
0.646198
0.645791
0.650264
0.647824
0.653924
0.653518
0.652298
0.653111
0.652298
0.650264
0.650264
0.649858
0.645384
0.649451
0.650264
0.648231
0.647011
0.650671
0.653111
0.648638
0.648231
0.652298
0.655958
0.651078
0.652704
0.648231
0.649451
0.650671
0.641318
0.646198
0.647418
0.644571
0.647011
0.644978
0.652704
0.647418
0.654331
0.652704
0.643758
0.647824
0.643351
0.647011
0.651484
0.650264
0.647824
0.649044
0.647824
0.653518
0.652704
0.655958
0.648638
0.655958
0.651891
0.650264
0.650264
0.648231
0.647418
0.648638
0.650671
0.648231
0.649858
0.648638
0.652704
0.648638
0.652704
0.651891
0.642131
0.652704
0.652298
0.649451
0.649044
0.648638
0.649451
0.645384
0.640911
0.645384
0.647011
0.648231
0.650671
0.655144
0.654331
0.644978
0.653111
0.640098
0.644571
0.644164
0.640911
0.640911
0.636438
0.640098
0.640911
0.645791
0.644978
0.645384
0.642538
0.643351
0.642131
0.638064
0.633591
0.638064
0.640098
0.640504
0.639691
0.638878
0.643758
0.640911
0.643351
0.643758
0.642944
0.645384
0.647418
0.646198
0.649451
0.649044
0.649858
0.645791
0.651078
0.637251
0.636438
0.644164
0.649858
0.644164
0.653111
0.647418
0.658398
0.652298
0.649858
0.645791
0.649451
0.651078
0.649451
0.644978
0.644571
0.644978
0.646604
0.649044
0.652704
0.653518
0.653518
0.652704
0.660024
0.638471
0.638471
0.649451
0.647011
0.647824
0.647824
0.649044
0.651078
0.647011
0.645791
0.649858
0.646604
0.647418
0.644571
0.645384
0.649451
0.648638
0.649044
0.645791
0.651891
0.652298
0.650264
0.648638
0.645791
0.652298
0.654331
0.649451
0.647011
0.647418
0.649858
0.654331
0.646604
0.660024
0.642538
0.647824
0.651484
0.653924
0.649858
0.651484
0.649044
0.645384
0.647011
0.648231
0.647418
0.651078
0.647011
0.644978
0.650264
0.649044
0.645384
0.647418
0.643758
0.645791
0.645791
0.648638
0.646604
0.654738
0.655551
0.648231
0.646198
0.643351
0.642538
0.643758
0.648231
0.647824
0.648638
0.648638
0.649451
0.653518
0.647824
0.651484
0.650264
0.650264
0.649858
0.649451
0.649044
0.646604
0.645791
0.647824
0.649044
0.649451
0.646198
0.647824
0.645791
0.644978
0.648231
0.648231
0.648638
0.650671
0.637251
0.646604
0.648638
0.644164
0.650671
0.643758
0.649858
0.647418
0.646198
0.646198
0.644164
0.644571
0.650671
0.644571
0.649044
0.646604
0.643351
0.649858
0.649451
0.647011
0.649451
0.648231
0.648638
0.652298
0.651078
0.649044
0.640098
0.642538
0.648231
0.653111
0.653518
0.651484
0.650671
0.648231
0.647418
0.651891
0.650264
0.649858
0.654738
0.654331
0.654738
0.650671
0.657584
0.650671
0.653924
0.643351
0.650671
0.650671
0.651078
0.655144
0.650671
0.649451
0.657991
0.653518
0.654331
0.651891
0.662058
0.656364
0.639691
0.651078
0.648638
0.645791
0.642944
0.644164
0.648231
0.644571
0.644978
0.644978
0.642944
0.644164
0.646198
0.645384
0.647418
0.644978
0.638064
0.642131
0.647824
0.650671
0.647824
0.647418
0.655144
0.656771
0.652298
0.654331
0.657991
0.640911
0.640911
0.638878
0.659211
0.656364
0.653111
0.658398
0.640098
0.640911
0.639691
0.640911
0.646604
0.649451
0.660024
0.655551
0.649451
0.649451
0.652704
0.648638
0.649044
0.649858
0.644978
0.649044
0.651484
0.654331
0.650264
0.653518
0.651891
0.651891
0.648638
0.654331
0.642131
0.653924
0.653111
0.650671
0.648638
0.648638
0.645384
0.647011
0.648231
0.653518
0.644571
0.646604
0.651484
0.651078
0.654331
0.640098
0.659211
0.658804
0.654331
0.656364
0.652704
0.660431
0.657178
0.656364
0.653111
0.644978
0.643758
0.644978
0.643351
0.647418
0.652298
0.651484
0.650264
0.649451
0.650671
0.650671
0.648638
0.646198
0.645791
0.646604
0.645384
0.644978
0.645791
0.651484
0.655551
0.655144
0.660838
0.644164
0.659211
0.649451
0.646604
0.660838
0.647011
0.645791
0.647011
0.648231
0.645384
0.645791
0.643758
0.639691
0.642944
0.639284
0.642131
0.642538
0.646604
0.646604
0.648638
0.653518
0.653111
0.659211
0.652298
0.655144
0.652704
0.651484
0.648231
0.650264
0.651891
0.645791
0.646198
0.646604
0.642131
0.641724
0.642944
0.647011
0.654738
0.650671
0.650671
0.651078
0.648231
0.644978
0.649858
0.652704
0.650264
0.652298
0.653518
0.653518
0.650671
0.649044
0.652298
0.655958
0.655551
0.654331
0.643351
0.633591
0.635218
0.663278
0.648231
0.647011
0.643758
0.644978
0.651484
0.649044
0.647011
0.651891
0.642131
0.655958
0.649044
0.649044
0.636844
0.629118
0.632778
0.636031
0.645384
0.649044
0.642538
0.648231
0.646604
0.651891
0.644978
0.642944
0.651891
0.649044
0.644571
0.641724
0.646604
0.641724
0.644164
0.644164
0.645384
0.645791
0.642944
0.642538
0.648231
0.649044
0.645384
0.647824
0.633998
0.653111
0.645384
0.651891
0.650264
0.649858
0.649451
0.649451
0.644164
0.648638
0.647824
0.651078
0.650264
0.644978
0.640911
0.647418
0.648231
0.647824
0.649858
0.644164
0.640098
0.638471
0.639691
0.645384
0.645791
0.645384
0.651484
0.648231
0.646604
0.643758
0.620577
0.610004
0.613664
0.619357
0.624644
0.638471
0.643351
0.645791
0.644571
0.640911
0.640098
0.638471
0.640504
0.644978
0.637658
0.640098
0.636438
0.641724
0.647418
0.643758
0.638471
0.638064
0.637658
0.637658
0.640911
0.638064
0.641724
0.645384
0.646198
0.644978
0.642131
0.641318
0.640504
0.640911
0.645791
0.647011
