0.578284
0.584791
0.583977
0.581944
0.581537
0.582757
0.584791
0.586011
0.587637
0.588857
0.587231
0.583977
0.585197
0.579504
0.572590
0.566897
0.557544
0.554290
0.546157
0.534770
0.532330
0.536397
0.538024
0.539244
0.542497
0.551037
0.555510
0.557137
0.562830
0.566084
0.564457
0.566084
0.564050
0.564457
0.566490
0.563237
0.559984
0.557544
0.553884
0.553070
0.545344
0.544124
0.571370
0.585604
0.551850
0.546564
0.546564
0.544937
0.544124
0.545750
0.544937
0.546157
0.544530
0.546564
0.548597
0.586824
0.583977
0.577471
0.571370
0.566897
0.560390
0.557137
0.556324
0.555104
0.555104
0.553884
0.555917
0.556324
0.551850
0.549410
0.551037
0.561610
0.562830
0.568930
0.583571
0.560390
0.555917
0.559577
0.561610
0.564050
0.592517
0.592517
0.594551
0.581944
0.599837
0.597397
0.585197
0.580317
0.579504
0.582351
0.588044
0.573810
0.574217
0.588857
0.589671
0.593737
0.602684
0.600244
0.601057
0.600651
0.598211
0.601464
0.604311
0.603091
0.605124
0.602684
0.605124
0.605124
0.605531
0.606751
0.605937
0.607971
0.604717
0.604311
0.602684
0.609191
0.598617
0.605531
0.605531
0.607564
0.604717
0.604311
0.607157
0.600651
0.603497
0.608784
0.608377
0.606751
0.607157
0.610817
0.608784
0.602277
0.603497
0.609597
0.611224
0.613257
0.613257
0.612037
0.615291
0.612444
0.610817
0.608784
0.612037
0.608377
0.605937
0.606751
0.610817
0.607564
0.614477
0.614884
0.613257
0.612444
0.614071
0.615291
0.613664
0.615291
0.610817
0.617324
0.615697
0.615291
0.614071
0.611224
0.613664
0.612444
0.620577
0.620171
0.613664
0.618544
0.618544
0.618951
0.615697
0.618137
0.621391
0.613664
0.614884
0.613664
0.615291
0.618544
0.618137
0.618137
0.617324
0.619357
0.618951
0.618544
0.621391
0.616511
0.614477
0.621391
0.621391
0.618137
0.620984
0.620984
0.625051
0.624644
0.633591
0.625051
0.629524
0.621391
0.625051
0.623017
0.622611
0.618544
0.622611
0.631151
0.634404
0.637251
0.625051
0.621391
0.632371
0.634811
0.633998
0.629931
0.630744
0.633998
0.637658
0.638878
0.632371
0.629118
0.633591
0.637251
0.638471
0.637251
0.635624
0.634404
0.633184
0.634811
0.638878
0.638878
0.634811
0.629931
0.629118
0.631151
0.631964
0.634404
0.638471
0.636031
0.633184
0.631558
0.623017
0.638471
0.644978
0.645791
0.642538
0.646604
0.649858
0.641318
0.643758
0.639691
0.642944
0.644164
0.649044
0.647418
0.646604
0.649451
0.647418
0.641724
0.642944
0.644571
0.640504
0.644164
0.647824
0.648231
0.647418
0.647418
0.648638
0.648231
0.647418
0.649858
0.648231
0.644571
0.643351
0.649044
0.651078
0.651078
0.647824
0.643758
0.646604
0.649044
0.646604
0.645384
0.643758
0.648231
0.652298
0.643351
0.640098
0.644164
0.648638
0.646604
0.654331
0.651484
0.645384
0.649044
0.648231
0.644978
0.654331
0.648231
0.646604
0.644164
0.645791
0.642944
0.643758
0.644571
0.640098
0.640504
0.647011
0.648638
0.647418
0.646604
0.651484
0.652704
0.649044
0.644978
0.644571
0.647824
0.644164
0.653111
0.648231
0.648231
0.647418
0.638878
0.643351
0.639284
0.634811
0.642131
0.648231
0.647011
0.649451
0.648638
0.647418
0.647418
0.644571
0.639691
0.640504
0.638471
0.651078
0.647824
0.652298
0.649451
0.650671
0.652704
0.651891
0.652704
0.647011
0.652704
0.654331
0.650264
0.644164
0.645384
0.647418
0.652298
0.653924
0.653111
0.654331
0.653111
0.652704
0.647824
0.643758
0.642538
0.648638
0.655958
0.656771
0.656771
0.653518
0.655551
0.657584
0.655144
0.647824
0.646604
0.649451
0.650671
0.647011
0.650264
0.657584
0.658804
0.659211
0.658398
0.653518
0.653518
0.647824
0.644164
0.638064
0.639691
0.640098
0.652298
0.654738
0.655144
0.656771
0.654738
0.653518
0.647418
0.644164
0.644571
0.644571
0.645791
0.656364
0.662464
0.657991
0.657991
0.654331
0.647011
0.646604
0.646198
0.653111
0.651891
0.658804
0.655958
0.653111
0.652704
0.653111
0.646604
0.646604
0.649858
0.654331
0.655551
0.655958
0.656364
0.652704
0.653518
0.644571
0.641724
0.646604
0.651078
0.655551
0.657178
0.657178
0.657584
0.654738
0.651891
0.645384
0.646604
0.650671
0.656364
0.655551
0.655958
0.655144
0.653518
0.651484
0.644978
0.642538
0.646198
0.655958
0.657991
0.657584
0.658804
0.662058
0.660838
0.650264
0.643758
0.639284
0.640911
0.649451
0.651078
0.660431
0.657584
0.659211
0.661244
0.659618
0.654331
0.649451
0.645791
0.647418
0.648638
0.649858
0.651891
0.653518
0.656364
0.652298
0.648638
0.655551
0.657584
0.658804
0.658398
0.658398
0.658398
0.654738
0.647011
0.644571
0.641724
0.645384
0.656364
0.660431
0.654331
0.654738
0.653924
0.656771
0.655958
0.641318
0.636031
0.642944
0.652298
0.659211
0.660838
0.659618
0.660431
0.660431
0.657991
0.651891
0.650671
0.656771
0.660431
0.662058
0.662464
0.662464
0.659618
0.659211
0.651891
0.647418
0.644978
0.652704
0.657178
0.659618
0.657584
0.656771
0.656771
0.655551
0.648231
0.649044
0.647418
0.653924
0.654738
0.657991
0.656771
0.656771
0.657178
0.651484
0.657991
0.658804
0.655144
0.654331
0.657178
0.658398
0.656364
0.658804
0.656364
0.653924
0.654738
0.655551
0.655958
0.657991
0.662058
0.656771
0.659618
0.657584
0.651484
0.647011
0.650264
0.652298
0.658804
0.663278
0.660431
0.659618
0.657991
0.658804
0.655551
0.650264
0.655551
0.657584
0.657584
0.658398
0.656364
0.657584
0.656771
0.658398
0.652704
0.655144
0.657178
0.657584
0.659211
0.657584
0.658398
0.655551
0.655958
0.652704
0.649044
0.655144
0.657178
0.657991
0.659618
0.659211
0.656771
0.655551
0.656364
0.651078
0.649858
0.657178
0.655958
0.659618
0.660838
0.659618
0.659618
0.662871
0.659211
0.658398
0.657178
0.656771
0.658804
0.658398
0.659211
0.660431
0.660431
0.659618
0.659618
0.655144
0.658804
0.662058
0.663278
0.662871
0.661244
0.662058
0.660431
0.657991
0.655551
0.655958
0.654738
0.658804
0.661244
0.661244
0.661651
0.656771
0.655144
0.650264
0.647824
0.653111
0.658804
0.661244
0.664091
0.662058
0.662058
0.660838
0.663278
0.653924
0.648231
0.653518
0.659211
0.667344
0.668971
0.669784
0.663684
0.660431
0.662871
0.660024
0.660024
0.660838
0.657991
0.662871
0.662871
0.661244
0.659618
0.660431
0.660838
0.660838
0.658398
0.660431
0.658398
0.658398
0.657178
0.658398
0.660024
0.659618
0.660024
0.658398
0.653924
0.656771
0.660838
0.660431
0.661244
0.657991
0.660838
0.662464
0.659618
0.657991
0.657178
0.656771
0.657178
0.656364
0.662871
0.662871
0.657991
0.651484
0.649451
0.653111
0.654331
0.660024
0.660024
0.665718
0.664091
0.663684
0.658804
0.655958
0.656364
0.655551
0.655551
0.659211
0.660024
0.666531
0.668158
0.668971
0.665311
0.661244
0.656364
0.655144
0.656771
0.659211
0.662464
0.659618
0.663278
0.663684
0.660431
0.662058
0.660431
0.660024
0.660838
0.658804
0.664498
0.664091
0.663684
0.655144
0.656364
0.657991
0.656364
0.657991
0.660431
0.661651
0.664498
0.666531
0.662871
0.657991
0.655958
0.657991
0.658398
0.660024
0.659211
0.658398
0.662464
0.666938
0.666531
0.655144
0.655958
0.655958
0.655958
0.656364
0.657991
0.667751
0.669784
0.668158
0.663684
0.656364
0.659618
0.655144
0.657178
0.659211
0.662871
0.658398
0.666938
0.670191
0.663684
0.661651
0.662464
0.657178
0.657584
0.662464
0.664904
0.664904
0.663278
0.656364
0.654738
0.655144
0.659211
0.655958
0.653924
0.660431
0.662464
0.666938
0.669784
0.659618
0.656771
0.657178
0.651891
0.656771
0.657584
0.659618
0.666124
0.667344
0.665311
0.661244
0.659211
0.660024
0.658398
0.658804
0.662464
0.660431
0.663684
0.664904
0.664904
0.661244
0.658804
0.660431
0.658398
0.659211
0.661244
0.664091
0.664498
0.667344
0.661244
0.657991
0.663278
0.660431
0.659211
0.656771
0.658804
0.659618
0.661244
0.663684
0.661244
0.658804
0.661244
0.661651
0.662464
0.659211
0.658398
0.660024
0.660024
0.662464
0.669784
0.668564
0.664498
0.660838
0.660838
0.658398
0.658398
0.660431
0.662464
0.660838
0.662058
0.666124
0.669784
0.667344
0.662464
0.660431
0.657178
0.653518
0.651484
0.654331
0.657991
0.661651
0.668564
0.671411
0.668158
0.662464
0.663684
0.658804
0.658398
0.662464
0.662464
0.665311
0.664498
0.666124
0.668564
0.669378
0.668158
0.665311
0.663278
0.662464
0.664498
0.664498
0.665718
0.664904
0.664498
0.666124
0.664091
0.665311
0.663278
0.661651
0.667751
0.666531
0.666531
0.662464
0.667344
0.667344
0.664498
0.662464
0.661651
0.661244
0.664498
0.665311
0.666124
0.666124
0.667344
0.671411
0.666531
0.665311
0.662058
0.664498
0.661651
0.662871
0.658804
0.661651
0.662058
0.664091
0.664091
0.662871
0.665718
0.660838
0.663278
0.665311
0.664904
0.662464
0.662464
0.665718
0.664091
0.664091
0.660431
0.657584
0.661244
0.664498
0.664091
0.664498
0.669784
0.671818
0.668158
0.665311
0.662871
0.664498
0.662058
0.666938
0.666124
0.665718
0.668971
0.670191
0.669378
0.666531
0.657584
0.657178
0.657991
0.655551
0.658398
0.665311
0.667751
0.668158
0.671004
0.665718
0.661651
0.659211
0.660024
0.658804
0.660431
0.661651
0.660024
0.667751
0.669784
0.666531
0.668971
0.668564
0.666124
0.662058
0.660024
0.655958
0.655144
0.656364
0.663684
0.664904
0.669378
0.667344
0.663278
0.664091
0.665311
0.665311
0.667344
0.668158
0.663684
0.664498
0.666531
0.662871
0.663278
0.665718
0.660024
0.655144
0.657991
0.661651
0.664091
0.666938
0.666531
0.665718
0.666124
0.664904
0.663684
0.662464
0.662058
0.663278
0.665718
0.664904
0.666124
0.664498
0.662871
0.662871
0.663684
0.662871
0.664904
0.665311
0.664498
0.665311
0.666124
0.664091
0.666531
0.661651
0.660838
0.660431
0.661244
0.662464
0.666938
0.667344
0.666938
0.667751
0.670191
0.664498
0.667344
0.668564
0.668564
0.668158
0.671004
0.664498
0.664904
0.666124
0.660838
0.660024
0.662464
0.666531
0.670598
0.669378
0.668971
0.666124
0.664498
0.661651
0.656771
0.657991
0.665718
0.666124
0.668564
0.668158
0.667344
0.666124
0.669784
0.663278
0.662464
0.660431
0.663278
0.668158
0.673851
0.670598
0.671818
0.667344
0.666531
0.661651
0.661244
0.661244
0.662464
0.662464
0.665718
0.662871
0.664904
0.665311
0.664091
0.663684
0.664904
0.668564
0.668971
0.670598
0.672224
0.671411
0.668564
0.669378
0.662464
0.659211
0.657178
0.662058
0.664498
0.670598
0.668971
0.667751
0.664904
0.666124
0.664904
0.659211
0.661244
0.665718
0.670191
0.669784
0.673444
0.670191
0.667344
0.669378
0.662871
0.657584
0.660024
0.660838
0.662871
0.662871
0.664498
0.664498
0.669378
0.664091
0.663278
0.662871
0.663684
0.661244
0.657991
0.662058
0.659618
0.662871
0.662871
0.662464
0.666938
0.665718
0.665311
0.664498
0.663278
0.664091
0.664091
0.662058
0.662464
0.661244
0.664091
0.662871
0.660838
0.659618
0.660838
0.666124
0.663684
0.665311
0.662871
0.658398
0.654738
0.661651
0.664091
0.661244
0.661244
0.663278
0.667344
0.669378
0.666938
0.664091
0.664091
0.662058
0.660838
0.659618
0.660838
0.664904
0.667344
0.670191
0.667751
0.662464
0.667344
0.667751
0.666124
0.666938
0.663684
0.661651
0.662871
0.662464
0.662464
0.668158
0.666938
0.664904
0.664904
0.664904
0.664904
0.666938
0.666938
0.664091
0.669784
0.670598
0.672631
0.669378
0.666531
0.669784
0.671818
0.666938
0.660431
0.659211
0.661651
0.665311
0.671004
0.671411
0.670598
0.671818
0.670598
0.668158
0.664498
0.662871
0.662464
0.662871
0.668971
0.670191
0.671411
0.668971
0.671818
0.670191
0.665311
0.666531
0.669784
0.671411
0.672631
0.671004
0.671818
0.665311
0.664904
0.660431
0.660838
0.658398
0.660838
0.663278
0.667751
0.666531
0.666938
0.666124
0.666938
0.668158
0.666531
0.667751
0.665718
0.666531
0.667344
0.664904
0.666531
0.666938
0.665718
0.667751
0.664091
0.660024
0.662058
0.664091
0.664498
0.662464
0.668971
0.665311
0.664498
0.664091
0.661244
0.662464
0.662464
0.666124
0.667751
0.666531
0.667751
0.668564
0.660431
0.657991
0.659618
0.664091
0.665718
0.664904
0.664904
0.668971
0.668564
0.662058
0.662058
0.661651
0.659211
0.660838
0.663684
0.667751
0.667751
0.670191
0.671411
0.665311
0.662871
0.661244
0.665311
0.665311
0.663278
0.665718
0.664904
0.667751
0.667344
0.662871
0.662871
0.664091
0.664904
0.664904
0.668158
0.668158
0.667344
0.664091
0.661244
0.663278
0.664498
0.664498
0.663278
0.668971
0.670191
0.666938
0.667751
0.666938
0.668158
0.666124
0.663684
0.664091
0.666531
0.666531
0.665311
0.666124
0.666124
0.668971
0.666938
0.666938
0.666531
0.664904
0.663278
0.668158
0.665718
0.668564
0.668971
0.668971
0.672224
0.670598
0.671411
0.672631
0.672224
0.672631
0.665311
0.664498
0.660431
0.662058
0.667751
0.666124
0.666938
0.667751
0.666531
0.668971
0.668971
0.662871
0.658398
0.660838
0.664498
0.668158
0.663684
0.669378
0.670191
0.667751
0.671411
0.667344
0.663684
0.664498
0.664091
0.667751
0.667751
0.671004
0.669784
0.671818
0.673851
0.665718
0.662058
0.658804
0.657991
0.659618
0.664091
0.667751
0.671411
0.670598
0.668158
0.663684
0.663684
0.664091
0.664904
0.666531
0.666124
0.668158
0.665718
0.664091
0.666938
0.663684
0.664904
0.665311
0.666124
0.667344
0.665718
0.665718
0.667344
0.671411
0.668971
0.668564
0.666938
0.666124
0.664498
0.665718
0.666938
0.666938
0.666531
0.662058
0.663278
0.665311
0.662464
0.665311
0.668158
0.668564
0.667751
0.665718
0.664904
0.665311
0.664904
0.664091
0.666124
0.666938
0.670191
0.664904
0.664091
0.666531
0.664498
0.657584
0.657991
0.657584
0.660024
0.665718
0.668971
0.667344
0.661651
0.663278
0.662871
0.662058
0.663684
0.664904
0.665718
0.665311
0.666124
0.666531
0.667751
0.668971
0.664091
0.663684
0.665718
0.665311
0.669378
0.668158
0.666938
0.668158
0.671004
0.669378
0.664498
0.665718
0.664091
0.664091
0.671004
0.672224
0.673038
0.671818
0.668564
0.665311
0.662058
0.662464
0.664498
0.664904
0.669378
0.666531
0.669784
0.671004
0.671411
0.669784
0.669378
0.665311
0.662058
0.662464
0.664498
0.664498
0.665718
0.667751
0.665311
0.666531
0.662464
0.657991
0.659211
0.660024
0.660838
0.662058
0.665311
0.662464
0.663684
0.660838
0.662058
0.657991
0.658804
0.662058
0.667344
0.661651
0.665718
0.664091
0.663684
0.662058
0.660838
0.658804
0.659618
0.662058
0.668564
0.666124
0.665311
0.663278
0.661651
0.662058
0.666531
0.667751
0.666531
0.663684
0.662871
0.665311
0.664904
0.665311
0.666124
0.663278
0.662464
0.664498
0.671818
0.667344
0.666124
0.664904
0.663278
0.665718
0.668564
0.666531
0.661651
0.660024
0.660431
0.665311
0.667344
0.664498
0.663684
0.660838
0.658398
0.653111
0.661244
0.664904
0.663684
0.664498
0.663278
0.662871
0.663278
0.659211
0.663278
0.665718
0.662464
0.659618
0.664091
0.664904
0.663278
0.660838
0.664498
0.661244
0.664498
0.663684
0.662464
0.665311
0.661651
0.664091
0.664904
0.663684
0.657178
0.661651
0.661651
0.660838
0.662058
0.664091
0.665718
0.665718
0.669378
0.670191
0.667751
0.667751
0.660838
0.662464
0.662871
0.662464
0.665311
0.661651
0.661651
0.658804
0.656771
0.665718
0.664091
0.663278
0.662058
0.664091
0.665718
0.666531
0.667344
0.663278
0.663684
0.668564
0.671411
0.667751
0.666124
0.663278
0.662464
0.665718
0.668158
0.667751
0.665718
0.667344
0.666531
0.667751
0.667751
0.661244
0.663278
0.666124
0.665311
0.662464
0.666124
0.668564
0.668158
0.665311
0.662058
0.661244
0.663278
0.666938
0.664498
0.665718
0.663684
0.664091
0.667751
0.667344
0.663278
0.667344
0.668971
0.665718
0.664498
0.666124
0.666531
0.667751
0.670598
0.667751
0.666124
0.665718
0.663278
0.662464
0.662058
0.664498
0.665311
0.664498
0.664091
0.662464
0.664904
0.670191
0.669784
0.664904
0.668158
0.665311
0.662464
0.664904
0.664498
0.667344
0.667344
0.664498
0.664904
0.665718
0.662464
0.668971
0.666531
0.665718
0.670191
0.667751
0.665311
0.666938
0.666938
0.666938
0.663278
0.662058
0.665718
0.668971
0.671411
0.671411
0.668158
0.664904
0.665718
0.666531
0.665311
0.668158
0.669378
0.667751
0.670191
0.667344
0.663684
0.662871
0.665311
0.666124
0.665718
0.668564
0.665718
0.667751
0.665718
0.665311
0.662871
0.665311
0.665311
0.665718
0.666124
0.666938
0.665311
0.666531
0.668971
0.665718
0.662058
0.664498
0.665718
0.667751
0.668564
0.665311
0.664091
0.663684
0.662464
0.662464
0.663278
0.663278
0.664904
0.662871
0.660431
0.660838
0.660838
0.664091
0.663278
0.663684
0.668158
0.668564
0.667751
0.663684
0.666531
0.665311
0.666938
0.664904
0.661651
0.660838
0.661651
0.664904
0.664904
0.662871
0.664091
0.663278
0.665718
0.660431
0.661651
0.664091
0.663278
0.664091
0.664091
0.665718
0.665718
0.665311
0.663684
0.667344
0.664904
0.666124
0.667751
0.669784
0.669378
0.671004
0.669784
0.667344
0.664091
0.664091
0.662871
0.662871
0.664904
0.665718
0.668564
0.668564
0.666938
0.662058
0.666938
0.665718
0.666938
0.667344
0.668158
0.667344
0.668971
0.665718
0.665718
0.666531
0.663278
0.663684
0.663684
0.668158
0.669378
0.666531
0.663684
0.666124
0.666531
0.666938
0.666124
0.664904
0.667751
0.667344
0.671004
0.670191
0.666124
0.665718
0.665718
0.662871
0.664904
0.666531
0.666938
0.666124
0.668564
0.669784
0.668564
0.667344
0.664091
0.665718
0.668971
0.670191
0.671411
0.666531
0.668158
0.666531
0.666124
0.668158
0.671818
0.669784
0.671818
0.668158
0.671411
0.671411
0.674258
0.671004
0.670598
0.669378
0.665718
0.664904
0.664904
0.664498
0.669784
0.672224
0.671818
0.668971
0.665311
0.664091
0.667344
0.666124
0.665311
0.664498
0.667751
0.665718
0.666531
0.665311
0.662464
0.664091
0.662464
0.669378
0.669378
0.665718
0.659618
0.660838
0.663684
0.665311
0.665311
0.662871
0.668158
0.667344
0.666938
0.664498
0.664498
0.665311
0.664904
0.664498
0.662464
0.660431
0.662058
0.664498
0.664904
0.672224
0.671004
0.669378
0.669784
0.663684
0.664091
0.662058
0.663684
0.664091
0.668971
0.668564
0.665718
0.667751
0.670191
0.669784
0.673851
0.673851
0.669784
0.666531
0.663684
0.665718
0.669378
0.666124
0.665718
0.664091
0.666531
0.669378
0.668971
0.668971
0.667344
0.668971
0.665311
0.668158
0.666124
0.664904
0.664904
0.667344
0.668971
0.668564
0.668564
0.665718
0.666124
0.662464
0.662058
0.666938
0.672224
0.673851
0.670598
0.665718
0.665311
0.664498
0.664498
0.664498
0.667344
0.667344
0.666938
0.664904
0.663278
0.666531
0.663684
0.663684
0.664091
0.663684
0.663278
0.666124
0.666531
0.663684
0.665311
0.666531
0.668564
0.665311
0.662058
0.668564
0.668971
0.670598
0.665718
0.666938
0.665718
0.666938
0.671004
0.668971
0.667751
0.663278
0.662871
0.664091
0.667344
0.667344
0.670191
0.669378
0.673444
0.663278
0.671411
0.670191
0.670191
0.662464
0.664904
0.667344
0.668158
0.664498
0.661651
0.663684
0.668158
0.666124
0.665311
0.664904
0.669784
0.666938
0.664904
0.664904
0.666531
0.665311
0.671818
0.670598
0.669378
0.668564
0.668158
0.665718
0.664498
0.667751
0.664498
0.667344
0.667344
0.667344
0.665718
0.666124
0.667344
0.666531
0.665718
0.666124
0.667344
0.671411
0.668564
0.671004
0.666938
0.667751
0.668158
0.663684
0.665311
0.660431
0.666938
0.664498
0.666124
0.664498
0.665718
0.671411
0.666938
0.665311
0.663684
0.666531
0.665718
0.664498
0.664091
0.666124
0.666531
0.668971
0.666124
0.664498
0.663684
0.666124
0.671818
0.669378
0.663684
0.663684
0.666938
0.669784
0.663278
0.664904
0.665311
0.668158
0.671004
0.665311
0.666124
0.669784
0.668971
0.666938
0.664904
0.663684
0.661651
0.663684
0.667751
0.666531
0.664904
0.665311
0.664091
0.662871
0.665311
0.664904
0.660838
0.661244
0.667751
0.665311
0.665311
0.665311
0.669378
0.671411
0.669784
0.664498
0.665311
0.666124
0.668564
0.667344
0.660431
0.661651
0.666124
0.665311
0.664091
0.662464
0.664498
0.665311
0.665718
0.665718
0.662464
0.666938
0.670191
0.665718
0.666531
0.664091
0.663684
0.667751
0.665311
0.663278
0.662058
0.665311
0.664904
0.664498
0.664091
0.657991
0.661244
0.669784
0.669784
0.661244
0.655958
0.658398
0.660431
0.664904
0.664091
0.663684
0.661244
0.662464
0.664904
0.667751
0.666938
0.666124
0.666124
0.665311
0.664498
0.664498
0.668564
0.665311
0.667344
0.666531
0.663684
0.665311
0.668971
0.668158
0.669378
0.665718
0.665718
0.668158
0.669378
0.673444
0.670598
0.671004
0.669784
0.662871
0.663278
0.661651
0.663278
0.664091
0.664091
0.665718
0.668564
0.670191
0.668158
0.665311
0.663684
0.661651
0.662871
0.667344
0.666124
0.666938
0.666938
0.668158
0.671818
0.670191
0.668564
0.661651
0.663278
0.667344
0.668158
0.666531
0.666124
0.666124
0.664091
0.662871
0.670191
0.668971
0.671818
0.664498
0.664498
0.664498
0.670191
0.668564
0.668158
0.667344
0.665718
0.668564
0.664904
0.666531
0.666124
0.667751
0.673038
0.675478
0.674258
0.675071
0.673038
0.672224
0.669378
0.668971
0.670191
0.666938
0.668158
0.665718
0.669378
0.670598
0.671818
0.671004
0.665311
0.663278
0.665718
0.668158
0.671004
0.663278
0.665311
0.666124
0.663684
0.668971
0.664498
0.662464
0.666938
0.663278
0.662871
0.664498
0.668158
0.671818
0.668971
0.665311
0.664498
0.664091
0.665311
0.667344
0.664904
0.665718
0.666938
0.664904
0.665718
0.663278
0.663278
0.662464
0.665311
0.665311
0.666531
0.667751
0.667751
0.665311
0.666938
0.664904
0.667344
0.671818
0.668971
0.666124
0.666938
0.666531
0.665311
0.670191
0.671004
0.669784
0.673851
0.671411
0.669784
0.668564
0.665718
0.666531
0.662871
0.669378
0.666531
0.663278
0.664498
0.664091
0.665718
0.665718
0.667751
0.665718
0.666531
0.665718
0.666124
0.666124
0.667344
0.664498
0.668971
0.670598
0.671004
0.669378
0.666938
0.668158
0.664091
0.667751
0.669378
0.669784
0.666531
0.668564
0.668158
0.672224
0.673444
0.671818
0.669378
0.671004
0.669784
0.668971
0.671818
0.667344
0.670191
0.671818
0.672631
0.669378
0.668158
0.663278
0.663278
0.668564
0.666531
0.665718
0.665311
0.664091
0.666531
0.664498
0.661651
0.664498
0.666938
0.668971
0.668158
0.666938
0.667751
0.668158
0.671004
0.667344
0.662058
0.659211
0.660838
0.664498
0.665718
0.668158
0.668158
0.665718
0.666124
0.671818
0.668564
0.666531
0.665311
0.665718
0.665311
0.670191
0.677105
0.676698
0.671411
0.676698
0.670191
0.669378
0.668564
0.669378
0.668564
0.669378
0.673038
0.670598
0.672631
0.671818
0.668564
0.669784
0.671818
0.671411
0.667344
0.668564
0.667751
0.666938
0.666124
0.666938
0.669378
0.670191
0.669784
0.664091
0.663278
0.666124
0.666938
0.668158
0.667751
0.669784
0.671411
0.671818
0.670598
0.668158
0.669784
0.671818
0.672631
0.671411
0.669378
0.665718
0.666938
0.667751
0.665718
0.666938
0.666124
0.667751
0.669378
0.670598
0.664904
0.666124
0.666938
0.668158
0.667344
0.671004
0.665718
0.667751
0.666124
0.667344
0.669784
0.669378
0.671004
0.666531
0.666938
0.666938
0.668564
0.668158
0.667344
0.667344
0.669378
0.670191
0.671818
0.668564
0.664904
0.666531
0.667751
0.667751
0.665311
0.665311
0.668158
0.672224
0.671818
0.664091
0.665311
0.669378
0.668971
0.667344
0.664904
0.666124
0.666531
0.664904
0.666531
0.662464
0.665718
0.667751
0.669378
0.671411
0.672631
0.670191
0.666124
0.668564
0.665311
0.664091
0.668564
0.671004
0.674258
0.673444
0.670191
0.667344
0.669784
0.663278
0.663278
0.665311
0.668158
0.668564
0.671004
0.671004
0.668158
0.668564
0.673038
0.671411
0.667751
0.671411
0.670598
0.671004
0.671004
0.667344
0.669378
0.669378
0.667344
0.670191
0.671818
0.666531
0.671818
0.668564
0.671411
0.671411
0.668971
0.668971
0.669784
0.666124
0.666938
0.666124
0.664904
0.664904
0.662871
0.669378
0.668971
0.668971
0.665718
0.670191
0.668158
0.673038
0.669784
0.668158
0.666531
0.667344
0.668564
0.667751
0.668564
0.668971
0.669378
0.666938
0.667751
0.667751
0.668971
0.666938
0.665718
0.669784
0.668971
0.670598
0.669784
0.668564
0.672631
0.670598
0.664904
0.665311
0.664091
0.668158
0.668564
0.670191
0.663684
0.670598
0.674664
0.673038
0.668564
0.664498
0.668564
0.668564
0.670598
0.669378
0.662871
0.666124
0.664904
0.669784
0.670598
0.666531
0.662058
0.662871
0.665311
0.665311
0.668158
0.666938
0.666938
0.667344
0.665718
0.662464
0.662464
0.665311
0.665311
0.665718
0.664904
0.661651
0.666124
0.664904
0.662058
0.662871
0.666531
0.666124
0.662464
0.662871
0.667344
0.669378
0.664904
0.668564
0.669378
0.665311
0.667344
0.666124
0.670598
0.669378
0.671004
0.675478
0.671411
0.670191
0.670598
0.668564
0.666124
0.666938
0.663278
0.670191
0.668971
0.663278
0.666531
0.667344
0.670191
0.667751
0.668971
0.667751
0.668158
0.664498
0.665718
0.667751
0.670598
0.671004
0.668158
0.668564
0.672224
0.666124
0.668564
0.669784
0.672631
0.669784
0.667344
0.668158
0.668971
0.668158
0.666531
0.667344
0.666938
0.668564
0.671004
0.669378
0.665718
0.667344
0.666124
0.667344
0.668564
0.670598
0.668971
0.670598
0.669378
0.666938
0.664498
0.664091
0.664091
0.666531
0.666938
0.663684
0.660838
0.665718
0.666938
0.670191
0.667751
0.662058
0.664091
0.662058
0.663278
0.668971
0.670598
0.668158
0.662464
0.663684
0.667344
0.665718
0.668158
0.665311
0.666124
0.670191
0.671411
0.665311
0.663684
0.668158
0.673851
0.669378
0.663684
0.664091
0.668564
0.667751
0.670191
0.671818
0.668971
0.666938
0.671411
0.669784
0.667751
0.668971
0.669378
0.668158
0.668564
0.668158
0.662871
0.665311
0.667344
0.668158
0.666124
0.668564
0.668564
0.669378
0.670191
0.666124
0.666531
0.669784
0.671004
0.661244
0.660838
0.661651
0.668971
0.671818
0.667751
0.665311
0.663278
0.668158
0.671818
0.663684
0.661244
0.662058
0.659618
0.670191
0.671818
0.668158
0.663684
0.667344
0.667344
0.669784
0.663684
0.664091
0.660838
0.664091
0.665311
0.663278
0.663684
0.664904
0.668564
0.670598
0.663684
0.663684
0.654331
0.660024
0.664498
0.667751
0.667344
0.668971
0.667344
0.669784
0.668158
0.660838
0.664498
0.662871
0.666531
0.670191
0.670598
0.669784
0.666938
0.667344
0.666938
0.664904
0.666124
0.668564
0.667344
0.667751
0.664091
0.658804
0.661651
0.662871
0.664904
0.666938
0.666938
0.665718
0.669378
0.666938
0.665718
0.664091
0.670191
0.672224
0.668158
0.666124
0.662871
0.662058
0.659618
0.665718
0.664904
0.666124
0.669784
0.665311
0.664498
0.666938
0.666124
0.664091
0.664904
0.663684
0.664091
0.667344
0.666531
0.666531
0.664904
0.666531
0.668564
0.664091
0.662871
0.662058
0.661651
0.664498
0.665718
0.667344
0.666124
0.665718
0.666531
0.669378
0.665311
0.662871
0.661244
0.664498
0.668158
0.668564
0.668564
0.669784
0.665718
0.665311
0.662058
0.666938
0.667751
0.663278
0.666124
0.665718
0.664904
0.666124
0.665718
0.665311
0.664498
0.662058
0.660838
0.662058
0.662871
0.666124
0.665311
0.664498
0.660431
0.665718
0.662871
0.660431
0.662464
0.659211
0.661651
0.665718
0.664904
0.666531
0.668564
0.668564
0.666938
0.664904
0.664904
0.666124
0.665311
0.664091
0.664091
0.666531
0.670598
0.671818
0.670191
0.668158
0.669784
0.665311
0.666531
0.668158
0.667751
0.662464
0.664091
0.660431
0.664498
0.668564
0.666124
0.664904
0.666531
0.665718
0.664904
0.668564
0.665718
0.661244
0.665311
0.666124
0.665718
0.665718
0.666531
0.668971
0.669784
0.667751
0.670191
0.671411
0.670191
0.671004
0.668564
0.667344
0.668158
0.666124
0.666938
0.667751
0.668971
0.670598
0.666124
0.666124
0.666938
0.666124
0.666124
0.664904
0.666124
0.661244
0.662058
0.666124
0.668158
0.669378
0.669378
0.669378
0.664091
0.662058
0.663684
0.664904
0.665718
0.664904
0.665718
0.664904
0.666124
0.662464
0.662871
0.660838
0.660024
0.661244
0.666938
0.668158
0.668971
0.664091
0.666531
0.661651
0.663684
0.663278
0.664498
0.657584
0.655958
0.657991
0.664498
0.664498
0.665311
0.666124
0.667344
0.668158
0.659211
0.659618
0.659211
0.659618
0.665718
0.665718
0.667344
0.668564
0.669784
0.662871
0.660838
0.662871
0.665311
0.664904
0.666124
0.665311
0.664091
0.662464
0.663684
0.664498
0.664091
0.664498
0.662058
0.662464
0.665718
0.668971
0.664904
0.666124
0.664904
0.663684
0.663684
0.666124
0.664091
0.664498
0.662871
0.666531
0.663278
0.667751
0.662871
0.664091
0.665718
0.666124
0.668158
0.666938
0.663684
0.660431
0.661244
0.657178
0.663278
0.664498
0.667751
0.668564
0.666124
0.664904
0.662464
0.661244
0.662871
0.662058
0.662464
0.665718
0.664904
0.664091
0.664091
0.663278
0.666938
0.659618
0.664498
0.665311
0.660431
0.664498
0.664498
0.664904
0.664091
0.662464
0.662464
0.665718
0.663684
0.664904
0.665311
0.667751
0.668158
0.666531
0.666124
0.662464
0.666938
0.668971
0.663684
0.662058
0.662058
0.662058
0.660024
0.658398
0.661244
0.665311
0.665718
0.663684
0.665718
0.661651
0.662464
0.666124
0.661244
0.663278
0.662871
0.664091
0.667344
0.663684
0.659211
0.666938
0.664091
0.666124
0.664904
0.663684
0.661651
0.666124
0.664904
0.660024
0.666124
0.667344
0.668564
0.668158
0.666531
0.660024
0.657991
0.662464
0.663278
0.658804
0.662871
0.660838
0.658398
0.662871
0.662464
0.664091
0.665311
0.667344
0.667751
0.662871
0.659618
0.660431
0.660024
0.660024
0.666938
0.666938
0.664498
0.666124
0.662464
0.664498
0.664091
0.665311
0.662871
0.659618
0.657584
0.660838
0.662871
0.663684
0.663684
0.660024
0.664091
0.658398
0.657584
0.659618
0.659211
0.658398
0.662058
0.662058
0.666531
0.668564
0.663278
0.663684
0.662058
0.665718
0.665311
0.664904
0.663278
0.665311
0.662871
0.666124
0.664904
0.666124
0.666531
0.665311
0.666124
0.660024
0.655551
0.653924
0.655958
0.662871
0.667344
0.666124
0.665311
0.665311
0.664904
0.664091
0.665718
0.661651
0.664091
0.663278
0.665311
0.666938
0.665311
0.662058
0.662871
0.663684
0.666938
0.666124
0.665311
0.664904
0.665718
0.662058
0.661651
0.665718
0.664904
0.660838
0.664091
0.664498
0.667751
0.658804
0.660838
0.655958
0.662058
0.660431
0.666531
0.663278
0.663684
0.666531
0.668564
0.663278
0.663278
0.663278
0.667344
0.666124
0.666938
0.663278
0.664498
0.665718
0.666938
0.665311
0.661244
0.658804
0.662871
0.660838
0.662464
0.665718
0.668564
0.668971
0.668158
0.666531
0.664498
0.666124
0.668971
0.669378
0.669378
0.666938
0.665311
0.667344
0.666938
0.667344
0.662871
0.664091
0.666531
0.667751
0.671004
0.671004
0.671818
0.668564
0.664498
0.663278
0.664904
0.668158
0.668971
0.669784
0.668564
0.668971
0.667751
0.667751
0.664498
0.664091
0.660431
0.659618
0.661651
0.662058
0.662871
0.660024
0.662464
0.658804
0.659618
0.659211
0.658398
0.659211
0.662871
0.667344
0.664498
0.665718
0.661244
0.665718
0.660024
0.659618
0.665718
0.664091
0.666531
0.663684
0.666938
0.666124
0.669378
0.665718
0.660838
0.659618
0.664091
0.661244
0.668564
0.660838
0.662058
0.666531
0.662058
0.661244
0.659211
0.658804
0.657178
0.659618
0.657584
0.660431
0.662871
0.666531
0.668564
0.666938
0.666531
0.664498
0.664498
0.666124
0.664904
0.668971
0.669378
0.670598
0.666938
0.665718
0.663278
0.662058
0.668564
0.667344
0.663278
0.663278
0.664498
0.664498
0.662464
0.660838
0.661651
0.658804
0.662058
0.666938
0.663278
0.666124
0.663684
0.663684
0.664091
0.668158
0.666938
0.662871
0.662871
0.667751
0.668971
0.664904
0.663684
0.667344
0.668971
0.668971
0.668158
0.667344
0.665311
0.666531
0.666938
0.666938
0.664904
0.665311
0.663684
0.665311
0.661244
0.662871
0.664091
0.664904
0.660838
0.664498
0.660431
0.662464
0.663278
0.665311
0.658804
0.665311
0.659618
0.661244
0.664904
0.658804
0.655958
0.661244
0.669784
0.667344
0.664498
0.666124
0.667344
0.666938
0.666938
0.663684
0.665311
0.666124
0.665718
0.662464
0.663278
0.661651
0.663684
0.663684
0.662464
0.660431
0.662871
0.662871
0.662871
0.658804
0.659211
0.663684
0.664498
0.665311
0.668158
0.668158
0.664498
0.657584
0.666531
0.667751
0.671004
0.671004
0.671411
0.669378
0.662871
0.661244
0.660024
0.660838
0.657991
0.665718
0.666124
0.665311
0.663278
0.661651
0.660431
0.662464
0.662058
0.661244
0.666124
0.677105
0.678731
0.670191
0.668971
0.669378
0.661651
0.664091
0.664498
0.666124
0.670191
0.666124
0.669784
0.669784
0.665718
0.664498
0.664091
0.667751
0.663278
0.660431
0.664091
0.664904
0.665718
0.665718
0.665311
0.663684
0.664091
0.663278
0.659618
0.664498
0.667344
0.670191
0.663278
0.662058
0.663278
0.664498
0.659211
0.663684
0.664091
0.668564
0.670598
0.672631
0.666531
0.664904
0.663278
0.659618
0.660431
0.662464
0.662871
0.660838
0.664091
0.661651
0.660838
0.663278
0.661651
0.665718
0.671004
0.666531
0.664091
0.664904
0.665311
0.665718
0.663684
0.666124
0.663684
0.662871
0.663684
0.660024
0.664904
0.670191
0.661244
0.662058
0.662058
0.658398
0.662871
0.662464
0.655551
0.660838
0.661651
0.666124
0.665311
0.663278
0.661244
0.662871
0.661244
0.660431
0.664091
0.662058
0.663684
0.664904
0.664498
0.661244
0.660024
0.660024
0.665311
0.666938
0.665718
0.667751
0.665311
0.662871
0.663684
0.662871
0.661244
0.658398
0.661244
0.660838
0.662058
0.662464
0.664904
0.664091
0.664904
0.662058
0.660838
0.663684
0.659211
0.663278
0.667344
0.663278
0.662464
0.664498
0.666124
0.660024
0.662464
0.664498
0.665311
0.668971
0.673444
0.673851
0.674258
0.672631
0.671411
0.674258
0.672631
0.671411
0.668971
0.665718
0.664904
0.663278
0.665718
0.666531
0.665718
0.664904
0.663684
0.662058
0.660431
0.662058
0.661244
0.660838
0.661651
0.662058
0.660431
0.658398
0.658804
0.665718
0.668158
0.663278
0.667751
0.667344
0.663278
0.661244
0.662871
0.663684
0.661651
0.657178
0.662464
0.665718
0.665718
0.664904
0.663278
0.663278
0.656771
0.659211
0.664904
0.664498
0.663684
0.662871
0.666124
0.662871
0.659618
0.661651
0.658398
0.662464
0.667751
0.666938
0.666124
0.663278
0.664091
0.661244
0.657991
0.656364
0.660431
0.662871
0.660838
0.663278
0.662058
0.662464
0.661244
0.658398
0.656771
0.656364
0.660431
0.662464
0.667751
0.667344
0.665718
0.661651
0.663278
0.660024
0.661651
0.662058
0.658804
0.661651
0.666124
0.666124
0.664904
0.662464
0.665311
0.660838
0.656771
0.655551
0.656364
0.661244
0.666124
0.659618
0.660431
0.658398
0.658804
0.659211
0.658398
0.656364
0.659618
0.666938
0.663684
0.666124
0.664091
0.660024
0.658804
0.658804
0.659618
0.660838
0.660024
0.662871
0.664904
0.667751
0.670191
0.666531
0.660024
0.654738
0.658804
0.663684
0.664091
0.664498
0.666938
0.665718
0.661244
0.661244
0.662464
0.658804
0.660838
0.662058
0.664091
0.665311
0.662871
0.664498
0.661651
0.657584
0.656771
0.657584
0.661244
0.664904
0.664904
0.662871
0.664904
0.665718
0.662464
0.658804
0.657178
0.656364
0.658398
0.671818
0.671004
0.669784
0.668564
0.661651
0.657584
0.653518
0.652704
0.655144
0.661651
0.658804
0.661244
0.661244
0.662058
0.662058
0.651891
0.651891
0.656771
0.663684
0.662871
0.659211
0.659618
0.661651
0.664091
0.662871
0.659211
0.658398
0.651891
0.661244
0.665311
0.670598
0.667344
0.666531
0.666531
0.664904
0.657991
0.657991
0.655958
0.661244
0.665311
0.665311
0.664091
0.663684
0.667751
0.662058
0.659211
0.660024
0.663278
0.663684
0.667751
0.665311
0.663278
0.664498
0.664904
0.663684
0.660024
0.660838
0.666124
0.664498
0.670191
0.670598
0.662058
0.660838
0.661651
0.662058
0.666938
0.665311
0.668564
0.668564
0.669378
0.670191
0.664904
0.663684
0.660431
0.657991
0.665718
0.658398
0.659211
0.662871
0.671004
0.673444
0.662464
0.660838
0.655958
0.662871
0.661651
0.663684
0.666531
0.667344
0.668564
0.667751
0.669378
0.664904
0.661244
0.658804
0.663278
0.666938
0.666124
0.666531
0.664091
0.664904
0.662871
0.660431
0.656364
0.654738
0.661244
0.664091
0.665718
0.664904
0.665311
0.662871
0.662058
0.656364
0.653518
0.660024
0.662871
0.665311
0.664498
0.666124
0.671004
0.664904
0.660024
0.655551
0.655144
0.659211
0.664904
0.668158
0.664091
0.669378
0.666124
0.658804
0.662058
0.659211
0.664091
0.666531
0.663684
0.663684
0.663278
0.661651
0.666938
0.664498
0.661244
0.662871
0.659211
0.664904
0.664904
0.665311
0.666531
0.666531
0.665718
0.660024
0.658398
0.654738
0.655551
0.657991
0.661244
0.666124
0.663684
0.664904
0.661651
0.660024
0.654331
0.653111
0.660838
0.662464
0.662464
0.662871
0.663278
0.667751
0.664091
0.657584
0.653924
0.660431
0.662871
0.663278
0.664904
0.663278
0.667344
0.664498
0.663684
0.653924
0.659618
0.665718
0.666531
0.669378
0.666531
0.667751
0.666938
0.663278
0.654331
0.651891
0.653924
0.660024
0.666531
0.663684
0.668158
0.664498
0.663684
0.667751
0.664091
0.663684
0.662058
0.665718
0.665718
0.668158
0.667751
0.665311
0.666124
0.664498
0.659618
0.658804
0.658398
0.663684
0.666124
0.665311
0.670191
0.668158
0.661651
0.659211
0.660024
0.659211
0.666531
0.665311
0.666938
0.667751
0.669784
0.671818
0.665311
0.658804
0.658804
0.661651
0.667751
0.668158
0.667344
0.666531
0.666531
0.668971
0.658804
0.656364
0.660431
0.664091
0.663684
0.663278
0.663278
0.667344
0.668564
0.655958
0.655551
0.655551
0.654331
0.659211
0.667344
0.665718
0.665311
0.664498
0.662871
0.659618
0.657991
0.655144
0.662058
0.666531
0.665311
0.665718
0.667344
0.666938
0.663278
0.664498
0.662058
0.654331
0.667751
0.665718
0.668971
0.664904
0.664498
0.665718
0.667344
0.662464
0.658804
0.658398
0.657991
0.665311
0.668564
0.668564
0.671411
0.667344
0.667344
0.666938
0.664904
0.660431
0.668158
0.668158
0.669378
0.666531
0.669784
0.666531
0.663278
0.663278
0.659618
0.661244
0.664904
0.667751
0.662464
0.662058
0.666124
0.663278
0.657991
0.652704
0.659211
0.662058
0.663684
0.663278
0.663278
0.665718
0.662871
0.660024
0.655958
0.656771
0.660838
0.665311
0.665718
0.665718
0.665311
0.665718
0.661244
0.657178
0.657584
0.657178
0.665311
0.662871
0.664498
0.660024
0.664904
0.663278
0.662871
0.658398
0.655958
0.662058
0.664091
0.664904
0.668564
0.668564
0.666124
0.665311
0.661244
0.649858
0.649858
0.651484
0.659618
0.666531
0.667344
0.668158
0.668564
0.667344
0.657584
0.651891
0.652298
0.655551
0.661244
0.671818
0.664498
0.660838
0.665311
0.666124
0.661651
0.652298
0.655958
