0.519723
0.531924
0.543717
0.548190
0.555510
0.560390
0.566084
0.568930
0.568930
0.572184
0.572997
0.575844
0.576251
0.577064
0.576251
0.577471
0.578284
0.581944
0.582351
0.583977
0.584791
0.584384
0.583977
0.585604
0.586011
0.585604
0.586417
0.585604
0.585604
0.586417
0.587231
0.586011
0.585197
0.586011
0.586824
0.586417
0.586824
0.586011
0.587231
0.587637
0.587231
0.587231
0.588451
0.588857
0.586824
0.587231
0.585604
0.583977
0.584791
0.585197
0.583571
0.583571
0.583977
0.584791
0.584791
0.582757
0.583164
0.583164
0.581944
0.582757
0.584384
0.587637
0.587637
0.591704
0.591704
0.594957
0.596177
0.591297
0.592517
0.593737
0.594551
0.593737
0.594957
0.594957
0.595364
0.595364
0.595771
0.596177
0.596177
0.595771
0.595771
0.596584
0.597397
0.597804
0.597397
0.598617
0.597804
0.596584
0.596991
0.596177
0.595771
0.598211
0.599024
0.597397
0.599024
0.599431
0.597397
0.599024
0.600651
0.600651
0.602684
0.604311
0.603904
0.605124
0.604717
0.603497
0.604311
0.603497
0.603091
0.602684
0.603497
0.603091
0.605531
0.607157
0.608377
0.610004
0.609597
0.610411
0.610411
0.612851
0.612444
0.613664
0.612444
0.614477
0.614071
0.615291
0.616917
0.616511
0.616917
0.616511
0.616511
0.614477
0.617324
0.619357
0.621797
0.622204
0.621391
0.619357
0.618951
0.619357
0.618544
0.619764
0.621391
0.623017
0.624644
0.623424
0.623017
0.621797
0.623017
0.623017
0.623017
0.623831
0.622204
0.622204
0.621797
0.623017
0.622611
0.621391
0.622204
0.621391
0.623017
0.625458
0.624237
0.621391
0.622204
0.620171
0.618544
0.617324
0.620984
0.625458
0.628711
0.632371
0.628304
0.629524
0.630338
0.631964
0.629118
0.622204
0.623017
0.627491
0.635624
0.631964
0.633591
0.630338
0.629524
0.630744
0.629931
0.631151
0.633998
0.636438
0.633998
0.632371
0.631151
0.633591
0.635218
0.635218
0.637251
0.635624
0.635624
0.631558
0.630744
0.636844
0.640911
0.641724
0.641318
0.640504
0.634811
0.638878
0.639284
0.641318
0.642538
0.643351
0.644571
0.643351
0.643351
0.637658
0.644571
0.643758
0.644164
0.644978
0.645384
0.644571
0.644978
0.646198
0.644571
0.646604
0.642538
0.642944
0.647011
0.645384
0.644571
0.642944
0.641724
0.641724
0.642131
0.642538
0.646604
0.643351
0.647418
0.644571
0.642944
0.642944
0.644571
0.647011
0.646198
0.644164
0.644164
0.642538
0.642538
0.643758
0.644164
0.648231
0.643758
0.647011
0.640098
0.641318
0.640911
0.642944
0.643758
0.643758
0.646198
0.647011
0.648231
0.643758
0.643351
0.643758
0.644571
0.643351
0.644571
0.644164
0.643351
0.642538
0.644571
0.642538
0.640911
0.640504
0.640098
0.639691
0.640504
0.639284
0.640098
0.640098
0.641318
0.640911
0.642538
0.641724
0.642538
0.643758
0.644164
0.642538
0.640504
0.639284
0.642538
0.640911
0.642538
0.645791
0.646604
0.645384
0.642538
0.639691
0.640098
0.640098
0.641318
0.642131
0.641318
0.642538
0.642538
0.642131
0.640098
0.640098
0.640098
0.639691
0.639691
0.639284
0.639284
0.640911
0.644571
0.639284
0.638878
0.641318
0.642538
0.641724
0.642944
0.643351
0.641724
0.644978
0.642538
0.642131
0.644164
0.644571
0.644978
0.642131
0.641318
0.644571
0.647011
0.647011
0.646198
0.644978
0.645384
0.645384
0.645791
0.644164
0.645791
0.645384
0.646604
0.648638
0.642944
0.644164
0.646198
0.644164
0.644978
0.641724
0.645384
0.649044
0.648638
0.644164
0.642131
0.644571
0.645791
0.643758
0.643351
0.644164
0.643758
0.644978
0.645384
0.643758
0.645791
0.648231
0.645791
0.647418
0.645791
0.645384
0.648638
0.647824
0.647824
0.646604
0.643758
0.643351
0.642131
0.641318
0.642538
0.646198
0.648638
0.646604
0.646604
0.647011
0.644571
0.640911
0.643351
0.643758
0.644164
0.644978
0.642944
0.642131
0.647824
0.645384
0.644164
0.644978
0.642538
0.643758
0.645791
0.646198
0.645791
0.644978
0.645791
0.646604
0.646198
0.642131
0.641318
0.643758
0.644978
0.646604
0.649451
0.647824
0.647418
0.646198
0.646198
0.645384
0.641724
0.644571
0.648231
0.645384
0.647824
0.647824
0.648231
0.647824
0.647418
0.647824
0.644571
0.640504
0.644164
0.648231
0.646198
0.645791
0.648638
0.644571
0.645384
0.646198
0.644164
0.642944
0.646198
0.644164
0.643351
0.644571
0.642944
0.644571
0.644978
0.644571
0.644164
0.644571
0.642944
0.644164
0.644571
0.642944
0.642944
0.642538
0.643758
0.645384
0.645384
0.641318
0.644978
0.644164
0.645384
0.644571
0.644164
0.643351
0.640911
0.640911
0.640911
0.643351
0.644571
0.642944
0.644164
0.643351
0.642944
0.644164
0.641318
0.642538
0.640911
0.645791
0.646198
0.642538
0.642944
0.641724
0.641318
0.642538
0.644571
0.645791
0.642131
0.642944
0.646198
0.644978
0.645384
0.642131
0.640911
0.643758
0.639284
0.643351
0.642944
0.643351
0.642944
0.644164
0.644571
0.642538
0.639691
0.642944
0.639284
0.643758
0.638878
0.642944
0.642944
0.641724
0.642538
0.644571
0.642944
0.642944
0.643758
0.644571
0.642131
0.639284
0.642944
0.642538
0.642131
0.639691
0.642131
0.640098
0.642538
0.642131
0.641318
0.643351
0.643351
0.642944
0.641724
0.640911
0.642944
0.643351
0.642131
0.641724
0.643351
0.643351
0.640504
0.642131
0.642944
0.644164
0.644164
0.642538
0.642131
0.641724
0.642538
0.642131
0.642944
0.643351
0.644164
0.644978
0.644164
0.646198
0.641724
0.643351
0.644164
0.643351
0.642131
0.641724
0.643758
0.643758
0.642131
0.644571
0.644978
0.642538
0.642944
0.642944
0.641318
0.641318
0.642944
0.642538
0.647011
0.643351
0.644571
0.647418
0.646198
0.645384
0.644978
0.645791
0.646604
0.645791
0.644164
0.644164
0.644978
0.645384
0.644571
0.645384
0.646198
0.641724
0.646198
0.643351
0.643351
0.644978
0.646198
0.645791
0.644571
0.645791
0.644978
0.647011
0.647824
0.648231
0.646198
0.644978
0.646198
0.647824
0.648231
0.647418
0.645384
0.645791
0.647824
0.651078
0.651484
0.648231
0.648638
0.648231
0.647418
0.646604
0.646198
0.644571
0.645384
0.647418
0.645384
0.644978
0.645791
0.646604
0.645384
0.644978
0.645791
0.647824
0.648638
0.650671
0.651078
0.651078
0.649451
0.651484
0.651891
0.652704
0.651484
0.648638
0.649451
0.650671
0.649044
0.648638
0.647824
0.648231
0.647011
0.645384
0.648231
0.646604
0.649451
0.649044
0.645384
0.646198
0.645791
0.647011
0.645791
0.647011
0.647824
0.649858
0.649044
0.647418
0.647418
0.644164
0.647011
0.647824
0.646198
0.647418
0.649044
0.648638
0.647824
0.649044
0.649044
0.650671
0.649044
0.650264
0.647824
0.650264
0.650671
0.649858
0.651484
0.647824
0.647824
0.646604
0.647824
0.650671
0.649451
0.648231
0.647824
0.648638
0.649858
0.649858
0.647418
0.648231
0.649858
0.651484
0.649858
0.649044
0.653111
0.650264
0.650264
0.647011
0.648231
0.651891
0.649858
0.649858
0.649858
0.648231
0.651078
0.651891
0.652298
0.647011
0.647418
0.649451
0.649858
0.650264
0.654738
0.653111
0.652298
0.649044
0.646604
0.646198
0.645384
0.650264
0.652704
0.648231
0.648638
0.649451
0.651484
0.649044
0.645384
0.644978
0.653518
0.652298
0.651891
0.652704
0.653924
0.653518
0.650671
0.652704
0.652298
0.651484
0.652704
0.651078
0.650671
0.652298
0.650264
0.650264
0.650264
0.642538
0.647011
0.643351
0.650671
0.650671
0.644571
0.648638
0.650671
0.649858
0.649858
0.649451
0.650264
0.650671
0.650671
0.653111
0.651891
0.653111
0.651078
0.650671
0.651484
0.644978
0.646198
0.645791
0.651078
0.651484
0.649858
0.651484
0.652298
0.650671
0.651078
0.647011
0.651484
0.652704
0.654738
0.654331
0.653518
0.653111
0.652704
0.652704
0.650264
0.651484
0.650671
0.651891
0.649858
0.651078
0.650264
0.650264
0.649858
0.652298
0.646604
0.644571
0.646198
0.652298
0.649044
0.651484
0.654331
0.653518
0.651891
0.649044
0.650671
0.647418
0.650264
0.653111
0.651484
0.649858
0.650671
0.651484
0.651484
0.653111
0.651078
0.646604
0.647418
0.653111
0.652704
0.653518
0.653924
0.652298
0.651484
0.651078
0.648638
0.646604
0.650671
0.654738
0.651891
0.653111
0.652704
0.654331
0.647824
0.649451
0.649858
0.654331
0.651078
0.645791
0.646604
0.652704
0.653518
0.649858
0.646604
0.649044
0.651078
0.654331
0.653518
0.651484
0.654331
0.655958
0.656771
0.650671
0.649858
0.650264
0.653111
0.656771
0.652298
0.651484
0.651078
0.653924
0.655144
0.653924
0.651891
0.650264
0.652704
0.652704
0.653111
0.651891
0.653924
0.652298
0.653924
0.650264
0.651078
0.653518
0.652298
0.653924
0.653924
0.653924
0.653111
0.654331
0.648231
0.649858
0.648231
0.652298
0.651078
0.651484
0.653518
0.654738
0.651484
0.651891
0.653924
0.654738
0.651891
0.652298
0.655958
0.652704
0.651078
0.651484
0.651484
0.655144
0.650671
0.649451
0.648638
0.651078
0.653111
0.649858
0.650671
0.650671
0.650264
0.651078
0.650671
0.651891
0.653924
0.650671
0.654331
0.653518
0.653518
0.651484
0.653518
0.651078
0.649858
0.654738
0.651891
0.648638
0.646198
0.646604
0.651484
0.651891
0.653111
0.650671
0.650264
0.651484
0.653924
0.654738
0.651078
0.653111
0.655144
0.655144
0.650264
0.649858
0.650264
0.652298
0.653924
0.648231
0.647824
0.650264
0.655958
0.655144
0.648231
0.648231
0.651891
0.651891
0.655551
0.655144
0.655551
0.653924
0.652704
0.650671
0.651078
0.650264
0.649858
0.649451
0.655958
0.655144
0.654331
0.654331
0.653518
0.652298
0.651891
0.655144
0.653111
0.653924
0.657178
0.654738
0.652704
0.651484
0.649858
0.651484
0.649858
0.650264
0.651484
0.656771
0.655958
0.656771
0.651484
0.651891
0.649451
0.650264
0.651484
0.652704
0.653111
0.655144
0.654331
0.653924
0.652298
0.650671
0.650264
0.649451
0.650671
0.649858
0.655958
0.656771
0.658398
0.651484
0.653518
0.652298
0.651891
0.651484
0.649451
0.651078
0.655958
0.655551
0.652704
0.649858
0.651484
0.649044
0.649451
0.651484
0.650264
0.648638
0.654331
0.652704
0.650671
0.651891
0.651078
0.652298
0.652298
0.650264
0.652704
0.652704
0.657178
0.656364
0.655551
0.653924
0.652298
0.651078
0.650671
0.649858
0.655551
0.651891
0.656771
0.656364
0.657991
0.651891
0.653111
0.650671
0.650264
0.651891
0.653924
0.652298
0.652704
0.651891
0.650264
0.651484
0.651891
0.653111
0.653924
0.648638
0.651078
0.653924
0.655144
0.655144
0.653924
0.653111
0.653111
0.653111
0.651891
0.657178
0.653518
0.657178
0.657584
0.653924
0.652704
0.653518
0.652704
0.649858
0.651484
0.649451
0.648231
0.653924
0.657178
0.651891
0.651484
0.651891
0.653518
0.656364
0.652704
0.656364
0.655551
0.653518
0.651484
0.653518
0.652704
0.653518
0.651484
0.651078
0.652298
0.648638
0.653111
0.656771
0.655551
0.654331
0.654331
0.652704
0.655144
0.653518
0.657178
0.658804
0.657178
0.656364
0.650671
0.652704
0.655144
0.652298
0.652704
0.653518
0.653518
0.654738
0.656364
0.658398
0.655958
0.653924
0.653924
0.652704
0.651078
0.653518
0.655144
0.654738
0.656771
0.655551
0.655958
0.653518
0.652704
0.652704
0.652704
0.652704
0.657178
0.657178
0.651891
0.657991
0.658398
0.652704
0.649858
0.650264
0.653518
0.652704
0.653518
0.653111
0.652704
0.652298
0.652298
0.652704
0.652704
0.653518
0.653111
0.655551
0.653924
0.655958
0.656364
0.654331
0.651891
0.651484
0.658398
0.653518
0.655144
0.655958
0.655551
0.655551
0.654738
0.652298
0.654331
0.656364
0.654738
0.654738
0.656771
0.654738
0.653111
0.655144
0.658398
0.657584
0.658398
0.659211
0.653518
0.655958
0.656771
0.655551
0.655551
0.656771
0.652704
0.650264
0.653924
0.653518
0.650264
0.652298
0.651891
0.653924
0.653518
0.655144
0.656771
0.656364
0.655958
0.657178
0.655958
0.657991
0.657178
0.655144
0.655551
0.656364
0.653924
0.655551
0.652704
0.654331
0.658398
0.658398
0.659211
0.659618
0.658804
0.656771
0.653924
0.653518
0.652298
0.654738
0.656364
0.656771
0.656771
0.656364
0.654331
0.653924
0.654331
0.653518
0.654738
0.653924
0.654738
0.655958
0.655958
0.657991
0.655958
0.654738
0.657178
0.657584
0.654738
0.654738
0.654738
0.655551
0.655144
0.654738
0.656771
0.656364
0.654738
0.656364
0.654738
0.656771
0.656771
0.657178
0.659211
0.656364
0.655958
0.655551
0.658804
0.658804
0.658398
0.658398
0.657584
0.655958
0.655958
0.653518
0.651891
0.653518
0.654738
0.657178
0.658398
0.657991
0.654331
0.656364
0.655144
0.654738
0.655551
0.657991
0.656771
0.656364
0.659211
0.659211
0.655551
0.658398
0.656364
0.655958
0.656771
0.656364
0.657991
0.655958
0.659618
0.658398
0.656364
0.658804
0.653924
0.654331
0.655551
0.655551
0.655958
0.657178
0.655551
0.655551
0.657178
0.654331
0.654331
0.655144
0.657178
0.657584
0.655958
0.657584
0.658398
0.658398
0.660838
0.655958
0.655958
0.660024
0.655144
0.657584
0.659211
0.657991
0.654331
0.656364
0.655958
0.654331
0.653924
0.655958
0.657178
0.659211
0.657584
0.660431
0.656364
0.660431
0.655144
0.653518
0.655144
0.656771
0.656364
0.659618
0.659618
0.657991
0.656771
0.655958
0.657178
0.655144
0.657178
0.656364
0.659618
0.656771
0.659211
0.659618
0.657584
0.657584
0.657178
0.656771
0.658804
0.660024
0.660431
0.658804
0.660024
0.660838
0.660024
0.655144
0.655958
0.653111
0.653111
0.654331
0.655958
0.655551
0.655958
0.656364
0.657991
0.654331
0.655551
0.660431
0.661651
0.658804
0.657991
0.661244
0.660838
0.655144
0.654331
0.656364
0.658398
0.655958
0.655144
0.658398
0.656771
0.655958
0.659618
0.655551
0.655958
0.657178
0.655958
0.660431
0.660431
0.661244
0.660024
0.657178
0.658804
0.660431
0.655958
0.655958
0.656364
0.655958
0.656364
0.655144
0.656364
0.658398
0.657584
0.654331
0.656364
0.657991
0.655958
0.661651
0.659211
0.660838
0.659618
0.660024
0.662058
0.660838
0.655551
0.656364
0.658804
0.661651
0.660024
0.659211
0.659211
0.657991
0.659618
0.653518
0.653924
0.653111
0.653924
0.653111
0.653518
0.657991
0.658398
0.657178
0.657584
0.658398
0.655958
0.656771
0.657991
0.658804
0.655958
0.657178
0.657991
0.658398
0.656771
0.653518
0.653111
0.651891
0.653111
0.654738
0.657584
0.655958
0.657178
0.657178
0.656771
0.655958
0.654331
0.655958
0.655144
0.658804
0.658398
0.656364
0.659211
0.659618
0.655958
0.655551
0.654738
0.653924
0.654738
0.654738
0.655144
0.654738
0.654738
0.655144
0.655144
0.655958
0.657991
0.659618
0.662464
0.659211
0.659211
0.660431
0.661651
0.660838
0.660431
0.662058
0.661244
0.660838
0.659211
0.662464
0.662058
0.657584
0.657991
0.656364
0.658398
0.657991
0.653924
0.655958
0.657991
0.658398
0.660838
0.661651
0.657991
0.657178
0.656771
0.664091
0.660431
0.663278
0.659618
0.660838
0.657584
0.657991
0.657991
0.659618
0.659618
0.661651
0.658804
0.662058
0.663278
0.656364
0.653518
0.657178
0.657991
0.656364
0.653518
0.655144
0.655551
0.655958
0.657178
0.659211
0.655551
0.656364
0.657178
0.659618
0.658804
0.657991
0.657178
0.658398
0.661244
0.660838
0.659211
0.657991
0.660024
0.662871
0.657991
0.657991
0.658804
0.657991
0.660024
0.655144
0.656364
0.654738
0.656771
0.657991
0.656771
0.657178
0.656364
0.657178
0.663278
0.659618
0.657178
0.659211
0.660838
0.660024
0.658398
0.657991
0.659618
0.661651
0.658398
0.653924
0.655144
0.658398
0.657584
0.656771
0.658398
0.658804
0.658398
0.657991
0.656771
0.654331
0.657178
0.658398
0.657584
0.658398
0.657584
0.659211
0.660838
0.657178
0.658804
0.658398
0.659618
0.658398
0.659618
0.659618
0.658804
0.660431
0.660024
0.657991
0.658804
0.659211
0.660431
0.659618
0.660838
0.660431
0.661651
0.661651
0.662464
0.659618
0.658398
0.660024
0.662464
0.659211
0.659211
0.659211
0.658398
0.662871
0.661651
0.658804
0.658804
0.661651
0.663684
0.660024
0.658804
0.661244
0.662058
0.658804
0.656364
0.657584
0.657584
0.659211
0.655551
0.655551
0.658398
0.660431
0.660431
0.658398
0.657584
0.657991
0.660024
0.659618
0.660431
0.659211
0.658804
0.659618
0.660024
0.659211
0.657584
0.655144
0.657178
0.657178
0.656364
0.658804
0.658804
0.662058
0.658804
0.661651
0.662058
0.662871
0.662464
0.663684
0.663278
0.661651
0.664498
0.662464
0.659618
0.658398
0.657178
0.657991
0.659211
0.657991
0.658804
0.659211
0.659618
0.659618
0.655551
0.656771
0.658398
0.662058
0.660431
0.661651
0.660838
0.660024
0.661244
0.660431
0.657991
0.657991
0.659618
0.657178
0.655958
0.659618
0.661651
0.660024
0.665311
0.658804
0.661244
0.662464
0.660431
0.658398
0.660024
0.659618
0.661244
0.663684
0.659618
0.658804
0.654738
0.655551
0.653111
0.653518
0.656771
0.656771
0.657584
0.662058
0.660024
0.660838
0.657584
0.663278
0.658804
0.660024
0.659618
0.659618
0.661244
0.663278
0.662058
0.660431
0.659618
0.657991
0.656771
0.657584
0.658398
0.660431
0.663684
0.661244
0.659618
0.658804
0.662464
0.656364
0.655958
0.656771
0.656364
0.657178
0.657178
0.662058
0.660838
0.660838
0.660431
0.664091
0.660431
0.660431
0.658804
0.660024
0.660024
0.664091
0.662058
0.660838
0.660024
0.661244
0.662464
0.662464
0.662464
0.663278
0.660024
0.660838
0.660024
0.659211
0.660431
0.661651
0.662058
0.662464
0.663278
0.661651
0.660838
0.661244
0.661651
0.659211
0.662058
0.660838
0.662058
0.660838
0.660838
0.660838
0.662871
0.660431
0.660838
0.662058
0.660838
0.659618
0.661244
0.659211
0.659618
0.659618
0.660431
0.658804
0.660838
0.660838
0.661244
0.661244
0.661651
0.661651
0.662871
0.662464
0.660838
0.662871
0.661244
0.661244
0.659211
0.662058
0.662058
0.662464
0.657991
0.657584
0.658804
0.659211
0.658804
0.655958
0.657584
0.659618
0.660431
0.662464
0.660431
0.661651
0.660024
0.664091
0.661651
0.661244
0.660024
0.659211
0.659618
0.661244
0.658398
0.656364
0.655551
0.655958
0.659618
0.661244
0.661244
0.660024
0.659211
0.661651
0.663684
0.660431
0.660838
0.660838
0.661244
0.662058
0.661244
0.663278
0.659211
0.657584
0.655958
0.652704
0.653924
0.656771
0.660024
0.659618
0.661244
0.662058
0.662058
0.662464
0.661651
0.661244
0.662871
0.663684
0.657991
0.658398
0.658398
0.661244
0.662464
0.657178
0.653924
0.653518
0.654738
0.656364
0.657991
0.659618
0.659211
0.661244
0.660838
0.657991
0.661244
0.664091
0.662058
0.660431
0.660024
0.661651
0.662464
0.661651
0.661651
0.661651
0.661244
0.661651
0.661651
0.662058
0.662871
0.662871
0.662464
0.663684
0.661651
0.660431
0.662058
0.662464
0.663278
0.662058
0.661651
0.662058
0.663684
0.663278
0.661651
0.662464
0.662464
0.662871
0.661244
0.662464
0.660838
0.661651
0.659618
0.659618
0.656364
0.655551
0.658398
0.661651
0.661651
0.662058
0.660431
0.661244
0.661651
0.661244
0.660838
0.660024
0.663278
0.664498
0.662871
0.662058
0.663684
0.662464
0.662871
0.662871
0.662058
0.661651
0.663684
0.658804
0.660431
0.657584
0.657178
0.658804
0.660431
0.662058
0.664498
0.660838
0.659211
0.662871
0.662464
0.662871
0.660838
0.662464
0.661244
0.660024
0.661244
0.660431
0.661651
0.659618
0.659618
0.655958
0.656771
0.660024
0.660431
0.660838
0.659618
0.659211
0.661244
0.662464
0.663278
0.662058
0.660024
0.658804
0.659618
0.656771
0.659618
0.659211
0.661651
0.661244
0.661244
0.660838
0.662058
0.660431
0.662464
0.661244
0.661244
0.662058
0.662464
0.662871
0.659211
0.659618
0.658804
0.657584
0.658398
0.660431
0.659618
0.657991
0.660838
0.660024
0.658804
0.659211
0.658398
0.662464
0.661244
0.661244
0.660838
0.660431
0.660838
0.660431
0.660431
0.657991
0.657178
0.661651
0.662058
0.660838
0.660024
0.660431
0.662058
0.659618
0.662058
0.658398
0.659618
0.660838
0.659618
0.663278
0.661244
0.662464
0.659618
0.659211
0.655958
0.654331
0.655958
0.659618
0.661244
0.661651
0.660838
0.660431
0.659211
0.659211
0.659618
0.659211
0.661244
0.660838
0.659211
0.660024
0.661244
0.661244
0.659618
0.662871
0.660431
0.658804
0.660024
0.661651
0.661651
0.660024
0.659618
0.662464
0.660431
0.662871
0.662058
0.662871
0.663278
0.661244
0.662058
0.661651
0.661244
0.661244
0.663278
0.660431
0.660838
0.659211
0.660838
0.660838
0.663278
0.663684
0.662058
0.662871
0.663278
0.661651
0.660431
0.663278
0.661244
0.660431
0.662058
0.662871
0.662058
0.662464
0.663278
0.663684
0.663278
0.664091
0.659618
0.662058
0.664091
0.662058
0.661651
0.661244
0.660838
0.659618
0.657584
0.657178
0.661244
0.659211
0.660024
0.661244
0.662871
0.663278
0.659211
0.657584
0.662871
0.662871
0.660838
0.662464
0.662464
0.660431
0.661244
0.662871
0.661651
0.662058
0.664091
0.662464
0.663684
0.660431
0.661651
0.663278
0.663278
0.662058
0.661244
0.660431
0.660431
0.661651
0.660024
0.660431
0.666124
0.662058
0.664498
0.663684
0.660024
0.665311
0.662464
0.663278
0.664498
0.661244
0.662058
0.664091
0.660431
0.659211
0.659618
0.659618
0.662058
0.663684
0.661651
0.663278
0.663684
0.660838
0.662464
0.659618
0.660838
0.663684
0.663684
0.663278
0.662464
0.662464
0.660838
0.662871
0.662058
0.662871
0.661244
0.661244
0.661244
0.660838
0.661244
0.660431
0.661651
0.661244
0.659618
0.660024
0.660431
0.660431
0.659618
0.661651
0.659618
0.659618
0.660024
0.662464
0.657991
0.658804
0.658804
0.660431
0.660431
0.657991
0.660838
0.660431
0.660838
0.657991
0.661651
0.659618
0.660838
0.659618
0.659211
0.662058
0.663684
0.660431
0.663278
0.660431
0.661244
0.659211
0.659211
0.660431
0.661651
0.657584
0.658804
0.658398
0.660431
0.660024
0.662058
0.661244
0.660431
0.660838
0.662871
0.663684
0.663278
0.662871
0.661651
0.660838
0.659211
0.662871
0.662464
0.661244
0.660024
0.660431
0.657991
0.659618
0.660024
0.660024
0.662058
0.661651
0.661244
0.662871
0.660838
0.662464
0.662871
0.660838
0.661651
0.659211
0.661651
0.663684
0.660431
0.660838
0.662871
0.661244
0.660838
0.658804
0.658804
0.660024
0.660431
0.662464
0.664091
0.662464
0.661651
0.662058
0.661244
0.658804
0.657178
0.659211
0.661244
0.658398
0.660024
0.660838
0.658804
0.657178
0.659618
0.660838
0.660838
0.663278
0.662058
0.660431
0.659618
0.663278
0.661244
0.659211
0.657178
0.657991
0.659618
0.659211
0.657991
0.657178
0.658804
0.661651
0.658398
0.658398
0.657178
0.660431
0.659618
0.664498
0.665311
0.662058
0.663278
0.661244
0.658398
0.657584
0.657178
0.660838
0.663278
0.662058
0.662464
0.661244
0.662058
0.661651
0.660838
0.661651
0.660431
0.663278
0.663684
0.662058
0.662464
0.663278
0.662464
0.660838
0.660024
0.660431
0.660838
0.661651
0.663278
0.662871
0.662058
0.662464
0.662058
0.662464
0.661651
0.662871
0.661244
0.660431
0.662058
0.662464
0.662464
0.664091
0.661244
0.662464
0.657584
0.660431
0.662058
0.663278
0.661244
0.662871
0.664091
0.662058
0.660024
0.659618
0.660838
0.662871
0.662871
0.662871
0.663684
0.662871
0.662464
0.662871
0.662871
0.663684
0.664498
0.663278
0.665718
0.664091
0.664091
0.665311
0.664091
0.664904
0.661244
0.661244
0.662058
0.664091
0.665311
0.664904
0.664091
0.662058
0.660838
0.657991
0.657584
0.661651
0.664091
0.666531
0.664904
0.664904
0.664904
0.662058
0.660024
0.660431
0.661651
0.662464
0.662464
0.661651
0.662464
0.660431
0.662464
0.664498
0.664498
0.661244
0.663684
0.664498
0.664904
0.665311
0.665311
0.662058
0.662058
0.660838
0.657991
0.657991
0.659618
0.661244
0.662871
0.662464
0.664904
0.664498
0.663684
0.662058
0.661651
0.662058
0.663684
0.664904
0.664904
0.662871
0.663278
0.664498
0.664904
0.664498
0.661651
0.660431
0.664498
0.665718
0.665311
0.665311
0.665718
0.662871
0.662464
0.659618
0.657178
0.660024
0.662871
0.662871
0.662871
0.662464
0.662871
0.662058
0.661651
0.660024
0.662871
0.662464
0.665311
0.665718
0.664498
0.666124
0.666124
0.666938
0.663278
0.662871
0.664498
0.665718
0.661651
0.661244
0.660838
0.659211
0.662058
0.659618
0.664498
0.663278
0.664498
0.663684
0.662871
0.664904
0.665311
0.665311
0.663684
0.664091
0.661651
0.662871
0.662464
0.663278
0.664091
0.663684
0.664904
0.662058
0.660431
0.660431
0.662871
0.664904
0.664904
0.664904
0.663684
0.664091
0.663278
0.662058
0.662464
0.663684
0.663278
0.664904
0.664904
0.661651
0.664498
0.662464
0.663684
0.661244
0.661244
0.661244
0.663278
0.664904
0.663684
0.663278
0.664091
0.663278
0.664498
0.665311
0.664091
0.663278
0.663684
0.662464
0.663278
0.664498
0.662871
0.664091
0.661244
0.660024
0.659618
0.659211
0.663278
0.662871
0.664091
0.661651
0.663278
0.661244
0.660024
0.658804
0.660024
0.660431
0.663278
0.664498
0.662871
0.664091
0.661651
0.663278
0.666124
0.665718
0.662871
0.664498
0.662464
0.664904
0.666124
0.667344
0.666531
0.663684
0.666124
0.664091
0.663278
0.662464
0.660838
0.664498
0.663684
0.664498
0.663684
0.661244
0.662058
0.660431
0.660838
0.661651
0.665311
0.666124
0.663684
0.664091
0.661244
0.663684
0.660838
0.658804
0.660431
0.661651
0.662464
0.664498
0.663278
0.663684
0.664904
0.664091
0.663684
0.664498
0.664904
0.664904
0.666938
0.664904
0.665718
0.659618
0.660024
0.662464
0.663684
0.663684
0.663684
0.664091
0.663278
0.661651
0.664498
0.663684
0.663684
0.665718
0.667751
0.668158
0.667751
0.667751
0.664091
0.659618
0.660024
0.661244
0.660431
0.663278
0.662871
0.662464
0.664904
0.664498
0.662871
0.662058
0.663278
0.664091
0.662871
0.668971
0.665311
0.665718
0.664904
0.666124
0.666124
0.663278
0.662058
0.664091
0.660838
0.664091
0.663684
0.664091
0.662464
0.662871
0.663684
0.664498
0.664498
0.664091
0.663684
0.665718
0.665311
0.665311
0.666124
0.662871
0.664904
0.662871
0.663278
0.660838
0.663278
0.662058
0.662464
0.660431
0.660431
0.660024
0.661244
0.660024
0.660838
0.661651
0.661651
0.662464
0.664904
0.664091
0.664904
0.664091
0.665311
0.664091
0.663684
0.664904
0.663278
0.667751
0.666531
0.664498
0.664498
0.662871
0.662871
0.663684
0.660838
0.664498
0.665311
0.664904
0.664904
0.662464
0.663684
0.662871
0.663278
0.661244
0.663684
0.666124
0.666531
0.664904
0.664091
0.663684
0.664498
0.660024
0.661244
0.659211
0.660024
0.663278
0.664091
0.665718
0.663278
0.663278
0.664091
0.663278
0.663684
0.665311
0.665718
0.668158
0.668158
0.666938
0.663684
0.664091
0.664498
0.663278
0.664498
0.664091
0.664904
0.666531
0.669784
0.671411
0.666124
0.664498
0.663684
0.666124
0.663684
0.664091
0.664091
0.666938
0.666531
0.667751
0.666531
0.665718
0.664498
0.664904
0.666124
0.668158
0.668158
0.666938
0.668564
0.664091
0.666531
0.665311
0.664498
0.664498
0.666124
0.664498
0.665311
0.665311
0.664091
0.666531
0.665718
0.662871
0.665311
0.663278
0.666124
0.665311
0.668971
0.665718
0.666938
0.667344
0.664904
0.660431
0.656364
0.662464
0.665311
0.666531
0.668158
0.668564
0.668564
0.669378
0.664904
0.662058
0.664498
0.662058
0.666938
0.667344
0.663278
0.663684
0.667344
0.666531
0.663684
0.657584
0.663278
0.663278
0.666124
0.669378
0.666531
0.665718
0.666938
0.660838
0.663684
0.663278
0.664904
0.664498
0.664904
0.669378
0.668971
0.665311
0.667344
0.662871
0.663684
0.666531
0.666938
0.670191
0.670191
0.671004
0.671004
0.667751
0.664904
0.661244
0.660838
0.665718
0.666531
0.665311
0.666531
0.667344
0.665311
0.664498
0.661651
0.661244
0.660838
0.663278
0.666124
0.666531
0.669378
0.666938
0.664091
0.666938
0.666938
0.666938
0.666938
0.666938
0.668158
0.666938
0.666531
0.666124
0.660838
0.665311
0.666531
0.665718
0.665311
0.665718
0.666938
0.666938
0.666938
0.666124
0.663684
0.661244
0.662871
0.664498
0.666531
0.666124
0.666124
0.668158
0.669784
0.668971
0.666124
0.664498
0.663278
0.666124
0.666531
0.668971
0.667344
0.670598
0.667344
0.665311
0.662058
0.660024
0.659618
0.660431
0.662058
0.664498
0.666124
0.666124
0.666531
0.664091
0.662464
0.662058
0.664904
0.666124
0.668971
0.668564
0.667344
0.667344
0.661651
0.660838
0.661244
0.660838
0.661651
0.665311
0.666531
0.666531
0.666938
0.668158
0.662871
0.662464
0.660024
0.660024
0.660024
0.662871
0.664091
0.665311
0.663684
0.666938
0.666124
0.662871
0.656771
0.659618
0.664904
0.667751
0.667751
0.664904
0.665718
0.666124
0.661651
0.661651
0.660838
0.662871
0.666938
0.665311
0.667751
0.667751
0.664498
0.664904
0.664498
0.662058
0.664904
0.666531
0.666531
0.669378
0.670598
0.670191
0.668158
0.666531
0.662871
0.661244
0.661651
0.667751
0.669378
0.668971
0.668971
0.668971
0.667751
0.665311
0.665718
0.665718
0.664904
0.664498
0.664904
0.666938
0.668971
0.667344
0.664091
0.662464
0.662871
0.662464
0.661244
0.664091
0.668158
0.668971
0.668971
0.670191
0.666531
0.662464
0.657178
0.659211
0.663278
0.668564
0.668564
0.666938
0.667344
0.668564
0.662058
0.661651
0.660431
0.662871
0.664091
0.669784
0.671411
0.670191
0.671004
0.669784
0.666124
0.661244
0.663278
0.664904
0.667751
0.669378
0.668158
0.669378
0.668971
0.664498
0.662464
0.660024
0.658398
0.664904
0.666124
0.665718
0.664498
0.664498
0.667344
0.667751
0.662464
0.660431
0.661651
0.665311
0.666531
0.668158
0.666531
0.667751
0.669378
0.664498
0.660838
0.661651
0.663278
0.665311
0.667344
0.668158
0.668564
0.666531
0.666531
0.660024
0.660024
0.660431
0.663278
0.666938
0.666531
0.668971
0.666938
0.666938
0.662058
0.659618
0.662871
0.664091
0.662058
0.666124
0.664904
0.667751
0.666938
0.660024
0.657584
0.659618
0.666938
0.667751
0.666531
0.662871
0.665718
0.667751
0.667344
0.661651
0.656771
0.658804
0.664091
0.667751
0.665718
0.663684
0.666531
0.667344
0.665311
0.661244
0.657584
0.659211
0.664904
0.668564
0.662464
0.663684
0.668564
0.663684
0.658398
0.657584
0.660838
0.659618
0.662464
0.665718
0.666531
0.666938
0.665718
0.662058
0.660838
0.658398
0.660431
0.666531
0.665718
0.664091
0.663684
0.665718
0.665718
0.661244
0.658804
0.658398
0.661651
0.663684
0.664498
0.660431
0.661244
0.665718
0.664091
0.659618
0.660431
0.660431
0.661244
0.663684
0.664498
0.666124
0.666938
0.666124
0.668971
0.670598
0.668564
0.662058
0.661651
0.665718
0.666938
0.666938
0.666938
0.665311
0.665311
0.666938
0.664091
0.661651
0.661651
0.662058
0.665311
0.667751
0.665311
0.666124
0.666938
0.665311
0.661244
0.660838
0.660838
0.659618
0.662058
0.667344
0.665311
0.666531
0.665311
0.664498
0.660024
0.660838
0.662058
0.668564
0.668971
0.666531
0.665718
0.664904
0.660838
0.660024
0.661244
0.663684
0.664904
0.664904
0.666124
0.664498
0.666124
0.665311
0.664091
0.662871
0.662464
0.662871
0.666124
0.667751
0.668158
0.667751
0.668158
0.668564
0.668564
0.668158
0.660838
0.662464
0.666124
0.667751
0.668158
0.668564
0.667344
0.664498
0.664091
0.664904
0.665311
0.665718
0.668971
0.669378
0.669378
0.667344
0.667751
0.667344
0.668564
0.666938
0.667344
0.668158
0.667344
0.663684
0.665311
0.666938
0.668158
0.670191
0.670598
0.668158
0.669378
0.669784
0.667751
0.666124
0.663278
0.662464
0.669784
0.668564
0.668158
0.670598
0.670598
0.670191
0.668158
0.669378
0.667751
0.665311
0.666124
0.666938
0.668564
0.667751
0.668971
0.668971
0.666531
0.666124
0.665718
0.665718
0.667344
0.669784
0.669378
0.670598
0.668564
0.667751
0.668158
0.666531
0.665311
0.664091
0.661651
0.661651
0.662464
0.667751
0.667344
0.667344
0.667344
0.667344
0.664904
0.666531
0.668971
0.668564
0.666938
0.668158
0.667344
0.665718
0.666938
0.666124
0.665311
0.663278
0.663278
0.664498
0.668971
0.670191
0.666124
0.666938
0.670191
0.670598
0.667344
0.665718
0.660838
0.668158
0.668158
0.664091
0.664091
0.665311
0.664904
0.661244
0.661244
0.664091
0.666124
0.667751
0.667751
0.668158
0.667751
0.667751
0.664091
0.663278
0.664904
0.664498
0.667751
0.670598
0.669378
0.670598
0.668564
0.668971
0.665718
0.667751
0.671004
0.670598
0.671411
0.669784
0.669378
0.670191
0.669784
0.665311
0.660431
0.664498
0.669784
0.668971
0.665718
0.665311
0.668158
0.668564
0.667751
0.666531
0.665718
0.666938
0.670191
0.671004
0.669784
0.669784
0.670598
0.668158
0.666938
0.660838
0.661651
0.663278
0.663684
0.666531
0.666531
0.668564
0.669378
0.668971
0.667344
0.661651
0.662058
0.662058
0.664498
0.671411
0.670191
0.666124
0.663278
0.662058
0.663278
0.665311
0.666531
0.667751
0.669378
0.670191
0.671818
0.670598
0.670598
0.667751
0.668564
0.668971
0.668158
0.665311
0.668971
0.668971
0.667751
0.666938
0.665718
0.661651
0.662464
0.661651
0.665311
0.669378
0.668158
0.668971
0.668971
0.668971
0.662058
0.658804
0.659211
0.662871
0.666938
0.671004
0.667344
0.671004
0.668158
0.663278
0.662464
0.660024
0.664091
0.666938
0.668158
0.665718
0.666938
0.666531
0.668971
0.665718
0.662871
0.662871
0.668564
0.668158
0.667344
0.670191
0.668971
0.668971
0.667751
0.664091
0.662871
0.662464
0.666531
0.668564
0.671004
0.670191
0.671411
0.667751
0.662464
0.659618
0.659618
0.662058
0.662871
0.665311
0.668971
0.669784
0.669378
0.669784
0.662871
0.662464
0.662464
0.662464
0.668158
0.670598
0.667751
0.666531
0.666531
0.665718
0.662871
0.664091
0.662871
0.662871
0.664091
0.666124
0.666531
0.666938
0.668158
0.666124
0.663278
0.664498
0.662871
0.664904
0.668158
0.672224
0.671004
0.671411
0.669378
0.666531
0.662058
0.663684
0.662871
0.662058
0.664091
0.668971
0.669784
0.667751
0.669378
0.663684
0.663278
0.663278
0.665311
0.669378
0.668971
0.668971
0.670598
0.670598
0.664091
0.664498
0.664498
0.665718
0.667344
0.667344
0.668564
0.668564
0.667751
0.667344
0.666124
0.666938
0.664904
0.663684
0.664498
0.665311
0.667344
0.668564
0.669784
0.670191
0.666124
0.664498
0.664091
0.660431
0.666531
0.669378
0.669378
0.668158
0.669784
0.668564
0.664904
0.663278
0.661244
0.662464
0.668158
0.668158
0.667344
0.665718
0.664904
0.662871
0.664498
0.665311
0.663684
0.665311
0.668971
0.667344
0.668971
0.669378
0.665311
0.664498
0.664091
0.669784
0.669784
0.669378
0.671004
0.670191
0.669378
0.667751
0.664091
0.662871
0.662058
0.667751
0.670191
0.668971
0.668564
0.668971
0.666938
0.664904
0.664091
0.664498
0.665311
0.664904
0.667344
0.669784
0.670598
0.670598
0.670191
0.668564
0.666124
0.662464
0.664091
0.665311
0.668158
0.670598
0.669784
0.668971
0.664904
0.662464
0.662464
0.663684
0.663684
0.666124
0.667751
0.668158
0.667751
0.667344
0.664904
0.662464
0.662058
0.662464
0.665311
0.670191
0.670598
0.671004
0.671004
0.668158
0.663684
0.660431
0.661244
0.664904
0.666124
0.668971
0.668564
0.668971
0.669378
0.664904
0.661244
0.663684
0.663684
0.664091
0.666938
0.671411
0.669784
0.668564
0.668158
0.664498
0.664904
0.660431
0.660024
0.658804
0.661244
0.662464
0.666531
0.668158
0.667751
0.667344
0.666124
0.664904
0.664498
0.667344
0.668564
0.666938
0.666938
0.664091
0.659618
0.660431
0.661244
0.664091
0.663684
0.666938
0.668971
0.668971
0.670598
0.671004
0.668564
0.664091
0.663278
0.664904
0.668158
0.670598
0.668971
0.667751
0.664498
0.662464
0.659618
0.660431
0.660838
0.659211
0.660431
0.664091
0.665718
0.669378
0.671411
0.670191
0.665311
0.663684
0.668564
0.667751
0.667751
0.666124
0.668564
0.666938
0.663684
0.662464
0.662058
0.659618
0.661651
0.666531
0.666938
0.667344
0.666531
0.663684
0.662058
0.662058
0.660431
0.663684
0.665311
0.664498
0.667751
0.666938
0.666531
0.667751
0.666938
0.661244
0.662058
0.665718
0.664091
0.668971
0.667751
0.667344
0.666531
0.663684
0.663278
0.662464
0.664904
0.665311
0.668564
0.671818
0.669784
0.669378
0.669784
0.667751
0.662871
0.664091
0.665718
0.668158
0.668971
0.670598
0.670191
0.667344
0.663684
0.661651
0.661651
0.661651
0.666124
0.664904
0.667344
0.667344
0.666531
0.666938
0.668158
0.667344
0.666938
0.669784
0.669378
0.669784
0.669378
0.669378
0.668158
0.666531
0.666124
0.663684
0.664091
0.666938
0.666124
0.668158
0.668971
0.666124
0.666531
0.666938
0.668158
0.668564
0.670598
0.668564
0.668564
0.668158
0.665718
0.663684
0.664904
0.663278
0.664091
0.665718
0.666938
0.668158
0.668158
0.667344
0.667751
0.668158
0.669378
0.665718
0.664904
0.664498
0.668158
0.669784
0.668564
0.668564
0.664498
0.663684
0.663278
0.662464
0.664498
0.667344
0.667344
0.668564
0.666938
0.667751
0.670191
0.668971
0.664091
0.660838
0.662058
0.666124
0.664498
0.664498
0.664091
0.664904
0.664904
0.660431
0.660431
0.659211
0.663684
0.664904
0.668564
0.665718
0.667344
0.667751
0.665311
0.663278
0.661244
0.662464
0.666124
0.668971
0.668971
0.667751
0.670191
0.671004
0.668564
0.664091
0.661651
0.661651
0.665718
0.666124
0.666124
0.666124
0.665311
0.668564
0.664904
0.659618
0.661651
0.663278
0.666531
0.668564
0.668158
0.666124
0.665311
0.665311
0.662058
0.658804
0.658804
0.661244
0.662058
0.662871
0.662871
0.665718
0.667344
0.668564
0.664498
0.664498
0.666938
0.666124
0.669784
0.666531
0.665718
0.665311
0.663278
0.664091
0.662058
0.662058
0.664498
0.665311
0.666938
0.665718
0.667344
0.668971
0.665718
0.659618
0.660838
0.661651
0.666938
0.668564
0.660024
0.662058
0.662464
0.665311
0.663684
0.662464
0.664498
0.664091
0.664904
0.669784
0.669378
0.668158
0.668971
0.668564
0.667751
0.663278
0.663684
0.664091
0.663684
0.666531
0.662464
0.665311
0.664498
0.665718
0.664091
0.661651
0.660838
0.662871
0.663684
0.665718
0.663278
0.663684
0.663278
0.664904
0.662464
0.662464
0.661651
0.662058
0.663278
0.664091
0.661244
0.661244
0.666124
0.666124
0.663278
0.662464
0.663684
0.668564
0.667751
0.668158
0.668971
0.667344
0.666124
0.665718
0.664904
0.664498
0.664904
0.664904
0.663278
0.666124
0.662464
0.665311
0.664498
0.663684
0.662464
0.660838
0.661244
0.662464
0.665311
0.663684
0.662464
0.662058
0.665311
0.666938
0.666124
0.664091
0.665311
0.667344
0.666938
0.666124
0.664498
0.665718
0.665311
0.662871
0.662464
0.663684
0.664904
0.664498
0.662464
0.661651
0.666938
0.666938
0.661244
0.661244
0.661244
0.665311
0.664904
0.662871
0.662464
0.665311
0.667344
0.662464
0.663684
0.662464
0.662464
0.664498
0.667344
0.665311
0.664091
0.665311
0.663684
0.664904
0.663278
0.661244
0.656771
0.667751
0.664904
0.663278
0.663684
0.664904
0.663684
0.662058
0.661244
0.661651
0.661651
0.659618
0.664498
0.666531
0.664904
0.664091
0.666938
0.665311
0.665718
0.666938
0.665718
0.666938
0.670191
0.669784
0.665718
0.663684
0.662058
0.661651
0.664498
0.665311
0.665718
0.664904
0.665311
0.663684
