0.554290
0.554697
0.560390
0.573810
0.572184
0.573810
0.575437
0.574624
0.575844
0.577471
0.582351
0.583977
0.588451
0.588857
0.591704
0.588857
0.589671
0.591297
0.592924
0.591704
0.588451
0.579504
0.575031
0.575031
0.573810
0.572997
0.573404
0.570557
0.574624
0.574217
0.574624
0.576251
0.581537
0.581944
0.576251
0.569744
0.571370
0.566897
0.573404
0.572590
0.572997
0.578691
0.579097
0.579504
0.577471
0.573810
0.573810
0.572997
0.572997
0.576251
0.578691
0.583977
0.586011
0.583977
0.580724
0.577877
0.575844
0.577877
0.578691
0.579097
0.575844
0.576657
0.576657
0.579097
0.581944
0.582351
0.582757
0.582351
0.581537
0.581537
0.583977
0.585604
0.584791
0.587231
0.588044
0.590077
0.586417
0.588451
0.588044
0.587637
0.587637
0.588044
0.588044
0.588044
0.588451
0.586011
0.588044
0.588451
0.586417
0.586417
0.588857
0.590077
0.584791
0.583164
0.588044
0.591297
0.591704
0.593331
0.589264
0.590077
0.588044
0.587637
0.586011
0.587231
0.587637
0.591297
0.594551
0.593331
0.591297
0.589264
0.590484
0.589671
0.586824
0.587637
0.592924
0.592111
0.592517
0.591297
0.591704
0.593331
0.588857
0.590484
0.592924
0.596584
0.603904
0.607971
0.598211
0.604311
0.607971
0.599024
0.594144
0.592924
0.595771
0.596584
0.591704
0.593737
0.594144
0.593331
0.599837
0.598211
0.599431
0.605124
0.612851
0.612037
0.616917
0.614477
0.619357
0.616104
0.614071
0.610411
0.612037
0.613257
0.621391
0.617731
0.613664
0.615697
0.621391
0.616104
0.621797
0.607971
0.611631
0.607971
0.620577
0.623017
0.621797
0.616511
0.618544
0.618544
0.619764
0.623017
0.621391
0.623831
0.624237
0.625458
0.626678
0.626678
0.628304
0.627898
0.628711
0.629931
0.631964
0.628304
0.621797
0.618544
0.620171
0.627898
0.630744
0.629524
0.628711
0.630338
0.628711
0.629931
0.630338
0.630338
0.632371
0.634811
0.630744
0.625458
0.634811
0.630744
0.625458
0.624237
0.625051
0.628304
0.631558
0.633998
0.633591
0.632371
0.633591
0.633998
0.634811
0.634811
0.629931
0.623831
0.625051
0.627898
0.631964
0.639691
0.636438
0.638878
0.635624
0.638878
0.638064
0.636438
0.636031
0.638064
0.634404
0.633591
0.635218
0.635624
0.636031
0.637658
0.638064
0.636031
0.635624
0.641318
0.641318
0.641318
0.640911
0.636844
0.634404
0.629118
0.629118
0.631964
0.638064
0.636844
0.638878
0.638878
0.634811
0.630338
0.627898
0.625864
0.630338
0.638064
0.638878
0.635624
0.633998
0.636438
0.637251
0.632371
0.624237
0.626271
0.626678
0.631151
0.636844
0.635624
0.637251
0.637251
0.639691
0.636844
0.637251
0.636844
0.635218
0.635218
0.634811
0.638064
0.636031
0.637251
0.636031
0.634404
0.635218
0.635624
0.635218
0.636844
0.638064
0.636844
0.637658
0.636438
0.638064
0.636844
0.635218
0.635218
0.635218
0.637251
0.636438
0.637251
0.638878
0.639284
0.639691
0.637251
0.636438
0.635218
0.636031
0.636438
0.638064
0.634404
0.636844
0.639691
0.640504
0.636031
0.636438
0.640098
0.639284
0.636031
0.633998
0.636031
0.639691
0.639284
0.638064
0.633998
0.634811
0.637251
0.639284
0.638471
0.641318
0.638471
0.640911
0.641318
0.642131
0.640911
0.640911
0.640911
0.640504
0.639691
0.641724
0.644164
0.639691
0.640098
0.638878
0.640504
0.641318
0.641724
0.635624
0.636438
0.641318
0.643351
0.638471
0.632371
0.634811
0.640504
0.641724
0.642944
0.642538
0.638471
0.641318
0.646198
0.643351
0.640504
0.640911
0.640504
0.639691
0.641724
0.644571
0.644164
0.642538
0.643351
0.643758
0.642538
0.641318
0.642131
0.643758
0.641318
0.639691
0.644164
0.641724
0.636031
0.637658
0.642944
0.640911
0.640098
0.638471
0.638471
0.640098
0.636844
0.636438
0.633998
0.637251
0.636438
0.642131
0.642538
0.640911
0.640098
0.642538
0.647418
0.643758
0.639691
0.638064
0.638878
0.643758
0.645791
0.641318
0.640504
0.644164
0.645791
0.642944
0.642131
0.639691
0.641318
0.642538
0.638878
0.640911
0.644164
0.644164
0.644571
0.641724
0.642944
0.641724
0.640911
0.641318
0.638064
0.640098
0.643758
0.640911
0.640911
0.643351
0.640098
0.642538
0.645791
0.634811
0.636438
0.647011
0.640098
0.644164
0.639691
0.640504
0.640911
0.638471
0.641724
0.640098
0.642944
0.639691
0.642944
0.645384
0.637251
0.637658
0.644164
0.646604
0.639284
0.636844
0.637658
0.643351
0.640504
0.640504
0.637658
0.641318
0.638064
0.638471
0.640098
0.637658
0.642131
0.641724
0.647011
0.641318
0.640098
0.639691
0.640911
0.648231
0.642538
0.643758
0.645791
0.647011
0.639691
0.644164
0.643758
0.642944
0.646604
0.647011
0.644164
0.645384
0.646198
0.640911
0.643351
0.641724
0.640098
0.644164
0.647011
0.642944
0.644978
0.646198
0.647824
0.642131
0.641318
0.640504
0.644164
0.644571
0.647011
0.644571
0.647418
0.648638
0.643351
0.639284
0.638878
0.642131
0.648638
0.647011
0.643758
0.642131
0.648231
0.646604
0.639691
0.638064
0.637251
0.642538
0.642131
0.646198
0.647011
0.646198
0.645384
0.648638
0.644978
0.643758
0.641318
0.643758
0.645384
0.652298
0.649451
0.648231
0.650264
0.651891
0.649044
0.647824
0.644978
0.645791
0.649044
0.651484
0.649858
0.650671
0.650264
0.649044
0.643351
0.646604
0.644571
0.649858
0.651484
0.648638
0.648231
0.653111
0.649044
0.644571
0.640911
0.642944
0.647418
0.653518
0.644571
0.642538
0.644978
0.651484
0.646604
0.641318
0.638878
0.640504
0.646604
0.652298
0.649451
0.646198
0.647418
0.651078
0.652298
0.647011
0.648231
0.644571
0.646198
0.650264
0.649044
0.648638
0.649858
0.647824
0.646198
0.646198
0.646198
0.646198
0.648231
0.649858
0.649044
0.649858
0.647418
0.647824
0.647824
0.648638
0.649044
0.651484
0.650671
0.649451
0.650264
0.650264
0.650671
0.649044
0.649451
0.647824
0.649858
0.651484
0.647418
0.647011
0.651484
0.648638
0.643351
0.644164
0.643758
0.646604
0.650264
0.646198
0.646198
0.649044
0.649858
0.647418
0.647824
0.647824
0.649451
0.649858
0.649451
0.643758
0.642131
0.646604
0.648231
0.649044
0.642131
0.642538
0.646604
0.649044
0.642538
0.643351
0.644164
0.645384
0.648231
0.645791
0.645384
0.646198
0.646604
0.643758
0.647824
0.648231
0.649858
0.647011
0.650264
0.642538
0.641318
0.641724
0.642944
0.643758
0.648231
0.651078
0.649858
0.650264
0.647824
0.646604
0.644571
0.645791
0.648231
0.650264
0.647418
0.651078
0.649858
0.646198
0.644571
0.644164
0.645791
0.644978
0.645791
0.648638
0.649451
0.648231
0.649451
0.645384
0.644571
0.645384
0.645384
0.646604
0.651891
0.646198
0.644571
0.646604
0.650671
0.647418
0.643351
0.645384
0.646198
0.645791
0.645384
0.651078
0.652298
0.651078
0.649858
0.646198
0.647824
0.646198
0.645384
0.647418
0.651078
0.645384
0.647418
0.652298
0.648638
0.646604
0.644571
0.646604
0.649858
0.649451
0.651891
0.649044
0.652704
0.650671
0.647824
0.648638
0.647418
0.648231
0.650671
0.650671
0.651078
0.647824
0.647418
0.647418
0.647011
0.646604
0.648231
0.646198
0.648231
0.649044
0.650671
0.648231
0.647011
0.647824
0.642538
0.647011
0.646198
0.647418
0.648231
0.646198
0.644571
0.649858
0.647824
0.648231
0.647418
0.647824
0.646604
0.648638
0.648638
0.644978
0.647418
0.644571
0.644571
0.642538
0.643351
0.646198
0.648638
0.649858
0.644164
0.642944
0.645384
0.648638
0.647418
0.644978
0.644164
0.646198
0.647011
0.648231
0.648231
0.649044
0.646198
0.647011
0.645384
0.645384
0.646604
0.646604
0.649451
0.647824
0.645384
0.646604
0.651078
0.646604
0.645791
0.642538
0.642538
0.643758
0.648638
0.647824
0.646198
0.648638
0.650264
0.643351
0.641318
0.640504
0.642131
0.645791
0.648231
0.646198
0.647011
0.646198
0.646604
0.642538
0.642944
0.644571
0.645791
0.647011
0.647011
0.646198
0.645791
0.647011
0.646198
0.646604
0.646604
0.648638
0.646604
0.647824
0.648638
0.647418
0.647418
0.644571
0.642538
0.644978
0.644571
0.642131
0.646604
0.644571
0.647824
0.647824
0.650264
0.646198
0.644164
0.644978
0.644978
0.646198
0.647824
0.647418
0.649044
0.648638
0.646604
0.644571
0.643758
0.645791
0.643351
0.646198
0.647011
0.647418
0.646604
0.647011
0.641724
0.642538
0.644164
0.641724
0.645384
0.645791
0.642538
0.642944
0.642944
0.647824
0.642131
0.642131
0.642538
0.640911
0.642944
0.648231
0.647011
0.649044
0.647824
0.647011
0.643758
0.643758
0.645791
0.646604
0.648638
0.648231
0.647418
0.649858
0.645791
0.642131
0.640504
0.640911
0.642131
0.644978
0.650671
0.646604
0.647418
0.648231
0.647824
0.640911
0.642131
0.642131
0.644164
0.649044
0.647011
0.647011
0.647011
0.649451
0.641724
0.638878
0.638878
0.642944
0.647011
0.646198
0.647418
0.646198
0.647418
0.642538
0.641318
0.638471
0.640911
0.642538
0.645384
0.648231
0.644164
0.645384
0.646604
0.644571
0.638878
0.637658
0.638471
0.642944
0.649044
0.650671
0.652704
0.652298
0.651078
0.651484
0.641318
0.638471
0.641318
0.638878
0.641724
0.651484
0.649858
0.650671
0.647824
0.648231
0.646604
0.643351
0.638878
0.640504
0.644571
0.647418
0.647824
0.647418
0.647418
0.644978
0.646198
0.647011
0.648231
0.649858
0.652704
0.652298
0.650671
0.647011
0.643351
0.644164
0.646604
0.648231
0.647824
0.651078
0.652298
0.651891
0.646604
0.642131
0.640911
0.640098
0.642131
0.647011
0.647824
0.646604
0.643758
0.646198
0.644571
0.643758
0.640911
0.642538
0.642131
0.647824
0.646198
0.647418
0.647011
0.644571
0.642538
0.642131
0.641318
0.641724
0.646604
0.649451
0.646198
0.647824
0.646198
0.649044
0.642944
0.642131
0.642538
0.642944
0.642538
0.649451
0.648638
0.648638
0.648231
0.648231
0.644164
0.642538
0.642131
0.641724
0.642944
0.645384
0.647824
0.647824
0.646198
0.643351
0.641318
0.642538
0.643351
0.644164
0.644571
0.646604
0.646198
0.647011
0.647418
0.640504
0.641318
0.639284
0.642131
0.643758
0.647011
0.644978
0.644978
0.645791
0.644571
0.642131
0.641318
0.642944
0.648231
0.647011
0.648231
0.647011
0.642944
0.639284
0.638878
0.637251
0.639691
0.640911
0.644571
0.648231
0.649451
0.648638
0.648638
0.644978
0.639284
0.641724
0.638878
0.640911
0.644164
0.648231
0.646198
0.649451
0.648638
0.645384
0.640911
0.639691
0.638878
0.642131
0.642538
0.646604
0.645791
0.645384
0.641724
0.640504
0.641318
0.641724
0.644164
0.641724
0.648231
0.651891
0.651078
0.647011
0.641318
0.637658
0.638471
0.640504
0.641318
0.640504
0.643351
0.647011
0.646198
0.644571
0.640911
0.641318
0.640911
0.639284
0.640098
0.646198
0.645384
0.645791
0.647011
0.640504
0.639691
0.640911
0.640098
0.642944
0.649858
0.648638
0.647418
0.647011
0.648638
0.644571
0.637658
0.639691
0.638471
0.640098
0.644978
0.645384
0.646198
0.647418
0.645791
0.641724
0.640098
0.639691
0.640911
0.642131
0.644164
0.650264
0.648231
0.647824
0.645384
0.642944
0.642944
0.637658
0.639691
0.640911
0.640911
0.645384
0.647824
0.646198
0.644571
0.643758
0.642131
0.641724
0.640911
0.640504
0.643758
0.646604
0.643351
0.643758
0.641318
0.640098
0.638064
0.640098
0.638878
0.644978
0.648231
0.648638
0.644978
0.641724
0.640911
0.638471
0.640098
0.640098
0.642944
0.644571
0.644978
0.645791
0.645384
0.641318
0.640504
0.639284
0.641318
0.645384
0.647824
0.646198
0.646604
0.641724
0.640504
0.637251
0.639691
0.638471
0.640098
0.641724
0.644571
0.644978
0.648638
0.640098
0.641318
0.641318
0.640504
0.638471
0.648638
0.651078
0.646198
0.646198
0.645791
0.640098
0.638064
0.637251
0.638471
0.639284
0.639691
0.640911
0.646604
0.647418
0.644164
0.643351
0.643351
0.641318
0.642944
0.641318
0.640504
0.644978
0.646604
0.649044
0.642538
0.641318
0.640911
0.640911
0.642538
0.644571
0.648638
0.647824
0.650671
0.649044
0.644571
0.638878
0.638064
0.639691
0.638471
0.642538
0.647418
0.648231
0.647011
0.647011
0.646198
0.642944
0.640911
0.641724
0.640911
0.642538
0.648638
0.647824
0.647824
0.645384
0.640504
0.638878
0.640504
0.641724
0.640911
0.638064
0.643351
0.646604
0.644571
0.640098
0.637658
0.638064
0.640098
0.639284
0.644164
0.650264
0.648231
0.643758
0.638064
0.639691
0.636438
0.638064
0.640098
0.636438
0.647824
0.648638
0.649451
0.647418
0.646604
0.638878
0.639284
0.639284
0.640504
0.642538
0.644164
0.646604
0.644978
0.639691
0.637251
0.642131
0.642944
0.640911
0.642131
0.638471
0.642131
0.648638
0.647824
0.645384
0.644164
0.640911
0.642538
0.643351
0.647011
0.648231
0.649044
0.648638
0.647011
0.643758
0.640911
0.640911
0.642944
0.642131
0.645384
0.647418
0.646198
0.648231
0.642131
0.638064
0.638878
0.637251
0.642538
0.645791
0.647418
0.649451
0.649858
0.646604
0.642131
0.638878
0.639691
0.639284
0.639691
0.641724
0.647011
0.648231
0.651078
0.642131
0.640098
0.639691
0.639691
0.640504
0.638878
0.641724
0.642538
0.643351
0.643351
0.641318
0.643351
0.639691
0.641318
0.642131
0.644164
0.648638
0.648638
0.648231
0.643351
0.641724
0.640098
0.639284
0.638471
0.637658
0.643351
0.647824
0.648231
0.650671
0.648231
0.649044
0.643758
0.644978
0.647418
0.648638
0.647011
0.648231
0.647418
0.642944
0.638878
0.642944
0.642538
0.641318
0.640098
0.642131
0.647011
0.648638
0.647824
0.648231
0.644164
0.641318
0.644164
0.648231
0.648638
0.644978
0.650264
0.647011
0.646198
0.643351
0.639284
0.636438
0.637251
0.638878
0.642131
0.645384
0.647418
0.648231
0.648231
0.648231
0.645791
0.642131
0.641724
0.643758
0.644571
0.644978
0.644571
0.645384
0.642538
0.640504
0.639691
0.639691
0.639284
0.639284
0.644571
0.649451
0.645384
0.647011
0.646604
0.643351
0.640504
0.639691
0.643758
0.646604
0.646604
0.647418
0.646198
0.642131
0.641318
0.640098
0.639284
0.641724
0.640504
0.640911
0.644164
0.644164
0.646604
0.643758
0.643351
0.642944
0.643351
0.642538
0.644164
0.646604
0.644978
0.645384
0.645791
0.641724
0.640911
0.640504
0.641724
0.641724
0.643351
0.644978
0.644164
0.647418
0.644978
0.642944
0.640911
0.641318
0.645384
0.642131
0.644978
0.646198
0.643758
0.642131
0.642538
0.641318
0.642944
0.643758
0.643351
0.646198
0.645384
0.647418
0.644164
0.642944
0.638471
0.638471
0.637251
0.635218
0.635624
0.637658
0.644571
0.645384
0.643758
0.645384
0.648231
0.647824
0.647824
0.645384
0.646198
0.647418
0.646198
0.647011
0.645791
0.644164
0.640504
0.640911
0.640098
0.641318
0.640098
0.644164
0.643758
0.642944
0.643758
0.648231
0.641724
0.641318
0.642944
0.644164
0.646198
0.643351
0.643758
0.647011
0.644978
0.641724
0.642538
0.642538
0.640911
0.643758
0.648231
0.646604
0.646198
0.646198
0.648231
0.644571
0.646604
0.647418
0.645791
0.648231
0.647011
0.645791
0.646198
0.645791
0.644571
0.644978
0.646604
0.647418
0.647418
0.647418
0.644978
0.645791
0.644571
0.642538
0.642131
0.640098
0.640504
0.640911
0.642944
0.643351
0.646198
0.647011
0.644571
0.641724
0.642538
0.649044
0.648638
0.644978
0.643758
0.647011
0.646604
0.642131
0.643351
0.642131
0.642944
0.640911
0.640504
0.644571
0.644571
0.645791
0.645384
0.643351
0.644164
0.645384
0.646198
0.647011
0.645791
0.643351
0.645384
0.644978
0.644978
0.642944
0.642944
0.639691
0.643758
0.646198
0.644978
0.644571
0.647418
0.644978
0.648231
0.645384
0.640504
0.638471
0.638064
0.641724
0.644164
0.645791
0.647011
0.646604
0.645791
0.642131
0.641724
0.643758
0.646198
0.643351
0.644571
0.647418
0.644164
0.640911
0.640911
0.638064
0.638878
0.640504
0.643351
0.645384
0.649044
0.650264
0.650671
0.649044
0.648231
0.644978
0.642944
0.643351
0.643758
0.645791
0.645791
0.645791
0.647418
0.645791
0.642944
0.640504
0.639691
0.642944
0.644164
0.646604
0.643758
0.647011
0.644164
0.644571
0.646198
0.643351
0.644978
0.645384
0.646198
0.644164
0.648638
0.649451
0.647011
0.647418
0.643758
0.644164
0.646198
0.644164
0.643758
0.645384
0.645384
0.644164
0.646198
0.645384
0.644571
0.644571
0.646604
0.643758
0.645384
0.647418
0.647418
0.647824
0.651484
0.644164
0.647824
0.645791
0.647418
0.647418
0.648638
0.647011
0.646604
0.644571
0.642538
0.641318
0.641318
0.643351
0.644978
0.648231
0.644978
0.646604
0.644164
0.642538
0.640504
0.639691
0.640911
0.642131
0.643351
0.645384
0.647418
0.648638
0.647824
0.648231
0.644571
0.645791
0.649451
0.644978
0.646198
0.648231
0.647011
0.643758
0.646198
0.640911
0.640098
0.640098
0.646604
0.644571
0.645791
0.646198
0.647824
0.643351
0.644978
0.641318
0.640098
0.642944
0.645384
0.644164
0.648231
0.649044
0.648231
0.641724
0.647824
0.643351
0.641724
0.645384
0.646604
0.647824
0.645384
0.644978
0.646604
0.644571
0.646198
0.643351
0.641318
0.643758
0.645791
0.643758
0.644571
0.645791
0.647011
0.645384
0.647011
0.645791
0.646198
0.644978
0.644164
0.643758
0.646198
0.647011
0.646198
0.648231
0.649044
0.648231
0.648231
0.646198
0.647824
0.646604
0.645384
0.646198
0.644164
0.645791
0.644571
0.644978
0.644571
0.645791
0.644571
0.644164
0.643758
0.645384
0.648231
0.646604
0.647011
0.646198
0.647418
0.646198
0.647011
0.645791
0.647418
0.646198
0.641724
0.644571
0.642538
0.644571
0.645791
0.647011
0.649858
0.647011
0.647011
0.643758
0.640911
0.642538
0.644571
0.646198
0.645384
0.646604
0.644164
0.645384
0.645791
0.642538
0.641318
0.644978
0.644571
0.647824
0.649044
0.649451
0.648231
0.648231
0.645791
0.643758
0.644571
0.647418
0.647011
0.646198
0.644571
0.644978
0.642944
0.647011
0.646198
0.645384
0.646198
0.647418
0.645384
0.646198
0.644571
0.647011
0.648638
0.646198
0.644571
0.646604
0.644571
0.643758
0.643351
0.644164
0.642538
0.642131
0.644571
0.645791
0.642131
0.642944
0.645384
0.642538
0.643758
0.642538
0.642944
0.643351
0.643351
0.641318
0.642944
0.644571
0.642538
0.646198
0.641318
0.641318
0.643758
0.643351
0.644164
0.640911
0.640911
0.641724
0.645384
0.646198
0.646604
0.644571
0.647011
0.647824
0.648231
0.643351
0.644571
0.647011
0.647011
0.646604
0.646604
0.648231
0.647824
0.648231
0.647418
0.645791
0.646604
0.646604
0.643351
0.642131
0.643351
0.642131
0.642944
0.647824
0.641724
0.645384
0.644571
0.645791
0.648638
0.648638
0.647824
0.647824
0.649044
0.644978
0.640911
0.643758
0.644978
0.643758
0.644978
0.646198
0.646198
0.647011
0.646198
0.641724
0.642131
0.643758
0.643758
0.642131
0.645384
0.646198
0.643758
0.644978
0.643758
0.640911
0.646604
0.646604
0.645791
0.646604
0.645791
0.645791
0.646198
0.647418
0.644164
0.645384
0.644164
0.644978
0.645791
0.645384
0.647824
0.646604
0.651484
0.642131
0.638471
0.640098
0.643758
0.647824
0.645791
0.650671
0.651078
0.644571
0.645791
0.644978
0.640098
0.640911
0.647418
0.646604
0.646198
0.646198
0.646604
0.647418
0.644978
0.642131
0.639284
0.640504
0.641318
0.645384
0.646198
0.647824
0.647824
0.646198
0.646604
0.648638
0.648638
0.646604
0.645791
0.648638
0.645384
0.646604
0.647418
0.644571
0.645791
0.647824
0.648231
0.649044
0.647824
0.645791
0.644164
0.645384
0.643758
0.644164
0.648638
0.646604
0.647011
0.649451
0.643758
0.644164
0.642944
0.644571
0.641724
0.646604
0.643351
0.643351
0.643758
0.646198
0.644571
0.645384
0.646604
0.645791
0.645791
0.642538
0.642944
0.644164
0.646604
0.646604
0.647418
0.646198
0.646198
0.646604
0.647418
0.640911
0.642131
0.644978
0.649451
0.646198
0.646198
0.646198
0.647011
0.651078
0.642131
0.642944
0.647011
0.644164
0.642131
0.645384
0.646604
0.645791
0.644164
0.646198
0.647011
0.644978
0.647011
0.650264
0.647011
0.648231
0.645791
0.647824
0.648231
0.650671
0.646604
0.647011
0.649451
0.651078
0.649044
0.647418
0.648231
0.647824
0.644978
0.644978
0.646198
0.645791
0.643758
0.646604
0.647011
0.649044
0.649044
0.649044
0.648231
0.644164
0.643351
0.646604
0.648638
0.645791
0.647418
0.647011
0.644978
0.645384
0.648638
0.645384
0.644571
0.645384
0.649451
0.647011
0.645384
0.647418
0.644164
0.645384
0.643758
0.640098
0.644978
0.647011
0.643758
0.646604
0.645791
0.647011
0.645791
0.648638
0.647824
0.647824
0.649451
0.649451
0.649044
0.648638
0.647824
0.648231
0.647418
0.648638
0.648638
0.645384
0.643758
0.644164
0.645791
0.645791
0.646198
0.642944
0.647824
0.646604
0.648638
0.648638
0.647011
0.646198
0.646604
0.646604
0.646198
0.645384
0.646604
0.643758
0.644978
0.642944
0.642538
0.647011
0.647011
0.647418
0.647418
0.647418
0.647011
0.644978
0.644164
0.644164
0.644571
0.645384
0.644978
0.645384
0.645791
0.644571
0.644978
0.644164
0.644978
0.646198
0.647418
0.650264
0.650671
0.646604
0.650671
0.647824
0.647011
0.644978
0.644571
0.645384
0.650264
0.647011
0.645791
0.646604
0.643351
0.644571
0.642944
0.644571
0.645791
0.643351
0.646198
0.644164
0.645384
0.648638
0.644978
0.644978
0.648231
0.645384
0.647418
0.642131
0.642538
0.644164
0.645384
0.645791
0.643351
0.644164
0.646604
0.644978
0.644571
0.649044
0.650264
0.649451
0.644978
0.650671
0.643758
0.644571
0.644571
0.647824
0.646198
0.647824
0.647011
0.644164
0.643351
0.648638
0.641724
0.644978
0.648231
0.643758
0.648231
0.648231
0.649044
0.646604
0.648231
0.643351
0.643758
0.644164
0.647824
0.646198
0.647824
0.649451
0.647824
0.649044
0.647418
0.646198
0.642538
0.642131
0.647824
0.645791
0.646198
0.646604
0.646198
0.643758
0.644978
0.642131
0.640504
0.640098
0.640911
0.640911
0.644164
0.642944
0.642131
0.641724
0.644978
0.644571
0.644571
0.641724
0.647418
0.644978
0.646198
0.644571
0.642131
0.643351
0.645384
0.641318
0.641318
0.641318
0.638878
0.641318
0.643758
0.645384
0.648231
0.644571
0.648638
0.647824
0.647418
0.646604
0.646604
0.645791
0.644978
0.643351
0.650264
0.648638
0.648638
0.648231
0.647011
0.648231
0.644164
0.647418
0.645791
0.649858
0.647418
0.648231
0.644978
0.644164
0.642538
0.645384
0.647418
0.644978
0.647824
0.647824
0.642944
0.648231
0.648638
0.649044
0.648638
0.650671
0.649858
0.647011
0.647011
0.646198
0.645791
0.644164
0.644571
0.644571
0.647011
0.647418
0.648231
0.644978
0.645384
0.643758
0.645384
0.646198
0.645791
0.643758
0.644571
0.643758
0.643758
0.647011
0.646198
0.644164
0.645384
0.646198
0.643351
0.645384
0.643758
0.644571
0.644978
0.644571
0.642944
0.645384
0.645791
0.644164
0.645384
0.646604
0.646604
0.647418
0.644571
0.649044
0.644571
0.643351
0.645791
0.644978
0.644978
0.647418
0.646198
0.646604
0.643758
0.645384
0.642538
0.645384
0.644571
0.642538
0.646604
0.643351
0.644164
0.642944
0.645384
0.640504
0.640098
0.644978
0.644978
0.645384
0.644978
0.646198
0.648231
0.643351
0.644164
0.644164
0.643351
0.644164
0.646198
0.647418
0.642538
0.643758
0.645384
0.646604
0.643351
0.642131
0.643351
0.647418
0.647418
0.649044
0.646198
0.646198
0.646198
0.647418
0.642538
0.641724
0.643351
0.642538
0.644164
0.640911
0.644978
0.646604
0.642538
0.644978
0.645791
0.644571
0.646198
0.647824
0.646604
0.643758
0.644978
0.645791
0.644978
0.644571
0.646604
0.645791
0.642538
0.642131
0.646198
0.649858
0.646604
0.650671
0.649044
0.646604
0.651078
0.650264
0.649858
0.647011
0.647011
0.647418
0.647418
0.647011
0.644571
0.645384
0.645791
0.645791
0.644978
0.645384
0.643758
0.646604
0.647824
0.649044
0.644164
0.643351
0.644978
0.646604
0.647011
0.646198
0.647824
0.644978
0.642944
0.644571
0.646604
0.644571
0.646198
0.647418
0.646198
0.646198
0.646198
0.643758
0.645791
0.643758
0.642944
0.644571
0.644571
0.644978
0.645384
0.644571
0.645791
0.642944
0.647418
0.647011
0.647824
0.644978
0.646198
0.647011
0.647418
0.645791
0.645791
0.643351
0.642538
0.643351
0.642538
0.643351
0.643758
0.641724
0.642131
0.640504
0.643351
0.644978
0.646198
0.647824
0.649044
0.650671
0.650264
0.649858
0.651078
0.647824
0.651891
0.647418
0.644164
0.644978
0.645791
0.645791
0.645384
0.644571
0.644571
0.646198
0.647418
0.643758
0.645384
0.645791
0.648638
0.647824
0.644164
0.645791
0.647418
0.647824
0.645791
0.645384
0.644164
0.643758
0.646198
0.646198
0.649858
0.645791
0.647011
0.648231
0.645791
0.646198
0.646198
0.644978
0.644164
0.643758
0.645791
0.649044
0.645384
0.644164
0.646604
0.645791
0.646198
0.648638
0.647011
0.648231
0.648231
0.649858
0.648231
0.649858
0.646604
0.645384
0.650671
0.649858
0.645384
0.646604
0.647824
0.645384
0.646198
0.646604
0.644571
0.646604
0.648231
0.645791
0.646198
0.645384
0.646198
0.650264
0.645384
0.643758
0.646198
0.646198
0.645384
0.644978
0.646198
0.645791
0.646604
0.649044
0.647011
0.644978
0.645791
0.648231
0.644978
0.647824
0.645384
0.647011
0.647418
0.647011
0.646604
0.647011
0.647418
0.647824
0.644978
0.649451
0.647011
0.648231
0.644571
0.646604
0.646604
0.647418
0.647824
0.648231
0.644164
0.644571
0.646198
0.647418
0.644571
0.645791
0.644164
0.644571
0.643351
0.646604
0.647011
0.649858
0.653111
0.649451
0.653518
0.649451
0.647824
0.647824
0.651484
0.649451
0.646198
0.642538
0.644978
0.644571
0.644164
0.643758
0.643351
0.642131
0.642538
0.642944
0.644571
0.643758
0.644164
0.647418
0.644978
0.645384
0.646198
0.647824
0.645791
0.644978
0.645384
0.644571
0.647824
0.644164
0.644571
0.645384
0.647011
0.647418
0.644978
0.645791
0.646198
0.644571
0.646604
0.645384
0.643758
0.644164
0.644571
0.646198
0.645384
0.644164
0.646198
0.645384
0.648638
0.649044
0.648638
0.647418
0.646604
0.646198
0.644978
0.644571
0.647011
0.644164
0.649858
0.648231
0.647824
0.647011
0.647824
0.643351
0.647011
0.647011
0.648231
0.643758
0.648231
0.647418
0.647824
0.647011
0.643758
0.647011
0.646198
0.645384
0.643758
0.643758
0.646604
0.644978
0.645791
0.643351
0.643351
0.644978
0.647011
0.642131
0.644571
0.642944
0.645384
0.642131
0.642131
0.644164
0.647011
0.646604
0.649451
0.648638
0.648638
0.648231
0.647011
0.644978
0.645791
0.645384
0.647824
0.645791
0.647418
0.646198
0.647011
0.645791
0.644571
0.645384
0.644164
0.646198
0.648231
0.648231
0.644571
0.645384
0.646198
0.646198
0.645791
0.645791
0.644978
0.649044
0.646198
0.649044
0.645384
0.647418
0.647824
0.646198
0.644571
0.643758
0.644571
0.648231
0.648231
0.644164
0.647824
0.648231
0.647418
0.643351
0.643351
0.642538
0.647824
0.648231
0.648231
0.644571
0.646604
0.645384
0.644164
0.644571
0.643351
0.642944
0.645791
0.647011
0.644571
0.645791
0.647824
0.646198
0.644978
0.647011
0.646604
0.647418
0.649044
0.649044
0.644978
0.647418
0.645791
0.644571
0.645791
0.646198
0.645791
0.645791
0.647824
0.644978
0.644571
0.643758
0.645791
0.646198
0.645384
0.645384
0.647011
0.646198
0.647418
0.647418
0.645791
0.644164
0.646604
0.645791
0.645791
0.646198
0.648638
0.648638
0.648231
0.647011
0.646198
0.646604
0.647418
0.644164
0.646604
0.648231
0.647824
0.650264
0.645384
0.645384
0.646198
0.645791
0.644164
0.642944
0.644978
0.647824
0.646198
0.645791
0.647418
0.644571
0.646198
0.646198
0.643351
0.647011
0.644164
0.645791
0.647011
0.645384
0.644571
0.643351
0.644978
0.644978
0.643758
0.644571
0.647824
0.646604
0.644571
0.644978
0.644978
0.645384
0.645791
0.643758
0.646604
0.644978
0.646604
0.647011
0.647418
0.645384
0.646604
0.648231
0.646604
0.645791
0.646604
0.646198
0.647011
0.647011
0.648231
0.647011
0.644571
0.643758
0.642538
0.644164
0.643351
0.642538
0.646604
0.645791
0.646604
0.644164
0.642131
0.640504
0.643758
0.643758
0.644164
0.646604
0.643351
0.644978
0.647011
0.645791
0.644571
0.643351
0.642944
0.645384
0.648231
0.646198
0.647824
0.646198
0.644571
0.647418
0.647418
0.646604
0.642131
0.644571
0.645791
0.648231
0.648638
0.649044
0.649044
0.647824
0.647011
0.645384
0.644571
0.647418
0.646604
0.649451
0.650671
0.646198
0.647824
0.645384
0.643758
0.645791
0.643758
0.649858
0.647011
0.646198
0.648231
0.647824
0.645791
0.647418
0.647418
0.645791
0.645791
0.645384
0.647824
0.647418
0.645791
0.645384
0.644571
0.645791
0.644978
0.647418
0.645791
0.648638
0.646198
0.647011
0.642944
0.648231
0.646604
0.645791
0.646604
0.644978
0.647011
0.643758
0.647011
0.647418
0.647824
0.647011
0.648231
0.648231
0.645384
0.648231
0.643758
0.647011
0.645791
0.647824
0.645384
0.645791
0.645384
0.645384
0.645384
0.645791
0.645791
0.649858
0.647418
0.646604
0.647011
0.644571
0.648231
0.644164
0.645791
0.644571
0.647418
0.648231
0.643351
0.645791
0.646198
0.643351
0.644978
0.644978
0.645791
0.644978
0.644571
0.646198
0.646198
0.646198
0.647418
0.644978
0.644978
0.646198
0.647011
0.645791
0.650264
0.647418
0.644571
0.646604
0.647011
0.644571
0.645384
0.645791
0.645384
0.648231
0.648231
0.646198
0.645791
0.643758
0.644164
0.642944
0.642944
0.644571
0.644571
0.645384
0.651891
0.646604
0.645791
0.645791
0.647418
0.646198
0.644164
0.644978
0.649451
0.650671
0.649858
0.644978
0.644571
0.646198
0.646604
0.647418
0.644164
0.648638
0.649044
0.647011
0.644978
0.647418
0.644571
0.644571
0.644978
0.644571
0.647824
0.650671
0.649044
0.647011
0.644571
0.644978
0.644164
0.644164
0.644164
0.644978
0.648231
0.647824
0.649451
0.646198
0.645384
0.646198
0.644571
0.644978
0.645384
0.643351
0.645791
0.648231
0.645384
0.643351
0.645384
0.646604
0.645791
0.642944
0.643758
0.645791
0.648231
0.648638
0.648231
0.645384
0.644571
0.644164
0.643758
0.644571
0.644571
0.643758
0.642538
0.644164
0.645791
0.644978
0.647824
0.648231
0.645791
0.646198
0.647011
0.645791
0.647824
0.647824
0.647011
0.645791
0.646604
0.644164
0.647418
0.648638
0.648231
0.647418
0.646198
0.647418
0.647824
0.647011
0.645384
0.645791
0.644571
0.645791
0.647824
0.647824
0.645384
0.644978
0.645384
0.644571
0.644978
0.645791
0.646604
0.649044
0.649044
0.647824
0.646198
0.646604
0.645791
0.644978
0.646604
0.647418
0.647824
0.648638
0.649451
0.646198
0.644978
0.645384
0.645791
0.647418
0.651078
0.650264
0.649451
0.649858
0.651078
0.646198
0.646198
0.645384
0.643351
0.647011
0.648231
0.649044
0.649044
0.649451
0.645791
0.646604
0.643758
0.646198
0.646604
0.649044
0.649044
0.649044
0.648638
0.648638
0.645791
0.644978
0.645384
0.644571
0.645384
0.645791
0.646198
0.645791
0.647011
0.645791
0.647824
0.649858
0.647824
0.645384
0.645791
0.645384
0.645384
0.646198
0.646604
0.644164
0.644164
0.644164
0.646604
0.646198
0.645791
0.646198
0.646198
0.645791
0.646198
0.647418
0.647011
0.645791
0.645791
0.647824
0.644571
0.643758
0.644164
0.644571
0.646198
0.645791
0.642131
0.642131
0.644978
0.643351
0.644164
0.644978
0.646198
0.645384
0.644571
0.644571
0.645791
0.643351
0.643758
0.642131
0.643351
0.643758
0.644978
0.643758
0.646198
0.645384
0.644571
0.645384
0.644164
0.645791
0.647418
0.649858
0.649858
0.648638
0.644978
0.645384
0.642538
0.644164
0.644164
0.644571
0.644571
0.645791
0.647824
0.647011
0.646198
0.646604
0.645384
0.646604
0.644571
0.645384
0.645384
0.649044
0.644164
0.643758
0.643351
0.645791
0.643758
0.644978
0.647824
0.648638
0.648231
0.649044
0.647011
0.644978
0.644978
0.644978
0.646604
0.644164
0.645384
0.647418
0.648231
0.647418
0.646604
0.643758
0.644978
0.641318
0.644978
0.643758
0.645384
0.646604
0.647418
0.648638
0.643351
0.645384
0.644164
0.645384
0.644571
0.643758
0.648231
0.648231
0.651891
0.651891
0.647011
0.644571
0.645791
0.646198
0.641318
0.644978
0.648231
0.650671
0.649858
0.646198
0.645791
0.645791
0.645791
0.644978
0.644978
0.646604
0.646604
0.647824
0.645791
0.647418
0.647824
0.646198
0.646198
0.646198
0.644164
0.649044
0.649044
0.648638
0.648231
0.648231
0.644571
0.644978
0.647418
0.646604
0.645791
0.647011
0.648638
0.646198
0.645384
0.646198
0.644571
0.644978
0.644978
0.644978
0.646604
0.646198
0.649858
0.646604
0.643758
0.642538
0.642538
0.642944
0.643758
0.644571
0.648638
0.647011
0.647824
0.644571
0.644164
0.643758
0.643351
0.643758
0.644571
0.644164
0.647824
0.648231
0.647011
0.645384
0.646198
0.645791
0.644978
0.644978
0.644978
0.646604
0.646198
0.646604
0.645791
0.644571
0.647824
0.645791
0.644978
0.645791
0.646198
0.645791
0.649044
0.646604
0.645791
0.644164
0.644571
0.644571
0.645384
0.644978
0.644164
0.648638
0.647824
0.649044
0.645384
0.646198
0.645791
0.649044
0.644571
0.646198
0.646604
0.646198
0.645384
0.644571
0.647418
0.644571
0.644571
0.642538
0.644571
0.646198
0.644978
0.646604
0.645384
0.644164
0.646604
0.644571
0.642944
0.644571
0.644978
0.647824
0.647824
0.648231
0.647824
0.646604
0.647011
0.647418
0.647824
0.644978
0.643758
0.648231
0.649858
0.649044
0.642944
0.647011
0.647824
0.647418
0.648231
0.648231
0.644978
0.648231
0.647824
0.650671
0.646604
0.644571
0.645791
0.647418
0.645384
0.646604
0.648231
0.651484
0.649858
0.649044
0.645791
0.647418
0.647418
0.647418
0.647011
0.647011
0.647824
0.647824
0.647824
0.646604
0.647824
0.646604
0.647418
0.644978
0.644571
0.647011
0.650671
0.647824
0.648231
0.644571
0.644571
0.644978
0.645791
0.646198
0.646604
0.646198
0.644978
0.646604
0.646198
0.647418
0.645384
0.644978
0.647011
0.647824
0.644164
0.647418
0.649044
0.651078
0.647418
0.645384
0.646604
0.646198
0.646604
0.648231
0.650264
0.647011
0.649858
0.645791
0.645791
0.646198
0.646604
0.647011
0.646198
0.646604
0.646604
0.647824
0.645384
0.645791
0.645384
0.647418
0.647011
0.648231
0.648638
0.648638
0.646604
0.647011
0.647418
0.647824
0.647011
0.645791
0.647011
0.645791
0.647011
0.647824
0.649858
0.647418
0.648638
0.647418
0.647011
0.647418
0.649451
0.647011
0.647011
0.645791
0.647418
0.646198
0.647011
0.646198
0.646198
0.647824
0.647824
0.646198
0.647011
0.645384
0.646198
0.647824
0.647011
0.644571
0.648638
0.648638
0.648231
0.647011
0.647824
0.649044
0.647824
0.647418
0.645791
0.648231
0.649451
0.648638
0.645791
0.646604
0.644571
0.643351
0.646198
0.645791
0.643351
0.645384
0.649044
0.650671
0.646198
0.646198
0.647418
0.647011
0.648231
0.647824
0.645791
0.649044
0.651078
0.649044
0.649858
0.650264
0.646604
0.645384
0.646604
0.644978
0.645384
0.644164
0.647824
0.650264
0.650264
0.648638
0.644978
0.646198
0.644571
0.644571
0.644571
0.644978
0.650671
0.649858
0.650671
0.650264
0.646604
0.647824
0.644978
0.647824
0.645384
0.645384
0.646604
0.649044
0.649044
0.647011
0.646604
0.645791
0.644571
0.645384
0.644164
0.646198
0.646604
0.648638
0.649858
0.644978
0.643758
0.644571
0.644164
0.644571
0.642944
0.649451
0.648638
0.647011
0.648638
0.646604
0.646198
0.647418
0.647824
0.644164
0.647824
0.649451
0.645384
0.644978
0.649451
0.645384
0.643758
0.644978
0.645791
0.644571
0.644571
0.645791
0.643351
0.645384
0.649044
0.647011
0.647418
0.646604
0.644978
0.644164
0.644978
0.652298
0.651891
0.652704
0.651484
0.647011
0.647418
0.644978
0.646198
0.647418
0.644164
0.646604
0.645791
0.647011
0.647824
0.643351
0.642944
0.642944
0.641724
0.643758
0.644571
0.646198
0.646604
0.644978
0.649044
0.645384
0.644164
0.641318
0.644571
0.642538
0.645384
0.647824
0.649044
0.647824
0.648638
0.643351
0.647418
0.643351
0.643351
0.644571
0.644164
0.644978
0.645791
0.646604
0.646604
0.647418
0.644571
0.642944
0.646604
0.643351
0.648231
0.646198
0.645384
0.646198
0.646604
0.648231
0.644164
0.645384
0.646198
0.646604
0.645791
0.646198
0.649044
0.647824
0.646604
0.647418
0.643758
0.646604
0.646198
0.645791
0.647011
0.648231
0.647824
0.647824
0.648638
0.646198
0.645384
0.645791
0.646198
0.646604
0.647011
0.647824
0.647418
0.647824
0.647011
0.645384
0.647011
0.648638
0.649451
0.650264
0.648231
0.647011
0.647418
0.644571
0.647011
0.646604
0.647011
0.647418
0.646198
0.650671
0.650671
0.651078
0.649858
0.649451
0.649044
0.647011
0.648638
0.647011
0.647011
0.647011
0.647011
0.644571
0.645384
0.644571
0.645791
0.645384
0.645791
0.648231
0.648638
0.646198
0.648231
0.647011
0.647418
0.646604
0.648638
0.647824
0.648231
0.646198
0.648231
0.646198
0.645384
0.644571
0.646604
0.647824
0.646198
0.645384
0.648231
0.648231
0.648231
0.647824
0.648638
0.647824
0.647418
0.646604
0.646604
0.646198
0.647011
0.647824
0.647418
0.644164
0.646198
0.642944
0.642944
0.645384
0.644164
0.647824
0.647824
0.649451
0.647011
0.646198
0.643758
0.644164
0.643758
0.643758
0.650264
0.652298
0.651484
0.645384
0.644164
0.644571
0.642944
0.646198
0.649451
0.649044
0.649451
0.647418
0.646604
0.646604
0.645384
0.645791
0.645791
0.645384
0.645384
0.644978
0.646198
0.648231
0.645384
0.646198
0.646604
0.648638
0.647418
0.645791
0.646198
0.647418
0.647011
0.647418
0.644978
0.646198
0.646604
0.645791
0.646198
0.647418
0.647824
0.644164
0.645384
0.644571
0.644164
0.648638
0.643351
0.642538
0.644571
0.647418
0.649858
0.648638
0.648231
0.646604
0.644571
0.644978
0.646604
0.647011
0.647011
0.649451
0.649044
0.648638
0.648231
0.648231
0.644978
0.647011
0.648231
0.646604
0.645384
0.645791
0.647011
0.645791
0.645791
0.645384
0.645791
0.646604
0.645384
0.644978
0.646604
0.648638
0.650264
0.650264
0.649044
0.647824
0.647011
0.646198
0.646198
0.647418
0.648231
0.646198
0.647011
0.646604
0.647418
0.648638
0.647011
0.645384
0.643758
0.644978
0.645791
0.647824
0.647824
0.647011
0.648638
0.644571
0.649451
0.646198
0.648638
0.651078
0.650264
0.644164
0.647824
0.649044
0.646604
0.646198
0.643351
0.647418
0.643351
0.642538
0.646604
0.648231
0.644164
0.645384
0.645791
0.643758
0.642131
0.642538
0.644164
0.644978
0.647418
0.649044
0.646198
0.643758
0.648638
0.647011
0.647011
0.648231
0.645384
0.647418
0.647011
0.647011
0.645791
0.645384
0.647824
0.644164
0.646198
0.644571
0.646198
0.647824
0.648231
0.648231
0.646198
0.645791
0.645384
0.642944
0.648231
0.649044
0.651484
0.649858
0.651484
0.647011
0.645791
0.644978
0.645384
0.645791
0.646604
0.645384
0.645791
0.644571
0.643758
0.645791
0.644978
0.644978
0.642131
0.643758
0.644571
0.647011
0.648638
0.648638
0.642944
0.645791
0.646604
0.646604
0.643758
0.644164
0.646198
0.646604
0.648638
0.648231
0.645384
0.645384
0.645384
0.644571
0.647011
0.647011
0.649451
0.650671
0.650264
0.647418
0.647824
0.647418
0.645384
0.645791
0.648638
0.649044
0.649451
0.647011
0.644571
0.647011
0.647824
0.645384
0.644978
0.645791
0.646604
