0.530297
0.533550
0.544530
0.559170
0.581131
0.588451
0.572590
0.567710
0.563237
0.573404
0.575031
0.574217
0.578284
0.584384
0.584791
0.588044
0.588857
0.589264
0.588857
0.588451
0.588451
0.586417
0.586011
0.585604
0.582757
0.581131
0.582757
0.582757
0.582351
0.583164
0.583571
0.583571
0.581944
0.581537
0.581131
0.580317
0.579504
0.578284
0.575031
0.573810
0.571777
0.572184
0.571777
0.573404
0.572590
0.574217
0.575844
0.579097
0.581537
0.581537
0.580724
0.579097
0.580317
0.580317
0.579504
0.577471
0.577877
0.577064
0.577064
0.578284
0.577471
0.578284
0.578284
0.576251
0.573810
0.572184
0.569744
0.569337
0.568524
0.568117
0.572997
0.577064
0.590891
0.590484
0.583977
0.587637
0.587231
0.583164
0.580724
0.586417
0.583571
0.583977
0.584791
0.581944
0.585604
0.584791
0.578284
0.572590
0.572997
0.577064
0.576251
0.578284
0.581537
0.581537
0.583571
0.583571
0.588451
0.583164
0.582757
0.583164
0.583571
0.581944
0.579097
0.584791
0.588451
0.588451
0.587231
0.587637
0.583164
0.586011
0.588451
0.590891
0.590484
0.589671
0.590077
0.590484
0.589671
0.590077
0.590484
0.592517
0.591297
0.590077
0.589671
0.589264
0.590484
0.591704
0.592924
0.593331
0.594551
0.591704
0.590891
0.592924
0.592924
0.595364
0.591297
0.591297
0.593737
0.593331
0.593331
0.597397
0.595771
0.593331
0.592924
0.593331
0.595364
0.590484
0.588044
0.589264
0.590891
0.591704
0.595771
0.592111
0.591704
0.591297
0.592924
0.595771
0.596584
0.596177
0.596584
0.594551
0.594144
0.592111
0.592517
0.593737
0.593331
0.594957
0.594551
0.593331
0.593737
0.594957
0.594551
0.596584
0.595364
0.597804
0.596991
0.599431
0.602684
0.597397
0.596991
0.600244
0.600244
0.600651
0.599837
0.600651
0.599431
0.602277
0.602277
0.601464
0.601871
0.602277
0.603497
0.605124
0.604311
0.603091
0.605124
0.605124
0.604311
0.604717
0.603497
0.602684
0.604717
0.604717
0.605937
0.604311
0.604311
0.605531
0.603904
0.605124
0.606751
0.603904
0.605937
0.605937
0.603497
0.602277
0.602684
0.601871
0.599837
0.600651
0.601464
0.601871
0.601464
0.600651
0.600651
0.605531
0.603904
0.603904
0.604311
0.603497
0.607971
0.602277
0.602277
0.600651
0.599024
0.594957
0.595771
0.599431
0.604717
0.603497
0.607564
0.605531
0.605937
0.606344
0.602277
0.603497
0.602684
0.604311
0.601464
0.599837
0.601464
0.603091
0.603904
0.603904
0.602277
0.603497
0.602684
0.604311
0.604717
0.604311
0.605531
0.603904
0.601464
0.603091
0.603497
0.601871
0.603497
0.604717
0.603497
0.604717
0.607971
0.608784
0.608377
0.604717
0.601871
0.602277
0.601057
0.603091
0.601057
0.599431
0.599431
0.601057
0.600244
0.599837
0.601464
0.604717
0.606344
0.604311
0.603497
0.608784
0.607971
0.604311
0.602684
0.601057
0.598617
0.602277
0.603904
0.604311
0.604311
0.606751
0.606751
0.602277
0.596991
0.598211
0.599024
0.596177
0.597397
0.599431
0.599837
0.599431
0.600244
0.599024
0.603497
0.607564
0.608784
0.607564
0.606751
0.605124
0.607971
0.610004
0.608784
0.607157
0.609597
0.608784
0.606344
0.601464
0.600651
0.602684
0.602684
0.601464
0.600651
0.602277
0.601464
0.602277
0.603904
0.605937
0.607157
0.609191
0.611631
0.609597
0.606344
0.607971
0.608377
0.607564
0.607971
0.607971
0.612444
0.611224
0.610411
0.609191
0.609597
0.607157
0.607157
0.610004
0.610004
0.610817
0.612851
0.607971
0.607971
0.610411
0.610411
0.611224
0.615291
0.615697
0.614884
0.612037
0.612037
0.613257
0.612037
0.615697
0.616917
0.618951
0.612851
0.612037
0.610004
0.615291
0.611631
0.612851
0.611631
0.610004
0.611224
0.611224
0.612851
0.613257
0.611631
0.615291
0.615697
0.617731
0.616917
0.616917
0.617324
0.618137
0.617731
0.616511
0.617324
0.614477
0.617324
0.616511
0.614884
0.616511
0.616511
0.618137
0.620984
0.620171
0.619357
0.620171
0.618951
0.616917
0.618137
0.614884
0.617731
0.618951
0.618137
0.618137
0.619764
0.619764
0.622611
0.620171
0.621391
0.619357
0.616511
0.620984
0.619357
0.617731
0.617731
0.622611
0.623831
0.623017
0.619357
0.621797
0.618544
0.618544
0.617324
0.620577
0.616917
0.623424
0.623017
0.620984
0.623831
0.626271
0.628711
0.621391
0.620577
0.615697
0.620577
0.620984
0.622204
0.622611
0.623017
0.623831
0.626271
0.627491
0.626678
0.624644
0.622204
0.618544
0.618544
0.623831
0.618544
0.619764
0.618951
0.621391
0.620171
0.619764
0.620171
0.618137
0.620171
0.625051
0.625458
0.623017
0.621391
0.622204
0.621797
0.618137
0.620171
0.617731
0.623424
0.620984
0.624644
0.625864
0.616917
0.617324
0.612444
0.613664
0.616104
0.614071
0.613257
0.616104
0.614884
0.616917
0.618951
0.623017
0.625051
0.622611
0.622611
0.620171
0.622204
0.625051
0.624237
0.621391
0.626271
0.624237
0.622204
0.618951
0.621797
0.621391
0.625458
0.623017
0.620984
0.626271
0.624237
0.625051
0.626678
0.619357
0.620577
0.619764
0.621391
0.625864
0.630744
0.632371
0.626678
0.633998
0.626271
0.630744
0.629931
0.629524
0.630338
0.631964
0.627491
0.631964
0.619357
0.617731
0.617731
0.628304
0.627898
0.625051
0.625864
0.625864
0.624237
0.620984
0.624644
0.627898
0.627898
0.627898
0.625864
0.627491
0.625051
0.631558
0.631558
0.632371
0.633591
0.629524
0.627898
0.625864
0.625864
0.629118
0.622204
0.621391
0.625051
0.629931
0.629524
0.627898
0.628711
0.627084
0.628304
0.629931
0.625051
0.624644
0.619764
0.620984
0.620171
0.622204
0.623017
0.625864
0.625051
0.623424
0.623424
0.623424
0.624644
0.627084
0.626678
0.631964
0.629931
0.629524
0.631964
0.631964
0.629118
0.629931
0.631558
0.629118
0.628304
0.633591
0.631558
0.631151
0.629931
0.630338
0.626678
0.627084
0.629524
0.628304
0.627898
0.625864
0.631558
0.635624
0.636031
0.638878
0.633184
0.626271
0.627491
0.625458
0.625051
0.623831
0.625458
0.629118
0.625458
0.621797
0.622611
0.623831
0.627084
0.632778
0.635218
0.621391
0.616104
0.615697
0.620984
0.622204
0.625864
0.629524
0.632371
0.626678
0.629524
0.627491
0.629118
0.636438
0.624644
0.622611
0.623831
0.633591
0.625458
0.625051
0.623831
0.628304
0.624644
0.630744
0.623017
0.627491
0.627491
0.627491
0.625864
0.628304
0.623831
0.623424
0.625458
0.633998
0.630744
0.626271
0.625051
0.627084
0.638471
0.627084
0.624237
0.627898
0.631151
0.629931
0.628711
0.630338
0.629118
0.634811
0.633591
0.638471
0.625458
0.629524
0.633184
0.628304
0.629524
0.632371
0.633591
0.631964
0.629524
0.636844
0.634811
0.634811
0.631558
0.633998
0.638471
0.635624
0.637251
0.633591
0.633184
0.636844
0.638878
0.636031
0.637658
0.639691
0.632371
0.634811
0.631151
0.633184
0.634811
0.625458
0.628304
0.627898
0.630744
0.629118
0.634811
0.635624
0.633998
0.633998
0.629524
0.633591
0.636031
0.639691
0.638878
0.632778
0.633184
0.638064
0.634811
0.632371
0.639284
0.636438
0.632778
0.635624
0.645384
0.633184
0.636031
0.632778
0.631964
0.632371
0.629524
0.628304
0.627491
0.628304
0.629118
0.629118
0.633184
0.631151
0.631151
0.630744
0.624237
0.629524
0.632778
0.633184
0.633591
0.632371
0.635624
0.635218
0.632371
0.633998
0.636031
0.635218
0.636844
0.635624
0.635218
0.633591
0.636031
0.638471
0.638471
0.631964
0.631558
0.630744
0.628304
0.629931
0.630338
0.638878
0.630338
0.636438
0.637251
0.632778
0.632778
0.633998
0.637658
0.633591
0.636844
0.638064
0.627898
0.631558
0.637658
0.636438
0.631558
0.635624
0.624237
0.620171
0.625051
0.634811
0.630338
0.633184
0.629118
0.630338
0.638878
0.629931
0.631964
0.631964
0.629931
0.630744
0.633591
0.632778
0.631964
0.633184
0.633184
0.631558
0.629118
0.628711
0.625864
0.627491
0.629118
0.634811
0.633998
0.635218
0.637658
0.639284
0.633998
0.635218
0.636438
0.636031
0.639284
0.634811
0.636844
0.633184
0.636031
0.635218
0.635218
0.633591
0.636438
0.637658
0.635218
0.633998
0.640098
0.637251
0.637251
0.637251
0.636438
0.637658
0.638471
0.633591
0.629931
0.632371
0.632371
0.636438
0.636438
0.634404
0.639284
0.640504
0.638878
0.642538
0.641724
0.637658
0.638878
0.641724
0.642538
0.641318
0.643758
0.642538
0.639691
0.639284
0.640504
0.638064
0.637251
0.640098
0.643351
0.635218
0.644571
0.636438
0.641724
0.636844
0.635218
0.631558
0.635218
0.643758
0.638878
0.644164
0.643758
0.640911
0.643758
0.642944
0.636438
0.639691
0.637658
0.627491
0.624644
0.628304
0.635218
0.637658
0.644164
0.645384
0.644978
0.644164
0.645384
0.641724
0.640098
0.636438
0.639691
0.638064
0.634811
0.629524
0.626678
0.624237
0.627491
0.633184
0.640098
0.644164
0.643758
0.641318
0.642131
0.643758
0.642131
0.643351
0.644164
0.644571
0.642131
0.641318
0.640098
0.640504
0.638064
0.638064
0.640911
0.643351
0.643351
0.644164
0.643351
0.641318
0.640098
0.642944
0.643351
0.640911
0.641724
0.640911
0.640911
0.642538
0.645384
0.644164
0.644164
0.644978
0.644164
0.645384
0.644978
0.643351
0.644978
0.643758
0.646198
0.645384
0.647418
0.635218
0.633591
0.635624
0.637251
0.638471
0.636844
0.642538
0.644978
0.644978
0.645384
0.643351
0.640911
0.639284
0.640504
0.642944
0.642944
0.643758
0.647011
0.647824
0.648231
0.648231
0.645791
0.647011
0.645791
0.644978
0.645384
0.645384
0.644164
0.643758
0.644978
0.644978
0.646604
0.645384
0.645791
0.648231
0.645791
0.644571
0.645791
0.642131
0.642538
0.641724
0.643351
0.644978
0.646198
0.645791
0.649044
0.647824
0.643351
0.643351
0.645791
0.643758
0.639284
0.640504
0.646604
0.643351
0.639284
0.639691
0.641318
0.642131
0.642538
0.644571
0.647418
0.651078
0.649858
0.649858
0.647824
0.648638
0.649858
0.645384
0.649451
0.649044
0.647011
0.649858
0.649451
0.648638
0.648231
0.643351
0.640911
0.640504
0.645791
0.647824
0.651078
0.649451
0.647824
0.648231
0.647824
0.649858
0.649044
0.642538
0.640911
0.647824
0.648638
0.647418
0.647418
0.649044
0.649044
0.647011
0.647418
0.649451
0.649451
0.652704
0.650671
0.650671
0.649858
0.649044
0.651484
0.651484
0.649858
0.653924
0.651891
0.649044
0.651078
0.651891
0.650671
0.647418
0.645384
0.646198
0.645791
0.649451
0.644978
0.647011
0.655958
0.652298
0.650671
0.654738
0.648231
0.647418
0.646198
0.645791
0.649451
0.649044
0.649451
0.651078
0.649044
0.648231
0.646604
0.648231
0.651484
0.649858
0.653111
0.649858
0.652704
0.649858
0.651078
0.650264
0.650671
0.648638
0.650671
0.649044
0.652298
0.652704
0.651078
0.650671
0.652298
0.651484
0.647824
0.647011
0.642538
0.651078
0.649044
0.647418
0.648638
0.647824
0.647011
0.645384
0.644978
0.647011
0.651078
0.650671
0.650264
0.647011
0.644164
0.643758
0.644571
0.643351
0.646198
0.644571
0.648638
0.653111
0.653111
0.653924
0.651891
0.644164
0.647418
0.646198
0.645791
0.645791
0.646198
0.643758
0.644978
0.646604
0.649451
0.650671
0.652298
0.652704
0.651891
0.651891
0.654331
0.653924
0.654331
0.655551
0.655144
0.651078
0.649451
0.649044
0.647824
0.653518
0.654738
0.658804
0.653924
0.655144
0.652704
0.653518
0.655551
0.658804
0.655551
0.651891
0.651891
0.653111
0.652704
0.655144
0.655958
0.654331
0.653924
0.653518
0.655551
0.653924
0.654738
0.652298
0.652298
0.652298
0.653518
0.652704
0.653111
0.651078
0.642944
0.641318
0.644164
0.652704
0.655144
0.652298
0.650264
0.648231
0.648638
0.653111
0.653518
0.653518
0.653924
0.653518
0.655144
0.655551
0.655551
0.654331
0.654331
0.654738
0.653518
0.653518
0.653518
0.653924
0.654738
0.654331
0.655551
0.655144
0.655958
0.657991
0.656771
0.654738
0.652298
0.650671
0.650264
0.652704
0.655958
0.657178
0.655958
0.656364
0.655958
0.655144
0.649858
0.648231
0.644164
0.646604
0.646198
0.654738
0.652298
0.651484
0.653924
0.655551
0.655144
0.652704
0.653924
0.655551
0.655958
0.653924
0.654331
0.655551
0.653518
0.654738
0.653111
0.657584
0.651891
0.653111
0.650671
0.654738
0.652704
0.653518
0.650264
0.657991
0.657584
0.660431
0.658398
0.660838
0.657991
0.659211
0.659618
0.656364
0.655144
0.655958
0.656771
0.653924
0.651891
0.651484
0.650264
0.653111
0.655144
0.653924
0.653518
0.655144
0.653111
0.654331
0.654738
0.654331
0.653111
0.653111
0.652704
0.654331
0.654331
0.654738
0.654738
0.655144
0.657584
0.654331
0.656364
0.657991
0.650671
0.650264
0.652298
0.651078
0.659618
0.661651
0.655958
0.654738
0.654331
0.652704
0.656771
0.660024
0.660431
0.654738
0.653518
0.655144
0.657991
0.654738
0.654331
0.655551
0.659618
0.657991
0.654738
0.654331
0.656364
0.657178
0.657178
0.658398
0.656771
0.658398
0.657584
0.656364
0.658398
0.653924
0.655144
0.654738
0.656364
0.658398
0.655144
0.655144
0.655958
0.656364
0.658398
0.659211
0.659211
0.657991
0.657584
0.660838
0.657584
0.658398
0.657584
0.657991
0.658398
0.658804
0.657991
0.655958
0.655958
0.656364
0.657991
0.656364
0.657584
0.658398
0.657991
0.655144
0.655144
0.655144
0.654331
0.657178
0.657178
0.656364
0.656364
0.657178
0.658398
0.658398
0.655551
0.657584
0.657991
0.657991
0.659618
0.659211
0.657584
0.660838
0.655551
0.658398
0.657991
0.659211
0.659618
0.659618
0.660024
0.662464
0.661244
0.659618
0.659211
0.663278
0.660431
0.660838
0.662464
0.659618
0.660431
0.657584
0.660838
0.664091
0.664498
0.660431
0.658398
0.657991
0.653518
0.657178
0.663684
0.662058
0.659618
0.655551
0.659211
0.663278
0.660838
0.660431
0.661244
0.662871
0.661651
0.661651
0.661651
0.660838
0.660838
0.656771
0.654331
0.652704
0.656364
0.657584
0.660838
0.658398
0.658804
0.657584
0.660024
0.657991
0.657584
0.659211
0.657991
0.660024
0.661651
0.658398
0.662871
0.659211
0.659618
0.656771
0.653924
0.655551
0.659211
0.660431
0.662464
0.662058
0.657991
0.657178
0.657991
0.655144
0.660024
0.657991
0.662464
0.659211
0.660024
0.657584
0.657584
0.659618
0.658398
0.657178
0.657991
0.657584
0.659618
0.660431
0.664498
0.662464
0.662464
0.664091
0.661651
0.657584
0.659618
0.658398
0.659211
0.660838
0.662058
0.656771
0.651891
0.654331
0.656364
0.654331
0.660024
0.657584
0.660024
0.656771
0.655144
0.663684
0.658398
0.658398
0.659618
0.663278
0.660431
0.656771
0.656771
0.657991
0.659618
0.662871
0.661651
0.657584
0.655144
0.655144
0.655144
0.664091
0.660838
0.657991
0.657991
0.662464
0.667751
0.663278
0.664498
0.664091
0.665718
0.664498
0.664091
0.660024
0.658398
0.658398
0.661244
0.660024
0.662058
0.662871
0.663278
0.665311
0.665311
0.664904
0.660431
0.664091
0.666124
0.662058
0.662464
0.660838
0.663684
0.662058
0.659618
0.649451
0.663684
0.662464
0.656364
0.656364
0.654738
0.654331
0.657991
0.660431
0.657991
0.656771
0.656364
0.662871
0.657584
0.650671
0.648638
0.651484
0.650671
0.652704
0.655958
0.661651
0.662871
0.658398
0.657178
0.657584
0.660431
0.659618
0.659618
0.660431
0.661651
0.660838
0.662871
0.663684
0.660838
0.662871
0.662871
0.668971
0.664498
0.659618
0.659211
0.658398
0.658804
0.659618
0.663278
0.662871
0.663684
0.661651
0.660838
0.661651
0.666124
0.663684
0.665311
0.664091
0.664498
0.664091
0.666124
0.665311
0.663278
0.664091
0.662058
0.660838
0.664498
0.657991
0.664498
0.664498
0.657178
0.658804
0.663684
0.661651
0.659618
0.661651
0.661651
0.665718
0.663278
0.662058
0.662058
0.660024
0.662871
0.663684
0.662058
0.655958
0.653924
0.655551
0.660024
0.665311
0.662871
0.662464
0.665718
0.663684
0.664904
0.664498
0.663278
0.663684
0.663278
0.662464
0.661244
0.659618
0.660431
0.660024
0.659618
0.663684
0.662058
0.664091
0.664091
0.664091
0.660431
0.662871
0.663278
0.659618
0.663684
0.662871
0.663278
0.664904
0.664091
0.664091
0.660024
0.659211
0.655551
0.660431
0.661244
0.662058
0.661651
0.663684
0.662058
0.661651
0.661651
0.664904
0.662058
0.661651
0.664498
0.660838
0.660838
0.663684
0.662058
0.662464
0.661651
0.663278
0.661244
0.660431
0.657991
0.659618
0.659618
0.662058
0.664904
0.664904
0.663684
0.664498
0.663278
0.662464
0.664904
0.664904
0.666124
0.663278
0.665718
0.664091
0.663278
0.661651
0.658398
0.662871
0.664498
0.664904
0.667751
0.664091
0.663278
0.664904
0.666124
0.666531
0.664904
0.664498
0.664091
0.664091
0.663684
0.663278
0.664091
0.664904
0.664091
0.661244
0.660838
0.659618
0.663278
0.664091
0.663684
0.664091
0.664091
0.663684
0.666938
0.665311
0.665311
0.664091
0.661651
0.664091
0.670191
0.666124
0.664904
0.664498
0.666531
0.667751
0.665311
0.664904
0.662464
0.661651
0.665718
0.664498
0.666531
0.664904
0.662464
0.664091
0.662871
0.666938
0.669378
0.664091
0.664498
0.666531
0.664904
0.664904
0.658804
0.658398
0.664091
0.666124
0.664091
0.665311
0.665311
0.666531
0.666938
0.662464
0.664498
0.660838
0.662464
0.668158
0.662871
0.668158
0.666531
0.661244
0.659618
0.661244
0.665718
0.666531
0.664091
0.664904
0.665311
0.666124
0.664904
0.664904
0.665311
0.664904
0.666531
0.664091
0.665718
0.666531
0.663684
0.663684
0.666531
0.659618
0.657178
0.658398
0.657584
0.661651
0.664498
0.664498
0.665718
0.667344
0.668971
0.667344
0.666531
0.667344
0.664904
0.665311
0.665311
0.663278
0.662058
0.650671
0.659211
0.656771
0.664091
0.664091
0.666124
0.665718
0.669784
0.669378
0.664904
0.663684
0.665311
0.663278
0.661244
0.663278
0.664498
0.662871
0.662464
0.650264
0.664091
0.663684
0.662464
0.663278
0.663684
0.663684
0.663684
0.665718
0.665718
0.663684
0.660838
0.657991
0.653924
0.658398
0.657584
0.660024
0.660838
0.668564
0.660431
0.658398
0.656771
0.668564
0.662464
0.664091
0.662058
0.660024
0.659211
0.658804
0.665311
0.666124
0.664904
0.664498
0.663278
0.664091
0.666124
0.664498
0.664498
0.666531
0.668158
0.662871
0.663278
0.660838
0.659618
0.661651
0.662464
0.664904
0.664091
0.664091
0.664091
0.664498
0.666531
0.667751
0.671818
0.666531
0.662871
0.666938
0.664091
0.664498
0.663684
0.664498
0.663684
0.663684
0.665311
0.662058
0.660431
0.661651
0.662464
0.664498
0.666938
0.667344
0.666531
0.665718
0.664904
0.665311
0.666124
0.666531
0.667344
0.667344
0.666938
0.665718
0.666124
0.665311
0.662871
0.664498
0.666124
0.666531
0.667344
0.666938
0.664091
0.664904
0.666938
0.661651
0.664498
0.666531
0.668564
0.663278
0.664498
0.666124
0.666938
0.665311
0.668971
0.667751
0.666938
0.667344
0.666124
0.665718
0.666938
0.666124
0.666531
0.662871
0.664091
0.664904
0.664091
0.668564
0.665311
0.665718
0.662871
0.664091
0.663684
0.664904
0.663684
0.664904
0.668564
0.667751
0.667751
0.665311
0.666531
0.667344
0.664498
0.664498
0.662058
0.664498
0.663684
0.666531
0.664091
0.663278
0.661244
0.662058
0.662871
0.664498
0.664498
0.662464
0.661651
0.662871
0.665718
0.663684
0.665718
0.662058
0.662058
0.660431
0.662464
0.664091
0.666531
0.667344
0.664091
0.658398
0.645791
0.645791
0.662058
0.668158
0.666124
0.668158
0.667344
0.663278
0.665311
0.666531
0.665311
0.664091
0.663684
0.660431
0.661651
0.660431
0.662871
0.660431
0.665718
0.662058
0.661244
0.661651
0.666938
0.664904
0.665718
0.667344
0.666531
0.666124
0.665311
0.666124
0.666124
0.666531
0.665718
0.664904
0.664498
0.660838
0.662464
0.664091
0.666124
0.665718
0.668564
0.668564
0.667344
0.666531
0.666938
0.664498
0.666531
0.664498
0.669784
0.663278
0.661651
0.660024
0.662464
0.664904
0.666531
0.668158
0.662464
0.663684
0.660024
0.669378
0.668564
0.663278
0.666531
0.666938
0.667344
0.665311
0.667344
0.666938
0.668158
0.665311
0.666531
0.666124
0.668971
0.669378
0.668971
0.668564
0.665718
0.665718
0.665718
0.667344
0.666938
0.665311
0.666531
0.668564
0.667344
0.667751
0.667751
0.664904
0.665311
0.664498
0.666938
0.666124
0.667751
0.665718
0.665718
0.666124
0.663278
0.664904
0.662871
0.666124
0.666938
0.668158
0.668158
0.664498
0.664091
0.662871
0.664904
0.665718
0.662464
0.662464
0.666124
0.667751
0.666124
0.667344
0.666124
0.659211
0.659211
0.659618
0.662871
0.667751
0.668971
0.667344
0.667751
0.667751
0.667344
0.665718
0.668564
0.667751
0.667751
0.667751
0.664091
0.660024
0.659211
0.663278
0.665311
0.668564
0.665311
0.668564
0.668158
0.665718
0.664498
0.661244
0.662058
0.662464
0.666124
0.664498
0.663684
0.664091
0.662871
0.666531
0.665718
0.662058
0.664904
0.664498
0.664904
0.665718
0.666124
0.667344
0.666531
0.664498
0.666531
0.662058
0.661651
0.664904
0.666938
0.665311
0.663278
0.665311
0.666938
0.666531
0.665311
0.662871
0.662871
0.660024
0.660431
0.658804
0.658398
0.664498
0.667751
0.666938
0.666531
0.666124
0.666531
0.667751
0.662058
0.665311
0.663684
0.659618
0.647824
0.649044
0.657991
0.660431
0.660431
0.659618
0.660024
0.659211
0.660838
0.662464
0.659618
0.654331
0.661244
0.658398
0.652704
0.648638
0.648231
0.651891
0.663278
0.663278
0.662464
0.666531
0.657584
0.655958
0.653518
0.657991
0.664904
0.664904
0.665311
0.665718
0.665718
0.666938
0.665718
0.665311
0.666124
0.670598
0.669784
0.668564
0.669378
0.670598
0.670598
0.669378
0.670191
0.669378
0.670598
0.671004
0.671411
0.670598
0.670598
0.669784
0.667751
0.667344
0.672224
0.669378
0.667344
0.665718
0.666531
0.667344
0.668158
0.671411
0.669378
0.667751
0.666938
0.664904
0.665311
0.667751
0.671818
0.673038
0.672224
0.668564
0.668971
0.673851
0.670598
0.670191
0.665718
0.669784
0.670191
0.670191
0.672224
0.671818
0.670598
0.666124
0.664904
0.664091
0.667344
0.670191
0.671004
0.672631
0.673038
0.674258
0.665718
0.664498
0.664498
0.665311
0.665718
0.671411
0.670191
0.671004
0.668158
0.665718
0.664498
0.667344
0.669784
0.671411
0.673851
0.668158
0.667344
0.671818
0.671004
0.671411
0.667344
0.667344
0.667344
0.668971
0.668564
0.671004
0.673038
0.671411
0.668971
0.668564
0.669784
0.672224
0.672224
0.669784
0.668971
0.671411
0.673038
0.670598
0.671818
0.671004
0.669378
0.667344
0.667344
0.666531
0.668971
0.670191
0.670598
0.670598
0.667344
0.663278
0.663278
0.667344
0.670598
0.669784
0.668564
0.668564
0.667751
0.668564
0.669378
0.666531
0.667344
0.666938
0.665718
0.668158
0.666531
0.668158
0.666531
0.666124
0.666124
0.665311
0.665311
0.665311
0.666531
0.665311
0.664904
0.665718
0.667344
0.668158
0.666938
0.667751
0.664904
0.668971
0.668971
0.670191
0.669784
0.667344
0.665311
0.665718
0.670598
0.671818
0.672224
0.668564
0.668158
0.667344
0.669784
0.670598
0.670191
0.670598
0.671004
0.670191
0.667344
0.668564
0.668971
0.669784
0.669378
0.672631
0.666531
0.664904
0.665718
0.671004
0.670598
0.670191
0.669784
0.668971
0.670191
0.669784
0.667751
0.668564
0.669378
0.668971
0.669378
0.668971
0.669378
0.670598
0.669378
0.665718
0.664498
0.664091
0.669784
0.671818
0.669784
0.669378
0.670598
0.669784
0.666531
0.668564
0.668971
0.669784
0.668564
0.670598
0.666938
0.664904
0.662871
0.662464
0.665311
0.667751
0.668158
0.671818
0.671411
0.667751
0.668971
0.671004
0.671411
0.673444
0.672224
0.668971
0.668564
0.667344
0.668971
0.669784
0.669784
0.670191
0.668971
0.672631
0.669784
0.666531
0.666531
0.667751
0.669784
0.668564
0.669784
0.671411
0.672224
0.668564
0.667344
0.667751
0.670191
0.668971
0.672224
0.670598
0.671818
0.668971
0.669378
0.668564
0.667344
0.665311
0.669784
0.669378
0.671004
0.671411
0.668158
0.668158
0.668971
0.668971
0.667751
0.666124
0.667344
0.671411
0.671411
0.669378
0.672631
0.669378
0.664904
0.666531
0.668971
0.670598
0.671004
0.670598
0.671411
0.669784
0.670598
0.670191
0.668971
0.665311
0.663278
0.664091
0.668158
0.667344
0.667751
0.666938
0.667344
0.668158
0.666531
0.668158
0.664498
0.663278
0.664091
0.666531
0.667344
0.665311
0.668158
0.663684
0.667344
0.665311
0.660838
0.664498
0.667751
0.666938
0.668158
0.665718
0.668971
0.668971
0.669784
0.668158
0.668971
0.669378
0.668158
0.668158
0.668564
0.669784
0.669784
0.670191
0.667751
0.665718
0.669378
0.669784
0.670598
0.669784
0.666938
0.668564
0.664904
0.667751
0.671818
0.668158
0.668158
0.666938
0.667751
0.668564
0.668564
0.670191
0.668971
0.671411
0.671004
0.670191
0.670598
0.670191
0.668971
0.668158
0.663684
0.659618
0.660024
0.664498
0.668158
0.671411
0.668971
0.669378
0.669378
0.670598
0.668158
0.667751
0.666938
0.663684
0.661244
0.666124
0.667751
0.669378
0.670598
0.668158
0.664904
0.665311
0.668971
0.669784
0.672631
0.670598
0.669378
0.669784
0.667751
0.669378
0.669378
0.671004
0.669378
0.670598
0.671411
0.671818
0.673851
0.671818
0.670598
0.669378
0.669784
0.671411
0.671004
0.669378
0.671411
0.671004
0.669378
0.673444
0.674258
0.671411
0.670191
0.671818
0.670598
0.671004
0.672224
0.675071
0.676698
0.675885
0.671004
0.667344
0.666938
0.666938
0.674258
0.674664
0.670598
0.671818
0.671004
0.671004
0.669784
0.667751
0.668158
0.665311
0.667751
0.666938
0.667344
0.666938
0.663278
0.662464
0.662871
0.663684
0.667344
0.669378
0.667751
0.669378
0.670191
0.666938
0.667751
0.668971
0.671818
0.671004
0.668971
0.668158
0.668971
0.671818
0.670598
0.672224
0.669784
0.664091
0.660431
0.663684
0.669378
0.673444
0.672224
0.673038
0.671411
0.671818
0.671004
0.669378
0.670191
0.669784
0.671411
0.671818
0.670598
0.670598
0.669378
0.670191
0.666531
0.666938
0.668158
0.667344
0.666938
0.667344
0.665311
0.666531
0.667751
0.668158
0.664498
0.666124
0.664498
0.666938
0.665311
0.668158
0.666531
0.667751
0.661244
0.660838
0.664091
0.665718
0.671004
0.671004
0.669784
0.672224
0.671818
0.670191
0.670191
0.671004
0.669378
0.669378
0.664904
0.664498
0.667344
0.668564
0.671411
0.672631
0.674664
0.668564
0.666531
0.668971
0.668158
0.673038
0.672224
0.672631
0.673038
0.673851
0.670598
0.670191
0.671004
0.671818
0.673038
0.673038
0.673038
0.672224
0.671004
0.666531
0.665718
0.667751
0.671004
0.671004
0.669784
0.670191
0.671411
0.671411
0.669784
0.671818
0.670598
0.670191
0.670191
0.669784
0.668971
0.669378
0.671411
0.673038
0.673038
0.667344
0.663278
0.664498
0.668564
0.671004
0.671818
0.670191
0.672224
0.671004
0.670191
0.665311
0.665311
0.663684
0.668158
0.670598
0.669784
0.669784
0.665311
0.663684
0.662058
0.664498
0.670191
0.671004
0.667751
0.667751
0.666938
0.668971
0.671818
0.671004
0.672224
0.670598
0.668158
0.667751
0.669784
0.670191
0.672224
0.670598
0.671411
0.669378
0.668158
0.667344
0.667751
0.671818
0.672224
0.671411
0.669784
0.669784
0.667344
0.665718
0.667344
0.668564
0.668971
0.668564
0.671004
0.671004
0.667344
0.666938
0.665718
0.665311
0.668971
0.674258
0.668971
0.666531
0.666531
0.673444
0.674664
0.670191
0.672224
0.674664
0.667344
0.664904
0.665311
0.666124
0.666124
0.671411
0.671411
0.673851
0.670191
0.665311
0.664904
0.671004
0.671004
0.669784
0.668564
0.670598
0.673038
0.667751
0.665311
0.669784
0.668564
0.673444
0.669784
0.671411
0.670598
0.671004
0.671004
0.668971
0.669784
0.668158
0.671004
0.671411
0.671818
0.668971
0.667751
0.673038
0.671411
0.668158
0.667344
0.664904
0.666124
0.668564
0.674258
0.673038
0.669378
0.664904
0.661651
0.665311
0.667751
0.672224
0.668971
0.667344
0.666938
0.672631
0.673038
0.673444
0.671004
0.670598
0.668158
0.667344
0.668158
0.670598
0.673038
0.675478
0.673038
0.671004
0.667344
0.664498
0.666531
0.670598
0.671818
0.672631
0.671411
0.670598
0.668971
0.668158
0.669378
0.668971
0.667751
0.669378
0.672631
0.666938
0.668158
0.666531
0.668564
0.667751
0.667344
0.672631
0.673444
0.675071
0.673038
0.674664
0.673038
0.675071
0.675071
0.668564
0.669378
0.668971
0.668971
0.668971
0.671818
0.677918
0.676698
0.676291
0.668564
0.661244
0.659211
0.662058
0.668971
0.674664
0.674258
0.674258
0.670598
0.665311
0.664091
0.666124
0.669784
0.672224
0.672224
0.670191
0.672224
0.673038
0.669378
0.666531
0.663278
0.663684
0.668971
0.674664
0.672631
0.671411
0.673444
0.674664
0.672631
0.671411
0.668564
0.668158
0.669378
0.673851
0.675885
0.676698
0.675478
0.670598
0.667751
0.669378
0.669784
0.674664
0.672631
0.671411
0.673851
0.672224
0.674258
0.673038
0.669784
0.669784
0.670598
0.673038
0.671411
0.674664
0.675071
0.675478
0.671004
0.669378
0.666938
0.669378
0.670191
0.673038
0.671004
0.669378
0.672631
0.673444
0.675071
0.672631
0.673851
0.674258
0.674258
0.673038
0.674664
0.671411
0.671818
0.671411
0.670598
0.666124
0.665311
0.668971
0.669784
0.668971
0.670191
0.669378
0.671411
0.673038
0.668971
0.668158
0.667751
0.668971
0.669784
0.672631
0.672631
0.673851
0.673038
0.677105
0.669378
0.661651
0.662871
0.670598
0.671818
0.670191
0.670191
0.670191
0.668971
0.664091
0.664091
0.665718
0.668158
0.674258
0.671411
0.671411
0.672224
0.671411
0.665718
0.667751
0.666531
0.664091
0.665718
0.667344
0.666938
0.667751
0.668564
0.668564
0.669784
0.664091
0.662058
0.663684
0.671411
0.671004
0.668564
0.666938
0.666531
0.666531
0.667751
0.664091
0.669378
0.672224
0.673038
0.671411
0.671818
0.670598
0.671411
0.671818
0.664904
0.666531
0.667344
0.665311
0.668971
0.671818
0.675885
0.676291
0.673851
0.671004
0.667751
0.671411
0.671004
0.671004
0.672224
0.671411
0.672631
0.671004
0.669378
0.671411
0.666531
0.667344
0.668564
0.667751
0.668971
0.670191
0.670191
0.670191
0.666531
0.661651
0.664498
0.666938
0.671411
0.668971
0.666124
0.668564
0.672224
0.670598
0.670598
0.670191
0.669784
0.669784
0.669784
0.671818
0.673038
0.671411
0.673444
0.673038
0.667344
0.660431
0.659211
0.661651
0.668971
0.672631
0.672224
0.671818
0.670191
0.662464
0.665718
0.667751
0.664904
0.669784
0.673038
0.672224
0.673851
0.675071
0.671004
0.667751
0.670191
0.668971
0.674664
0.670191
0.671004
0.668158
0.670598
0.670598
0.666124
0.663278
0.660838
0.661244
0.665718
0.669784
0.671411
0.671411
0.672631
0.671818
0.673444
0.670598
0.669378
0.667751
0.669784
0.669378
0.668564
0.667751
0.666531
0.668971
0.668564
0.666124
0.664498
0.663278
0.665718
0.668971
0.671818
0.669784
0.662871
0.661651
0.663278
0.668971
0.671004
0.669784
0.665311
0.664904
0.671411
0.671818
0.672224
0.671818
0.670598
0.671004
0.670598
0.667344
0.669784
0.668971
0.669784
0.669378
0.671818
0.671818
0.664904
0.662871
0.663278
0.670598
0.671411
0.672224
0.671818
0.666938
0.662464
0.662058
0.662871
0.666938
0.673444
0.673038
0.671818
0.671004
0.669378
0.669784
0.666124
0.666531
0.666124
0.668971
0.669784
0.671004
0.669378
0.674664
0.674258
0.671411
0.666938
0.668158
0.668158
0.669784
0.668971
0.674664
0.674258
0.675478
0.670598
0.664091
0.664498
0.670191
0.674664
0.672224
0.671411
0.668564
0.670598
0.671004
0.670598
0.668158
0.666531
0.664498
0.662871
0.667751
0.673038
0.675071
0.676291
0.674664
0.673851
0.670191
0.671411
0.677511
0.671818
0.672224
0.671004
0.676698
0.676291
0.675071
0.669784
0.667751
0.668564
0.667344
0.668158
0.675885
0.676698
0.677105
0.673038
0.672224
0.668971
0.667751
0.672224
0.674664
0.674258
0.672224
0.673038
0.674258
0.675478
0.671411
0.670191
0.666531
0.664498
0.665311
0.669784
0.675885
0.676698
0.676291
0.675885
0.669784
0.668158
0.667344
0.675071
0.671004
0.666531
0.669378
0.672631
0.671411
0.670598
0.668971
0.671411
0.666531
0.670191
0.671411
0.673038
0.671411
0.671004
0.674258
0.672631
0.670191
0.666531
0.671411
0.675071
0.673851
0.671818
0.675478
0.675885
0.664498
0.667751
0.667344
0.667344
0.667751
0.671818
0.674258
0.676291
0.674664
0.671004
0.670598
0.672631
0.674664
0.675071
0.673444
0.673444
0.674258
0.672631
0.674664
0.672631
0.667751
0.666938
0.665718
0.666531
0.669784
0.672631
0.672631
0.668971
0.659211
0.656364
0.662058
0.672224
0.674664
0.670191
0.668158
0.669784
0.674258
0.671004
0.671411
0.670598
0.664498
0.661651
0.660024
0.660838
0.665311
0.667751
0.670598
0.671411
0.668158
0.669378
0.666531
0.667751
0.670191
0.668971
0.670598
0.671004
0.671818
0.673851
0.664091
0.665718
0.666531
0.666938
0.671004
0.675885
0.677105
0.673851
0.672631
0.673038
0.672631
0.672631
0.672224
0.672631
0.672631
0.671411
0.671004
0.672631
0.671411
0.666124
0.665311
0.664904
0.665311
0.669378
0.671004
0.671818
0.671818
0.672631
0.673444
0.676291
0.672631
0.672224
0.673444
0.671004
0.670598
0.670598
0.671004
0.670191
0.671004
0.664904
0.665311
0.666531
0.666124
0.669378
0.669784
0.673851
0.672224
0.671004
0.671818
0.669378
0.669378
0.669784
0.671004
0.671818
0.668971
0.670191
0.671004
0.670598
0.669378
0.665311
0.663278
0.664498
0.670598
0.673851
0.673851
0.673444
0.673444
0.668564
0.669378
0.671004
0.674258
0.668971
0.665311
0.666124
0.667344
0.671411
0.671411
0.670191
0.668971
0.670191
0.668971
0.668564
0.668971
0.668971
0.671004
0.671004
0.672224
0.668564
0.667751
0.668158
0.667751
0.668971
0.669378
0.669378
0.669378
0.668564
0.664904
0.664498
0.664091
0.662871
0.668158
0.675071
0.676698
0.677105
0.675478
0.676698
0.670598
0.669378
0.671818
0.675071
0.673038
0.672224
0.673444
0.673851
0.673851
0.671411
0.666124
0.665718
0.664904
0.668564
0.670598
0.670191
0.672224
0.669784
0.668971
0.667751
0.667344
0.669378
0.671818
0.671411
0.671818
0.671004
0.667751
0.667751
0.671004
0.663278
0.664904
0.663684
0.662871
0.663278
0.666938
0.668971
0.671004
0.670598
0.665718
0.667751
0.670191
0.671004
0.670598
0.672631
0.670598
0.671004
0.671004
0.672631
0.672631
0.670598
0.668971
0.668971
0.668564
0.671004
0.671411
0.671411
0.670598
0.669378
0.672631
0.667751
0.666124
0.672224
0.670598
0.670598
0.670598
0.671411
0.673038
0.670191
0.669378
0.668564
0.668971
0.670191
0.670598
0.669784
0.670598
0.669784
0.668971
0.666531
0.667344
0.671818
0.666531
0.665718
0.663684
0.668971
0.670191
0.669378
0.672631
0.669784
0.668564
0.668158
0.669378
0.671411
0.672631
0.672631
0.673038
0.673038
0.666938
0.661244
0.660431
0.662058
0.667751
0.671004
0.669378
0.671004
0.668971
0.664498
0.664091
0.665311
0.669378
0.674664
0.671004
0.670598
0.668158
0.669378
0.670598
0.667751
0.667751
0.668564
0.669378
0.669784
0.669378
0.667751
0.667751
0.672224
0.670598
0.666531
0.662871
0.664498
0.664498
0.668971
0.672224
0.668971
0.670191
0.664498
0.661651
0.662058
0.672631
0.673851
0.670191
0.671004
0.669784
0.670598
0.668158
0.670598
0.668564
0.666531
0.664904
0.666531
0.667751
0.672631
0.670598
0.671004
0.670191
0.664091
0.662058
0.664904
0.668564
0.668564
0.668971
0.667344
0.670191
0.669378
0.668971
0.666938
0.672224
0.670598
0.671818
0.671818
0.669784
0.670191
0.668564
0.670191
0.671004
0.666531
0.661651
0.663684
0.666124
0.668971
0.666124
0.665311
0.670191
0.667751
0.666938
0.669784
0.671004
0.671411
0.671004
0.671818
0.670191
0.672631
0.673444
0.675478
0.675478
0.668971
0.669784
0.673851
0.672631
0.671411
0.672224
0.675071
0.673851
0.671818
0.667751
0.668971
0.669378
0.669784
0.673444
0.673038
0.670191
0.673851
0.672224
0.670191
0.669378
0.670191
0.671411
0.671411
0.670191
0.667751
0.667344
0.671411
0.668971
0.665718
0.663684
0.663278
0.664904
0.668971
0.670191
0.668971
0.667751
0.662464
0.658398
0.662871
0.668158
0.674258
0.674258
0.670191
0.669784
0.671411
0.674664
0.674664
0.673851
0.671411
0.672631
0.670191
0.670598
0.671411
0.670598
0.671411
0.671818
0.672631
0.672631
0.664904
0.662871
0.661651
0.664091
0.664904
0.669784
0.666531
0.667344
0.667344
0.670598
0.669378
0.672631
0.671411
0.666938
0.664498
0.666124
0.667751
0.673851
0.672631
0.672224
0.672224
0.671818
0.670191
0.671818
0.667751
0.665718
0.666124
0.672631
0.672224
0.671818
0.668564
0.669784
0.669378
0.672224
0.675071
0.674664
0.668971
0.663684
0.664498
0.667751
0.671818
0.670191
0.668971
0.666124
0.671411
0.672224
0.672631
0.672224
0.672631
0.672631
0.672224
0.671004
0.669378
0.668971
0.670598
0.671818
0.672631
0.669784
0.666531
0.666531
0.668564
0.669784
0.670191
0.670598
0.672224
0.671411
0.667751
0.666938
0.668564
0.670598
0.673444
0.671004
0.670598
0.670191
0.670598
0.669784
0.670191
0.669784
0.668971
0.670191
0.668564
0.668564
0.668158
0.668564
0.671411
0.667751
0.668971
0.670191
0.671818
0.673851
0.668971
0.668564
0.666124
0.668158
0.667344
0.664091
0.670598
0.671004
0.670598
0.669784
0.669784
0.670191
0.672631
0.674258
0.673038
0.666938
0.667344
0.666938
0.668564
0.667751
0.671818
0.673444
0.673038
0.673444
0.664498
0.660838
0.661651
0.669784
0.670598
0.668564
0.667344
0.669378
0.668564
0.668971
0.671004
0.673444
0.672631
0.674258
0.675478
0.674258
0.673851
0.673038
0.672224
0.673851
0.669378
0.666124
0.668971
0.672224
0.672224
0.671818
0.669784
0.668564
0.666531
0.668971
0.668971
0.667751
0.669378
0.670598
0.670598
0.667344
0.663684
0.662058
0.660024
0.669378
0.668971
0.666531
0.668971
0.668158
0.666531
0.670191
0.671004
0.668564
0.666938
0.666938
0.666124
0.665718
0.667344
0.667751
0.668971
0.670598
0.672224
0.673038
0.666938
0.664091
0.667344
0.670598
0.672224
0.670191
0.670598
0.669784
0.667751
0.665311
0.670191
0.673444
0.673038
0.674258
0.674258
0.672631
0.671411
0.675071
0.673444
0.674258
0.671004
0.670191
0.668971
0.670191
0.673038
0.674258
0.674258
0.675071
0.666531
0.668158
0.667751
0.669378
0.668158
0.667344
0.676291
0.674664
0.674258
0.675071
0.667751
0.665311
0.664904
0.671004
0.672224
0.669784
0.668564
0.669784
0.671004
0.666938
0.666531
0.673038
0.672631
0.671818
0.671411
0.671004
0.670598
0.670191
0.671818
0.666938
0.665311
0.668158
0.667751
0.669784
0.669784
0.670598
0.668564
0.671411
0.673851
0.671004
0.668971
0.669784
0.669378
0.670191
0.668971
0.672631
0.675071
0.671818
0.664904
0.664091
0.664091
0.668158
0.671004
0.672631
0.667751
0.670191
0.671004
0.670598
0.665311
0.668158
0.669378
0.671818
0.671818
0.670191
0.667751
0.668158
0.669784
0.671411
0.668564
0.666938
0.668971
0.671004
0.671004
0.667344
0.669784
0.668564
0.668971
0.671411
0.670191
0.670598
0.670598
0.671818
0.675071
0.670191
0.668564
0.665311
0.664091
0.664904
0.667344
0.671411
0.671004
0.670191
0.670191
0.672631
0.666124
0.664498
0.665718
0.668971
0.670191
0.668971
0.667751
0.666531
0.668158
0.668971
0.670191
0.672224
