0.536804
0.538430
0.533550
0.529077
0.529077
0.529484
0.531924
0.532330
0.535584
0.535584
0.534364
0.536804
0.536804
0.536397
0.540057
0.538430
0.534770
0.533550
0.532737
0.528670
0.527857
0.531110
0.525010
0.526230
0.529890
0.529077
0.533957
0.535177
0.536397
0.536397
0.539650
0.539650
0.538837
0.540057
0.539244
0.538024
0.537210
0.535584
0.534364
0.533957
0.533957
0.533550
0.533144
0.532330
0.535177
0.539244
0.543310
0.545750
0.546157
0.546157
0.544124
0.543310
0.542904
0.542090
0.540870
0.541684
0.542904
0.542904
0.542904
0.543717
0.540870
0.541684
0.541277
0.541684
0.543717
0.544124
0.545344
0.543310
0.539650
0.540870
0.540464
0.543717
0.549817
0.557950
0.559984
0.561204
0.563644
0.563644
0.562424
0.561610
0.557950
0.548190
0.543717
0.544124
0.549004
0.554697
0.558764
0.560390
0.558357
0.558764
0.555917
0.554697
0.555510
0.555917
0.555510
0.555917
0.554697
0.554697
0.546157
0.545750
0.559577
0.564050
0.570557
0.573810
0.576251
0.577471
0.573404
0.568930
0.566897
0.564457
0.558764
0.562017
0.564457
0.566897
0.567304
0.566490
0.563644
0.565270
0.565677
0.576251
0.577064
0.580724
0.579911
0.579504
0.574624
0.570557
0.575031
0.567710
0.575844
0.579911
0.581944
0.586011
0.589264
0.589264
0.588044
0.586011
0.576251
0.571777
0.573810
0.579911
0.588451
0.589264
0.591704
0.590077
0.589264
0.588451
0.587231
0.578691
0.581944
0.579504
0.579097
0.586824
0.583977
0.586011
0.587231
0.586417
0.582351
0.585604
0.585197
0.592111
0.589264
0.588044
0.588044
0.590484
0.586417
0.588857
0.581131
0.585197
0.588451
0.590077
0.587231
0.585604
0.588044
0.588451
0.590077
0.588044
0.583571
0.585604
0.588451
0.587637
0.588857
0.588857
0.590077
0.594144
0.595771
0.594957
0.594551
0.592111
0.593331
0.594957
0.597804
0.599837
0.597804
0.601057
0.599024
0.599837
0.603091
0.603497
0.596584
0.598617
0.597804
0.595364
0.598211
0.599837
0.602277
0.601871
0.606751
0.601057
0.602277
0.606344
0.608784
0.612037
0.610411
0.607564
0.606751
0.608377
0.608377
0.605124
0.608377
0.605531
0.603091
0.601464
0.608377
0.607157
0.605124
0.610004
0.602684
0.602277
0.603497
0.615291
0.614477
0.607971
0.615291
0.614071
0.610817
0.608784
0.610411
0.608377
0.618137
0.623017
0.620577
0.619357
0.619764
0.611631
0.616917
0.624644
0.619357
0.620171
0.622204
0.624644
0.619357
0.615697
0.620577
0.617731
0.621391
0.619764
0.624237
0.617324
0.618137
0.622204
0.615697
0.615291
0.604717
0.609597
0.613257
0.621391
0.622204
0.621391
0.633184
0.623831
0.624237
0.625051
0.628304
0.619764
0.616104
0.620577
0.623831
0.618951
0.617731
0.622611
0.625864
0.612037
0.614477
0.613257
0.626678
0.626678
0.628711
0.626271
0.622204
0.629931
0.621391
0.620577
0.620171
0.623017
0.618951
0.621797
0.620577
0.625864
0.623831
0.624644
0.624237
0.629931
0.625051
0.617731
0.618137
0.624237
0.628304
0.631558
0.629118
0.627491
0.628304
0.624644
0.628711
0.629118
0.628304
0.628711
0.628711
0.623831
0.622611
0.617731
0.609597
0.610411
0.612444
0.615697
0.617324
0.614071
0.614477
0.611224
0.614884
0.619357
0.625051
0.632371
0.633998
0.636844
0.631558
0.625458
0.626271
0.626271
0.619357
0.616917
0.618951
0.621391
0.628304
0.629524
0.632371
0.629524
0.628711
0.632371
0.633998
0.626678
0.621797
0.619357
0.629118
0.626678
0.626271
0.629931
0.627898
0.627491
0.633591
0.629931
0.632778
0.633998
0.635624
0.639691
0.633184
0.630744
0.628711
0.622204
0.627084
0.610817
0.608377
0.602277
0.599431
0.597804
0.597397
0.597397
0.599837
0.608377
0.608377
0.612851
0.610817
0.609597
0.610004
0.608784
0.608784
0.608784
0.612037
0.614884
0.617324
0.615291
0.622611
0.632371
0.635624
0.633998
0.631558
0.627084
0.620171
0.618951
0.616917
0.618951
0.620171
0.624644
0.621797
0.620577
0.622611
0.624237
0.639691
0.641318
0.637251
0.633591
0.630338
0.634811
0.634404
0.635624
0.626678
0.625051
0.627084
0.627084
0.624237
0.625051
0.629118
0.623017
0.615697
0.621797
0.624237
0.627084
0.632778
0.642538
0.640504
0.642944
0.638064
0.638064
0.642944
0.642538
0.637658
0.638878
0.640504
0.642538
0.644571
0.640098
0.641724
0.644978
0.633184
0.632778
0.630338
0.629524
0.629524
0.631151
0.633998
0.637658
0.635218
0.640098
0.638064
0.638878
0.639691
0.641724
0.638878
0.641318
0.643758
0.640911
0.638064
0.636031
0.635218
0.635218
0.641318
0.639284
0.635624
0.636844
0.640504
0.641318
0.642131
0.641724
0.643758
0.637251
0.636844
0.637251
0.638878
0.639691
0.637658
0.636031
0.636844
0.641318
0.644164
0.637251
0.636844
0.639284
0.643351
0.645791
0.643758
0.642944
0.645384
0.648231
0.646198
0.641724
0.645791
0.636031
0.638064
0.636031
0.638471
0.640504
0.643758
0.645384
0.644571
0.648638
0.644164
0.640098
0.642538
0.644978
0.643351
0.639284
0.640911
0.643758
0.642131
0.643351
0.642131
0.644164
0.647011
0.644978
0.644978
0.646604
0.642944
0.640504
0.637251
0.641318
0.646604
0.644571
0.643758
0.644571
0.646198
0.644164
0.643758
0.641318
0.636844
0.633184
0.641724
0.640911
0.643758
0.645384
0.644164
0.644164
0.629118
0.638471
0.649044
0.643351
0.645791
0.645384
0.635624
0.630338
0.628304
0.627491
0.632371
0.630338
0.633591
0.629931
0.627491
0.633184
0.634811
0.639284
0.640911
0.646604
0.643351
0.642538
0.641724
0.642944
0.642944
0.644978
0.648638
0.644571
0.641318
0.646604
0.644571
0.649858
0.647824
0.647011
0.647824
0.648231
0.647824
0.649858
0.649451
0.649044
0.649044
0.641724
0.644164
0.645791
0.650264
0.651891
0.646604
0.646198
0.645791
0.646198
0.642131
0.647011
0.644978
0.649044
0.647824
0.646198
0.638878
0.633591
0.634404
0.633184
0.636438
0.647824
0.644978
0.645384
0.641318
0.631558
0.631558
0.632371
0.637658
0.631151
0.630338
0.636844
0.631964
0.632778
0.631964
0.642131
0.644164
0.647824
0.649451
0.648231
0.644571
0.644164
0.640504
0.638878
0.636438
0.638064
0.639691
0.640504
0.639691
0.640504
0.644978
0.643758
0.646198
0.644164
0.643351
0.640504
0.634404
0.630338
0.631964
0.631964
0.631151
0.634404
0.636844
0.637251
0.643758
0.649044
0.645384
0.649451
0.643758
0.638471
0.638878
0.638064
0.638878
0.637658
0.636031
0.640504
0.642131
0.647418
0.644164
0.641318
0.638471
0.651078
0.648231
0.646198
0.654331
0.649858
0.648638
0.645791
0.648231
0.647011
0.644978
0.647824
0.650264
0.649451
0.649858
0.644571
0.644164
0.639284
0.642538
0.645384
0.647011
0.647418
0.649451
0.650671
0.643758
0.645791
0.644164
0.644164
0.644571
0.650671
0.647011
0.645791
0.647011
0.649451
0.649858
0.649451
0.647824
0.645791
0.646198
0.651078
0.647418
0.644978
0.650671
0.650671
0.643758
0.645791
0.644164
0.644978
0.644978
0.644978
0.642944
0.642538
0.642944
0.641318
0.647824
0.648231
0.647418
0.647418
0.647418
0.649858
0.644571
0.644978
0.649451
0.649044
0.645791
0.646198
0.649451
0.651891
0.649044
0.649451
0.648638
0.647011
0.649858
0.646604
0.647011
0.645791
0.642538
0.644978
0.646604
0.641724
0.646604
0.648638
0.646604
0.644978
0.646198
0.644571
0.648231
0.650671
0.649451
0.647418
0.644164
0.644571
0.648638
0.647824
0.647011
0.647418
0.647011
0.645791
0.646198
0.640504
0.640098
0.640911
0.646604
0.650671
0.643758
0.641318
0.649044
0.649044
0.649451
0.648638
0.649451
0.651484
0.649858
0.651078
0.649044
0.650671
0.649451
0.652704
0.649858
0.647418
0.649451
0.647418
0.651891
0.651078
0.648231
0.651891
0.650671
0.646198
0.643351
0.644978
0.648231
0.648638
0.649451
0.645384
0.646604
0.647011
0.644978
0.647824
0.647011
0.645384
0.646198
0.647418
0.645791
0.645384
0.647824
0.647824
0.645791
0.642944
0.645791
0.646604
0.647011
0.647418
0.647011
0.645791
0.649044
0.649451
0.645791
0.644978
0.646198
0.644978
0.647011
0.647011
0.646604
0.649858
0.649858
0.647824
0.645384
0.644978
0.643758
0.646604
0.647011
0.645384
0.643758
0.649451
0.649858
0.649044
0.646604
0.644571
0.645384
0.648231
0.647824
0.646198
0.644571
0.647418
0.647824
0.651078
0.645791
0.644978
0.644571
0.649044
0.646198
0.647824
0.649451
0.653111
0.649451
0.649451
0.648638
0.647418
0.646604
0.648638
0.646198
0.649451
0.649858
0.647418
0.650671
0.644164
0.644571
0.645384
0.644571
0.648638
0.648638
0.652298
0.652298
0.652704
0.647418
0.646604
0.649044
0.647011
0.645791
0.643758
0.647011
0.645384
0.647824
0.648231
0.646198
0.647418
0.647824
0.650264
0.650671
0.649044
0.649858
0.651484
0.652704
0.651078
0.651891
0.650264
0.649044
0.646604
0.647011
0.649451
0.645791
0.644978
0.649451
0.648231
0.647011
0.648231
0.650264
0.649044
0.654738
0.654738
0.652298
0.651484
0.650264
0.647824
0.646604
0.652298
0.649858
0.649858
0.650671
0.648638
0.648231
0.649858
0.650264
0.645791
0.647418
0.649858
0.650671
0.651078
0.650671
0.652704
0.653924
0.653924
0.654331
0.651891
0.648231
0.649044
0.648638
0.648638
0.649044
0.646604
0.645791
0.649858
0.650671
0.647824
0.648638
0.649858
0.649044
0.650671
0.650264
0.650264
0.652704
0.653111
0.646604
0.647011
0.649044
0.649858
0.649451
0.650264
0.648638
0.649451
0.651078
0.647418
0.647824
0.648231
0.650264
0.649451
0.651891
0.654738
0.653924
0.650264
0.655958
0.651484
0.649044
0.649044
0.651484
0.649451
0.650264
0.651484
0.651484
0.649451
0.651891
0.650264
0.649858
0.649858
0.649451
0.649044
0.649858
0.648638
0.648638
0.649858
0.650671
0.649044
0.648638
0.648231
0.649451
0.648638
0.647824
0.647824
0.649451
0.649858
0.649858
0.651484
0.650671
0.646604
0.647011
0.649858
0.650671
0.651078
0.651484
0.651484
0.651484
0.651078
0.651484
0.648638
0.650264
0.647418
0.653518
0.653111
0.654331
0.652704
0.651484
0.647011
0.647011
0.641724
0.647011
0.649451
0.653111
0.651484
0.651891
0.651078
0.651484
0.653518
0.650671
0.651891
0.655551
0.650264
0.651891
0.652298
0.651078
0.653518
0.652704
0.652298
0.649451
0.650671
0.651484
0.652298
0.652704
0.653924
0.653111
0.653924
0.652298
0.653924
0.655551
0.653111
0.651484
0.652298
0.653111
0.652298
0.652298
0.651891
0.653111
0.652704
0.650264
0.653518
0.653111
0.654331
0.653111
0.653924
0.653518
0.651891
0.653518
0.651484
0.652298
0.651078
0.653111
0.652704
0.653924
0.653924
0.653924
0.654738
0.647011
0.644164
0.643758
0.653111
0.653924
0.654331
0.653111
0.653518
0.652298
0.655551
0.648638
0.650671
0.654331
0.655551
0.655958
0.654331
0.655551
0.656364
0.653924
0.649858
0.649451
0.651891
0.651484
0.653111
0.654331
0.653111
0.652704
0.652298
0.651484
0.645791
0.643351
0.644571
0.649451
0.651484
0.653518
0.653111
0.653518
0.649858
0.649451
0.644571
0.642538
0.644571
0.649858
0.653111
0.655144
0.655144
0.655551
0.651484
0.653924
0.652704
0.647824
0.649044
0.655144
0.653518
0.652298
0.654738
0.651078
0.651891
0.652704
0.652298
0.653518
0.653111
0.653924
0.655958
0.653111
0.651891
0.651078
0.651484
0.653111
0.651078
0.651484
0.651484
0.649858
0.649044
0.651484
0.651484
0.650671
0.650264
0.649451
0.649858
0.652298
0.651891
0.650671
0.652298
0.651078
0.653518
0.655144
0.649858
0.650671
0.650671
0.653518
0.654331
0.650264
0.654738
0.653111
0.652704
0.651484
0.651484
0.651891
0.654738
0.655144
0.651484
0.653518
0.654331
0.652704
0.653111
0.650264
0.648231
0.653111
0.656364
0.658398
0.654738
0.655551
0.657178
0.651891
0.650671
0.649044
0.649044
0.653924
0.653518
0.653924
0.654331
0.655144
0.654738
0.657584
0.658398
0.651891
0.652298
0.657178
0.655958
0.655144
0.659211
0.657584
0.656364
0.655958
0.655551
0.651078
0.654331
0.657178
0.655144
0.651484
0.652298
0.653518
0.652704
0.653518
0.651484
0.650264
0.653924
0.652298
0.652704
0.653924
0.652298
0.653518
0.653518
0.655958
0.651891
0.649858
0.655958
0.657178
0.653924
0.651484
0.651078
0.651078
0.654738
0.653111
0.651484
0.653518
0.655551
0.656364
0.655144
0.655551
0.654738
0.651484
0.652704
0.649044
0.649858
0.652704
0.653518
0.652298
0.652298
0.651078
0.655144
0.657991
0.656771
0.652704
0.652298
0.655144
0.656364
0.655551
0.653111
0.655551
0.656771
0.656364
0.653924
0.652298
0.654331
0.656771
0.654331
0.655144
0.654331
0.654331
0.654738
0.653518
0.654331
0.651078
0.656364
0.658398
0.657178
0.657178
0.654738
0.652704
0.651484
0.651078
0.651078
0.653111
0.653518
0.652298
0.657178
0.656771
0.655958
0.655551
0.656364
0.656364
0.654331
0.657178
0.655958
0.656364
0.655144
0.654331
0.654331
0.653111
0.651891
0.648638
0.652298
0.652704
0.655144
0.654738
0.653924
0.655144
0.655958
0.656771
0.653924
0.653924
0.654738
0.657178
0.656364
0.655958
0.655551
0.654738
0.653924
0.652704
0.653924
0.654738
0.652298
0.655144
0.656771
0.657584
0.658398
0.659211
0.660431
0.655551
0.655958
0.655958
0.657178
0.659211
0.657178
0.657991
0.656364
0.657584
0.656364
0.656364
0.657584
0.657584
0.659211
0.655958
0.652704
0.653111
0.656771
0.655551
0.653518
0.650671
0.650264
0.654738
0.656364
0.655144
0.654738
0.654331
0.654738
0.654331
0.654738
0.650671
0.655144
0.656364
0.657584
0.659211
0.656364
0.656771
0.656364
0.655144
0.657178
0.657584
0.656364
0.655958
0.656364
0.658398
0.657584
0.655144
0.656771
0.655958
0.659211
0.659211
0.659211
0.660024
0.660024
0.660838
0.661244
0.658398
0.655958
0.660024
0.656364
0.656364
0.660838
0.657991
0.657178
0.656364
0.659618
0.660838
0.656771
0.657991
0.657991
0.657178
0.656771
0.659618
0.656364
0.654738
0.657991
0.657178
0.657178
0.656364
0.657178
0.655144
0.655958
0.655144
0.653924
0.655144
0.654331
0.654331
0.651891
0.652298
0.653518
0.653518
0.653518
0.654331
0.653518
0.653111
0.653111
0.655144
0.649451
0.654331
0.655144
0.655958
0.659211
0.659618
0.657991
0.657584
0.657991
0.655958
0.656771
0.655144
0.655958
0.654331
0.655958
0.657991
0.660431
0.658804
0.656771
0.653924
0.655958
0.658398
0.659618
0.659211
0.657178
0.656771
0.658398
0.650671
0.653518
0.655144
0.658804
0.656771
0.655551
0.656364
0.657178
0.658804
0.654331
0.651078
0.648638
0.655551
0.657178
0.657584
0.654738
0.654331
0.652704
0.655144
0.656364
0.650671
0.646604
0.652704
0.653111
0.651891
0.650671
0.653518
0.652298
0.654738
0.657178
0.651484
0.648638
0.652298
0.655144
0.653924
0.649451
0.648638
0.650264
0.653924
0.653111
0.654738
0.654738
0.655958
0.658804
0.657991
0.657991
0.656364
0.657584
0.659211
0.659211
0.656771
0.656364
0.657584
0.657991
0.659211
0.659211
0.654738
0.652704
0.652704
0.656771
0.657178
0.657584
0.659211
0.659618
0.658398
0.660024
0.657991
0.655958
0.659211
0.658804
0.658804
0.657178
0.657991
0.657991
0.658804
0.659211
0.653924
0.651891
0.655144
0.657991
0.656771
0.657991
0.657991
0.656771
0.658398
0.655958
0.657584
0.657584
0.657991
0.656771
0.658398
0.655144
0.653518
0.653924
0.652298
0.651891
0.651078
0.654738
0.657178
0.659618
0.658398
0.656771
0.654738
0.654331
0.654331
0.656364
0.656771
0.660431
0.656771
0.658398
0.656364
0.651891
0.653518
0.655958
0.653924
0.654331
0.652704
0.654331
0.655958
0.658804
0.655958
0.649858
0.655958
0.658398
0.654738
0.656771
0.655958
0.656364
0.656771
0.655551
0.655551
0.656364
0.655958
0.657584
0.653924
0.654738
0.651891
0.656364
0.655551
0.660024
0.660024
0.659211
0.656771
0.657584
0.660024
0.657991
0.660024
0.659211
0.656364
0.656364
0.657178
0.657584
0.655551
0.654738
0.654331
0.657584
0.655958
0.659618
0.659211
0.658398
0.657584
0.656771
0.656364
0.655958
0.654738
0.656364
0.657991
0.659618
0.662871
0.659618
0.661651
0.658804
0.657178
0.658398
0.661651
0.658804
0.659211
0.657584
0.657991
0.659618
0.656771
0.657584
0.657178
0.660024
0.657991
0.658398
0.655958
0.658398
0.655958
0.656771
0.656364
0.654331
0.655551
0.653518
0.657584
0.654738
0.655144
0.655958
0.660024
0.657991
0.656771
0.656364
0.657584
0.657991
0.663278
0.660024
0.657584
0.660431
0.657991
0.659618
0.656364
0.657178
0.656771
0.660838
0.658398
0.658398
0.657991
0.656364
0.655551
0.653924
0.654738
0.652298
0.657178
0.655551
0.656364
0.656364
0.653518
0.653518
0.653111
0.653518
0.653111
0.654738
0.659618
0.658398
0.657991
0.655144
0.653111
0.656364
0.654738
0.651078
0.652298
0.652298
0.654331
0.657991
0.659211
0.655958
0.653924
0.653924
0.659211
0.655958
0.653518
0.655144
0.657991
0.658804
0.657178
0.649044
0.648638
0.657178
0.657584
0.651484
0.653111
0.657991
0.658398
0.657991
0.654738
0.655144
0.655958
0.658398
0.658804
0.656771
0.657584
0.656364
0.656364
0.656364
0.657178
0.655551
0.658804
0.662871
0.660431
0.658804
0.659618
0.661244
0.658398
0.659211
0.658398
0.661244
0.660838
0.659211
0.658804
0.655551
0.658804
0.657178
0.657584
0.660838
0.659211
0.659618
0.660431
0.662058
0.662871
0.662871
0.662464
0.658804
0.660838
0.658804
0.655551
0.655958
0.654738
0.655958
0.656364
0.657178
0.654331
0.657584
0.657178
0.657584
0.655958
0.657991
0.656364
0.659211
0.659211
0.657178
0.660838
0.657584
0.656771
0.655144
0.654738
0.653111
0.656771
0.654738
0.657584
0.660431
0.660024
0.658804
0.661651
0.657584
0.656771
0.658804
0.660838
0.662058
0.658398
0.660838
0.655551
0.655958
0.655958
0.655551
0.654331
0.654331
0.659211
0.656771
0.653924
0.660838
0.661651
0.659618
0.659211
0.658804
0.660024
0.659618
0.657991
0.654738
0.655144
0.658804
0.659211
0.657584
0.660024
0.658398
0.658804
0.655958
0.662464
0.660024
0.662058
0.657584
0.655144
0.653111
0.652704
0.649044
0.651891
0.651484
0.652704
0.658398
0.661651
0.659211
0.661244
0.660838
0.659211
0.657178
0.658804
0.660838
0.659618
0.662464
0.660024
0.658804
0.655551
0.651891
0.656771
0.654738
0.653111
0.654738
0.655551
0.655551
0.657584
0.654331
0.653111
0.658398
0.655144
0.652298
0.653924
0.657178
0.661244
0.657584
0.659618
0.658804
0.656364
0.657991
0.656771
0.656364
0.653518
0.653924
0.653924
0.655144
0.655144
0.656364
0.655551
0.655551
0.654738
0.657178
0.658398
0.658398
0.655958
0.655958
0.653111
0.653924
0.653924
0.653924
0.653518
0.657991
0.657991
0.661244
0.658804
0.658804
0.655551
0.653924
0.654738
0.657584
0.656364
0.662464
0.660838
0.663278
0.664091
0.658398
0.657991
0.662464
0.662871
0.660024
0.661244
0.665718
0.665718
0.662464
0.662464
0.659618
0.659211
0.660024
0.662464
0.661651
0.664091
0.655958
0.659618
0.661651
0.657584
0.657584
0.657991
0.657991
0.657991
0.658398
0.660838
0.657991
0.657178
0.656364
0.657584
0.660024
0.660024
0.656364
0.654331
0.657584
0.661651
0.663684
0.662464
0.659618
0.657178
0.654738
0.654738
0.653111
0.654331
0.658398
0.662871
0.660431
0.656364
0.657584
0.658804
0.659618
0.655958
0.656364
0.657991
0.664904
0.661244
0.662871
0.660024
0.659618
0.657584
0.660431
0.660431
0.658804
0.660431
0.660838
0.657178
0.653518
0.653518
0.655551
0.656364
0.651891
0.651891
0.652704
0.661651
0.663278
0.661244
0.658398
0.654331
0.647418
0.649451
0.649451
0.652298
0.653111
0.653518
0.655144
0.657178
0.657991
0.657584
0.654331
0.657178
0.660431
0.659618
0.656771
0.656771
0.657584
0.657584
0.657991
0.656364
0.658398
0.657991
0.660838
0.660431
0.660838
0.659618
0.657584
0.655958
0.658398
0.657584
0.657178
0.657584
0.658804
0.658398
0.660838
0.658804
0.658804
0.659211
0.660024
0.658804
0.659211
0.658398
0.663278
0.662871
0.662058
0.658398
0.654331
0.653518
0.656771
0.655958
0.654331
0.656364
0.657991
0.660024
0.659618
0.659618
0.653518
0.654738
0.653518
0.653924
0.654738
0.658398
0.658398
0.657178
0.659211
0.650671
0.651078
0.654331
0.652704
0.657584
0.660431
0.656364
0.660024
0.664091
0.661244
0.659211
0.659211
0.658804
0.658804
0.658398
0.659211
0.660431
0.658804
0.661244
0.655144
0.652704
0.654738
0.655958
0.657178
0.658398
0.657991
0.659618
0.659618
0.658804
0.654738
0.653518
0.652704
0.651891
0.650264
0.654331
0.654738
0.657584
0.659211
0.658398
0.654738
0.651078
0.654738
0.658398
0.655551
0.656771
0.658804
0.661244
0.662058
0.659211
0.655551
0.656364
0.656364
0.656771
0.656771
0.656771
0.660838
0.660024
0.658804
0.654738
0.653111
0.651484
0.650671
0.652704
0.653924
0.655958
0.656364
0.656364
0.652298
0.653518
0.650671
0.648231
0.650264
0.655144
0.658398
0.658398
0.658804
0.659211
0.652704
0.653111
0.651078
0.649044
0.653111
0.655958
0.657178
0.662058
0.659211
0.657178
0.655958
0.654738
0.654331
0.655144
0.655144
0.655551
0.658804
0.658398
0.658804
0.651891
0.648638
0.653111
0.651891
0.651078
0.654738
0.660838
0.661244
0.659211
0.661651
0.657991
0.656771
0.656364
0.653518
0.657178
0.653924
0.660024
0.659211
0.659618
0.659211
0.657178
0.657178
0.657584
0.654331
0.651891
0.654331
0.659211
0.660431
0.660431
0.656364
0.650671
0.655144
0.653518
0.653924
0.653924
0.654331
0.662464
0.659618
0.655958
0.657991
0.659618
0.658804
0.661244
0.653518
0.656364
0.660431
0.660431
0.661244
0.662464
0.656364
0.659618
0.660431
0.656771
0.658398
0.655144
0.658804
0.661651
0.659618
0.659211
0.654738
0.651078
0.653111
0.652704
0.653111
0.656771
0.658398
0.659211
0.657178
0.655958
0.655958
0.655144
0.654738
0.661651
0.661651
0.657584
0.656771
0.657584
0.659211
0.656364
0.651891
0.654331
0.653924
0.657991
0.658804
0.660024
0.660838
0.661244
0.662058
0.661244
0.658804
0.662464
0.662464
0.662058
0.659211
0.657991
0.658398
0.659618
0.660024
0.656771
0.658804
0.656364
0.655144
0.654331
0.652704
0.657178
0.658398
0.661651
0.661651
0.660024
0.660024
0.661244
0.661651
0.657178
0.658804
0.658804
0.658398
0.662464
0.661244
0.656364
0.656364
0.659618
0.653518
0.655551
0.659618
0.656364
0.660024
0.659211
0.659211
0.654331
0.655551
0.657991
0.657178
0.657178
0.659618
0.658398
0.660838
0.661244
0.657584
0.656364
0.656771
0.656364
0.660838
0.660431
0.662871
0.661244
0.659618
0.655144
0.653111
0.650671
0.649858
0.649451
0.655551
0.656771
0.653518
0.653111
0.654331
0.657178
0.655144
0.656364
0.655958
0.656364
0.654331
0.657584
0.657991
0.657178
0.655551
0.658804
0.655144
0.655958
0.655958
0.655551
0.655958
0.656364
0.654738
0.652704
0.654331
0.654738
0.655551
0.653111
0.652298
0.651891
0.654331
0.655144
0.650264
0.652298
0.655551
0.656771
0.655551
0.651078
0.653518
0.656771
0.651078
0.657178
0.654331
0.649858
0.652704
0.656771
0.651891
0.650671
0.651484
0.653924
0.654331
0.653518
0.652298
0.661244
0.659211
0.657991
0.653518
0.657991
0.657584
0.657178
0.660024
0.658804
0.657991
0.660024
0.660838
0.659211
0.658804
0.656771
0.654331
0.659211
0.657991
0.657584
0.658398
0.658398
0.659618
0.654738
0.653518
0.653111
0.651891
0.654331
0.659618
0.659211
0.657584
0.660024
0.657991
0.658804
0.659618
0.658398
0.660024
0.660838
0.662464
0.662058
0.660431
0.662058
0.658804
0.657991
0.658398
0.656364
0.661651
0.660838
0.658398
0.661244
0.655958
0.655144
0.654738
0.654331
0.652704
0.653111
0.656364
0.655144
0.657991
0.662058
0.656771
0.656364
0.653924
0.653518
0.651078
0.653518
0.654738
0.654331
0.657991
0.659618
0.656771
0.657584
0.657178
0.660838
0.664091
0.662464
0.659618
0.662871
0.662871
0.661651
0.660838
0.658804
0.662464
0.659618
0.659618
0.655551
0.658804
0.657584
0.660431
0.663278
0.653518
0.653518
0.654738
0.655551
0.652298
0.651484
0.650264
0.653518
0.655551
0.657991
0.651484
0.658804
0.656771
0.659211
0.658804
0.654738
0.656364
0.660838
0.666531
0.656771
0.655144
0.659211
0.655144
0.658398
0.657178
0.651078
0.651891
0.652298
0.655958
0.654738
0.654738
0.653518
0.655958
0.653518
0.656364
0.650671
0.652298
0.652704
0.657584
0.657178
0.653518
0.655144
0.655551
0.653924
0.654331
0.648231
0.649451
0.656771
0.652298
0.656364
0.650671
0.653518
0.655551
0.654331
0.653518
0.653111
0.653518
0.660024
0.657991
0.657584
0.655144
0.656364
0.659211
0.658804
0.658398
0.654738
0.655551
0.657178
0.657991
0.654738
0.655551
0.658804
0.657584
0.656364
0.655551
0.656364
0.658804
0.660024
0.649858
0.652298
0.657991
0.651078
0.651891
0.657991
0.657178
0.657178
0.659211
0.654331
0.658398
0.657991
0.654738
0.655551
0.655958
0.654331
0.656364
0.660024
0.660431
0.651078
0.652298
0.655144
0.653518
0.659618
0.657584
0.656771
0.657178
0.660431
0.662058
0.658398
0.657991
0.657178
0.657178
0.657178
0.659211
0.658804
0.659211
0.661244
0.658398
0.656364
0.657178
0.655551
0.659211
0.656364
0.657178
0.658804
0.659211
0.662871
0.656771
0.659618
0.660024
0.660838
0.660431
0.659211
0.664904
0.666124
0.661244
0.657178
0.660024
0.659211
0.662058
0.659211
0.660431
0.661244
0.657991
0.658398
0.658804
0.653111
0.662058
0.656771
0.659211
0.658804
0.657991
0.659211
0.660431
0.661244
0.655958
0.657991
0.657178
0.657178
0.655144
0.660838
0.662464
0.659618
0.661651
0.660431
0.652704
0.659211
0.657991
0.658398
0.658804
0.656771
0.656364
0.656771
0.659618
0.657178
0.651078
0.655144
0.653111
0.655958
0.655551
0.654738
0.658398
0.657584
0.660838
0.656771
0.653518
0.651891
0.655144
0.659211
0.660024
0.657584
0.660838
0.658804
0.653518
0.655958
0.653518
0.653924
0.652298
0.655144
0.654738
0.656771
0.656364
0.658804
0.655551
0.656771
0.654738
0.658398
0.654738
0.659618
0.661651
0.662058
0.659618
0.653924
0.660024
0.654331
0.654738
0.655551
0.654738
0.659211
0.662058
0.658804
0.659211
0.661651
0.658804
0.656771
0.658398
0.655551
0.659618
0.658398
0.659618
0.659618
0.660838
0.660431
0.655958
0.655958
0.657991
0.656771
0.657584
0.657991
0.662058
0.664091
0.664498
0.657991
0.659618
0.659618
0.659211
0.656364
0.659618
0.656771
0.660838
0.655958
0.657991
0.657584
0.658398
0.660431
0.655551
0.656771
0.659211
0.661244
0.664904
0.666124
0.658398
0.658398
0.657584
0.660431
0.659618
0.659211
0.659618
0.655551
0.659211
0.653518
0.656364
0.658398
0.655144
0.654738
0.649451
0.648638
0.652298
0.658804
0.662058
0.652298
0.659211
0.661651
0.654331
0.655144
0.660024
0.661244
0.661651
0.661651
0.660024
0.653111
0.657991
0.657991
0.659211
0.657584
0.658804
0.658804
0.657584
0.657584
0.655958
0.656771
0.654331
0.653111
0.653111
0.659211
0.660024
0.655958
0.657991
0.657991
0.654738
0.656364
0.655144
0.662058
0.662058
0.665718
0.658804
0.657991
0.659211
0.659618
0.659211
0.655958
0.655551
0.655144
0.658398
0.657991
0.661244
0.660024
0.661651
0.661244
0.661244
0.659618
0.659618
0.660024
0.660024
0.659618
0.658804
0.659618
0.660024
0.655958
0.654331
0.657991
0.655551
0.654738
0.658804
0.660431
0.660838
0.661651
0.657584
0.655958
0.655958
0.654331
0.655551
0.657991
0.660431
0.659211
0.656771
0.653111
0.657584
0.660431
0.655144
0.661244
0.662464
0.660838
0.661244
0.660838
0.660431
0.662058
0.658398
0.658804
0.659618
0.662058
0.662058
0.658804
0.661651
0.660838
0.662464
0.662871
0.663278
0.664904
0.665311
0.662871
0.663278
0.658398
0.662058
0.662871
0.661244
0.657178
0.655551
0.659618
0.657584
0.659211
0.659211
0.660431
0.658804
0.660024
0.661244
0.660024
0.660431
0.663278
0.660838
0.660838
0.662464
0.662058
0.664498
0.665718
0.658804
0.661244
0.662871
0.662464
0.659618
0.657178
0.657584
0.663684
0.660024
0.657584
0.656364
0.660024
0.660024
0.654738
0.654331
0.653518
0.659618
0.664091
0.665718
0.657584
0.660431
0.659211
0.657991
0.656771
0.661244
0.660431
0.658398
0.660024
0.662464
0.651484
0.651484
0.656364
0.660431
0.657991
0.660838
0.662058
0.665311
0.662871
0.659211
0.655551
0.654738
0.657178
0.658398
0.657584
0.658398
0.660024
0.659618
0.662871
0.651078
0.653111
0.659618
0.662464
0.660024
0.661651
0.660024
0.656364
0.662464
0.662871
0.653518
0.656364
0.656771
0.657584
0.656771
0.659618
0.659618
0.664904
0.663278
0.662871
0.660024
0.658804
0.663684
0.663684
0.659618
0.657178
0.659211
0.655551
0.658398
0.656771
0.653518
0.657991
0.663278
0.661244
0.661244
0.660838
0.660431
0.660431
0.663278
0.663684
0.665311
0.662058
0.659618
0.658804
0.657178
0.655144
0.657584
0.659618
0.659211
0.660431
0.657584
0.658804
0.662464
0.659618
0.657584
0.661651
0.661244
0.662058
0.656771
0.653924
0.654331
0.657584
0.658398
0.658804
0.657178
0.661651
0.662871
0.662464
0.657178
0.660024
0.660024
0.660838
0.657991
0.660838
0.657584
0.664091
0.663684
0.654738
0.651484
0.655958
0.660024
0.657991
0.661651
0.660024
0.660838
0.662058
0.662871
0.660431
0.660431
0.662058
0.662871
0.663278
0.661244
0.660431
0.657584
0.657991
0.660431
0.659211
0.656771
0.662871
0.665311
0.659618
0.661244
0.661651
0.660838
0.659618
0.652704
0.655958
0.657991
0.657584
0.659211
0.658398
0.663278
0.664091
0.662871
0.662058
0.658804
0.657584
0.659618
0.659618
0.660431
0.662058
0.662058
0.664498
0.661244
0.660024
0.659211
0.659211
0.664091
0.662058
0.662464
0.661244
0.662464
0.660431
0.662464
0.659618
0.664091
0.664091
0.665311
0.665718
0.661651
0.660024
0.661651
0.658804
0.659211
0.660838
0.657991
0.659618
0.660024
0.660431
0.658398
0.660024
0.662464
0.662871
0.661651
0.664091
0.659618
0.660838
0.656771
0.655144
0.659618
0.659618
0.662464
0.664091
0.659211
0.660431
0.654738
0.656771
0.660838
0.662058
0.662058
0.662058
0.658398
0.653924
0.662058
0.665311
0.665311
0.664904
0.662871
0.664904
0.662871
0.658398
0.657991
0.655551
0.660431
0.660431
0.661651
0.661244
0.660431
0.660024
0.658398
0.659618
0.660024
0.663278
0.663278
0.664498
0.662871
0.663684
0.660838
0.664498
0.662058
0.664498
0.662058
0.663278
0.657991
0.656364
0.660431
0.661244
0.662464
0.664091
0.666938
0.669378
0.666531
0.660838
0.659211
0.662058
0.659618
0.659211
0.660024
0.657991
0.662464
0.658804
0.658804
0.664498
0.667344
0.664091
0.663278
0.662464
0.664498
0.660431
0.654331
0.655144
0.662058
0.664498
0.661244
0.660431
0.661244
0.661244
0.663684
0.658804
0.660024
0.657991
0.657584
0.656771
0.657991
0.657991
0.661244
0.662058
0.663684
0.663684
0.660024
0.663684
0.664091
0.662871
0.659211
0.660024
0.655958
0.662058
0.660024
0.653518
0.660431
0.662058
0.660838
0.658398
0.662058
0.660838
0.659211
0.656771
0.652704
0.652704
0.658398
0.659618
0.655551
0.655958
0.655144
0.657991
0.660431
0.660838
0.655958
0.656364
0.658804
0.655958
0.657584
0.655551
0.652298
0.653924
0.662464
0.662464
0.658398
0.656771
0.658804
0.658804
0.657178
0.658398
0.659618
0.662464
0.657991
0.663278
0.655958
0.654331
0.660024
0.657178
0.657584
0.655551
0.655551
0.660838
0.662058
0.662464
0.658398
0.658398
0.663278
0.665311
0.665311
0.662464
0.664091
0.664498
0.664498
0.662871
0.661244
0.661244
0.666531
0.663684
0.660024
0.659211
0.658398
0.658804
0.659618
0.660431
0.662464
0.663278
0.662871
0.661651
0.663684
0.664091
0.664904
0.661651
0.658804
0.659618
0.665718
0.666531
0.666124
0.666531
0.661651
0.664904
0.665311
0.660024
0.653111
0.655551
0.662058
0.665311
0.663278
0.661244
0.664498
0.665718
0.665311
0.662871
0.661244
0.660838
0.659618
0.658804
0.657584
0.658804
0.659211
0.662058
0.658804
0.661244
0.661244
0.661244
0.662058
0.665718
0.663684
0.659211
0.661244
0.656771
0.657178
0.656364
0.657991
0.657991
0.658804
0.659211
0.660024
0.664091
0.663684
0.660838
0.662464
0.660431
0.665718
0.662058
0.661244
0.658398
0.656364
0.655958
0.657584
0.656771
0.653924
0.655551
0.662871
0.660024
0.658804
0.657178
0.658398
0.658398
0.660024
0.657584
0.654331
0.656771
0.658804
0.657178
0.660024
0.660024
0.661244
0.662464
0.662058
0.658804
0.662058
0.658804
0.663684
0.664091
0.664498
0.661651
0.661244
0.660838
0.654738
0.653111
0.660024
0.665311
0.662058
0.656771
0.651484
0.657178
0.662058
0.660431
0.657584
0.653924
0.658398
0.656364
0.659618
0.655551
0.659618
0.661244
0.661244
0.658398
0.654738
0.656771
0.657991
0.652298
0.657991
0.655958
0.656364
0.657991
0.662871
0.656771
0.653111
0.653518
0.666531
0.665718
0.662058
0.658804
0.653924
0.662464
0.659211
0.655144
0.653924
0.657584
0.657584
0.654738
0.655958
0.656364
0.657991
0.659211
0.658804
0.658398
0.655958
0.658804
0.662871
0.662464
0.656364
0.655958
0.652298
0.656771
0.658398
0.662464
0.655958
0.661651
0.665718
0.665311
0.660431
0.655144
0.656364
0.660838
0.660024
0.657584
0.657584
0.659618
0.666124
0.661244
0.660024
0.657584
0.659618
0.659618
0.658398
0.657991
0.654738
0.657178
0.660024
0.657991
0.663278
0.662058
0.660024
0.658804
0.658804
0.658398
0.661651
0.660431
0.660024
0.660431
0.659618
0.657584
0.657584
0.656771
0.657584
0.655144
0.655958
0.660024
0.659211
0.659211
0.659618
0.660838
0.661651
0.658804
0.660431
0.659211
0.659211
0.656771
0.656364
0.659618
0.659618
0.658398
0.656364
0.656771
0.663684
0.662058
0.661244
0.657991
0.657991
0.660024
0.662464
0.660431
0.657991
0.656771
0.655144
0.659211
0.656771
0.659211
0.659211
0.655958
0.658398
0.657178
0.655144
0.658398
0.666124
0.663278
0.661651
0.664904
0.661244
0.660024
0.659211
0.653518
0.657584
0.662464
0.664498
0.663278
0.661651
0.662464
0.655551
0.659618
0.663684
0.662464
0.660838
0.663684
0.664904
0.659618
0.658804
0.661244
0.662871
0.664091
0.660431
0.657584
0.658398
0.662058
0.663684
0.659211
0.657991
0.659618
0.661244
0.662058
0.660431
0.660024
0.660024
0.662058
0.661651
0.659211
0.657991
0.654738
0.659618
0.662871
0.657584
0.658398
0.662871
0.665311
0.660431
0.660838
0.661651
0.661651
0.655958
0.656364
0.657584
0.657584
0.662464
0.662871
0.658398
0.657991
0.657178
0.661651
0.658398
0.657991
0.654738
0.655144
0.659211
0.660431
0.657991
0.656364
0.656364
0.660024
0.660431
0.653518
0.659211
0.660838
0.663278
0.662058
0.657178
0.657991
0.655958
0.654331
0.654738
0.655958
0.657991
0.660431
0.662464
0.660431
0.657178
0.659618
0.658398
0.661651
0.655551
0.655551
0.658398
0.662058
0.662871
0.660431
0.656364
0.654331
0.659618
0.661651
0.656771
0.657584
0.661244
0.660838
0.657991
0.657584
0.661244
0.660838
0.660024
0.657991
0.662058
0.661651
0.657178
0.658398
0.655958
0.656364
0.659211
0.659211
0.661651
0.663684
0.660024
0.660431
0.660024
0.661651
0.661244
0.660431
0.659618
0.656771
0.658804
0.662058
0.659618
0.658804
0.660024
0.656364
0.657584
0.658804
0.661651
0.660431
0.657584
0.656364
0.656364
0.662871
0.657584
0.659618
0.659618
0.658398
0.661244
0.659211
0.659211
0.660838
0.659618
0.664091
0.661651
0.661244
0.663278
0.657991
0.656364
0.660431
0.656771
0.660431
0.664498
0.663684
0.659211
0.657584
0.661244
0.661244
0.658398
0.655144
0.658804
0.662464
0.666531
0.662058
0.662464
0.656771
0.659618
0.659211
0.657178
0.656771
0.653111
0.656364
0.655958
0.656364
0.657178
0.659211
0.659211
0.658398
0.661651
0.661651
0.661244
0.660024
0.660024
0.662871
0.658804
0.658398
0.658804
0.659618
0.659618
0.660024
0.661651
0.664904
0.662058
0.663684
0.661651
0.660024
0.659211
0.662058
0.662871
0.659618
0.663278
0.663278
0.660838
0.661244
0.660431
0.660431
0.660838
0.660838
0.662464
0.665718
0.666124
0.666124
0.666124
0.666124
0.661651
0.660024
0.659211
0.658398
0.661651
0.654331
0.659618
0.662058
0.661651
0.660838
0.658398
0.659618
0.656771
0.661244
0.659211
0.666938
0.664904
0.660024
0.660431
0.657178
0.661244
0.660838
0.662464
0.659211
0.660024
0.660431
0.655958
0.660431
0.664091
0.660838
0.659618
0.661244
0.661244
0.658398
0.657178
0.658804
0.657584
0.658804
0.660024
0.658804
0.658804
0.655958
0.656364
0.660024
0.662058
0.663278
0.663278
0.664091
0.664498
0.655144
0.654331
0.659618
0.658804
0.662871
0.662058
0.658804
0.659618
0.662058
0.662058
0.661651
0.664091
0.667344
0.662058
0.661651
0.662058
0.657178
0.660838
0.658398
0.657991
0.657991
0.658398
0.656364
0.651891
0.657178
0.654738
0.655144
0.662058
0.659211
0.657991
0.656364
0.655958
0.660024
0.657991
0.660838
0.659618
0.657991
0.660838
0.657991
0.660024
0.664498
0.660431
0.659618
0.655958
0.655551
0.656364
0.655958
0.656364
0.657991
0.654331
0.660024
0.659618
0.659618
0.661244
0.660024
0.659618
0.657991
0.658398
0.655144
0.655551
0.657178
0.660838
0.660024
0.660838
0.657584
0.656364
0.661651
0.658804
0.654331
0.653924
0.657178
0.655958
0.654331
0.655144
0.655144
0.655958
0.655958
0.662058
0.655958
0.660838
0.662058
0.654738
0.663684
0.656771
0.654331
0.655958
0.654738
0.656364
0.661651
0.659618
0.655958
0.657178
0.658398
0.659211
0.656364
0.660024
0.657178
0.653518
0.655958
0.657584
0.663278
0.662871
0.658804
0.656771
0.657584
0.657991
0.653924
0.656364
0.660024
0.656771
0.663278
0.663278
0.660838
0.655144
0.658398
0.660431
0.662871
0.661244
0.660838
0.661244
0.660838
0.661244
0.661244
0.661244
0.657584
0.662058
0.659211
0.657178
0.661651
0.661244
0.662464
0.661244
0.660024
0.656364
0.658398
0.655958
0.656364
0.660431
0.662871
0.659211
0.660024
0.657991
0.657178
0.655958
0.657584
0.657178
0.655958
0.656771
0.658804
0.661651
0.662058
0.656771
0.655958
0.652704
0.656364
0.655144
0.655958
0.659211
0.657178
0.655144
0.653518
0.655144
0.656364
0.659618
0.654738
0.654331
0.657991
0.656364
0.654738
0.651484
0.652298
0.654738
0.658398
0.664091
0.658398
0.658398
0.657991
0.659618
0.657178
0.662871
0.664091
0.660838
0.657178
0.653518
0.654738
0.655551
0.658398
0.664904
0.661651
0.664091
0.657178
0.661244
0.660431
0.655551
0.657584
0.658398
0.661244
0.660838
0.657991
0.661244
0.657178
0.656771
0.656771
0.655551
0.658804
0.660838
0.665311
0.658804
0.656771
0.655144
0.657178
0.658804
0.652298
0.655144
0.659211
0.660838
0.662058
0.658804
0.662058
0.661244
0.661651
0.661651
0.657584
0.656771
0.653924
0.663278
0.663278
0.660838
0.655958
0.654331
0.656771
0.659211
0.660024
0.660431
0.660024
0.659618
0.658398
0.662871
0.663278
0.665311
0.661651
0.659211
0.656771
0.658398
0.659618
0.657584
0.657584
0.662871
0.662058
0.660431
0.657991
0.652298
0.653518
0.653111
0.662058
0.660838
0.658398
0.655144
0.659618
0.660838
0.661651
0.661651
0.656771
0.663684
0.663278
0.660431
0.663684
0.660024
0.663684
0.665718
