0.537210
0.544937
0.549004
0.555510
0.564050
0.565270
0.572590
0.580724
0.575437
0.581537
0.577471
0.578284
0.583164
0.584791
0.588857
0.585604
0.584384
0.569744
0.564457
0.564050
0.564457
0.566897
0.573404
0.578284
0.578691
0.578284
0.576657
0.575031
0.577471
0.576251
0.576657
0.576251
0.575844
0.575844
0.579911
0.586011
0.588857
0.587637
0.589264
0.587231
0.590077
0.588451
0.588044
0.587637
0.583164
0.586824
0.588857
0.586011
0.586417
0.585197
0.586824
0.585604
0.585604
0.585197
0.590077
0.590484
0.586824
0.588044
0.591297
0.592111
0.590891
0.586824
0.590484
0.588857
0.590077
0.587637
0.589671
0.590077
0.588857
0.587637
0.591297
0.590891
0.592517
0.592517
0.593331
0.593331
0.585604
0.596177
0.592924
0.595771
0.596991
0.593737
0.593737
0.596584
0.596584
0.599431
0.596584
0.597804
0.600651
0.601464
0.601871
0.602684
0.601057
0.600244
0.599431
0.596584
0.595771
0.596991
0.595364
0.596991
0.595364
0.598617
0.599837
0.603091
0.601057
0.603497
0.603091
0.603904
0.603497
0.605937
0.605937
0.605937
0.605937
0.606344
0.607564
0.612037
0.608784
0.603904
0.603497
0.601057
0.602277
0.608377
0.606751
0.609191
0.611224
0.610411
0.610004
0.609597
0.614071
0.614477
0.611224
0.614884
0.616511
0.613664
0.613257
0.615697
0.616511
0.617324
0.617731
0.617324
0.616104
0.616917
0.618951
0.620577
0.617731
0.617731
0.618544
0.620171
0.622204
0.625051
0.623831
0.623424
0.621797
0.624237
0.624644
0.623424
0.627084
0.628711
0.630338
0.630744
0.631151
0.632778
0.632371
0.631964
0.632778
0.633998
0.636031
0.637251
0.637658
0.636844
0.633998
0.635218
0.635218
0.635218
0.635218
0.636031
0.640098
0.638064
0.637658
0.638064
0.638471
0.639284
0.636844
0.636031
0.637658
0.636031
0.638471
0.639691
0.638878
0.640504
0.638878
0.639284
0.640911
0.643351
0.639691
0.642944
0.642944
0.638064
0.640504
0.638878
0.639284
0.638471
0.640098
0.640098
0.636844
0.637251
0.635624
0.636844
0.642538
0.640911
0.642131
0.642538
0.642944
0.644571
0.644164
0.644571
0.645384
0.645791
0.644164
0.640098
0.639691
0.642131
0.636031
0.635624
0.636438
0.639691
0.643351
0.640504
0.642538
0.645384
0.643351
0.646198
0.644164
0.643351
0.645384
0.646198
0.648231
0.649044
0.647011
0.645791
0.646198
0.645384
0.646604
0.649858
0.648231
0.647824
0.647418
0.646604
0.647011
0.647418
0.645791
0.648231
0.649451
0.651078
0.651891
0.653111
0.652704
0.650264
0.648231
0.648638
0.645791
0.647824
0.647418
0.649858
0.647011
0.649858
0.650671
0.649044
0.644571
0.649044
0.650264
0.649044
0.648231
0.649858
0.649858
0.646198
0.646604
0.642944
0.646604
0.645384
0.651891
0.649044
0.649858
0.649451
0.652704
0.647011
0.643758
0.645384
0.652704
0.651484
0.649858
0.649044
0.651078
0.650671
0.648638
0.649044
0.648231
0.648231
0.647824
0.648638
0.649451
0.651484
0.651078
0.647824
0.649451
0.648638
0.648231
0.649044
0.651078
0.651484
0.652704
0.650671
0.651078
0.652704
0.655144
0.659211
0.654738
0.655958
0.650671
0.652704
0.652704
0.654738
0.654331
0.656364
0.657178
0.656771
0.651078
0.651891
0.653111
0.654738
0.654331
0.654331
0.655144
0.655551
0.656364
0.657178
0.657991
0.653924
0.649858
0.653111
0.658804
0.658804
0.658398
0.652298
0.653518
0.649858
0.648638
0.652704
0.656364
0.655958
0.654738
0.655551
0.653111
0.653111
0.651484
0.651484
0.656364
0.657584
0.654738
0.652298
0.651891
0.652298
0.655958
0.655551
0.653924
0.654331
0.655551
0.654331
0.654738
0.653111
0.655144
0.652704
0.653518
0.651891
0.654738
0.654331
0.655958
0.654331
0.653924
0.655551
0.655551
0.656364
0.657584
0.655551
0.656364
0.656364
0.652298
0.652298
0.650671
0.654738
0.657178
0.655958
0.655958
0.655551
0.657584
0.656364
0.655958
0.656364
0.653518
0.655144
0.655958
0.655551
0.654738
0.653924
0.652704
0.655958
0.651891
0.655144
0.655551
0.654331
0.655551
0.656364
0.655551
0.651078
0.648638
0.647824
0.647418
0.650264
0.653518
0.654738
0.653518
0.656771
0.651891
0.647011
0.644164
0.656364
0.653924
0.651891
0.655551
0.649044
0.647418
0.647011
0.651078
0.651078
0.649858
0.653518
0.651484
0.652298
0.653924
0.651891
0.654738
0.653924
0.652298
0.650264
0.652298
0.654738
0.655144
0.657178
0.655958
0.656771
0.653111
0.651891
0.656771
0.653924
0.649451
0.651484
0.660838
0.656364
0.653518
0.655551
0.658804
0.652298
0.647824
0.646604
0.647011
0.651891
0.654331
0.655551
0.655144
0.655958
0.657584
0.656364
0.655144
0.655144
0.651484
0.654738
0.656364
0.656771
0.654331
0.653924
0.654738
0.655144
0.652298
0.653111
0.653111
0.655551
0.655551
0.655144
0.655551
0.657178
0.654331
0.653111
0.651078
0.650264
0.651484
0.652298
0.657991
0.653111
0.658804
0.659211
0.655958
0.648231
0.647418
0.648231
0.652298
0.653111
0.654738
0.657991
0.654331
0.651891
0.652298
0.653924
0.653111
0.652704
0.653924
0.654738
0.655144
0.654738
0.655551
0.657178
0.659211
0.657991
0.655144
0.653924
0.650671
0.651891
0.655958
0.657584
0.656771
0.657178
0.654738
0.651891
0.652298
0.654738
0.655958
0.653518
0.656771
0.656771
0.655551
0.652704
0.651891
0.648638
0.648231
0.651891
0.653111
0.653924
0.654331
0.655551
0.654738
0.655144
0.654738
0.654331
0.653924
0.654738
0.654738
0.655958
0.653518
0.654738
0.654738
0.654331
0.654331
0.653518
0.654331
0.654331
0.653924
0.653518
0.656364
0.655958
0.655551
0.651484
0.650264
0.650671
0.654738
0.654738
0.655551
0.654738
0.655551
0.656771
0.652704
0.652298
0.652704
0.653111
0.652298
0.653111
0.656771
0.657991
0.654331
0.654331
0.654738
0.653924
0.654331
0.653518
0.656364
0.656364
0.656364
0.655144
0.656364
0.655144
0.655551
0.654738
0.653111
0.652704
0.651484
0.653111
0.655958
0.656771
0.654331
0.655144
0.653518
0.653518
0.654331
0.653518
0.652704
0.657178
0.655958
0.657584
0.651891
0.651078
0.649451
0.649044
0.648638
0.650264
0.652704
0.655551
0.655958
0.658804
0.655551
0.654738
0.655144
0.657178
0.657991
0.660431
0.658398
0.657584
0.655958
0.657584
0.656771
0.656364
0.655551
0.653111
0.651078
0.654331
0.653518
0.657178
0.656771
0.655958
0.653111
0.655144
0.654738
0.653924
0.655958
0.658804
0.658804
0.653924
0.655958
0.653518
0.653924
0.652704
0.652704
0.653518
0.654738
0.658398
0.657178
0.654331
0.652298
0.651891
0.653111
0.653111
0.653518
0.655958
0.656771
0.654738
0.655551
0.655958
0.654331
0.654331
0.656364
0.654331
0.655551
0.653518
0.653111
0.656771
0.655958
0.655144
0.653518
0.654331
0.653518
0.653518
0.654331
0.656364
0.660431
0.654738
0.655551
0.652704
0.654331
0.650671
0.651078
0.653111
0.654738
0.657178
0.656364
0.652704
0.651891
0.652298
0.655958
0.658398
0.657178
0.656771
0.658804
0.656771
0.657991
0.656771
0.657178
0.656364
0.658398
0.655551
0.655958
0.653924
0.655551
0.657178
0.656771
0.659211
0.653518
0.653924
0.655958
0.656771
0.660024
0.659618
0.660024
0.659618
0.655551
0.655144
0.652298
0.652704
0.649451
0.651484
0.654331
0.657178
0.652704
0.657178
0.655958
0.655958
0.654331
0.656364
0.655144
0.657584
0.660024
0.656364
0.656364
0.656364
0.658804
0.656771
0.657584
0.658804
0.657991
0.657178
0.655551
0.658398
0.654738
0.656771
0.655551
0.656771
0.654738
0.655144
0.655958
0.657178
0.660838
0.656364
0.655551
0.654738
0.651891
0.652704
0.651891
0.652298
0.653111
0.657178
0.654331
0.654738
0.657991
0.656771
0.654738
0.656771
0.656771
0.655551
0.656771
0.656771
0.657991
0.657178
0.656364
0.655144
0.656771
0.657178
0.661244
0.657584
0.655958
0.656364
0.659211
0.656771
0.656364
0.657584
0.653924
0.654738
0.653924
0.656771
0.659211
0.660431
0.659211
0.655551
0.654738
0.654331
0.651891
0.652704
0.654738
0.653924
0.656364
0.653924
0.654738
0.657584
0.655551
0.653924
0.653924
0.654738
0.657584
0.660024
0.660431
0.660024
0.660024
0.657991
0.656364
0.659618
0.660838
0.657584
0.656364
0.657584
0.658398
0.656364
0.659618
0.659211
0.656364
0.654738
0.654331
0.659211
0.660431
0.662464
0.657178
0.655958
0.655144
0.652298
0.655958
0.653111
0.653518
0.654738
0.660838
0.655144
0.657178
0.657178
0.656771
0.656364
0.656364
0.659211
0.660431
0.661651
0.659618
0.657178
0.656364
0.658804
0.656364
0.659618
0.661651
0.657991
0.660024
0.660024
0.660024
0.660431
0.660838
0.658398
0.658398
0.657584
0.656771
0.656771
0.659618
0.661651
0.662058
0.660431
0.656364
0.655144
0.655958
0.655551
0.655551
0.657584
0.657178
0.658398
0.654738
0.659618
0.661244
0.659618
0.657991
0.659618
0.658804
0.658398
0.657584
0.659618
0.658804
0.656771
0.658804
0.657991
0.657991
0.660431
0.659618
0.657584
0.657178
0.655958
0.658804
0.654738
0.660431
0.658398
0.655551
0.657584
0.660431
0.661244
0.661244
0.665311
0.662058
0.661651
0.659211
0.656364
0.657178
0.658398
0.657178
0.657178
0.661651
0.658804
0.660838
0.660024
0.660024
0.659211
0.659618
0.661651
0.658804
0.660024
0.659618
0.658804
0.660838
0.656771
0.658398
0.660838
0.658398
0.657178
0.658804
0.660024
0.660024
0.662464
0.659618
0.657991
0.657584
0.655958
0.656364
0.662464
0.659618
0.662871
0.661244
0.657178
0.655958
0.655958
0.656364
0.654738
0.657584
0.657178
0.657584
0.658398
0.658804
0.658804
0.655958
0.660024
0.660838
0.659211
0.660838
0.659211
0.660838
0.658804
0.657178
0.657584
0.657584
0.657178
0.661244
0.660431
0.656364
0.660024
0.655958
0.660024
0.658398
0.660024
0.658398
0.658398
0.658398
0.662058
0.663278
0.662871
0.663278
0.661651
0.657178
0.655551
0.655551
0.655551
0.655551
0.654331
0.656364
0.657584
0.658398
0.659618
0.656771
0.655144
0.655144
0.655144
0.657584
0.659211
0.660024
0.662464
0.662871
0.660024
0.656364
0.657178
0.658804
0.660024
0.657991
0.658804
0.659618
0.656364
0.658398
0.659618
0.662058
0.659211
0.659211
0.661651
0.662464
0.662058
0.663684
0.663684
0.659211
0.660024
0.657178
0.656771
0.656364
0.656771
0.658804
0.656364
0.655958
0.657584
0.657991
0.658398
0.656364
0.657991
0.658804
0.660431
0.658804
0.663278
0.659211
0.657584
0.657991
0.660431
0.661244
0.660838
0.660431
0.660024
0.656771
0.660431
0.661651
0.661244
0.659211
0.657991
0.657991
0.659211
0.662464
0.662871
0.664091
0.659211
0.660024
0.656771
0.655144
0.654331
0.655958
0.658398
0.656364
0.659211
0.660431
0.661244
0.660431
0.661651
0.655958
0.655958
0.655958
0.657178
0.659618
0.663684
0.662464
0.662058
0.662871
0.659618
0.656771
0.661244
0.659618
0.657584
0.658398
0.658398
0.656771
0.660838
0.661244
0.660431
0.659211
0.660024
0.661651
0.660431
0.659211
0.659211
0.662058
0.658398
0.658398
0.658398
0.655958
0.655958
0.656771
0.656771
0.654738
0.656364
0.658398
0.657584
0.658398
0.658804
0.657584
0.657991
0.660024
0.662464
0.662871
0.664091
0.665718
0.655958
0.659211
0.660024
0.661244
0.660431
0.661244
0.660838
0.660024
0.666124
0.659211
0.660431
0.656771
0.655958
0.660431
0.660024
0.660838
0.662871
0.664498
0.658398
0.655551
0.657178
0.655551
0.656771
0.657178
0.658398
0.656771
0.657584
0.660024
0.659618
0.658398
0.656364
0.656771
0.657178
0.658804
0.662058
0.663684
0.663278
0.663278
0.660431
0.658398
0.655958
0.655551
0.655144
0.655551
0.657584
0.658804
0.657584
0.655551
0.657991
0.656771
0.654331
0.656771
0.656364
0.658398
0.657584
0.661244
0.664091
0.664904
0.662871
0.660838
0.657584
0.656771
0.655958
0.658804
0.659211
0.656771
0.657991
0.658398
0.658398
0.660024
0.660431
0.660431
0.661651
0.663278
0.664091
0.664498
0.664904
0.664498
0.660431
0.657584
0.659211
0.661651
0.658804
0.657991
0.658804
0.662058
0.660431
0.662058
0.657991
0.658398
0.661651
0.662464
0.662058
0.664904
0.667751
0.660838
0.657178
0.657584
0.656364
0.657991
0.656771
0.656771
0.657991
0.658804
0.662871
0.662058
0.661244
0.659618
0.661651
0.660431
0.659618
0.661651
0.663278
0.660024
0.659618
0.660838
0.656771
0.659211
0.660024
0.658804
0.657584
0.657178
0.657991
0.658398
0.659211
0.660431
0.661651
0.661244
0.660431
0.663684
0.663684
0.662058
0.665718
0.666531
0.665718
0.662464
0.656364
0.658804
0.656771
0.658398
0.657178
0.658398
0.662058
0.662464
0.661244
0.658804
0.658398
0.657991
0.658804
0.661651
0.664091
0.664091
0.663278
0.663278
0.663684
0.661244
0.659211
0.660838
0.660024
0.661244
0.661651
0.661244
0.664498
0.666124
0.662058
0.657178
0.658398
0.661651
0.660024
0.661244
0.663684
0.664904
0.659618
0.660431
0.660431
0.658398
0.659618
0.657584
0.657178
0.663278
0.662464
0.664498
0.662464
0.660431
0.661651
0.661651
0.662871
0.663684
0.665718
0.665311
0.663684
0.664091
0.662058
0.660024
0.660024
0.659618
0.660838
0.662058
0.658804
0.660024
0.662058
0.664904
0.663684
0.658398
0.659618
0.659618
0.662871
0.662464
0.661651
0.667751
0.665311
0.658804
0.660838
0.661651
0.660838
0.658398
0.657584
0.658398
0.657991
0.659618
0.660431
0.660838
0.660024
0.660431
0.660838
0.661651
0.665311
0.662871
0.660431
0.661244
0.663684
0.664091
0.659618
0.660024
0.660431
0.662058
0.660431
0.660838
0.658398
0.662464
0.666124
0.664904
0.662464
0.662464
0.662464
0.664091
0.662464
0.664498
0.666938
0.666938
0.658804
0.660024
0.662871
0.660024
0.659618
0.659618
0.657584
0.660838
0.663684
0.664904
0.663684
0.664498
0.663684
0.664498
0.665718
0.661244
0.661651
0.662464
0.663278
0.662871
0.660838
0.660024
0.659618
0.661244
0.661651
0.660431
0.659618
0.667751
0.662058
0.660431
0.660024
0.660431
0.660024
0.664091
0.666938
0.668971
0.667344
0.657991
0.660838
0.659618
0.660024
0.657584
0.658398
0.657584
0.659211
0.660431
0.663684
0.663278
0.662058
0.659618
0.658398
0.658398
0.656771
0.662871
0.666531
0.666531
0.666124
0.666531
0.664904
0.660431
0.661244
0.660838
0.659211
0.658398
0.659211
0.662058
0.665718
0.664091
0.663278
0.661651
0.660024
0.666531
0.666124
0.665718
0.666531
0.671004
0.664091
0.659618
0.658398
0.658804
0.659211
0.660838
0.661244
0.662058
0.665718
0.666938
0.664498
0.660431
0.658398
0.659211
0.658804
0.663278
0.666938
0.662871
0.662464
0.664091
0.663684
0.662871
0.658804
0.658804
0.660024
0.658804
0.657178
0.655551
0.658398
0.663684
0.662464
0.660024
0.659618
0.660838
0.662464
0.662871
0.664498
0.666531
0.662058
0.657584
0.659618
0.656364
0.659618
0.656364
0.654738
0.655144
0.655958
0.660838
0.661651
0.660024
0.659618
0.659211
0.658804
0.664091
0.666531
0.665311
0.662871
0.662058
0.663684
0.661244
0.658804
0.656771
0.659618
0.660024
0.659211
0.659618
0.659211
0.664091
0.663684
0.657584
0.660024
0.660431
0.661244
0.662871
0.663684
0.666938
0.664498
0.659211
0.656364
0.658804
0.660024
0.657991
0.655958
0.655551
0.654331
0.658804
0.657991
0.657584
0.655958
0.656364
0.657584
0.655551
0.659211
0.664091
0.664091
0.664498
0.661651
0.663278
0.662058
0.658398
0.657584
0.657584
0.655958
0.655144
0.656364
0.660838
0.660838
0.662871
0.662058
0.665311
0.663684
0.662464
0.661244
0.657991
0.664498
0.660431
0.658398
0.658398
0.655958
0.657584
0.657991
0.656771
0.655144
0.653924
0.655551
0.657584
0.655551
0.655958
0.657991
0.655144
0.659618
0.664091
0.663278
0.662058
0.664498
0.662464
0.660838
0.657991
0.657991
0.657991
0.657178
0.657991
0.659618
0.664091
0.662871
0.660024
0.659211
0.659618
0.661244
0.662464
0.663684
0.664091
0.665311
0.663278
0.658804
0.657584
0.657584
0.657178
0.658804
0.656364
0.657178
0.657584
0.659618
0.660838
0.660431
0.660838
0.660431
0.659618
0.658398
0.665718
0.666531
0.664904
0.664904
0.664498
0.662464
0.658398
0.659618
0.660024
0.660838
0.660431
0.661651
0.661244
0.666124
0.660838
0.657584
0.657584
0.658398
0.661244
0.664498
0.665718
0.664091
0.666531
0.659618
0.658804
0.657991
0.656771
0.660838
0.661651
0.660024
0.662058
0.665718
0.664904
0.664091
0.660838
0.658804
0.658398
0.660838
0.662058
0.667751
0.664498
0.662871
0.663684
0.662058
0.660431
0.660024
0.662058
0.663278
0.664904
0.660024
0.666531
0.664904
0.661651
0.660838
0.661244
0.660838
0.665718
0.667751
0.669378
0.669378
0.665718
0.662464
0.661244
0.661651
0.659211
0.662058
0.660838
0.663278
0.668158
0.668158
0.668564
0.668158
0.662464
0.660431
0.659211
0.662058
0.661651
0.661651
0.666124
0.662464
0.660024
0.662058
0.663278
0.662464
0.659618
0.661244
0.661244
0.658398
0.657178
0.660024
0.662464
0.665311
0.664904
0.665718
0.666124
0.666124
0.666531
0.665311
0.667751
0.667751
0.664498
0.660838
0.661651
0.660431
0.660431
0.660024
0.660431
0.657991
0.660024
0.660431
0.660431
0.658804
0.656771
0.657178
0.657584
0.664498
0.668564
0.667751
0.668158
0.666124
0.666531
0.667344
0.661651
0.662871
0.659618
0.661244
0.661651
0.658804
0.667344
0.667344
0.663278
0.659618
0.659211
0.660838
0.664091
0.662871
0.665311
0.666531
0.663684
0.663684
0.662058
0.660838
0.662464
0.661651
0.661244
0.662058
0.664091
0.665311
0.666124
0.666124
0.667344
0.666938
0.664091
0.666124
0.667751
0.663684
0.664091
0.664498
0.662464
0.658804
0.658398
0.658398
0.662058
0.661651
0.660431
0.664091
0.665718
0.665311
0.664498
0.664091
0.664498
0.663684
0.668158
0.666531
0.666531
0.664904
0.662058
0.660838
0.661651
0.661651
0.661651
0.661244
0.662058
0.660838
0.658398
0.663278
0.664091
0.661651
0.659211
0.660431
0.660838
0.661244
0.667344
0.668158
0.668564
0.667751
0.666531
0.665718
0.659618
0.657584
0.660024
0.658398
0.660838
0.658398
0.663684
0.665718
0.664904
0.658398
0.660431
0.664091
0.666938
0.665718
0.666531
0.665311
0.666531
0.667751
0.662871
0.656771
0.656364
0.655958
0.657584
0.658398
0.657178
0.657584
0.658398
0.657991
0.659618
0.659618
0.661651
0.662464
0.668158
0.668158
0.664904
0.665718
0.666938
0.664904
0.664091
0.659211
0.660024
0.658804
0.659618
0.658398
0.659618
0.667344
0.665718
0.663684
0.659618
0.661651
0.666124
0.666938
0.667344
0.666938
0.664904
0.663684
0.659618
0.660024
0.660024
0.660431
0.660431
0.657584
0.660024
0.661244
0.664498
0.664091
0.662871
0.660431
0.660431
0.660024
0.662871
0.667344
0.668158
0.666531
0.667344
0.664904
0.664904
0.660024
0.659211
0.659618
0.657584
0.658804
0.658398
0.662871
0.667344
0.664091
0.662058
0.663684
0.663684
0.663684
0.665311
0.666938
0.666938
0.666124
0.664904
0.661244
0.659618
0.661244
0.659211
0.657991
0.658398
0.656364
0.657178
0.656771
0.656771
0.659211
0.660838
0.662058
0.661651
0.666938
0.666531
0.667751
0.666531
0.663684
0.665718
0.663278
0.657991
0.657991
0.658398
0.658804
0.656364
0.657178
0.663684
0.664904
0.664904
0.664498
0.662464
0.661651
0.664498
0.662058
0.665311
0.666531
0.664904
0.660431
0.658398
0.658398
0.657584
0.657991
0.655551
0.656364
0.657178
0.656364
0.656364
0.655551
0.654738
0.656364
0.656364
0.660431
0.662871
0.664498
0.663278
0.663684
0.664498
0.661244
0.659211
0.657584
0.658804
0.659211
0.659618
0.655958
0.657991
0.661651
0.660838
0.661244
0.662058
0.663684
0.663684
0.664498
0.664091
0.666124
0.666531
0.664904
0.660024
0.657584
0.662464
0.661651
0.660838
0.659211
0.660024
0.659211
0.657991
0.656771
0.657178
0.656771
0.657178
0.658398
0.667751
0.666124
0.663684
0.663278
0.663684
0.662871
0.664904
0.658804
0.661651
0.656771
0.651891
0.655958
0.660024
0.658804
0.655144
0.660838
0.660431
0.662871
0.662871
0.662058
0.663278
0.660431
0.663684
0.663684
0.664904
0.664091
0.658804
0.660431
0.661651
0.661651
0.659211
0.660024
0.660431
0.658804
0.658804
0.659211
0.657178
0.662058
0.663684
0.665311
0.664904
0.663278
0.665311
0.663278
0.662464
0.658398
0.659618
0.657178
0.655958
0.656771
0.659211
0.659211
0.661651
0.657178
0.660431
0.660024
0.657178
0.660431
0.662871
0.664904
0.664091
0.663278
0.666124
0.666124
0.666531
0.663278
0.663684
0.661651
0.665311
0.663684
0.663684
0.662464
0.662464
0.662058
0.665718
0.663278
0.660838
0.664498
0.666531
0.667344
0.664904
0.665311
0.666531
0.664904
0.663278
0.658398
0.661244
0.662464
0.660838
0.659211
0.661651
0.663684
0.662464
0.662871
0.660431
0.663278
0.664498
0.666938
0.664904
0.664091
0.664904
0.668158
0.664498
0.665718
0.664904
0.661651
0.659618
0.660024
0.662058
0.662464
0.662871
0.662871
0.662058
0.662464
0.663278
0.660838
0.663278
0.666531
0.667751
0.665718
0.667751
0.668158
0.668971
0.662058
0.659211
0.661651
0.661651
0.661244
0.660431
0.661651
0.663278
0.665311
0.666938
0.666124
0.668564
0.666124
0.666531
0.666124
0.668158
0.665718
0.667344
0.666938
0.663278
0.661651
0.660024
0.660431
0.658398
0.658804
0.660431
0.661244
0.660838
0.662058
0.662058
0.661244
0.668158
0.666124
0.665311
0.664904
0.664498
0.667751
0.663278
0.662058
0.661651
0.662464
0.662871
0.658398
0.657991
0.661651
0.661244
0.662058
0.662871
0.662058
0.663278
0.664091
0.665718
0.666531
0.664904
0.664904
0.666124
0.664091
0.664498
0.662464
0.663278
0.663278
0.662871
0.663278
0.662464
0.662871
0.663278
0.661244
0.659618
0.662058
0.662464
0.667751
0.664091
0.665311
0.665718
0.665311
0.668158
0.664498
0.660838
0.664498
0.662464
0.660431
0.658804
0.658398
0.662464
0.663278
0.660431
0.664498
0.664091
0.664091
0.666124
0.668564
0.666938
0.666938
0.664904
0.661244
0.660838
0.659618
0.662058
0.661651
0.660431
0.659618
0.659211
0.656771
0.656771
0.659211
0.660431
0.662871
0.662464
0.665718
0.666531
0.666124
0.665718
0.664904
0.664498
0.664091
0.661651
0.660838
0.660431
0.660838
0.661244
0.659618
0.660838
0.661651
0.662058
0.664498
0.664498
0.665311
0.666938
0.665311
0.666124
0.666938
0.665718
0.666531
0.667751
0.665718
0.666124
0.661244
0.662058
0.657178
0.658804
0.660431
0.663278
0.664498
0.663278
0.662058
0.661244
0.661651
0.666124
0.667344
0.664498
0.665311
0.664904
0.664498
0.664904
0.662871
0.662871
0.663278
0.662464
0.662058
0.658398
0.662058
0.662871
0.664498
0.664091
0.664904
0.662871
0.663278
0.664091
0.664904
0.665311
0.663684
0.668158
0.666938
0.667344
0.667344
0.665311
0.662871
0.662464
0.665311
0.665311
0.664904
0.664498
0.665311
0.665311
0.664498
0.664498
0.666531
0.667344
0.666938
0.667344
0.666531
0.667344
0.666124
0.665311
0.664904
0.663684
0.663684
0.661244
0.661244
0.662464
0.663278
0.663278
0.664904
0.666938
0.663278
0.663684
0.664498
0.665718
0.666124
0.665311
0.667344
0.666531
0.663684
0.662058
0.660838
0.663684
0.661651
0.662058
0.662464
0.662871
0.661244
0.662464
0.660838
0.664904
0.666124
0.666124
0.666531
0.665718
0.662871
0.664904
0.666124
0.663278
0.662058
0.663684
0.663278
0.660024
0.660838
0.661244
0.661651
0.662058
0.662058
0.662464
0.664904
0.664904
0.664498
0.664904
0.665311
0.666531
0.665718
0.665718
0.665718
0.662871
0.660431
0.660024
0.660024
0.663684
0.662464
0.662058
0.661244
0.662464
0.661244
0.662464
0.666531
0.665718
0.665311
0.666531
0.668158
0.667344
0.668158
0.663684
0.664091
0.664091
0.662464
0.662464
0.663278
0.665311
0.665311
0.663684
0.662871
0.668564
0.667751
0.669784
0.664091
0.665718
0.666531
0.667344
0.666124
0.662464
0.664498
0.660431
0.658804
0.657584
0.658804
0.658398
0.661651
0.660838
0.661244
0.661651
0.662058
0.662464
0.662058
0.667344
0.664091
0.664091
0.662871
0.662871
0.664091
0.660838
0.661244
0.662464
0.660024
0.661651
0.661244
0.661244
0.661244
0.657584
0.656364
0.656771
0.660838
0.664091
0.665718
0.664091
0.665718
0.667751
0.666124
0.669378
0.666938
0.665718
0.664498
0.662464
0.664091
0.663278
0.663684
0.664091
0.665311
0.664091
0.664091
0.664498
0.662464
0.666531
0.667751
0.666938
0.666531
0.668158
0.668158
0.668158
0.665311
0.664091
0.664091
0.662464
0.662871
0.662464
0.664091
0.663278
0.662871
0.664904
0.666938
0.669378
0.668158
0.666531
0.666531
0.669784
0.667751
0.666124
0.666938
0.666124
0.665718
0.662058
0.660838
0.661244
0.661651
0.662058
0.664091
0.664498
0.663684
0.665718
0.664091
0.664498
0.664904
0.669784
0.668564
0.666531
0.663684
0.663278
0.662464
0.662464
0.662871
0.661244
0.660838
0.664904
0.664498
0.664904
0.665311
0.666531
0.667344
0.666938
0.666124
0.664904
0.665718
0.668158
0.668564
0.662871
0.662058
0.666124
0.663278
0.662464
0.662058
0.661244
0.661244
0.662464
0.662058
0.662464
0.663278
0.663278
0.663684
0.666124
0.667751
0.665718
0.666531
0.664904
0.664498
0.665311
0.660838
0.666124
0.662464
0.664498
0.663278
0.663684
0.663278
0.664904
0.665718
0.663278
0.666124
0.666124
0.665718
0.665311
0.667344
0.667751
0.668564
0.665718
0.665718
0.666531
0.665718
0.664091
0.663684
0.662464
0.662058
0.664498
0.664904
0.664091
0.663684
0.663278
0.663278
0.663278
0.665311
0.667751
0.667751
0.666531
0.666531
0.666938
0.663278
0.662464
0.663684
0.663684
0.660838
0.662871
0.664498
0.666531
0.663278
0.666124
0.666124
0.666124
0.667751
0.669378
0.667344
0.668971
0.666124
0.668564
0.667344
0.667344
0.665718
0.664904
0.665718
0.664091
0.664091
0.663278
0.662871
0.666124
0.665311
0.662058
0.664498
0.663278
0.662871
0.667751
0.668158
0.668564
0.669378
0.667344
0.664091
0.663278
0.664498
0.663684
0.664091
0.661651
0.662058
0.665718
0.664498
0.666938
0.664904
0.664498
0.663278
0.664904
0.666938
0.668158
0.666938
0.668158
0.668158
0.667344
0.666531
0.665718
0.664904
0.665718
0.665311
0.664091
0.664091
0.664904
0.667751
0.666531
0.666124
0.666531
0.664904
0.666124
0.668564
0.667751
0.668158
0.668971
0.670191
0.663278
0.662058
0.664904
0.665311
0.664904
0.661651
0.664091
0.664904
0.666531
0.664904
0.667344
0.669784
0.667751
0.665311
0.664498
0.668971
0.670191
0.668158
0.663278
0.661651
0.660431
0.659618
0.658804
0.659211
0.659618
0.660024
0.660431
0.662464
0.663278
0.663278
0.662871
0.663278
0.667344
0.666124
0.663278
0.663684
0.664091
0.664498
0.662871
0.660431
0.661651
0.662058
0.661244
0.661244
0.661651
0.660024
0.665718
0.665718
0.663684
0.665311
0.665718
0.663684
0.661651
0.661244
0.664498
0.666124
0.666124
0.665311
0.663278
0.661651
0.663278
0.661651
0.662464
0.663278
0.662871
0.664498
0.664498
0.664091
0.662871
0.662058
0.661651
0.665311
0.666124
0.664091
0.662871
0.662464
0.665718
0.664498
0.658804
0.662871
0.662058
0.660431
0.660838
0.656364
0.658804
0.662464
0.663278
0.665311
0.663278
0.662464
0.661651
0.657991
0.659618
0.661244
0.664091
0.664904
0.660838
0.659211
0.660431
0.661651
0.661244
0.660838
0.661651
0.660838
0.660838
0.659211
0.659211
0.659618
0.662464
0.664498
0.667751
0.665718
0.664498
0.666124
0.667751
0.664091
0.662464
0.658398
0.658804
0.658804
0.657991
0.656364
0.655144
0.658398
0.660838
0.663684
0.664498
0.664498
0.663684
0.665311
0.662871
0.665311
0.666531
0.666124
0.666938
0.664091
0.660431
0.659618
0.658804
0.658804
0.659211
0.660024
0.659618
0.661244
0.659211
0.658398
0.660838
0.664091
0.666124
0.664904
0.667751
0.668158
0.666531
0.668158
0.670191
0.666938
0.661244
0.662871
0.661651
0.661244
0.662871
0.661244
0.663684
0.664091
0.665718
0.666531
0.666531
0.664498
0.662871
0.662871
0.664091
0.667344
0.666531
0.668158
0.670191
0.666531
0.663684
0.660431
0.662871
0.664091
0.664904
0.664091
0.664904
0.666531
0.664904
0.664904
0.668158
0.670191
0.670191
0.667751
0.667751
0.668158
0.668158
0.667344
0.666938
0.665718
0.663684
0.662871
0.663684
0.666531
0.665311
0.666124
0.666124
0.665311
0.667751
0.666124
0.666938
0.664904
0.666531
0.667344
0.669378
0.667344
0.668564
0.667344
0.664904
0.662871
0.661651
0.664498
0.665718
0.664904
0.664904
0.665311
0.662871
0.661651
0.666938
0.664498
0.665311
0.666938
0.665718
0.666531
0.666531
0.666531
0.664904
0.661244
0.662464
0.662871
0.663278
0.666531
0.665311
0.665718
0.667344
0.665718
0.665718
0.664904
0.667344
0.666938
0.667344
0.666938
0.668158
0.667751
0.667751
0.666938
0.667344
0.664091
0.662058
0.661651
0.664498
0.665311
0.664498
0.664091
0.664498
0.660024
0.660024
0.660838
0.664091
0.665311
0.666531
0.667344
0.665311
0.664498
0.664904
0.663278
0.662464
0.662871
0.662058
0.665311
0.662871
0.660838
0.663278
0.662871
0.664091
0.666124
0.666938
0.667344
0.665311
0.664904
0.665718
0.666938
0.668158
0.668971
0.670191
0.664904
0.666938
0.662058
0.662871
0.665718
0.662871
0.663684
0.664091
0.666124
0.664904
0.663684
0.664091
0.664498
0.664498
0.666124
0.666531
0.666938
0.666531
0.666124
0.664498
0.663278
0.662464
0.661651
0.665311
0.666124
0.666124
0.666938
0.667344
0.666938
0.666531
0.666938
0.666531
0.663684
0.664904
0.664498
0.664904
0.666531
0.664498
0.664904
0.666938
0.666531
0.665311
0.666124
0.662871
0.662871
0.663278
0.664904
0.664904
0.665311
0.665311
0.666124
0.666938
0.666938
0.666938
0.665718
0.665311
0.663278
0.662464
0.664091
0.663684
0.664904
0.663278
0.662871
0.662871
0.664091
0.665311
0.665718
0.664904
0.666531
0.666531
0.667751
0.666938
0.664498
0.666938
0.665311
0.666124
0.664904
0.662464
0.662871
0.661244
0.664498
0.666124
0.665718
0.666938
0.665718
0.662058
0.663278
0.663278
0.662871
0.664498
0.664904
0.665718
0.666531
0.665311
0.663684
0.660431
0.658804
0.659618
0.658804
0.660838
0.662871
0.664904
0.664091
0.665311
0.664904
0.664498
0.664904
0.665311
0.664498
0.665311
0.665311
0.666531
0.664904
0.664904
0.663684
0.662871
0.660431
0.663278
0.663684
0.665718
0.660838
0.661651
0.664091
0.666124
0.664904
0.663684
0.667751
0.666938
0.668158
0.667344
0.667344
0.667751
0.667344
0.666124
0.663278
0.663684
0.662058
0.662464
0.663278
0.665311
0.666124
0.666124
0.667344
0.668158
0.667344
0.664091
0.666124
0.667344
0.666124
0.665718
0.662871
0.666938
0.664904
0.662871
0.662058
0.660431
0.660024
0.661244
0.662058
0.661651
0.662871
0.666124
0.664904
0.665311
0.664091
0.663684
0.665718
0.664904
0.664091
0.666531
0.665718
0.664498
0.664498
0.664091
0.664498
0.664091
0.667344
0.668971
0.666938
0.666124
0.666531
0.666531
0.665718
0.664091
0.666124
0.664091
0.664904
0.665311
0.665718
0.666531
0.666938
0.665311
0.664904
0.664091
0.666124
0.666938
0.666938
0.667344
0.668158
0.667751
0.666938
0.663278
0.662464
0.664904
0.667344
0.666124
0.666531
0.666531
0.664498
0.663278
0.661244
0.664091
0.664091
0.662871
0.661244
0.661244
0.660838
0.662464
0.664904
0.666124
0.664904
0.666938
0.661651
0.663278
0.664498
0.666124
0.665718
0.666531
0.668564
0.664498
0.664091
0.664091
0.663684
0.663684
0.664091
0.664498
0.664091
0.665311
0.666124
0.664091
0.664498
0.665718
0.669784
0.668564
0.667751
0.668564
0.668564
0.666938
0.660838
0.660431
0.662464
0.660838
0.662058
0.665718
0.664904
0.664091
0.665311
0.664498
0.665311
0.669378
0.665718
0.664498
0.665718
0.664904
0.665718
0.667751
0.668564
0.664498
0.662464
0.664091
0.662464
0.663278
0.663684
0.664091
0.665311
0.666124
0.665718
0.665311
0.662058
0.666531
0.668564
0.668564
0.668158
0.668158
0.666938
0.662871
0.661651
0.662871
0.663684
0.660838
0.661244
0.662464
0.661244
0.660838
0.659211
0.664498
0.666124
0.666124
0.665311
0.662058
0.663278
0.666124
0.667344
0.670191
0.666938
0.668158
0.664498
0.664091
0.663278
0.663684
0.663278
0.664091
0.664498
0.664904
0.665718
0.664498
0.665311
0.666124
0.665718
0.662871
0.665311
0.663278
0.664091
0.664498
0.665311
0.663278
0.663278
0.664904
0.666938
0.665311
0.666938
0.668971
0.668564
0.668564
0.669378
0.667344
0.669378
0.669378
0.669378
0.668158
0.668158
0.666531
0.665718
0.666531
0.665718
0.666124
0.664498
0.664498
0.665311
0.666938
0.666938
0.667751
0.668564
0.666938
0.666124
0.662464
0.660838
0.662058
0.664904
0.664498
0.668971
0.671004
0.668564
0.664498
0.663278
0.660838
0.662464
0.663278
0.665311
0.664498
0.666938
0.666531
0.666938
0.666531
0.667751
0.662464
0.662058
0.661651
0.666531
0.667344
0.667344
0.663684
0.662464
0.660838
0.662058
0.661651
0.658804
0.659211
0.660024
0.658804
0.660024
0.660024
0.660431
0.660431
0.662058
0.666124
0.666531
0.666531
0.667344
0.666938
0.666531
0.663684
0.661244
0.659618
0.661244
0.661651
0.660838
0.662464
0.662464
0.664091
0.663684
0.668158
0.668158
0.665311
0.660431
0.662058
0.664091
0.666124
0.667344
0.666531
0.665311
0.664091
0.664904
0.663278
0.660838
0.660838
0.661651
0.660838
0.661651
0.661651
0.662464
0.662871
0.665311
0.664498
0.665311
0.668158
0.668158
0.667751
0.666531
0.664904
0.662058
0.662464
0.662871
0.663278
0.662464
0.664498
0.664498
0.666531
0.664904
0.666124
0.665311
0.667751
0.667344
0.664498
0.664091
0.664904
0.665718
0.668158
0.667344
0.667751
0.665311
0.663278
0.663684
0.664904
0.663684
0.662464
0.662058
0.665311
0.664904
0.664498
0.664498
0.666531
0.666531
0.669784
0.667344
0.668158
0.666938
0.670598
0.666938
0.664498
0.663278
0.661244
0.662058
0.663278
0.662464
0.664904
0.666938
0.667751
0.668158
0.668158
0.666124
0.660838
0.661651
0.665311
0.666938
0.666938
0.668564
0.666531
0.662871
0.661651
0.662058
0.663278
0.662464
0.663278
0.662058
0.663684
0.664091
0.664498
0.666531
0.665311
0.667344
0.664904
0.666124
0.666124
0.665718
0.667344
0.666124
0.663684
0.664498
0.661244
0.661651
0.663278
0.661651
0.660838
0.662871
0.664904
0.663684
0.664904
0.664904
0.664498
0.664091
0.666938
0.666938
0.667344
0.664498
0.666124
0.663278
0.661244
0.663684
0.662871
0.659618
0.659211
0.660024
0.658398
0.661651
0.664091
0.661651
0.662871
0.666531
0.666938
0.664904
0.662464
0.663684
0.662058
0.661651
0.665311
0.665311
0.666938
0.666938
0.666531
0.665718
0.666531
0.664904
0.664904
0.663684
0.665311
0.666124
0.666124
0.666938
0.666531
0.666124
0.666124
0.666124
0.666938
0.664091
0.667344
0.665718
0.663278
0.662871
0.661651
0.663684
0.663278
0.662464
0.662464
0.662871
0.664904
0.665718
0.663684
0.664498
0.666124
0.666531
0.666531
0.667751
0.666938
0.666124
0.666531
0.665311
0.666124
0.666124
0.667344
0.666938
0.666938
0.667344
0.667751
0.667751
0.666124
0.666124
0.668158
0.665311
0.664498
0.665311
0.667344
0.665718
0.666938
0.665311
0.665311
0.663278
0.664498
0.664498
0.663278
0.662871
0.664904
0.662871
0.662464
0.664091
0.664498
0.666124
0.668564
0.666531
0.666124
0.666124
0.666531
0.662464
0.662464
0.662058
0.662871
0.663278
0.663684
0.664498
0.663684
0.665311
0.664904
0.665718
0.664091
0.667344
0.663684
0.660431
0.661244
0.665718
0.666531
0.666938
0.665311
0.662058
0.660838
0.662464
0.661651
0.660838
0.659618
0.660431
0.659618
0.661651
0.660838
0.661244
0.663684
0.668158
0.669378
0.665718
0.665311
0.665718
0.667751
0.665718
0.664904
0.662871
0.664091
0.664091
0.663278
0.665311
0.664904
0.663684
0.666124
0.664904
0.665311
0.664498
0.664498
0.661651
0.661244
0.665718
0.666531
0.663684
0.663684
0.662464
0.660431
0.657991
0.661244
0.662058
0.662058
0.661244
0.662058
0.662058
0.662464
0.663684
0.664498
0.665718
0.665718
0.666531
0.667751
0.668158
0.665311
0.666531
0.667344
0.665311
0.666531
0.664091
0.662058
0.664091
0.666124
0.666531
0.667751
0.666938
0.665718
0.664091
0.662058
0.662464
0.663684
0.664904
0.665311
0.665718
0.667344
0.669784
0.667751
0.665718
0.664498
0.665311
0.664904
0.663278
0.663278
0.663278
0.664498
0.662058
0.664904
0.666531
0.665311
0.665718
0.664091
0.665718
0.666938
0.668158
0.664498
0.664904
0.665718
0.664904
0.666938
0.666124
0.666938
0.665718
0.666124
0.664904
0.665311
0.666124
0.668158
0.667751
0.667751
0.665718
0.667344
0.667751
0.665311
0.664091
0.664904
0.663684
0.664498
0.662464
0.661244
0.661651
0.664091
0.664904
0.664498
0.663684
0.665718
0.663278
0.662871
0.666124
0.666531
0.666124
0.668158
0.667344
0.666938
0.668158
0.668564
0.668158
0.668158
0.666938
0.667751
0.669378
0.668158
0.666938
0.665311
0.666531
0.666531
0.668158
0.667344
0.667344
0.666124
0.666938
0.666531
0.666124
0.666124
0.662058
0.662058
0.662871
0.662871
0.664091
0.662464
0.660431
0.664498
0.662464
0.660838
0.662464
0.664904
0.664091
0.664498
0.666531
0.667751
0.667344
0.667344
0.667751
0.666124
0.665311
0.662464
0.664091
0.668564
0.668158
0.668158
0.666938
0.667344
0.668158
0.667344
0.668158
0.667751
0.667751
0.667344
0.668564
0.666531
0.667344
0.665718
0.664091
0.663278
0.660431
0.660838
0.662058
0.665311
0.663684
0.663278
0.661651
0.662464
0.664498
0.665311
0.663684
0.663684
0.666531
0.664498
0.667751
0.668564
0.667344
0.666531
0.666531
0.667751
0.669378
0.667751
0.669784
0.669784
0.668564
0.667751
0.668564
0.668158
0.666124
0.666531
0.667344
0.668158
0.666938
0.667344
0.667344
0.666124
0.667751
0.664091
0.662871
0.661651
0.661244
0.663278
0.664904
0.663684
0.664091
0.663684
0.663684
0.663684
0.664498
0.662058
0.660024
0.660838
0.661244
0.660838
0.664498
0.664498
0.663278
0.660431
0.660024
0.662464
0.664091
0.666938
0.664498
0.666124
0.666938
0.667344
0.665718
0.666124
0.666531
0.665718
0.665311
0.665311
0.668564
0.663278
0.661651
0.660838
0.660024
0.659211
0.662058
0.661244
0.663278
0.663684
0.664498
0.664091
0.663684
0.663278
0.662464
0.660838
0.662871
0.665311
0.666124
0.668971
0.668971
0.665311
0.663684
0.664091
0.662058
0.661651
0.662464
0.666938
0.667344
0.666124
0.666124
0.665311
0.665718
0.668971
0.667344
0.667344
0.666124
0.667751
0.664904
0.666938
0.664091
0.664904
0.663278
0.661244
0.660431
0.660024
0.660024
0.661244
0.662464
0.663278
0.664498
0.663278
0.663684
0.664904
0.667751
0.664498
0.664498
0.668158
0.667344
0.665718
0.664904
0.662464
0.662058
0.662871
0.663278
0.665311
0.664091
0.664498
0.664904
0.664904
0.664904
0.666531
0.664498
0.664498
0.664904
0.665311
0.665311
0.665311
0.665311
0.666531
0.664091
0.663278
0.664904
0.663278
0.663684
0.661244
0.663684
0.661651
0.662464
0.663684
0.662871
0.666124
0.666124
0.666938
0.666938
0.666531
0.666531
0.668564
0.664498
0.664091
0.664904
0.664498
0.664904
0.663684
0.665311
0.663684
0.665311
0.665311
0.663684
0.665718
0.663278
0.662058
0.663278
0.664498
0.666531
0.665311
0.664904
