0.538024
0.538024
0.571370
0.558764
0.565270
0.564864
0.567304
0.569744
0.566897
0.577064
0.589671
0.596584
0.594551
0.604717
0.605937
0.610817
0.598617
0.603904
0.607564
0.612444
0.607971
0.607564
0.613664
0.609191
0.617731
0.616917
0.620171
0.619357
0.616104
0.618137
0.616104
0.612851
0.614477
0.614477
0.614477
0.616917
0.625051
0.628711
0.623424
0.627898
0.626271
0.626271
0.629524
0.629931
0.630338
0.632778
0.633591
0.633184
0.633591
0.631964
0.629931
0.629118
0.633184
0.634811
0.638471
0.639284
0.643758
0.642538
0.644571
0.642944
0.644978
0.647418
0.643351
0.638878
0.642131
0.645791
0.637658
0.641318
0.642131
0.643758
0.644978
0.651484
0.648231
0.641724
0.638064
0.645384
0.644164
0.646604
0.648231
0.646604
0.642538
0.642131
0.647824
0.648231
0.650264
0.644978
0.645384
0.642944
0.642538
0.643351
0.649858
0.649044
0.651484
0.646198
0.644978
0.646198
0.647011
0.650671
0.650671
0.654738
0.653518
0.654738
0.653924
0.654331
0.651484
0.652704
0.655958
0.652704
0.650671
0.648231
0.652704
0.649858
0.653924
0.649044
0.648231
0.658398
0.654331
0.651891
0.644571
0.647011
0.649451
0.653518
0.653518
0.656771
0.660838
0.652298
0.649858
0.652704
0.655958
0.653924
0.650264
0.651484
0.652704
0.657584
0.654738
0.658398
0.652298
0.649451
0.647824
0.647418
0.651484
0.654331
0.664091
0.653111
0.647418
0.653518
0.649858
0.653518
0.655551
0.656364
0.657178
0.657991
0.654331
0.653111
0.652298
0.651484
0.649044
0.649044
0.660024
0.659211
0.666124
0.670598
0.666938
0.656771
0.654331
0.662058
0.663278
0.655144
0.653924
0.653518
0.657178
0.661244
0.661244
0.651891
0.642538
0.650671
0.650264
0.650264
0.654738
0.657178
0.656771
0.658398
0.649858
0.653924
0.653111
0.650264
0.656771
0.656364
0.656364
0.657178
0.658804
0.660838
0.665311
0.661244
0.653111
0.654738
0.659211
0.665311
0.660024
0.662058
0.660024
0.663278
0.668158
0.660431
0.655958
0.665718
0.668158
0.663278
0.658804
0.660024
0.661244
0.662464
0.659211
0.653111
0.655958
0.653924
0.658398
0.664498
0.661244
0.662464
0.664091
0.657584
0.648231
0.656771
0.660024
0.661244
0.666124
0.654738
0.656364
0.656364
0.657178
0.663278
0.660431
0.653924
0.652704
0.652704
0.657584
0.655958
0.661651
0.658398
0.659211
0.662464
0.654738
0.655551
0.657584
0.658398
0.658398
0.660431
0.665718
0.668564
0.664091
0.661244
0.660838
0.662871
0.662871
0.657178
0.660024
0.661244
0.664904
0.666124
0.660838
0.653924
0.656364
0.660024
0.660838
0.655958
0.663684
0.661244
0.661244
0.658804
0.660838
0.653924
0.657991
0.659211
0.662058
0.662871
0.664498
0.665311
0.664498
0.657584
0.658398
0.657178
0.654738
0.660024
0.660431
0.662058
0.664498
0.662464
0.664091
0.663684
0.655551
0.649858
0.655958
0.655551
0.660838
0.658804
0.657584
0.662058
0.659618
0.660024
0.656771
0.651484
0.655551
0.659618
0.661244
0.664904
0.669378
0.660838
0.656771
0.658398
0.659211
0.662871
0.662464
0.660838
0.662871
0.661244
0.667751
0.659211
0.661244
0.655144
0.659618
0.659618
0.658398
0.662871
0.664498
0.662058
0.665311
0.665311
0.664498
0.659618
0.660024
0.661244
0.664904
0.663278
0.661651
0.662871
0.665718
0.663278
0.661651
0.656364
0.662871
0.657991
0.663278
0.663684
0.664498
0.658804
0.660838
0.657178
0.654331
0.660838
0.661651
0.658398
0.658804
0.662871
0.661651
0.657178
0.655551
0.654331
0.657991
0.658398
0.660024
0.654331
0.656364
0.665718
0.664091
0.664904
0.663278
0.657178
0.653518
0.662058
0.660838
0.662871
0.660838
0.664091
0.663278
0.667344
0.664498
0.662871
0.658398
0.656364
0.654738
0.660431
0.662871
0.660024
0.658804
0.658804
0.651891
0.652298
0.657178
0.657178
0.658804
0.657584
0.659211
0.662058
0.656771
0.655144
0.655551
0.657991
0.657584
0.654738
0.653924
0.666531
0.662058
0.661244
0.659618
0.657584
0.651078
0.658398
0.666124
0.664498
0.657991
0.659211
0.663684
0.664498
0.659211
0.656364
0.656364
0.663278
0.660431
0.657178
0.660024
0.666124
0.664091
0.659618
0.661244
0.656771
0.657991
0.657584
0.661651
0.662058
0.664498
0.659618
0.659618
0.655958
0.651484
0.651078
0.654331
0.658398
0.662058
0.661651
0.663684
0.666124
0.665311
0.667344
0.662464
0.665311
0.668158
0.668971
0.663684
0.662058
0.664498
0.664498
0.663684
0.665311
0.657584
0.657178
0.662058
0.659618
0.668158
0.669784
0.669784
0.664091
0.666938
0.663278
0.656364
0.659618
0.662464
0.665311
0.664904
0.669378
0.666938
0.670598
0.665718
0.658804
0.657178
0.656364
0.664498
0.667344
0.667344
0.670191
0.666124
0.668971
0.664498
0.655958
0.661651
0.664498
0.666531
0.659618
0.661244
0.666531
0.671004
0.668158
0.660838
0.652704
0.658804
0.660838
0.664498
0.662058
0.660431
0.661651
0.662871
0.662871
0.650264
0.655144
0.659618
0.665311
0.666938
0.659618
0.664498
0.665311
0.664498
0.660024
0.654331
0.656771
0.660431
0.662058
0.665718
0.668564
0.671004
0.673038
0.669784
0.663278
0.653924
0.655551
0.663278
0.668564
0.670191
0.666124
0.665718
0.668971
0.662058
0.655551
0.661244
0.665718
0.671411
0.671818
0.665311
0.667344
0.665718
0.666124
0.657991
0.653111
0.657178
0.658398
0.657584
0.665311
0.665718
0.664498
0.662058
0.662871
0.660431
0.657991
0.663684
0.665311
0.665718
0.661244
0.661651
0.654738
0.656771
0.657178
0.658804
0.661651
0.663684
0.667751
0.666124
0.662871
0.667344
0.664498
0.664091
0.658804
0.657584
0.655551
0.653924
0.663278
0.667751
0.661651
0.665718
0.663684
0.659211
0.656364
0.658804
0.656771
0.662464
0.660431
0.660838
0.668971
0.668564
0.666938
0.661244
0.650264
0.659618
0.658804
0.664091
0.664498
0.668158
0.666124
0.665311
0.662058
0.655958
0.656364
0.658804
0.658398
0.659211
0.662058
0.664091
0.661244
0.664904
0.660431
0.656771
0.662058
0.662464
0.666124
0.661651
0.658804
0.662464
0.661244
0.662464
0.654331
0.652298
0.659618
0.659618
0.664904
0.667751
0.666531
0.664091
0.660431
0.660431
0.659211
0.658804
0.662871
0.660431
0.666531
0.663684
0.662871
0.666531
0.665718
0.660024
0.655958
0.656364
0.659618
0.662464
0.660838
0.662871
0.666938
0.666938
0.666938
0.658398
0.655551
0.656364
0.657584
0.669378
0.665718
0.665718
0.662871
0.665311
0.660431
0.653924
0.661244
0.666938
0.662464
0.664091
0.666124
0.663684
0.664498
0.665718
0.661244
0.659211
0.653924
0.657584
0.662464
0.663684
0.663278
0.666124
0.668564
0.668158
0.656364
0.653518
0.658804
0.662871
0.664904
0.658804
0.658804
0.662464
0.666531
0.655144
0.652298
0.653111
0.655958
0.661244
0.666531
0.657178
0.657991
0.662871
0.665311
0.655958
0.650264
0.651078
0.659211
0.667344
0.662871
0.661244
0.666938
0.665311
0.663684
0.655958
0.658398
0.660838
0.665311
0.663684
0.661244
0.660838
0.663278
0.668158
0.662871
0.663278
0.657584
0.657584
0.662871
0.664091
0.662058
0.662058
0.659211
0.661244
0.665718
0.661651
0.651891
0.653518
0.664498
0.665311
0.658398
0.655144
0.660431
0.666531
0.661651
0.660838
0.657991
0.655551
0.659211
0.666938
0.662871
0.659618
0.657584
0.662464
0.665718
0.665311
0.657991
0.655551
0.662058
0.659618
0.661651
0.650671
0.650264
0.657991
0.666531
0.662464
0.660024
0.656771
0.659211
0.668158
0.664091
0.659211
0.659211
0.663278
0.664091
0.660431
0.653111
0.652298
0.656771
0.664091
0.665311
0.650671
0.656771
0.660431
0.662464
0.663278
0.659618
0.657991
0.659211
0.657991
0.660024
0.657584
0.665718
0.668158
0.664091
0.655958
0.659618
0.662464
0.664498
0.664498
0.659618
0.649858
0.662871
0.666938
0.662058
0.658398
0.659618
0.660431
0.661244
0.661244
0.658804
0.657584
0.661244
0.662058
0.661244
0.660431
0.658804
0.660838
0.668158
0.655958
0.649451
0.655551
0.664091
0.656364
0.655958
0.659618
0.658398
0.660024
0.657178
0.660024
0.649451
0.643758
0.659211
0.658804
0.655958
0.656364
0.658398
0.659211
0.654738
0.651891
0.662058
0.656771
0.661651
0.661651
0.658804
0.657584
0.654738
0.655958
0.657584
0.657178
0.655958
0.658398
0.657991
0.655144
0.658398
0.663278
0.666124
0.668564
0.668971
0.666531
0.669378
0.660838
0.663684
0.663684
0.666124
0.665718
0.666531
0.668158
0.666124
0.658398
0.664498
0.664498
0.664904
0.662871
0.666531
0.665311
0.666124
0.663684
0.666124
0.664091
0.662058
0.667344
0.661244
0.659211
0.660024
0.667344
0.664091
0.660024
0.661651
0.662464
0.666938
0.667344
0.666124
0.662464
0.660838
0.662058
0.663278
0.660838
0.661651
0.669378
0.666531
0.661244
0.657584
0.656771
0.657991
0.662058
0.658804
0.657178
0.660024
0.659618
0.663278
0.664904
0.667751
0.663684
0.668564
0.658804
0.664904
0.660838
0.662871
0.662871
0.666938
0.664091
0.663684
0.667751
0.668971
0.660024
0.656771
0.656364
0.659211
0.655144
0.662871
0.658398
0.659618
0.657584
0.660431
0.662464
0.664498
0.660838
0.660431
0.652704
0.655144
0.666938
0.666531
0.666124
0.662871
0.663684
0.663684
0.665718
0.662464
0.660838
0.663278
0.662464
0.665311
0.664498
0.662464
0.659211
0.666124
0.662464
0.655551
0.655958
0.660838
0.664904
0.665311
0.664904
0.664904
0.662871
0.667751
0.664091
0.663278
0.662464
0.664091
0.663684
0.659618
0.664498
0.657991
0.655958
0.660024
0.660431
0.660024
0.664498
0.664904
0.666531
0.664498
0.671004
0.662464
0.655958
0.659211
0.663684
0.667344
0.664498
0.663278
0.662464
0.662058
0.669378
0.657178
0.656364
0.661651
0.660838
0.664904
0.666124
0.665718
0.666124
0.668158
0.665718
0.664498
0.664904
0.662058
0.663278
0.661244
0.662871
0.663684
0.663278
0.660024
0.661244
0.658398
0.663278
0.666124
0.666531
0.667344
0.666124
0.667751
0.665718
0.666124
0.662058
0.666531
0.671818
0.671004
0.670598
0.668564
0.668158
0.664091
0.663278
0.664904
0.656771
0.662464
0.664498
0.666124
0.663278
0.669378
0.668564
0.666124
0.663278
0.657584
0.660838
0.659211
0.665311
0.664498
0.666531
0.666938
0.669378
0.669378
0.664904
0.661244
0.660024
0.655144
0.660431
0.667751
0.666124
0.664091
0.664091
0.663684
0.666124
0.665718
0.661651
0.659618
0.662058
0.662871
0.662058
0.657584
0.657178
0.662871
0.662058
0.662058
0.659618
0.659618
0.666124
0.663684
0.661651
0.662871
0.661244
0.666938
0.667751
0.663278
0.654331
0.657178
0.663684
0.664904
0.664091
0.662871
0.662871
0.664904
0.664904
0.660838
0.657991
0.663278
0.659618
0.663684
0.662871
0.657178
0.660024
0.660024
0.658804
0.659618
0.662058
0.668158
0.667751
0.666124
0.660024
0.658804
0.663684
0.664091
0.663684
0.662464
0.666124
0.663684
0.661651
0.661244
0.657178
0.665311
0.662871
0.658804
0.664091
0.663278
0.660024
0.660024
0.661651
0.658804
0.655551
0.655958
0.657178
0.660431
0.653111
0.650264
0.653924
0.661244
0.660431
0.660431
0.655144
0.655551
0.663684
0.664498
0.659618
0.659211
0.659211
0.660024
0.657584
0.662871
0.656771
0.657178
0.658398
0.664904
0.663278
0.663278
0.661244
0.661651
0.666124
0.664498
0.660024
0.661651
0.659618
0.661244
0.662464
0.659618
0.661651
0.662058
0.665718
0.660838
0.656364
0.659618
0.661244
0.662464
0.666531
0.665311
0.664091
0.662871
0.661651
0.657584
0.656771
0.656364
0.663278
0.667751
0.660431
0.659211
0.660024
0.663278
0.654738
0.656364
0.654331
0.663684
0.663684
0.670191
0.663684
0.662058
0.664091
0.669378
0.667344
0.655144
0.648638
0.655958
0.661244
0.663278
0.662058
0.656771
0.658398
0.657178
0.655958
0.658398
0.660431
0.654331
0.657178
0.658398
0.664498
0.669784
0.665718
0.662058
0.659618
0.666531
0.665311
0.668564
0.664904
0.659211
0.664498
0.663684
0.659618
0.659211
0.660431
0.657991
0.663278
0.666938
0.667751
0.662871
0.663684
0.662464
0.665311
0.661651
0.660431
0.662058
0.663684
0.668158
0.666938
0.665311
0.665311
0.667344
0.664498
0.660431
0.656771
0.662871
0.663684
0.662058
0.661244
0.662464
0.662464
0.658398
0.659618
0.655958
0.657584
0.657991
0.660838
0.662871
0.658398
0.657991
0.661244
0.656364
0.660024
0.659211
0.660431
0.659618
0.664904
0.662464
0.659618
0.664091
0.664091
0.664904
0.662871
0.665718
0.662058
0.664091
0.661651
0.660431
0.661651
0.661651
0.662058
0.656364
0.661244
0.660838
0.658398
0.658398
0.663684
0.662871
0.664498
0.661651
0.661244
0.655551
0.659211
0.666531
0.663684
0.659618
0.661244
0.660024
0.664091
0.666938
0.668971
0.665311
0.667751
0.666124
0.662871
0.660024
0.658804
0.662058
0.666124
0.660838
0.660838
0.661651
0.662058
0.660431
0.667751
0.663684
0.658398
0.660024
0.656364
0.665311
0.661651
0.658398
0.651484
0.659618
0.664904
0.667751
0.659618
0.651078
0.653924
0.653924
0.653924
0.656771
0.657178
0.656771
0.661244
0.662058
0.664904
0.660431
0.661651
0.663278
0.660838
0.661244
0.654738
0.660838
0.659618
0.654331
0.655958
0.657991
0.660431
0.663684
0.660838
0.660431
0.659618
0.666124
0.667751
0.661651
0.659618
0.657991
0.657991
0.663684
0.664904
0.667751
0.671411
0.666124
0.663684
0.661651
0.662058
0.659211
0.652704
0.647824
0.654738
0.658804
0.660431
0.661244
0.663278
0.664904
0.661651
0.657991
0.656771
0.652298
0.646604
0.650264
0.653924
0.660431
0.660431
0.657178
0.655958
0.653924
0.657584
0.659211
0.659618
0.657991
0.657584
0.656771
0.661244
0.660838
0.659618
0.661651
0.661651
0.662058
0.663278
0.664904
0.665311
0.668971
0.666531
0.662464
0.655144
0.658804
0.655958
0.657178
0.658804
0.666531
0.663278
0.661651
0.656364
0.651484
0.657178
0.658398
0.663278
0.662871
0.662871
0.664904
0.664498
0.666124
0.662871
0.665311
0.664498
0.665311
0.662464
0.662058
0.661651
0.660838
0.660024
0.662058
0.662058
0.660838
0.660838
0.663278
0.662058
0.665311
0.662871
0.660431
0.660431
0.658804
0.662058
0.665311
0.667344
0.666124
0.663684
0.661244
0.658398
0.658398
0.657178
0.660024
0.657178
0.655551
0.658804
0.658804
0.657991
0.659618
0.658804
0.657991
0.659211
0.651891
0.654738
0.657991
0.655958
0.661244
0.660838
0.659211
0.662058
0.662464
0.655551
0.656771
0.661651
0.664498
0.655958
0.658804
0.663684
0.666124
0.664498
0.660838
0.662464
0.655551
0.655551
0.657584
0.657991
0.657991
0.659618
0.661244
0.661244
0.657584
0.660431
0.662058
0.662464
0.659211
0.662464
0.661651
0.661244
0.662464
0.660838
0.656771
0.656364
0.655958
0.659211
0.662464
0.664904
0.664498
0.660431
0.660431
0.657178
0.656364
0.657991
0.664904
0.667344
0.670598
0.668971
0.668158
0.666124
0.664904
0.659211
0.660838
0.660024
0.668564
0.663278
0.668564
0.675071
0.673038
0.669378
0.669784
0.667344
0.666124
0.665311
0.659618
0.657178
0.657991
0.657178
0.661244
0.662871
0.666531
0.665718
0.669784
0.664904
0.662464
0.659211
0.657991
0.655958
0.658804
0.662464
0.663684
0.668158
0.663684
0.666938
0.670598
0.664904
0.664498
0.664498
0.664904
0.658804
0.655958
0.656364
0.653924
0.657991
0.659618
0.666938
0.666531
0.665311
0.659211
0.655958
0.653924
0.662871
0.663278
0.663278
0.662464
0.665311
0.660431
0.660838
0.657178
0.658804
0.662464
0.669784
0.668564
0.666531
0.662871
0.665311
0.666124
0.670191
0.669378
0.671411
0.670191
0.671411
0.669378
0.664498
0.662058
0.662464
0.663278
0.665718
0.662871
0.666531
0.667344
0.668564
0.666531
0.670191
0.668158
0.663684
0.662871
0.661651
0.659211
0.664498
0.662058
0.663278
0.666531
0.666938
0.662058
0.667344
0.666938
0.665718
0.661651
0.665311
0.669378
0.663684
0.665718
0.666938
0.666531
0.668158
0.670191
0.666938
0.667751
0.665718
0.663278
0.660431
0.666938
0.671004
0.670191
0.672631
0.671411
0.671411
0.671818
0.666938
0.664904
0.665718
0.666124
0.662058
0.662058
0.665718
0.657584
0.661651
0.668971
0.670191
0.670191
0.671818
0.671411
0.671004
0.670191
0.667751
0.662871
0.665311
0.663684
0.663278
0.663278
0.664498
0.664498
0.666531
0.661651
0.664904
0.663278
0.663684
0.662058
0.661244
0.659618
0.663278
0.662464
0.661244
0.661244
0.657178
0.662871
0.657584
0.658398
0.656771
0.666124
0.669784
0.664904
0.663684
0.666531
0.665718
0.668971
0.667751
0.661651
0.663278
0.665311
0.661244
0.664904
0.664091
0.664904
0.664498
0.668158
0.669784
0.670598
0.671411
0.664498
0.666938
0.666124
0.662871
0.662058
0.661651
0.664091
0.669784
0.670191
0.671411
0.669784
0.669378
0.666531
0.658804
0.655958
0.659618
0.662464
0.664498
0.666531
0.664498
0.664904
0.663278
0.663278
0.661651
0.662871
0.664091
0.669784
0.673851
0.669378
0.664904
0.673038
0.667344
0.664091
0.661651
0.660838
0.662058
0.670191
0.669784
0.666124
0.666938
0.665718
0.666938
0.657178
0.666124
0.667751
0.666531
0.675071
0.674258
0.670598
0.672631
0.671411
0.668158
0.667751
0.664904
0.671004
0.667751
0.671411
0.673851
0.677511
0.671818
0.679545
0.669784
0.662871
0.667751
0.671818
0.667751
0.673851
0.673444
0.669378
0.668158
0.666124
0.662464
0.661651
0.665718
0.664904
0.666124
0.673444
0.668564
0.667751
0.669784
0.672224
0.673038
0.668971
0.668971
0.667344
0.660838
0.659618
0.657991
0.664091
0.665718
0.664904
0.660024
0.662464
0.670598
0.671818
0.672224
0.669784
0.669784
0.667751
0.667344
0.666531
0.669784
0.670191
0.675478
0.677511
0.671818
0.674664
0.673038
0.674258
0.666531
0.667344
0.666531
0.665718
0.667751
0.669378
0.671411
0.668971
0.669784
0.666124
0.665311
0.658398
0.661244
0.666938
0.667344
0.669784
0.663684
0.658804
0.660838
0.662058
0.667344
0.663684
0.666531
0.669378
0.668158
0.663278
0.668564
0.670598
0.668564
0.667344
0.661651
0.659618
0.662058
0.663278
0.662871
0.660838
0.661244
0.660024
0.662871
0.659618
0.655551
0.657991
0.662871
0.667344
0.666938
0.667344
0.663684
0.663278
0.655144
0.651484
0.648638
0.654738
0.661244
0.658804
0.659618
0.659618
0.658804
0.661244
0.660431
0.659211
0.661651
0.666938
0.664498
0.667344
0.667751
0.661651
0.662871
0.665311
0.660838
0.662058
0.661244
0.661244
0.666531
0.672224
0.665718
0.664498
0.663684
0.656771
0.649451
0.658398
0.664498
0.665311
0.670191
0.666124
0.668158
0.668564
0.664904
0.662058
0.656771
0.655144
0.660024
0.662464
0.661244
0.667751
0.668564
0.672224
0.668971
0.668564
0.666938
0.664091
0.662464
0.663278
0.662058
0.656364
0.657178
0.660431
0.658398
0.665311
0.669378
0.666938
0.662871
0.667344
0.663684
0.667751
0.669784
0.666938
0.664904
0.653518
0.654738
0.654738
0.657991
0.663684
0.663278
0.664091
0.663684
0.658804
0.654738
0.661651
0.662464
0.663684
0.666938
0.667751
0.666938
0.668564
0.669378
0.663278
0.662058
0.663278
0.667344
0.664498
0.663278
0.662058
0.660431
0.662464
0.663684
0.663684
0.666938
0.662058
0.665311
0.664904
0.667751
0.660838
0.662464
0.666531
0.667344
0.662058
0.660838
0.659211
0.655958
0.659618
0.660838
0.660431
0.655551
0.663278
0.663278
0.662871
0.657991
0.655551
0.655551
0.662058
0.660024
0.662464
0.664091
0.661244
0.662464
0.662464
0.664498
0.662871
0.661651
0.664091
0.665718
0.664498
0.665718
0.666531
0.661651
0.660838
0.660024
0.657991
0.663684
0.664498
0.655551
0.657991
0.658398
0.660838
0.660838
0.664498
0.657178
0.657991
0.653924
0.660838
0.662464
0.661244
0.659618
0.657178
0.653518
0.658398
0.657991
0.662464
0.665718
0.659618
0.660024
0.658804
0.655958
0.657178
0.659211
0.660024
0.660024
0.662871
0.664498
0.660838
0.657178
0.654331
0.655551
0.664904
0.664091
0.664904
0.664091
0.660838
0.662871
0.659618
0.654738
0.659618
0.662464
0.664498
0.665311
0.656364
0.663278
0.666531
0.662464
0.660838
0.659211
0.659211
0.659618
0.657991
0.651484
0.654331
0.659618
0.655958
0.656771
0.657584
0.653924
0.657584
0.657178
0.659211
0.653111
0.658398
0.661651
0.661651
0.651078
0.651078
0.658398
0.662871
0.655144
0.655144
0.653924
0.657584
0.653518
0.651484
0.649858
0.652704
0.660838
0.670191
0.668971
0.664904
0.663684
0.664498
0.662464
0.659618
0.657991
0.654738
0.655144
0.660838
0.668564
0.663684
0.666124
0.667751
0.666938
0.666124
0.653111
0.653518
0.667344
0.666531
0.666531
0.665311
0.661244
0.659618
0.665311
0.667344
0.664904
0.661244
0.670191
0.665311
0.659211
0.661651
0.662871
0.668971
0.666938
0.659211
0.653111
0.656771
0.661651
0.660838
0.662058
0.660024
0.660838
0.657991
0.661244
0.661244
0.657991
0.668564
0.664904
0.660838
0.661651
0.655551
0.653518
0.654738
0.656364
0.653518
0.649044
0.655551
0.657991
0.662058
0.657991
0.664091
0.663278
0.661244
0.660024
0.666531
0.669378
0.662058
0.660431
0.656364
0.656771
0.664091
0.652704
0.659211
0.657584
0.661651
0.663684
0.664904
0.664904
0.670598
0.666124
0.657584
0.653924
0.655958
0.659211
0.659618
0.663278
0.662871
0.664091
0.664498
0.660431
0.655958
0.655958
0.653924
0.662871
0.668158
0.660024
0.659618
0.662058
0.662464
0.664498
0.653518
0.651891
0.662871
0.656364
0.657178
0.660431
0.661244
0.663278
0.662464
0.664498
0.659211
0.653924
0.655958
0.666531
0.665311
0.659211
0.658398
0.661244
0.665311
0.661651
0.656364
0.657178
0.656364
0.664904
0.664091
0.667751
0.668564
0.669784
0.663684
0.657584
0.652704
0.660838
0.661651
0.666531
0.666124
0.665718
0.665718
0.663684
0.656364
0.651484
0.653111
0.660838
0.658804
0.659211
0.662871
0.662871
0.662464
0.667344
0.662871
0.658398
0.662464
0.664091
0.663684
0.664498
0.661244
0.661651
0.668971
0.661651
0.659618
0.662871
0.663278
0.670191
0.664091
0.659618
0.655551
0.659211
0.659618
0.662464
0.670191
0.670191
0.667344
0.672631
0.667751
0.663278
0.663684
0.664091
0.663684
0.666531
0.666124
0.660024
0.655144
0.659618
0.654738
0.658398
0.654331
0.660431
0.665311
0.662058
0.662464
0.657991
0.666531
0.663684
0.661651
0.658804
0.661244
0.660024
0.655958
0.653518
0.653924
0.659211
0.665718
0.668564
0.664498
0.662871
0.664091
0.671004
0.659618
0.657584
0.659618
0.662871
0.665718
0.664904
0.663278
0.661244
0.657991
0.653518
0.649044
0.647418
0.645791
0.657178
0.662058
0.667751
0.661651
0.659618
0.659618
0.663278
0.657991
0.640911
0.640098
0.652298
0.660838
0.664904
0.660431
0.660431
0.661651
0.657584
0.653518
0.647011
0.641724
0.651078
0.658398
0.659618
0.657991
0.655958
0.663684
0.665311
0.662871
0.649858
0.652298
0.653111
0.661651
0.666124
0.660431
0.659211
0.664091
0.657178
0.657584
0.648638
0.652704
0.656364
0.658398
0.664904
0.660024
0.657584
0.666531
0.663278
0.651078
0.651484
0.651484
0.656364
0.659618
0.663684
0.662871
0.660838
0.661244
0.662464
0.663278
0.658804
0.660838
0.660838
0.664091
0.662464
0.660024
0.661244
0.658804
0.655958
0.656771
0.664498
0.666124
0.671411
0.670191
0.665718
0.668564
0.670191
0.664498
0.664904
0.656771
0.659211
0.664091
0.661244
0.663684
0.665311
0.672631
0.671818
0.670598
0.662871
0.657991
0.661651
0.662871
0.665311
0.662464
0.663684
0.664498
0.661651
0.660838
0.660838
0.665718
0.663278
0.663684
0.665718
0.668971
0.670598
0.670598
0.669378
0.662871
0.662058
0.665311
0.666531
0.669784
0.668564
0.670598
0.669378
0.666938
0.665311
0.659618
0.664498
0.670598
0.673038
0.671411
0.671818
0.664091
0.658804
0.660838
0.655958
0.662464
0.666124
0.664498
0.665311
0.662058
0.662871
0.661244
0.659618
0.664091
0.657178
0.657584
0.660024
0.664091
0.659618
0.661244
0.659211
0.665718
0.666124
0.669378
0.661651
0.660838
0.659618
0.661651
0.664904
0.660838
0.660838
0.659211
0.660838
0.657584
0.660024
0.662871
0.664091
0.669378
0.668564
0.668564
0.665718
0.665718
0.663278
0.660431
0.659618
0.655958
0.658398
0.657991
0.654738
0.656364
0.660431
0.662871
0.657178
0.657991
0.662871
0.663278
0.666938
0.669784
0.677105
0.668564
0.670191
0.668564
0.663684
0.662871
0.660838
0.662871
0.663684
0.666124
0.663278
0.660838
0.655551
0.647011
0.651078
0.656771
0.661651
0.668158
0.668564
0.663278
0.663684
0.664498
0.664498
0.657991
0.651891
0.659211
0.663278
0.668971
0.668564
0.666124
0.665718
0.662058
0.660024
0.649451
0.651891
0.654331
0.657991
0.660838
0.663278
0.666531
0.667751
0.657178
0.655958
0.658398
0.653924
0.654738
0.662058
0.664904
0.663278
0.667751
0.667344
0.661244
0.658398
0.657991
0.656364
0.660431
0.661651
0.665311
0.666124
0.668158
0.666531
0.660838
0.665718
0.664091
0.661244
0.665718
0.664904
0.666531
0.660431
0.662058
0.660838
0.656771
0.655551
0.659618
0.660431
0.667751
0.668971
0.672631
0.666124
0.662871
0.654331
0.653924
0.655551
0.657991
0.664498
0.662058
0.666124
0.666124
0.666938
0.662058
0.657991
0.657584
0.661244
0.665311
0.668564
0.666531
0.664498
0.666938
0.669378
0.666124
0.664904
0.664091
0.665311
0.666938
0.662871
0.662871
0.666124
0.664498
0.667751
0.668158
0.667751
0.662464
0.656364
0.660024
0.663684
0.663684
0.665718
0.666938
0.663278
0.666124
0.657584
0.656364
0.657178
0.658804
0.664091
0.664498
0.660838
0.665311
0.661651
0.651078
0.656771
0.662464
0.663278
0.663684
0.664904
0.663684
0.666938
0.667344
0.658398
0.655958
0.659618
0.661651
0.666124
0.664498
0.667751
0.666531
0.662464
0.659211
0.662464
0.666531
0.666531
0.669378
0.668158
0.670191
0.670598
0.667344
0.665311
0.659618
0.658804
0.655958
0.658804
0.663684
0.661651
0.662058
0.662058
0.661244
0.660838
0.650671
0.651078
0.660431
0.665718
0.663684
0.663278
0.664091
0.670191
0.665311
0.662058
0.660024
0.653924
0.661651
0.670191
0.666531
0.665718
0.668564
0.665718
0.657584
0.654738
0.651891
0.654738
0.661244
0.666531
0.671818
0.669378
0.669378
0.674258
0.665311
0.660838
0.659618
0.656771
0.662464
0.663684
0.661244
0.659618
0.662871
0.669784
0.668564
0.666938
0.668158
0.662464
0.662871
0.665718
0.668564
0.670191
0.669378
0.668158
0.665311
0.664091
0.659211
0.655958
0.664904
0.666938
0.673851
0.665311
0.665311
0.664904
0.666124
0.663684
0.663278
0.657991
0.658398
0.657178
0.659211
0.663278
0.666531
0.669378
0.667344
0.665311
0.663684
0.663684
0.659618
0.666124
0.665311
0.664498
0.664904
0.665311
0.665718
0.667344
0.660838
0.662464
0.665718
0.667751
0.670598
0.670191
0.675071
0.668564
0.670191
0.669784
0.670191
0.664904
0.664091
0.668158
0.666938
0.665311
0.671411
0.666531
0.665311
0.659618
0.665718
0.671411
0.672224
0.665718
0.669784
0.669378
0.669784
0.670191
0.666124
0.663684
0.667344
0.670191
0.667751
0.666531
0.664091
0.662058
0.660838
0.660838
0.661244
0.660431
0.661244
0.659618
0.666531
0.661651
0.662058
0.660838
0.661244
0.662871
0.660838
0.660024
0.661244
0.661651
0.662871
0.660024
0.664091
0.664091
0.666531
0.664091
0.669784
0.666531
0.667344
0.666531
0.665311
0.664091
0.666938
0.662464
0.662464
0.660024
0.664091
0.667344
0.666531
0.666124
0.667751
0.665311
0.671004
0.664904
0.657178
0.662871
0.671411
0.671004
0.668564
0.668971
0.671004
0.669378
0.663278
0.663278
0.662464
0.658398
0.655958
0.658398
0.659211
0.663684
0.666124
0.662871
0.667344
0.662871
0.665718
0.661651
0.663684
0.663278
0.665718
0.666124
0.662058
0.663684
0.662058
0.661244
0.658804
0.661651
0.659618
0.667751
0.668971
0.668971
0.668971
0.667751
0.664498
0.660024
0.656364
0.656364
0.658804
0.661651
0.660024
0.662464
0.657991
0.660024
0.658398
0.660431
0.657584
0.658804
0.662058
0.666531
0.662058
0.666124
0.665718
0.663278
0.666124
0.664498
0.657991
0.663684
0.662871
0.661244
0.665718
0.664904
0.664904
0.662871
0.661244
0.663684
0.668971
0.667751
0.664904
0.653924
0.657991
0.653924
0.658398
0.661651
0.661651
0.661244
0.660024
0.662464
0.665718
0.663684
0.665311
0.665311
0.660024
0.657584
0.657991
0.660838
0.663684
0.668158
0.668971
0.665311
0.664904
0.666531
0.663278
0.664904
0.661244
0.662871
0.664904
0.664091
0.662871
0.664091
0.665718
0.658804
0.660431
0.662464
0.661651
0.663684
0.664091
0.661651
0.658804
0.657584
0.660024
0.660431
0.662464
0.668564
0.668971
0.670598
0.668971
0.668971
0.666531
0.661651
0.662058
0.658804
0.654738
0.655144
0.649858
0.656364
0.657991
0.654331
0.655551
0.657584
0.662058
0.658804
0.656364
0.655144
0.657991
0.658398
0.659618
0.656771
0.659211
0.660024
0.660838
0.661244
0.662058
0.660024
0.657991
0.655144
0.662058
0.657991
0.657991
0.660024
0.660838
0.659211
0.658804
0.662464
0.660024
0.664498
0.663278
0.658804
0.656771
0.657584
0.657584
0.657991
0.665311
0.667344
0.666531
0.666938
0.663684
0.665718
0.660838
0.652704
0.653111
0.650671
0.664091
0.664498
0.662058
0.660838
0.660838
0.660431
0.660431
0.659211
0.657178
0.656771
0.655144
0.653518
0.661651
0.659618
0.660431
0.659618
0.660838
0.657991
0.656364
0.658398
0.658804
0.662464
0.664091
0.661651
0.657991
0.656771
0.659211
0.660024
0.666124
0.662464
0.664091
0.663278
0.659211
0.656771
0.663684
0.662058
0.662464
0.664091
0.658398
0.656364
0.656771
0.656771
0.661244
0.663684
0.665718
0.664498
0.666124
0.662058
0.664498
0.660838
0.661651
0.666124
0.663684
0.655958
0.655144
0.657991
0.668158
0.672631
0.667344
0.672631
0.667751
0.664091
0.663278
0.660024
0.660024
0.657584
0.655551
0.657178
0.655551
0.654331
0.660024
0.657584
0.660024
0.660431
0.652704
0.653924
0.660838
0.663278
0.666938
0.661244
0.664904
0.663684
0.663684
0.659211
0.653111
0.656364
0.658804
0.666124
0.669378
0.668158
0.668564
0.662464
0.663684
0.663278
0.658804
0.663278
0.664091
0.662871
0.660431
0.662464
0.663278
0.668564
0.658804
0.652298
0.660431
0.666531
0.664904
0.662871
0.660024
0.664498
0.664498
0.663684
0.659211
0.660431
0.662464
0.662464
0.662464
0.661244
0.662464
0.662058
0.659211
0.655144
0.657991
0.659211
0.664904
0.667751
0.672224
0.671411
0.670191
0.666938
0.669378
0.660431
0.651891
0.660838
0.662871
0.664498
0.666124
0.665311
0.666124
0.663278
0.659618
0.661244
0.654738
0.657584
0.662871
0.669378
0.672631
0.666531
0.661651
0.656364
0.665311
0.658398
0.660024
0.664498
0.666938
0.663278
0.664904
0.662871
0.659618
0.657178
0.658398
0.658804
0.661651
0.663684
0.665311
0.667751
0.664091
0.657178
0.660024
0.662058
0.660024
0.658398
0.655144
0.660838
0.663278
0.666124
0.667751
0.666531
0.666531
0.661244
0.660431
0.662871
0.665311
0.666938
0.668564
0.670598
0.666531
0.661651
0.660431
0.657178
0.662058
0.657991
0.664091
0.671004
0.674664
0.669784
0.663684
0.659618
0.662871
0.655958
0.658804
0.660838
0.664091
0.667344
0.665311
0.661651
0.662464
0.663278
0.667344
0.663684
0.655958
0.651891
0.656771
0.666938
0.667344
0.666124
0.660431
0.658804
0.660024
0.658804
0.658398
0.659211
0.659211
0.662871
0.665718
0.666124
0.666938
0.665718
0.661244
0.662464
0.663278
0.658804
0.659618
0.665718
0.673038
0.670598
0.665311
0.660838
0.662871
0.659618
0.655551
0.658804
0.661244
0.656364
0.658398
0.656771
0.665718
0.663684
0.664091
0.663278
0.661651
0.667751
0.663684
0.665718
0.666124
0.664498
0.661651
0.662058
0.661651
0.662058
0.661651
0.665718
0.671411
0.664498
0.661244
0.660838
0.660024
0.665718
0.660431
0.661651
0.663278
0.667751
0.672631
0.670191
0.671411
0.668564
0.664091
0.666938
0.661651
0.657991
0.660024
0.661244
0.665718
0.666938
0.663278
0.660024
0.659618
0.661244
0.663684
0.666938
0.665718
0.666531
0.662871
0.665311
0.664904
0.661244
0.664498
0.666124
0.670191
0.667344
0.663278
0.666531
0.661244
0.653518
0.654738
0.658804
0.668971
0.666124
0.662871
0.664904
0.668564
0.669378
0.667751
0.669378
0.664091
0.662058
0.659211
0.659211
0.665311
0.668971
0.671411
0.667751
0.665718
0.664904
0.663278
0.660024
0.665718
0.667344
0.663278
0.668564
0.672631
0.675071
0.671818
0.665311
0.662871
0.664904
0.664904
0.666124
0.665311
0.666531
0.665311
0.664091
0.665718
0.664498
0.670191
0.664498
0.673038
0.671004
0.670191
0.672631
0.663684
0.659211
0.657584
0.657991
0.662058
0.660024
0.658804
0.665311
0.664498
0.659618
0.659618
0.660024
0.664498
0.667344
0.661651
0.658398
0.661244
0.659211
0.664091
0.659618
0.662464
0.660431
0.660431
0.663278
0.666531
0.666938
0.664904
0.668158
0.671818
0.666124
0.665718
0.660838
0.660024
0.657178
0.660431
0.662871
0.665718
0.659618
0.661651
0.660431
0.662058
0.660431
0.655144
0.655551
0.658804
0.660838
0.664091
0.662058
0.666531
0.661244
0.660024
0.662464
0.659211
0.666938
0.662464
0.660838
0.663684
0.662058
0.658398
0.657584
0.655144
0.662464
0.663278
0.666938
0.666124
0.661651
0.658804
0.657584
0.660024
0.662058
0.660838
0.665311
0.664498
0.667751
0.666124
0.668971
0.667751
0.665718
0.663684
0.657178
0.657584
0.660431
0.663684
0.663278
0.666531
0.669378
0.666938
0.661244
0.664498
0.653111
0.656364
0.659618
0.663684
0.670191
0.663684
0.666938
0.661244
0.658804
0.655958
0.654738
0.660024
0.664498
0.658804
0.657991
0.660024
0.659211
0.664091
0.660024
0.660838
0.657178
0.656771
0.662464
0.662058
0.660431
0.662464
0.667751
0.660024
0.653111
0.651484
0.653111
0.658398
0.662058
0.665718
0.667344
0.668971
0.669378
0.668971
0.657991
0.648638
0.651078
0.660024
0.660838
0.666938
0.663684
0.670191
0.668971
0.669784
0.666938
0.662058
0.655551
0.646198
0.649451
0.656364
0.662871
0.668564
0.668564
0.663278
0.666124
0.663684
0.662871
0.659618
0.655958
0.657991
0.659211
0.663278
0.662058
0.662464
0.660024
0.653518
0.657991
0.659211
0.662464
0.662871
0.658804
0.660838
0.666124
0.667751
0.664091
0.660024
0.655551
0.651484
0.651078
0.661244
0.667751
0.665311
0.662871
0.662058
0.651484
0.655551
0.664091
0.665311
0.663278
0.662464
0.664091
0.664498
0.667751
0.667751
0.665718
0.660431
0.660024
0.659618
0.657584
0.657178
0.660431
0.669784
0.668564
0.664498
0.661651
0.658804
0.662464
0.663278
0.658398
0.659618
0.660838
0.662058
0.661651
0.661651
0.655144
0.656364
0.655144
0.665311
0.668564
0.671818
0.668564
0.669378
0.664498
0.659211
0.657178
0.660431
0.665311
0.662871
0.668158
0.668971
0.662871
0.662464
0.663278
0.656364
0.653518
0.653518
0.662058
0.660024
0.659211
0.657584
0.655551
0.657584
0.657178
0.657584
0.657584
0.656364
0.660024
0.656364
0.659618
0.662464
0.662058
0.663278
0.662464
0.654331
0.653111
0.655551
0.658398
0.661651
0.659211
0.660838
0.665311
0.667751
0.664091
0.656771
0.655958
0.657584
0.658804
0.657991
0.662058
0.662058
0.663278
0.665718
0.663684
0.664904
0.668158
0.666938
0.664904
0.663684
0.661244
0.665718
0.663684
0.660838
0.661244
0.663278
0.666124
0.665718
0.664904
0.661651
0.657991
0.658804
0.659211
0.662871
0.661651
0.661244
0.663278
0.665311
0.664498
0.662464
0.657584
0.656364
0.657178
0.652298
0.650671
0.650264
0.659618
0.660431
0.663278
0.663278
0.663684
0.660838
0.666938
0.665718
0.660838
0.661244
0.660024
0.658804
0.659211
0.662058
0.661651
0.664091
0.658398
0.657991
0.659618
0.660838
0.658804
0.662464
0.659211
0.656771
0.655551
0.658398
0.655144
0.664498
0.671411
0.666531
0.660431
0.664091
0.665311
0.663684
0.665718
0.664904
0.665718
0.662464
0.664091
0.664904
0.664498
0.664904
0.660838
0.661651
0.662058
0.656771
0.651891
0.660024
0.664904
0.663278
0.665718
0.667344
0.662871
0.659618
0.653518
0.655958
0.651891
0.657178
0.656771
0.656364
0.660024
0.658804
0.656771
0.657178
0.657178
0.654738
0.655144
0.656364
0.657584
0.658804
0.660024
0.659211
0.657178
0.658398
0.658398
0.658804
0.661244
0.662464
0.656771
0.655958
0.660024
0.661244
0.657584
0.658804
0.662871
0.658804
0.657178
0.660838
0.661651
0.659211
0.657991
0.659211
0.658398
0.665311
0.668158
0.666531
0.664091
0.663684
0.663278
0.660024
0.659618
0.657991
0.662464
0.664498
0.659211
0.661651
0.661651
0.666531
0.666124
0.666531
0.657178
0.659211
0.658804
0.659211
0.657991
0.659618
0.661651
0.662871
0.668158
0.664091
0.651484
0.653518
0.660838
0.656364
0.657584
0.655958
0.659618
0.660838
0.662058
0.657178
0.656364
0.657991
0.660838
0.660024
0.666124
0.662058
0.663278
0.663684
0.663684
0.662464
0.660838
0.661244
0.660838
0.658398
0.659211
0.659211
0.660838
0.660838
0.659618
0.655144
0.651078
0.657178
0.657584
0.660431
0.659618
0.660431
0.665311
0.662871
0.658398
0.654331
0.655551
0.656364
0.658804
0.659618
0.652298
0.655958
0.652704
0.659618
0.653518
0.650264
0.657991
0.662464
0.666531
0.664498
0.667751
0.664904
0.666938
0.664091
0.660024
0.659618
0.661244
0.666531
0.668564
0.665311
0.661651
0.664091
0.659211
0.655551
0.655551
0.655144
0.662464
0.666938
0.666124
0.660838
0.665718
0.664498
0.663278
0.657991
0.659211
0.653924
0.655958
0.660431
0.660838
0.660024
0.662871
0.664904
0.666938
0.658804
0.655958
0.656364
0.652298
0.650264
0.656364
0.661244
0.662871
0.663684
0.666124
0.658398
0.653518
0.649858
0.654331
0.655551
0.658398
0.663278
0.664904
0.671004
0.668971
0.661651
0.660024
0.653111
0.655958
0.659211
0.661244
0.663278
0.663278
0.658804
0.662871
0.660838
0.662871
0.659211
0.662871
0.660024
0.657178
0.662058
0.661651
0.660838
0.662871
0.664091
0.662871
0.663684
0.665311
0.662464
0.672224
0.667344
0.666938
0.666531
0.667344
0.667751
0.668971
0.669378
0.664091
0.663684
0.661651
0.657584
0.660838
0.663684
0.665718
0.666938
0.664498
0.662871
0.659618
0.657178
0.657584
0.655958
0.660431
0.660431
0.662058
0.666531
0.664904
0.667344
0.664498
0.656771
0.654331
0.657584
0.662871
0.668158
0.660024
0.659618
0.660838
0.657584
0.655551
0.660838
0.664091
0.659211
0.662464
0.660431
0.660024
0.658398
0.663278
0.660431
0.660838
0.662464
0.663684
0.661651
0.668564
0.668564
0.667751
0.666938
0.667344
0.665718
0.658398
0.653924
0.657991
0.662058
0.666124
0.665311
0.661244
0.657991
0.660838
0.663684
0.665718
0.662058
0.656771
0.660431
0.659211
0.661244
0.664091
0.658804
0.662464
0.663684
0.661244
0.662058
0.660431
0.664498
0.664904
0.660024
0.656364
0.657991
0.655551
0.658398
0.660431
0.655551
0.660024
0.660838
0.661244
0.662058
0.660024
0.658398
0.664498
0.660024
0.660431
0.659618
0.660838
0.661244
0.663278
0.661651
0.662464
0.662058
0.658804
0.657178
0.659618
0.663684
0.663684
0.665718
0.663684
0.658804
0.658804
0.662058
0.657178
0.661244
0.654331
0.656364
0.656364
0.660431
0.666124
0.666124
0.667751
0.667751
0.663684
0.664904
0.661651
0.657991
0.659618
0.657584
0.655958
0.657991
