0.520537
0.520943
0.539650
0.575437
0.560390
0.564864
0.597397
0.590484
0.576251
0.576251
0.576657
0.577064
0.579911
0.576251
0.584791
0.587231
0.583571
0.572590
0.559984
0.558764
0.563644
0.575031
0.583164
0.586011
0.577877
0.570964
0.573404
0.572590
0.574624
0.576657
0.582351
0.586417
0.583164
0.581944
0.582351
0.576657
0.581131
0.585604
0.583164
0.583571
0.581944
0.581537
0.581537
0.580724
0.581131
0.583164
0.581537
0.584791
0.583977
0.581537
0.582757
0.574217
0.580724
0.586417
0.589264
0.591704
0.594144
0.591704
0.587637
0.586011
0.586417
0.588044
0.589671
0.589264
0.590077
0.600244
0.591704
0.593737
0.590891
0.592111
0.591704
0.591704
0.595364
0.601464
0.597804
0.596991
0.595771
0.592111
0.593331
0.591297
0.588451
0.587637
0.584384
0.584791
0.588857
0.588451
0.592111
0.591704
0.588044
0.584384
0.582757
0.583977
0.585197
0.588857
0.586824
0.586824
0.588044
0.589264
0.586417
0.583164
0.585604
0.584791
0.587231
0.584791
0.587637
0.584384
0.586417
0.586417
0.588451
0.587231
0.586417
0.588857
0.586011
0.590077
0.587231
0.588044
0.590077
0.589671
0.590484
0.590891
0.592111
0.590484
0.591297
0.589264
0.589264
0.589264
0.591297
0.592924
0.590484
0.592111
0.592111
0.592111
0.594957
0.592517
0.592517
0.592517
0.593737
0.592517
0.592111
0.593737
0.592111
0.594551
0.597397
0.598617
0.599431
0.597397
0.595364
0.593331
0.595771
0.596991
0.598617
0.597804
0.597397
0.599024
0.599024
0.595364
0.594551
0.594957
0.596584
0.599024
0.601464
0.602277
0.602684
0.600651
0.602684
0.601871
0.601057
0.602684
0.604311
0.605124
0.602277
0.603904
0.606751
0.607564
0.605531
0.601464
0.600244
0.601464
0.603497
0.602277
0.605531
0.603497
0.601057
0.599431
0.596584
0.601464
0.607157
0.613664
0.612851
0.615697
0.614884
0.614071
0.616104
0.609597
0.608377
0.617324
0.622204
0.620577
0.623017
0.618137
0.617324
0.616104
0.615291
0.614071
0.621797
0.618137
0.619357
0.618951
0.623831
0.622611
0.619357
0.617731
0.612444
0.618951
0.620577
0.623017
0.620984
0.617324
0.619764
0.617324
0.618951
0.613664
0.612037
0.614477
0.614477
0.620577
0.623831
0.621797
0.619764
0.624644
0.623424
0.624644
0.615697
0.613257
0.625458
0.626678
0.625458
0.621391
0.624237
0.625864
0.628304
0.628711
0.631558
0.627898
0.625051
0.621391
0.632778
0.619764
0.622611
0.625458
0.629524
0.627084
0.629118
0.620984
0.621391
0.620984
0.625051
0.620984
0.621391
0.624237
0.626271
0.630744
0.629931
0.636844
0.633591
0.637658
0.641724
0.638471
0.633591
0.631964
0.633184
0.633591
0.630338
0.629524
0.637658
0.636844
0.636031
0.635218
0.634811
0.635624
0.632371
0.634404
0.633998
0.631151
0.636844
0.638471
0.636031
0.638064
0.636844
0.637658
0.637658
0.636438
0.637251
0.635624
0.638064
0.636438
0.631964
0.634811
0.636031
0.634404
0.631964
0.632778
0.631151
0.634404
0.635624
0.634404
0.634811
0.639284
0.640098
0.640911
0.638878
0.632371
0.635624
0.637251
0.637658
0.637251
0.642538
0.643351
0.640911
0.640911
0.640504
0.640504
0.638878
0.640504
0.639691
0.642538
0.640911
0.637658
0.640504
0.639691
0.635624
0.636844
0.638878
0.638064
0.637658
0.638471
0.640911
0.640504
0.636844
0.636844
0.637658
0.637251
0.640098
0.641724
0.644164
0.642131
0.639284
0.639284
0.641318
0.641724
0.641318
0.639691
0.645384
0.643351
0.641724
0.643351
0.644978
0.638878
0.639284
0.634811
0.639691
0.640098
0.642538
0.643351
0.645384
0.641724
0.641318
0.640911
0.640098
0.640504
0.642538
0.641724
0.640504
0.634811
0.642131
0.642538
0.640911
0.640504
0.639284
0.644978
0.640098
0.643758
0.643351
0.643758
0.638471
0.641318
0.643351
0.645384
0.644164
0.643758
0.641724
0.644571
0.646604
0.647011
0.646198
0.646604
0.644978
0.645384
0.640098
0.646198
0.639691
0.637251
0.636031
0.636031
0.637658
0.642944
0.641724
0.645791
0.645791
0.643758
0.642944
0.641318
0.643758
0.640098
0.644571
0.638471
0.638064
0.636031
0.638471
0.642538
0.642944
0.645791
0.642538
0.640504
0.640911
0.639691
0.639691
0.644164
0.640098
0.643351
0.641318
0.636031
0.634811
0.634404
0.633998
0.631558
0.636031
0.639284
0.640098
0.640098
0.640504
0.641318
0.639284
0.637658
0.631964
0.641318
0.642944
0.642131
0.641318
0.643758
0.644571
0.643351
0.638471
0.641724
0.634404
0.634811
0.636844
0.641724
0.648231
0.645384
0.640098
0.638471
0.644978
0.644164
0.645384
0.644571
0.649858
0.646198
0.646604
0.648231
0.653111
0.649451
0.644571
0.641724
0.642944
0.639691
0.641724
0.647418
0.647418
0.641724
0.638471
0.642944
0.641318
0.641318
0.640911
0.642538
0.641724
0.651891
0.650264
0.651078
0.652704
0.651484
0.649451
0.650671
0.648638
0.647011
0.647011
0.646198
0.644571
0.639284
0.644571
0.640911
0.643758
0.644978
0.646604
0.642944
0.644571
0.641724
0.643351
0.643758
0.645384
0.644571
0.647824
0.649044
0.645791
0.647011
0.648638
0.647011
0.646198
0.644978
0.642131
0.641724
0.653924
0.647824
0.651078
0.647011
0.647011
0.652704
0.641724
0.638471
0.639691
0.644978
0.649044
0.648231
0.650264
0.648638
0.644978
0.646198
0.647011
0.651484
0.650264
0.649858
0.653518
0.648638
0.650264
0.648638
0.649858
0.647011
0.651078
0.648231
0.643351
0.647824
0.648638
0.645384
0.647418
0.651078
0.656771
0.646198
0.644978
0.642944
0.653111
0.651484
0.650264
0.649044
0.650671
0.650264
0.649044
0.649858
0.645791
0.645791
0.651891
0.648638
0.647418
0.649451
0.649451
0.646604
0.642944
0.649858
0.648231
0.649044
0.650671
0.649451
0.654331
0.651078
0.653924
0.654331
0.648231
0.644164
0.646604
0.652704
0.649451
0.651078
0.651484
0.649451
0.650264
0.653924
0.653111
0.655551
0.653518
0.653111
0.648231
0.649044
0.647011
0.649858
0.649451
0.646198
0.644164
0.642944
0.643758
0.646198
0.647824
0.649858
0.651484
0.648638
0.646604
0.645384
0.643758
0.640504
0.652704
0.650671
0.651891
0.648231
0.644978
0.647011
0.649858
0.651078
0.651484
0.649858
0.646604
0.647824
0.644978
0.644164
0.647418
0.647418
0.642538
0.644978
0.643351
0.650671
0.651484
0.651484
0.651484
0.648638
0.646198
0.647418
0.651891
0.651891
0.651078
0.651484
0.651078
0.645791
0.648231
0.649451
0.648638
0.646604
0.649451
0.648638
0.649044
0.646604
0.647418
0.651484
0.651078
0.653924
0.649451
0.644978
0.647418
0.641724
0.655551
0.653924
0.657584
0.653924
0.649044
0.651891
0.650264
0.655144
0.655958
0.651891
0.651078
0.651891
0.651078
0.653924
0.652704
0.651078
0.647418
0.641724
0.642538
0.655551
0.658398
0.656364
0.652704
0.648231
0.643351
0.643758
0.647418
0.653924
0.652298
0.653111
0.653924
0.649858
0.651891
0.653924
0.650671
0.648231
0.642131
0.645384
0.645791
0.652704
0.655144
0.653111
0.652298
0.653924
0.649451
0.651484
0.647824
0.647011
0.649858
0.652704
0.650264
0.651484
0.651078
0.652704
0.647418
0.649044
0.649044
0.648231
0.651891
0.654331
0.652298
0.653924
0.653924
0.652298
0.647824
0.643351
0.645791
0.655551
0.657584
0.658804
0.657178
0.653518
0.650671
0.650671
0.652298
0.652298
0.650671
0.653111
0.652704
0.655551
0.656364
0.660024
0.657584
0.642131
0.639691
0.644164
0.655144
0.658804
0.659618
0.654331
0.651891
0.646604
0.647418
0.646198
0.642944
0.650264
0.653111
0.655551
0.649451
0.652298
0.652298
0.651078
0.641724
0.644571
0.645384
0.645791
0.655958
0.653924
0.653518
0.647011
0.651078
0.652298
0.649044
0.649044
0.648231
0.651891
0.653111
0.655551
0.656771
0.657178
0.654331
0.652298
0.649044
0.648638
0.650264
0.657584
0.657178
0.654331
0.656771
0.653518
0.654738
0.652298
0.649858
0.649858
0.655551
0.655958
0.659618
0.657584
0.655958
0.657584
0.651484
0.647418
0.648638
0.650264
0.657178
0.660024
0.657584
0.655144
0.654738
0.655551
0.656771
0.657991
0.654331
0.654331
0.653518
0.652298
0.656364
0.654331
0.655958
0.655958
0.651891
0.640098
0.643351
0.654331
0.658398
0.654331
0.655958
0.654331
0.651891
0.649044
0.650264
0.649451
0.651078
0.654331
0.655551
0.655144
0.653111
0.650264
0.649044
0.648231
0.649451
0.648231
0.648638
0.658398
0.654738
0.655958
0.647824
0.648231
0.650264
0.655958
0.652704
0.654738
0.652298
0.657991
0.656364
0.659211
0.658398
0.653111
0.648231
0.644978
0.648638
0.647824
0.657584
0.653518
0.655958
0.655551
0.654738
0.653111
0.647418
0.647824
0.650264
0.653924
0.654331
0.655144
0.653111
0.653111
0.650671
0.650264
0.653924
0.654738
0.652298
0.649858
0.651484
0.654738
0.650671
0.652298
0.654331
0.653924
0.654738
0.652704
0.655958
0.655144
0.655958
0.660024
0.655551
0.654738
0.652298
0.649451
0.649451
0.650671
0.655551
0.658398
0.656771
0.657178
0.656364
0.654331
0.646604
0.646604
0.648638
0.655144
0.657584
0.653924
0.657991
0.655144
0.654331
0.656364
0.656771
0.655551
0.651484
0.655144
0.658804
0.655144
0.655551
0.654738
0.655958
0.654331
0.656771
0.652298
0.649858
0.654738
0.658398
0.661651
0.663278
0.660024
0.660431
0.648638
0.647011
0.646198
0.653518
0.658804
0.655144
0.656364
0.657584
0.655551
0.651891
0.650671
0.651484
0.653111
0.655144
0.653924
0.654738
0.655958
0.656364
0.654738
0.653924
0.651891
0.652298
0.649858
0.654738
0.651484
0.653924
0.653924
0.654331
0.654331
0.649044
0.647418
0.650671
0.654738
0.661651
0.662464
0.660838
0.657178
0.651891
0.653111
0.653111
0.655551
0.654738
0.655144
0.659618
0.660431
0.656771
0.655551
0.656364
0.654331
0.650264
0.649451
0.653111
0.657178
0.650671
0.647824
0.654738
0.654738
0.654331
0.649451
0.647418
0.649858
0.656364
0.654331
0.656364
0.655551
0.655551
0.651891
0.648638
0.647418
0.650264
0.650264
0.654331
0.655551
0.653924
0.654331
0.650671
0.652704
0.649451
0.646198
0.653924
0.650264
0.652298
0.651891
0.657991
0.651078
0.652704
0.651891
0.652298
0.653111
0.655144
0.656364
0.660431
0.659618
0.655958
0.655144
0.652704
0.645791
0.644164
0.650264
0.653111
0.660838
0.657584
0.656364
0.659211
0.658804
0.653111
0.649044
0.646198
0.651484
0.655144
0.654331
0.655144
0.653518
0.655551
0.649858
0.654738
0.652298
0.651891
0.651484
0.655958
0.656771
0.655144
0.656771
0.654331
0.657178
0.649451
0.650671
0.655144
0.655144
0.657178
0.657991
0.660024
0.662464
0.654738
0.654738
0.654331
0.653111
0.653111
0.655144
0.652298
0.657584
0.660024
0.659618
0.650264
0.647824
0.646198
0.649858
0.648638
0.657991
0.659211
0.655551
0.658398
0.659618
0.650264
0.651484
0.649044
0.652298
0.655144
0.656364
0.651484
0.651484
0.650671
0.653111
0.650671
0.644164
0.645791
0.655551
0.655958
0.656364
0.649858
0.653924
0.652704
0.660431
0.655551
0.649451
0.642944
0.650264
0.653924
0.658398
0.657178
0.656364
0.655551
0.652298
0.649858
0.643758
0.642131
0.645791
0.649451
0.650671
0.651891
0.655958
0.652704
0.656771
0.651078
0.652704
0.644978
0.644164
0.649451
0.655144
0.651484
0.648231
0.648231
0.650671
0.656771
0.652298
0.651484
0.647418
0.647011
0.649451
0.650264
0.654331
0.654738
0.651484
0.652298
0.652704
0.653111
0.651484
0.644978
0.645384
0.651484
0.653518
0.657584
0.657991
0.657991
0.657991
0.657178
0.655144
0.653924
0.653924
0.656771
0.658398
0.654331
0.653111
0.653111
0.655144
0.653111
0.653924
0.658804
0.654738
0.653111
0.658398
0.655144
0.655958
0.649858
0.654331
0.650264
0.657991
0.653111
0.653924
0.660024
0.660024
0.655958
0.653111
0.652704
0.655144
0.657584
0.664091
0.655958
0.653924
0.660838
0.659211
0.654331
0.649044
0.646198
0.646604
0.649451
0.653111
0.656771
0.655958
0.657584
0.653924
0.657584
0.657178
0.655551
0.652298
0.648638
0.651078
0.656771
0.661651
0.659618
0.661651
0.662058
0.657584
0.657584
0.651891
0.649858
0.653518
0.656771
0.655144
0.657584
0.658398
0.659211
0.654738
0.655144
0.650671
0.654738
0.662464
0.660024
0.659211
0.660431
0.653924
0.653518
0.651484
0.652704
0.656771
0.658398
0.658398
0.659618
0.658804
0.658398
0.657991
0.656364
0.653518
0.653924
0.657584
0.658398
0.660431
0.657991
0.660024
0.659618
0.652704
0.652298
0.654331
0.660431
0.660024
0.652704
0.655958
0.655144
0.660431
0.658398
0.660431
0.654738
0.651891
0.658804
0.660024
0.657178
0.657584
0.660431
0.661651
0.658398
0.654738
0.649858
0.657991
0.660024
0.658804
0.657178
0.657584
0.656364
0.661651
0.657991
0.656771
0.652704
0.653518
0.658804
0.655958
0.657584
0.657991
0.661244
0.660024
0.657178
0.655958
0.654738
0.659211
0.659211
0.656364
0.655958
0.657584
0.657584
0.652704
0.649044
0.650671
0.657178
0.658398
0.657584
0.654331
0.654331
0.654331
0.658398
0.659211
0.656364
0.651078
0.654331
0.657584
0.657991
0.661651
0.661651
0.660024
0.662058
0.660431
0.657584
0.654331
0.660024
0.659618
0.655958
0.660024
0.662871
0.659211
0.657178
0.657584
0.657584
0.657991
0.660431
0.656364
0.655958
0.656771
0.660024
0.659618
0.657584
0.650264
0.656364
0.656364
0.654331
0.649858
0.653924
0.660024
0.659618
0.660024
0.656771
0.656364
0.659618
0.659211
0.660024
0.660431
0.661244
0.660838
0.657178
0.657178
0.654738
0.652704
0.653518
0.659618
0.659618
0.658398
0.660431
0.660024
0.660024
0.657584
0.656771
0.653111
0.657991
0.658398
0.657991
0.662058
0.657991
0.657991
0.660838
0.657991
0.657178
0.656364
0.658804
0.656364
0.654331
0.655551
0.658804
0.659211
0.662464
0.662058
0.662464
0.657584
0.658398
0.659618
0.659211
0.656771
0.657178
0.659211
0.656771
0.656771
0.657178
0.656771
0.657991
0.657991
0.657991
0.657991
0.660838
0.664091
0.658398
0.657584
0.662058
0.657584
0.655958
0.657991
0.656364
0.659618
0.659618
0.657178
0.653518
0.652704
0.657178
0.662058
0.657178
0.659211
0.661651
0.663278
0.658804
0.657584
0.655551
0.655144
0.655958
0.658398
0.654331
0.655551
0.657178
0.656771
0.657178
0.657178
0.659618
0.660838
0.659211
0.658398
0.657178
0.658398
0.661651
0.660431
0.658804
0.658398
0.661244
0.658804
0.660024
0.659211
0.660024
0.660024
0.660431
0.657991
0.660024
0.661651
0.656364
0.657991
0.657991
0.660431
0.659618
0.658398
0.658804
0.655144
0.656364
0.655144
0.661651
0.660838
0.657584
0.656771
0.658398
0.659211
0.657584
0.657178
0.656771
0.661651
0.656771
0.659618
0.660024
0.659618
0.656771
0.660431
0.660431
0.655551
0.656364
0.657178
0.657178
0.654331
0.654331
0.653518
0.659211
0.660024
0.655144
0.652704
0.659211
0.659211
0.657178
0.654738
0.654331
0.653924
0.659618
0.660838
0.656771
0.656771
0.657991
0.657178
0.658804
0.658804
0.658398
0.661244
0.656771
0.660431
0.654331
0.655958
0.657991
0.659618
0.655551
0.660024
0.661651
0.660838
0.657178
0.657178
0.659211
0.660838
0.655144
0.655144
0.653924
0.657991
0.656771
0.654331
0.656771
0.659618
0.657991
0.660431
0.655551
0.655958
0.657991
0.655144
0.656364
0.658398
0.651078
0.650671
0.655551
0.657178
0.658804
0.661244
0.660431
0.660431
0.660431
0.655958
0.655958
0.654738
0.653518
0.656364
0.657991
0.657991
0.658804
0.660024
0.659211
0.657178
0.658398
0.656771
0.660431
0.659618
0.659618
0.658398
0.659618
0.657584
0.655551
0.657178
0.655144
0.656364
0.657178
0.654331
0.655551
0.661651
0.660431
0.655958
0.654738
0.655144
0.660431
0.661651
0.651484
0.656771
0.653111
0.653924
0.659618
0.658804
0.660431
0.658398
0.657991
0.657991
0.660838
0.661244
0.660431
0.658398
0.658398
0.658804
0.660838
0.658804
0.660024
0.657178
0.653924
0.652298
0.657178
0.658804
0.661651
0.661244
0.663684
0.663278
0.661651
0.659211
0.654738
0.653924
0.657178
0.661651
0.660431
0.662058
0.663278
0.662871
0.660838
0.662871
0.662464
0.662871
0.662058
0.664498
0.661651
0.660431
0.659618
0.663278
0.662871
0.659618
0.658804
0.662058
0.662058
0.662464
0.661651
0.660838
0.661244
0.659211
0.657178
0.657178
0.659211
0.660431
0.659618
0.662871
0.664498
0.662464
0.661651
0.658804
0.658398
0.658804
0.659211
0.662058
0.656364
0.657584
0.657991
0.661651
0.658398
0.655551
0.655958
0.655551
0.657991
0.655958
0.657178
0.657178
0.657991
0.659211
0.655144
0.657178
0.654738
0.655958
0.661244
0.662464
0.662058
0.660024
0.661244
0.659618
0.655551
0.655144
0.655144
0.656364
0.659618
0.657991
0.655958
0.654331
0.655958
0.655958
0.656364
0.653924
0.652704
0.658398
0.659618
0.661651
0.661244
0.660024
0.661244
0.657991
0.658398
0.659618
0.662058
0.664904
0.660838
0.659618
0.658398
0.659618
0.660024
0.655551
0.655144
0.654738
0.654331
0.658804
0.660431
0.661244
0.659211
0.655551
0.658398
0.655144
0.654738
0.655144
0.655958
0.661244
0.661244
0.662871
0.660024
0.657584
0.657178
0.654738
0.653111
0.654738
0.657584
0.657584
0.660024
0.658398
0.658804
0.660431
0.655958
0.656771
0.655958
0.655144
0.660838
0.661244
0.657584
0.657991
0.660431
0.655144
0.652298
0.653518
0.657991
0.659618
0.658804
0.655958
0.651484
0.652704
0.655144
0.655958
0.656364
0.653518
0.657991
0.660024
0.660431
0.659618
0.659211
0.659211
0.656771
0.654738
0.657584
0.656364
0.655958
0.662058
0.661244
0.659618
0.657584
0.660024
0.653111
0.654738
0.654738
0.657178
0.658804
0.656771
0.656771
0.655551
0.658398
0.655144
0.655551
0.655958
0.655958
0.652298
0.658804
0.653924
0.654738
0.652704
0.653111
0.653111
0.654738
0.657178
0.653924
0.656771
0.657991
0.661651
0.663684
0.659618
0.657178
0.657178
0.652704
0.654738
0.656771
0.657991
0.658398
0.660431
0.659211
0.660838
0.660431
0.654331
0.653924
0.652704
0.650671
0.659618
0.659211
0.659211
0.659618
0.661651
0.656364
0.653111
0.652298
0.652298
0.659618
0.663278
0.662058
0.659618
0.660431
0.659618
0.654738
0.653518
0.651484
0.656364
0.663684
0.660431
0.661651
0.660838
0.659211
0.656364
0.655144
0.654331
0.658804
0.660431
0.659211
0.658804
0.657178
0.657991
0.656771
0.654738
0.655144
0.653111
0.661244
0.659211
0.660024
0.659618
0.657178
0.660024
0.655144
0.655144
0.654331
0.655551
0.659618
0.656771
0.655144
0.654331
0.659618
0.659618
0.655144
0.655551
0.654738
0.654331
0.661651
0.662058
0.658804
0.657178
0.659618
0.657178
0.655551
0.656771
0.656364
0.656771
0.662058
0.659618
0.655551
0.655958
0.654738
0.651078
0.655144
0.656364
0.653518
0.656364
0.658804
0.660431
0.656771
0.660024
0.656771
0.653518
0.653518
0.654738
0.654331
0.657991
0.661651
0.660838
0.660431
0.658804
0.657991
0.654738
0.652298
0.652704
0.651891
0.656771
0.660024
0.660838
0.657584
0.660431
0.657991
0.654738
0.650671
0.653518
0.650671
0.655958
0.662058
0.660431
0.657178
0.657584
0.657178
0.653111
0.655958
0.653518
0.656364
0.658804
0.660024
0.658398
0.662464
0.660024
0.657991
0.654331
0.655551
0.656771
0.659211
0.660024
0.658398
0.660431
0.657991
0.657178
0.655551
0.654738
0.654738
0.663278
0.661244
0.662871
0.661651
0.662464
0.660838
0.654738
0.655958
0.655551
0.657991
0.660431
0.662058
0.661244
0.659618
0.656771
0.655958
0.655551
0.651891
0.654738
0.659618
0.659618
0.658398
0.659211
0.658398
0.662464
0.655551
0.655144
0.655144
0.657178
0.660024
0.660024
0.659211
0.658804
0.656771
0.654738
0.657178
0.657178
0.656364
0.657991
0.659211
0.656364
0.657991
0.659618
0.654331
0.655144
0.651078
0.654738
0.655958
0.660838
0.658398
0.655551
0.659618
0.660024
0.655958
0.655551
0.652704
0.653518
0.656364
0.659211
0.658398
0.659211
0.658804
0.655144
0.653111
0.653518
0.656771
0.656364
0.662058
0.661244
0.660431
0.659618
0.663278
0.662464
0.657584
0.658804
0.659618
0.659618
0.660431
0.662871
0.659618
0.661651
0.655958
0.655551
0.655144
0.656364
0.655551
0.656771
0.660024
0.656771
0.654738
0.657178
0.656364
0.653518
0.651078
0.652704
0.655551
0.660024
0.661244
0.657178
0.657991
0.660024
0.657991
0.655144
0.653518
0.654331
0.654331
0.658398
0.657178
0.661244
0.660431
0.654738
0.655958
0.654738
0.656364
0.657991
0.659211
0.660431
0.660838
0.659618
0.660431
0.657178
0.655551
0.653924
0.653518
0.656771
0.661651
0.657991
0.659211
0.659211
0.657178
0.658398
0.655551
0.658398
0.656771
0.657584
0.657991
0.660838
0.662058
0.662464
0.657178
0.655551
0.655551
0.656771
0.658804
0.662058
0.662058
0.660024
0.661651
0.662058
0.656364
0.654738
0.652298
0.657991
0.660838
0.661244
0.661651
0.659618
0.659618
0.658398
0.653518
0.654738
0.657584
0.658804
0.662058
0.660838
0.658804
0.657584
0.657178
0.658398
0.655551
0.656771
0.657178
0.659618
0.659211
0.654331
0.655958
0.656771
0.655551
0.654331
0.653111
0.653924
0.655144
0.653111
0.655958
0.659211
0.662464
0.661244
0.659618
0.654738
0.654331
0.656364
0.658398
0.660431
0.661244
0.660838
0.662871
0.663684
0.659211
0.660024
0.657178
0.660431
0.661244
0.660024
0.662464
0.660431
0.658804
0.660431
0.655551
0.651484
0.652704
0.653924
0.658398
0.659211
0.657178
0.655144
0.657991
0.654738
0.654331
0.657991
0.655551
0.655144
0.661244
0.661244
0.660024
0.658398
0.660838
0.662058
0.660838
0.658804
0.656771
0.661651
0.658398
0.659211
0.660024
0.659618
0.657991
0.654331
0.653518
0.653111
0.657584
0.661651
0.661651
0.663278
0.661244
0.666531
0.661651
0.658804
0.656771
0.656364
0.660024
0.658398
0.659618
0.657584
0.659618
0.664091
0.658398
0.657584
0.655958
0.655551
0.657991
0.662058
0.661244
0.660024
0.657584
0.654331
0.655958
0.655958
0.655958
0.656771
0.660838
0.660431
0.660431
0.662871
0.657991
0.655958
0.655958
0.655958
0.657584
0.661651
0.657584
0.658804
0.657178
0.658398
0.657178
0.652298
0.652298
0.655144
0.660024
0.660024
0.660024
0.661651
0.659618
0.662058
0.661244
0.660431
0.658804
0.662058
0.662058
0.662058
0.660838
0.658398
0.658398
0.656771
0.653924
0.657584
0.659618
0.661244
0.661651
0.657991
0.655551
0.657178
0.662464
0.658398
0.658804
0.656364
0.659211
0.661651
0.659618
0.658804
0.656364
0.658804
0.658804
0.653518
0.656771
0.656771
0.658398
0.656364
0.659618
0.658804
0.662058
0.662058
0.660431
0.656364
0.655958
0.659211
0.661244
0.660431
0.657584
0.658398
0.659618
0.658398
0.655144
0.655551
0.656771
0.658804
0.653518
0.657178
0.656771
0.656771
0.656364
0.657584
0.657991
0.657584
0.657991
0.664498
0.659618
0.659618
0.659618
0.657584
0.657178
0.657178
0.651891
0.653111
0.656771
0.656364
0.660838
0.657584
0.657178
0.656771
0.655551
0.653518
0.654738
0.653111
0.656364
0.656771
0.656771
0.658398
0.653518
0.656771
0.655144
0.653924
0.655958
0.658398
0.655958
0.660838
0.659618
0.655958
0.654331
0.655551
0.655551
0.659211
0.654738
0.653111
0.655144
0.656364
0.658804
0.660431
0.651891
0.652704
0.655958
0.659211
0.653111
0.653518
0.654331
0.653924
0.654331
0.655551
0.656771
0.655144
0.657178
0.655958
0.653924
0.657178
0.655144
0.657991
0.659211
0.656364
0.656771
0.656364
0.655958
0.654738
0.656771
0.657991
0.657991
0.661244
0.660838
0.660838
0.660024
0.663278
0.663278
0.662464
0.664498
0.662871
0.664498
0.660838
0.657178
0.660838
0.659211
0.658804
0.659618
0.656771
0.654331
0.654738
0.659211
0.659211
0.662871
0.660024
0.654331
0.656771
0.658398
0.655551
0.659211
0.655958
0.658398
0.655958
0.657178
0.658804
0.660431
0.658398
0.663684
0.658804
0.660024
0.659211
0.659211
0.659618
0.661651
0.658804
0.658804
0.661244
0.663684
0.661244
0.660838
0.658804
0.659618
0.658398
0.660024
0.660024
0.659211
0.660024
0.658804
0.657178
0.659618
0.660838
0.655958
0.660431
0.658804
0.656364
0.658804
0.659211
0.660024
0.658804
0.657178
0.656771
0.657178
0.657178
0.655144
0.660024
0.659618
0.658398
0.659618
0.662058
0.661651
0.659211
0.658804
0.660024
0.657991
0.658398
0.657584
0.659211
0.657991
0.656771
0.655144
0.657584
0.657991
0.655551
0.657584
0.656364
0.655144
0.655144
0.655551
0.658398
0.654738
0.658398
0.657584
0.656771
0.658804
0.660838
0.660838
0.661651
0.661244
0.660431
0.661651
0.662464
0.658398
0.662464
0.659618
0.662058
0.653924
0.655958
0.656364
0.653924
0.657584
0.657991
0.659618
0.656771
0.654738
0.660838
0.657178
0.653924
0.655958
0.660838
0.662464
0.656771
0.658804
0.655144
0.657584
0.655144
0.657178
0.655144
0.657178
0.659618
0.657178
0.655144
0.655551
0.656771
0.662871
0.660024
0.655144
0.655551
0.657584
0.656771
0.657178
0.657991
0.657991
0.662058
0.661651
0.655144
0.656771
0.655551
0.655144
0.658398
0.661244
0.659211
0.658804
0.659618
0.657991
0.654738
0.655551
0.656364
0.657584
0.656771
0.654738
0.653518
0.655958
0.657991
0.656771
0.657991
0.658398
0.655958
0.658398
0.657991
0.658804
0.662058
0.657584
0.660024
0.658398
0.660024
0.660431
0.660431
0.661244
0.659211
0.660024
0.660024
0.659211
0.658398
0.660431
0.660024
0.660024
0.658804
0.659211
0.658398
0.658398
0.658398
0.656364
0.656771
0.657991
0.659211
0.658804
0.655551
0.653924
0.656364
0.657584
0.656771
0.660024
0.657991
0.658398
0.658398
0.658398
0.659618
0.657178
0.657991
0.656364
0.657584
0.655958
0.660431
0.656771
0.657178
0.655551
0.655144
0.659211
0.660431
0.659618
0.661651
0.660838
0.659211
0.660024
0.660431
0.660838
0.659618
0.657584
0.658804
0.655958
0.655958
0.658398
0.656771
0.654738
0.656771
0.656364
0.655144
0.656364
0.656771
0.657178
0.657178
0.657991
0.658398
0.657178
0.660838
0.654738
0.655958
0.656771
0.659618
0.662871
0.658398
0.654331
0.656364
0.657584
0.660024
0.659618
0.657991
0.653924
0.662058
0.661244
0.655144
0.653111
0.653518
0.657178
0.657178
0.655958
0.657584
0.659211
0.660024
0.661651
0.657584
0.652704
0.653518
0.656771
0.657178
0.654331
0.658398
0.659211
0.657584
0.659211
0.660024
0.657584
0.654738
0.656364
0.662464
0.656364
0.656364
0.655958
0.655958
0.655551
0.660024
0.662871
0.655958
0.654738
0.662058
0.659211
0.654738
0.653518
0.654738
0.655958
0.657178
0.654738
0.657584
0.660024
0.659211
0.659211
0.655958
0.657584
0.658398
0.657584
0.656771
0.657584
0.657178
0.656364
0.655958
0.655958
0.656771
0.657584
0.660838
0.660024
0.656771
0.659618
0.657178
0.659211
0.658398
0.655551
0.656364
0.655958
0.655144
0.654331
0.657584
0.656364
0.655144
0.656364
0.658804
0.657584
0.660431
0.663278
0.660838
0.662871
0.665311
0.658398
0.659211
0.660024
0.659211
0.661244
0.659618
0.656364
0.658804
0.660024
0.656771
0.656364
0.661244
0.660024
0.655958
0.653924
0.656364
0.657991
0.658398
0.656771
0.655551
0.654331
0.656364
0.660024
0.660431
0.659618
0.658398
0.661244
0.662058
0.661651
0.658398
0.658804
0.660431
0.656771
0.659618
0.657584
0.658804
0.656771
0.658398
0.656364
0.659211
0.656364
0.657178
0.657584
0.661244
0.657991
0.659211
0.660431
0.657584
0.655144
0.655958
0.659211
0.657178
0.657584
0.659618
0.660024
0.658804
0.662464
0.657991
0.655144
0.655958
0.657178
0.660431
0.657584
0.660431
0.661651
0.661651
0.662058
0.662058
0.657991
0.659618
0.658804
0.662871
0.660838
0.660024
0.655551
0.659618
0.657584
0.659211
0.657178
0.659618
0.659618
0.660431
0.661651
0.659211
0.657178
0.659618
0.659618
0.656771
0.657991
0.660838
0.660431
0.666124
0.660024
0.660024
0.661244
0.661244
0.663684
0.659618
0.660838
0.658804
0.661244
0.657584
0.660024
0.656364
0.655958
0.656771
0.658398
0.657584
0.658398
0.656771
0.658398
0.659618
0.659211
0.658804
0.655958
0.661244
0.660024
0.659618
0.662464
0.661651
0.660838
0.656771
0.657178
0.655958
0.657178
0.654331
0.656771
0.654331
0.655144
0.653924
0.655958
0.656364
0.653111
0.658804
0.656364
0.656364
0.658398
0.657584
0.658804
0.657178
0.657584
0.660838
0.655958
0.657991
0.662058
0.655958
0.654331
0.655551
0.655144
0.656364
0.655958
0.657178
0.658398
0.658398
0.658398
0.655958
0.653924
0.657178
0.659211
0.658804
0.658398
0.653518
0.655144
0.657584
0.655958
0.657991
0.657991
0.660024
0.663278
0.655958
0.653111
0.653518
0.659618
0.657178
0.656364
0.653518
0.653924
0.655551
0.659618
0.659618
0.660024
0.660838
0.662464
0.659618
0.660024
0.655958
0.655551
0.661244
0.661244
0.656771
0.653924
0.656364
0.660024
0.658804
0.659211
0.659618
0.657584
0.659211
0.655551
0.655958
0.656364
0.657584
0.660024
0.662058
0.661244
0.656771
0.657178
0.657991
0.661651
0.661244
0.662871
0.661651
0.660838
0.662871
0.660838
0.659211
0.660838
0.662058
0.657584
0.658398
0.659211
0.664091
0.658398
0.657991
0.657991
0.655144
0.656364
0.659211
0.660024
0.657178
0.660024
0.661244
0.660838
0.655958
0.657584
0.655551
0.655144
0.655551
0.659618
0.656364
0.660431
0.661244
0.658398
0.661244
0.660838
0.660838
0.666531
0.655958
0.655144
0.652298
0.659211
0.657991
0.656771
0.656771
0.657178
0.655958
0.657991
0.657178
0.656771
0.656364
0.654738
0.655958
0.654738
0.655551
0.655551
0.655551
0.655144
0.657178
0.658804
0.659211
0.656771
0.657178
0.653518
0.654738
0.657178
0.658398
0.662058
0.657178
0.659211
0.660431
0.657584
0.653518
0.657178
0.657584
0.656364
0.656771
0.655144
0.657178
0.654331
0.653924
0.658804
0.658804
0.660024
0.657178
0.656364
0.660431
0.662464
0.657991
0.657584
0.657991
0.658398
0.661244
0.663684
0.656771
0.656364
0.658804
0.656771
0.661244
0.660024
0.659618
0.659618
0.659618
0.659618
0.658804
0.655958
0.653924
0.658398
0.655958
0.655551
0.653924
0.657991
0.655958
0.657178
0.657178
0.654331
0.655144
0.658398
0.660838
0.658398
0.653111
0.655144
0.658398
0.659618
0.661651
0.664091
0.660431
0.657584
0.655958
0.659211
0.657991
0.660838
0.657991
0.654738
0.653924
0.655551
0.660024
0.660431
0.660431
0.657584
0.657178
0.659618
0.655144
0.655958
0.657584
0.660431
0.662464
0.661651
0.659211
0.661651
0.661244
0.661244
0.662871
0.661244
0.662058
0.660838
0.660024
0.657584
0.657991
0.659211
0.658398
0.654738
0.656771
0.654738
0.656364
0.655958
0.655144
0.653518
0.653111
0.655551
0.656364
0.657178
0.660838
0.662464
0.662464
0.660838
0.660024
0.660024
0.662871
0.660431
0.660431
0.661244
0.660838
0.660431
0.657584
0.657584
0.657584
0.660024
0.660024
0.661244
0.659211
0.660024
0.662058
0.662464
0.660431
0.658398
0.658804
0.662058
0.662871
0.661651
0.657584
0.657178
0.659618
0.666531
0.659211
0.660838
0.666124
0.663684
0.665311
0.660431
0.657991
0.657584
0.660431
0.659211
0.657584
0.655958
0.659211
0.660838
0.660431
0.664091
0.662871
0.665718
0.667344
0.666531
0.664091
0.662464
0.664498
0.662058
0.662058
0.663278
0.661651
0.660024
0.656771
0.659618
0.658804
0.661244
0.658804
0.658804
0.658398
0.657178
0.662464
0.664904
0.664498
0.662058
0.666531
0.664498
0.662058
0.662871
0.664498
0.664091
0.667344
0.662871
0.664091
0.664904
0.660431
0.661651
0.660024
0.657991
0.657178
0.658398
0.658804
0.656771
0.657584
0.660024
0.657991
0.657991
0.659618
0.658804
0.662871
0.664091
0.664904
0.664498
0.664498
0.662464
0.663684
0.660838
0.658398
0.664091
0.664498
0.663278
0.660838
0.659211
0.656364
0.657991
0.657584
0.654738
0.654738
0.657584
0.653924
0.655551
0.655144
0.657178
0.656364
0.662871
0.656364
0.658398
0.661244
0.659211
0.662464
0.661244
0.659211
0.660838
0.664091
0.662871
0.658804
0.658398
0.658398
0.662058
0.659211
0.657178
0.659618
0.657584
0.655551
0.659618
0.660838
0.662464
0.663684
0.662058
0.662871
0.661651
0.661244
0.662058
0.661651
0.664091
0.657584
0.658804
0.665311
0.660024
0.663278
0.660431
0.661651
0.660431
0.663684
0.657178
0.661244
0.664498
0.662871
0.663684
0.663278
0.661244
0.659211
0.657991
0.661651
0.659618
0.660024
0.663684
0.660024
0.662058
0.662058
0.660024
0.659211
0.657991
0.661651
0.661244
0.666531
0.658398
0.659211
0.659211
0.658804
0.658804
0.664498
0.659618
0.658804
0.659618
0.660838
0.661244
0.654738
0.655958
0.660431
0.664498
0.662871
0.658804
0.659211
0.662464
0.662871
0.659618
0.654331
0.655958
0.664498
0.661651
0.660838
0.655958
0.655551
0.660431
0.662058
0.659211
0.660838
0.660024
0.661651
0.661244
0.657178
0.651484
0.653111
0.658398
0.661244
0.661244
0.658804
0.662871
0.663278
0.661651
0.657991
0.655958
0.664498
0.662871
0.656771
0.655551
0.658398
0.661244
0.658398
0.653111
0.651891
0.653518
0.661244
0.664498
0.658804
0.655144
0.655551
0.658398
0.659618
0.659618
0.658398
0.656364
0.659618
0.662058
0.663684
0.664091
0.663278
0.662464
0.662871
0.661651
0.661244
0.662871
0.661651
0.662058
0.660838
0.657991
0.666124
0.664498
0.659211
0.655958
0.654331
0.659618
0.660431
0.660024
0.662871
0.665718
0.662871
0.666531
0.658804
0.653518
0.661244
0.662464
0.662464
0.660838
0.658804
0.658398
0.659211
0.659618
0.653924
0.653518
0.655958
0.657991
0.656364
0.654331
0.656771
0.660024
0.660838
0.661651
0.659618
0.662058
0.665718
0.663684
0.662464
0.662058
0.660431
0.662464
0.659618
0.657178
0.653518
0.657991
0.661651
0.663278
0.657584
0.661244
0.666531
0.664091
0.662871
0.662058
0.657584
0.661244
0.663684
0.666124
0.662058
0.664091
0.666938
0.668564
0.662871
0.662464
0.659618
0.664091
0.664091
0.661651
0.661651
0.664904
0.663684
0.660431
0.657178
0.656771
0.663278
0.663278
0.660431
0.662058
0.662464
0.662464
0.665718
0.666124
0.657178
0.653518
0.661651
0.667751
0.661244
0.660838
0.663278
0.661244
0.662871
0.660838
0.657178
0.661244
0.659618
0.657584
0.660431
0.662058
0.660838
0.660431
0.661651
0.661651
0.658804
0.662058
0.663684
0.663278
0.661244
0.660838
0.663278
0.665311
0.660431
0.653518
0.655958
0.660838
0.664091
0.660431
0.663684
0.664091
0.664498
0.664091
0.662464
0.659618
0.659211
0.660431
0.664904
0.662464
0.660431
0.662058
0.661651
0.659618
0.661244
0.660838
0.662871
0.665718
0.656771
0.656364
0.663684
0.667751
0.664091
0.660431
0.659618
0.662464
0.664091
0.661244
0.659618
0.660838
0.661244
0.665718
0.664091
0.664498
0.660838
0.660431
0.660838
0.663684
0.665311
0.662058
0.660024
0.660431
0.662464
0.659211
0.658398
0.660431
0.662464
0.660431
0.659618
0.657584
0.660024
0.663684
0.660838
0.661244
0.658398
0.662871
0.663684
0.663278
0.662871
0.664498
0.667751
0.662464
0.659618
0.656771
0.659618
0.662871
0.659211
0.658398
0.660431
0.662058
0.661651
0.660838
0.659618
0.662464
0.666124
0.663684
0.664904
0.662871
0.662058
0.668158
0.666531
0.662871
0.660024
0.662464
0.662058
0.664091
0.664904
0.664904
0.666531
0.666938
0.662058
0.661651
0.659618
0.660838
0.660838
0.657991
0.658804
0.662464
0.662871
0.660838
0.657584
0.658804
0.655958
0.660024
0.663684
0.656364
0.655551
0.658804
0.660838
0.655144
0.657178
0.658804
0.663278
0.666938
0.662871
0.662871
0.666124
0.662058
0.660024
0.658398
0.655144
0.662464
0.661651
0.665718
0.662464
0.658804
0.660024
0.662871
0.658398
0.658804
0.656771
0.657584
0.662871
0.662871
0.661651
0.658804
0.658398
0.665311
0.668158
0.660431
0.660024
0.662871
0.664498
0.660838
0.660024
0.663278
0.660838
0.658398
0.657178
0.657178
0.663278
0.662871
0.664498
0.666938
0.667751
0.662871
0.664091
0.660431
0.659618
0.663684
0.662464
0.664904
0.664091
0.664091
0.665718
0.662058
0.660024
0.661244
0.660838
0.660024
0.664498
0.664498
0.664498
0.661651
0.661244
0.660024
0.655144
0.656364
0.655551
0.658398
0.660838
0.660431
0.659618
0.661651
0.660431
0.656364
0.655958
0.655144
0.654331
0.657991
0.662464
0.662058
0.660838
0.662058
0.661651
0.657178
0.656364
0.654738
0.655551
0.658804
0.662871
0.654738
0.660838
0.659618
0.660431
0.653518
0.655551
0.654738
0.653924
0.662058
0.662058
0.663278
0.662871
0.663278
0.661244
0.660431
0.655144
0.657991
0.657584
0.664091
0.657991
0.658398
0.657584
0.660838
0.658804
0.661651
0.658398
0.656364
0.659618
0.663684
0.662464
0.661651
0.663684
0.668158
0.660838
0.661651
0.660838
0.661651
0.664091
0.663278
0.662464
0.661244
0.660838
0.663278
0.660838
0.655144
0.657178
0.656771
0.659211
0.666124
0.663684
0.661244
0.662464
0.664498
0.662871
0.660838
0.660431
0.659211
0.663684
0.660838
0.662464
0.662058
0.663684
0.664904
0.658804
0.658804
0.658398
0.660838
0.664904
0.660431
0.659618
0.662058
0.662058
0.660431
0.661244
0.655958
0.660838
0.664091
0.663684
0.662871
0.664498
0.659618
0.664091
0.659211
0.655958
0.657991
0.657584
0.663684
0.660431
0.661651
0.662058
0.662871
0.662464
0.660838
0.655144
0.655958
0.655144
0.662871
0.661244
0.661244
0.663278
0.660024
0.662058
0.652704
0.654738
0.653518
0.657178
0.660431
0.660024
0.659618
0.659618
0.660431
0.656771
0.653518
0.654331
0.655551
0.657178
0.663278
0.661244
0.662464
0.662871
0.662058
0.663278
0.655958
0.655958
0.659618
0.659618
0.660024
0.659211
0.656771
0.659618
0.661651
0.660838
0.659211
0.659211
0.660838
0.662871
0.662058
0.659211
0.661244
0.662464
0.658804
0.658398
0.657178
0.660024
0.657584
0.661244
0.661651
0.661651
0.660431
0.658398
0.660838
0.658398
0.659618
0.660838
0.660838
0.656771
0.657991
0.657584
0.657991
0.660838
0.654331
0.653518
0.655551
0.659211
0.664091
0.660838
0.661244
0.662464
0.662464
0.662464
0.657991
0.658804
0.655958
0.664091
0.662058
0.660431
0.662058
0.664091
0.660838
0.654738
0.658804
0.657991
0.660431
0.663684
0.662464
0.663684
0.661651
0.663684
0.662464
0.657991
0.658398
0.659211
0.660838
0.663278
0.662058
0.664498
0.665311
0.662058
0.660024
0.659211
0.657991
0.660024
0.662464
0.658804
0.659211
0.657991
0.661651
0.665311
0.660838
0.662058
0.659618
0.660838
0.663684
0.660024
0.660431
0.659618
0.659618
0.661244
0.660838
0.657991
0.656364
0.660024
0.664498
0.661651
0.660838
0.662871
0.660838
0.662058
0.664498
0.664091
0.663684
0.666938
0.666124
0.665311
0.663278
0.660431
0.662058
0.656771
0.653111
0.655958
0.659618
0.661244
0.665311
0.666531
0.669784
0.664904
0.662871
0.661244
0.664091
0.669784
0.668158
0.668564
0.669378
0.670598
0.668971
0.664091
0.660838
0.657178
0.661651
0.662871
0.662464
0.665311
0.662464
0.667344
0.663278
0.656771
0.658804
0.660431
0.661244
0.666531
0.664091
0.666124
0.662871
0.666531
0.662058
0.654331
0.654738
0.658398
0.662058
0.662058
0.660838
0.659618
0.662464
0.664904
0.655144
0.655551
0.656364
0.661244
0.662058
0.663278
0.662464
0.661651
0.663278
0.664498
0.657178
0.658398
0.656364
0.659618
0.666531
0.662058
0.664904
0.668158
0.663684
0.659618
0.659211
0.659211
