0.525010
0.533550
0.545344
0.537617
0.539650
0.544937
0.553884
0.567710
0.565677
0.543310
0.548190
0.548190
0.547377
0.564050
0.577877
0.586011
0.579504
0.570964
0.571370
0.577471
0.578691
0.584791
0.583571
0.584384
0.586011
0.585604
0.592111
0.592517
0.596991
0.594144
0.595364
0.594144
0.596584
0.599024
0.609597
0.603904
0.600244
0.600244
0.606751
0.609597
0.593331
0.587231
0.609597
0.614884
0.614884
0.616104
0.623017
0.611631
0.616917
0.620577
0.614477
0.613664
0.614477
0.616917
0.614884
0.613664
0.614071
0.615697
0.613257
0.613257
0.616917
0.618951
0.617324
0.617731
0.620577
0.620171
0.617324
0.614477
0.612851
0.614884
0.614477
0.620577
0.620577
0.619357
0.622611
0.624237
0.618951
0.614884
0.612444
0.620577
0.623017
0.618951
0.619357
0.616511
0.616917
0.614071
0.614884
0.616917
0.620171
0.619357
0.622611
0.621391
0.624237
0.622204
0.622611
0.624644
0.623017
0.626678
0.624237
0.606344
0.622611
0.621797
0.621391
0.625458
0.622611
0.621797
0.620577
0.618544
0.615291
0.617324
0.614884
0.622204
0.620577
0.623831
0.624644
0.620577
0.620984
0.616511
0.619357
0.624237
0.624237
0.621797
0.620171
0.623831
0.626271
0.624237
0.618951
0.614477
0.619357
0.621797
0.621391
0.619764
0.622204
0.624644
0.618544
0.621391
0.617731
0.620984
0.620171
0.625051
0.623424
0.624644
0.624237
0.622204
0.623017
0.623424
0.623424
0.621797
0.621391
0.621391
0.618951
0.619764
0.621391
0.623017
0.618544
0.618544
0.616511
0.617731
0.620577
0.621797
0.621391
0.618544
0.624644
0.625051
0.624237
0.623424
0.620984
0.621391
0.618951
0.620984
0.619764
0.619764
0.618951
0.620577
0.618137
0.621797
0.626271
0.622204
0.622611
0.622611
0.621797
0.621391
0.622204
0.619357
0.621797
0.615697
0.620984
0.621797
0.621391
0.622204
0.625051
0.624237
0.621391
0.620577
0.623017
0.618137
0.619357
0.619357
0.622204
0.623831
0.623831
0.621391
0.622204
0.623424
0.620577
0.617731
0.618137
0.623017
0.622611
0.621797
0.621797
0.620577
0.618544
0.617324
0.613257
0.612851
0.616511
0.620171
0.623017
0.622204
0.626271
0.622611
0.621797
0.626678
0.625051
0.615697
0.625864
0.625051
0.625458
0.627491
0.626678
0.620577
0.624237
0.616104
0.614884
0.607971
0.613257
0.619764
0.620577
0.622204
0.620171
0.623831
0.624237
0.625051
0.624644
0.619764
0.621797
0.623831
0.625864
0.624644
0.620984
0.621391
0.622204
0.621391
0.619357
0.615291
0.616104
0.617731
0.616511
0.612851
0.618137
0.617324
0.618137
0.625051
0.626678
0.625458
0.624644
0.623831
0.626271
0.621797
0.616917
0.615291
0.614884
0.616511
0.616511
0.623017
0.624644
0.628711
0.631558
0.627084
0.625051
0.620171
0.621797
0.616917
0.621391
0.622204
0.624644
0.620984
0.623017
0.623017
0.614884
0.619764
0.619764
0.614071
0.623017
0.625051
0.625864
0.627898
0.625864
0.627898
0.624237
0.620577
0.623424
0.625051
0.621391
0.623831
0.624644
0.622204
0.620577
0.617324
0.614884
0.619357
0.623831
0.627898
0.629524
0.630744
0.631964
0.628304
0.625458
0.620171
0.614477
0.615697
0.614884
0.621797
0.624237
0.630338
0.627898
0.626271
0.625458
0.620984
0.619357
0.620171
0.629118
0.632371
0.633998
0.634404
0.631151
0.627898
0.625051
0.617731
0.615291
0.615697
0.625864
0.629524
0.633184
0.633998
0.632778
0.629118
0.627898
0.618951
0.616511
0.615291
0.615697
0.621797
0.630744
0.627898
0.625864
0.627084
0.624644
0.623424
0.623424
0.624644
0.626271
0.630338
0.631964
0.630744
0.631558
0.625051
0.623424
0.622611
0.622204
0.624237
0.623831
0.631964
0.634404
0.628711
0.625458
0.623017
0.620577
0.621797
0.623424
0.625864
0.629524
0.631964
0.631151
0.629931
0.629118
0.626271
0.625458
0.629118
0.627898
0.624644
0.626271
0.628304
0.628711
0.625051
0.630338
0.630744
0.630338
0.623831
0.620984
0.619764
0.623017
0.626678
0.626271
0.625458
0.622204
0.625051
0.620171
0.631964
0.633998
0.630338
0.623424
0.625458
0.623831
0.620984
0.622611
0.625458
0.629118
0.631558
0.630338
0.628711
0.631558
0.629118
0.623017
0.622204
0.621797
0.627491
0.633998
0.633184
0.628711
0.626678
0.632371
0.632778
0.627084
0.621391
0.629524
0.632371
0.635218
0.637658
0.632371
0.630338
0.632371
0.624237
0.617324
0.620171
0.625864
0.623424
0.628711
0.631558
0.629118
0.626678
0.625864
0.625458
0.621797
0.626271
0.625458
0.629931
0.632778
0.633184
0.632778
0.626678
0.622611
0.625864
0.627898
0.630744
0.635624
0.632778
0.635218
0.626678
0.626271
0.623424
0.624644
0.629524
0.631151
0.632371
0.633998
0.635218
0.634811
0.629118
0.620171
0.619764
0.621391
0.626271
0.637658
0.635218
0.633184
0.631964
0.633591
0.638878
0.633591
0.634404
0.623017
0.623017
0.624644
0.631558
0.635624
0.638878
0.639284
0.632371
0.630338
0.630338
0.620577
0.622204
0.622611
0.629118
0.636031
0.636031
0.635218
0.636438
0.634404
0.635218
0.631558
0.622204
0.623831
0.625864
0.631558
0.637251
0.637251
0.638471
0.633998
0.630744
0.618951
0.623017
0.631558
0.637251
0.638064
0.636031
0.633184
0.628711
0.622611
0.622611
0.631964
0.636438
0.636438
0.635624
0.631151
0.632778
0.628304
0.626678
0.618544
0.620577
0.625864
0.628304
0.631964
0.637251
0.631964
0.630744
0.632778
0.632371
0.623424
0.622204
0.623831
0.629931
0.633998
0.638064
0.636031
0.631964
0.631151
0.628711
0.623424
0.624644
0.629524
0.633184
0.635218
0.634811
0.636031
0.627898
0.635624
0.626678
0.625051
0.628304
0.631151
0.637251
0.635218
0.636031
0.634404
0.633591
0.624237
0.620577
0.622611
0.625864
0.636031
0.638878
0.638064
0.638471
0.637658
0.636438
0.627491
0.621797
0.624644
0.625458
0.635218
0.634404
0.636031
0.633184
0.632371
0.626678
0.617731
0.623424
0.626678
0.636031
0.636844
0.638878
0.636438
0.630744
0.629118
0.628304
0.623424
0.622204
0.624644
0.633998
0.640911
0.635624
0.638878
0.633591
0.636031
0.632778
0.626271
0.628304
0.632778
0.633998
0.636844
0.631151
0.635218
0.631964
0.627898
0.624237
0.626678
0.629118
0.632778
0.631964
0.635624
0.632778
0.624237
0.624237
0.623831
0.626271
0.632371
0.632778
0.631151
0.628711
0.625864
0.624237
0.620171
0.620577
0.624237
0.636031
0.640504
0.640911
0.640504
0.638878
0.633998
0.634404
0.627898
0.627491
0.630744
0.635624
0.636438
0.636031
0.637251
0.639284
0.632371
0.629118
0.623017
0.626271
0.626678
0.630338
0.636031
0.638878
0.636844
0.632371
0.627491
0.628304
0.628304
0.623831
0.631964
0.633184
0.635624
0.636031
0.636031
0.630744
0.627084
0.620984
0.635624
0.636438
0.638064
0.640504
0.635218
0.629931
0.628304
0.627084
0.629118
0.630744
0.629118
0.633184
0.636438
0.638471
0.636438
0.633184
0.630338
0.625051
0.628711
0.629524
0.630744
0.635218
0.632778
0.631964
0.634811
0.633998
0.631151
0.629931
0.631151
0.634811
0.634404
0.635624
0.636438
0.637251
0.634811
0.630744
0.631964
0.628304
0.625051
0.629931
0.639284
0.639284
0.638064
0.636844
0.640504
0.637251
0.635218
0.628304
0.629118
0.631964
0.632371
0.629524
0.629524
0.629524
0.635624
0.631151
0.631151
0.628304
0.625864
0.637658
0.635624
0.640098
0.639691
0.636438
0.632371
0.620577
0.629524
0.640098
0.643351
0.649451
0.645791
0.644164
0.637251
0.630338
0.629118
0.626271
0.631558
0.633591
0.633591
0.637658
0.636438
0.632778
0.628304
0.627084
0.621391
0.625864
0.627491
0.631964
0.638471
0.640098
0.639691
0.638064
0.635218
0.632778
0.625864
0.629524
0.631151
0.636438
0.640504
0.644571
0.640098
0.641318
0.639691
0.630338
0.636844
0.635218
0.630338
0.635218
0.636031
0.635624
0.636844
0.639691
0.635624
0.626678
0.626678
0.636031
0.633184
0.637251
0.637251
0.636438
0.630744
0.636438
0.636438
0.630338
0.631964
0.632371
0.636031
0.635218
0.633591
0.634811
0.633184
0.631558
0.631558
0.627084
0.626678
0.634404
0.640911
0.644978
0.644571
0.637658
0.634811
0.637251
0.627491
0.627898
0.635624
0.635624
0.644164
0.638878
0.634404
0.627898
0.631558
0.631151
0.634811
0.635218
0.636031
0.637658
0.635218
0.634811
0.632778
0.633591
0.635624
0.633591
0.636438
0.643351
0.637251
0.639691
0.638471
0.638471
0.631964
0.635218
0.638064
0.636438
0.636844
0.636844
0.638471
0.640098
0.639284
0.636844
0.631964
0.625864
0.626678
0.628304
0.635218
0.634811
0.636844
0.632778
0.634404
0.635624
0.633998
0.633591
0.631558
0.640911
0.641724
0.636844
0.636031
0.635624
0.634404
0.633998
0.635624
0.636844
0.639284
0.641318
0.638471
0.638064
0.633591
0.634404
0.636031
0.635624
0.636031
0.636438
0.638878
0.637251
0.636438
0.635624
0.636844
0.638471
0.630744
0.626678
0.632778
0.631964
0.632371
0.636844
0.638878
0.642538
0.641318
0.646198
0.640098
0.629931
0.629118
0.635624
0.643758
0.640504
0.641724
0.637251
0.636844
0.634811
0.636438
0.633591
0.636031
0.635218
0.638064
0.639284
0.637251
0.638471
0.636438
0.636438
0.630744
0.633184
0.639691
0.636844
0.639691
0.634811
0.638064
0.638064
0.636031
0.634811
0.636031
0.635624
0.633998
0.640911
0.639284
0.637658
0.637658
0.633998
0.631151
0.635624
0.633591
0.633184
0.635218
0.647011
0.644164
0.639691
0.642131
0.634811
0.635624
0.631964
0.630338
0.640504
0.642944
0.640504
0.638878
0.638471
0.635218
0.636438
0.631964
0.635218
0.632778
0.640911
0.641724
0.640911
0.638471
0.637658
0.635218
0.635218
0.637251
0.635218
0.632778
0.633184
0.634811
0.639691
0.636844
0.633998
0.632778
0.639284
0.638064
0.636438
0.639284
0.645384
0.642131
0.641318
0.641318
0.636438
0.635218
0.636844
0.633591
0.634404
0.634811
0.634811
0.636031
0.638064
0.637251
0.632778
0.633591
0.632371
0.626678
0.640098
0.636844
0.638471
0.639691
0.636844
0.637658
0.638471
0.638471
0.639284
0.636031
0.636031
0.641724
0.638064
0.638878
0.637658
0.633591
0.631151
0.632778
0.636438
0.638878
0.636844
0.638064
0.637658
0.637658
0.635218
0.635218
0.634811
0.636031
0.631964
0.636438
0.639691
0.638878
0.635624
0.633998
0.633998
0.627491
0.632371
0.633184
0.636844
0.636438
0.630744
0.635624
0.637658
0.636844
0.638878
0.639691
0.638878
0.632778
0.637251
0.645791
0.642131
0.641724
0.640504
0.637658
0.632371
0.632371
0.636844
0.632371
0.634404
0.644978
0.642944
0.637658
0.638878
0.638064
0.638471
0.641318
0.642944
0.643351
0.639691
0.635624
0.636844
0.639691
0.636438
0.635624
0.641318
0.632778
0.633998
0.633998
0.634404
0.635624
0.636844
0.632778
0.631151
0.628304
0.632371
0.633998
0.636031
0.631558
0.632778
0.642538
0.643758
0.643351
0.640098
0.637658
0.632778
0.629524
0.642944
0.645791
0.641724
0.642131
0.636844
0.635218
0.633998
0.631964
0.631558
0.631558
0.634404
0.639691
0.636844
0.640098
0.639284
0.640911
0.638878
0.636844
0.635218
0.635218
0.637658
0.636438
0.636031
0.635624
0.639284
0.641724
0.639691
0.639691
0.634811
0.629931
0.632371
0.635624
0.640911
0.638878
0.637251
0.633998
0.629931
0.630744
0.632371
0.639691
0.642538
0.639691
0.639691
0.638471
0.636844
0.633184
0.637251
0.637251
0.639691
0.640911
0.637251
0.641318
0.639284
0.636844
0.637658
0.640098
0.633998
0.632778
0.633591
0.640098
0.640504
0.641724
0.638878
0.638064
0.635218
0.634404
0.635624
0.638471
0.637251
0.640504
0.635624
0.641724
0.638471
0.636438
0.635624
0.635218
0.632778
0.641318
0.640504
0.636844
0.636438
0.636844
0.633184
0.631964
0.632371
0.630338
0.631558
0.638878
0.637658
0.641724
0.640504
0.638878
0.638471
0.637251
0.633591
0.633591
0.643351
0.646604
0.647824
0.646604
0.645791
0.640504
0.633998
0.634811
0.636844
0.635624
0.641318
0.642131
0.642944
0.641318
0.638471
0.636844
0.638064
0.633998
0.639284
0.640911
0.640504
0.643758
0.640098
0.636031
0.638471
0.634811
0.633998
0.633591
0.632778
0.636031
0.636031
0.640098
0.641318
0.638878
0.636031
0.636438
0.633998
0.635624
0.634404
0.637658
0.637251
0.640911
0.636438
0.632778
0.635218
0.636438
0.638471
0.642131
0.647824
0.642131
0.640504
0.636438
0.641318
0.642131
0.641318
0.642131
0.639284
0.637251
0.637658
0.638471
0.637251
0.639691
0.636438
0.636031
0.638878
0.636844
0.639691
0.640911
0.644164
0.645384
0.638064
0.640911
0.641724
0.640098
0.640098
0.637251
0.629931
0.633998
0.636031
0.634404
0.642131
0.641318
0.640504
0.638471
0.643351
0.643351
0.638471
0.642538
0.643351
0.645791
0.644164
0.642944
0.638064
0.636844
0.637658
0.631558
0.640911
0.643758
0.644164
0.644571
0.643351
0.638064
0.636031
0.638064
0.636031
0.634404
0.640098
0.636438
0.642538
0.640504
0.636438
0.639691
0.638878
0.637251
0.634811
0.634404
0.645791
0.647418
0.641318
0.642131
0.639284
0.638064
0.637658
0.633591
0.635624
0.642538
0.644978
0.643758
0.640098
0.643758
0.642944
0.641318
0.640911
0.639691
0.636438
0.637658
0.641318
0.640911
0.638064
0.640911
0.642944
0.638064
0.634811
0.639284
0.647824
0.646604
0.647011
0.639691
0.639284
0.640911
0.640098
0.641724
0.636031
0.629931
0.636031
0.644571
0.645791
0.643351
0.643758
0.644978
0.637251
0.636031
0.637251
0.640504
0.646604
0.642944
0.641318
0.639284
0.637658
0.638064
0.634811
0.636031
0.639284
0.647824
0.643351
0.648231
0.647011
0.645791
0.642131
0.640504
0.644164
0.643758
0.637658
0.638878
0.644571
0.639284
0.641724
0.639284
0.636031
0.638471
0.635624
0.635624
0.638878
0.638064
0.638064
0.636031
0.638064
0.636438
0.632778
0.638878
0.635624
0.635624
0.643351
0.643351
0.638064
0.643351
0.648638
0.646198
0.644978
0.641724
0.640098
0.645384
0.649451
0.647824
0.647824
0.647011
0.642944
0.637251
0.641318
0.635624
0.636031
0.642944
0.639691
0.644164
0.642944
0.639284
0.637658
0.637251
0.633998
0.635624
0.637251
0.638878
0.643351
0.646604
0.644978
0.641724
0.641724
0.633591
0.632778
0.629931
0.640098
0.645384
0.647011
0.644164
0.640504
0.642131
0.639284
0.639284
0.639691
0.639284
0.641724
0.644571
0.643758
0.642538
0.640911
0.640098
0.635624
0.633998
0.632778
0.635624
0.640911
0.644978
0.640504
0.639691
0.642131
0.636438
0.635218
0.634811
0.633998
0.644571
0.642944
0.640911
0.642131
0.638064
0.639284
0.638878
0.640911
0.642944
0.641724
0.639284
0.644978
0.646198
0.645384
0.642944
0.638878
0.638064
0.634811
0.634811
0.637658
0.644978
0.645791
0.645384
0.640504
0.645384
0.643758
0.642538
0.640504
0.636844
0.640504
0.645791
0.640911
0.641724
0.643351
0.641318
0.640911
0.636438
0.639284
0.643351
0.644978
0.649451
0.648231
0.644571
0.641724
0.638878
0.640098
0.642538
0.634404
0.635624
0.640911
0.640098
0.638471
0.637658
0.640911
0.638064
0.639284
0.638064
0.631151
0.634811
0.633998
0.640911
0.638064
0.640098
0.643758
0.638878
0.638064
0.636438
0.638064
0.644571
0.645384
0.643758
0.642944
0.640504
0.641724
0.635218
0.631151
0.633998
0.640504
0.643758
0.643351
0.644571
0.642944
0.642131
0.639284
0.637658
0.637658
0.637658
0.639284
0.642538
0.643351
0.645384
0.644571
0.640911
0.638878
0.638064
0.631558
0.640098
0.639284
0.639691
0.639284
0.642131
0.647418
0.638064
0.636844
0.639691
0.635218
0.638064
0.642538
0.642131
0.642131
0.642944
0.644164
0.641318
0.638878
0.639691
0.646604
0.643351
0.647824
0.649858
0.646604
0.644571
0.644571
0.638878
0.640098
0.636844
0.638064
0.644164
0.642944
0.644164
0.639691
0.632778
0.631151
0.637658
0.639284
0.640098
0.640098
0.644164
0.647418
0.644571
0.642538
0.638064
0.635218
0.638878
0.638064
0.642131
0.645384
0.647011
0.649044
0.651078
0.651078
0.648231
0.638471
0.634811
0.633184
0.640911
0.642131
0.640504
0.639691
0.640911
0.636031
0.638878
0.638878
0.640504
0.641318
0.649044
0.648231
0.647418
0.647418
0.643758
0.638878
0.641724
0.639691
0.638064
0.641318
0.649858
0.647011
0.647418
0.646198
0.644978
0.641724
0.637251
0.641318
0.642944
0.646198
0.649858
0.648638
0.649044
0.652704
0.651078
0.639284
0.633998
0.634811
0.640911
0.642131
0.643351
0.646604
0.644164
0.642538
0.638878
0.635624
0.633998
0.636844
0.642944
0.644571
0.648231
0.645791
0.644978
0.641724
0.635218
0.631558
0.638471
0.644164
0.645791
0.647011
0.649858
0.648638
0.648638
0.642538
0.644164
0.636031
0.634404
0.641318
0.645791
0.646604
0.649044
0.644978
0.640911
0.639691
0.635218
0.641318
0.643351
0.639691
0.643758
0.643758
0.645791
0.643758
0.640098
0.641318
0.636438
0.642944
0.639284
0.640911
0.644571
0.643758
0.646604
0.646198
0.640504
0.635218
0.637251
0.636438
0.640911
0.644978
0.642538
0.644571
0.645791
0.644164
0.639691
0.632371
0.630744
0.642131
0.641318
0.640504
0.639691
0.638471
0.640504
0.638471
0.639691
0.638064
0.638064
0.639691
0.642944
0.647418
0.649044
0.648638
0.646198
0.638471
0.638878
0.636031
0.637251
0.642944
0.647418
0.642538
0.640911
0.646198
0.639284
0.641318
0.636844
0.635624
0.640911
0.643351
0.642131
0.647418
0.650671
0.643351
0.638471
0.637658
0.639691
0.643351
0.641318
0.646198
0.647824
0.650264
0.652298
0.649044
0.644978
0.638064
0.636844
0.642944
0.646604
0.648231
0.644571
0.646198
0.641318
0.640098
0.634404
0.631964
0.629118
0.638064
0.640504
0.640911
0.644164
0.642538
0.644571
0.636031
0.633998
0.631964
0.635218
0.642944
0.643351
0.643351
0.645384
0.648638
0.648231
0.644164
0.636031
0.635218
0.640504
0.645384
0.647418
0.644978
0.649044
0.649451
0.644164
0.642538
0.632778
0.629931
0.634404
0.643351
0.643758
0.644978
0.647824
0.646198
0.638064
0.638471
0.632778
0.638064
0.640504
0.642131
0.644978
0.648638
0.644978
0.643758
0.640911
0.641318
0.632371
0.634404
0.638064
0.647011
0.648231
0.644571
0.643351
0.641724
0.636031
0.638064
0.633591
0.644164
0.644571
0.643758
0.642944
0.646198
0.647011
0.645791
0.640098
0.638878
0.639284
0.641318
0.641318
0.642538
0.644571
0.644978
0.647418
0.641318
0.638471
0.635624
0.638064
0.639284
0.642538
0.644571
0.646198
0.643758
0.640504
0.639691
0.635218
0.640911
0.641724
0.641724
0.646198
0.645384
0.643758
0.641318
0.640911
0.641318
0.634811
0.636438
0.638471
0.648638
0.652704
0.650264
0.648638
0.645791
0.644164
0.639284
0.635624
0.641318
0.642944
0.643758
0.647824
0.650264
0.649451
0.647824
0.642538
0.633591
0.645384
0.645384
0.646198
0.645791
0.646604
0.646604
0.642944
0.640504
0.637658
0.631964
0.638471
0.640098
0.648231
0.646604
0.647418
0.649858
0.643758
0.636438
0.633591
0.638064
0.643758
0.643758
0.649451
0.651891
0.651891
0.645791
0.641724
0.642538
0.636438
0.640504
0.646604
0.645384
0.642944
0.646198
0.645791
0.644164
0.643351
0.637658
0.628304
0.635624
0.638471
0.645791
0.643351
0.649044
0.648231
0.649044
0.645384
0.644571
0.635218
0.630744
0.631151
0.639284
0.646604
0.650671
0.648231
0.652704
0.652704
0.645791
0.638878
0.640098
0.642131
0.640504
0.643758
0.648231
0.647824
0.649044
0.646198
0.642538
0.636844
0.636438
0.639284
0.648231
0.651078
0.651891
0.652298
0.648638
0.643351
0.643351
0.635624
0.638878
0.644571
0.640098
0.643351
0.647418
0.647011
0.646604
0.637658
0.635624
0.632371
0.631151
0.637658
0.646198
0.651078
0.652298
0.644571
0.640911
0.642944
0.637251
0.643758
0.636438
0.646604
0.648231
0.647824
0.645384
0.640911
0.641724
0.633591
0.639691
0.644164
0.646198
0.644978
0.647418
0.654738
0.652298
0.647011
0.643758
0.640098
0.642538
0.642131
0.642131
0.648231
0.646198
0.641318
0.645384
0.640911
0.635218
0.636844
0.648638
0.642538
0.644571
0.649044
0.647418
0.647418
0.640504
0.635218
0.639284
0.642131
0.644164
0.652704
0.649044
0.648231
0.648638
0.643351
0.636438
0.637658
0.639691
0.639691
0.647824
0.647011
0.648638
0.652704
0.651078
0.645791
0.638064
0.633998
0.634811
0.645791
0.646604
0.648231
0.646604
0.647824
0.646198
0.644571
0.642944
0.640911
0.642944
0.639691
0.647011
0.647824
0.646198
0.645791
0.644571
0.646198
0.638878
0.634811
0.639284
0.644164
0.653111
0.648638
0.645384
0.647418
0.645791
0.638471
0.638064
0.642131
0.634404
0.642944
0.644978
0.649044
0.649451
0.647418
0.644978
0.642944
0.634811
0.637658
0.637251
0.645791
0.647824
0.647824
0.649451
0.646198
0.643758
0.637658
0.638471
0.644164
0.646198
0.650264
0.651078
0.649858
0.649858
0.644978
0.638878
0.639284
0.637658
0.633591
0.643351
0.647011
0.648231
0.650671
0.649451
0.647418
0.645791
0.641724
0.642538
0.641724
0.644164
0.647824
0.644978
0.647011
0.643758
0.642131
0.643758
0.639284
0.640504
0.636438
0.647011
0.647824
0.646604
0.643758
0.644978
0.641318
0.637658
0.636031
0.643351
0.644978
0.651484
0.651078
0.649858
0.647011
0.640911
0.638471
0.638878
0.640504
0.647011
0.648231
0.651891
0.649451
0.647418
0.642131
0.640911
0.640504
0.641318
0.637658
0.645384
0.652704
0.653924
0.657178
0.653518
0.648638
0.641318
0.642538
0.638878
0.640098
0.642131
0.650671
0.646198
0.651078
0.651078
0.648231
0.644164
0.642538
0.643758
0.644571
0.648231
0.649044
0.646604
0.644164
0.646604
0.643758
0.642131
0.644978
0.642131
0.641318
0.643758
0.649451
0.645791
0.642131
0.632778
0.641318
0.646198
0.647011
0.644571
0.645384
0.643758
0.643758
0.639284
0.636844
0.639284
0.636031
0.633998
0.635624
0.642538
0.644164
0.647824
0.644571
0.640911
0.640098
0.633184
0.636031
0.643351
0.640098
0.642944
0.649858
0.644978
0.642131
0.640098
0.637658
0.638471
0.640504
0.638471
0.649451
0.651078
0.648231
0.645791
0.645791
0.647418
0.640911
0.640911
0.640098
0.636438
0.641724
0.647824
0.648638
0.651484
0.647418
0.639691
0.637658
0.635218
0.640911
0.648638
0.642538
0.644571
0.644978
0.648638
0.641724
0.644164
0.641318
0.644571
0.637658
0.640504
0.644571
0.649044
0.644978
0.641318
0.638471
0.635624
0.635218
0.638878
0.643758
0.648231
0.651484
0.650264
0.648638
0.641724
0.637251
0.637658
0.636031
0.640098
0.651078
0.651891
0.650671
0.651078
0.650264
0.648231
0.645384
0.645384
0.641724
0.644978
0.642538
0.640911
0.649858
0.648638
0.651078
0.652298
0.647011
0.640098
0.640911
0.642131
0.644978
0.648638
0.647418
0.645791
0.647824
0.647418
0.649044
0.640504
0.642538
0.645791
0.644978
0.638878
0.634811
0.634404
0.637658
0.638471
0.636844
0.643351
0.636031
0.641724
0.648638
0.649044
0.650671
0.642538
0.645384
0.642538
0.640098
0.640504
0.646604
0.651891
0.653924
0.647011
0.649044
0.640504
0.639284
0.636844
0.639284
0.639691
0.644164
0.648231
0.650671
0.651484
0.648638
0.644571
0.644978
0.645384
0.644571
0.646198
0.645791
0.649858
0.649858
0.653111
0.646604
0.644978
0.645384
0.642944
0.641318
0.645791
0.647824
0.647011
0.648638
0.648231
0.647418
0.647418
0.644164
0.644571
0.639284
0.646604
0.648231
0.649044
0.649451
0.648231
0.648231
0.646198
0.641724
0.644978
0.647824
0.648231
0.648638
0.646198
0.647418
0.638471
0.640098
0.634404
0.641318
0.644571
0.649044
0.650264
0.653518
0.651891
0.647824
0.641318
0.646198
0.640098
0.644978
0.648231
0.646604
0.648638
0.646604
0.647824
0.642944
0.636844
0.637251
0.640098
0.637658
0.651891
0.649858
0.657584
0.652704
0.648231
0.643758
0.644571
0.646198
0.641724
0.642944
0.645384
0.650671
0.649451
0.649044
0.652298
0.641318
0.642538
0.644978
0.644978
0.647418
0.652298
0.654331
0.649451
0.653518
0.647824
0.641724
0.641724
0.641318
0.643758
0.644978
0.647011
0.649858
0.650264
0.650671
0.645791
0.642131
0.637251
0.639284
0.645791
0.649858
0.651891
0.652298
0.653518
0.650671
0.645384
0.648231
0.644571
0.644164
0.647824
0.645791
0.649451
0.646198
0.644978
0.646198
0.641724
0.642131
0.640504
0.636844
0.641318
0.642944
0.648231
0.646198
0.642538
0.633591
0.637658
0.641318
0.642944
0.645791
0.653111
0.653111
0.653924
0.651891
0.647418
0.647011
0.644978
0.641724
0.638878
0.646604
0.648638
0.643351
0.641724
0.645791
0.642538
0.640504
0.640911
0.641318
0.642538
0.643758
0.643758
0.647011
0.647824
0.644164
0.635218
0.639691
0.640098
0.643758
0.645791
0.651078
0.652704
0.646604
0.644164
0.640504
0.641318
0.639691
0.643758
0.642944
0.651891
0.650264
0.652298
0.650671
0.644978
0.640098
0.642538
0.638471
0.644571
0.644571
0.648638
0.652704
0.650264
0.645791
0.644164
0.644978
0.639691
0.642538
0.646198
0.655551
0.657178
0.648231
0.651078
0.655958
0.644571
0.642131
0.641318
0.642944
0.640504
0.647011
0.644978
0.654738
0.648231
0.651484
0.651484
0.642944
0.642131
0.643351
0.648638
0.651484
0.651891
0.651484
0.649451
0.647011
0.645791
0.639284
0.644978
0.643758
0.651484
0.649858
0.651078
0.656364
0.651484
0.648231
0.642131
0.640911
0.644164
0.649044
0.652298
0.649858
0.653111
0.657584
0.649044
0.650671
0.647011
0.646604
0.646198
0.649858
0.651484
0.650671
0.654738
0.651891
0.649858
0.643351
0.641318
0.640504
0.648638
0.652298
0.647824
0.650671
0.650264
0.650264
0.652298
0.649451
0.644978
0.649044
0.643351
0.651484
0.649044
0.653924
0.649451
0.645791
0.642131
0.641318
0.641318
0.645384
0.647824
0.645791
0.647418
0.646604
0.645384
0.639691
0.641318
0.641724
0.646198
0.643758
0.654331
0.654331
0.653924
0.655144
0.647418
0.643351
0.642131
0.644164
0.641724
0.650264
0.643758
0.640098
0.647418
0.649451
0.646198
0.645384
0.640098
0.639691
0.639691
0.649858
0.653924
0.651078
0.651078
0.650264
0.646604
0.643758
0.642131
0.647011
0.651078
0.655144
0.652704
0.651484
0.649451
0.647011
0.644978
0.647824
0.648231
0.647824
0.647011
0.650264
0.650264
0.655144
0.652704
0.651078
0.646198
0.644571
0.648231
0.650671
0.649451
0.649044
0.647824
0.646604
0.648231
0.649451
0.650671
0.645791
0.647011
0.649451
0.647418
0.649451
0.649451
0.651891
0.646604
0.644164
0.643351
0.642538
0.642131
0.642131
0.649858
0.651891
0.651484
0.644164
0.643351
0.641724
0.644164
0.647418
0.646198
0.651891
0.651484
0.648231
0.648231
0.644164
0.646604
0.638878
0.638878
0.642131
0.644978
0.647418
0.644571
0.648231
0.649858
0.644164
0.643758
0.644571
0.648638
0.646198
0.646604
0.651891
0.656364
0.649858
0.647011
0.637251
0.638064
0.641724
0.639691
0.642538
0.650264
0.638878
0.638878
0.645791
0.645791
0.633998
0.644571
0.646604
0.638064
0.634811
0.640911
0.651484
0.653924
0.650671
0.640504
0.638471
0.647011
0.643351
0.643351
0.643758
0.651078
0.655144
0.655551
0.648638
0.646604
0.646604
0.640098
0.641318
0.644571
0.653924
0.654331
0.650264
0.654738
0.649858
0.644164
0.647011
0.645384
0.647824
0.649858
0.644978
0.649858
0.650671
0.648231
0.647011
0.643758
0.646604
0.641724
0.642944
0.645384
0.650671
0.655144
0.655144
0.651078
0.647418
0.645791
0.648231
0.648231
0.649858
0.651078
0.646198
0.652298
0.650671
0.650671
0.647011
0.653111
0.649044
0.642944
0.645791
0.656364
0.655958
0.651484
0.640504
0.641724
0.642944
0.643758
0.642538
0.643351
0.649044
0.649451
0.651078
0.648231
0.647418
0.646604
0.646198
0.643758
0.645791
0.647011
0.648638
0.651484
0.652704
0.649044
0.647418
0.641318
0.644571
0.647011
0.649451
0.651484
0.644571
0.646198
0.653924
0.642131
0.642538
0.647824
0.649044
0.645791
0.648231
0.651891
0.651484
0.649044
0.649451
0.644978
0.648231
0.646604
0.646604
0.653518
0.655144
0.654331
0.649044
0.650264
0.652298
0.648638
0.646604
0.643351
0.646198
0.646604
0.647011
0.649858
0.650671
0.651484
0.645791
0.644164
0.643351
0.647418
0.646198
0.645384
0.649044
0.655144
0.651078
0.649858
0.650671
0.647418
0.641318
0.644571
0.649858
0.651078
0.646198
0.647418
0.652298
0.650671
0.646198
0.642944
0.644571
0.644571
0.648638
0.653111
0.659211
0.653924
0.648638
0.646604
0.643758
0.647011
0.649044
0.653111
0.656771
0.647011
0.649044
0.650671
0.651484
0.649858
0.647824
0.644978
0.644164
0.653924
0.652704
0.650264
0.651484
0.649044
0.647824
0.643351
0.644164
0.642944
0.649858
0.645384
0.644164
0.648638
0.652298
0.647011
0.645791
0.647011
0.643351
0.643758
0.641318
0.649451
0.645791
0.649451
0.649451
0.649044
0.648231
0.648231
0.645791
0.645791
0.646604
0.649451
0.645791
0.649044
0.647824
0.644571
0.641318
0.641724
0.644571
0.644571
0.650671
0.652298
0.650264
0.649858
0.651078
0.647011
0.651078
0.655958
0.653518
0.648638
0.653518
0.655144
0.656771
0.650264
0.651078
0.649044
0.648638
0.649451
0.652298
0.643351
0.643351
0.651484
0.651078
0.654331
0.657178
0.651484
0.646604
0.643351
0.645791
0.648231
0.650264
0.646604
0.653518
0.656364
0.655958
0.647011
0.649044
0.648638
0.652704
0.648231
0.647824
0.649858
0.648231
0.648638
0.652298
0.650671
0.646604
0.646198
0.646604
0.646198
0.648231
0.647418
0.642538
0.644978
0.649858
0.646604
0.646198
0.647011
0.653924
0.654738
0.653924
0.651078
0.647418
0.649451
0.645791
0.647418
0.649044
0.647418
0.644571
0.649858
0.650264
0.649858
0.644978
0.644164
0.648638
0.644164
0.649451
0.652704
0.649858
0.647824
0.653111
0.644571
0.646198
0.648231
0.649451
0.643351
0.651891
0.655551
0.655144
0.654738
0.655551
0.653111
0.647011
0.645384
0.649451
0.649858
0.650264
0.647011
0.648231
0.648231
0.653924
0.648231
0.649451
0.647011
0.647011
0.645791
0.649858
0.655551
0.655551
0.651078
0.653518
0.653518
0.649044
0.650671
0.648231
0.649044
0.647011
0.647418
0.651078
0.647011
0.648231
0.653111
0.646604
0.646604
0.648638
0.646604
0.647418
0.646604
0.651078
0.647824
0.646604
0.647011
0.649451
0.643758
0.649044
0.647418
0.651484
0.648231
0.646604
0.645791
0.647011
0.650264
0.651078
0.644978
0.649858
0.651891
0.653111
0.652298
0.648638
0.645384
0.649451
0.649858
0.650671
0.650671
0.650264
0.651891
0.653111
0.651891
0.648638
0.646604
0.648231
0.651078
0.651078
0.649451
0.651484
0.653111
0.651078
0.651078
0.646604
0.648638
0.649858
0.648638
0.649858
0.652298
0.649044
0.647824
0.648231
0.646198
0.645384
0.647824
0.643351
0.643351
0.648638
0.654738
0.656771
0.651484
0.651078
0.653518
0.647011
0.644978
0.649044
0.651891
0.653518
0.652298
0.648638
0.649451
0.652298
0.651891
0.644978
0.641318
0.644164
0.648638
0.650671
0.646604
0.649044
0.649044
0.647824
0.649044
0.651078
0.653518
0.653111
0.653924
0.649858
0.653518
0.648638
0.653111
0.649451
0.648231
0.649858
0.647824
0.648638
0.651891
0.649858
0.649451
0.650671
0.649451
0.643351
0.648231
0.645384
0.647418
0.653924
0.651891
0.652298
0.650671
0.651484
0.647418
0.650264
0.651484
0.650671
0.644164
0.650264
0.652704
0.649858
0.648638
0.648638
0.652298
0.648231
0.652704
0.651891
0.654331
0.655958
0.655551
0.656771
0.657178
0.653924
0.648231
0.650264
0.645384
0.651484
0.654331
0.653924
0.654331
0.653111
0.652298
0.649044
0.646604
0.648231
0.647824
0.644978
0.653924
0.651078
0.649858
0.653518
0.650671
0.644978
0.649858
0.647824
0.652704
0.652704
0.655551
0.655958
0.650264
0.645791
0.646198
0.647011
0.645384
0.645791
0.651891
0.652704
0.651891
0.659211
0.655551
0.654738
0.649858
0.647011
0.646198
0.652298
0.647824
0.656771
0.652298
0.651484
0.649858
0.649451
0.649858
0.650264
0.649451
0.648231
0.649858
0.651078
0.651484
0.649858
0.642944
0.647418
0.642944
0.644164
0.647418
0.649858
0.649044
0.655551
0.651484
0.647824
0.642538
0.642131
0.643351
0.642944
0.649451
0.650264
0.651078
0.653924
0.651484
0.649858
0.650671
0.651078
0.654331
0.653924
0.653924
0.649044
0.649044
0.656364
0.651891
0.651891
0.649858
0.646198
0.643351
0.651078
0.653924
0.649451
0.653111
0.651078
0.651078
0.649451
0.649858
0.648231
0.652298
0.651484
0.647418
0.650671
0.655551
0.652704
0.654331
0.651078
0.647011
0.647011
0.647824
0.650264
0.651484
0.655958
0.652704
0.658398
0.657584
0.650671
0.653924
0.649044
0.649451
0.652298
0.652704
0.654331
0.648231
0.647418
0.647011
0.649858
0.653518
0.647418
0.652704
0.652298
0.659211
0.654738
0.652298
0.652298
0.646604
0.642131
0.644978
0.653518
0.648231
0.655551
0.646604
0.643758
0.650671
0.648231
0.644164
0.646604
0.653111
0.647418
0.646604
0.651078
0.656771
0.653924
0.651891
0.653111
0.650264
0.647824
0.645384
0.652704
0.655144
0.652704
0.649451
0.651484
0.652704
0.652704
0.650671
0.651078
0.652298
0.651078
0.648231
0.647418
0.649044
0.655958
0.652298
0.649044
0.648231
0.647011
0.648638
0.651891
0.651078
0.652298
0.648638
0.650671
0.649451
0.654331
0.655144
0.650671
0.653518
0.651078
0.651484
0.654738
0.657178
0.653518
0.658804
0.654738
0.656364
0.654738
0.652298
0.654331
0.657178
0.652704
0.653111
0.650264
0.653111
0.656364
0.655551
0.655144
0.655551
0.656771
0.653518
0.652298
0.654738
0.648231
0.648638
0.649451
0.645384
0.648231
0.650671
0.649858
0.649858
0.652704
0.650671
0.650671
0.654331
0.651078
0.652704
0.658398
0.655144
0.654738
0.651484
0.653924
0.652298
0.650671
0.651078
0.651484
0.651891
0.651484
0.649044
0.648638
0.653924
0.653111
0.649858
0.643351
0.644164
0.652298
0.653111
0.654738
0.654331
0.651078
0.647824
0.651891
0.653518
0.651891
0.655551
0.653518
0.654331
0.654738
0.650671
0.647011
0.652298
0.656364
0.650671
0.645791
0.648231
0.649044
0.656364
0.659618
0.654738
0.650671
0.648638
0.644164
0.652298
0.653924
0.655144
0.651484
0.647824
0.655551
0.653924
0.654738
0.653518
0.653111
0.650264
0.650264
0.659618
0.656771
0.653111
0.652704
0.648638
0.647418
0.650264
0.649858
0.652298
0.646198
0.651484
0.650671
0.649858
0.648638
0.649451
0.647011
0.647011
0.650264
0.651891
0.654331
0.651891
0.645384
0.647418
0.646198
0.651891
0.653111
0.651078
0.650671
0.650671
0.652298
0.652704
0.653518
0.651484
0.646604
0.649451
0.649858
0.651484
0.655958
0.653111
0.653924
0.653111
0.658804
0.657178
0.655958
0.652704
0.652704
0.653111
0.653518
0.652704
0.656771
0.651891
0.651078
0.651484
0.645384
0.645791
0.651891
0.650671
0.650671
0.654738
0.658804
0.655551
0.653924
0.653924
0.647824
0.651891
0.652704
0.656364
0.659211
0.662058
0.655144
0.645791
0.650671
0.655551
0.657178
0.651891
0.654738
0.651891
0.655958
0.651891
0.650264
0.652704
0.652704
0.649451
0.651484
0.653518
0.651078
0.653111
0.651078
0.652298
0.649451
0.653518
0.647824
0.649451
0.649858
0.652298
0.648231
0.650671
0.651891
0.649858
0.646604
0.650264
0.646604
0.649044
0.657991
0.648638
0.647418
0.648638
0.653924
0.658804
0.653111
0.650264
0.646604
0.644164
0.647011
0.655958
0.657991
0.657584
0.651891
0.655551
0.653111
0.650671
0.648638
0.649858
0.647418
0.649451
0.655958
0.657178
0.659618
0.659618
0.654738
0.654738
0.649858
0.653111
0.653924
0.655958
0.656771
0.655958
0.655551
0.656364
0.649858
0.649451
0.649451
0.648231
0.654331
0.659618
0.653111
0.653111
0.652704
0.653111
0.653924
0.648231
0.656771
0.644164
0.649451
0.651891
0.655144
0.660431
0.651891
0.653924
0.656771
0.652704
0.652298
0.654331
0.652704
0.649858
0.656771
0.652704
0.654331
0.651078
0.649044
0.650264
0.649451
0.649858
0.655144
0.652298
0.655958
0.655958
0.654331
0.654738
0.651891
0.654738
0.659618
0.661651
0.655551
0.655551
0.652704
0.649858
0.645791
0.649451
0.653924
0.650264
0.651891
0.654738
0.656771
0.651484
0.655144
0.653924
0.648638
0.649044
0.649044
0.656771
0.655551
0.653111
0.653111
0.654331
0.652298
0.652704
0.653111
0.653518
0.656771
0.655958
0.654331
0.655958
0.654738
0.653111
0.650671
0.653518
0.652704
0.649451
0.649451
0.649858
0.652704
0.658804
0.660431
0.657584
0.656771
0.655551
0.653924
0.654331
0.650671
0.651078
0.647824
0.655958
0.657584
0.661651
0.655144
0.655551
0.656364
0.657991
0.654331
0.651078
0.652704
0.650671
0.651484
0.654738
0.653111
0.656364
0.651078
0.649044
0.652704
0.660431
0.658398
0.658398
0.657178
0.653111
0.653111
0.655551
0.647418
0.652298
0.655144
0.646198
0.654738
0.653924
0.653924
0.654738
0.657178
0.652298
0.649858
0.652704
0.653518
0.656364
0.662058
0.655144
0.651078
0.651484
0.654738
0.655551
0.660024
0.661244
0.654331
0.655551
0.653924
0.649858
0.654738
0.653518
0.651891
0.653518
0.655958
0.653924
0.652704
0.620171
0.657178
0.651078
0.651891
0.650264
0.645791
0.642131
0.649858
0.649451
0.646198
0.651078
0.646604
0.647418
0.651891
0.659618
0.650671
0.650264
0.649451
0.655144
0.661651
0.658804
0.654331
0.650264
0.650671
0.655144
0.652298
0.652298
0.659211
0.653518
0.656364
0.659211
0.652704
0.652298
0.652298
0.654738
0.656364
0.651484
0.654738
0.655551
0.658398
0.653924
0.651078
0.652298
0.651078
0.652704
0.652704
0.651891
0.657178
0.657584
0.655144
0.656771
0.660024
0.655144
0.652298
0.650264
0.651891
0.654331
0.658398
0.656771
0.655958
0.656771
0.657178
0.651484
0.653924
0.654331
0.655958
0.659618
0.659211
0.658398
0.657584
0.655144
0.656771
0.654738
0.649858
0.648231
0.649044
0.651891
0.655958
0.653924
0.654738
0.651891
0.648231
0.648231
0.652704
0.649858
0.652298
0.655958
0.655958
0.650671
0.653111
0.651484
0.649858
0.656364
0.654331
0.649858
0.655144
0.654738
0.646604
0.650671
0.656771
0.656771
0.651891
0.649451
0.646604
0.649451
0.655551
0.657584
0.656771
0.649044
0.651891
0.655958
0.659211
0.649451
0.653518
0.653518
0.658804
0.651891
0.652298
0.651891
0.655958
0.654738
0.653111
0.653518
0.654331
0.658804
0.651484
0.653111
0.653518
0.651891
0.653111
0.656771
0.656771
0.661651
0.657991
0.655144
0.652704
0.659211
0.655958
0.651891
0.653111
0.655144
0.660024
0.658804
0.657991
0.653924
0.651078
0.652704
0.654331
0.653111
0.654738
0.655144
0.650264
0.652704
0.657584
0.656771
0.651078
0.649858
0.649044
0.648638
0.648638
0.651078
0.655958
0.655958
0.651078
0.655144
0.655144
0.655551
0.649044
0.649451
0.648638
0.651484
0.649858
0.648638
0.647824
0.653924
0.657178
0.651078
0.651891
0.650671
0.652704
0.650671
0.652704
0.657178
0.655958
0.663684
0.660431
0.654331
0.654331
0.645791
0.655144
0.654331
0.644164
0.642131
0.642944
0.647418
0.644164
0.647418
0.644571
0.644571
0.646198
0.655551
0.651484
0.656364
0.662058
0.654331
0.652298
0.652298
0.655144
0.646604
0.648231
0.649044
0.651891
0.651078
0.652704
0.650264
0.650264
0.648638
0.652298
0.654738
0.657991
0.657584
0.653111
0.655958
0.653924
0.653111
0.647011
0.651078
0.649858
0.649858
0.649451
0.651484
0.655958
0.654331
0.657991
0.650671
0.648638
0.648638
0.651078
0.652704
