0.551037
0.554290
0.542090
0.550224
0.553884
0.560390
0.565677
0.562017
0.557137
0.560797
0.546564
0.545750
0.551037
0.552257
0.551037
0.560390
0.557544
0.555104
0.559577
0.561204
0.559984
0.561610
0.564050
0.566490
0.566490
0.566897
0.570150
0.569744
0.570557
0.571777
0.570557
0.570964
0.572997
0.571777
0.573810
0.572184
0.567710
0.571777
0.572184
0.572590
0.576251
0.574624
0.573404
0.570964
0.571370
0.570557
0.576657
0.580317
0.579097
0.587637
0.583977
0.577471
0.580724
0.577064
0.583977
0.585604
0.585604
0.581944
0.582757
0.581944
0.587637
0.587637
0.590484
0.593331
0.588451
0.589264
0.592111
0.596584
0.600651
0.598617
0.599837
0.606751
0.607157
0.603091
0.608377
0.607564
0.608377
0.612444
0.610411
0.612037
0.604717
0.605531
0.611631
0.612444
0.621391
0.622204
0.620577
0.621797
0.617731
0.617324
0.619357
0.620984
0.623831
0.627084
0.619357
0.617731
0.619357
0.626678
0.625864
0.625864
0.621797
0.623424
0.625458
0.632371
0.626271
0.629524
0.634811
0.633591
0.633184
0.627898
0.626678
0.622611
0.629931
0.632778
0.636438
0.637251
0.635218
0.636031
0.635624
0.639691
0.636031
0.630744
0.629118
0.638471
0.641724
0.640098
0.641724
0.641724
0.642538
0.637658
0.633591
0.637251
0.643351
0.642131
0.640911
0.639284
0.644164
0.644571
0.642538
0.641318
0.640911
0.644978
0.649451
0.643758
0.643758
0.646198
0.645791
0.646198
0.643758
0.640911
0.642131
0.644571
0.646198
0.651078
0.649044
0.650671
0.648638
0.655551
0.651891
0.646198
0.647418
0.650264
0.649451
0.650264
0.649858
0.648638
0.648638
0.649451
0.647418
0.642944
0.647011
0.651484
0.651891
0.651484
0.652704
0.649451
0.651891
0.652298
0.654331
0.654738
0.651484
0.647824
0.651891
0.653924
0.653924
0.653111
0.652704
0.650671
0.652704
0.650264
0.650671
0.653111
0.647824
0.656364
0.654738
0.657584
0.651484
0.646198
0.644978
0.647418
0.653111
0.658804
0.653111
0.655958
0.658398
0.656364
0.657991
0.647824
0.643758
0.649451
0.651891
0.653111
0.657991
0.657178
0.657178
0.658804
0.657178
0.654331
0.651891
0.651891
0.651078
0.653111
0.656364
0.658398
0.657178
0.659618
0.650264
0.652298
0.655551
0.657178
0.652298
0.653111
0.651891
0.654738
0.656771
0.656364
0.656364
0.652704
0.653518
0.646604
0.654738
0.660431
0.655551
0.657584
0.660024
0.655144
0.652298
0.650264
0.652704
0.658398
0.655958
0.652298
0.653518
0.655958
0.653111
0.649858
0.650671
0.651078
0.653924
0.654331
0.655551
0.655144
0.655958
0.654738
0.653111
0.649858
0.650264
0.649858
0.653111
0.652298
0.653924
0.655958
0.660024
0.657584
0.651484
0.651484
0.652704
0.651484
0.649044
0.652704
0.656364
0.654738
0.656771
0.656771
0.655144
0.650264
0.652704
0.649858
0.645791
0.648231
0.655144
0.651078
0.652704
0.654738
0.648638
0.643758
0.644978
0.651078
0.651078
0.652704
0.652298
0.655144
0.655551
0.659618
0.657991
0.653924
0.652298
0.650671
0.650264
0.652298
0.656364
0.659618
0.660024
0.657991
0.652704
0.652704
0.650671
0.649044
0.653924
0.655144
0.655551
0.659618
0.651891
0.651484
0.655551
0.655551
0.646604
0.651891
0.653111
0.651891
0.656771
0.658398
0.652704
0.650671
0.650264
0.650264
0.649858
0.649044
0.647418
0.649451
0.655551
0.656364
0.649451
0.647011
0.649451
0.648231
0.647418
0.646604
0.650264
0.653111
0.653111
0.658398
0.650671
0.651484
0.651891
0.655958
0.649858
0.651078
0.651078
0.654331
0.652298
0.659211
0.653518
0.652704
0.649451
0.654738
0.656364
0.653924
0.655551
0.656771
0.660431
0.658398
0.655958
0.655144
0.651891
0.645384
0.653924
0.656771
0.659211
0.658804
0.658398
0.653111
0.652298
0.651891
0.654738
0.653111
0.653924
0.655958
0.658804
0.660838
0.653111
0.656771
0.653924
0.653111
0.645791
0.653518
0.650671
0.651891
0.652704
0.650671
0.650671
0.652704
0.648638
0.651484
0.651078
0.653111
0.653518
0.656364
0.657178
0.655144
0.653111
0.653924
0.654738
0.647011
0.645791
0.657178
0.657991
0.658398
0.656364
0.653111
0.653111
0.651078
0.646604
0.645384
0.649451
0.651891
0.651078
0.655958
0.661244
0.656771
0.650671
0.649044
0.649858
0.645791
0.648638
0.653111
0.652298
0.655958
0.656771
0.655551
0.656364
0.649044
0.645384
0.645384
0.656771
0.657178
0.660024
0.660838
0.657584
0.657178
0.651484
0.647011
0.647418
0.647418
0.654738
0.660838
0.658398
0.657178
0.656771
0.657991
0.650671
0.642944
0.644978
0.649044
0.655144
0.663684
0.662871
0.662871
0.662871
0.661244
0.659618
0.657178
0.650671
0.644978
0.642131
0.647418
0.654331
0.660431
0.661244
0.659211
0.658804
0.648231
0.644164
0.642944
0.647011
0.648231
0.654331
0.659211
0.656771
0.659618
0.656771
0.650671
0.644164
0.644164
0.650264
0.656771
0.655551
0.660431
0.658398
0.664904
0.653518
0.649044
0.643758
0.641318
0.649451
0.653518
0.659618
0.660838
0.657178
0.655551
0.653518
0.656771
0.644571
0.645791
0.647418
0.649451
0.653518
0.657991
0.661651
0.660024
0.658398
0.651891
0.652298
0.649858
0.653924
0.655144
0.655551
0.659618
0.656771
0.651891
0.651891
0.654738
0.651891
0.650671
0.657178
0.658804
0.660024
0.661244
0.662058
0.658804
0.651484
0.650671
0.652298
0.652298
0.657584
0.665718
0.662058
0.661651
0.661651
0.655958
0.648231
0.646198
0.647824
0.654331
0.660024
0.660024
0.665718
0.661651
0.655958
0.652298
0.651484
0.649451
0.649044
0.654331
0.659211
0.662464
0.658804
0.658398
0.657178
0.651891
0.646198
0.647011
0.651891
0.653518
0.657584
0.657584
0.655144
0.655551
0.657584
0.655551
0.648231
0.650264
0.650264
0.654738
0.658398
0.655551
0.657991
0.656771
0.653111
0.650264
0.648638
0.653111
0.658804
0.663684
0.666531
0.665311
0.660838
0.658398
0.654738
0.649044
0.649044
0.655144
0.662058
0.665718
0.666938
0.660431
0.660838
0.656364
0.647418
0.649858
0.648638
0.654331
0.655551
0.656364
0.655958
0.653518
0.651891
0.647824
0.643758
0.649858
0.655958
0.653518
0.660431
0.664091
0.660838
0.659211
0.653111
0.647824
0.646604
0.647824
0.653111
0.656771
0.664091
0.662871
0.660838
0.658398
0.654331
0.649044
0.647824
0.649858
0.653924
0.654331
0.660838
0.657584
0.655551
0.655958
0.658398
0.652704
0.652704
0.651078
0.657584
0.660838
0.660838
0.661244
0.661651
0.658804
0.653924
0.650264
0.653518
0.655144
0.658398
0.662871
0.661651
0.659618
0.656364
0.650264
0.648231
0.649858
0.655144
0.654738
0.658804
0.657178
0.659211
0.651891
0.651078
0.646198
0.650671
0.651891
0.657584
0.657991
0.660024
0.663278
0.659211
0.655144
0.648231
0.645384
0.647824
0.651078
0.652298
0.659211
0.665718
0.662464
0.662058
0.664498
0.655551
0.649858
0.647418
0.651078
0.655144
0.658398
0.657178
0.657584
0.659211
0.655958
0.651891
0.648231
0.650264
0.651078
0.654331
0.656771
0.661244
0.657178
0.657584
0.655551
0.653924
0.654738
0.658804
0.657991
0.657584
0.664498
0.663684
0.658804
0.657178
0.658804
0.653111
0.656771
0.657178
0.659618
0.660431
0.661651
0.657991
0.657178
0.653111
0.651484
0.651484
0.657584
0.659618
0.658804
0.657584
0.656771
0.657991
0.653518
0.647011
0.644164
0.649858
0.653518
0.659618
0.663684
0.662464
0.662058
0.657991
0.662464
0.657991
0.652704
0.649451
0.649858
0.657584
0.663278
0.662058
0.665718
0.662058
0.657584
0.651078
0.652298
0.655144
0.658804
0.655958
0.655551
0.662464
0.656771
0.653518
0.651078
0.648231
0.653111
0.655144
0.657991
0.663684
0.658804
0.657584
0.652298
0.653518
0.653111
0.652298
0.653111
0.661651
0.659618
0.661244
0.657584
0.658398
0.651078
0.651891
0.647824
0.652704
0.657991
0.657178
0.659618
0.661244
0.657584
0.656364
0.653518
0.653111
0.651078
0.653924
0.659618
0.660431
0.662871
0.658804
0.655144
0.657991
0.652298
0.646604
0.645791
0.652298
0.653111
0.662871
0.660024
0.660838
0.658804
0.655958
0.653111
0.644978
0.645791
0.652298
0.662058
0.662871
0.663684
0.663684
0.665718
0.663278
0.658804
0.651078
0.648638
0.649044
0.653111
0.659618
0.653924
0.653518
0.653924
0.657178
0.654331
0.652704
0.654331
0.656364
0.656364
0.659618
0.659211
0.658398
0.653111
0.651078
0.651484
0.653111
0.658398
0.661651
0.662058
0.660024
0.661244
0.655551
0.651484
0.648231
0.655551
0.657991
0.661244
0.660431
0.661651
0.661651
0.658398
0.651484
0.651078
0.651078
0.657178
0.657584
0.655551
0.662058
0.657584
0.660431
0.656364
0.650264
0.646604
0.647824
0.653518
0.657991
0.660838
0.662871
0.664091
0.662464
0.654738
0.647824
0.641318
0.645791
0.653518
0.660838
0.664091
0.664904
0.662871
0.665718
0.659211
0.654738
0.644571
0.645384
0.647011
0.655958
0.658398
0.660024
0.655144
0.655958
0.657991
0.651484
0.647418
0.651484
0.649451
0.653111
0.661651
0.655144
0.654738
0.658398
0.658804
0.655551
0.655551
0.655958
0.657991
0.663684
0.666124
0.662464
0.663278
0.657991
0.652704
0.649451
0.650264
0.654738
0.654738
0.657991
0.658804
0.655551
0.655144
0.655958
0.651484
0.651891
0.652298
0.657584
0.657584
0.660838
0.657178
0.660431
0.654331
0.648231
0.649044
0.655551
0.660838
0.656364
0.659211
0.659211
0.660838
0.657178
0.650671
0.640911
0.642131
0.652298
0.658804
0.661244
0.661651
0.662871
0.660431
0.658398
0.656771
0.642944
0.643758
0.649044
0.657178
0.656771
0.660431
0.657991
0.660838
0.659211
0.652704
0.651078
0.651484
0.654331
0.658398
0.657584
0.657584
0.655958
0.658804
0.660431
0.654738
0.655551
0.655551
0.655958
0.659618
0.663278
0.661244
0.661244
0.661244
0.655958
0.656771
0.656364
0.659211
0.656771
0.659618
0.656771
0.656771
0.656771
0.656364
0.654738
0.655958
0.658804
0.659211
0.655958
0.654738
0.654738
0.657584
0.655958
0.653111
0.653924
0.660024
0.662871
0.662871
0.659211
0.662871
0.660024
0.662871
0.657178
0.648638
0.647418
0.653518
0.662871
0.662871
0.664904
0.664498
0.663278
0.665311
0.657991
0.650264
0.651484
0.649858
0.651891
0.656771
0.658804
0.656364
0.657991
0.658398
0.657178
0.649451
0.649451
0.650264
0.657584
0.660024
0.660431
0.663278
0.661651
0.657178
0.658398
0.657584
0.656364
0.655958
0.654738
0.657178
0.663684
0.662058
0.659618
0.660431
0.657584
0.659618
0.662464
0.661244
0.662058
0.663684
0.660024
0.658398
0.653924
0.651484
0.649451
0.651891
0.655144
0.654331
0.657991
0.658804
0.653924
0.658398
0.652704
0.647418
0.649044
0.655551
0.660024
0.663684
0.663684
0.666938
0.664091
0.661651
0.653518
0.649858
0.651891
0.656771
0.662058
0.659618
0.661651
0.660838
0.657584
0.658804
0.652704
0.654331
0.655958
0.656771
0.658804
0.658398
0.657584
0.660024
0.660024
0.655551
0.653924
0.654331
0.659211
0.664904
0.664091
0.662464
0.664498
0.664091
0.662058
0.654738
0.650671
0.653111
0.655958
0.658398
0.661651
0.659618
0.661244
0.661244
0.655958
0.648231
0.649858
0.655958
0.655144
0.660431
0.660838
0.662058
0.666938
0.664091
0.657991
0.654331
0.654331
0.655551
0.660431
0.657991
0.655551
0.657178
0.660838
0.657991
0.652704
0.655144
0.653111
0.652704
0.663278
0.658804
0.656771
0.656364
0.656364
0.657178
0.657584
0.659211
0.655144
0.659618
0.664904
0.659211
0.660838
0.664498
0.660838
0.655551
0.656771
0.659618
0.660431
0.659211
0.659211
0.660838
0.658804
0.658804
0.653111
0.643758
0.651078
0.655144
0.658398
0.660431
0.659618
0.656771
0.660024
0.657991
0.646604
0.650671
0.659211
0.659618
0.659211
0.657178
0.660024
0.659211
0.662058
0.656364
0.647824
0.650264
0.655958
0.659211
0.663684
0.664091
0.663684
0.661244
0.658804
0.658804
0.647418
0.648638
0.651078
0.657991
0.660024
0.662871
0.660024
0.663684
0.666124
0.658804
0.654738
0.651484
0.653518
0.660838
0.663684
0.662058
0.661244
0.658398
0.659618
0.654738
0.655551
0.657178
0.659211
0.660024
0.660024
0.658804
0.657584
0.659211
0.659618
0.660431
0.659618
0.660431
0.660838
0.664904
0.656771
0.656771
0.660024
0.657178
0.655551
0.660024
0.660838
0.662058
0.659211
0.662058
0.661651
0.664498
0.659618
0.657178
0.657178
0.657991
0.659211
0.657584
0.658398
0.658398
0.658804
0.655958
0.650671
0.648231
0.654331
0.659618
0.658804
0.662464
0.662871
0.659211
0.662464
0.657178
0.653924
0.652298
0.662871
0.663684
0.661651
0.664091
0.661244
0.664091
0.658804
0.656771
0.656771
0.650671
0.660838
0.660431
0.656771
0.658398
0.661651
0.659618
0.655551
0.656771
0.649858
0.651078
0.654331
0.658398
0.660838
0.659618
0.660431
0.658398
0.657584
0.653924
0.642131
0.652298
0.650671
0.662464
0.670191
0.666124
0.664498
0.665718
0.663684
0.657584
0.642944
0.644571
0.651891
0.660838
0.663278
0.660024
0.657584
0.659618
0.660024
0.656364
0.652298
0.648231
0.649044
0.653111
0.658804
0.657178
0.658804
0.660838
0.661651
0.662871
0.658398
0.656364
0.655958
0.660024
0.660431
0.664904
0.661651
0.662058
0.662871
0.657584
0.654738
0.655958
0.655958
0.658804
0.659211
0.658804
0.660024
0.662871
0.657584
0.658398
0.657991
0.657584
0.660024
0.658804
0.660431
0.659211
0.659618
0.658804
0.652704
0.658398
0.659618
0.658804
0.659211
0.657991
0.660838
0.658398
0.656364
0.652298
0.654331
0.658804
0.663684
0.665311
0.662058
0.660024
0.657991
0.653111
0.655958
0.657584
0.660838
0.659211
0.661651
0.662058
0.661244
0.664498
0.658398
0.653924
0.653518
0.657178
0.661244
0.660024
0.660838
0.662464
0.658398
0.661651
0.660024
0.660024
0.654331
0.657178
0.661651
0.659211
0.666531
0.661651
0.662871
0.657178
0.655551
0.651484
0.649858
0.650264
0.660024
0.661244
0.662871
0.655958
0.660024
0.661651
0.657991
0.649044
0.651078
0.657178
0.660431
0.662058
0.657991
0.658804
0.657584
0.659211
0.656364
0.646198
0.651078
0.656771
0.657178
0.657178
0.655144
0.657584
0.660024
0.655551
0.653518
0.655958
0.651891
0.658398
0.658804
0.665311
0.660024
0.660024
0.662464
0.657991
0.654738
0.647824
0.653518
0.653111
0.654738
0.662464
0.661244
0.658398
0.661244
0.660838
0.659618
0.656364
0.657991
0.655958
0.663684
0.662058
0.660431
0.662464
0.660024
0.657178
0.659618
0.660431
0.657178
0.657991
0.660431
0.657178
0.660431
0.656771
0.657991
0.660431
0.657991
0.658398
0.657991
0.655958
0.658804
0.657991
0.664904
0.657178
0.649858
0.661651
0.660838
0.659211
0.657178
0.660024
0.658398
0.657584
0.661651
0.659618
0.650671
0.651484
0.657584
0.658804
0.661244
0.661651
0.662464
0.657584
0.658804
0.657178
0.648638
0.647824
0.653924
0.656771
0.659211
0.661651
0.661651
0.660838
0.662464
0.659618
0.656771
0.657178
0.659211
0.661244
0.665311
0.665311
0.659618
0.663278
0.662871
0.652704
0.656771
0.660024
0.658804
0.659618
0.662871
0.660431
0.659618
0.659211
0.653518
0.649451
0.656364
0.662464
0.664904
0.662464
0.660431
0.658804
0.657991
0.651078
0.644978
0.647011
0.654331
0.657991
0.658804
0.662464
0.664498
0.665311
0.660431
0.657584
0.651891
0.650264
0.655551
0.661651
0.660838
0.657584
0.658398
0.661244
0.659618
0.650671
0.655144
0.661244
0.661244
0.665718
0.662464
0.662464
0.662464
0.661244
0.663684
0.658398
0.662058
0.660431
0.661244
0.660024
0.660024
0.659618
0.660838
0.662058
0.657178
0.660024
0.660431
0.657991
0.660431
0.657178
0.656364
0.658398
0.657178
0.661244
0.655958
0.659618
0.662058
0.660838
0.666531
0.662871
0.663684
0.660838
0.656771
0.660838
0.662464
0.658804
0.660431
0.660838
0.662058
0.662464
0.663278
0.657991
0.655551
0.659618
0.660431
0.660838
0.661651
0.659618
0.661651
0.658398
0.659618
0.658398
0.660838
0.660024
0.662871
0.662058
0.660024
0.665718
0.662058
0.666938
0.652704
0.650264
0.654331
0.662464
0.660838
0.657991
0.661244
0.660431
0.658804
0.658804
0.656364
0.652298
0.652704
0.660024
0.662871
0.660838
0.661244
0.661244
0.661244
0.660024
0.649044
0.650671
0.650671
0.660838
0.659211
0.665311
0.662871
0.663684
0.662871
0.663684
0.655551
0.646198
0.649451
0.652298
0.661651
0.661244
0.660838
0.664904
0.660431
0.656771
0.656771
0.649044
0.649451
0.660024
0.657178
0.659211
0.660838
0.662464
0.659618
0.656364
0.656771
0.653924
0.651078
0.661651
0.662464
0.667344
0.661651
0.662871
0.658398
0.658398
0.644571
0.647011
0.656364
0.661244
0.663684
0.664091
0.667751
0.662464
0.660431
0.659211
0.655551
0.656364
0.658804
0.654738
0.657584
0.661244
0.661244
0.658804
0.661244
0.657584
0.655551
0.660024
0.663278
0.660024
0.660838
0.659618
0.662871
0.660431
0.655551
0.649858
0.653924
0.660024
0.662871
0.659211
0.661651
0.666938
0.663278
0.659211
0.648231
0.651484
0.657584
0.660024
0.667344
0.662871
0.663684
0.664498
0.658804
0.651078
0.645384
0.646604
0.653111
0.659211
0.664498
0.664091
0.663278
0.667751
0.664091
0.656364
0.649858
0.652704
0.654738
0.662871
0.665311
0.664091
0.665311
0.665311
0.661244
0.654331
0.652298
0.651078
0.660024
0.664904
0.666531
0.666531
0.668971
0.660024
0.661244
0.654738
0.657178
0.660431
0.665311
0.663684
0.662058
0.664498
0.659618
0.662871
0.655144
0.655551
0.655551
0.662871
0.665311
0.664904
0.663278
0.660838
0.657991
0.655958
0.645791
0.650671
0.659211
0.659618
0.661244
0.664904
0.664904
0.661651
0.660024
0.652704
0.650671
0.653111
0.662871
0.660431
0.664091
0.662058
0.665718
0.661244
0.658804
0.649451
0.657584
0.662058
0.660431
0.663684
0.664498
0.663278
0.657178
0.655958
0.654738
0.650264
0.655551
0.662058
0.661651
0.663278
0.665311
0.667751
0.661651
0.660431
0.652704
0.657584
0.663684
0.666938
0.665718
0.660431
0.661651
0.662464
0.664091
0.655958
0.647011
0.649451
0.652704
0.659618
0.660431
0.664904
0.664498
0.660838
0.661651
0.660024
0.648638
0.651078
0.656364
0.662464
0.664498
0.660838
0.662871
0.662871
0.659618
0.659211
0.653111
0.655958
0.663278
0.662871
0.663278
0.665718
0.667344
0.662464
0.662464
0.661651
0.660838
0.662871
0.664498
0.663684
0.663684
0.667751
0.661651
0.660024
0.656364
0.657584
0.662871
0.662871
0.661651
0.662058
0.662464
0.656364
0.654738
0.654738
0.650264
0.656364
0.661244
0.664498
0.665718
0.669784
0.669378
0.665311
0.659618
0.657584
0.654331
0.655144
0.657991
0.658398
0.662464
0.664091
0.667344
0.663684
0.658804
0.655958
0.662464
0.665718
0.666531
0.668564
0.666124
0.664091
0.664091
0.661651
0.660024
0.657178
0.660838
0.661651
0.663684
0.665311
0.664904
0.663684
0.662871
0.659618
0.654331
0.654738
0.655958
0.660431
0.659211
0.662464
0.662871
0.664091
0.661651
0.659618
0.653924
0.656364
0.665718
0.664904
0.666531
0.663278
0.665311
0.662464
0.654738
0.654738
0.657991
0.661651
0.662058
0.663278
0.660024
0.661244
0.662871
0.657991
0.653518
0.647011
0.656771
0.665311
0.667344
0.664091
0.664904
0.665718
0.665311
0.662058
0.658398
0.661244
0.660838
0.664498
0.662058
0.663684
0.665718
0.664498
0.654738
0.648231
0.653111
0.658398
0.664498
0.666531
0.664091
0.664904
0.667344
0.663684
0.659211
0.657584
0.657584
0.661651
0.664091
0.660431
0.661244
0.657991
0.660838
0.657584
0.654331
0.658398
0.662871
0.664498
0.666124
0.663684
0.660431
0.661651
0.661244
0.657991
0.653518
0.651078
0.663278
0.657991
0.658398
0.660838
0.657991
0.659211
0.662058
0.658804
0.654331
0.657584
0.663684
0.666938
0.664091
0.663684
0.662871
0.665718
0.657178
0.655958
0.653924
0.657991
0.658804
0.662871
0.659211
0.661244
0.659211
0.662058
0.656364
0.654331
0.649044
0.655144
0.660024
0.660024
0.661244
0.662464
0.662464
0.662464
0.653111
0.653111
0.656771
0.661651
0.660024
0.666531
0.665718
0.668564
0.663684
0.655144
0.651484
0.652704
0.656364
0.663684
0.664498
0.659211
0.660024
0.661244
0.661244
0.655551
0.653111
0.653924
0.659211
0.664091
0.661244
0.663684
0.663684
0.662871
0.662058
0.648231
0.651078
0.653924
0.658398
0.662464
0.664091
0.664498
0.664091
0.661651
0.659211
0.655144
0.651891
0.658804
0.658398
0.663684
0.668158
0.666938
0.668564
0.664904
0.662464
0.655958
0.653924
0.657584
0.660024
0.665311
0.661244
0.664498
0.663684
0.665311
0.655958
0.655144
0.655144
0.659211
0.664091
0.664498
0.667344
0.668564
0.666531
0.664498
0.656364
0.654738
0.656771
0.658804
0.662464
0.661244
0.660431
0.663684
0.666531
0.665718
0.654331
0.653518
0.656364
0.663278
0.665718
0.665311
0.665718
0.666531
0.667751
0.664498
0.657991
0.655958
0.653924
0.655958
0.661244
0.668158
0.665718
0.660024
0.662058
0.662464
0.664091
0.655958
0.655958
0.655551
0.663278
0.662058
0.666124
0.657584
0.661244
0.663278
0.662464
0.660431
0.655144
0.658804
0.660024
0.660024
0.662871
0.663684
0.662464
0.662464
0.661651
0.655551
0.652298
0.658804
0.662464
0.660838
0.663684
0.663684
0.663278
0.660431
0.663684
0.662464
0.660838
0.663278
0.665311
0.668158
0.665311
0.663278
0.662464
0.663684
0.656771
0.655958
0.664904
0.665718
0.668971
0.662871
0.665718
0.662871
0.660431
0.662464
0.658804
0.660838
0.666531
0.670598
0.671004
0.665311
0.665718
0.662871
0.660431
0.654331
0.654738
0.653924
0.658398
0.659211
0.657178
0.659618
0.662058
0.663278
0.662058
0.661244
0.660838
0.660838
0.660024
0.656771
0.657584
0.664091
0.660838
0.661244
0.660024
0.658804
0.660431
0.664904
0.668158
0.666531
0.665311
0.664091
0.657178
0.658804
0.654738
0.656771
0.660431
0.664091
0.664498
0.664498
0.664091
0.664498
0.659211
0.657584
0.658398
0.661244
0.661244
0.662464
0.666938
0.655551
0.655551
0.657584
0.663684
0.664091
0.661244
0.662058
0.660024
0.660024
0.648638
0.651484
0.664498
0.663278
0.664498
0.664091
0.666531
0.664498
0.664498
0.663278
0.654738
0.660024
0.658398
0.661651
0.655551
0.657178
0.655551
0.661651
0.664091
0.657178
0.654738
0.659211
0.666124
0.663278
0.661651
0.660024
0.660838
0.660838
0.659211
0.652704
0.652704
0.655551
0.660838
0.662058
0.660838
0.660431
0.663684
0.666531
0.660431
0.651891
0.653111
0.658804
0.664498
0.668564
0.664498
0.662871
0.659211
0.658804
0.660431
0.652704
0.650264
0.658398
0.662871
0.662464
0.655144
0.658398
0.658804
0.661651
0.660024
0.655958
0.654738
0.657991
0.661244
0.662464
0.668158
0.661651
0.664498
0.664498
0.656364
0.652298
0.651484
0.661244
0.669784
0.664498
0.663278
0.662058
0.662464
0.656364
0.648638
0.651484
0.655958
0.665311
0.666938
0.664904
0.664498
0.664091
0.654738
0.658398
0.652298
0.653924
0.657178
0.666938
0.669784
0.664091
0.661651
0.663278
0.656771
0.653924
0.650671
0.655144
0.660024
0.667751
0.664498
0.663684
0.659618
0.660024
0.650671
0.652298
0.650671
0.657178
0.664091
0.665311
0.662058
0.662871
0.665718
0.656364
0.656771
0.649858
0.654331
0.660838
0.663684
0.667751
0.665311
0.665718
0.659211
0.655551
0.651484
0.653518
0.657991
0.664498
0.666531
0.659618
0.658398
0.658804
0.649451
0.645791
0.646604
0.650264
0.659618
0.660838
0.665311
0.660431
0.658804
0.661651
0.656771
0.654738
0.655551
0.650264
0.657178
0.664904
0.664904
0.661244
0.662464
0.665718
0.656771
0.652298
0.651484
0.650671
0.655958
0.662871
0.665311
0.663278
0.666531
0.667344
0.659618
0.654738
0.653518
0.655958
0.662464
0.663278
0.664904
0.665311
0.663684
0.653924
0.652298
0.652704
0.654331
0.657584
0.659211
0.662058
0.662464
0.665311
0.659211
0.653924
0.652704
0.651484
0.662871
0.670598
0.665718
0.666124
0.665311
0.660838
0.660024
0.652704
0.649858
0.653111
0.662871
0.668971
0.668564
0.668158
0.666531
0.665718
0.653518
0.652298
0.651891
0.651891
0.661244
0.664091
0.663684
0.666124
0.666124
0.664091
0.658804
0.657991
0.657178
0.664091
0.667344
0.668564
0.663684
0.662871
0.662871
0.655958
0.653518
0.651484
0.657991
0.666531
0.666124
0.666124
0.666124
0.665718
0.662871
0.654331
0.651078
0.651078
0.657991
0.661244
0.661651
0.660838
0.662058
0.659618
0.655958
0.654331
0.653924
0.654738
0.660838
0.664498
0.666531
0.668971
0.668564
0.663278
0.661244
0.653518
0.651891
0.657584
0.660024
0.666124
0.663684
0.662871
0.662871
0.661244
0.654331
0.652704
0.654738
0.655958
0.663684
0.668564
0.666124
0.668158
0.665311
0.662871
0.654738
0.655958
0.661651
0.666938
0.664904
0.668971
0.668158
0.666938
0.663278
0.654738
0.651891
0.652298
0.654331
0.663278
0.664904
0.663684
0.664091
0.665311
0.663684
0.657584
0.654738
0.653111
0.658398
0.661651
0.663684
0.665718
0.666124
0.661244
0.659618
0.648231
0.650671
0.654738
0.657178
0.664904
0.667344
0.664498
0.667344
0.665311
0.662464
0.655958
0.653518
0.657584
0.665311
0.663278
0.669378
0.673038
0.666531
0.665311
0.661651
0.655144
0.650671
0.654331
0.657584
0.662871
0.666124
0.666124
0.665311
0.662058
0.662464
0.657991
0.658398
0.657178
0.662871
0.664904
0.662871
0.662464
0.659618
0.662871
0.660431
0.656364
0.658804
0.662871
0.665311
0.663684
0.669784
0.665311
0.659211
0.661651
0.662058
0.656364
0.657991
0.657178
0.659211
0.664091
0.665311
0.656364
0.655551
0.664904
0.663684
0.663278
0.662058
0.658398
0.659211
0.661651
0.662464
0.661244
0.661244
0.662058
0.658398
0.662871
0.659211
0.659211
0.663684
0.664498
0.665718
0.658804
0.657584
0.659618
0.657584
0.658398
0.660838
0.660431
0.662871
0.662871
0.661244
0.663684
0.661651
0.659211
0.660431
0.657991
0.659211
0.662871
0.661244
0.662058
0.666531
0.657178
0.654331
0.659618
0.659618
0.660024
0.662464
0.665311
0.666531
0.660838
0.655551
0.661244
0.664904
0.660024
0.661244
0.660024
0.660838
0.662464
0.662058
0.660431
0.664091
0.660431
0.661651
0.659618
0.657991
0.659618
0.662871
0.661651
0.660431
0.659211
0.659618
0.663684
0.664091
0.663278
0.664498
0.665311
0.666938
0.666938
0.667344
0.660838
0.666531
0.663278
0.662871
0.664904
0.665718
0.665311
0.666938
0.666531
0.661244
0.655144
0.657584
0.661651
0.657584
0.664091
0.663278
0.661651
0.665718
0.663684
0.660431
0.659211
0.662871
0.664904
0.663278
0.663278
0.664904
0.665718
0.663278
0.658804
0.655551
0.661651
0.659618
0.666531
0.663278
0.664498
0.667344
0.662871
0.660838
0.660024
0.657584
0.658804
0.660838
0.661651
0.664498
0.666531
0.665718
0.657991
0.661244
0.662464
0.665718
0.666531
0.666531
0.666124
0.664498
0.663278
0.664091
0.667344
0.660838
0.655144
0.657178
0.662464
0.664091
0.665718
0.666124
0.667751
0.661651
0.660838
0.656771
0.657991
0.658804
0.662058
0.664498
0.665311
0.666124
0.664498
0.664904
0.662058
0.662871
0.662871
0.662871
0.664904
0.666124
0.666531
0.665718
0.666531
0.662464
0.657584
0.656771
0.660838
0.664498
0.662464
0.664498
0.666124
0.664091
0.664498
0.663278
0.661651
0.667751
0.662058
0.662464
0.661244
0.664498
0.668158
0.666938
0.666124
0.664498
0.660431
0.661244
0.663278
0.662871
0.663278
0.663684
0.667751
0.667751
0.662058
0.657584
0.653518
0.662464
0.665718
0.664904
0.664091
0.660838
0.655958
0.652298
0.655958
0.657584
0.661651
0.660838
0.662871
0.662058
0.661244
0.661651
0.661244
0.660024
0.656364
0.655958
0.655551
0.662871
0.661651
0.663278
0.665311
0.666531
0.661651
0.661651
0.657178
0.658398
0.662464
0.660838
0.664091
0.663684
0.663684
0.666124
0.663684
0.655144
0.655551
0.657584
0.662871
0.666938
0.665311
0.666124
0.668564
0.663278
0.653111
0.655958
0.649451
0.656771
0.663684
0.663278
0.662464
0.663278
0.660024
0.655958
0.656771
0.657178
0.663278
0.665311
0.664904
0.666124
0.664091
0.664498
0.669784
0.660431
0.656364
0.654331
0.659618
0.660431
0.664904
0.662058
0.660431
0.660431
0.660024
0.660024
0.657991
0.658398
0.658804
0.662058
0.664904
0.659618
0.658804
0.656364
0.659618
0.653518
0.656364
0.656364
0.668564
0.665311
0.666531
0.662871
0.665311
0.666124
0.657178
0.653111
0.653924
0.661244
0.669378
0.665311
0.666531
0.664498
0.660024
0.658804
0.658398
0.655958
0.657991
0.664904
0.664091
0.666124
0.664904
0.665311
0.663278
0.659211
0.656771
0.653518
0.654331
0.666938
0.664498
0.664091
0.664904
0.668971
0.662464
0.658804
0.653518
0.655144
0.663684
0.667344
0.666531
0.666531
0.664091
0.662464
0.657584
0.650671
0.652298
0.651891
0.664091
0.660431
0.662058
0.660838
0.664904
0.659211
0.653518
0.649451
0.649858
0.656771
0.662464
0.662058
0.662464
0.657991
0.661651
0.658398
0.654738
0.655144
0.656771
0.660838
0.660838
0.664498
0.665311
0.664498
0.666124
0.663684
0.657991
0.657584
0.657584
0.661244
0.659211
0.660838
0.662058
0.661244
0.663278
0.653924
0.652704
0.647011
0.656771
0.666124
0.663278
0.664091
0.666531
0.660431
0.656771
0.653924
0.653111
0.652704
0.660838
0.666531
0.660838
0.662871
0.662058
0.660024
0.651891
0.649044
0.653518
0.656364
0.666938
0.665311
0.662464
0.662871
0.665311
0.661651
0.660024
0.660838
0.660024
0.662058
0.664091
0.664498
0.662464
0.662058
0.664091
0.657584
0.653924
0.651078
0.651891
0.663278
0.665311
0.662464
0.662871
0.662058
0.665718
0.659211
0.658398
0.657991
0.656364
0.666938
0.668564
0.666124
0.660431
0.661651
0.662871
0.648638
0.647011
0.650671
0.656364
0.662871
0.663278
0.655958
0.659211
0.660431
0.658804
0.655551
0.653111
0.657178
0.654738
0.668971
0.666938
0.664498
0.664091
0.660838
0.661244
0.661244
0.659618
0.660838
0.660431
0.660024
0.662058
0.664904
0.659211
0.658804
0.658398
0.661244
0.660431
0.659211
0.660431
0.666531
0.664904
0.662058
0.658804
0.658804
0.656364
0.653924
0.656364
0.667344
0.664904
0.665311
0.664904
0.664498
0.659211
0.653518
0.653924
0.661651
0.666531
0.664904
0.667344
0.661651
0.661651
0.660838
0.656364
0.651078
0.651078
0.661244
0.659211
0.662464
0.667344
0.664091
0.657584
0.659211
0.660024
0.660024
0.658398
0.662058
0.667344
0.667344
0.665311
0.661244
0.662871
0.660024
0.653518
0.651484
0.655551
0.655144
0.658398
0.670598
0.668971
0.669784
0.661651
0.662464
0.655144
0.651891
0.661651
0.662464
0.665311
0.668971
0.670191
0.670191
0.664904
0.653518
0.652298
0.648638
0.659618
0.657584
0.658804
0.663684
0.667751
0.666124
0.654331
0.652704
0.650671
0.661651
0.666938
0.667751
0.672224
0.666124
0.660024
0.655958
0.653518
0.655958
0.657584
0.660838
0.661244
0.664498
0.664498
0.662464
0.660024
0.657584
0.653111
0.652298
0.652704
0.661244
0.668158
0.665718
0.665718
0.662871
0.660024
0.655144
0.650671
0.652298
0.666531
0.669378
0.668564
0.667344
0.666938
0.667344
0.664904
0.659618
0.655958
0.652298
0.659618
0.668564
0.670598
0.666938
0.664498
0.668564
0.657584
0.654331
0.651484
0.655144
0.662871
0.661651
0.662464
0.663684
0.660838
0.655551
0.654331
0.653924
0.655551
0.661651
0.662871
0.665311
0.664498
0.662871
0.662871
0.656771
0.649858
0.651891
0.655144
0.664091
0.660431
0.663684
0.664904
0.663684
0.661244
0.655551
0.653111
0.652298
0.657178
0.664498
0.667751
0.663684
0.662464
0.658398
0.656364
0.652298
0.657991
0.653518
0.656771
0.659618
0.660838
0.662464
0.659211
0.665718
0.658804
0.653518
0.654331
0.656771
0.661651
0.667344
0.665718
0.663684
0.661244
0.665311
0.662464
0.662871
0.657991
0.657178
0.660838
0.661651
0.664091
0.662058
0.663684
0.658804
0.651078
0.648231
0.650264
0.657991
0.664498
0.664091
0.660838
0.664091
0.660431
0.655958
0.657584
0.660431
0.661651
0.668564
0.664904
0.666531
0.662871
0.666531
0.662871
0.654331
0.655144
0.654738
0.660024
0.662464
0.660838
0.662464
0.660431
0.663684
0.654331
0.655144
0.652704
0.655958
0.662871
0.665311
0.657991
0.656364
0.657991
0.660431
0.654738
0.653111
0.652704
0.655958
0.657178
0.666938
0.665718
0.660838
0.661651
0.660431
0.655958
0.652704
0.654331
0.661651
0.666124
0.663278
0.661244
0.659618
0.664091
0.662058
0.651891
0.650671
0.648638
0.659618
0.665718
0.667344
0.660024
0.654738
0.657584
0.663278
0.661651
0.655144
0.657991
0.659211
0.664498
0.663684
0.660838
0.658804
0.659618
0.656364
0.662058
0.660431
0.664498
0.660024
0.663278
0.666938
0.665718
0.664498
0.659618
0.656364
0.660431
0.665311
0.664091
0.664904
0.666124
0.669378
0.664091
0.660024
0.657991
0.658804
0.660024
0.664904
0.668158
0.664091
0.664498
0.660024
0.658804
0.661244
0.658398
0.659211
0.664498
0.668564
0.671818
0.674258
0.671004
0.668158
0.668158
0.662464
0.657991
0.657991
0.661244
0.669784
0.666531
0.668158
0.667751
0.662464
0.655144
0.648231
0.652704
0.660431
0.665718
0.666531
0.666531
0.662058
0.656771
0.658398
0.657991
0.654738
0.654331
0.664091
0.665718
0.667344
0.668158
0.664498
0.662058
0.658804
0.656771
0.651484
0.655958
0.657991
0.663278
0.668971
0.667344
0.667344
0.664091
0.660431
0.654738
0.652704
0.662871
0.664091
0.671411
0.666124
0.662058
0.663278
0.662058
0.657178
0.662871
0.659618
0.661651
0.666938
0.667344
0.666531
0.663278
0.662464
0.659211
0.653111
0.649858
0.653518
0.657584
0.666531
0.666938
0.667344
0.665311
0.658398
0.656771
0.652298
0.649858
0.654738
0.655144
0.667751
0.663278
0.661651
0.661651
0.655958
0.650264
0.652298
0.657584
0.663684
0.664091
0.665311
0.663278
0.662464
0.660838
0.657584
0.652704
0.651891
0.659211
0.659618
0.669784
0.664091
0.666938
0.660838
0.661651
0.660024
0.658804
0.652704
0.658398
0.659211
0.660024
0.663684
0.665718
0.664904
0.660431
0.656364
0.656364
0.658804
0.664498
0.663278
0.662871
0.667751
0.663278
0.658804
0.660431
0.662464
0.658804
0.662871
0.664904
0.663278
0.660431
0.662058
0.657991
0.660024
0.655144
0.657991
0.658398
0.660838
0.661651
0.663278
0.664498
0.667751
0.666124
0.662058
0.659618
0.659618
0.661244
0.666938
0.666938
0.665311
0.669784
0.669378
0.659618
0.655551
0.655958
0.654331
0.660838
0.665311
0.668564
0.669378
0.668971
0.668971
0.658398
0.653924
0.654738
0.660024
0.670191
0.669378
0.670191
0.670598
0.667344
0.662871
0.657178
0.652704
0.651891
0.655551
0.662464
0.665718
0.664904
0.668158
0.664498
0.659211
0.653924
0.651078
0.648638
0.662464
0.664904
0.671411
0.666531
0.668158
0.665311
0.653518
0.651891
0.647824
0.652704
0.666531
0.675885
0.675478
0.668158
0.664498
0.658804
0.656771
0.657584
0.660838
0.660838
0.663684
0.662464
0.660431
0.660024
0.657584
0.660838
0.652704
0.652298
0.655958
0.660431
0.663278
0.667751
0.666938
0.664498
0.659211
0.656771
0.649858
0.655958
0.661651
0.662871
0.669784
0.665718
0.663278
0.661244
0.656364
0.660024
0.653111
0.653111
0.654738
0.658804
0.661651
0.659618
0.660431
0.667344
0.656771
0.653111
0.651078
0.653111
0.663684
0.670191
0.661651
0.662871
0.660431
0.660024
0.653924
0.654331
0.652298
0.660024
0.664091
0.665311
0.664498
0.664904
0.662058
0.657991
0.651078
0.651891
0.655551
0.662058
0.666124
0.666938
0.671004
0.667751
0.662058
0.658804
0.655551
0.654331
0.654738
0.658398
0.664498
0.662058
0.658398
0.660838
0.661651
0.652298
0.652704
0.653518
0.657991
0.665718
0.664904
0.660838
0.666938
0.660838
0.649451
0.653111
0.654738
0.659618
0.668158
0.667751
0.664498
0.667344
0.662464
0.662871
0.663684
0.655144
0.655958
0.656364
0.663684
0.659211
0.661244
0.661244
0.662058
0.655958
0.654738
0.653518
0.658398
0.660431
0.659211
0.666531
0.660024
0.662058
0.655144
0.654738
0.651484
0.650671
0.660024
0.664091
0.668971
0.664091
0.666531
0.664498
0.657584
0.657584
0.657178
0.658398
0.663278
0.662058
0.659618
0.658398
0.659618
0.660838
0.658804
0.648231
0.655551
0.658398
0.659618
0.666531
0.663278
0.659618
0.655551
0.653518
0.659618
0.659211
0.655551
0.657584
0.659618
0.664498
0.666124
0.665311
0.666938
0.659211
0.653111
0.655551
0.657584
0.660838
0.658804
0.660838
0.665311
0.665311
0.664904
0.662058
0.659211
0.656771
0.662871
0.666124
0.663278
0.662058
0.668564
0.664091
0.662464
0.654738
0.657584
0.660431
0.665311
0.665311
0.664091
0.667344
0.669378
0.665311
0.660431
0.655958
0.654331
0.656364
0.660024
0.661244
0.662058
0.666938
0.669378
0.664091
0.660838
0.660024
0.660024
0.660431
0.665718
0.665718
0.662464
0.664904
0.666124
0.661244
0.657178
0.653518
0.651078
0.662871
0.663684
0.672631
0.671818
0.666124
0.665718
0.660431
0.652298
0.649451
0.664498
0.667344
0.667344
0.667751
0.673038
0.668564
0.662058
0.655958
0.653924
0.655958
0.655551
0.659211
0.666124
0.668158
0.672631
0.671004
0.664091
0.653518
0.651891
0.655551
0.662464
0.666938
0.670191
0.669378
0.662871
0.660431
0.651891
0.651484
0.655144
0.655551
0.662871
0.668971
0.668971
0.668158
0.670598
0.657584
0.650264
0.649858
0.647418
0.656771
0.665311
0.663684
0.664091
0.663278
0.656771
0.653924
0.647418
0.649044
0.658804
0.664498
0.666531
0.671411
0.674664
0.664498
0.655551
0.648231
0.647011
0.647418
0.655144
0.657991
0.667344
0.672224
0.671818
0.667344
0.658398
0.652298
0.652704
0.651891
0.661244
0.664904
0.668158
0.664498
0.659618
0.658398
0.652704
0.653111
0.651891
0.656364
0.661244
0.666531
0.671411
0.671411
0.666938
0.657584
0.651484
0.649858
0.645791
0.655551
0.658398
0.668564
0.668564
0.666531
0.664498
0.649044
0.643758
0.644571
0.653518
0.663684
0.667751
0.673444
0.671411
0.669378
0.667751
0.653111
0.649044
0.650671
0.662058
0.671004
0.671004
0.673444
0.672631
0.668564
0.661651
0.653111
0.650264
0.651078
0.662464
0.667751
0.673851
0.672224
0.668564
0.664904
0.656771
0.653111
0.657584
0.664904
0.665311
0.670191
0.673038
0.671818
0.666938
0.661244
0.651891
0.651078
0.657584
0.661651
0.665718
0.675071
0.672224
0.669784
0.667344
0.661651
0.651484
0.650264
0.654331
0.664904
0.665311
0.666531
0.670598
0.667751
0.667344
0.656771
0.653924
0.653111
0.658804
0.663278
0.666938
0.667751
0.669784
0.665311
0.655144
0.649858
0.649451
0.654738
0.660431
0.669378
0.669378
0.669784
0.671411
0.669784
0.659211
0.652298
0.649451
0.657584
0.663278
0.665718
0.670598
0.671818
0.670598
0.665311
0.660431
0.655551
0.653518
0.658398
0.658398
0.665718
0.672224
0.669784
0.667344
0.656771
0.653924
0.648231
0.652704
0.658398
0.668158
0.671004
0.671411
0.673444
0.667344
0.657584
0.650264
0.651078
0.657991
0.660838
0.662058
0.665311
0.666938
0.664498
0.656364
0.653924
0.649044
0.652298
0.657584
0.664904
0.668971
0.670598
0.673038
0.670598
0.663684
0.656771
0.654331
0.651078
0.660024
0.660838
0.664498
0.668564
0.664904
0.662871
0.657584
0.650264
0.649858
0.654331
0.663684
0.664904
0.666938
0.667751
0.671818
0.662464
0.657178
0.652704
0.653111
0.664904
