0.554697
0.558357
0.559577
0.558357
0.558357
0.557137
0.562017
0.563237
0.567710
0.572184
0.572997
0.572997
0.572997
0.572590
0.573404
0.574217
0.575437
0.573404
0.566897
0.566490
0.565677
0.565677
0.566490
0.568930
0.569337
0.570150
0.574624
0.572590
0.575437
0.572184
0.566897
0.566084
0.567710
0.568930
0.572590
0.575437
0.573810
0.564864
0.561610
0.560390
0.562017
0.560797
0.563237
0.579504
0.592111
0.597397
0.594551
0.592517
0.559984
0.561610
0.572590
0.579911
0.578284
0.579504
0.579097
0.580724
0.572184
0.561204
0.559170
0.580317
0.581944
0.581131
0.575844
0.577064
0.578284
0.575844
0.578691
0.570557
0.567304
0.573810
0.581537
0.578691
0.579504
0.577877
0.575844
0.579911
0.586011
0.583164
0.575031
0.579097
0.583164
0.584384
0.587637
0.584384
0.577064
0.577877
0.577877
0.578691
0.585604
0.580724
0.582757
0.579504
0.582351
0.582351
0.582757
0.584791
0.584791
0.581944
0.583571
0.586417
0.588044
0.587231
0.581537
0.588044
0.591704
0.590077
0.592111
0.586011
0.588044
0.588857
0.588044
0.588857
0.587637
0.589264
0.590484
0.590077
0.589264
0.592111
0.593331
0.594144
0.591704
0.589671
0.589671
0.589671
0.591704
0.593331
0.592111
0.590484
0.592111
0.594551
0.594144
0.594957
0.596991
0.593737
0.594144
0.594957
0.594957
0.598211
0.597397
0.594957
0.598211
0.597397
0.597397
0.594957
0.593737
0.594144
0.594144
0.594551
0.598211
0.599431
0.599837
0.597804
0.598617
0.599837
0.598211
0.596991
0.596177
0.596177
0.594551
0.599024
0.593737
0.598617
0.597804
0.594957
0.601464
0.601464
0.600244
0.595771
0.596584
0.594957
0.594551
0.596991
0.599431
0.596177
0.594957
0.599837
0.599431
0.599024
0.598211
0.600244
0.601464
0.600651
0.601057
0.602277
0.601871
0.602277
0.597397
0.603091
0.603091
0.603904
0.602277
0.601057
0.601871
0.600244
0.603497
0.600244
0.599837
0.599024
0.599837
0.599837
0.603091
0.602277
0.603091
0.605124
0.605531
0.604717
0.607971
0.605124
0.605937
0.601464
0.604717
0.601057
0.594551
0.598211
0.599024
0.600651
0.592924
0.585197
0.586011
0.584384
0.586417
0.588857
0.590077
0.599024
0.599024
0.604311
0.605124
0.601871
0.606344
0.605531
0.601464
0.605937
0.601057
0.604311
0.601464
0.599837
0.596584
0.593737
0.595364
0.594957
0.598211
0.601464
0.603091
0.606344
0.605937
0.605937
0.602277
0.601464
0.601871
0.605124
0.601871
0.599024
0.602277
0.603497
0.603904
0.605124
0.605937
0.604717
0.604717
0.605937
0.601057
0.603091
0.607564
0.602684
0.602684
0.602277
0.600651
0.601871
0.603091
0.603091
0.601057
0.603904
0.604311
0.601871
0.601057
0.601464
0.600651
0.601871
0.603091
0.604311
0.606344
0.605531
0.603904
0.603904
0.607564
0.606751
0.605937
0.605531
0.604717
0.603904
0.605937
0.607971
0.605937
0.604717
0.604311
0.603904
0.604717
0.606751
0.607564
0.603091
0.597804
0.597397
0.599431
0.603904
0.606751
0.608784
0.608784
0.608784
0.608377
0.608377
0.607157
0.609597
0.608784
0.607564
0.605531
0.605531
0.602277
0.601057
0.601871
0.603904
0.603091
0.602684
0.601057
0.603497
0.609597
0.610817
0.609597
0.609191
0.608784
0.610004
0.610004
0.606344
0.605124
0.606344
0.606344
0.607157
0.607971
0.612444
0.610817
0.608377
0.605937
0.601871
0.606344
0.604717
0.607157
0.608784
0.608784
0.610004
0.609597
0.609597
0.611631
0.612037
0.609191
0.607157
0.603091
0.603091
0.604311
0.604717
0.605937
0.605531
0.610004
0.612444
0.611631
0.608377
0.608784
0.609597
0.610817
0.609191
0.602684
0.604311
0.605937
0.602684
0.604717
0.604717
0.610411
0.610411
0.608784
0.612037
0.610817
0.611631
0.612444
0.612851
0.609191
0.606751
0.602277
0.603091
0.603091
0.604717
0.609191
0.612037
0.613664
0.613664
0.614071
0.614884
0.614071
0.614071
0.614071
0.612444
0.609597
0.609597
0.606751
0.604717
0.604311
0.603091
0.608377
0.607971
0.605124
0.610817
0.614071
0.615291
0.614477
0.612851
0.610817
0.610411
0.607971
0.607157
0.607971
0.602277
0.602684
0.601057
0.603904
0.606751
0.606751
0.607564
0.609191
0.611224
0.612851
0.614071
0.614884
0.609597
0.609597
0.611631
0.611224
0.607971
0.606751
0.607564
0.607564
0.611631
0.607971
0.610004
0.608784
0.609597
0.608784
0.610411
0.612037
0.613257
0.610817
0.610004
0.612037
0.611224
0.609191
0.608784
0.607157
0.611631
0.613257
0.612444
0.612851
0.614071
0.613664
0.612851
0.612037
0.608377
0.608784
0.608377
0.610817
0.610817
0.614071
0.612444
0.611631
0.612851
0.614477
0.613257
0.613257
0.613257
0.612444
0.612444
0.607564
0.610411
0.611224
0.610817
0.608377
0.611224
0.612444
0.614071
0.614884
0.614477
0.614477
0.612037
0.614477
0.613664
0.615291
0.616511
0.616511
0.616104
0.615291
0.616104
0.609597
0.607564
0.609597
0.610004
0.612444
0.614071
0.616104
0.615291
0.615291
0.614477
0.612037
0.610004
0.608784
0.609191
0.612037
0.611224
0.610411
0.608377
0.613257
0.614884
0.616917
0.622204
0.619764
0.621391
0.620984
0.620171
0.621797
0.614477
0.614071
0.611224
0.610411
0.610817
0.613664
0.614884
0.617731
0.620577
0.619357
0.618951
0.616511
0.614071
0.614477
0.615697
0.615697
0.615291
0.615697
0.614477
0.615697
0.619764
0.619764
0.615697
0.615697
0.612851
0.614477
0.611631
0.611631
0.612851
0.614071
0.617731
0.614071
0.617324
0.618951
0.619357
0.618137
0.615697
0.616104
0.616104
0.618544
0.614477
0.616511
0.618137
0.616104
0.616511
0.615697
0.616511
0.613664
0.614884
0.615697
0.618951
0.616511
0.614884
0.613664
0.616511
0.618137
0.618137
0.612037
0.617324
0.614071
0.616511
0.614884
0.620171
0.620171
0.618951
0.619357
0.619357
0.619764
0.619357
0.620577
0.620171
0.616511
0.620171
0.618137
0.617324
0.619357
0.617731
0.618544
0.618544
0.615291
0.615697
0.613664
0.618137
0.620171
0.621391
0.620577
0.621797
0.622204
0.618137
0.615697
0.616917
0.617731
0.619357
0.618951
0.617324
0.626271
0.625051
0.621797
0.621391
0.627084
0.617324
0.621391
0.620171
0.619764
0.619764
0.620577
0.619357
0.619357
0.619764
0.622611
0.619357
0.615697
0.614884
0.613664
0.613664
0.618137
0.623831
0.623831
0.622204
0.622204
0.624237
0.621391
0.615697
0.616917
0.615697
0.614071
0.617731
0.616104
0.617731
0.622611
0.620984
0.618951
0.621797
0.616104
0.619764
0.617324
0.618137
0.621391
0.620171
0.620577
0.620171
0.622204
0.618137
0.618951
0.615697
0.616511
0.617731
0.616104
0.621391
0.621797
0.613664
0.618544
0.623831
0.617731
0.618951
0.620577
0.619357
0.620171
0.621391
0.625458
0.623831
0.623017
0.622204
0.621797
0.621797
0.621391
0.616917
0.623831
0.624644
0.623017
0.622204
0.623424
0.619357
0.622204
0.623424
0.625051
0.623017
0.623831
0.624237
0.623424
0.624644
0.620577
0.627491
0.621797
0.623831
0.620577
0.617731
0.624644
0.620577
0.618951
0.620171
0.619764
0.622204
0.621797
0.619357
0.622611
0.620577
0.621391
0.620984
0.623017
0.624237
0.619764
0.625458
0.624644
0.625051
0.623017
0.626678
0.628711
0.628711
0.627491
0.624237
0.627084
0.625458
0.620171
0.623831
0.622204
0.620171
0.619357
0.622204
0.624644
0.623424
0.626271
0.629118
0.629931
0.627084
0.624237
0.620984
0.625864
0.625864
0.626678
0.622204
0.621797
0.629118
0.625864
0.623831
0.625458
0.622611
0.620171
0.623424
0.623017
0.626678
0.626271
0.622611
0.626678
0.619357
0.617731
0.618544
0.619357
0.620984
0.621797
0.621391
0.620577
0.620577
0.621391
0.622204
0.626678
0.625051
0.623017
0.630744
0.626271
0.625864
0.623424
0.620577
0.622204
0.628711
0.629118
0.627898
0.629118
0.631151
0.627898
0.629931
0.629524
0.630338
0.623017
0.629524
0.625864
0.622204
0.619764
0.618544
0.617731
0.612851
0.616917
0.615291
0.614071
0.618544
0.626271
0.628304
0.625458
0.624644
0.627491
0.628711
0.625051
0.622204
0.622204
0.623831
0.620984
0.622204
0.616511
0.619357
0.620171
0.624237
0.627491
0.628711
0.629931
0.632371
0.628711
0.627491
0.627491
0.623831
0.627491
0.631964
0.631964
0.633184
0.635624
0.635624
0.633998
0.632371
0.630338
0.631964
0.626271
0.626678
0.629931
0.631151
0.633591
0.633591
0.631151
0.625458
0.624237
0.628711
0.628304
0.629524
0.623424
0.618137
0.621797
0.626678
0.626678
0.627084
0.628711
0.630744
0.630744
0.625864
0.626678
0.631964
0.633591
0.627898
0.624644
0.633184
0.634811
0.626271
0.629118
0.629118
0.630744
0.629524
0.627084
0.628304
0.625051
0.633998
0.633184
0.632778
0.629931
0.631964
0.629118
0.629931
0.632778
0.631558
0.631558
0.634404
0.633998
0.636438
0.637658
0.631558
0.638471
0.629118
0.627898
0.629118
0.636844
0.637251
0.638064
0.634811
0.638878
0.639691
0.636031
0.641724
0.634404
0.619357
0.636031
0.636438
0.629118
0.627491
0.628711
0.629118
0.628304
0.627491
0.627491
0.625051
0.625864
0.626678
0.627898
0.632778
0.632778
0.632371
0.630338
0.629524
0.629524
0.627898
0.629524
0.629524
0.627084
0.627898
0.625864
0.627898
0.633184
0.636031
0.637251
0.636031
0.631558
0.629118
0.630744
0.631558
0.631964
0.634404
0.634404
0.635218
0.636438
0.636031
0.633591
0.632371
0.629931
0.632371
0.632371
0.633184
0.634811
0.634811
0.633184
0.637251
0.632371
0.631964
0.633591
0.635624
0.636438
0.633184
0.629524
0.633184
0.633591
0.630744
0.630338
0.629118
0.632778
0.632371
0.636844
0.640098
0.631558
0.636844
0.633184
0.633184
0.632778
0.635218
0.638064
0.636844
0.638878
0.635624
0.629931
0.633998
0.632778
0.634404
0.635218
0.640504
0.642538
0.636438
0.635624
0.628304
0.634811
0.633591
0.634811
0.627898
0.626678
0.625051
0.623424
0.628711
0.627084
0.626271
0.626678
0.629931
0.633591
0.635218
0.634811
0.637658
0.638471
0.635218
0.636844
0.636031
0.634404
0.633998
0.635624
0.633998
0.633591
0.638878
0.642131
0.639284
0.641724
0.640098
0.637658
0.633591
0.635218
0.632778
0.629931
0.636844
0.637658
0.639284
0.637658
0.642944
0.642538
0.636844
0.634811
0.633998
0.638471
0.642944
0.638064
0.639691
0.642131
0.644571
0.643758
0.640911
0.640504
0.643351
0.640911
0.640098
0.640098
0.642538
0.640504
0.640911
0.642944
0.639691
0.640911
0.637251
0.646604
0.644571
0.632371
0.642538
0.640504
0.633591
0.629524
0.636438
0.636438
0.637658
0.636031
0.633591
0.639691
0.640504
0.641724
0.639284
0.640504
0.638878
0.638064
0.639691
0.639284
0.642538
0.642538
0.644571
0.647418
0.649451
0.649858
0.640098
0.635624
0.636438
0.636438
0.636438
0.639284
0.637658
0.639284
0.639284
0.638064
0.639691
0.642944
0.642538
0.644571
0.645791
0.643758
0.642131
0.638878
0.637658
0.641724
0.638064
0.644571
0.640504
0.640504
0.643758
0.639691
0.633591
0.632371
0.640098
0.641724
0.638064
0.642131
0.645384
0.645384
0.644164
0.642538
0.642944
0.640098
0.638878
0.639284
0.642944
0.646604
0.644164
0.644164
0.644571
0.648638
0.640911
0.639284
0.640098
0.642944
0.642944
0.642131
0.642131
0.653924
0.646604
0.647824
0.647824
0.649858
0.648638
0.649451
0.649858
0.646198
0.644978
0.644978
0.642538
0.643758
0.631558
0.627491
0.625458
0.632371
0.640911
0.636438
0.641318
0.641724
0.644571
0.642944
0.638878
0.640504
0.637658
0.638064
0.637251
0.636031
0.637251
0.639284
0.643351
0.641724
0.645791
0.643758
0.643351
0.647824
0.644571
0.639691
0.638878
0.639691
0.641724
0.638064
0.642131
0.644571
0.638878
0.641318
0.638878
0.637251
0.636438
0.638878
0.637251
0.632371
0.630338
0.633184
0.639284
0.641724
0.642131
0.641318
0.642538
0.645384
0.643351
0.642131
0.645791
0.645791
0.647418
0.643351
0.644571
0.644978
0.644164
0.644164
0.643351
0.643758
0.645384
0.647824
0.640911
0.642131
0.647011
0.644164
0.647011
0.643351
0.640504
0.641724
0.641318
0.635624
0.632778
0.643351
0.636844
0.628304
0.632778
0.630744
0.630338
0.641318
0.640911
0.644164
0.645384
0.647011
0.644571
0.639284
0.645384
0.644164
0.643758
0.643758
0.642538
0.642538
0.645791
0.645384
0.644571
0.648638
0.647011
0.645384
0.644164
0.645384
0.644571
0.645791
0.646198
0.642944
0.646198
0.644164
0.643758
0.644571
0.648638
0.649451
0.648231
0.645384
0.642538
0.648231
0.648638
0.646604
0.653111
0.649858
0.647418
0.648638
0.651484
0.653518
0.651891
0.651484
0.645384
0.643351
0.645384
0.650264
0.649044
0.648638
0.650264
0.649451
0.647418
0.648638
0.640504
0.649044
0.653518
0.651484
0.640911
0.647418
0.635624
0.644571
0.654331
0.647011
0.641318
0.641724
0.644164
0.647418
0.649858
0.649858
0.649451
0.647824
0.651891
0.657178
0.651891
0.653518
0.653111
0.647418
0.643758
0.649451
0.643351
0.635218
0.647824
0.640098
0.641318
0.644571
0.647418
0.645791
0.644164
0.648638
0.642944
0.641724
0.638471
0.644978
0.648231
0.649858
0.647418
0.649451
0.653518
0.653924
0.651891
0.656364
0.653518
0.655551
0.650671
0.649044
0.635218
0.642538
0.638878
0.634811
0.633184
0.642944
0.642131
0.647418
0.656771
0.648231
0.649044
0.650671
0.651484
0.658398
0.653924
0.648231
0.650264
0.649044
0.648231
0.644571
0.651891
0.653111
0.636438
0.658398
0.651484
0.650671
0.651484
0.658804
0.651484
0.651484
0.650671
0.646604
0.642944
0.652298
0.647011
0.647011
0.650671
0.650671
0.650671
0.647418
0.650264
0.642131
0.643351
0.647011
0.639691
0.642538
0.639284
0.643351
0.641318
0.641724
0.640098
0.650264
0.648638
0.651891
0.649858
0.649858
0.650264
0.649044
0.649044
0.649451
0.646604
0.650264
0.652704
0.653518
0.650671
0.642944
0.641724
0.651078
0.653924
0.649858
0.645384
0.644571
0.642131
0.641724
0.640911
0.641724
0.646198
0.647418
0.643758
0.648638
0.647011
0.648638
0.647011
0.647418
0.645384
0.649451
0.645791
0.646604
0.641318
0.637658
0.638878
0.641318
0.640911
0.636031
0.642131
0.633591
0.644164
0.642538
0.640911
0.644571
0.653924
0.652704
0.651078
0.645791
0.644571
0.648638
0.644164
0.648231
0.643758
0.648638
0.647418
0.644978
0.647418
0.646198
0.647011
0.653111
0.649858
0.649858
0.649044
0.646198
0.642538
0.638471
0.639691
0.643758
0.644978
0.642944
0.645791
0.645384
0.639691
0.642538
0.651484
0.647824
0.643758
0.647418
0.650671
0.647011
0.647011
0.652298
0.652298
0.650671
0.651484
0.650671
0.651078
0.649451
0.653111
0.645791
0.651078
0.642538
0.644978
0.650264
0.644978
0.647418
0.645791
0.644164
0.646604
0.649451
0.646604
0.649451
0.653111
0.651484
0.644571
0.638471
0.632778
0.633998
0.630744
0.627898
0.623424
0.625864
0.629524
0.636844
0.640098
0.645791
0.640098
0.633591
0.644978
0.646198
0.644571
0.647824
0.639284
0.637658
0.637251
0.642538
0.638064
0.638064
0.640504
0.640504
0.641318
0.643351
0.643758
0.645791
0.648638
0.644571
0.642538
0.640504
0.649451
0.641724
0.648231
0.642131
0.650671
0.643758
0.644571
0.645384
0.646604
0.647824
0.647418
0.647418
0.646198
0.643351
0.643351
0.649044
0.645791
0.643351
0.644164
0.649044
0.648231
0.645384
0.647824
0.649451
0.652704
0.650264
0.647418
0.648231
0.654331
0.651078
0.653924
0.655958
0.648638
0.654738
0.642538
0.640911
0.649451
0.636844
0.629931
0.649044
0.640911
0.636844
0.635624
0.633184
0.637658
0.639284
0.639691
0.636844
0.640098
0.641724
0.644571
0.643758
0.639284
0.641318
0.634404
0.635218
0.636844
0.637658
0.634404
0.632371
0.634404
0.637251
0.641724
0.646198
0.642538
0.647011
0.647011
0.641724
0.642131
0.640504
0.641724
0.646198
0.644164
0.644164
0.647824
0.649451
0.638064
0.638064
0.639691
0.647824
0.644978
0.642538
0.647824
0.647011
0.646604
0.644164
0.643758
0.646198
0.650264
0.649044
0.648638
0.651078
0.649451
0.653518
0.643351
0.649451
0.650264
0.647418
0.647824
0.639284
0.641318
0.640504
0.640911
0.646198
0.643758
0.639284
0.645791
0.650264
0.647824
0.650671
0.643351
0.641724
0.640504
0.641318
0.641318
0.648638
0.650671
0.652704
0.652704
0.653111
0.650264
0.655144
0.647011
0.645384
0.646604
0.645384
0.651078
0.653924
0.652298
0.652298
0.649858
0.650671
0.648638
0.644164
0.646198
0.649451
0.652704
0.653518
0.654738
0.652704
0.653111
0.654331
0.655958
0.649858
0.654738
0.656771
0.656771
0.654738
0.652704
0.652298
0.650671
0.653111
0.648638
0.646604
0.646604
0.655958
0.653924
0.649044
0.646198
0.647418
0.649451
0.646198
0.649451
0.646604
0.648638
0.648231
0.649044
0.648638
0.653111
0.655958
0.655144
0.653924
0.648638
0.657178
0.657178
0.651484
0.654331
0.651484
0.645791
0.647824
0.642944
0.639691
0.640098
0.638064
0.641724
0.639691
0.642538
0.642131
0.645384
0.649858
0.646604
0.649044
0.649858
0.653111
0.655551
0.655958
0.653111
0.646604
0.647418
0.648638
0.647824
0.653111
0.655144
0.651484
0.651078
0.651891
0.651484
0.647011
0.645791
0.646604
0.649044
0.656364
0.653924
0.650671
0.656364
0.647418
0.649044
0.655551
0.653111
0.653111
0.640911
0.649044
0.647011
0.642538
0.636844
0.633591
0.633591
0.630338
0.638878
0.640504
0.640098
0.639691
0.647824
0.650671
0.651078
0.653924
0.654738
0.653111
0.651484
0.654738
0.653924
0.653518
0.652298
0.642944
0.655551
0.650264
0.643758
0.650264
0.655958
0.648231
0.646198
0.647011
0.647011
0.648638
0.649858
0.651891
0.651891
0.645791
0.647824
0.651891
0.652704
0.651484
0.650671
0.651078
0.651891
0.652298
0.651078
0.653518
0.654331
0.655144
0.657991
0.651891
0.656364
0.651078
0.650264
0.647824
0.649451
0.647824
0.647824
0.644571
0.644571
0.645791
0.648638
0.649044
0.648638
0.647824
0.649044
0.648231
0.652298
0.657178
0.656364
0.654738
0.654331
0.653518
0.655958
0.656364
0.651078
0.653111
0.654738
0.653111
0.650264
0.649451
0.651078
0.650671
0.652704
0.649044
0.644978
0.650264
0.651078
0.653924
0.652704
0.653111
0.654331
0.649858
0.649858
0.649858
0.652704
0.654331
0.653518
0.652298
0.653518
0.652704
0.653111
0.651891
0.649858
0.643351
0.652704
0.651484
0.646198
0.632371
0.645384
0.637251
0.642538
0.653924
0.647011
0.642131
0.649858
0.650671
0.651891
0.646604
0.645384
0.646198
0.646604
0.649451
0.653111
0.646604
0.649451
0.647824
0.647824
0.648231
0.655551
0.653518
0.642538
0.651484
0.645384
0.644164
0.646198
0.645791
0.646604
0.646198
0.646198
0.649858
0.649858
0.652298
0.647824
0.648638
0.647824
0.646604
0.646198
0.647011
0.647824
0.644164
0.647418
0.649044
0.649858
0.650264
0.655144
0.656364
0.651484
0.649451
0.647011
0.655551
0.656771
0.658398
0.657584
0.655958
0.654738
0.657991
0.655958
0.651484
0.654331
0.650264
0.648231
0.647418
0.646198
0.651484
0.650671
0.650264
0.653924
0.651484
0.651078
0.649858
0.648638
0.651078
0.652704
0.657584
0.657991
0.658398
0.658398
0.657584
0.658804
0.653924
0.650264
0.651891
0.659211
0.654738
0.658398
0.655958
0.658804
0.656771
0.651484
0.647011
0.648231
0.644571
0.653924
0.655551
0.656771
0.653111
0.654738
0.653111
0.650264
0.649451
0.651078
0.651078
0.654331
0.655551
0.656364
0.656771
0.657584
0.649858
0.643758
0.644978
0.645791
0.655144
0.649044
0.652298
0.653518
0.646604
0.646198
0.644164
0.647824
0.643758
0.643351
0.643351
0.645791
0.648638
0.649044
0.651891
0.649451
0.647824
0.652704
0.658398
0.655958
0.655144
0.654331
0.657178
0.653518
0.651078
0.650671
0.649044
0.649451
0.651078
0.649044
0.651891
0.647418
0.645384
0.646198
0.649858
0.652704
0.648231
0.647011
0.648231
0.647824
0.646198
0.648638
0.657178
0.655551
0.655551
0.641318
0.644978
0.655144
0.653111
0.652298
0.654738
0.651484
0.649451
0.647011
0.647824
0.651484
0.651484
0.653924
0.649858
0.652298
0.651484
0.650671
0.649451
0.650264
0.649044
0.652298
0.653111
0.651891
0.648638
0.644978
0.642131
0.644571
0.649451
0.651891
0.647418
0.653518
0.649451
0.644978
0.653518
0.653111
0.648231
0.647824
0.649044
0.648638
0.649044
0.654738
0.649858
0.653111
0.653111
0.654331
0.657584
0.656364
0.656364
0.653924
0.647418
0.655144
0.655958
0.645791
0.653518
0.652298
0.647418
0.647011
0.646198
0.647418
0.650671
0.651484
0.653924
0.660838
0.658804
0.656771
0.655958
0.654738
0.651484
0.653111
0.655958
0.653518
0.656771
0.653924
0.653111
0.644164
0.643758
0.644978
0.641724
0.644978
0.645384
0.649858
0.651484
0.655551
0.648231
0.649451
0.649451
0.645791
0.651078
0.653518
0.648638
0.651891
0.649451
0.655144
0.652298
0.652298
0.653518
0.649044
0.644978
0.653111
0.651891
0.650671
0.649451
0.648638
0.652704
0.650671
0.654331
0.643758
0.643351
0.652298
0.650671
0.651484
0.639691
0.641318
0.654738
0.650671
0.651484
0.641318
0.652298
0.654738
0.653924
0.652298
0.645384
0.650671
0.655958
0.649858
0.649044
0.647418
0.646198
0.651891
0.649858
0.652298
0.645791
0.644571
0.647824
0.646604
0.652704
0.657178
0.657178
0.651078
0.645384
0.658398
0.644164
0.646198
0.657584
0.636031
0.639691
0.649451
0.645384
0.644571
0.642538
0.643351
0.649451
0.639691
0.644978
0.638471
0.642944
0.647418
0.643758
0.639284
0.639284
0.638878
0.641318
0.636031
0.637658
0.640098
0.645384
0.647418
0.644571
0.642131
0.648231
0.650264
0.653518
0.652704
0.655144
0.653111
0.650671
0.651078
0.655144
0.650671
0.650671
0.651891
0.652298
0.654331
0.650671
0.651891
0.650671
0.647824
0.648231
0.644164
0.644571
0.644571
0.647418
0.647824
0.648231
0.649451
0.649044
0.654738
0.649044
0.653924
0.655144
0.654331
0.653924
0.647824
0.652298
0.652298
0.651078
0.652298
0.656364
0.653924
0.654738
0.653518
0.655958
0.655958
0.653111
0.650264
0.648638
0.649858
0.654331
0.651891
0.653111
0.655144
0.651891
0.652704
0.652298
0.651891
0.654738
0.653518
0.649858
0.650264
0.652298
0.649044
0.645791
0.643351
0.645791
0.647418
0.650671
0.650671
0.648231
0.649044
0.652704
0.655144
0.654331
0.653924
0.653111
0.652298
0.655144
0.651484
0.652298
0.651078
0.652298
0.650264
0.641724
0.646604
0.649044
0.647824
0.651484
0.652704
0.652704
0.656364
0.653111
0.651484
0.649044
0.650671
0.654331
0.653924
0.647824
0.650264
0.648638
0.647418
0.642944
0.641318
0.642538
0.647824
0.652298
0.653518
0.651484
0.651484
0.655144
0.657991
0.657178
0.658804
0.654738
0.656771
0.657178
0.656771
0.652298
0.654331
0.653111
0.645384
0.649858
0.651078
0.653111
0.650264
0.650671
0.647011
0.651078
0.646604
0.652298
0.651078
0.652704
0.652298
0.653518
0.651078
0.649451
0.652298
0.653518
0.653518
0.651078
0.651078
0.649044
0.651484
0.651078
0.651484
0.653924
0.646198
0.653924
0.648638
0.651484
0.651078
0.649858
0.644978
0.646198
0.648231
0.648231
0.640911
0.657584
0.648638
0.647418
0.646198
0.648231
0.648231
0.646604
0.648638
0.655551
0.648231
0.654331
0.650264
0.645791
0.647824
0.648638
0.647418
0.646604
0.647011
0.654331
0.640911
0.653924
0.650264
0.653111
0.651891
0.646198
0.649044
0.651891
0.649044
0.649451
0.640504
0.642538
0.648231
0.644978
0.644978
0.644164
0.641318
0.642538
0.645384
0.642944
0.642538
0.645384
0.647011
0.646604
0.644978
0.649858
0.652298
0.658398
0.657178
0.659211
0.654738
0.651891
0.650671
0.659211
0.658398
0.649858
0.647011
0.645791
0.644571
0.646604
0.644571
0.644978
0.643351
0.642131
0.644164
0.645791
0.652298
0.644571
0.648638
0.651891
0.648638
0.646604
0.645384
0.645384
0.648231
0.644978
0.646198
0.647011
0.656364
0.655551
0.656364
0.656771
0.653924
0.656364
0.657991
0.655551
0.651484
0.659211
0.657178
0.647824
0.650264
0.655958
0.654331
0.654738
0.654331
0.654738
0.653924
0.651484
0.650671
0.652298
0.651078
0.652704
0.652704
0.653111
0.655144
0.654331
0.653111
0.652704
0.650671
0.646604
0.646604
0.661244
0.655144
0.661244
0.648231
0.645384
0.657584
0.657584
0.662058
0.648638
0.647418
0.651891
0.653111
0.653111
0.647824
0.647824
0.652704
0.653111
0.648231
0.655144
0.657991
0.662058
0.660024
0.658398
0.658804
0.665311
0.658398
0.651484
0.652704
0.653518
0.657991
0.652298
0.652298
0.648231
0.648231
0.649858
0.649451
0.646604
0.647418
0.654331
0.653111
0.652704
0.649044
0.644164
0.648231
0.651078
0.652298
0.649858
0.644978
0.643351
0.645384
0.657584
0.655144
0.657991
0.659211
0.651078
0.649858
0.650264
0.655958
0.657991
0.657584
0.654738
0.654331
0.658804
0.655958
0.658804
0.649044
0.651891
0.651484
0.657178
0.652298
0.653924
0.659618
0.657991
0.654331
0.647418
0.649858
0.651078
0.653924
0.652704
0.655144
0.653924
0.651484
0.652704
0.651891
0.647824
0.648638
0.654738
0.652704
0.651484
0.656364
0.653518
0.656771
0.653518
0.656364
0.651484
0.648231
0.651891
0.653518
0.647824
0.656771
0.653924
0.654331
0.656771
0.658398
0.650264
0.649858
0.659211
0.658804
0.660024
0.657991
0.659618
0.656364
0.657991
0.651484
0.647418
0.649858
0.650264
0.657178
0.655144
0.655551
0.652704
0.653924
0.654331
0.659211
0.660431
0.659211
0.656364
0.652704
0.656364
0.652298
0.661651
0.660431
0.649044
0.648231
0.644164
0.649044
0.652298
0.649858
0.644571
0.644978
0.652704
0.646604
0.644571
0.649451
0.651484
0.647011
0.645791
0.647824
0.648231
0.648231
0.655958
0.656771
0.649858
0.647418
0.645384
0.644571
0.651078
0.655551
0.650264
0.648638
0.658398
0.647824
0.643351
0.647011
0.645791
0.647418
0.651078
0.644978
0.641318
0.646604
0.642944
0.644978
0.648231
0.651891
0.653924
0.651078
0.650264
0.654331
0.658804
0.665311
0.667344
0.663684
0.657991
0.655958
0.656771
0.657991
0.659211
0.660431
0.660024
0.661651
0.656771
0.651484
0.654331
0.657991
0.656364
0.662058
0.666938
0.665311
0.666531
0.658804
0.655958
0.660431
0.659211
0.660838
0.657991
0.658398
0.660838
0.656771
0.661244
0.652298
0.652298
0.654738
0.655551
0.654331
0.650264
0.644164
0.641318
0.642944
0.649044
0.650264
0.653518
0.655144
0.653111
0.655144
0.655551
0.654331
0.663684
0.651078
0.653111
0.651484
0.654331
0.649451
0.647824
0.649451
0.647011
0.646604
0.645791
0.648638
0.649858
0.653111
0.651484
0.652298
0.652704
0.651484
0.655958
0.656771
0.657991
0.651484
0.644571
0.643351
0.651078
0.658804
0.661244
0.659211
0.656364
0.655958
0.657178
0.662464
0.661651
0.657178
0.652298
0.651891
0.654331
0.655551
0.655551
0.653111
0.645791
0.643758
0.645791
0.655958
0.659211
0.657584
0.648638
0.651078
0.650671
0.651078
0.657178
0.659618
0.660838
0.659618
0.650264
0.648638
0.657178
0.662464
0.662871
0.656771
0.655144
0.657991
0.652704
0.653518
0.654738
0.652298
0.661651
0.660838
0.655958
0.649044
0.647824
0.648231
0.655144
0.657178
0.656364
0.655551
0.657178
0.652704
0.652704
0.653924
0.654331
0.650671
0.650264
0.649858
0.647824
0.658398
0.655958
0.656364
0.646604
0.642944
0.649044
0.659211
0.655958
0.655551
0.649044
0.649858
0.649044
0.650671
0.656771
0.655551
0.656771
0.659211
0.660838
0.654738
0.654738
0.655958
0.658398
0.660431
0.658398
0.659618
0.651078
0.652298
0.650671
0.649044
0.653518
0.656364
0.652298
0.646604
0.649451
0.649044
0.650264
0.657991
0.657178
0.657178
0.655144
0.655144
0.654738
0.655551
0.660024
0.653111
0.653111
0.651078
0.648638
0.657991
0.655958
0.660024
0.652704
0.649451
0.653111
0.653518
0.656771
0.650264
0.655551
0.655144
0.653518
0.656364
0.654331
0.651484
0.651891
0.656364
0.658398
0.651078
0.652298
0.652704
0.655958
0.652298
0.651078
0.649858
0.650264
0.653518
0.657178
0.651484
0.657178
0.657584
0.652298
0.649858
0.651484
0.651891
0.659211
0.653518
0.651078
0.651078
0.655144
0.653518
0.653924
0.653518
0.652298
0.652704
0.653111
0.653518
0.657991
0.658398
0.659618
0.660838
0.658398
0.654738
0.652704
0.656364
0.651484
0.648638
0.651078
0.651484
0.654331
0.646604
0.642944
0.643758
0.644978
0.644978
0.654331
0.657584
0.661651
0.661651
0.662058
0.657178
0.660838
0.659618
0.661651
0.658804
0.654331
0.653924
0.651891
0.653924
0.655958
0.654738
0.656771
0.655551
0.655144
0.658398
0.656364
0.653518
0.654738
0.652704
0.649858
0.651891
0.648638
0.649858
0.653924
0.657584
0.655958
0.660024
0.662058
0.660838
0.656364
0.655144
0.656771
0.656364
0.659211
0.653924
0.652704
0.655144
0.656364
0.657991
0.653518
0.646198
0.651891
0.657991
0.655551
0.651891
0.655144
0.653924
0.658804
0.656771
0.654331
0.653518
0.652704
0.651891
0.657178
0.657178
0.651891
0.652704
0.651078
0.651078
0.650264
0.651891
0.652704
0.651891
0.650264
0.652298
0.652298
0.656364
0.659618
0.654738
0.656364
0.657178
0.658398
0.655958
0.653111
0.652704
0.654738
0.655144
0.651891
0.656771
0.649858
0.650264
0.650264
0.661244
0.658804
0.656364
0.660431
0.652298
0.649451
0.647011
0.655144
0.652704
0.653924
0.651078
0.653111
0.655958
0.659618
0.657584
0.651078
0.650671
0.655144
0.657584
0.658398
0.651078
0.652298
0.653111
0.657178
0.653518
0.649858
0.649044
0.657178
0.650264
0.652298
0.652298
0.657991
0.659618
0.654738
0.648638
0.651484
0.654331
0.655958
0.657178
0.652704
0.657178
0.660431
0.660838
0.655551
0.652298
0.653518
0.653924
0.654331
0.649044
0.649044
0.655958
0.655551
0.655144
0.649451
0.644164
0.646604
0.655551
0.657178
0.657178
0.659618
0.653518
0.660838
0.662464
0.661244
0.662464
0.655144
0.653111
0.653111
0.653111
0.648231
0.651891
0.652298
0.649044
0.650671
0.649858
0.650671
0.649044
0.653111
0.650671
0.652704
0.654331
0.652298
0.655551
0.654738
0.655551
0.653924
0.655144
0.653518
0.657584
0.659211
0.658804
0.652298
0.653518
0.653111
0.653518
0.653924
0.651891
0.651891
0.655551
0.655144
0.652704
0.652298
0.653924
0.655551
0.656771
0.651891
0.653518
0.653111
0.655958
0.655958
0.658804
0.654738
0.649451
0.649044
0.655551
0.658804
0.659211
0.659211
0.660838
0.656364
0.653518
0.653924
0.657178
0.657991
0.656364
0.655144
0.654738
0.654331
0.657584
0.653924
0.654738
0.656364
0.651891
0.654738
0.652298
0.651891
0.659211
0.658804
0.660431
0.657178
0.655551
0.658398
0.659211
0.660024
0.659618
0.660024
0.656364
0.656364
0.659211
0.654738
0.653518
0.655551
0.657991
0.657991
0.656364
0.655144
0.653518
0.660431
0.662871
0.657584
0.656364
0.654738
0.656364
0.661244
0.658804
0.659618
0.660838
0.660024
0.659211
0.657991
0.659618
0.656364
0.655958
0.653924
0.654738
0.649451
0.654738
0.651484
0.649858
0.650671
0.655551
0.656771
0.657584
0.653518
0.651484
0.657991
0.658398
0.657178
0.652298
0.651891
0.652298
0.652704
0.657178
0.663684
0.653924
0.657991
0.656771
0.654331
0.653924
0.655144
0.653111
0.655958
0.660431
0.660838
0.659211
0.660024
0.653111
0.651078
0.656364
0.660431
0.655958
0.647418
0.651891
0.658398
0.656364
0.656771
0.651484
0.653924
0.649451
0.653924
0.652704
0.654738
0.657178
0.655551
0.655958
0.656771
0.657178
0.657991
0.657991
0.655958
0.651891
0.654738
0.654331
0.655144
0.660431
0.655551
0.652298
0.651891
0.654738
0.660838
0.660838
0.660431
0.661651
0.661244
0.662464
0.659211
0.652704
0.650264
0.655551
0.655144
0.653518
0.655958
0.655551
0.657178
0.653111
0.652298
0.649858
0.653111
0.657991
0.658398
0.654738
0.656364
0.662058
0.660431
0.662058
0.655144
0.649044
0.655958
0.658398
0.657991
0.657178
0.656364
0.655958
0.653111
0.653111
0.657178
0.657178
0.660024
0.655551
0.651891
0.655958
0.659211
0.655144
0.658398
0.649451
0.649044
0.652298
0.651484
0.656771
0.655551
0.656364
0.659618
0.661651
0.658804
0.657584
0.658398
0.663278
0.666124
0.656364
0.651891
0.653924
0.656364
0.658398
0.655551
0.654331
0.654331
0.655958
0.662058
0.660838
0.660431
0.662871
0.654738
0.650671
0.653518
0.655144
0.658398
0.655551
0.651484
0.651891
0.650671
0.658804
0.656771
0.653924
0.649858
0.653111
0.653518
0.656364
0.660431
0.660431
0.660024
0.664498
0.657991
0.657991
0.658398
0.655551
0.655144
0.655144
0.649044
0.647418
0.656364
0.654738
0.655958
0.651078
0.648638
0.655551
0.660838
0.662464
0.661244
0.662464
0.660024
0.659618
0.660024
0.660838
0.659618
0.655144
0.656364
0.656771
0.658398
0.657178
0.662871
0.661244
0.660431
0.660024
0.659211
0.660838
0.662058
0.659618
0.660024
0.662464
0.662464
0.657584
0.650671
0.650671
0.654738
0.660838
0.660024
0.661244
0.660431
0.662871
0.658804
0.660024
0.661244
0.656364
0.651891
0.654738
0.655958
0.653924
0.657991
0.654738
0.647824
0.648638
0.655144
0.657584
0.666124
0.657991
0.656364
0.657991
0.668564
0.661244
0.664091
0.656364
0.653924
0.653518
0.651484
0.661244
0.655551
0.660431
0.657584
0.653924
0.653924
0.653111
0.655958
0.657991
0.657991
0.661651
0.660838
0.664091
0.664091
0.659211
0.656771
0.657178
0.662058
0.660431
0.652298
0.653924
0.657178
0.659211
0.658804
0.657584
0.657991
0.658398
0.662058
0.662058
0.660431
0.658398
0.663278
0.664091
0.661651
0.662058
0.659618
0.662058
0.657178
0.656364
0.659211
0.655551
0.660838
0.657991
0.654738
0.657584
0.662464
0.662871
0.656364
0.655144
0.659211
0.663278
0.660431
0.662871
0.653924
0.654331
0.659618
0.657991
0.657991
0.651891
0.652704
0.658398
0.660024
0.659211
0.656364
0.656771
0.661244
0.662058
0.659618
0.664091
0.664498
0.662058
0.659618
0.656771
0.657584
0.657584
0.655551
0.657178
0.658398
0.656364
0.662464
0.656364
0.654738
0.652298
0.666124
0.661651
0.662058
0.653518
0.655551
0.660838
0.663684
0.663278
0.658804
0.654738
0.649858
0.653924
0.658804
0.664091
0.664904
0.668971
0.668971
0.663278
0.660024
0.665718
0.665311
0.663684
0.655144
0.657991
0.662871
0.654331
0.657584
0.657178
0.649858
0.653111
0.658804
0.660838
0.662058
0.661651
0.662058
0.663684
0.665311
0.665311
0.668158
0.662871
0.657584
0.652298
0.652704
0.662871
0.655144
0.651891
0.661651
0.652298
0.647824
0.650264
0.651484
0.652704
0.657991
0.660838
0.656364
0.658804
0.659618
0.655144
0.660431
0.654331
0.657991
0.657991
0.655551
0.657991
0.653111
0.657991
0.644978
0.642944
0.634811
0.636438
0.638064
0.648638
0.653518
0.660024
0.654331
0.660431
0.663684
0.660431
0.655958
0.653518
0.653924
0.655144
0.657178
0.658804
0.665718
0.660838
0.660838
0.662058
0.655144
0.657991
0.656771
0.654738
0.654738
0.656364
0.656771
0.661244
0.666124
0.664498
0.664904
0.667751
0.666531
0.662871
0.662871
0.664904
0.664498
0.664091
0.656364
0.655551
0.654331
0.658804
0.661244
0.656771
0.658398
0.661651
0.657991
0.656364
0.651484
0.652704
0.656364
0.656771
0.652704
0.654331
0.655144
0.647011
0.647824
0.647011
0.649044
0.651078
0.660431
0.660838
0.658804
0.663684
0.662871
0.651891
0.654331
0.653111
0.657178
0.659211
0.662871
0.663684
0.663278
0.661651
0.657178
0.660024
0.662871
0.660431
0.663684
0.662058
0.658804
0.662464
0.660431
0.658398
0.658398
0.660024
0.658804
0.657178
0.656364
0.660838
0.660024
0.660838
0.659211
0.664091
0.663684
0.659211
0.658398
0.657991
0.657178
0.658804
0.667751
0.659618
0.662464
0.654738
0.648638
0.647824
0.651891
0.656771
0.661244
0.655551
0.658398
0.665311
0.660838
0.659211
0.658398
0.659618
0.660838
0.658398
0.663278
0.660838
0.661651
0.659618
0.663684
0.657991
0.658398
0.660838
0.658804
0.657991
0.663278
0.664091
0.662871
0.662464
0.660838
0.657178
0.653924
0.657584
0.662464
0.665718
0.661244
0.664904
0.664498
0.657178
0.658804
0.660838
0.662464
0.662464
0.661651
0.663278
0.666938
0.665718
0.663684
0.665718
0.659618
0.660024
0.660838
0.663684
0.662871
0.661244
0.664904
0.665718
0.662058
0.655144
0.662058
0.661651
0.664904
0.664498
0.668971
0.666531
0.667751
0.664091
0.664904
0.658398
0.659211
0.665718
0.662464
0.657584
0.658398
0.668564
0.668158
0.667751
0.658804
0.661651
0.663278
0.666531
0.663278
0.660838
0.664498
0.666124
0.660431
0.666531
0.661244
0.659618
0.660024
0.661244
0.662058
0.665718
0.657991
0.664904
0.671818
0.666531
0.662058
0.657178
0.660431
0.660024
0.655551
0.655144
0.662058
0.662871
0.661651
0.655958
0.654331
0.653518
0.661244
0.661651
0.664498
0.661651
0.663684
0.664498
0.659211
0.656771
0.657584
0.664091
0.660431
0.660024
0.659211
0.662058
0.665311
0.663278
0.660431
0.665311
0.660838
0.662464
0.664904
0.666531
0.666531
0.663278
0.660024
0.666531
0.663278
0.660431
0.662464
0.664904
0.666531
0.666531
0.663684
0.663684
0.664498
0.661651
0.656364
0.658398
0.661651
0.662871
0.667751
0.664904
0.666531
0.664904
0.669378
0.664091
0.661651
0.664498
0.663684
0.664091
0.657991
0.659618
0.663278
0.661651
0.663684
0.654738
0.653111
0.660431
0.663684
0.667751
0.667344
0.670191
0.667751
0.666531
0.662464
0.660024
0.661651
0.662058
0.666938
0.668158
0.668564
0.663278
0.665311
0.665718
0.661244
0.664498
0.662058
0.664904
0.659211
0.655958
0.661651
0.662871
0.656771
0.665718
0.654331
0.649858
0.659618
0.660838
0.671411
0.659618
0.660838
0.664904
0.672224
0.665718
0.662871
0.666124
0.662871
0.660431
0.662871
0.657584
0.666124
0.664091
0.658398
0.659211
0.662464
0.667344
0.666124
0.661651
0.659211
0.665718
0.658804
0.661244
0.662464
0.656771
0.653518
0.656771
0.664498
0.663278
0.658804
0.663278
0.665311
0.659618
0.658398
0.664498
0.660024
0.660838
0.666938
0.664091
0.661651
0.661244
0.662871
0.666124
0.666938
0.666531
0.664904
0.662464
0.660431
0.661244
0.664904
0.660024
0.659618
0.659618
0.657178
0.655144
0.662464
0.665311
0.664904
0.659211
0.663684
0.668971
0.659211
0.658398
0.660431
0.668564
0.666124
0.666531
0.664091
0.666531
0.668971
0.669378
0.667751
0.661651
0.660838
0.661244
0.664498
0.668564
0.661244
0.665311
0.670598
0.662871
0.659211
0.658804
0.664904
0.666938
0.668158
0.664091
0.664091
0.664904
0.664498
0.664091
0.666938
0.664091
0.662871
0.667344
0.667751
0.668564
0.666124
0.665718
0.668971
0.663278
0.660838
0.666124
0.671004
0.667751
0.664498
0.664091
0.669784
0.667751
0.667751
0.664498
0.660024
0.664091
0.663684
0.668971
0.668564
0.666938
0.667751
0.665311
0.662464
0.661244
0.657178
0.663684
0.665718
0.663278
0.666124
0.666531
0.660431
0.667751
0.664091
0.658804
0.666124
0.664904
0.666124
0.661244
0.660024
0.669784
0.668564
0.670191
0.661651
0.662871
0.665718
0.666531
0.669378
0.666938
0.667751
0.669784
0.666124
0.662058
0.660838
0.663684
0.660431
0.666938
0.668564
0.668158
0.671004
0.668971
0.662464
0.669784
0.671411
0.669378
0.660024
0.661244
0.662871
0.668564
0.664498
0.669378
0.660838
0.660024
0.662058
0.671411
0.676291
0.671004
0.673851
0.674664
0.672631
0.674258
0.661244
0.661244
