0.524603
0.524197
0.522977
0.524197
0.520943
0.524603
0.524603
0.526230
0.527450
0.529484
0.531110
0.525824
0.529484
0.524603
0.529890
0.530704
0.536397
0.539244
0.541277
0.546970
0.547784
0.549410
0.545344
0.540464
0.539650
0.536804
0.534770
0.531517
0.529484
0.530297
0.531924
0.532737
0.532330
0.531517
0.530704
0.530704
0.529484
0.532330
0.533144
0.533957
0.535990
0.538024
0.538430
0.538837
0.538430
0.535177
0.536804
0.536397
0.540464
0.546157
0.546970
0.552257
0.549817
0.549817
0.544124
0.544530
0.541277
0.539244
0.538024
0.538024
0.538430
0.539650
0.539650
0.540870
0.539244
0.542090
0.544937
0.553070
0.554290
0.557137
0.558764
0.560797
0.559577
0.559984
0.559984
0.558357
0.559577
0.557950
0.557137
0.556324
0.556730
0.561204
0.560390
0.560797
0.561204
0.563644
0.559170
0.557137
0.554290
0.555917
0.559577
0.559170
0.562830
0.561610
0.555917
0.555104
0.557544
0.560797
0.564457
0.566490
0.563237
0.559984
0.562017
0.555104
0.557137
0.559170
0.559577
0.558357
0.562830
0.562017
0.557950
0.563237
0.563644
0.566084
0.566084
0.573810
0.566084
0.560390
0.558357
0.555510
0.561204
0.564050
0.567304
0.566084
0.564050
0.564864
0.564457
0.559170
0.556324
0.551444
0.550630
0.554290
0.559984
0.559170
0.563644
0.572997
0.575437
0.575437
0.575031
0.577471
0.579504
0.581131
0.585197
0.592924
0.594551
0.590077
0.572997
0.572184
0.577471
0.581944
0.587637
0.588044
0.583571
0.586417
0.586824
0.585197
0.584791
0.585604
0.586011
0.591704
0.591297
0.591297
0.601871
0.596177
0.600651
0.607971
0.600244
0.607564
0.607157
0.604311
0.590077
0.587231
0.592517
0.605531
0.608784
0.608784
0.607564
0.606344
0.604717
0.605531
0.602684
0.602684
0.606751
0.607564
0.607564
0.605124
0.603497
0.608377
0.607157
0.608784
0.610004
0.605124
0.601871
0.599837
0.602277
0.602684
0.612037
0.610411
0.606751
0.604717
0.605124
0.608377
0.615291
0.612037
0.601057
0.596584
0.612037
0.612037
0.611224
0.614071
0.613257
0.611631
0.614071
0.612851
0.611631
0.610004
0.610411
0.618137
0.619357
0.616917
0.615697
0.618951
0.624237
0.627898
0.628304
0.618137
0.615697
0.614884
0.615291
0.616104
0.617324
0.621391
0.626271
0.620577
0.623017
0.626678
0.628711
0.625864
0.625051
0.627491
0.630744
0.629118
0.632778
0.628304
0.631964
0.632778
0.633591
0.634404
0.627898
0.634404
0.634404
0.634404
0.635218
0.636031
0.631151
0.641318
0.640911
0.634404
0.636844
0.636438
0.634811
0.635624
0.637251
0.637658
0.637658
0.632778
0.635624
0.641318
0.636031
0.636438
0.636031
0.636031
0.636031
0.639284
0.629931
0.636844
0.633591
0.644571
0.641724
0.640504
0.639284
0.640911
0.642538
0.640911
0.636844
0.640504
0.642538
0.640098
0.637251
0.636031
0.639691
0.636844
0.638471
0.638064
0.638064
0.636438
0.634404
0.633591
0.634811
0.634404
0.634811
0.636031
0.636031
0.633591
0.632778
0.636438
0.638878
0.640504
0.640098
0.641724
0.644978
0.646198
0.642131
0.638878
0.639284
0.640504
0.645791
0.645384
0.644571
0.644978
0.643758
0.641318
0.635218
0.636844
0.642944
0.649044
0.649451
0.649858
0.649044
0.647824
0.643351
0.637658
0.635218
0.637251
0.640504
0.642944
0.645791
0.645791
0.645384
0.644164
0.649451
0.643758
0.638471
0.638878
0.643758
0.645384
0.646604
0.646604
0.645384
0.645384
0.645384
0.642944
0.642538
0.643758
0.644571
0.642538
0.642944
0.642944
0.642538
0.641724
0.640911
0.640911
0.640911
0.644571
0.646604
0.646604
0.648231
0.649451
0.647824
0.645384
0.642131
0.641724
0.642538
0.645791
0.647418
0.648231
0.648638
0.648638
0.648231
0.645791
0.638878
0.641318
0.642131
0.644164
0.643758
0.645384
0.647011
0.645791
0.645384
0.645384
0.644164
0.648231
0.649044
0.649858
0.647011
0.645791
0.648638
0.647418
0.649044
0.643758
0.643351
0.645791
0.649451
0.652298
0.652298
0.651484
0.651484
0.648638
0.648231
0.645791
0.646604
0.649858
0.653111
0.653111
0.654738
0.651891
0.652704
0.644978
0.643758
0.643351
0.644571
0.647418
0.653111
0.655551
0.654331
0.656364
0.651078
0.643758
0.644164
0.643351
0.644571
0.647418
0.651891
0.655144
0.654738
0.655144
0.653111
0.651078
0.647418
0.649044
0.653111
0.653924
0.653518
0.653518
0.651078
0.650264
0.647824
0.648231
0.643758
0.647418
0.646604
0.646604
0.647011
0.648638
0.647824
0.649451
0.651078
0.646604
0.650671
0.649451
0.651891
0.652704
0.655551
0.655144
0.653111
0.649858
0.649044
0.647011
0.647418
0.650264
0.652704
0.652298
0.651484
0.653518
0.649858
0.646198
0.646198
0.644978
0.648638
0.651891
0.653924
0.654331
0.656364
0.653111
0.648638
0.642944
0.643351
0.645384
0.644978
0.651891
0.649858
0.652704
0.651078
0.649858
0.650264
0.645791
0.647011
0.648638
0.647824
0.650264
0.647011
0.646198
0.650671
0.651078
0.647418
0.644571
0.647011
0.651891
0.651484
0.652298
0.653924
0.651078
0.649858
0.647824
0.649044
0.647011
0.648231
0.648231
0.647011
0.649451
0.651078
0.650671
0.649044
0.650671
0.647418
0.648231
0.649044
0.647824
0.651891
0.651078
0.651891
0.650671
0.644978
0.644164
0.645791
0.651078
0.651484
0.652298
0.651078
0.653924
0.653924
0.651484
0.649044
0.649858
0.648638
0.649044
0.649044
0.652298
0.656771
0.656364
0.653924
0.646604
0.647011
0.644978
0.647011
0.646198
0.649451
0.653518
0.653924
0.653518
0.653111
0.652298
0.647824
0.647011
0.649858
0.649451
0.650671
0.652298
0.648231
0.649451
0.650671
0.651891
0.650671
0.652298
0.649044
0.649451
0.651484
0.653518
0.652298
0.651891
0.649044
0.647011
0.646198
0.648638
0.650264
0.650671
0.650671
0.649451
0.651078
0.652298
0.653111
0.652298
0.651484
0.653518
0.653518
0.651891
0.649044
0.651484
0.650671
0.649044
0.653111
0.650264
0.649858
0.652298
0.649451
0.652704
0.656364
0.650671
0.654331
0.653111
0.644164
0.644164
0.648231
0.651891
0.652298
0.657991
0.657584
0.657178
0.659618
0.659211
0.652298
0.650671
0.651484
0.652704
0.653111
0.657178
0.657991
0.656771
0.653924
0.650671
0.652704
0.655958
0.653924
0.653518
0.653518
0.653924
0.657584
0.658804
0.654331
0.652704
0.653111
0.656364
0.657991
0.655551
0.656364
0.655551
0.656771
0.654738
0.650671
0.649044
0.648638
0.654738
0.656771
0.653111
0.653518
0.652704
0.653924
0.653518
0.651891
0.651484
0.653518
0.653518
0.654331
0.653518
0.654738
0.655144
0.654738
0.655144
0.657178
0.657178
0.656364
0.655144
0.653111
0.654331
0.653111
0.653111
0.653924
0.654331
0.653924
0.652298
0.655551
0.656364
0.656771
0.656771
0.654738
0.650671
0.650671
0.651484
0.651078
0.651484
0.656771
0.655958
0.656364
0.658398
0.655958
0.654331
0.653924
0.652704
0.651078
0.652298
0.655144
0.653111
0.657991
0.655958
0.655144
0.654738
0.654738
0.657178
0.656364
0.655551
0.655958
0.656364
0.656364
0.657178
0.655958
0.654331
0.652298
0.652704
0.655144
0.654738
0.656771
0.656771
0.654738
0.654738
0.650671
0.647824
0.650671
0.651484
0.657584
0.657178
0.656364
0.653518
0.655551
0.657178
0.654738
0.654738
0.652704
0.655958
0.656771
0.655144
0.651078
0.649858
0.649044
0.651484
0.653924
0.652704
0.649858
0.653518
0.655551
0.655958
0.653924
0.653924
0.654331
0.654738
0.653518
0.652298
0.651891
0.655551
0.658398
0.658804
0.659618
0.653924
0.651484
0.651484
0.647011
0.648231
0.652704
0.654331
0.655144
0.656771
0.658398
0.656771
0.655958
0.653518
0.652298
0.652298
0.656364
0.657584
0.657584
0.657584
0.655958
0.654738
0.655551
0.655958
0.655958
0.657991
0.655144
0.656364
0.655144
0.653111
0.651484
0.651484
0.652704
0.650671
0.651891
0.651891
0.656771
0.657178
0.658398
0.657584
0.657178
0.657178
0.656364
0.654738
0.655958
0.657178
0.656364
0.656771
0.655958
0.656364
0.657991
0.658398
0.655551
0.655144
0.656364
0.653924
0.654738
0.657991
0.656771
0.656364
0.654738
0.651891
0.650671
0.652704
0.655144
0.655551
0.655958
0.654738
0.655144
0.654738
0.655958
0.656364
0.654738
0.654331
0.655958
0.654738
0.653111
0.653924
0.653924
0.654738
0.647824
0.647011
0.647824
0.653518
0.656364
0.657584
0.656771
0.657178
0.656771
0.657178
0.655551
0.651484
0.656364
0.656771
0.657178
0.659618
0.657991
0.661244
0.660431
0.656364
0.657991
0.656364
0.655958
0.657584
0.656364
0.656771
0.657584
0.657178
0.656364
0.655144
0.653111
0.652704
0.653111
0.654331
0.654738
0.654331
0.657178
0.657991
0.657178
0.657991
0.658804
0.651484
0.656771
0.656364
0.657991
0.656771
0.651484
0.655144
0.651484
0.651484
0.651891
0.654331
0.655958
0.657178
0.657178
0.654331
0.655551
0.655958
0.654738
0.657584
0.658804
0.659618
0.659618
0.656364
0.655144
0.654331
0.655551
0.648231
0.649044
0.646604
0.654331
0.658804
0.660838
0.662464
0.662464
0.660838
0.661244
0.657991
0.657178
0.657991
0.660838
0.661651
0.660024
0.659211
0.659211
0.657991
0.655958
0.656771
0.657584
0.660838
0.661651
0.658804
0.655144
0.655551
0.655144
0.656771
0.653924
0.654738
0.658804
0.660431
0.660431
0.659211
0.657584
0.658804
0.657178
0.661651
0.655551
0.655551
0.659211
0.656364
0.654738
0.656364
0.659211
0.657584
0.652704
0.654738
0.651078
0.651484
0.654331
0.654331
0.655958
0.655144
0.655958
0.659211
0.659211
0.655551
0.652298
0.655958
0.657584
0.657178
0.657991
0.658398
0.657991
0.659211
0.658398
0.656771
0.656364
0.658804
0.659211
0.660431
0.660024
0.660431
0.662464
0.661244
0.657584
0.655958
0.658804
0.656364
0.658398
0.658804
0.657991
0.659618
0.662058
0.657991
0.648638
0.649044
0.656364
0.657991
0.658398
0.659618
0.657991
0.658804
0.657584
0.657178
0.658398
0.656771
0.660838
0.659618
0.659618
0.658804
0.658804
0.655144
0.651078
0.647824
0.647824
0.653111
0.657178
0.659618
0.660838
0.661651
0.658804
0.659211
0.658398
0.657584
0.659211
0.657991
0.661244
0.660431
0.660024
0.661244
0.663278
0.659211
0.656771
0.652298
0.652298
0.655958
0.658398
0.659618
0.663278
0.660838
0.660024
0.657178
0.655144
0.652704
0.655144
0.658804
0.660838
0.658804
0.657991
0.658398
0.660838
0.658398
0.657991
0.658398
0.660024
0.655958
0.655958
0.656771
0.659618
0.658804
0.660024
0.659618
0.658398
0.660431
0.660431
0.658804
0.659211
0.660024
0.660838
0.657991
0.657178
0.657991
0.659618
0.657991
0.657178
0.654738
0.654738
0.656364
0.655958
0.656364
0.650264
0.649044
0.651484
0.658804
0.660024
0.657991
0.657991
0.659618
0.662871
0.657584
0.655144
0.652298
0.653924
0.656364
0.657584
0.659618
0.659211
0.660024
0.659211
0.661651
0.660431
0.660431
0.658804
0.656771
0.656771
0.658398
0.659618
0.658398
0.657178
0.655958
0.655551
0.659211
0.657991
0.657584
0.657991
0.657584
0.657584
0.657584
0.655144
0.652298
0.649858
0.651484
0.655958
0.656771
0.658398
0.657991
0.660024
0.658804
0.656771
0.653111
0.655144
0.656364
0.658398
0.658398
0.657584
0.657178
0.659211
0.659211
0.659618
0.657991
0.659618
0.662464
0.663684
0.662058
0.660431
0.660431
0.657584
0.657584
0.651484
0.651484
0.651484
0.657584
0.660024
0.660024
0.660431
0.659618
0.660024
0.659618
0.659618
0.660838
0.660024
0.655144
0.658804
0.658804
0.660024
0.655958
0.653924
0.651891
0.652298
0.657991
0.659618
0.659618
0.660024
0.659211
0.657584
0.657584
0.653924
0.653518
0.654331
0.652298
0.660431
0.657178
0.657178
0.656771
0.659618
0.657991
0.654738
0.655144
0.655551
0.659618
0.657991
0.659211
0.657584
0.659618
0.659211
0.656771
0.657584
0.657991
0.662058
0.662058
0.662871
0.661651
0.664091
0.664498
0.659618
0.653924
0.648231
0.649858
0.655958
0.660838
0.659211
0.662464
0.664498
0.664091
0.661651
0.661651
0.657584
0.657178
0.658804
0.660431
0.661244
0.661651
0.660431
0.660431
0.659618
0.657584
0.655144
0.657584
0.662058
0.661244
0.658804
0.655551
0.653924
0.655551
0.654331
0.652298
0.653924
0.655144
0.658804
0.659618
0.660024
0.658398
0.656771
0.655958
0.655958
0.660024
0.660431
0.659618
0.659211
0.658804
0.658398
0.654331
0.654738
0.653111
0.653111
0.658398
0.660431
0.658804
0.659211
0.659211
0.660838
0.658804
0.652704
0.650671
0.650264
0.656364
0.659211
0.660431
0.657991
0.661651
0.658804
0.657991
0.657584
0.651078
0.653111
0.660431
0.660431
0.658398
0.659211
0.661651
0.664498
0.660838
0.662058
0.660024
0.660024
0.660838
0.660838
0.658804
0.662464
0.660024
0.658398
0.655958
0.653518
0.652298
0.656771
0.657584
0.656771
0.657178
0.658804
0.655958
0.655551
0.651891
0.653518
0.653518
0.656364
0.659211
0.656364
0.658804
0.658398
0.660431
0.658398
0.655144
0.653518
0.654331
0.660431
0.661244
0.662464
0.661244
0.662871
0.660024
0.656771
0.653518
0.653518
0.655958
0.658804
0.660024
0.656364
0.657178
0.655144
0.655958
0.655144
0.655551
0.659618
0.657991
0.658398
0.658398
0.658804
0.660838
0.657991
0.653924
0.652298
0.654331
0.659618
0.662464
0.660431
0.659618
0.660838
0.658398
0.655144
0.656364
0.653111
0.655551
0.659211
0.660838
0.661651
0.660838
0.661651
0.661244
0.660838
0.655144
0.655958
0.661244
0.660431
0.658804
0.659211
0.658804
0.659211
0.657991
0.658804
0.653518
0.656364
0.661651
0.661244
0.660431
0.661651
0.660838
0.657991
0.651891
0.652298
0.651484
0.652704
0.656364
0.657991
0.657584
0.660431
0.659211
0.657584
0.656364
0.649044
0.652704
0.652704
0.657584
0.659211
0.660431
0.660431
0.660431
0.660838
0.662871
0.660431
0.658398
0.658804
0.661651
0.660431
0.658804
0.656771
0.655958
0.657584
0.657584
0.656771
0.658398
0.660838
0.660431
0.661244
0.658804
0.653518
0.654331
0.651484
0.651484
0.657584
0.655958
0.655551
0.655958
0.657178
0.655958
0.652298
0.651484
0.653924
0.652704
0.655144
0.658398
0.660838
0.660024
0.661244
0.659211
0.659211
0.658804
0.655958
0.655958
0.655958
0.659211
0.657991
0.660431
0.661651
0.658804
0.658804
0.657991
0.653518
0.654331
0.656771
0.657991
0.660024
0.658398
0.657178
0.657178
0.657178
0.653111
0.653924
0.656364
0.662058
0.661651
0.660431
0.657991
0.657178
0.656771
0.654738
0.656771
0.657178
0.654738
0.660024
0.662871
0.660431
0.662058
0.661244
0.660838
0.659618
0.659211
0.658804
0.661244
0.659618
0.660838
0.660024
0.657991
0.657584
0.658398
0.657178
0.656771
0.659211
0.660024
0.660431
0.660024
0.660431
0.656771
0.654738
0.653924
0.653518
0.655551
0.659211
0.659618
0.660024
0.661244
0.659618
0.657584
0.654331
0.654331
0.652704
0.651484
0.652704
0.653111
0.655958
0.656771
0.658398
0.659211
0.657584
0.655958
0.655144
0.662871
0.661244
0.661244
0.661651
0.661244
0.657991
0.655144
0.656364
0.653924
0.655958
0.659211
0.660431
0.657584
0.661244
0.660838
0.656771
0.655551
0.651484
0.651484
0.650264
0.654738
0.657991
0.663278
0.661651
0.653518
0.652298
0.650264
0.649858
0.653111
0.660024
0.666531
0.665311
0.664091
0.658804
0.655551
0.652298
0.651484
0.653111
0.654331
0.655958
0.658398
0.657584
0.658398
0.658398
0.660431
0.654331
0.651484
0.650671
0.651484
0.655144
0.658398
0.658398
0.657584
0.654331
0.656364
0.655144
0.657584
0.657178
0.660024
0.661244
0.660431
0.658804
0.657584
0.658804
0.659618
0.659211
0.657584
0.661651
0.662058
0.660838
0.661651
0.660431
0.660024
0.657178
0.657178
0.655144
0.654331
0.657178
0.659211
0.661651
0.662058
0.659618
0.658398
0.660024
0.655144
0.653518
0.655958
0.658398
0.661244
0.660431
0.659211
0.662058
0.661244
0.659211
0.654331
0.653924
0.657584
0.661651
0.661651
0.660838
0.659211
0.655551
0.654331
0.655144
0.655551
0.656771
0.660024
0.662871
0.663684
0.664904
0.663278
0.660024
0.661244
0.659618
0.659618
0.658804
0.663278
0.664091
0.664498
0.659211
0.663684
0.658804
0.656364
0.657178
0.659618
0.661651
0.661651
0.663684
0.664091
0.658804
0.656771
0.657178
0.653518
0.653924
0.655958
0.657584
0.658398
0.660431
0.660024
0.661244
0.660838
0.655144
0.655551
0.654331
0.653518
0.655958
0.657991
0.660431
0.660431
0.658804
0.658398
0.657178
0.657584
0.655144
0.659211
0.661244
0.661244
0.660838
0.660431
0.659618
0.658804
0.656364
0.656771
0.655958
0.657584
0.655551
0.655958
0.657178
0.655958
0.656771
0.655958
0.656771
0.655144
0.660024
0.660431
0.658398
0.659618
0.664091
0.657584
0.655144
0.656364
0.655144
0.656771
0.657584
0.660838
0.662058
0.662871
0.663684
0.660431
0.659618
0.657584
0.655958
0.656364
0.656771
0.657991
0.655551
0.656771
0.656364
0.655958
0.655144
0.655144
0.657991
0.659211
0.660431
0.662058
0.662871
0.662871
0.658804
0.656771
0.654738
0.653518
0.652298
0.657991
0.656364
0.653924
0.656364
0.654331
0.653924
0.653924
0.653924
0.653518
0.655551
0.659618
0.657991
0.657584
0.658398
0.655144
0.655144
0.655551
0.657584
0.656771
0.660838
0.660431
0.659211
0.661651
0.660024
0.659618
0.656364
0.657584
0.657178
0.662058
0.661244
0.663278
0.662464
0.657178
0.657584
0.657178
0.659618
0.655958
0.657991
0.660431
0.663684
0.662464
0.660024
0.657178
0.655551
0.650671
0.649858
0.651891
0.655551
0.657178
0.656771
0.656364
0.656771
0.658804
0.654738
0.653111
0.654331
0.655144
0.651078
0.655958
0.660024
0.659211
0.659618
0.660024
0.657178
0.653924
0.656364
0.655958
0.660838
0.660431
0.660024
0.659618
0.659618
0.657584
0.657178
0.656771
0.658398
0.657178
0.660024
0.659211
0.660838
0.659618
0.660838
0.659618
0.657991
0.657178
0.661244
0.661244
0.661244
0.662871
0.662871
0.662464
0.659618
0.657991
0.653111
0.653111
0.655551
0.657991
0.658398
0.661651
0.661244
0.660431
0.659211
0.655551
0.654738
0.653518
0.657991
0.662464
0.661244
0.663278
0.660838
0.659618
0.655958
0.651891
0.652298
0.653518
0.660431
0.660431
0.658804
0.658398
0.652298
0.651891
0.653111
0.651078
0.650671
0.655144
0.657178
0.657584
0.656771
0.657178
0.657178
0.658804
0.654738
0.653924
0.653111
0.661651
0.662871
0.662058
0.662464
0.662871
0.660431
0.660431
0.659618
0.657584
0.655144
0.662871
0.661651
0.663278
0.662464
0.660024
0.657584
0.658398
0.655958
0.654738
0.657584
0.661651
0.662058
0.662871
0.662871
0.660838
0.659211
0.656364
0.655551
0.656364
0.657178
0.658398
0.657584
0.661651
0.658804
0.657991
0.658804
0.657178
0.657584
0.660024
0.662464
0.662058
0.662871
0.662871
0.657991
0.659618
0.659618
0.658398
0.658398
0.658804
0.662464
0.663278
0.663278
0.663278
0.659211
0.656771
0.656364
0.654331
0.653924
0.658398
0.660431
0.660024
0.661244
0.659618
0.659211
0.656364
0.651891
0.653518
0.654738
0.661651
0.663684
0.664091
0.662464
0.658398
0.660431
0.658804
0.657178
0.659618
0.663684
0.663684
0.662871
0.664091
0.664091
0.658398
0.656364
0.658804
0.658398
0.659618
0.662058
0.662058
0.662464
0.663684
0.661244
0.660838
0.662871
0.663278
0.661244
0.658804
0.662871
0.662058
0.662058
0.660024
0.658804
0.658804
0.654738
0.653924
0.656771
0.660024
0.660838
0.661244
0.660024
0.660838
0.659618
0.655144
0.651891
0.655958
0.655551
0.658398
0.657178
0.660024
0.658398
0.655551
0.653111
0.655144
0.653111
0.653924
0.656364
0.659211
0.661244
0.660838
0.661244
0.661651
0.659618
0.657991
0.655958
0.656771
0.657584
0.658398
0.657178
0.656364
0.651484
0.652298
0.654738
0.653111
0.656771
0.659618
0.660838
0.659618
0.657991
0.658804
0.657584
0.657178
0.654738
0.655144
0.655958
0.657991
0.658804
0.656771
0.654331
0.657991
0.658398
0.660838
0.657178
0.656364
0.658398
0.661651
0.661651
0.662464
0.662058
0.658804
0.657178
0.657991
0.653924
0.653518
0.656364
0.658804
0.659211
0.658804
0.660431
0.656364
0.656364
0.656771
0.653518
0.655144
0.656364
0.655144
0.655958
0.655144
0.655958
0.655551
0.655958
0.655144
0.656771
0.658398
0.660431
0.661651
0.663278
0.660838
0.661651
0.660024
0.658804
0.656771
0.656364
0.662871
0.660431
0.660024
0.661651
0.660024
0.660838
0.662058
0.659211
0.656364
0.659211
0.664904
0.664498
0.665311
0.661651
0.657991
0.659618
0.660431
0.660024
0.660838
0.662871
0.660838
0.660431
0.659211
0.657584
0.653924
0.656771
0.655551
0.658398
0.660431
0.661651
0.663278
0.660838
0.660024
0.660431
0.655958
0.653111
0.651891
0.654738
0.657178
0.660024
0.660838
0.659211
0.661651
0.661651
0.659211
0.657584
0.657178
0.660431
0.659211
0.660431
0.661244
0.659618
0.659211
0.658804
0.658804
0.656771
0.657178
0.656771
0.658804
0.660431
0.660024
0.657178
0.659211
0.657991
0.656771
0.657991
0.657584
0.655958
0.654331
0.656771
0.657178
0.654331
0.653518
0.654331
0.655958
0.658804
0.661244
0.664904
0.664904
0.664498
0.660838
0.660431
0.657584
0.656364
0.658398
0.660024
0.661651
0.663684
0.664091
0.661244
0.657991
0.659618
0.656364
0.658804
0.657584
0.659211
0.659618
0.657991
0.658398
0.659618
0.660838
0.660838
0.658804
0.656364
0.655958
0.657178
0.659618
0.660431
0.659211
0.656771
0.658398
0.657584
0.655551
0.655958
0.657178
0.660024
0.661651
0.662871
0.661651
0.662464
0.661651
0.662871
0.662464
0.662871
0.661651
0.664091
0.663278
0.662871
0.660024
0.657584
0.657991
0.655958
0.657584
0.660838
0.659211
0.664498
0.663278
0.663278
0.661651
0.661651
0.661651
0.660024
0.660838
0.660431
0.664091
0.662058
0.664091
0.662464
0.662058
0.664091
0.657991
0.654738
0.657178
0.657991
0.657178
0.657991
0.657178
0.656771
0.659618
0.659211
0.658398
0.658398
0.659618
0.657991
0.658804
0.657991
0.656771
0.655551
0.655551
0.655958
0.657584
0.656771
0.657584
0.660024
0.659618
0.657584
0.660024
0.661244
0.659211
0.656364
0.655958
0.656364
0.660431
0.661651
0.662464
0.660838
0.660431
0.659618
0.660838
0.661244
0.660431
0.661651
0.664498
0.664498
0.664904
0.662871
0.660024
0.659618
0.658804
0.657991
0.657991
0.658804
0.660431
0.659618
0.657178
0.655551
0.660838
0.660838
0.659618
0.655958
0.658398
0.658398
0.660838
0.660024
0.661244
0.659211
0.662871
0.662058
0.660431
0.662058
0.660431
0.662871
0.661651
0.660838
0.662058
0.662464
0.661651
0.660024
0.657991
0.658804
0.662464
0.664498
0.664498
0.663684
0.663278
0.660838
0.662058
0.658804
0.657178
0.660024
0.660431
0.657584
0.655551
0.655551
0.657584
0.656364
0.657584
0.657991
0.657991
0.660024
0.662058
0.659211
0.657991
0.657991
0.658804
0.658398
0.659211
0.659618
0.660431
0.662464
0.662058
0.662871
0.659211
0.658398
0.657178
0.657584
0.657584
0.656771
0.657991
0.661651
0.661651
0.660024
0.656771
0.657991
0.657178
0.657178
0.657178
0.658398
0.659211
0.660838
0.661651
0.660431
0.655551
0.656771
0.658804
0.658398
0.659211
0.657991
0.654738
0.657178
0.659211
0.658804
0.658804
0.661244
0.658804
0.659211
0.659211
0.657991
0.662058
0.664904
0.666124
0.663684
0.663278
0.664091
0.660024
0.660431
0.660431
0.658804
0.658398
0.656364
0.656771
0.657584
0.658804
0.660838
0.660431
0.663278
0.660838
0.661244
0.657584
0.661651
0.660024
0.655144
0.654738
0.655144
0.655958
0.657178
0.658398
0.660024
0.659618
0.659618
0.659211
0.659618
0.659618
0.659618
0.657991
0.657584
0.657584
0.659211
0.660838
0.660024
0.663684
0.662058
0.658804
0.657991
0.661651
0.665311
0.666531
0.666124
0.663278
0.663684
0.658804
0.659618
0.658804
0.656771
0.657584
0.662871
0.663278
0.665311
0.666124
0.664091
0.662464
0.662058
0.659618
0.662058
0.664498
0.662058
0.661651
0.661651
0.663278
0.660431
0.663684
0.661651
0.661244
0.663278
0.664904
0.662058
0.664498
0.662058
0.665311
0.661651
0.657991
0.655958
0.655958
0.659211
0.661651
0.660431
0.661244
0.660838
0.659618
0.660024
0.662464
0.660431
0.663278
0.661244
0.662058
0.661651
0.661244
0.662871
0.659618
0.659618
0.660431
0.662464
0.661244
0.659618
0.658398
0.655958
0.656364
0.655958
0.657991
0.655551
0.656364
0.656771
0.664904
0.661651
0.661651
0.661651
0.665311
0.659618
0.658804
0.659618
0.657991
0.657584
0.657178
0.659618
0.659211
0.657584
0.658398
0.660024
0.660838
0.656771
0.657991
0.660431
0.663684
0.660024
0.662871
0.661651
0.663684
0.662871
0.657584
0.658398
0.658398
0.660838
0.660024
0.660838
0.658804
0.661244
0.662871
0.662058
0.662464
0.661651
0.663278
0.662871
0.662464
0.661651
0.660024
0.662464
0.664091
0.666124
0.663278
0.662058
0.661244
0.661244
0.662058
0.661244
0.662871
0.661651
0.662058
0.659211
0.660431
0.661244
0.659618
0.656364
0.658804
0.661651
0.661651
0.658398
0.660431
0.660024
0.659618
0.659211
0.662871
0.662871
0.662058
0.662058
0.662464
0.663684
0.661651
0.660838
0.660431
0.661651
0.664091
0.666124
0.664904
0.662871
0.663684
0.663684
0.662871
0.663278
0.662058
0.663684
0.663684
0.661651
0.663278
0.659618
0.659211
0.658398
0.659211
0.658804
0.661651
0.660431
0.660024
0.659618
0.659211
0.657584
0.659211
0.656771
0.655551
0.656771
0.658398
0.659211
0.661651
0.661244
0.665311
0.662464
0.660024
0.660838
0.659618
0.663278
0.666938
0.667344
0.664904
0.666124
0.662871
0.664091
0.663278
0.663684
0.664904
0.666938
0.666531
0.666124
0.664904
0.665311
0.664091
0.662464
0.660024
0.659211
0.660024
0.659618
0.660431
0.660024
0.660431
0.659618
0.656364
0.656364
0.659211
0.658398
0.659211
0.660024
0.657178
0.656364
0.660024
0.659618
0.661651
0.662871
0.658804
0.660431
0.660838
0.664091
0.666938
0.668564
0.666938
0.665311
0.664904
0.665311
0.664904
0.664091
0.664091
0.664498
0.663684
0.664091
0.661244
0.662871
0.663278
0.662871
0.662058
0.659211
0.662871
0.662464
0.663684
0.662464
0.659618
0.659618
0.660024
0.665718
0.664904
0.665311
0.664091
0.666124
0.666531
0.664904
0.660024
0.658804
0.657991
0.657178
0.657178
0.662464
0.661244
0.657584
0.659211
0.660024
0.662464
0.665311
0.660431
0.659211
0.660024
0.662464
0.662464
0.662464
0.660838
0.660431
0.658804
0.659211
0.660838
0.660838
0.662058
0.658398
0.661244
0.664498
0.664091
0.663278
0.663684
0.664091
0.664498
0.660431
0.662058
0.662058
0.662871
0.664498
0.663684
0.661244
0.660024
0.660431
0.662058
0.663684
0.662871
0.662464
0.664091
0.661651
0.660024
0.661244
0.660431
0.662058
0.662871
0.662871
0.660024
0.659211
0.659618
0.663684
0.664091
0.663684
0.664091
0.665311
0.663278
0.661651
0.662871
0.661651
0.663684
0.662058
0.661651
0.659211
0.662058
0.662464
0.666124
0.666124
0.664904
0.666124
0.663278
0.662464
0.663278
0.660431
0.660838
0.656364
0.657991
0.656771
0.660024
0.661651
0.660024
0.659618
0.659618
0.660431
0.661244
0.664904
0.662058
0.660431
0.657584
0.662871
0.659618
0.661651
0.657178
0.659211
0.662464
0.662058
0.660024
0.659618
0.660838
0.662058
0.659211
0.658804
0.660431
0.661244
0.664091
0.664904
0.664904
0.663684
0.668564
0.662464
0.661651
0.660838
0.660024
0.662058
0.664091
0.662871
0.663684
0.663684
0.663684
0.659618
0.660024
0.659211
0.661244
0.660838
0.660024
0.660838
0.660024
0.662058
0.658804
0.660024
0.659211
0.657178
0.657178
0.659211
0.664498
0.666938
0.664091
0.663278
0.663684
0.663278
0.660838
0.660838
0.662464
0.663278
0.664091
0.663684
0.662871
0.661244
0.662058
0.662058
0.663684
0.662871
0.663684
0.665718
0.666531
0.664498
0.662058
0.661651
0.661651
0.661244
0.665718
0.660431
0.661651
0.663278
0.662058
0.665718
0.660838
0.662464
0.660024
0.658804
0.663684
0.660838
0.662871
0.658398
0.659211
0.662058
0.663684
0.664904
0.661244
0.660431
0.662058
0.663278
0.665311
0.663278
0.663278
0.664498
0.663278
0.663278
0.663278
0.660024
0.660838
0.664904
0.664091
0.661651
0.660838
0.662871
0.666124
0.664498
0.664091
0.664904
0.664498
0.664904
0.665718
0.667751
0.664498
0.662464
0.662058
0.665311
0.662058
0.663278
0.666531
0.668564
0.669378
0.668564
0.666124
0.664498
0.667344
0.667751
0.667751
0.670191
0.670191
0.669784
0.668158
0.666531
0.663278
0.664498
0.663278
0.662464
0.664091
0.664091
0.664091
0.664904
0.667344
0.662464
0.662464
0.665311
0.664498
0.668564
0.666531
0.662871
0.660838
0.660024
0.664498
0.664904
0.662464
0.663278
0.664498
0.664904
0.662871
0.662058
0.664904
0.664904
0.662464
0.660838
0.658804
0.658398
0.658804
0.660024
0.661651
0.659211
0.658398
0.660838
0.662464
0.655551
0.657178
0.651891
0.654331
0.660431
0.660431
0.659211
0.657584
0.658804
0.664904
0.665718
0.665311
0.663684
0.667751
0.666938
0.665718
0.664904
0.662871
0.664498
0.662871
0.661651
0.660024
0.662058
0.660431
0.663278
0.660431
0.660838
0.663278
0.664904
0.664498
0.664091
0.663278
0.664498
0.662058
0.661244
0.661244
0.662464
0.660431
0.656771
0.659618
0.660431
0.662058
0.660024
0.660024
0.657178
0.659618
0.664498
0.660431
0.661244
0.659618
0.658804
0.660431
0.658398
0.660838
0.660024
0.660431
0.661244
0.659211
0.661651
0.664091
0.662464
0.662464
0.663278
0.659618
0.660838
0.662058
0.664498
0.660838
0.662464
0.662464
0.661244
0.665311
0.664498
0.664091
0.662464
0.664498
0.665311
0.663278
0.660024
0.660431
0.662871
0.664091
0.661651
0.661651
0.663684
0.662464
0.661244
0.660838
0.661244
0.661651
0.661244
0.662464
0.660024
0.660431
0.659618
0.661651
0.664904
0.663278
0.662871
0.664091
0.664498
0.663684
0.661651
0.662871
0.664091
0.665311
0.662871
0.660838
0.658398
0.659618
0.662058
0.667344
0.666938
0.668158
0.667751
0.664498
0.663684
0.662871
0.665311
0.664498
0.662871
0.664091
0.665718
0.664091
0.661651
0.661651
0.662058
0.662464
0.664904
0.665718
0.666531
0.667751
0.666938
0.666531
0.668564
0.661244
0.662464
0.663684
0.668564
0.664091
0.662058
0.662464
0.663684
0.664904
0.666531
0.662871
0.662058
0.660838
0.660838
0.664091
0.663684
0.661651
0.664904
0.664498
0.662464
0.663278
0.664904
0.668971
0.666938
0.664904
0.668564
0.670191
0.663684
0.660838
0.660838
0.660431
0.667344
0.668158
0.662464
0.662871
0.664091
0.666124
0.667751
0.665311
0.664091
0.662058
0.664904
0.665311
0.665311
0.666938
0.665311
0.663684
0.660838
0.660838
0.658804
0.664091
0.662871
0.660838
0.662871
0.663278
0.665311
0.665718
0.663684
0.664904
0.666938
0.666531
0.666938
0.663278
0.666531
0.666938
0.668158
0.663278
0.660024
0.660431
0.659618
0.662871
0.664091
0.665311
0.665718
0.663278
0.663278
0.662464
0.662058
0.661651
0.662464
0.663278
0.664904
0.666124
0.665311
0.666124
0.667344
0.664498
0.660838
0.661651
0.666531
0.667344
0.664904
0.664904
0.668158
0.668564
0.664498
0.664498
0.664091
0.663684
0.666531
0.667751
0.669378
0.668158
0.666124
0.666938
0.667751
0.667344
0.662058
0.662464
0.664904
0.664498
0.664904
0.662871
0.662464
0.664498
0.664904
0.664904
0.663684
0.665311
0.667751
0.662871
0.663684
0.663684
0.665311
0.666531
0.663278
0.659618
0.661651
0.667751
0.662871
0.663684
0.664091
0.664498
0.665311
0.664904
0.663684
0.661651
0.661244
0.663278
0.662871
0.662871
0.664904
0.664091
0.665718
0.666124
0.665718
0.665311
0.665718
0.666938
0.665718
0.666124
0.665311
0.664498
0.665718
0.664904
0.662871
0.665718
0.665311
0.665311
0.662871
0.664904
0.663278
0.660431
0.660431
0.662871
0.660024
0.661244
0.660431
0.663684
0.663684
0.662464
0.662464
0.656771
0.657584
0.657991
0.662871
0.663684
0.663684
0.663684
0.663278
0.664498
0.666531
0.662464
0.661244
0.662464
0.668158
0.663278
0.664904
0.666938
0.663684
0.667751
0.664091
0.662464
0.660838
0.661651
0.663684
0.666938
0.666531
0.663684
0.664904
0.664498
0.663278
0.664091
0.662058
0.665311
0.663684
0.661651
0.661244
0.664091
0.664091
0.665311
0.665718
0.660838
0.660024
0.661244
0.665311
0.664904
0.662871
0.664091
0.664498
0.666531
0.665718
0.663684
0.665718
0.667751
0.668158
0.669784
0.669378
0.666531
0.664091
0.667751
0.667751
0.664904
0.662871
0.662464
0.665718
0.667344
0.667344
0.665311
0.663684
0.665311
0.666124
0.665311
0.666531
0.665311
0.664904
0.666124
0.666938
0.666938
0.664904
0.664498
0.662871
0.664498
0.666531
0.666531
0.664091
0.662871
0.667751
0.668158
0.666124
0.664091
0.663278
0.665718
0.666124
0.666938
0.667751
0.665718
0.665311
0.663278
0.659211
0.657584
0.667344
0.665718
0.666938
0.664904
0.662871
0.663684
0.668971
0.662464
0.658398
0.662464
0.666124
0.663684
0.662871
0.661244
0.663278
0.664091
0.666938
0.664904
0.662464
0.663684
0.664904
0.666124
0.665718
0.666531
0.664091
0.665311
0.664904
0.664498
0.663278
0.661244
0.661651
0.663278
0.665311
0.664498
0.662058
0.663278
0.664904
0.663684
0.662464
0.664091
0.665311
0.666124
0.666531
0.665311
0.667344
0.666124
0.665718
0.664498
0.665311
0.666938
0.664498
0.667751
0.665311
0.666531
0.666531
0.665718
0.665311
0.666531
0.665718
0.668564
0.665718
0.666124
0.669784
0.666124
0.660838
0.660838
0.663278
0.664904
0.666531
0.666938
0.666531
0.669378
0.668564
0.666938
0.664498
0.662058
0.662058
0.662871
0.664904
0.664091
0.666938
0.666938
0.668158
0.668158
0.667344
0.666124
0.664904
0.666531
0.667344
0.666124
0.667751
0.666124
0.664904
0.665718
0.666938
0.664091
0.664091
0.662058
0.666124
0.664091
0.663278
0.660431
0.667344
0.668564
0.665311
0.662871
0.662464
0.663684
0.665718
0.664904
0.665311
0.666124
0.665311
0.664498
0.664904
0.665718
0.666938
0.666531
0.667344
0.665718
0.665718
0.662464
0.666938
0.665311
0.665718
0.664091
0.666124
0.667751
0.666124
0.666938
0.666531
0.668971
0.666124
0.663278
0.662464
0.664091
0.665718
0.667344
0.667344
0.666124
0.665311
0.664498
0.662871
0.663278
0.664498
0.665311
0.667751
0.666938
0.666938
0.668971
0.666124
0.665718
0.666124
0.666938
0.669378
0.666531
0.666531
0.665718
0.666531
0.667751
0.659618
0.658804
0.662058
0.666531
0.666531
0.666938
0.668971
0.667751
0.664091
0.666531
0.665311
0.664498
0.664091
0.666531
0.667344
0.668564
0.669378
0.666531
0.664498
0.667344
0.664498
0.664498
0.663684
0.665718
0.665718
0.669378
0.668971
0.668971
0.669784
0.666938
0.666531
0.666938
0.666531
0.666531
0.666938
0.667751
0.665718
0.666531
0.666124
0.667751
0.666124
0.664904
0.666124
0.664498
0.667344
0.666938
0.667344
0.666124
0.665718
0.667344
0.666531
0.666531
0.669378
0.668564
0.668158
0.666124
0.664091
0.669378
0.670191
0.668158
0.668158
0.668971
0.667751
0.667344
0.670191
0.668971
0.668971
0.667344
0.666124
0.666124
0.666124
0.668158
0.667751
0.668564
0.667751
0.668158
0.668158
0.666124
0.666124
0.665718
0.665718
0.668971
0.665311
0.669784
0.666938
0.669784
0.664091
0.663684
0.664498
0.664091
0.664904
0.665311
0.666938
0.666531
0.666938
0.666124
0.665718
0.665311
0.665311
0.666124
0.667751
0.666938
0.667751
0.667344
0.669378
0.667344
0.666531
0.666124
0.662464
0.666124
0.666124
0.668158
0.666531
0.667751
0.666938
0.666531
0.664091
0.666531
0.663278
0.666531
0.665718
0.667344
0.666531
0.663684
0.663684
0.667751
0.665311
0.665718
0.667751
0.668971
0.665718
0.669784
0.667344
0.664091
0.667344
0.663278
0.664091
0.666531
0.666938
0.668971
0.670598
0.671411
0.670598
0.669378
0.666531
0.665718
0.661244
0.663278
0.666124
0.667751
0.671411
0.667751
0.667751
0.662058
0.664904
0.664904
0.665311
0.665311
0.665311
0.668971
0.668158
0.668158
0.666531
0.664498
0.663278
0.661651
0.665311
0.667344
0.667344
0.664904
0.663684
0.663684
0.668564
0.668158
0.666938
0.664498
0.664904
0.664904
0.664904
0.665718
0.663684
0.662871
0.661244
0.662464
0.662464
0.665311
0.666531
0.668971
0.664904
0.667344
0.664498
0.662871
0.665718
0.665718
0.665311
0.665311
0.665718
0.663278
0.665311
0.666531
0.664498
0.668564
0.666531
0.665311
0.664498
0.666124
0.664904
0.666124
0.667344
0.666938
0.668158
0.668564
0.664091
0.666124
0.666531
0.668564
0.666124
0.666124
0.666124
0.665311
0.665311
0.667751
0.668158
0.664498
0.663684
0.664498
0.668158
0.666531
0.667344
0.668158
0.668564
0.666124
0.664091
0.666124
0.669784
0.666938
0.668158
0.668971
0.668158
0.666124
0.665718
0.666124
0.665718
0.664904
0.664904
0.666938
0.668971
0.665718
0.666124
0.664904
0.664904
0.666531
0.666938
0.668564
0.663684
0.668158
0.667751
0.667344
0.666531
0.664904
0.663684
0.665311
0.664498
0.663684
0.666938
0.669784
0.668564
0.668971
0.664498
0.666938
0.664904
0.664904
0.664904
0.666938
0.669784
0.669378
0.667344
0.666124
0.662464
0.662871
0.662464
0.664498
0.668158
0.666531
0.668564
0.667751
0.668971
0.665718
0.660838
0.663684
0.662871
0.665311
0.666124
0.666531
0.666531
0.665311
0.662058
0.665311
0.662871
0.662058
0.662871
0.664091
0.663684
0.665311
0.665718
0.664904
0.662058
0.660838
0.663684
0.665311
0.666124
0.666938
0.666124
0.668564
0.666938
0.667344
0.665718
0.664498
0.663684
0.662464
0.664498
0.665311
0.665311
0.667751
0.667751
0.665718
0.665311
0.664904
0.664091
0.666124
0.664498
0.664091
0.667344
0.668158
0.666938
0.666531
0.665311
0.666124
0.667344
0.665311
0.667751
0.667344
0.671004
0.668971
0.667344
0.666531
0.665311
0.664904
0.666124
0.665718
0.664904
0.667344
0.667344
0.666938
0.668971
0.664091
0.663278
0.664498
0.665718
0.663684
0.666124
0.666124
0.665718
0.664091
0.664498
0.667751
0.667344
0.663278
0.668158
0.666531
0.668158
0.665718
0.664904
0.664904
0.667751
0.667344
0.667344
0.666531
0.665311
0.665718
0.666124
0.666938
0.667751
0.668564
0.669784
0.667751
0.666124
0.665718
0.665311
0.664904
0.668158
0.668971
0.664904
0.663684
0.668971
0.664498
0.665718
0.664498
0.665718
0.666124
0.666938
0.666531
0.665718
0.662058
0.665718
0.666124
0.664498
0.669378
0.669378
0.670191
0.669378
0.663684
0.664904
0.666938
0.666531
0.666531
0.669378
0.666124
0.667344
0.667344
0.668564
0.668158
0.666938
0.664904
0.666124
0.664904
0.666124
0.666938
0.666531
0.666531
0.665718
0.666938
0.661651
0.663278
0.664904
0.665311
0.667344
0.666938
0.665718
0.665311
0.664498
0.665311
0.663278
0.666531
0.665311
0.666531
0.668564
0.669784
0.668971
0.668564
0.670191
0.666531
0.666124
0.665718
0.665311
0.666124
0.667751
0.665718
0.667751
0.668158
0.667344
0.667751
0.663278
0.665311
0.666124
0.664498
0.665311
0.666531
0.664091
0.664904
0.665311
0.664904
0.666938
0.665718
0.663684
0.664904
0.662871
0.660431
0.661651
0.659618
0.660024
0.662058
0.665311
0.668158
0.664091
0.665311
0.665311
0.667344
0.666124
0.668158
0.667344
0.668158
0.668971
0.666124
0.663684
0.665311
0.664091
0.664091
0.665311
0.664904
0.665718
0.667344
