0.470516
0.474583
0.481090
0.483123
0.487597
0.494510
0.503457
0.500203
0.503457
0.505897
0.507117
0.509150
0.503050
0.506303
0.506303
0.507117
0.507930
0.508337
0.510777
0.512810
0.511183
0.512810
0.512403
0.514030
0.515250
0.515250
0.517690
0.518503
0.520130
0.520537
0.522570
0.521757
0.521757
0.521350
0.521350
0.524197
0.524197
0.524603
0.527044
0.527857
0.527450
0.528670
0.527857
0.526637
0.528264
0.527857
0.529484
0.530704
0.530297
0.530704
0.531110
0.530297
0.530297
0.531110
0.531110
0.530297
0.529890
0.531110
0.530704
0.531517
0.531517
0.529890
0.531517
0.533144
0.532330
0.530704
0.533144
0.530704
0.529484
0.529890
0.529484
0.529890
0.529484
0.532737
0.531110
0.530297
0.531110
0.527044
0.530704
0.531110
0.531110
0.532737
0.532737
0.531924
0.532737
0.531517
0.532737
0.532330
0.536397
0.535177
0.531517
0.527857
0.522570
0.522977
0.520537
0.520130
0.523383
0.519723
0.519317
0.519723
0.519723
0.519723
0.521350
0.520943
0.521757
0.523790
0.522163
0.524603
0.526637
0.526637
0.530297
0.535177
0.540464
0.542090
0.542497
0.542497
0.540057
0.541684
0.542090
0.541684
0.541277
0.543310
0.543310
0.540464
0.539244
0.537210
0.536804
0.533144
0.530297
0.529890
0.535177
0.535990
0.541277
0.542090
0.542090
0.542090
0.544937
0.546970
0.551444
0.553070
0.551444
0.549817
0.549410
0.548190
0.544124
0.545344
0.546157
0.546564
0.546157
0.543717
0.542497
0.543717
0.543717
0.546970
0.548190
0.547784
0.549004
0.548597
0.549410
0.549410
0.545750
0.543310
0.542090
0.545344
0.544937
0.548597
0.551850
0.553070
0.554290
0.554290
0.555104
0.553884
0.553477
0.551850
0.552664
0.554290
0.555917
0.555104
0.552257
0.551037
0.546564
0.545344
0.546157
0.547377
0.549004
0.553884
0.555510
0.555917
0.559170
0.564457
0.578284
0.579097
0.578691
0.577471
0.579097
0.577471
0.575031
0.579097
0.582757
0.582351
0.586417
0.587637
0.588857
0.591297
0.590891
0.590484
0.589671
0.594957
0.593737
0.592924
0.590484
0.589264
0.585604
0.582351
0.581944
0.581944
0.580317
0.581131
0.580724
0.582757
0.585197
0.585604
0.586824
0.586824
0.585604
0.587231
0.587231
0.588857
0.588044
0.588044
0.588044
0.583164
0.583164
0.582757
0.582351
0.583164
0.583977
0.584791
0.588857
0.589671
0.590891
0.592924
0.593331
0.593737
0.592517
0.590077
0.590077
0.590484
0.590077
0.592111
0.588451
0.591297
0.591704
0.590891
0.590891
0.590484
0.589671
0.589671
0.590891
0.592517
0.594957
0.593737
0.590891
0.590891
0.589671
0.593331
0.590077
0.590077
0.592517
0.591297
0.591704
0.590484
0.589671
0.589671
0.590077
0.590077
0.590891
0.591704
0.591297
0.590077
0.590891
0.590077
0.588857
0.589671
0.590077
0.591704
0.592517
0.590077
0.591704
0.592924
0.594144
0.594957
0.593331
0.591297
0.593331
0.592924
0.593737
0.591297
0.590891
0.593331
0.594957
0.595771
0.593737
0.595771
0.593331
0.592111
0.591297
0.591297
0.591297
0.592517
0.592517
0.592924
0.592111
0.593331
0.593737
0.593737
0.596584
0.596991
0.595771
0.595364
0.594551
0.594144
0.594957
0.595364
0.592111
0.592111
0.591704
0.590891
0.590891
0.592111
0.591297
0.594551
0.594551
0.596584
0.595364
0.595364
0.593331
0.592924
0.588044
0.586011
0.584791
0.585604
0.588451
0.592111
0.592111
0.594957
0.594551
0.594144
0.594551
0.595771
0.596177
0.594957
0.591297
0.590484
0.590891
0.590891
0.592111
0.592517
0.594957
0.592924
0.594551
0.596584
0.596584
0.595364
0.596177
0.594957
0.597804
0.598211
0.596177
0.591704
0.592111
0.592111
0.592517
0.589264
0.590077
0.583977
0.586011
0.590484
0.591297
0.590077
0.590891
0.593331
0.593737
0.594957
0.593331
0.592924
0.590891
0.589264
0.590077
0.590891
0.590484
0.588451
0.590891
0.590891
0.589264
0.591704
0.591297
0.590484
0.592517
0.590484
0.592111
0.592517
0.593737
0.594144
0.593331
0.592111
0.592924
0.594551
0.595364
0.594551
0.594551
0.596177
0.592111
0.591297
0.593331
0.592517
0.592111
0.592924
0.590891
0.590484
0.594144
0.594144
0.594551
0.592111
0.592924
0.592924
0.592111
0.589671
0.590891
0.590891
0.592111
0.591297
0.592111
0.591704
0.592111
0.594957
0.592924
0.594551
0.594144
0.594551
0.597397
0.598211
0.595364
0.596584
0.595364
0.593331
0.592924
0.594551
0.596177
0.594957
0.595364
0.594144
0.594957
0.594957
0.589264
0.587231
0.586011
0.586011
0.586824
0.586011
0.593331
0.593331
0.594144
0.595771
0.596991
0.600651
0.600244
0.601464
0.602684
0.600651
0.596177
0.591704
0.591704
0.592924
0.595771
0.595364
0.595771
0.596991
0.596991
0.598211
0.598211
0.598617
0.598617
0.598211
0.599837
0.601871
0.602277
0.601871
0.600651
0.598617
0.589671
0.590891
0.592111
0.589264
0.591704
0.593737
0.594144
0.595771
0.595364
0.599024
0.600651
0.603497
0.601871
0.601057
0.599837
0.599431
0.599431
0.590077
0.595771
0.591704
0.589671
0.590484
0.586417
0.587637
0.588044
0.588857
0.589671
0.592924
0.594957
0.595364
0.598617
0.601871
0.603904
0.603497
0.602684
0.600244
0.599431
0.599837
0.600244
0.597397
0.595364
0.594551
0.597804
0.600651
0.603904
0.599837
0.603497
0.598211
0.599431
0.601464
0.598617
0.601464
0.595364
0.594957
0.596991
0.599837
0.600244
0.596991
0.594957
0.598211
0.599837
0.599431
0.600651
0.601057
0.596177
0.596177
0.597397
0.593331
0.592924
0.595364
0.593737
0.598211
0.599837
0.599837
0.594551
0.596584
0.594957
0.594144
0.593737
0.594957
0.596991
0.599431
0.599024
0.602277
0.591704
0.583164
0.590077
0.596177
0.601871
0.607157
0.606751
0.605531
0.609191
0.610411
0.607564
0.604311
0.605531
0.601057
0.604311
0.603904
0.604311
0.604717
0.602684
0.601057
0.596177
0.594957
0.601057
0.604717
0.608784
0.610411
0.607971
0.610004
0.607564
0.610817
0.605937
0.604717
0.604311
0.603497
0.601057
0.603091
0.605124
0.603904
0.602277
0.598617
0.603904
0.606344
0.606751
0.602277
0.602277
0.607564
0.612444
0.610004
0.612037
0.609191
0.612037
0.611631
0.607971
0.606751
0.605124
0.608784
0.608784
0.604311
0.603091
0.605124
0.610411
0.609597
0.611224
0.610411
0.612444
0.611224
0.610817
0.608377
0.609191
0.613257
0.614071
0.612851
0.603904
0.611224
0.606344
0.604717
0.605124
0.612851
0.612037
0.609597
0.609191
0.610817
0.613257
0.612444
0.614884
0.614477
0.612851
0.613257
0.616104
0.614477
0.616917
0.615697
0.616511
0.616104
0.617731
0.613257
0.615291
0.614884
0.614884
0.614477
0.615291
0.612851
0.613257
0.612851
0.611631
0.612444
0.615291
0.610004
0.609597
0.609191
0.606751
0.605937
0.606751
0.604311
0.604311
0.607971
0.610004
0.612851
0.617731
0.614071
0.615291
0.613257
0.614477
0.614477
0.616104
0.613257
0.611224
0.616104
0.614477
0.611631
0.611224
0.611631
0.613664
0.615697
0.614477
0.611224
0.610411
0.614071
0.616511
0.615697
0.610004
0.612037
0.612444
0.618544
0.618951
0.616104
0.612851
0.613664
0.613257
0.616511
0.611224
0.613664
0.614477
0.616104
0.614071
0.613664
0.614884
0.616511
0.616104
0.614477
0.612037
0.611224
0.612037
0.614071
0.615291
0.617324
0.616917
0.618137
0.618544
0.616104
0.616104
0.616917
0.614884
0.605124
0.599837
0.601057
0.603497
0.608784
0.612444
0.614884
0.610817
0.607564
0.608377
0.606751
0.608784
0.610817
0.606344
0.609191
0.610817
0.615291
0.616917
0.618137
0.619357
0.620577
0.616104
0.615291
0.615291
0.617731
0.616917
0.616917
0.617324
0.616917
0.617324
0.611224
0.612037
0.613257
0.611631
0.611224
0.612037
0.612851
0.612444
0.616104
0.617731
0.616511
0.614071
0.614477
0.615291
0.616511
0.617731
0.619357
0.615697
0.614071
0.616104
0.612851
0.612037
0.612037
0.610411
0.609191
0.612444
0.614071
0.615291
0.614884
0.613664
0.612851
0.613664
0.615697
0.613664
0.618137
0.620984
0.618544
0.620577
0.621391
0.620171
0.619764
0.616511
0.612851
0.614071
0.610411
0.613257
0.609191
0.613664
0.616104
0.612037
0.609597
0.610411
0.610004
0.611631
0.614884
0.619357
0.619357
0.617324
0.615697
0.616917
0.615291
0.614477
0.615291
0.617731
0.615291
0.610411
0.608784
0.607564
0.605124
0.604717
0.605124
0.607971
0.611224
0.613257
0.611224
0.615291
0.615291
0.616511
0.615291
0.618544
0.616917
0.618544
0.619764
0.617324
0.617324
0.620171
0.621797
0.618137
0.616104
0.611631
0.612444
0.612037
0.614477
0.618544
0.618137
0.621391
0.620577
0.620577
0.616511
0.614477
0.618137
0.619357
0.621391
0.619357
0.616917
0.614884
0.614071
0.612444
0.615291
0.619357
0.618544
0.620577
0.613664
0.620577
0.625051
0.625051
0.625051
0.625051
0.624237
0.621797
0.616511
0.616511
0.620171
0.609597
0.606751
0.602684
0.599837
0.596991
0.601057
0.602277
0.610004
0.611631
0.616917
0.617324
0.623831
0.617324
0.618951
0.616104
0.620984
0.614884
0.616511
0.616104
0.615697
0.615697
0.616917
0.615697
0.616511
0.618137
0.618137
0.619764
0.616511
0.617324
0.617324
0.619764
0.619357
0.618544
0.615697
0.612851
0.613664
0.613664
0.616511
0.618951
0.620171
0.620577
0.618544
0.617324
0.611631
0.614071
0.615291
0.615291
0.613664
0.618544
0.616511
0.612444
0.608377
0.605937
0.605937
0.605124
0.611224
0.610817
0.618544
0.617731
0.618137
0.616104
0.617731
0.618951
0.615291
0.616104
0.617731
0.621391
0.618951
0.615697
0.613257
0.613257
0.614884
0.620171
0.623017
0.621391
0.622611
0.623424
0.620984
0.621797
0.620171
0.619764
0.623017
0.620577
0.621391
0.621391
0.621797
0.623017
0.618951
0.616511
0.615697
0.617731
0.618951
0.620984
0.622204
0.622611
0.622611
0.623017
0.621797
0.622204
0.615697
0.614477
0.617731
0.619357
0.624237
0.624237
0.622204
0.618544
0.618544
0.618137
0.618951
0.618951
0.619357
0.616511
0.615697
0.615697
0.616104
0.615291
0.617731
0.613257
0.610004
0.608377
0.612444
0.612444
0.616511
0.619764
0.624237
0.618951
0.616104
0.616917
0.618137
0.614884
0.614071
0.612037
0.618137
0.616917
0.610817
0.611631
0.611631
0.613664
0.614477
0.617731
0.618544
0.620577
0.622204
0.620984
0.620577
0.620984
0.617731
0.619764
0.618137
0.616917
0.612851
0.616511
0.610817
0.607564
0.607564
0.603497
0.604311
0.607971
0.610817
0.610004
0.615291
0.618544
0.623017
0.620171
0.617324
0.622611
0.621797
0.620984
0.616917
0.614477
0.623424
0.615697
0.612037
0.606751
0.606751
0.605937
0.607971
0.616917
0.619357
0.621797
0.620984
0.620984
0.618137
0.619764
0.620984
0.621797
0.624237
0.614477
0.615697
0.616511
0.615291
0.621391
0.623017
0.619764
0.616917
0.616511
0.619357
0.619764
0.618544
0.621391
0.622204
0.620984
0.620577
0.617731
0.618544
0.618137
0.623424
0.618951
0.617324
0.616511
0.612851
0.613257
0.613664
0.614477
0.618137
0.619357
0.620984
0.618544
0.618137
0.618951
0.619764
0.621391
0.621797
0.620984
0.618544
0.616511
0.618544
0.618137
0.619764
0.615697
0.618951
0.620171
0.618544
0.619764
0.620171
0.618137
0.618544
0.622611
0.621797
0.614477
0.611224
0.612444
0.609191
0.610411
0.612037
0.612851
0.618137
0.618951
0.619764
0.620577
0.619357
0.620577
0.621797
0.614884
0.614071
0.615291
0.614884
0.614477
0.617324
0.620984
0.620171
0.619357
0.625458
0.625864
0.623017
0.623017
0.624644
0.622611
0.623017
0.622204
0.620171
0.618951
0.618951
0.617731
0.618137
0.618544
0.623831
0.624644
0.623424
0.624237
0.619357
0.618137
0.618951
0.615697
0.614884
0.616104
0.617324
0.620984
0.619357
0.618951
0.616511
0.615291
0.616917
0.617731
0.619764
0.618137
0.620984
0.621797
0.623017
0.620577
0.620577
0.622611
0.620171
0.620577
0.619764
0.619764
0.619357
0.620171
0.623017
0.621797
0.622204
0.620577
0.622611
0.622611
0.622204
0.621391
0.622611
0.621391
0.621797
0.622204
0.620984
0.620577
0.622611
0.624237
0.622204
0.620577
0.620984
0.620577
0.621797
0.622611
0.624237
0.621391
0.622611
0.622204
0.623831
0.622611
0.621391
0.618951
0.618544
0.619764
0.620577
0.621391
0.619764
0.618137
0.619764
0.620984
0.620984
0.620577
0.623831
0.624237
0.623831
0.624237
0.622611
0.622611
0.621797
0.625051
0.622611
0.627084
0.621391
0.623424
0.624237
0.620984
0.622204
0.623831
0.620984
0.620171
0.622611
0.624237
0.619764
0.623017
0.619764
0.620577
0.622204
0.620984
0.619357
0.625458
0.623017
0.624644
0.625458
0.623424
0.620171
0.618544
0.621391
0.620984
0.619764
0.619357
0.617324
0.622611
0.618951
0.621391
0.624644
0.623831
0.622204
0.624644
0.622611
0.623831
0.622611
0.620984
0.621797
0.618951
0.615697
0.616104
0.618137
0.618544
0.620171
0.622204
0.619764
0.618137
0.617324
0.616917
0.618951
0.623424
0.622611
0.620577
0.619764
0.616917
0.621797
0.618544
0.621391
0.622611
0.618951
0.614477
0.614884
0.618544
0.620984
0.620984
0.620577
0.620984
0.623831
0.620171
0.618544
0.619764
0.621797
0.621797
0.621797
0.620171
0.624237
0.623424
0.625864
0.628304
0.622611
0.618951
0.621797
0.622611
0.620984
0.623831
0.623424
0.625051
0.626678
0.627898
0.627084
0.623424
0.627084
0.624644
0.620577
0.618137
0.617324
0.616917
0.621797
0.623017
0.624237
0.622611
0.616917
0.620171
0.617324
0.619764
0.618137
0.620577
0.617324
0.621391
0.616917
0.616917
0.618137
0.624237
0.623017
0.623017
0.623017
0.623831
0.624237
0.624237
0.622204
0.623831
0.623831
0.618951
0.618544
0.620577
0.622611
0.625864
0.620577
0.621391
0.619764
0.619764
0.620984
0.622611
0.623424
0.623017
0.624644
0.624644
0.617731
0.616511
0.618137
0.618137
0.615291
0.620577
0.620171
0.618951
0.614071
0.612444
0.611224
0.611631
0.618137
0.621391
0.624237
0.623831
0.623831
0.626271
0.625458
0.623831
0.625458
0.623424
0.620984
0.620171
0.620171
0.618951
0.618137
0.618544
0.619764
0.614884
0.617324
0.613664
0.614477
0.615291
0.620171
0.620171
0.620171
0.622611
0.623424
0.618951
0.612444
0.611224
0.613664
0.621797
0.622611
0.625051
0.624237
0.618137
0.615697
0.616104
0.616511
0.618951
0.621391
0.622611
0.621391
0.627491
0.625458
0.621391
0.620577
0.620577
0.622204
0.625864
0.621391
0.619357
0.617731
0.618137
0.618544
0.618544
0.618951
0.620171
0.620577
0.620577
0.622204
0.623424
0.621797
0.622204
0.620984
0.623424
0.622611
0.620577
0.620984
0.620171
0.621391
0.621797
0.622611
0.622204
0.625864
0.623831
0.624644
0.622611
0.622204
0.621391
0.627084
0.621391
0.618137
0.619764
0.621391
0.621797
0.622611
0.623017
0.623017
0.623831
0.624644
0.625864
0.627491
0.623831
0.618951
0.618137
0.615697
0.617324
0.618137
0.620171
0.623017
0.621797
0.620577
0.619764
0.616917
0.623017
0.619764
0.618544
0.620984
0.619357
0.618951
0.620171
0.620984
0.619764
0.618951
0.618544
0.620577
0.622204
0.624237
0.623424
0.624237
0.622204
0.625864
0.627084
0.624644
0.621391
0.622204
0.621391
0.623424
0.620171
0.623424
0.625051
0.625864
0.629118
0.621391
0.623831
0.624237
0.622204
0.618951
0.619357
0.615697
0.617324
0.615697
0.617731
0.617731
0.616917
0.621797
0.625051
0.623017
0.623831
0.627084
0.624644
0.622204
0.621391
0.623017
0.618544
0.623831
0.620577
0.620577
0.620984
0.621797
0.618544
0.617731
0.619764
0.618137
0.619357
0.618951
0.620577
0.616917
0.615697
0.617324
0.617324
0.618137
0.620577
0.618137
0.620577
0.620577
0.623831
0.620984
0.620577
0.625864
0.618544
0.618137
0.618951
0.620577
0.621391
0.619357
0.619357
0.618137
0.621391
0.619357
0.620984
0.618544
0.618544
0.618951
0.616104
0.619764
0.620171
0.620984
0.621797
0.627084
0.623017
0.618544
0.618544
0.621391
0.620577
0.627898
0.623831
0.617731
0.614071
0.612851
0.612037
0.612851
0.616104
0.616511
0.619764
0.619357
0.621797
0.618137
0.616511
0.614477
0.614884
0.617731
0.620577
0.620984
0.625864
0.617324
0.615697
0.614884
0.614884
0.615697
0.615697
0.617731
0.621797
0.623017
0.625051
0.623424
0.623424
0.625051
0.621391
0.621797
0.622204
0.622204
0.618951
0.619357
0.619764
0.619357
0.618951
0.620171
0.623017
0.624237
0.625051
0.625458
0.622611
0.621797
0.622204
0.621391
0.618951
0.622204
0.621391
0.624237
0.624644
0.622204
0.625458
0.623831
0.623017
0.624644
0.627898
0.628304
0.627898
0.627084
0.622204
0.622204
0.625051
0.622204
0.622611
0.622611
0.623831
0.621797
0.620984
0.623831
0.621391
0.620984
0.622611
0.624237
0.627084
0.626678
0.625864
0.625864
0.627084
0.627084
0.628304
0.624237
0.622204
0.623424
0.621797
0.620577
0.620577
0.620984
0.618544
0.625458
0.618951
0.623831
0.625458
0.623831
0.622611
0.623831
0.623831
0.620984
0.625864
0.620577
0.622611
0.621797
0.624237
0.626678
0.619764
0.627491
0.624644
0.621391
0.622204
0.623424
0.628304
0.625458
0.622611
0.622611
0.622611
0.623831
0.620984
0.620577
0.617731
0.620171
0.623424
0.623424
0.623424
0.621391
0.619357
0.618544
0.621797
0.619764
0.617324
0.620984
0.622611
0.625458
0.621797
0.623424
0.622611
0.623424
0.623831
0.621797
0.620171
0.620171
0.627084
0.628304
0.616511
0.615291
0.614477
0.617324
0.616917
0.617324
0.619764
0.618137
0.618951
0.620984
0.621797
0.615697
0.620171
0.615291
0.616917
0.621797
0.620984
0.618544
0.614884
0.613257
0.615697
0.616511
0.614477
0.618137
0.619357
0.621391
0.622204
0.625458
0.622611
0.623017
0.621797
0.619764
0.623424
0.622611
0.620984
0.624644
0.623017
0.624237
0.623017
0.621391
0.624644
0.621391
0.621797
0.621797
0.626678
0.624237
0.627898
0.626678
0.623831
0.622611
0.622204
0.626678
0.627084
0.625458
0.629118
0.622611
0.624644
0.625458
0.624644
0.623017
0.624644
0.623831
0.627491
0.628304
0.623017
0.627491
0.621391
0.623831
0.621391
0.621391
0.623831
0.621797
0.625864
0.623424
0.622611
0.622611
0.623017
0.624237
0.622611
0.621391
0.618951
0.618544
0.621391
0.622611
0.620171
0.622611
0.621797
0.625458
0.625864
0.622611
0.623017
0.625051
0.624237
0.624237
0.624644
0.620577
0.621391
0.624644
0.626271
0.619357
0.619357
0.620577
0.625864
0.622204
0.621391
0.621797
0.623424
0.623017
0.621391
0.620577
0.623831
0.621391
0.621797
0.619357
0.618951
0.625051
0.623424
0.625864
0.625864
0.625051
0.623831
0.623017
0.621797
0.625864
0.625051
0.622611
0.624644
0.623831
0.622611
0.622611
0.626678
0.623424
0.623831
0.627491
0.625864
0.631151
0.625458
0.625864
0.624237
0.623017
0.625864
0.626271
0.626271
0.625051
0.622204
0.619357
0.620171
0.622611
0.623424
0.624644
0.619764
0.618544
0.617731
0.620171
0.621391
0.622204
0.624644
0.619764
0.624237
0.623831
0.625051
0.621391
0.623831
0.625051
0.624644
0.620984
0.625864
0.619357
0.609191
0.612037
0.617324
0.620577
0.622611
0.621797
0.619764
0.624237
0.624237
0.623424
0.626271
0.623017
0.624237
0.624237
0.627084
0.623424
0.624644
0.624237
0.623831
0.627491
0.626271
0.625864
0.625051
0.624644
0.625864
0.628304
0.626271
0.625864
0.623424
0.622611
0.624644
0.625051
0.625864
0.626271
0.627491
0.623017
0.617731
0.619764
0.618544
0.620577
0.619764
0.620984
0.625458
0.623017
0.623017
0.619764
0.619764
0.621391
0.623017
0.622611
0.624237
0.623424
0.618137
0.620984
0.621391
0.622611
0.624644
0.623831
0.627898
0.627491
0.626678
0.626678
0.626678
0.623831
0.624644
0.621797
0.618137
0.616511
0.616917
0.616917
0.622204
0.624237
0.626678
0.625458
0.625458
0.621797
0.623017
0.626271
0.622204
0.621391
0.620984
0.616104
0.625051
0.627084
0.625458
0.622611
0.620577
0.618544
0.619764
0.621797
0.624644
0.623424
0.625458
0.624644
0.621391
0.616104
0.620171
0.620171
0.631151
0.626271
0.617731
0.616511
0.619764
0.618951
0.619764
0.618951
0.624237
0.625864
0.623831
0.625051
0.624644
0.622204
0.621797
0.620171
0.623831
0.625864
0.623017
0.622611
0.619764
0.623831
0.624237
0.627898
0.628711
0.631151
0.625864
0.624644
0.624644
0.624237
0.623831
0.623831
0.623831
0.626271
0.624237
0.624644
0.626271
0.625864
0.626678
0.627491
0.626271
0.625864
0.625051
0.624237
0.623831
0.624644
0.624237
0.626678
0.628304
0.627491
0.625051
0.625864
0.624644
0.627084
0.625051
0.623424
0.628304
0.625458
0.624644
0.629118
0.629118
0.628304
0.624237
0.623424
0.620984
0.621797
0.622611
0.623424
0.627084
0.623424
0.627084
0.626678
0.626678
0.624644
0.623424
0.627084
0.628711
0.629118
0.626678
0.629524
0.625864
0.630338
0.627491
0.627084
0.625051
0.625458
0.628711
0.625458
0.624644
0.629524
0.625864
0.625051
0.625458
0.625864
0.628304
0.626678
0.625864
0.628711
0.624237
0.623017
0.625864
0.625458
0.628304
0.620577
0.621797
0.627084
0.629931
0.626271
0.623424
0.625051
0.625864
0.623017
0.624644
0.622611
0.630338
0.626271
0.623831
0.624237
0.630338
0.621391
0.623831
0.616511
0.616917
0.617324
0.618137
0.619764
0.620577
0.623017
0.623424
0.625864
0.622611
0.622611
0.621391
0.618137
0.623831
0.621391
0.624644
0.628304
0.626271
0.625051
0.626271
0.627898
0.627491
0.628711
0.628711
0.627491
0.623831
0.626678
0.627491
0.627898
0.628711
0.628711
0.627491
0.632778
0.628304
0.629118
0.633591
0.624237
0.626678
0.627491
0.627898
0.624644
0.626271
0.626271
0.628304
0.627898
0.624644
0.625864
0.628711
0.626678
0.628304
0.627084
0.625051
0.625051
0.624644
0.621391
0.626271
0.626678
0.625458
0.623424
0.627898
0.625458
0.630744
0.630338
0.626678
0.625864
0.631964
0.626678
0.623017
0.625458
0.626271
0.630338
0.626678
0.629524
0.626678
0.633184
0.631151
0.627491
0.628711
0.628711
0.626271
0.628711
0.625864
0.625458
0.625864
0.625864
0.628304
0.627084
0.625864
0.624237
0.627491
0.629524
0.629524
0.623017
0.633184
0.633591
0.629931
0.628711
0.633184
0.633184
0.630338
0.623424
0.633591
0.625051
0.623017
0.630338
0.627898
0.629118
0.626271
0.621797
0.625458
0.625864
0.626678
0.626678
0.620984
0.625051
0.624644
0.626678
0.631151
0.623424
0.625864
0.630744
0.629931
0.630338
0.626271
0.624237
0.624237
0.621391
0.623424
0.628711
0.626678
0.626678
0.623017
0.623831
0.622611
0.627084
0.627491
0.624237
0.620984
0.622611
0.626271
0.624644
0.629524
0.627491
0.625051
0.627491
0.624644
0.623017
0.628304
0.630744
0.628304
0.627898
0.633998
0.623017
0.626678
0.627491
0.628304
0.634404
0.631558
0.634811
0.629524
0.628304
0.630338
0.627084
0.627084
0.627491
0.628711
0.624237
0.625864
0.629118
0.632371
0.631151
0.630338
0.631558
0.631558
0.631964
0.630338
0.632371
0.635624
0.628304
0.627898
0.627898
0.623831
0.623017
0.621391
0.622204
0.625051
0.633184
0.625051
0.625864
0.622611
0.620984
0.620984
0.622611
0.623424
0.624644
0.623424
0.622204
0.626271
0.631151
0.632778
0.629118
0.625864
0.624644
0.621391
0.620577
0.619357
0.619357
0.624237
0.628711
0.625458
0.618951
0.616917
0.621797
0.623424
0.623424
0.623017
0.621797
0.625051
0.625458
0.630338
0.623831
0.621391
0.624644
0.618544
0.621391
0.623017
0.625864
0.625864
0.628711
0.625864
0.624644
0.625458
0.625864
0.627491
0.627898
0.629524
0.628304
0.620577
0.625864
0.625051
0.619764
0.624237
0.629524
0.634811
0.633184
0.628304
0.628711
0.623831
0.624644
0.625458
0.628711
0.629524
0.627084
0.625051
0.623831
0.627084
0.629524
0.632778
0.632371
0.631964
0.628304
0.624644
0.624644
0.626271
0.630338
0.630744
0.631151
0.631558
0.629524
0.631558
0.627491
0.631151
0.635218
0.633591
0.634404
0.634404
0.629931
0.628711
0.627491
0.629118
0.631558
0.629931
0.632371
0.627491
0.633591
0.631151
0.631151
0.633184
0.633998
0.633184
0.631964
0.628304
0.623831
0.619764
0.622611
0.631964
0.631151
0.631964
0.629931
0.631558
0.630744
0.632371
0.631964
0.631558
0.629118
0.629524
0.634404
0.633591
0.630744
0.622204
0.623017
0.631151
0.634811
0.629931
0.630744
0.633184
0.631558
0.624644
0.627898
0.636031
0.631151
0.631558
0.631151
0.632778
0.631558
0.629118
0.627491
0.626271
0.635218
0.627084
0.627491
0.628304
0.632778
0.634404
0.626678
0.627084
0.626678
0.623831
0.631151
0.627491
0.631964
0.633591
0.636031
0.629931
0.632778
0.629118
0.625864
0.623831
0.627491
0.629931
0.629931
0.622204
0.620171
0.618544
0.620171
0.623424
0.625458
0.631558
0.621797
0.620984
0.622204
0.623424
0.636438
0.633591
0.626271
0.627898
0.625458
0.627084
0.630744
0.626271
0.629118
0.632371
0.629118
0.621797
0.618951
0.617731
0.612037
0.614884
0.613664
0.613664
0.618544
0.618544
0.618137
0.622204
0.633591
0.633184
0.628711
0.630744
0.627491
0.626271
0.632371
0.632371
0.633591
0.624237
0.621391
0.620577
0.632778
0.637251
0.633591
0.633591
0.631558
0.630744
0.636031
0.630744
0.629931
0.625051
0.626271
0.630744
0.630744
0.630744
0.630338
0.631964
0.625051
0.626678
0.627084
0.631151
0.631151
0.633591
0.633998
0.632371
0.636031
0.635218
0.633998
0.633998
0.633591
0.635218
0.634811
0.634404
0.635218
0.633998
0.631964
0.627491
0.623017
0.629118
0.629524
0.629931
0.629931
0.625458
0.627898
0.628711
0.632778
0.633184
0.629524
0.636844
0.633184
0.631964
0.637251
0.632778
0.630744
0.629931
0.620171
0.618137
0.620171
0.625051
0.633998
0.632778
0.629524
0.631558
0.629118
0.624644
0.625458
0.627491
0.630744
0.631558
0.632778
0.633998
0.630744
0.632778
0.632778
0.631964
0.629931
0.629931
0.634404
0.629931
0.629524
0.636031
0.634811
0.634811
0.634404
0.627491
0.625458
0.624644
0.624237
0.626271
0.629524
0.623424
0.627491
0.630338
0.623017
0.620984
0.620577
0.617731
0.628304
0.635624
0.636031
0.626678
0.627898
0.635218
0.634811
0.623831
0.617324
0.616511
0.617731
0.617731
0.618951
0.620171
0.623831
0.630744
0.632371
0.627491
0.631558
0.629524
0.624644
0.626271
0.623424
0.622611
0.622611
0.631558
0.635218
0.634811
0.634404
0.634811
0.633184
0.632371
0.634811
0.634811
0.638471
0.634811
0.636031
0.635218
0.639284
0.634404
0.632371
0.633184
0.634404
0.633998
0.634404
0.628711
0.630744
0.633591
0.631151
0.628304
0.624644
0.635218
0.635624
0.631558
0.630744
0.634404
0.640504
0.633591
0.624644
0.624644
0.625051
0.633998
0.633998
0.629118
0.626271
0.630744
0.631558
0.632371
0.633184
0.632778
0.634811
0.631964
0.633998
0.633184
0.633591
0.636438
0.636031
0.635218
0.637658
0.637251
0.638064
0.640098
0.633998
0.638064
0.635624
0.635624
0.629524
0.631151
0.633998
0.636844
0.637251
0.636438
0.633998
0.631151
0.637658
0.630744
0.622611
0.623831
0.631151
0.633184
0.633998
0.628304
0.631151
0.627084
0.624644
0.627898
0.633591
0.635218
0.636031
0.638064
0.635218
0.635218
0.636438
0.638064
0.641318
0.639691
0.631151
0.631964
0.633591
0.629931
0.631964
0.632371
0.631151
0.627898
0.631964
0.629931
0.633184
0.640504
0.640504
0.634404
0.628711
0.628304
0.628304
0.634404
0.631151
0.633591
0.629524
0.631151
0.631964
0.631558
0.627898
0.630744
0.633591
0.635624
0.636031
0.628304
0.623831
0.624644
0.623831
0.623831
0.623424
0.631558
0.637251
0.627084
0.618951
0.619357
0.624237
0.636031
0.632371
0.630338
0.629118
0.629931
0.631151
0.635624
0.616917
0.618951
0.617731
0.616511
0.611631
0.627084
0.635624
0.622611
0.620984
0.620984
0.620577
0.620984
0.627898
0.636844
0.629931
0.623017
0.620577
0.618137
0.619764
0.625051
0.629931
0.632778
0.633591
0.626271
0.629931
0.633591
0.636438
0.639691
0.629118
0.633591
0.642131
0.628711
0.630744
0.634404
0.629524
0.632778
0.627491
0.629931
0.631558
0.631151
0.624644
0.624644
0.623831
0.631558
0.634811
0.623424
0.616511
0.614477
0.620984
0.630338
0.636844
0.634404
0.631558
0.631558
0.631558
0.631558
0.627898
0.623017
0.626271
0.627898
0.629931
0.632371
0.634404
0.632371
0.630744
0.625864
0.625051
0.633998
0.631964
0.633591
0.631964
0.634811
0.631151
0.630744
0.628304
0.625864
0.625458
0.629118
0.627898
0.628711
0.628711
0.629524
0.629524
0.631151
0.633998
0.631964
0.632371
0.634811
0.633998
0.629524
0.628304
0.627898
0.623831
0.620171
0.623831
0.622611
0.629524
0.628304
0.627084
0.629524
0.638878
0.631964
0.631558
0.630744
0.629931
0.632778
0.639691
0.634404
0.633184
0.628711
0.629524
0.629524
0.631558
0.633184
0.634404
0.637251
0.637658
0.633184
0.633591
0.633998
0.632778
0.630744
0.628304
0.633184
0.633998
0.631964
0.630338
0.633184
0.633591
0.632778
0.631558
0.627084
0.637658
0.627084
0.625051
0.626678
0.628711
0.638471
0.630744
0.634404
0.632371
0.636031
0.630744
0.629931
0.627491
0.631151
0.634404
0.636438
0.631558
0.633998
0.635218
0.631558
0.624237
0.625458
0.630338
0.633998
0.626271
0.627084
0.627491
0.627084
0.633591
0.630744
0.616104
0.612444
0.614071
0.616104
0.620577
0.629931
0.631558
0.619357
0.620171
0.615697
0.621797
0.626271
0.625864
0.623424
0.631558
0.633998
0.636031
0.624644
0.620577
0.622204
0.629118
0.639691
0.629524
0.630744
0.627491
0.625458
0.626271
0.627084
0.629524
0.631151
0.633998
0.629524
0.631151
0.632371
0.632778
0.632778
0.627084
0.634404
0.637658
0.631558
0.632371
0.630744
0.632778
0.632778
0.638064
0.637251
0.633184
0.629118
0.629931
0.636844
0.641318
0.639691
0.632371
0.636031
0.640504
0.637251
0.630744
0.629931
0.630338
0.633998
0.640504
0.636438
0.636844
0.637658
0.637658
0.638471
0.638064
0.640098
0.637658
0.638064
0.637658
0.631151
0.640504
0.640911
0.642538
0.638471
0.638064
0.640504
0.640504
0.644978
0.633998
0.636031
0.636438
0.633998
0.634404
0.634811
0.637658
0.638471
0.640911
0.640911
0.638878
0.634404
0.633998
0.630338
0.618544
0.620171
0.615697
0.615697
0.623017
0.630744
0.635624
0.629118
0.622611
0.625458
0.627084
0.628304
0.633184
0.638064
0.637658
0.633184
0.630338
0.629931
0.630744
0.633998
0.635624
0.635624
0.629931
0.633184
0.633591
0.629931
0.626678
0.626271
0.626678
0.629118
0.633184
0.631558
0.629931
0.635218
0.638471
0.635218
0.633998
0.641318
0.629931
0.630338
0.632371
0.630744
0.631558
0.631151
0.631151
0.633591
0.636844
0.635624
0.637658
0.635218
0.637251
0.636031
0.631558
0.627491
0.632371
0.635218
0.633998
0.631964
0.634811
0.630744
0.625864
0.629118
0.634811
0.634404
0.639691
0.636438
0.635624
0.639691
0.638471
0.637251
0.628711
0.622611
0.621797
0.619357
0.622611
0.626271
0.632371
0.627898
0.625458
0.626678
0.627898
0.632778
0.641724
0.627898
0.622611
0.621797
0.622611
0.629524
0.636844
0.632778
0.635218
0.635218
0.633184
0.631964
0.635218
0.638471
0.636438
0.637251
0.637658
0.638064
0.638064
0.638064
0.636844
0.637251
0.637251
0.636844
0.640098
0.638471
0.638878
0.640911
0.640504
0.631558
0.639691
0.641318
0.638471
0.636031
0.642944
0.638471
0.642131
0.640911
0.641724
0.640504
0.638878
0.641724
0.638064
0.637658
0.635624
0.630744
0.633184
0.634811
0.638878
0.629524
0.631151
0.632778
0.638878
0.631151
0.631151
0.632778
0.642538
0.634811
0.633998
0.630744
0.636844
0.631964
0.629524
0.632371
0.632371
0.640504
0.640098
0.638471
0.639284
0.640504
0.642131
0.640098
0.640911
0.635218
0.636438
0.636438
0.629931
0.633591
0.640098
0.640504
0.639284
0.638064
0.638064
0.635218
0.637658
0.636844
0.638064
0.638064
0.636031
0.630338
0.630338
0.632778
0.645384
0.642131
0.638878
0.642131
0.644164
0.636844
0.642131
0.634811
0.631558
0.632778
0.633998
0.635218
0.631151
0.640504
0.635218
0.634811
0.645791
0.632371
0.627084
0.628711
0.631964
0.640504
0.640098
0.630338
0.633184
0.640911
0.641318
0.632371
0.634404
0.636844
0.636438
0.641724
0.633591
0.627491
0.625051
0.625458
0.636031
0.639691
0.633591
0.631964
0.632371
0.641318
0.637251
0.636438
0.640911
0.636031
0.636438
0.636844
0.636031
0.636844
0.642538
0.640504
0.645384
0.648231
0.647824
0.646198
0.641724
0.645791
0.631151
0.626678
0.630744
0.632371
0.636031
0.642131
0.642131
0.641318
0.640504
0.637658
0.639691
0.639691
0.639284
0.642538
0.636844
0.634811
0.635624
0.639284
0.636438
0.634404
0.635218
0.638878
0.643351
0.642944
0.640911
0.634811
0.637658
0.636844
0.636031
0.641318
0.644164
0.638878
0.634404
0.634811
0.630744
0.629524
0.629931
0.628304
0.627491
0.629931
0.639284
0.634811
0.632371
0.630744
0.632778
0.639284
0.640098
0.627898
0.629524
0.626271
0.630338
0.637251
0.643351
0.625864
0.622611
0.619357
0.619357
0.621797
0.625458
0.640098
0.636031
0.638064
0.638471
0.640098
0.643758
0.633998
0.629931
0.631558
0.631964
0.631558
0.636031
0.634404
0.636031
0.635624
0.638064
0.631151
0.634811
0.636031
0.637251
0.634811
0.635218
0.637251
0.640098
0.644164
0.640911
0.639284
0.641318
0.641318
0.642131
0.645791
0.642131
0.642944
0.640504
0.640504
0.640098
0.637658
0.639691
0.638064
0.640911
0.640098
0.642944
0.644978
0.645791
0.649451
0.649858
0.652298
0.649858
0.649044
0.649044
0.637658
0.636844
0.636031
0.637658
0.629118
0.629118
0.637658
0.630338
0.632778
0.644164
0.644571
0.644571
0.644571
0.645384
0.647011
0.643758
0.640911
0.641318
0.641318
0.642538
0.646198
0.636438
0.635624
0.636438
0.646198
0.635624
0.640504
0.634811
0.632371
0.638878
0.640504
0.647418
0.637658
0.635218
0.640098
0.633998
0.628711
0.631964
0.630338
0.633184
0.640504
0.637658
0.644978
0.644978
0.646198
0.646198
0.643758
0.640098
0.643351
0.640098
0.645384
0.645384
0.641724
0.633998
0.630744
0.640504
0.637658
0.642944
0.640911
0.639691
0.642944
0.638878
0.640504
0.640504
0.636031
0.633591
0.635624
0.648231
0.643351
0.643758
0.649044
0.639691
0.642944
0.640098
0.639691
0.640098
0.644571
0.647824
0.645384
0.646604
0.647824
0.645791
0.648231
0.643758
0.638064
0.638064
0.647824
0.643758
0.646198
0.642944
0.644164
0.641724
0.647011
0.646604
0.647418
0.650671
0.643351
0.639284
0.639284
0.641318
0.646604
0.649858
0.647011
0.652704
0.646604
0.639284
0.642131
0.648638
0.640504
0.646604
0.644978
0.635218
0.638471
0.637658
0.639691
0.646604
0.647418
0.647011
0.643758
0.643758
0.644571
0.647011
0.649451
0.649044
0.644978
0.647418
0.643758
0.646604
0.645384
0.645791
0.646604
0.647418
0.647011
0.639284
0.639691
0.647011
0.651078
0.648231
0.643758
0.644164
0.645791
0.647418
0.647418
0.647011
0.651078
0.647418
0.651484
0.651078
0.648638
0.644978
0.648231
0.647418
0.649044
0.649858
0.646198
0.640098
0.640098
0.648638
0.648231
0.650671
0.640911
0.635624
0.632778
0.635218
0.643351
0.635624
0.632778
0.644978
0.638064
0.637251
0.647418
0.646604
0.651078
0.642944
0.641318
0.643758
0.645384
0.643351
0.646604
0.641724
0.636844
0.639284
0.640911
0.647824
0.642944
0.639691
0.648231
0.641724
0.642538
0.642944
0.641318
0.639284
0.647418
0.636031
0.633184
0.636844
0.646604
0.642538
0.646198
0.648638
0.640504
0.651891
0.646198
0.645791
0.639284
0.639284
0.642538
0.645791
0.645384
0.638878
0.639691
0.645791
0.648638
0.649451
0.643351
0.643758
0.640911
0.642538
0.644571
0.649044
0.651078
0.649858
0.641724
0.640504
0.640504
0.647824
0.646604
0.638064
0.636844
0.636844
0.643758
0.646604
0.649044
0.646198
0.646604
0.644978
0.644571
0.644164
0.647824
0.638878
0.640504
0.645791
0.641724
0.636031
0.639691
0.635624
0.644164
0.641318
0.643758
0.636844
0.640098
0.640098
0.647824
0.647011
0.650264
0.649858
0.654331
0.644164
0.644571
0.644164
0.641318
0.646198
0.638064
0.636438
0.641724
0.634811
0.628304
0.629524
0.639284
0.643758
0.652298
0.645791
0.651484
0.646604
0.642538
0.642944
0.641318
0.647418
0.645791
0.642131
0.641724
0.640098
0.635624
0.638064
0.635218
0.636844
0.639284
0.644571
0.645791
0.643351
0.642538
0.648231
0.642538
0.640911
0.641724
0.636031
0.639691
0.647824
0.639691
0.643351
0.644978
0.641724
0.642538
0.642538
0.640504
0.644978
0.646604
0.632371
0.627084
0.626271
0.629931
0.631558
0.648638
0.641318
0.645791
0.642538
0.640911
0.645384
0.647011
0.640911
0.646604
0.641318
0.640098
0.641318
0.648231
0.649044
0.645384
0.644164
0.646198
0.643351
0.639691
0.640504
0.638878
0.639284
0.642538
0.641318
0.645384
0.644978
0.644571
0.642538
0.641724
0.639284
0.641724
0.643758
0.650671
0.638471
0.634404
0.633998
0.638471
0.646604
0.645791
0.642538
0.639284
0.636438
0.640098
0.642131
0.640504
0.642944
0.638064
0.634811
0.633591
0.638878
0.644164
0.644571
0.644164
0.645384
0.651484
0.643758
0.640098
0.643758
0.638064
0.637251
0.638878
0.641724
0.643758
0.642131
0.642538
0.644571
0.643758
0.644164
0.639691
0.640504
0.649044
0.653111
0.650264
0.649451
0.644571
0.642944
0.643351
0.642131
0.641724
0.646604
0.643351
0.645791
0.644571
0.649044
0.649858
0.650671
0.646198
0.645384
0.644164
0.645791
0.645384
0.642944
0.643351
0.643758
0.648231
0.636844
0.642538
0.642538
0.646198
0.648638
0.645791
0.645791
0.647011
0.641724
0.641318
0.641318
0.638878
0.647824
0.649451
0.644978
0.647011
0.646604
0.645384
0.640504
0.637658
0.634404
0.636031
0.638064
0.634404
0.643758
0.632778
0.632778
0.633591
0.638878
0.640911
0.640911
0.645791
0.642944
0.645384
0.646604
0.637251
0.643351
0.639284
0.639691
0.641724
0.642131
0.644978
0.643351
0.642944
0.644978
0.646198
0.641318
0.644978
0.649858
0.646198
0.654331
0.647418
0.645384
0.641724
0.643758
0.645384
0.645791
0.649044
0.647418
0.648638
0.642538
0.646604
0.644978
0.638471
0.642131
0.647824
0.644978
0.639691
0.642131
0.637658
0.641724
0.639691
0.641318
0.640504
0.641318
0.645791
0.646604
0.642538
0.642538
0.640504
0.640504
0.639284
0.646198
0.642944
0.638471
0.638878
0.641724
0.640098
0.638471
0.644571
0.639691
0.641318
0.639284
0.642538
0.646198
0.645791
0.651078
0.645791
0.638878
0.638064
0.640504
0.644164
0.645791
0.647418
0.639691
0.642131
0.641318
0.639284
0.642538
0.644164
0.645791
0.643758
0.646198
0.644978
0.645791
0.644571
0.646198
0.643758
0.642131
0.640098
0.641318
0.642538
0.646604
0.642538
0.643351
0.645791
0.644978
0.646198
0.645791
0.646604
0.642944
0.639691
0.639691
0.642131
0.644571
0.646198
0.639691
0.639691
0.641724
0.643758
0.643351
0.645791
0.645384
0.645384
0.644164
0.643758
0.642131
0.642131
0.647011
0.650671
0.642538
0.645384
0.638064
0.636844
0.637251
0.634404
0.638064
0.642131
0.644978
0.650264
0.642131
0.649451
0.648638
0.649451
0.651078
0.650264
0.648638
0.647418
0.645384
0.644164
0.644164
0.644978
0.642538
0.639691
0.640504
0.644164
0.644164
0.651078
0.648638
0.647011
0.649451
0.649044
0.651078
0.638878
0.653518
0.645384
0.644571
0.642538
0.650671
