0.412769
0.411956
0.412363
0.413176
0.412769
0.413989
0.413583
0.413176
0.413176
0.415209
0.424969
0.576657
0.588044
0.588451
0.589264
0.587637
0.587637
0.588451
0.588044
0.587637
0.588044
0.588857
0.588857
0.588857
0.588451
0.588451
0.588451
0.587637
0.586824
0.586824
0.587231
0.587231
0.587231
0.587231
0.587231
0.587231
0.586824
0.586824
0.586824
0.586824
0.586824
0.586824
0.586824
0.586824
0.586824
0.586824
0.586417
0.586417
0.586417
0.586824
0.586824
0.586417
0.586417
0.586417
0.586824
0.586824
0.587231
0.587231
0.587231
0.587231
0.587231
0.587637
0.587637
0.587637
0.587637
0.587637
0.587637
0.587637
0.587637
0.587637
0.587637
0.587637
0.587637
0.587637
0.588044
0.587637
0.587231
0.587637
0.587637
0.587637
0.587637
0.587637
0.587637
0.588044
0.587637
0.587637
0.587637
0.587637
0.587231
0.587231
0.587637
0.587231
0.586824
0.586417
0.585197
0.586011
0.586011
0.586011
0.585604
0.585604
0.586824
0.587231
0.587637
0.586824
0.588044
0.588044
0.587637
0.588451
0.590077
0.590484
0.590077
0.589671
0.590891
0.592111
0.592517
0.591297
0.591704
0.593737
0.593737
0.594551
0.597804
0.597804
0.599024
0.601057
0.600651
0.601871
0.602684
0.605124
0.607157
0.606751
0.607971
0.607971
0.605937
0.603904
0.606751
0.605937
0.607971
0.606751
0.607157
0.606344
0.607157
0.605124
0.606344
0.606751
0.604717
0.605531
0.604717
0.603904
0.605937
0.603497
0.606344
0.605937
0.603497
0.603904
0.604717
0.604311
0.607157
0.608784
0.609597
0.610411
0.608377
0.606751
0.605124
0.603497
0.603497
0.602684
0.603497
0.605531
0.606344
0.605937
0.605531
0.603497
0.603497
0.605937
0.606344
0.605124
0.607157
0.605937
0.605937
0.605937
0.605531
0.600651
0.601871
0.603904
0.604717
0.607157
0.607971
0.607157
0.609191
0.608784
0.608377
0.608377
0.608784
0.608784
0.605937
0.607564
0.608377
0.609191
0.610004
0.608377
0.607157
0.607971
0.607564
0.609597
0.611631
0.612037
0.610817
0.609597
0.610004
0.609597
0.609191
0.609597
0.611224
0.611631
0.610817
0.612444
0.612444
0.614071
0.612444
0.612037
0.611631
0.611631
0.612037
0.612037
0.611631
0.612444
0.612444
0.612851
0.613257
0.612444
0.613257
0.614071
0.616104
0.616511
0.616511
0.615291
0.614884
0.613664
0.612037
0.612851
0.613257
0.613257
0.614477
0.613664
0.614071
0.614477
0.614477
0.614071
0.615291
0.614071
0.614884
0.615291
0.614884
0.614071
0.614884
0.615291
0.615697
0.615697
0.614071
0.615697
0.615697
0.615697
0.616511
0.616104
0.617731
0.616917
0.616104
0.615291
0.613257
0.614884
0.616511
0.615291
0.615697
0.616917
0.616104
0.616917
0.615697
0.616511
0.615291
0.616104
0.615291
0.616104
0.616511
0.615697
0.616511
0.616917
0.616104
0.616511
0.616511
0.616104
0.616511
0.616917
0.617731
0.616104
0.616104
0.616511
0.616511
0.616104
0.616511
0.616104
0.616511
0.614884
0.615291
0.615291
0.616104
0.616917
0.616917
0.615697
0.617324
0.615697
0.616104
0.616104
0.616511
0.616511
0.616511
0.617324
0.615291
0.615697
0.616511
0.616917
0.616917
0.616511
0.615697
0.616917
0.616104
0.616104
0.615291
0.615697
0.616511
0.616511
0.616917
0.616104
0.617324
0.616917
0.616104
0.616104
0.616104
0.616104
0.617324
0.617324
0.616511
0.614884
0.616917
0.616511
0.615291
0.616104
0.614884
0.614884
0.614884
0.615697
0.614884
0.617324
0.614884
0.615291
0.616511
0.616511
0.615697
0.616511
0.617324
0.616104
0.616104
0.615697
0.616104
0.617731
0.618951
0.617731
0.616917
0.615697
0.615697
0.615697
0.616511
0.616917
0.616511
0.616104
0.616917
0.617324
0.615291
0.616104
0.616104
0.616917
0.614884
0.615697
0.616511
0.616104
0.616104
0.614071
0.614884
0.614477
0.614071
0.615697
0.614477
0.615291
0.617324
0.616917
0.615697
0.616917
0.616511
0.618951
0.618137
0.618544
0.617324
0.616511
0.616917
0.616917
0.615697
0.618544
0.618951
0.618951
0.618544
0.618951
0.618137
0.616511
0.615697
0.616511
0.616917
0.617324
0.616104
0.616511
0.616511
0.616511
0.616511
0.617324
0.616511
0.616511
0.616511
0.615291
0.616917
0.616917
0.616917
0.616104
0.616104
0.616917
0.616917
0.616511
0.615291
0.615291
0.615697
0.615697
0.616511
0.616511
0.615697
0.617324
0.616104
0.616511
0.616104
0.615291
0.614884
0.614884
0.616511
0.616104
0.616511
0.618137
0.616104
0.616511
0.616917
0.616917
0.616104
0.616511
0.616917
0.616917
0.617731
0.617731
0.617324
0.616104
0.617324
0.616917
0.616104
0.616917
0.616511
0.617731
0.617324
0.616917
0.617324
0.617731
0.618137
0.617731
0.617324
0.617324
0.617324
0.616917
0.617324
0.616511
0.616917
0.615697
0.616104
0.616511
0.616511
0.616511
0.616511
0.617731
0.616917
0.616511
0.616511
0.616104
0.615291
0.616104
0.615697
0.616917
0.617324
0.616511
0.617324
0.618137
0.618544
0.618137
0.617731
0.618137
0.617731
0.618951
0.618544
0.619357
0.618544
0.618544
0.618544
0.618544
0.618544
0.618951
0.618544
0.619357
0.618137
0.618951
0.618544
0.618544
0.618137
0.618544
0.617731
0.617731
0.616917
0.616917
0.616917
0.616917
0.616917
0.616917
0.616511
0.616511
0.616917
0.617324
0.618137
0.617731
0.618544
0.618951
0.618951
0.617324
0.618137
0.618544
0.618544
0.618137
0.618137
0.618544
0.619357
0.618951
0.618951
0.618951
0.619764
0.618544
0.618951
0.618951
0.619764
0.618951
0.619357
0.619357
0.619357
0.618951
0.618137
0.619357
0.619357
0.620171
0.620577
0.620171
0.619357
0.619357
0.619764
0.619764
0.619764
0.620171
0.620984
0.620577
0.620577
0.620984
0.620171
0.620171
0.620577
0.620577
0.619357
0.619357
0.620577
0.619764
0.620577
0.619764
0.619764
0.619764
0.619764
0.619357
0.618951
0.619357
0.619357
0.618951
0.620171
0.618951
0.619357
0.619357
0.620171
0.619357
0.619764
0.619357
0.620577
0.620171
0.620984
0.620984
0.621797
0.621391
0.620984
0.620171
0.619357
0.620577
0.620984
0.620984
0.620577
0.620577
0.620984
0.620984
0.620984
0.620577
0.620984
0.621797
0.620577
0.620984
0.619764
0.620577
0.620171
0.620577
0.620577
0.622611
0.621797
0.621797
0.621797
0.622611
0.622204
0.622204
0.621797
0.619357
0.619357
0.620171
0.621391
0.620577
0.620984
0.622204
0.621797
0.621797
0.621797
0.622611
0.622611
0.622204
0.621797
0.622204
0.622204
0.622204
0.622204
0.621797
0.622204
0.623017
0.621797
0.623017
0.620984
0.621391
0.623017
0.623017
0.622611
0.622611
0.623017
0.622611
0.623831
0.624237
0.624644
0.624237
0.622204
0.621797
0.622611
0.623017
0.622611
0.622611
0.623017
0.622611
0.622204
0.621797
0.621797
0.621391
0.621391
0.621797
0.620577
0.621391
0.620984
0.621391
0.621391
0.621797
0.622204
0.623017
0.623017
0.623424
0.623424
0.623017
0.622611
0.623831
0.622611
0.621797
0.622611
0.623831
0.623831
0.622204
0.622204
0.623831
0.623424
0.623424
0.622611
0.621797
0.622204
0.623424
0.623831
0.623831
0.623017
0.622611
0.622611
0.623017
0.621797
0.622204
0.623017
0.623424
0.623424
0.623831
0.622611
0.624644
0.624644
0.622611
0.623017
0.623017
0.623424
0.623424
0.623017
0.623831
0.623424
0.622611
0.623017
0.623831
0.623831
0.623424
0.623017
0.623424
0.622611
0.620577
0.622204
0.620984
0.620577
0.622204
0.621391
0.621797
0.621797
0.621797
0.622204
0.621797
0.621391
0.622204
0.622204
0.621797
0.621797
0.621797
0.621391
0.621391
0.621391
0.622611
0.621797
0.623424
0.623831
0.623424
0.623831
0.623424
0.623831
0.623831
0.622611
0.621797
0.621797
0.623017
0.623017
0.622611
0.622611
0.622611
0.623017
0.623017
0.621797
0.621797
0.623017
0.622204
0.620577
0.620984
0.620984
0.621391
0.620984
0.622204
0.622611
0.622204
0.621797
0.622611
0.621797
0.622611
0.623017
0.623424
0.624237
0.623831
0.624237
0.624237
0.623424
0.624644
0.624237
0.623424
0.623831
0.623017
0.623017
0.623017
0.623017
0.622611
0.623017
0.622611
0.623017
0.623424
0.623017
0.622611
0.622611
0.622204
0.623424
0.623017
0.622611
0.621391
0.621797
0.621391
0.623424
0.623831
0.622611
0.623424
0.625051
0.625051
0.625458
0.625864
0.625864
0.625864
0.624644
0.623831
0.623017
0.623831
0.624644
0.625051
0.625864
0.625864
0.624644
0.624237
0.623017
0.624237
0.624237
0.625051
0.624644
0.625864
0.624644
0.623424
0.623424
0.623017
0.623424
0.623424
0.625864
0.625458
0.624644
0.624644
0.624644
0.624644
0.624644
0.624644
0.624644
0.625864
0.625458
0.625864
0.625051
0.624644
0.624237
0.625458
0.624237
0.624644
0.624237
0.625458
0.625051
0.624644
0.625458
0.625864
0.625864
0.625051
0.625864
0.625864
0.625864
0.624644
0.626271
0.624237
0.624237
0.624644
0.625458
0.625051
0.625051
0.625051
0.625458
0.625051
0.625458
0.625864
0.625458
0.625458
0.625458
0.625458
0.625051
0.624644
0.624237
0.625864
0.625864
0.624237
0.624237
0.624237
0.623424
0.623424
0.625458
0.625051
0.625458
0.623831
0.624237
0.624237
0.624237
0.623831
0.625864
0.625051
0.625051
0.625051
0.625864
0.623831
0.623831
0.625051
0.625458
0.625458
0.624644
0.625051
0.625458
0.625458
0.625458
0.626271
0.624644
0.624644
0.625458
0.624644
0.624237
0.625864
0.625051
0.624237
0.624237
0.623017
0.622611
0.622611
0.623017
0.624644
0.625051
0.625864
0.624237
0.625051
0.624237
0.625458
0.625051
0.624237
0.624237
0.624237
0.624644
0.625051
0.624644
0.625864
0.625051
0.624644
0.624237
0.625458
0.625458
0.626271
0.623017
0.622611
0.623424
0.624644
0.625458
0.624237
0.620984
0.619357
0.619764
0.623017
0.623831
0.624644
0.623831
0.623831
0.623424
0.623831
0.623017
0.624237
0.625458
0.625458
0.625458
0.624237
0.621797
0.622611
0.623424
0.625051
0.625458
0.625864
0.622204
0.623424
0.622611
0.624644
0.625051
0.623424
0.623017
0.622204
0.620171
0.621797
0.624237
0.625051
0.625051
0.625051
0.624644
0.624644
0.625051
0.625051
0.624644
0.625458
0.625864
0.625051
0.624644
0.626271
0.626678
0.626678
0.626271
0.625458
0.625864
0.626271
0.626678
0.625864
0.625458
0.626271
0.625458
0.624644
0.625458
0.625458
0.625458
0.624644
0.624644
0.624644
0.624644
0.624237
0.625051
0.624644
0.624644
0.624644
0.623831
0.623017
0.624237
0.625051
0.624644
0.624237
0.624644
0.625051
0.625051
0.625051
0.623831
0.623424
0.623424
0.623831
0.624644
0.625051
0.625051
0.625458
0.626678
0.626271
0.624644
0.625051
0.625864
0.626678
0.626678
0.625051
0.624237
0.624237
0.623831
0.623831
0.624644
0.624237
0.624237
0.625864
0.626678
0.626678
0.626678
0.626271
0.625458
0.623831
0.622204
0.624237
0.623424
0.623017
0.624237
0.624237
0.626271
0.626678
0.626271
0.625864
0.624644
0.626271
0.625458
0.625051
0.624644
0.624237
0.624644
0.623831
0.623017
0.623017
0.622611
0.624237
0.624237
0.624237
0.625458
0.626678
0.626678
0.625864
0.622611
0.622204
0.623831
0.623424
0.623017
0.623424
0.623424
0.625458
0.626271
0.625051
0.623424
0.624644
0.624237
0.624237
0.625458
0.623831
0.623424
0.623831
0.623831
0.621797
0.622204
0.622204
0.623424
0.623831
0.626271
0.625458
0.626678
0.625864
0.624644
0.622204
0.622611
0.623831
0.624644
0.624644
0.624237
0.623831
0.623424
0.623831
0.625051
0.623424
0.623424
0.624237
0.624644
0.624644
0.624644
0.624237
0.624237
0.624237
0.624644
0.622204
0.623017
0.624644
0.624644
0.624237
0.623831
0.624644
0.624237
0.623831
0.620984
0.621391
0.623831
0.625051
0.625458
0.624644
0.624644
0.624644
0.625051
0.624644
0.621391
0.621797
0.624237
0.624644
0.624237
0.624237
0.625051
0.623424
0.621797
0.623831
0.623831
0.623017
0.623017
0.623831
0.623831
0.624237
0.625051
0.625458
0.623831
0.623017
0.623424
0.623424
0.623831
0.623831
0.624237
0.624237
0.623831
0.624237
0.623424
0.623424
0.622611
0.623424
0.623831
0.623424
0.623424
0.623424
0.623424
0.623017
0.623017
0.622611
0.623424
0.623424
0.622611
0.623424
0.623017
0.623017
0.623424
0.623017
0.623424
0.622204
0.622204
0.622611
0.623017
0.623424
0.623017
0.622204
0.622611
0.623017
0.623017
0.622204
0.622204
0.622611
0.622611
0.622611
0.622611
0.622204
0.621797
0.621797
0.622611
0.622611
0.623424
0.623424
0.623424
0.624237
0.623424
0.622204
0.623017
0.623424
0.622204
0.624237
0.625458
0.626271
0.626271
0.625458
0.625864
0.625051
0.622204
0.622611
0.623424
0.623424
0.623831
0.623831
0.621391
0.624237
0.625051
0.623424
0.622611
0.622204
0.623017
0.623424
0.624237
0.624644
0.623831
0.623017
0.623424
0.624644
0.624237
0.624237
0.624644
0.624644
0.623424
0.623424
0.623424
0.623424
0.624644
0.625051
0.625458
0.625051
0.623424
0.623424
0.623424
0.624644
0.623017
0.623831
0.624237
0.624237
0.623831
0.624237
0.625051
0.624237
0.623424
0.624237
0.624237
0.624237
0.624237
0.623831
0.623831
0.624237
0.624237
0.623831
0.624237
0.623424
0.623424
0.624237
0.624237
0.624237
0.625051
0.624644
0.624644
0.624644
0.624644
0.624644
0.624644
0.625458
0.625458
0.625458
0.625051
0.624644
0.624644
0.624644
0.624237
0.625051
0.625458
0.625458
0.626271
0.625864
0.624644
0.623017
0.623424
0.623017
0.622611
0.623831
0.623424
0.623424
0.623831
0.623424
0.625458
0.625051
0.625864
0.624237
0.623831
0.625051
0.625051
0.624237
0.623017
0.624644
0.624237
0.623831
0.623831
0.624237
0.622611
0.624644
0.624644
0.625051
0.625051
0.623424
0.623831
0.624237
0.623831
0.623017
0.623424
0.623831
0.623424
0.624237
0.624644
0.625051
0.625051
0.624237
0.623831
0.624237
0.622611
0.623017
0.623424
0.623017
0.623424
0.622611
0.622204
0.623424
0.624237
0.623424
0.623017
0.623831
0.623831
0.623017
0.623424
0.622204
0.622204
0.623017
0.623424
0.622204
0.622204
0.622204
0.621797
0.623831
0.622611
0.621797
0.622204
0.622611
0.623017
0.623017
0.623831
0.622204
0.623017
0.623017
0.622611
0.622204
0.622204
0.622204
0.623017
0.622611
0.622611
0.623017
0.622611
0.622611
0.623017
0.623017
0.623017
0.622611
0.623017
0.623017
0.622204
0.621797
0.620984
0.621391
0.622611
0.623017
0.624237
0.625051
0.625051
0.622204
0.621391
0.623017
0.622204
0.622204
0.621391
0.621797
0.622204
0.621797
0.622204
0.622611
0.623831
0.624644
0.624237
0.622611
0.622611
0.624237
0.622611
0.621797
0.623017
0.621797
0.622204
0.622611
0.624237
0.624237
0.623017
0.621797
0.621797
0.623424
0.624237
0.622204
0.623017
0.623424
0.623424
0.623424
0.623424
0.623017
0.623831
0.623017
0.623017
0.623017
0.622204
0.622204
0.622611
0.622611
0.622204
0.623017
0.623424
0.623017
0.623831
0.624237
0.624237
0.624644
0.624237
0.623017
0.622611
0.623017
0.624237
0.624644
0.624237
0.623424
0.623017
0.623424
0.623424
0.623424
0.623017
0.623831
0.624237
0.624237
0.623017
0.623831
0.623017
0.623424
0.622611
0.623017
0.622204
0.623424
0.623831
0.622611
0.623831
0.623831
0.623831
0.623424
0.622611
0.624237
0.624644
0.625458
0.625458
0.623424
0.623831
0.623831
0.624644
0.623424
0.623017
0.624644
0.623831
0.623017
0.623017
0.622611
0.622611
0.621797
0.622611
0.622611
0.623424
0.623424
0.623424
0.624644
0.624644
0.625051
0.625051
0.623017
0.623424
0.623424
0.623831
0.624237
0.624644
0.624237
0.623424
0.622611
0.623831
0.624237
0.622611
0.623831
0.623831
0.623424
0.623424
0.623831
0.623017
0.624237
0.623424
0.623424
0.624237
0.623831
0.623831
0.622204
0.623424
0.624644
0.624237
0.623831
0.623424
0.623424
0.623831
0.623831
0.623424
0.624237
0.623424
0.624644
0.623831
0.623831
0.623831
0.623017
0.623831
0.623424
0.624644
0.624237
0.623831
0.623831
0.623831
0.623831
0.623424
0.623831
0.623831
0.624644
0.624644
0.624237
0.623831
0.623424
0.624237
0.624237
0.624644
0.623831
0.623831
0.623424
0.623831
0.623017
0.624237
0.624237
0.623831
0.623017
0.624237
0.624237
0.624644
0.623424
0.624237
0.623831
0.624237
0.624237
0.623831
0.623831
0.623831
0.624237
0.624644
0.625051
0.625051
0.623424
0.624644
0.623831
0.624644
0.623017
0.624644
0.624237
0.623831
0.623831
0.622611
0.622204
0.623424
0.623017
0.623017
0.623831
0.624237
0.624237
0.624644
0.624237
0.624237
0.623831
0.623424
0.623831
0.623831
0.623017
0.623831
0.624237
0.624237
0.623017
0.623831
0.623831
0.623424
0.623831
0.624237
0.623424
0.624237
0.624644
0.625051
0.625458
0.623424
0.623017
0.623424
0.623831
0.624644
0.624237
0.623831
0.623831
0.623831
0.623831
0.623831
0.623831
0.623424
0.624237
0.622611
0.624644
0.625458
0.625458
0.623831
0.623424
0.624644
0.623831
0.623831
0.623831
0.623831
0.623424
0.624237
0.624237
0.623424
0.623831
0.623424
0.623017
0.624237
0.624644
0.624644
0.624237
0.624237
0.624237
0.624644
0.623831
0.623424
0.624237
0.623831
0.624237
0.625051
0.625051
0.623831
0.623831
0.624237
0.623424
0.624644
0.623831
0.623424
0.622611
0.625051
0.625458
0.625458
0.622611
0.622611
0.623831
0.624237
0.624237
0.624644
0.623017
0.625864
0.626678
0.626271
0.624644
0.623017
0.623017
0.624237
0.623017
0.623017
0.623424
0.624644
0.624644
0.624237
0.623831
0.623831
0.623017
0.622611
0.624237
0.624237
0.624237
0.624237
0.623831
0.623831
0.623831
0.623831
0.623831
0.623831
0.623831
0.624237
0.624237
0.624644
0.623424
0.623831
0.623831
0.623424
0.623424
0.623831
0.623017
0.623831
0.624237
0.624644
0.623424
0.624237
0.624237
0.624644
0.624237
0.624644
0.623424
0.624644
0.626271
0.626678
0.625051
0.623831
0.623017
0.623831
0.622611
0.623424
0.624237
0.623424
0.623831
0.623831
0.623831
0.624644
0.624644
0.625051
0.623424
0.623424
0.623424
0.623424
0.623424
0.623017
0.624237
0.623831
0.623831
0.624237
0.625051
0.623424
0.623831
0.624237
0.623831
0.623424
0.623017
0.622611
0.623831
0.623831
0.624237
0.623424
0.625864
0.625864
0.625864
0.624644
0.623424
0.623831
0.624237
0.624644
0.623017
0.623831
0.624237
0.623831
0.623831
0.623017
0.623424
0.623424
0.623017
0.623017
0.623424
0.623424
0.622611
0.623424
0.623017
0.622611
0.623017
0.622204
0.622204
0.622611
0.623424
0.623017
0.623831
0.623424
0.623424
0.623424
0.622611
0.623017
0.623017
0.624644
0.624237
0.624644
0.624237
0.623017
0.623424
0.622611
0.622611
0.622611
0.622204
0.622204
0.623017
0.622204
0.622204
0.622204
0.623017
0.623424
0.623424
0.624644
0.624237
0.623424
0.624644
0.625051
0.624644
0.623831
0.623831
0.624644
0.623017
0.623017
0.623017
0.624644
0.623424
0.623424
0.624644
0.624644
0.624644
0.623017
0.623424
0.623424
0.623017
0.624237
0.623831
0.623424
0.623017
0.623424
0.623831
0.623424
0.625051
0.623831
0.625864
0.625864
0.625458
0.624644
0.623017
0.623017
0.623424
0.623831
0.623424
0.622611
0.624237
0.623424
0.623017
0.623017
0.623424
0.623424
0.623831
0.623831
0.624237
0.625458
0.624237
0.621797
0.623424
0.623017
0.623017
0.622611
0.623424
0.623017
0.623831
0.622611
0.621797
0.623017
0.623424
0.623831
0.622611
0.623017
0.623831
0.623831
0.622611
0.623424
0.623424
0.622611
0.623424
0.623424
0.623424
0.622204
0.622611
0.623831
0.623424
0.622611
0.623424
0.623017
0.622204
0.622204
0.622611
0.622611
0.621797
0.622611
0.623831
0.623017
0.622611
0.623017
0.623017
0.623831
0.624237
0.624237
0.624644
0.625458
0.624237
0.625051
0.623831
0.622611
0.623017
0.623424
0.623831
0.623831
0.623831
0.623831
0.623424
0.624644
0.623424
0.622204
0.623017
0.622611
0.622611
0.623831
0.623017
0.623424
0.623424
0.623831
0.625051
0.623017
0.623831
0.623831
0.623424
0.623831
0.624644
0.624237
0.624644
0.623424
0.624237
0.624237
0.623017
0.622611
0.622611
0.623831
0.623831
0.623017
0.624237
0.623831
0.624644
0.624644
0.624237
0.623831
0.624644
0.622611
0.624237
0.624644
0.623017
0.622611
0.623424
0.623831
0.623424
0.623831
0.623017
0.623424
0.624237
0.623424
0.623424
0.622204
0.622204
0.622611
0.623424
0.622204
0.624237
0.623831
0.623831
0.623831
0.623017
0.623424
0.623831
0.624644
0.623017
0.623831
0.624644
0.624644
0.623831
0.623831
0.624644
0.624644
0.624644
0.624237
0.625051
0.622611
0.622611
0.621797
0.624237
0.624237
0.624237
0.622204
0.622611
0.623017
0.623831
0.622204
0.622204
0.621797
0.624237
0.623017
0.624237
0.624237
0.623017
0.623017
0.624237
0.623424
0.623831
0.624237
0.624644
0.624644
0.624644
0.622611
0.624644
0.623831
0.623017
0.623831
0.623831
0.623424
0.623831
0.623424
0.624237
0.623831
0.621797
0.622204
0.622204
0.623831
0.623424
0.624237
0.623017
0.623424
0.624237
0.623424
0.623831
0.623017
0.623831
0.623424
0.623831
0.624237
0.624237
0.622611
0.623424
0.623424
0.622611
0.623017
0.624644
0.625051
0.623831
0.623017
0.622204
0.622611
0.622204
0.622204
0.622204
0.622204
0.622204
0.622204
0.621797
0.622611
0.622204
0.622204
0.623017
0.623017
0.623017
0.624237
0.622611
0.623017
0.623424
0.623017
0.623424
0.624237
0.624644
0.623017
0.624237
0.623831
0.624237
0.624237
0.624644
0.622611
0.622611
0.624237
0.623831
0.625458
0.623017
0.623424
0.622204
0.623017
0.623424
0.623017
0.622204
0.622611
0.622204
0.622611
0.622204
0.622204
0.623017
0.623424
0.623831
0.624237
0.624237
0.624237
0.624644
0.623831
0.624237
0.623831
0.623424
0.623424
0.623831
0.624644
0.623017
0.624237
0.625051
0.623831
0.624644
0.624237
0.623424
0.623424
0.623831
0.623017
0.623831
0.623831
0.623424
0.623017
0.623831
0.623424
0.622204
0.622611
0.622611
0.623424
0.623424
0.623831
0.623424
0.623017
0.625458
0.625458
0.625458
0.625458
0.623424
0.622204
0.622611
0.624644
0.625051
0.624644
0.622204
0.621797
0.621797
0.621797
0.621797
0.624644
0.624237
0.623017
0.623017
0.623424
0.624237
0.625051
0.624237
0.623831
0.622204
0.622204
0.625051
0.625458
0.625458
0.625051
0.625458
0.625458
0.624644
0.624644
0.622611
0.622611
0.624644
0.623831
0.623831
0.623017
0.621797
0.621391
0.621797
0.621391
0.624237
0.623831
0.623017
0.622204
0.624237
0.625051
0.623017
0.623424
0.623831
0.622611
0.624644
0.624644
0.624644
0.624237
0.624237
0.624644
0.623424
0.622611
0.624237
0.622204
0.623424
0.624644
0.624237
0.625051
0.623017
0.622611
0.622611
0.621797
0.621797
0.623017
0.623017
0.624237
0.623424
0.622611
0.623017
0.622611
0.622611
0.623017
0.622611
0.625051
0.623831
0.621797
0.621797
0.623424
0.624237
0.624237
0.624237
0.621797
0.623017
0.622204
0.623424
0.623017
0.623424
0.623424
0.623424
0.623424
0.623831
0.623017
0.623017
0.623424
0.623424
0.623424
0.623831
0.623017
0.623424
0.623831
0.623831
0.623424
0.623424
0.623831
0.623424
0.620984
0.621391
0.621391
0.623424
0.624237
0.623424
0.623424
0.623831
0.623831
0.623424
0.622204
0.622611
0.622204
0.621797
0.623017
0.623831
0.620577
0.623424
0.622611
0.621391
0.620984
0.620984
0.623424
0.622611
0.621391
0.620577
0.621391
0.622204
0.622204
0.621797
0.619764
0.619764
0.619764
0.622204
0.620984
0.620171
0.621797
0.620984
0.622611
0.622204
0.621797
0.621797
0.621797
0.621797
0.620577
0.621797
0.622611
0.620577
0.621797
0.621391
0.620577
0.622204
0.622204
0.622204
0.622611
0.620577
0.621391
0.621391
0.620984
0.621391
0.622204
0.622204
0.621391
0.621797
0.622611
0.622611
0.623424
0.623424
0.623424
0.622611
0.621797
0.621797
0.621391
0.622204
0.623017
0.623424
0.623017
0.622611
0.622611
0.622611
0.623017
0.622204
0.623017
0.623831
0.623831
0.623424
0.623017
0.622611
0.623017
0.623017
0.623831
0.623017
0.624237
0.623424
0.623424
0.623017
0.622204
0.621797
0.622204
0.622611
0.623424
0.623831
0.623831
0.622611
0.622611
0.622611
0.622611
0.622204
0.623017
0.623017
0.622611
0.624237
0.623017
0.624644
0.624237
0.623831
0.622611
0.622611
0.623831
0.623831
0.623017
0.622611
0.622204
0.622204
0.621797
0.622611
0.623017
0.621797
0.621797
0.622204
0.621797
0.622611
0.622611
0.623017
0.623831
0.622204
0.621797
0.623017
0.623017
0.622204
0.623424
0.622611
0.621391
0.621391
0.621391
0.621797
0.622611
0.623424
0.622204
0.622204
0.622611
0.623017
0.622204
0.622204
0.623424
0.622611
0.622611
0.622204
0.622611
0.622611
0.621391
0.621391
0.621797
0.623424
0.622204
0.622611
0.621391
0.620984
0.623831
0.623424
0.622204
0.622204
0.622204
0.622204
0.620577
0.621391
0.621797
0.621391
0.621797
0.622204
0.621797
0.622204
0.621797
0.622611
0.623424
0.623017
0.622204
0.623017
0.621391
0.621797
0.621797
0.621391
0.621797
0.621797
0.622204
0.622204
0.622204
0.623017
0.620984
0.620984
0.621391
0.621391
0.620577
0.620171
0.622204
0.623017
0.622611
0.622204
0.622204
0.621797
0.622204
0.622204
0.622611
0.622204
0.623017
0.622611
0.621797
0.622204
0.622611
0.620577
0.622204
0.622204
0.622204
0.620984
0.621391
0.621391
0.621797
0.622611
0.620171
0.620577
0.619357
0.620984
0.620577
0.621391
0.622204
0.622204
0.622204
0.621391
0.621391
0.622204
0.621797
0.622204
0.621391
0.622204
0.622204
0.622204
0.622611
0.622204
0.622204
0.620984
0.621797
0.622204
0.620984
0.620984
0.621391
0.621797
0.620984
0.620577
0.620171
0.618951
0.619764
0.620171
0.620577
0.622204
0.622204
0.622611
0.622204
0.620577
0.620577
0.620984
0.619764
0.618951
0.620171
0.620984
0.623017
0.622204
0.621797
0.622204
0.622204
0.622204
0.619764
0.620577
0.619764
0.621391
0.621797
0.622204
0.621391
0.621391
0.620984
0.621797
0.621797
0.621391
0.620984
0.622204
0.622204
0.621391
0.621797
0.621797
0.621797
0.622204
0.621391
0.622611
0.622204
0.622611
0.619764
0.619764
0.619764
0.618544
0.621797
0.622204
0.622611
0.622204
0.623424
0.622611
0.621797
0.619357
0.619357
0.621391
0.621391
0.622204
0.622204
0.621797
0.622204
0.621391
0.620984
0.620577
0.620171
0.621391
0.620984
0.620984
0.620984
0.620984
0.621391
0.620171
0.619357
0.620577
0.621797
0.621391
0.621391
0.620984
0.621391
0.622611
0.621797
0.619357
0.621797
0.622611
0.620984
0.619357
0.620577
0.622611
0.622204
0.621797
0.622204
0.621797
0.621797
0.620984
0.621797
0.622204
0.622611
0.621797
0.622611
0.622204
0.621391
0.622611
0.622204
0.622204
0.622611
0.622611
0.622204
0.621797
0.622204
0.621797
0.622611
0.622611
0.621391
0.621797
0.621797
0.622204
0.623017
0.622611
0.621797
0.620577
0.618951
0.620577
0.620984
0.621797
0.620984
0.622204
0.621391
0.621797
0.622204
0.618137
0.618951
0.618951
0.618951
0.619764
0.620577
0.621391
0.620984
0.620577
0.619764
0.617731
0.618137
0.618544
0.620984
0.620984
0.620577
0.620984
0.620171
0.620577
0.617731
0.619764
0.620171
0.619357
0.620171
0.619764
0.618544
0.621391
0.620171
0.620984
0.620984
0.620577
0.618544
0.618544
0.622204
0.622611
0.622611
0.619357
0.618544
0.622204
0.620577
0.619357
0.620171
0.619764
0.621391
0.620171
0.620577
0.620171
0.620171
0.620577
0.620171
0.620984
0.619764
0.620577
0.620577
0.620577
0.620171
0.620577
0.620984
0.619764
0.620171
0.619764
0.619764
0.619764
0.619764
0.620984
0.621797
0.621391
0.621797
0.618951
0.620577
0.619357
0.621797
0.623017
0.620171
0.618951
0.620577
0.620984
0.620577
0.621797
0.622204
0.621797
0.622611
0.622611
0.621797
0.623424
0.622611
0.623424
0.623424
0.621797
0.621797
0.620984
0.621391
0.620577
0.621797
0.622611
0.623017
0.619357
0.620577
0.621391
0.619357
0.619357
0.622611
0.622204
0.620577
0.620984
0.621391
0.621797
0.622204
0.621797
0.620577
0.621391
0.622204
0.622204
0.621797
0.621391
0.622204
0.619764
0.619764
0.621797
0.620984
0.622204
0.621797
0.622204
0.622611
0.622611
0.620171
0.620577
0.620577
0.620171
0.621391
0.619764
0.620984
0.620984
0.621797
0.621391
0.621797
0.622204
0.621391
0.620171
0.618544
0.620171
0.620984
0.621797
0.620577
0.620984
0.621797
0.621797
0.621391
0.621391
0.621391
0.621797
0.620984
0.622611
0.623017
0.621797
0.620577
0.620984
0.621391
0.621797
0.621797
0.622204
0.621391
0.621797
0.622204
0.620171
0.620984
0.620577
0.620984
0.621797
0.621797
0.621391
0.622204
0.621797
0.620984
0.619357
0.620171
0.620984
0.622204
0.622204
0.621797
0.621797
0.621797
0.621391
0.619357
0.620984
0.621391
0.620577
0.621391
0.622204
0.621797
0.621797
0.621797
0.620171
0.622204
0.620984
0.620577
0.619764
0.620984
0.621391
0.621391
0.621391
0.621797
0.618951
0.619357
0.620171
0.621391
0.620984
0.620577
0.620577
0.621391
0.621797
0.621797
0.619764
0.620984
0.621797
0.621391
0.621797
0.622611
0.622611
0.622204
0.622611
0.620577
0.620577
0.620577
0.622611
0.622204
0.622204
0.621391
0.622204
0.621391
0.623017
0.620984
0.620984
0.620577
0.620984
0.620171
0.619357
0.620577
0.621797
0.620984
0.621391
0.621797
0.621797
0.622204
0.622204
0.622204
0.621797
0.621797
0.622204
0.620984
0.620984
0.620984
0.620171
0.621797
0.621391
0.622204
0.620984
0.620171
0.620984
0.620171
0.618951
0.621797
0.619764
0.619357
0.618137
0.619357
0.620984
0.620984
0.621391
0.621391
0.619764
0.619764
0.621391
0.619764
0.621391
0.620984
0.620984
0.620577
0.620984
0.620577
0.620984
0.621391
0.621391
0.620984
0.622611
0.622611
0.623017
0.622204
0.621391
0.619764
0.622204
0.620577
0.620984
0.621391
0.620984
0.620577
0.621391
0.620984
0.619357
0.619764
0.620171
0.620984
0.621391
0.621391
0.620984
0.621391
0.620984
0.619764
0.620577
0.619357
0.618951
0.620577
0.621391
0.620984
0.621391
0.620984
0.619764
0.621391
0.620171
0.620577
0.618951
0.619764
0.618951
0.619357
0.621797
0.622611
0.621797
0.621797
0.622611
0.621797
0.620577
0.621391
0.621391
0.622204
0.621391
0.620171
0.622204
0.621797
0.621797
0.620984
0.622204
0.620984
0.620984
0.622204
0.622204
0.622204
0.621391
0.622204
0.620984
0.620171
0.620577
0.621391
0.621797
0.621391
0.620984
0.621391
0.622611
0.620984
0.619764
0.620171
0.619764
0.620984
0.621797
0.620984
0.622204
0.620577
0.620171
0.622204
0.621391
0.620984
0.620984
0.621391
0.622204
0.621797
0.621391
0.622611
0.622204
0.622204
0.621797
0.621797
0.620577
0.620984
0.618951
0.618951
0.619357
0.622204
0.621797
0.622204
0.620984
0.621391
0.622204
0.621797
0.622204
0.622204
0.621797
0.621797
0.622611
0.622204
0.621391
0.621391
0.621797
0.622204
0.622204
0.620984
0.622204
0.620577
0.621797
0.621797
0.620577
0.622204
0.621797
0.622204
0.622204
0.622611
0.622204
0.621797
0.623424
0.622204
0.622204
0.622611
0.623017
0.623017
0.622611
0.623424
0.622611
0.623017
0.622611
0.623017
0.622611
0.623017
0.622611
0.622611
0.621797
0.622611
0.622204
0.622611
0.622611
0.623017
0.623017
0.621797
0.621797
0.622204
0.621797
0.621391
0.623017
0.622204
0.621797
0.623017
0.623831
0.623424
0.622611
0.623831
0.623831
0.622204
0.622611
0.620171
0.619764
0.619764
0.621391
0.622611
0.623831
0.620577
0.621797
0.622611
0.622204
0.622611
0.621797
0.622611
0.620984
0.621391
0.622204
0.622611
0.622204
0.622611
0.622611
0.621797
0.622204
0.621797
0.620577
0.620171
0.622204
0.622204
0.622204
0.623424
0.623424
0.621391
0.623424
0.623017
0.621797
0.619764
0.622204
0.622204
0.622611
0.621797
0.622611
0.622611
0.621391
0.621391
0.621797
0.621797
0.622204
0.621797
0.620984
0.621797
0.620577
0.621797
0.621391
0.621797
0.622611
0.621797
0.621391
0.621797
0.620171
0.620984
0.622611
0.621391
0.621797
0.621391
0.622611
0.623831
0.623424
0.623424
0.621391
0.621391
0.622204
0.620984
0.620984
0.621391
0.622611
0.623017
0.623424
0.623017
0.623424
0.623831
0.624237
0.623424
0.622611
0.620984
0.621797
0.621797
0.624237
0.623831
0.623424
0.621391
0.621797
0.623424
0.622204
0.622611
0.622204
0.622611
0.622611
0.622611
0.622611
0.623017
0.624237
0.624237
0.623831
0.623831
0.623017
0.623017
0.620171
0.619764
0.620171
0.621391
0.621797
0.623831
0.622204
0.622204
0.622204
0.622611
0.623831
0.622611
0.623017
0.620984
0.619357
0.621391
0.621797
0.620984
0.621797
0.621797
0.621391
0.621391
0.620984
0.621797
0.620984
0.621797
0.622204
0.621391
0.621797
0.622204
0.621391
0.621797
0.621391
0.621391
0.621797
0.622611
0.623017
0.622611
0.621391
0.620984
0.620984
0.621797
0.621797
0.620984
0.622204
0.623424
0.623017
0.621797
0.622204
0.620984
0.620577
0.620577
0.620171
0.622611
0.622611
0.622204
0.621797
0.623424
0.623017
0.623017
0.622204
0.622204
0.621391
0.620984
0.622204
0.622611
0.623017
0.622611
0.623831
0.623831
0.620984
0.621391
0.620577
0.620577
0.621797
0.621391
0.620171
0.623017
0.622611
0.622204
0.624237
0.621391
0.620577
0.619357
0.618951
0.618544
0.618544
0.620984
0.620984
0.621797
0.622204
0.624237
0.623017
0.621797
0.621797
0.619357
0.620171
0.618544
0.619357
0.620171
0.621391
0.623424
0.621391
0.622611
0.621391
0.623017
0.622611
0.622611
0.623017
0.622611
0.619357
0.621391
0.621797
0.623017
0.621797
0.622204
0.622611
0.620171
0.620984
0.621391
0.621797
0.622611
0.622611
0.621797
0.622611
0.622204
0.622204
0.621391
0.622204
0.620577
0.620984
0.622611
0.623424
0.623424
0.621797
0.621797
0.622611
0.622611
0.623424
0.620577
0.619357
0.620577
0.620984
0.623017
0.623017
0.623017
0.623017
0.623017
0.622204
0.622204
0.623424
0.624644
0.623017
0.622204
0.621797
0.620577
0.620577
0.619764
0.619764
0.620984
0.622611
0.621797
0.622611
0.622611
0.623017
0.624237
0.620984
0.619357
0.619357
0.619764
0.622611
0.623017
0.622204
0.623831
0.623017
0.621797
0.621391
0.620577
0.619764
0.620984
0.620171
0.620171
0.620171
0.620984
0.620984
0.621391
0.620984
0.620984
0.621391
0.620984
0.621797
0.621797
0.620577
0.620577
0.620171
0.620984
0.620984
0.621391
0.622611
0.623017
0.622204
0.622204
0.620577
0.620984
0.621391
0.620984
0.620577
0.621797
0.619764
0.621797
0.620577
0.623017
0.621391
0.621797
0.621391
0.622204
0.619764
0.621797
0.621797
0.623017
0.621797
0.621797
0.621391
0.621391
0.621391
0.621391
0.621797
0.622204
0.622611
0.622204
0.621797
0.621391
0.620171
0.621391
0.622204
0.620984
0.620577
0.622204
0.620984
0.621391
0.621391
0.622204
0.620984
0.620171
0.620577
0.620984
0.620984
0.621797
0.620984
0.620984
0.620984
0.619764
0.620984
0.620984
0.620984
0.621391
0.621797
0.620577
0.622611
0.620984
0.621391
0.621391
0.622204
0.620984
0.620171
0.620984
0.620577
0.619764
0.620984
0.621391
0.621391
0.620577
0.620577
0.619764
0.622204
0.623831
0.623017
0.623017
0.620984
0.620577
0.622204
0.618951
0.620577
0.620577
0.621797
0.620577
0.621391
0.621391
0.620577
0.621797
0.622611
0.619764
0.620577
0.620577
0.621797
0.622611
0.621797
0.621391
0.620984
0.622611
0.621391
0.621391
0.621797
0.620984
0.620984
0.620984
0.622204
0.620984
0.623424
0.622611
0.623017
0.621797
0.620984
0.620577
0.620984
0.622611
0.620984
0.620984
0.622611
0.621797
0.621391
0.620577
0.621391
0.622204
0.621797
0.621391
0.623831
0.623017
0.620984
0.620984
0.623424
0.621391
0.621391
0.620577
0.621391
0.620577
0.620171
0.620577
0.621797
0.623831
0.623831
0.622611
0.623424
0.623831
0.624237
0.623017
0.622204
0.623017
0.622611
0.620577
0.620577
0.621797
0.623424
0.623424
0.623424
0.621391
0.622204
0.620984
0.620171
0.621797
0.620984
0.622204
0.621391
0.624237
0.624237
0.622204
0.622204
0.621391
0.620984
0.620984
0.621797
0.621797
0.622204
0.621797
0.622611
0.622611
0.621391
0.623424
0.623831
0.621391
0.622204
0.622611
0.623424
0.623424
0.623424
0.623424
0.622611
0.622611
0.623831
0.622611
0.622204
0.623424
0.623424
0.622204
0.622611
0.623017
0.623831
0.624237
0.623831
0.623424
0.623017
0.623017
0.623017
0.623424
0.622611
0.621797
0.623831
0.621797
0.623017
0.622611
0.623831
0.623424
0.624644
0.621391
0.621797
0.623017
0.623017
0.623017
0.623424
0.623831
0.623424
0.623017
0.623017
0.621797
0.623424
0.621797
0.623424
0.622204
0.621797
0.622611
0.622611
0.621797
0.621797
0.623424
0.623424
0.621797
0.623017
0.622611
0.622204
0.623017
0.623424
0.623424
0.623017
0.620984
0.621391
0.621797
0.623424
0.621797
0.623017
0.623831
0.623424
0.621391
0.623017
0.622204
0.623017
0.621797
0.622204
0.623017
0.623424
0.623831
0.623831
0.623017
0.623017
0.622204
0.623424
0.621797
0.622611
0.622611
0.622611
0.623424
0.622204
0.623017
0.622204
0.622204
0.622611
0.622611
0.621391
0.622204
0.621391
0.623017
0.623017
0.623017
0.620577
0.621797
0.624237
0.619764
0.620171
0.620171
0.620577
0.623017
0.623831
0.622204
0.623017
0.623424
0.623424
0.623017
0.623424
0.623017
0.622204
0.620171
0.621797
0.621391
0.623424
0.623424
0.624237
0.623424
0.624644
0.623017
0.621391
0.622204
0.620984
0.621391
0.624237
0.623831
0.624237
0.624237
0.624237
0.623017
0.622204
0.620984
0.622611
0.621797
0.622204
0.621797
0.623017
0.624237
0.623424
0.624237
0.622611
0.621797
0.620577
0.621797
0.621391
0.621797
0.623017
0.624644
0.624644
0.623424
0.622204
0.622611
0.622611
0.621797
0.622611
0.621797
0.623424
0.622204
0.623017
0.621391
0.621797
0.621797
0.621391
0.622204
0.620984
0.623424
0.623424
0.623831
0.623424
0.623017
0.623424
0.622204
0.621391
0.620984
0.620984
0.622204
0.622611
0.623831
0.623831
0.623831
0.623831
0.622611
0.622204
0.620171
0.620577
0.620577
0.622204
0.623017
0.623424
0.623424
0.623017
0.621797
0.622611
0.620577
0.619764
0.619357
0.618544
0.621391
0.622204
0.623424
0.622611
0.622611
0.622611
0.623017
0.622204
0.623017
0.619357
0.619357
0.620171
0.620984
0.620984
0.622204
0.622611
0.623831
0.623424
0.623831
0.623424
0.622204
0.620577
0.621391
0.621797
0.619764
0.620577
0.623831
0.621797
0.621797
0.623424
0.623831
0.621797
0.621797
0.621391
0.620577
0.621797
0.622611
0.623424
0.624644
0.623424
0.624237
0.623017
0.623017
0.623017
0.621797
0.621391
0.623017
0.623017
0.622611
0.623831
0.621797
0.621797
0.621391
0.623424
0.621797
0.622204
0.620984
0.622204
0.623424
0.624237
0.623017
0.623424
0.623017
0.623831
0.623424
0.623017
0.623017
0.622204
0.620171
0.621391
0.621391
0.623424
0.622611
0.623017
0.623831
0.624237
0.623424
0.622611
0.623017
0.622204
0.622204
0.620984
0.621797
0.621391
0.623424
0.621797
0.622611
0.622611
0.623017
0.623831
0.622611
0.623017
0.621391
0.622204
0.622611
0.623017
0.623017
0.623017
0.624644
0.625051
0.625051
0.623831
0.624644
0.624644
0.624644
0.622611
0.621797
0.621797
0.620984
0.623017
0.623831
0.622611
0.623017
0.622204
0.623017
0.622611
0.622611
0.622204
0.624644
0.623017
