0.516063
0.505897
0.525417
0.530297
0.528264
0.529484
0.529484
0.527857
0.543310
0.534364
0.530704
0.532330
0.538024
0.529484
0.547377
0.539244
0.529484
0.550630
0.536397
0.542497
0.532737
0.535177
0.531517
0.533144
0.545750
0.537617
0.549004
0.558357
0.542904
0.544530
0.540057
0.543310
0.554290
0.549817
0.532330
0.540870
0.551850
0.552664
0.546970
0.555104
0.556730
0.546564
0.554290
0.540870
0.553070
0.566084
0.558764
0.559984
0.559170
0.549410
0.557950
0.550224
0.549410
0.559984
0.558764
0.556324
0.569337
0.559984
0.559577
0.558357
0.562830
0.559170
0.553070
0.553070
0.562830
0.553070
0.559170
0.567304
0.576251
0.568930
0.572997
0.579097
0.567710
0.572997
0.566897
0.560797
0.575844
0.584791
0.571777
0.563644
0.587637
0.573810
0.577064
0.572997
0.586417
0.565677
0.571370
0.580317
0.572590
0.573810
0.579911
0.576251
0.578284
0.577064
0.586417
0.583164
0.575437
0.578284
0.579097
0.586011
0.588857
0.578284
0.577471
0.584791
0.572997
0.596584
0.580724
0.581537
0.590891
0.579504
0.593331
0.581131
0.586011
0.585604
0.594957
0.587231
0.594957
0.580317
0.586011
0.587637
0.577471
0.581537
0.594957
0.590891
0.586824
0.592924
0.573404
0.570964
0.591297
0.601871
0.588857
0.586417
0.592924
0.586417
0.595364
0.592517
0.607564
0.595771
0.590891
0.595771
0.596991
0.596991
0.594957
0.594551
0.608784
0.605531
0.597397
0.589671
0.598211
0.599837
0.595771
0.598617
0.601057
0.598617
0.590891
0.605531
0.596991
0.599024
0.590077
0.598211
0.611631
0.602684
0.602277
0.599837
0.597804
0.600244
0.613257
0.599837
0.603904
0.601057
0.595364
0.596991
0.605531
0.591704
0.596177
0.610411
0.617324
0.607157
0.610411
0.607157
0.609191
0.608784
0.619764
0.612851
0.607564
0.605531
0.618137
0.625458
0.614071
0.618544
0.620577
0.618544
0.612851
0.613257
0.614477
0.613257
0.612444
0.608784
0.617731
0.625458
0.621797
0.622611
0.629524
0.613257
0.613664
0.613257
0.616511
0.624644
0.612444
0.621797
0.614071
0.623424
0.614884
0.617731
0.622204
0.625051
0.625864
0.630744
0.620984
0.612037
0.614884
0.621797
0.620171
0.618137
0.616917
0.616917
0.619764
0.625864
0.629118
0.634811
0.624644
0.630744
0.616511
0.614477
0.629931
0.612037
0.623831
0.626271
0.618544
0.621797
0.623424
0.624644
0.618951
0.626271
0.626271
0.629524
0.630744
0.635218
0.623017
0.634404
0.626271
0.638878
0.630338
0.631151
0.631558
0.628711
0.637251
0.639691
0.627898
0.628711
0.628711
0.636031
0.629118
0.627084
0.629524
0.639691
0.638471
0.636438
0.635218
0.640098
0.636438
0.645384
0.630744
0.629931
0.641318
0.640098
0.636438
0.635624
0.645791
0.633591
0.623017
0.630338
0.632371
0.639284
0.640911
0.637658
0.642944
0.631558
0.626678
0.633591
0.636031
0.638878
0.631964
0.638064
0.639284
0.641724
0.639284
0.627898
0.628304
0.629931
0.633591
0.636031
0.629524
0.636438
0.634811
0.634404
0.633591
0.634404
0.626678
0.637251
0.647824
0.637251
0.629118
0.640098
0.640911
0.642538
0.638471
0.641318
0.642131
0.642131
0.640504
0.639691
0.643351
0.643758
0.642131
0.640504
0.638064
0.638064
0.636031
0.627491
0.635624
0.644164
0.635218
0.640911
0.638064
0.642131
0.643758
0.637251
0.638064
0.637251
0.635624
0.642131
0.640098
0.640911
0.636438
0.646604
0.647011
0.643351
0.630744
0.639284
0.640911
0.642944
0.642131
0.638878
0.640098
0.632371
0.640504
0.625051
0.639284
0.643758
0.631964
0.632778
0.636031
0.642538
0.642131
0.640504
0.636031
0.633591
0.640098
0.640911
0.635624
0.645791
0.634404
0.640504
0.637251
0.638471
0.639691
0.640098
0.640911
0.635624
0.646604
0.648638
0.644164
0.631151
0.639691
0.635218
0.633591
0.639691
0.640098
0.638064
0.640098
0.637658
0.641724
0.637251
0.639691
0.637658
0.620171
0.636438
0.639284
0.635218
0.641318
0.641318
0.642131
0.639284
0.642944
0.631151
0.631151
0.640504
0.649044
0.649858
0.644978
0.628711
0.638064
0.636438
0.640911
0.643351
0.634811
0.638878
0.645384
0.636438
0.636438
0.645384
0.638878
0.640911
0.640504
0.639691
0.648231
0.647418
0.648638
0.639284
0.642131
0.644164
0.642131
0.633998
0.651484
0.653924
0.644978
0.640911
0.633184
0.644164
0.643758
0.642944
0.644571
0.639691
0.643758
0.644571
0.650671
0.642538
0.644164
0.648638
0.647418
0.636438
0.633591
0.640911
0.650264
0.651484
0.640911
0.636031
0.644571
0.645791
0.648638
0.646604
0.647418
0.644978
0.638878
0.646604
0.644164
0.647418
0.640098
0.649044
0.646198
0.649451
0.645384
0.642131
0.644571
0.649451
0.638878
0.647824
0.643351
0.637251
0.644571
0.645384
0.644978
0.636438
0.649044
0.649044
0.653924
0.650671
0.649451
0.647418
0.646604
0.643758
0.642538
0.642538
0.645384
0.647824
0.639691
0.640911
0.644164
0.637251
0.649044
0.644164
0.646198
0.651484
0.652298
0.640504
0.651484
0.644571
0.642944
0.653111
0.648231
0.647011
0.644978
0.643758
0.647824
0.644164
0.636031
0.641318
0.651078
0.642944
0.638471
0.642131
0.644571
0.640098
0.652298
0.647824
0.644571
0.652298
0.643758
0.649451
0.644164
0.642944
0.652298
0.638064
0.649858
0.649451
0.644164
0.648638
0.646604
0.649858
0.651891
0.646198
0.643351
0.640098
0.642944
0.644571
0.644978
0.636031
0.641724
0.647824
0.643758
0.637251
0.645384
0.642944
0.642538
0.642944
0.648638
0.645384
0.651891
0.648638
0.655144
0.649451
0.643351
0.648638
0.649044
0.648638
0.649451
0.638471
0.649044
0.638878
0.642944
0.650264
0.651891
0.644571
0.648638
0.652704
0.651078
0.642538
0.645384
0.640098
0.640911
0.649044
0.648638
0.640911
0.643758
0.643758
0.648638
0.640911
0.644978
0.651078
0.642944
0.649858
0.644571
0.644164
0.647011
0.653111
0.653924
0.641318
0.647418
0.654331
0.646604
0.645384
0.648638
0.635218
0.639284
0.649858
0.643351
0.639691
0.647824
0.641724
0.646198
0.650264
0.639691
0.650671
0.639691
0.646198
0.649451
0.647011
0.647824
0.646198
0.645791
0.645791
0.641724
0.651891
0.650264
0.643758
0.644978
0.649451
0.645791
0.645384
0.649858
0.634404
0.650671
0.651891
0.643351
0.648638
0.646198
0.649451
0.639284
0.645791
0.647824
0.650671
0.647011
0.650264
0.657991
0.649858
0.643351
0.642944
0.647011
0.646198
0.644978
0.655144
0.649044
0.644978
0.636438
0.647824
0.648638
0.650264
0.644978
0.641318
0.636438
0.645791
0.641318
0.648231
0.645791
0.640098
0.644571
0.647824
0.641318
0.644978
0.644164
0.649451
0.641724
0.646604
0.644978
0.644164
0.651078
0.647418
0.649451
0.644571
0.643351
0.641724
0.654331
0.649451
0.649451
0.647011
0.652298
0.644978
0.655551
0.648231
0.641724
0.652704
0.639691
0.642944
0.640911
0.640098
0.637251
0.638878
0.644978
0.648638
0.647011
0.647418
0.646604
0.644571
0.647418
0.643758
0.642131
0.644978
0.651891
0.649858
0.646604
0.648638
0.657584
0.644164
0.643351
0.641724
0.646198
0.642131
0.651891
0.649044
0.653518
0.644571
0.641318
0.649044
0.646604
0.644978
0.647824
0.643351
0.646604
0.640504
0.659618
0.652298
0.653924
0.655144
0.648231
0.647418
0.643758
0.639284
0.641318
0.649451
0.648231
0.642538
0.655144
0.648231
0.653924
0.653924
0.647418
0.650264
0.651891
0.653111
0.638471
0.644164
0.652298
0.644164
0.643351
0.650264
0.652298
0.649858
0.656771
0.651484
0.655144
0.649858
0.650671
0.648231
0.651078
0.654331
0.659211
0.643758
0.649044
0.638878
0.645791
0.653518
0.638878
0.648231
0.654331
0.638064
0.651078
0.653518
0.658398
0.651484
0.639284
0.648231
0.648231
0.656364
0.649451
0.647418
0.654331
0.656364
0.653518
0.652298
0.654738
0.652704
0.648638
0.648231
0.657178
0.651484
0.652704
0.645791
0.647011
0.647418
0.653111
0.649858
0.653924
0.647011
0.649451
0.653924
0.649044
0.655144
0.655958
0.651891
0.646198
0.649858
0.648638
0.647418
0.649044
0.655958
0.652704
0.642131
0.657178
0.655144
0.645384
0.649451
0.651484
0.651484
0.649858
0.649044
0.654738
0.652704
0.658804
0.655144
0.655958
0.649044
0.657178
0.657991
0.649451
0.649451
0.654331
0.650264
0.649044
0.656364
0.649858
0.652704
0.651078
0.660838
0.653924
0.654738
0.653111
0.653111
0.647418
0.656364
0.649044
0.648231
0.649858
0.652704
0.647824
0.667344
0.651891
0.662464
0.653111
0.659618
0.642944
0.646604
0.658804
0.655144
0.648231
0.646604
0.648638
0.649451
0.649858
0.654738
0.653111
0.655958
0.658398
0.653518
0.655958
0.649044
0.654738
0.648638
0.649044
0.649858
0.659211
0.660431
0.660838
0.657178
0.652704
0.655551
0.652704
0.652298
0.649858
0.648231
0.646604
0.657178
0.652298
0.649044
0.645384
0.648638
0.656771
0.647418
0.653111
0.659618
0.657584
0.653111
0.658398
0.650671
0.655551
0.655958
0.658398
0.656364
0.661244
0.657584
0.655551
0.648231
0.663278
0.657584
0.653924
0.655144
0.646604
0.662058
0.653924
0.654331
0.637658
0.649451
0.657178
0.649858
0.653518
0.658804
0.652298
0.659211
0.659618
0.657584
0.651891
0.650264
0.650671
0.657991
0.648231
0.655144
0.658804
0.645791
0.656771
0.651078
0.657178
0.662464
0.656771
0.662058
0.657178
0.643758
0.662058
0.659211
0.653518
0.652704
0.647824
0.654738
0.651484
0.663684
0.660431
0.669378
0.663684
0.657991
0.659211
0.655144
0.653924
0.655551
0.663278
0.661651
0.663278
0.662464
0.653518
0.658398
0.654738
0.653518
0.661244
0.655144
0.650264
0.654331
0.653111
0.661244
0.651484
0.655144
0.653924
0.652704
0.649044
0.647418
0.653924
0.655958
0.662058
0.664498
0.670191
0.652298
0.662871
0.653924
0.663278
0.659211
0.650264
0.662871
0.653111
0.661651
0.660024
0.648231
0.649858
0.651891
0.660838
0.657584
0.654738
0.651891
0.642944
0.658398
0.658398
0.656771
0.656364
0.648638
0.661651
0.655144
0.664904
0.653924
0.662058
0.655144
0.656364
0.654331
0.664091
0.659211
0.660838
0.659618
0.661244
0.662871
0.651484
0.653518
0.658398
0.655551
0.655958
0.649858
0.657584
0.659211
0.653518
0.670598
0.660431
0.657178
0.657991
0.654738
0.653924
0.659618
0.661651
0.656364
0.657991
0.661651
0.659211
0.663684
0.654738
0.651484
0.657584
0.650264
0.659618
0.654738
0.658398
0.650671
0.660024
0.664904
0.657991
0.657584
0.655551
0.660024
0.649451
0.658398
0.668158
0.659211
0.664091
0.662464
0.656771
0.658804
0.658398
0.657584
0.657178
0.663684
0.659618
0.653924
0.651484
0.656771
0.661651
0.656364
0.661651
0.655144
0.660024
0.663278
0.657178
0.649044
0.657584
0.657991
0.656771
0.651891
0.660431
0.653111
0.652298
0.664091
0.660838
0.654738
0.655958
0.663278
0.656364
0.660838
0.657991
0.659211
0.654738
0.662464
0.657584
0.657178
0.650671
0.657584
0.645791
0.662871
0.655958
0.653924
0.655144
0.659618
0.661244
0.653111
0.657991
0.660024
0.656771
0.652704
0.662058
0.653518
0.657584
0.655551
0.666938
0.660431
0.654331
0.654331
0.654738
0.655144
0.667344
0.659618
0.661244
0.655144
0.654331
0.663684
0.664091
0.661244
0.647418
0.651078
0.651484
0.653518
0.653111
0.661651
0.654738
0.663684
0.668564
0.666124
0.662871
0.656771
0.656771
0.658398
0.660024
0.660838
0.649044
0.651078
0.664904
0.660024
0.646198
0.655958
0.644978
0.659618
0.656364
0.656364
0.652704
0.659618
0.654331
0.662464
0.659618
0.655551
0.662058
0.651078
0.650671
0.662871
0.653518
0.662058
0.661244
0.666531
0.669378
0.666124
0.657584
0.654738
0.652298
0.657584
0.660838
0.654738
0.660024
0.652704
0.653111
0.653111
0.656364
0.651891
0.655958
0.662058
0.666531
0.661651
0.655958
0.641318
0.657991
0.662871
0.655958
0.657584
0.661244
0.660024
0.663278
0.657584
0.664091
0.660024
0.650264
0.660431
0.665311
0.653518
0.655551
0.655551
0.651891
0.662058
0.657584
0.658804
0.654331
0.664904
0.665311
0.660431
0.664498
0.654738
0.659618
0.662058
0.670191
0.660024
0.657584
0.666938
0.651078
0.664091
0.657178
0.657991
0.660024
0.659211
0.655551
0.669378
0.667344
0.658804
0.651484
0.662464
0.657178
0.669378
0.661244
0.656364
0.661651
0.651078
0.662871
0.648231
0.666124
0.657584
0.659211
0.661651
0.657991
0.652298
0.662058
0.661651
0.652298
0.663278
0.668564
0.655551
0.660024
0.666124
0.653111
0.664904
0.660024
0.658804
0.657178
0.655958
0.661244
0.663278
0.660431
0.655144
0.653518
0.662058
0.662058
0.653518
0.657178
0.653924
0.660838
0.650264
0.666531
0.655958
0.653924
0.659211
0.661651
0.660838
0.658804
0.652704
0.661651
0.663278
0.661651
0.650671
0.649858
0.659211
0.655551
0.663278
0.660024
0.668564
0.662058
0.656364
0.656364
0.657584
0.661651
0.664091
0.658804
0.651078
0.652298
0.656364
0.664904
0.654738
0.659211
0.651484
0.659211
0.661651
0.660024
0.666124
0.664904
0.658398
0.664498
0.664904
0.658804
0.655144
0.663278
0.658398
0.661651
0.653111
0.651078
0.663684
0.656771
0.651078
0.637658
0.639691
0.657584
0.649451
0.662871
0.666531
0.662871
0.660431
0.657178
0.653518
0.655144
0.652298
0.664498
0.663278
0.662464
0.664904
0.654331
0.655144
0.651484
0.663684
0.658804
0.660024
0.662058
0.651484
0.660838
0.657178
0.666531
0.659618
0.659618
0.666124
0.667344
0.661651
0.660838
0.660431
0.649858
0.664091
0.660838
0.657584
0.660024
0.664091
0.656771
0.666938
0.664091
0.655958
0.661244
0.660024
0.668564
0.660838
0.662058
0.661244
0.663278
0.661244
0.668564
0.670191
0.658398
0.660024
0.660024
0.668158
0.664498
0.663684
0.668158
0.660024
0.655958
0.655144
0.657991
0.663278
0.654738
0.661244
0.666531
0.653518
0.652704
0.653518
0.652298
0.660024
0.664091
0.663684
0.660838
0.668564
0.663278
0.666124
0.666124
0.665311
0.664904
0.660024
0.663684
0.666124
0.659618
0.662871
0.667344
0.649044
0.657178
0.653924
0.658804
0.659618
0.654738
0.653518
0.662058
0.669378
0.658804
0.662871
0.664498
0.666531
0.660024
0.657584
0.654331
0.661651
0.660838
0.663278
0.665718
0.662058
0.655958
0.662058
0.657584
0.656771
0.659618
0.667344
0.667751
0.667751
0.667751
0.664498
0.662871
0.652298
0.656364
0.646198
0.650671
0.671004
0.655144
0.654738
0.657584
0.655551
0.651078
0.645791
0.655958
0.657584
0.660431
0.660838
0.655551
0.666124
0.656364
0.656364
0.654738
0.660838
0.652704
0.655144
0.656364
0.663684
0.664904
0.655144
0.661244
0.659618
0.662058
0.659211
0.666531
0.664498
0.652704
0.659618
0.665311
0.661244
0.661651
0.658398
0.655958
0.660431
0.657584
0.664498
0.651484
0.658398
0.654331
0.655958
0.659211
0.657584
0.652704
0.655958
0.661651
0.661651
0.664091
0.665718
0.663684
0.657584
0.667344
0.666938
0.660838
0.655551
0.669784
0.660431
0.656364
0.671004
0.660024
0.665718
0.662464
0.663684
0.664091
0.662871
0.661651
0.661651
0.664904
0.654738
0.664904
0.665718
0.657991
0.661651
0.667344
0.662871
0.659618
0.647824
0.650264
0.656771
0.654331
0.655551
0.658398
0.660024
0.658804
0.657178
0.660838
0.664904
0.657178
0.650264
0.655958
0.650671
0.656364
0.669784
0.662464
0.666938
0.656771
0.660431
0.664904
0.663684
0.658804
0.659211
0.655551
0.651484
0.667344
0.668564
0.662058
0.666938
0.664091
0.668158
0.664904
0.657991
0.659618
0.658804
0.657178
0.667751
0.666531
0.666124
0.657178
0.657178
0.659211
0.664498
0.660431
0.659618
0.656364
0.661244
0.658804
0.661651
0.666124
0.660431
0.653518
0.647418
0.647418
0.662871
0.656771
0.658398
0.660838
0.668971
0.653924
0.657991
0.664091
0.655144
0.655958
0.646198
0.654738
0.652704
0.658398
0.661244
0.667751
0.661244
0.661244
0.663684
0.657991
0.656364
0.658398
0.655144
0.657178
0.663684
0.665718
0.669378
0.662871
0.661651
0.663278
0.654738
0.665718
0.673038
0.657178
0.658804
0.663278
0.658398
0.657991
0.651484
0.655958
0.659618
0.659211
0.653924
0.660024
0.660838
0.664091
0.662871
0.663684
0.669784
0.655958
0.664904
0.650264
0.653111
0.667751
0.662464
0.656364
0.653111
0.655144
0.653518
0.660024
0.655958
0.647418
0.658398
0.653111
0.652298
0.662464
0.664904
0.660838
0.658398
0.668158
0.659618
0.651484
0.656364
0.658804
0.660024
0.661244
0.647418
0.660024
0.661244
0.656771
0.660431
0.657584
0.659618
0.663684
0.660838
0.659211
0.664498
0.660024
0.661651
0.649858
0.659211
0.659618
0.665718
0.654738
0.654738
0.661244
0.660838
0.654331
0.653924
0.652704
0.661244
0.649451
0.651891
0.654331
0.664091
0.670598
0.658804
0.658398
0.660431
0.659211
0.662871
0.662058
0.665718
0.657991
0.665311
0.671004
0.664904
0.655551
0.658804
0.661651
0.666531
0.657991
0.643758
0.652704
0.652704
0.657178
0.657178
0.650264
0.659211
0.653924
0.663278
0.651891
0.659618
0.659618
0.658804
0.661651
0.662058
0.656771
0.654331
0.659618
0.662058
0.666124
0.658398
0.657584
0.652298
0.653111
0.651078
0.657584
0.654331
0.666124
0.655551
0.666124
0.651891
0.660838
0.663684
0.647011
0.655144
0.658398
0.652704
0.660431
0.656771
0.658804
0.662464
0.657991
0.667751
0.664498
0.663278
0.660431
0.659211
0.656364
0.662871
0.661244
0.660024
0.662871
0.656771
0.668971
0.664904
0.666531
0.657584
0.670598
0.661651
0.658804
0.661651
0.667751
0.665718
0.664498
0.664904
0.671411
0.655551
0.660024
0.661651
0.655958
0.662058
0.656364
0.665311
0.656771
0.662058
0.662058
0.659211
0.663684
0.656771
0.663278
0.666531
0.668971
0.665311
0.658398
0.659618
0.666124
0.657991
0.655958
0.655144
0.656771
0.668564
0.658398
0.664091
0.662871
0.656771
0.653518
0.662058
0.646604
0.662464
0.662464
0.667344
0.663278
0.663684
0.664498
0.659618
0.652704
0.657178
0.662871
0.657178
0.656771
0.668971
0.660838
0.662871
0.657991
0.662464
0.663684
0.659211
0.671818
0.663684
0.666531
0.653924
0.675885
0.667751
0.654738
0.655958
0.653924
0.666938
0.665311
0.663684
0.663278
0.659618
0.655958
0.667344
0.660024
0.662871
0.671004
0.662058
0.662058
0.660431
0.657991
0.662464
0.652298
0.651078
0.662871
0.660024
0.658804
0.664091
0.659618
0.660024
0.649858
0.651484
0.659618
0.660431
0.651891
0.657178
0.656364
0.664498
0.650264
0.648638
0.646604
0.653924
0.647824
0.663278
0.658398
0.664091
0.663278
0.655958
0.652704
0.663684
0.651484
0.659618
0.657584
0.653111
0.665311
0.654738
0.658804
0.668158
0.665311
0.662871
0.662058
0.670598
0.657584
0.651891
0.653111
0.670191
0.655551
0.657178
0.655144
0.646604
0.664904
0.660024
0.654331
0.655144
0.659618
0.660431
0.657584
0.655144
0.655144
0.662464
0.663278
0.664904
0.662464
0.657584
0.655144
0.661244
0.662058
0.665718
0.662871
0.662464
0.660024
0.658398
0.658804
0.650264
0.658804
0.656364
0.653111
0.658398
0.662464
0.665311
0.664498
0.671004
0.663684
0.664091
0.653518
0.654331
0.664091
0.660431
0.660431
0.660838
0.656364
0.660838
0.653924
0.659211
0.659211
0.658804
0.661244
0.658804
0.654331
0.657584
0.660431
0.660838
0.663278
0.657584
0.660431
0.665311
0.659211
0.661651
0.666124
0.648638
0.661651
0.661244
0.660431
0.664498
0.659211
0.657991
0.661651
0.652704
0.657584
0.660431
0.656364
0.656771
0.662464
0.667751
0.665718
0.652298
0.661244
0.655144
0.663684
0.659618
0.662058
0.650264
0.655551
0.653518
0.673444
0.668158
0.658804
0.660024
0.660024
0.654331
0.662464
0.667344
0.666124
0.664091
0.661244
0.660431
0.655958
0.664904
0.657991
0.666531
0.667344
0.665718
0.657178
0.665311
0.654738
0.654331
0.652704
0.666124
0.662464
0.656771
0.662464
0.658804
0.649858
0.670191
0.659211
0.647418
0.658398
0.656771
0.656364
0.660431
0.665718
0.660838
0.657991
0.660431
0.655551
0.659211
0.669378
0.665718
0.655551
0.655144
0.657991
0.657584
0.662871
0.659211
0.660431
0.660838
0.658398
0.664498
0.653518
0.655144
0.664498
0.671818
0.653924
0.660431
0.654738
0.657991
0.656364
0.658398
0.653924
0.658804
0.658804
0.663278
0.663278
0.659211
0.659211
0.660838
0.660838
0.653924
0.659211
0.653518
0.653518
0.651891
0.661244
0.659618
0.653111
0.666124
0.655144
0.662464
0.662871
0.664498
0.658804
0.664091
0.659211
0.661651
0.662871
0.670191
0.663684
0.661244
0.656364
0.659211
0.663278
0.658804
0.658804
0.657991
0.657178
0.664498
0.661651
0.656364
0.659618
0.665311
0.660431
0.662058
0.653518
0.653518
0.654331
0.657584
0.655551
0.660838
0.657178
0.657991
0.665311
0.663684
0.657178
0.661244
0.651891
0.653111
0.653518
0.649044
0.661244
0.656771
0.659618
0.661651
0.664091
0.660431
0.663684
0.655958
0.657991
0.660838
0.663278
0.657584
0.660024
0.662871
0.666531
0.666531
0.662871
0.664498
0.657991
0.648231
0.657991
0.660024
0.658804
0.657178
0.665718
0.662058
0.667344
0.656771
0.660024
0.672224
0.658804
0.663278
0.660024
0.653924
0.657991
0.660024
0.665311
0.662058
0.656771
0.650671
0.661244
0.655958
0.665311
0.665311
0.650264
0.663684
0.655144
0.657991
0.648231
0.663684
0.657178
0.648231
0.659211
0.657178
0.654738
0.662871
0.662871
0.654738
0.666938
0.654738
0.664904
0.665311
0.657991
0.657178
0.656771
0.672631
0.664498
0.665718
0.662464
0.657584
0.660024
0.664498
0.658804
0.659211
0.653111
0.666124
0.657178
0.655958
0.658398
0.671411
0.662058
0.657584
0.661651
0.658804
0.652704
0.657178
0.650671
0.654738
0.657178
0.667751
0.663684
0.654738
0.660838
0.656771
0.661651
0.661244
0.658398
0.658804
0.664498
0.648231
0.657178
0.660024
0.660431
0.657584
0.669378
0.658398
0.657991
0.663684
0.654738
0.662058
0.661244
0.655144
0.659618
0.661244
0.648638
0.661651
0.653111
0.661651
0.658398
0.653924
0.660431
0.658398
0.660024
0.660431
0.666938
0.671411
0.661244
0.665718
0.662058
0.659618
0.662058
0.666124
0.666938
0.652298
0.659618
0.660431
0.658398
0.653111
0.662871
0.653518
0.662058
0.663684
0.657991
0.659211
0.653924
0.662464
0.654738
0.653111
0.663278
0.654738
0.660838
0.665718
0.661651
0.664498
0.657584
0.666124
0.657178
0.663684
0.663684
0.655958
0.663684
0.662871
0.664498
0.655144
0.660431
0.650671
0.660024
0.662058
0.661651
0.659618
0.648638
0.657584
0.659618
0.659618
0.663684
0.663684
0.666124
0.662464
0.661244
0.659618
0.660838
0.660838
0.655144
0.661651
0.653518
0.663684
0.652704
0.651484
0.664904
0.658804
0.666531
0.647418
0.654331
0.652298
0.657991
0.654331
0.662871
0.654738
0.661651
0.657178
0.654738
0.657991
0.662871
0.662058
0.663684
0.659211
0.658804
0.655551
0.658398
0.664904
0.663684
0.663278
0.660024
0.658398
0.662871
0.660024
0.661651
0.654331
0.665718
0.662464
0.651891
0.656364
0.660431
0.668971
0.665718
0.652298
0.655958
0.655144
0.652298
0.655551
0.665311
0.657178
0.657584
0.661651
0.665311
0.664091
0.669378
0.664498
0.666938
0.662058
0.660431
0.662871
0.653924
0.651078
0.669784
0.660024
0.657178
0.663684
0.656771
0.659211
0.664091
0.655958
0.660431
0.662058
0.654738
0.657584
0.660431
0.666124
0.657991
0.649044
0.657584
0.662871
0.648638
0.647824
0.670191
0.664091
0.657584
0.651484
0.661244
0.654738
0.665311
0.664091
0.665718
0.664498
0.656364
0.658398
0.662058
0.663278
0.661651
0.657584
0.657584
0.661244
0.651891
0.643351
0.644978
0.648231
0.660838
0.658804
0.653924
0.653924
0.663278
0.665311
0.650264
0.658804
0.651484
0.651891
0.650264
0.657178
0.650671
0.665311
0.659211
0.660024
0.655958
0.659211
0.657584
0.659211
0.665311
0.651484
0.661244
0.654738
0.653924
0.653111
0.659211
0.664498
0.651078
0.658398
0.660024
0.657991
0.666124
0.663278
0.654738
0.651484
0.657178
0.654331
0.661651
0.657178
0.664904
0.664904
0.665718
0.657584
0.645791
0.655144
0.654738
0.657584
0.656364
0.653111
0.648231
0.647418
0.657584
0.657584
0.658398
0.662464
0.654331
0.653924
0.650264
0.656364
0.643758
0.651078
0.656364
0.668564
0.661651
0.663684
0.669784
0.656771
0.656771
0.648638
0.660838
0.656771
0.654331
0.657991
0.656771
0.664904
0.656364
0.660024
0.664904
0.658398
0.656771
0.652704
0.653924
0.655958
0.660838
0.657584
0.656771
0.658398
0.660431
0.654738
0.662058
0.654738
0.653924
0.655144
0.663278
0.667751
0.662464
0.660431
0.656364
0.650671
0.655958
0.660024
0.653924
0.651891
0.655144
0.647824
0.651891
0.654738
0.656771
0.661651
0.655958
0.652704
0.653518
0.662464
0.666938
0.668158
0.651891
0.645384
0.651891
0.648638
0.657178
0.658398
0.654331
0.668564
0.657584
0.662871
0.651891
0.658804
0.651078
0.655551
0.655551
0.663684
0.664498
0.664091
0.663278
0.654331
0.652704
0.658398
0.648231
0.665718
0.658804
0.657584
0.661651
0.660431
0.663684
0.659211
0.664091
0.651078
0.651891
0.652298
0.659211
0.656771
0.668564
0.660431
0.657584
0.660024
0.656364
0.650264
0.651484
0.651484
0.657584
0.658804
0.657178
0.651484
0.657178
0.657584
0.661651
0.655958
0.647824
0.658804
0.653111
0.667751
0.665718
0.659618
0.649451
0.662871
0.661651
0.655144
0.649858
0.655144
0.650671
0.653924
0.652704
0.667751
0.653924
0.664498
0.657584
0.660431
0.656771
0.654738
0.659618
0.658804
0.652704
0.653111
0.647418
0.653518
0.656364
0.656771
0.653518
0.658398
0.653518
0.662058
0.659618
0.654331
0.653518
0.653924
0.664498
0.662058
0.663684
0.660431
0.651484
0.655958
0.662871
0.650264
0.664904
0.651078
0.666124
0.660024
0.654331
0.667344
0.653924
0.651891
0.644978
0.642944
0.645791
0.660024
0.649451
0.657584
0.653518
0.664498
0.664091
0.660024
0.650671
0.644571
0.653111
0.651078
0.654331
0.653924
0.659211
0.659211
0.654331
0.656771
0.659211
0.655144
0.655551
0.658398
0.657584
0.655551
0.654738
0.653924
0.655958
0.655958
0.648231
0.652704
0.655958
0.657584
0.665718
0.664498
0.656771
0.649044
0.655144
0.660024
0.650264
0.648231
0.658804
0.650264
0.653924
0.655958
0.651891
0.663684
0.660024
0.665311
0.650671
0.655551
0.655144
0.655551
0.655551
0.655551
0.662871
0.663684
0.666124
0.668971
0.666938
0.661651
0.653518
0.659211
0.661244
0.662464
0.650264
0.657584
0.656771
0.661244
0.661244
0.661244
0.654738
0.656364
0.658804
0.658398
0.658398
0.665311
0.653518
0.664091
0.655551
0.652704
0.666938
0.662058
0.655551
0.661651
0.656771
0.654738
0.660431
0.663278
0.661244
0.653111
0.649858
0.660024
0.658398
0.659211
0.662464
0.653111
0.654738
0.654738
0.657991
0.659211
0.657991
0.651891
0.663684
0.652704
0.654331
0.658398
0.654331
0.644978
0.657991
0.647418
0.659211
0.650264
0.655144
0.653518
0.653924
0.646604
0.653111
0.656364
0.647824
0.659211
0.652704
0.663278
0.657991
0.655958
0.663278
0.658804
0.664091
0.654738
0.657991
0.662871
0.651891
0.642944
0.658398
0.655144
0.658398
0.658398
0.665718
0.651484
0.658804
0.651891
0.653518
0.645384
0.655551
0.658398
0.656771
0.656771
0.657991
0.672631
0.665718
0.651891
0.658804
0.657991
0.661651
0.654738
0.655144
0.650671
0.655958
0.649858
0.666531
0.654738
0.662871
0.653924
0.655958
0.645791
0.658398
0.648231
0.661651
0.659618
0.651078
0.657991
0.654331
0.652298
0.654738
0.660431
0.649858
0.666124
0.662058
0.660838
0.658398
0.652704
0.662464
0.658804
0.647824
0.643758
0.651484
0.655551
0.660431
0.662058
0.657178
0.665311
0.652704
0.660431
0.653111
0.655144
0.654331
0.642944
0.647418
0.653111
0.663278
0.655551
0.660838
0.664904
0.651078
0.653924
0.654738
0.654331
0.651078
0.642944
0.655551
0.650671
0.649044
0.655144
0.655958
0.660024
0.651484
0.649451
0.654738
0.657178
0.655958
0.657178
0.644571
0.656364
0.660024
0.657178
0.660838
0.660838
0.668158
0.655144
0.653518
0.656364
0.655958
0.645384
0.649858
0.647011
0.653924
0.656364
0.661244
0.671411
0.660838
0.657584
0.659618
0.650264
0.661244
0.656771
0.641318
0.660024
0.659211
0.659618
0.664091
0.662058
0.656771
0.658804
0.650671
0.662058
0.653924
0.661244
0.656771
0.666124
0.657584
0.657178
0.662058
0.656364
0.660024
0.656771
0.649451
0.661244
0.658398
0.648638
0.666124
0.663278
0.656364
0.650671
0.653518
0.651484
0.657178
0.656771
0.659618
0.647824
0.654738
0.655958
0.652298
0.649044
0.648638
0.660838
0.650671
0.657991
0.661244
0.660431
0.660838
0.660024
0.658398
0.651078
0.647824
0.658398
0.664904
0.651891
0.657584
0.662464
0.655551
0.650671
0.658804
0.653518
0.657991
0.655958
0.656364
0.646198
0.654738
0.644164
0.649858
0.650671
0.656364
0.658804
0.653518
0.653518
0.647418
0.649044
0.658804
0.648231
0.656364
0.656364
0.660838
0.652298
0.647011
0.649451
0.647824
0.654738
0.651891
0.660838
0.656364
0.654738
0.663684
0.663278
0.652298
0.651078
0.647824
0.653924
0.644978
0.653518
0.657178
0.656771
0.653518
0.662464
0.654331
0.649858
0.656364
0.660431
0.657991
0.656771
0.654738
0.651078
0.651891
0.663278
0.657991
0.651891
0.636438
0.656364
0.648638
0.656771
0.654331
0.660838
0.666124
0.653924
0.657178
0.645384
0.650671
0.652704
0.664091
0.649858
0.650671
0.654738
0.663278
0.659211
0.653111
0.651078
0.658398
0.651484
0.661244
0.659211
0.662058
0.660431
0.649044
0.648638
0.650264
0.651484
0.658804
0.653111
0.651891
0.652704
0.654738
0.663278
0.655958
0.660838
0.659211
0.653111
0.646604
0.648638
0.655958
0.661651
0.653111
0.659211
0.654331
0.651891
0.658398
0.649858
0.656771
0.644978
0.655144
0.650264
0.659618
0.662058
0.657584
0.654738
0.663278
0.652298
0.655958
0.660024
0.655958
0.660024
0.651484
0.647824
0.652298
0.655144
0.661651
0.653924
0.655551
0.657178
0.655551
0.652298
0.656771
0.657178
0.659618
0.660024
0.657991
0.660838
0.653111
0.655958
0.651484
0.664091
0.659618
0.653518
0.656771
0.663278
0.650264
0.653111
0.644571
0.637658
0.648638
0.653518
0.652298
0.664498
0.655144
0.651891
0.659211
0.662871
0.656364
0.655958
0.643351
0.650264
0.654331
0.657991
0.647418
0.669784
0.652704
0.657178
0.657584
0.648638
0.657991
0.644164
0.652704
0.657991
0.657991
0.660431
0.654738
0.658804
0.658398
0.662464
0.660838
0.654331
0.647418
0.658398
0.657991
0.659211
0.649858
0.644164
0.660431
0.658398
0.653518
0.656364
0.650264
0.644571
0.651078
0.649451
0.661651
0.654331
0.653518
0.644978
0.647418
0.644978
0.657991
0.654331
0.662464
0.656364
0.649451
0.659618
0.662464
0.654331
0.664904
0.649451
0.657584
0.649044
0.655958
0.655958
0.661244
0.654331
0.657584
0.653518
0.650671
0.652298
0.655551
0.640098
0.653518
0.653518
0.646198
0.661244
0.656364
0.652704
0.660024
0.648231
0.648231
0.649858
0.650264
0.662464
0.653924
0.649451
0.659618
0.647824
0.649044
0.652704
0.654738
0.654738
0.665311
0.650264
0.663684
0.656771
0.660838
0.652298
0.655144
0.662871
0.649451
0.658398
0.654738
0.657584
0.654331
0.658398
0.658398
0.649451
0.663278
0.654331
0.647824
0.654738
0.650264
0.649044
0.653924
0.651891
0.660431
0.658804
0.646604
0.658804
0.663684
0.649451
0.661651
0.652298
0.664091
0.654738
0.658398
0.657991
0.645384
0.654331
0.658804
0.648231
0.656364
0.655958
0.657178
0.654738
0.645384
0.652704
0.657584
0.653518
0.652704
0.657991
0.653518
0.647824
0.654331
0.659618
0.658804
0.661244
0.659618
0.652298
0.666124
0.647418
0.659618
0.654331
0.653924
0.665311
0.666531
0.649451
0.653924
0.653924
0.652298
0.649451
0.654331
0.650671
0.662464
0.663278
0.659618
0.654738
0.648638
0.650671
0.660024
0.657178
0.652704
0.649858
0.653111
0.652298
0.655551
0.649044
0.657991
0.651078
0.651078
0.649451
0.650264
0.655958
0.652704
0.650671
0.663278
0.662058
0.653924
0.655958
0.653518
0.656364
0.653924
0.660838
0.644978
0.655958
0.657991
0.644571
0.641724
0.652704
0.653924
0.653111
0.650671
0.648638
0.657991
0.653111
0.657991
0.650671
0.662464
0.657991
0.666124
0.659211
0.648231
0.659618
0.654331
0.656771
0.648638
0.655144
0.653518
0.659618
0.652704
0.657584
0.654331
0.660838
0.658804
0.658804
0.655551
0.657991
0.653111
0.659618
0.657991
0.658804
0.659618
0.654738
0.652704
0.654738
0.652704
0.657584
0.636844
0.654738
0.650671
0.651078
0.660838
0.653518
0.649858
0.653924
0.653924
0.653518
0.659211
0.657991
0.649858
0.658804
0.651078
0.661244
0.653111
0.662871
0.649858
0.658398
0.657991
0.657178
0.665311
0.656364
0.651891
0.653924
0.657178
0.653924
0.661244
0.653518
0.653111
0.657584
0.649451
0.649858
0.656364
0.656771
0.654738
0.648231
0.649858
0.651484
0.664904
0.659618
0.656771
0.670598
0.654738
0.657178
0.663684
0.651484
0.661651
0.644978
0.660838
0.649858
0.653111
0.655551
0.650671
0.660024
0.646198
0.655551
0.655958
0.653924
0.658804
0.654331
0.648638
0.659618
0.659618
0.648638
0.656771
0.650264
0.658398
0.656771
0.656364
0.664498
0.652298
0.658398
0.650264
0.655551
0.647418
0.651484
0.657178
0.657178
0.648231
0.662464
0.654738
0.657178
0.647824
0.649044
0.650264
0.654331
0.652704
0.659618
0.658398
0.657178
0.657584
0.658398
0.659618
0.654738
0.648231
0.654331
0.651484
0.654738
0.649044
0.653518
0.652298
0.665718
0.659211
0.657584
0.647824
0.651484
0.650671
0.650671
0.651891
0.663684
0.658398
0.647418
0.652704
0.659211
0.658804
0.655144
0.661244
0.658804
0.660431
0.660431
0.653924
0.654738
0.659618
0.655551
0.653111
0.652704
0.651484
0.655958
0.651891
0.651891
0.652704
0.659211
0.665311
0.655551
0.656771
0.666531
0.655144
0.648231
0.650671
0.658398
0.650264
0.644164
0.648231
0.650671
0.657178
0.650671
0.660024
0.654738
0.654331
0.651484
0.662058
0.653518
0.665718
0.660024
0.648638
0.660431
0.655551
0.651078
0.651484
0.656364
0.658398
0.656771
0.651891
0.655144
0.667344
0.653518
0.649044
0.659211
0.644164
0.660838
0.655144
0.653924
0.650264
0.650671
0.659618
0.655551
0.658804
0.662464
0.660431
0.657178
0.665311
0.653111
0.655551
0.652298
0.654331
0.656771
0.662058
0.662058
0.657991
0.666938
0.658804
0.650264
0.657178
0.655958
0.644164
0.648638
0.653111
0.651078
0.660431
0.658804
0.653518
0.661244
0.651891
0.666938
0.649451
0.651891
0.653924
0.653924
0.667344
0.662464
0.658804
0.661244
0.655551
0.650671
0.657178
0.648231
0.654738
0.650671
0.655958
0.653518
0.653924
0.651891
0.651078
0.657584
0.648231
0.655144
0.657178
0.652298
0.659211
0.650671
0.656364
0.654738
0.644978
0.656771
0.653518
0.657584
0.662871
0.652298
0.662464
0.653924
0.651891
0.655551
0.653518
0.655144
0.649044
0.655551
0.645791
0.651484
0.651891
0.651891
0.654738
0.653518
0.653924
0.650671
0.656364
0.651484
0.649858
0.647011
0.660024
0.651891
0.655144
0.647418
0.651078
0.652704
0.659618
0.644571
0.642131
0.665311
0.651078
0.654331
0.644164
0.648638
0.657584
0.654331
0.657584
0.657584
0.656364
0.666531
0.660024
0.650671
0.645384
0.657991
0.644571
0.652298
0.655958
0.655958
0.661651
0.652704
0.663684
0.660431
0.657178
0.643351
0.655144
0.661651
0.646198
0.661244
0.660024
0.656771
0.649858
0.645384
0.659211
0.651484
0.660838
0.650264
0.659211
0.648638
0.660431
0.649044
0.654331
0.661651
0.644571
0.663278
0.640504
0.651891
0.650264
0.654331
0.645791
0.657584
0.652298
0.658804
0.651891
0.651891
0.646198
0.653518
0.650671
0.656364
0.644978
0.649451
0.644571
0.651078
0.653924
0.653111
0.652704
0.650671
0.651078
0.647418
0.658398
0.649451
0.653518
0.653518
0.660024
0.651891
0.655551
0.656364
0.651484
0.657178
0.658398
0.663684
0.649451
0.649044
0.656364
0.648638
0.662058
0.650264
0.654331
0.657584
0.656364
0.660431
0.653111
0.656364
0.652298
0.648638
0.645791
0.651891
0.649044
0.655144
0.658398
0.657584
0.660024
0.657991
0.659211
0.656771
0.660024
0.652704
0.652704
0.653518
0.647418
0.654331
0.654738
0.653111
0.655551
0.653111
0.651891
0.645791
0.644571
0.657178
0.651891
0.658398
0.650671
0.649858
0.642944
0.642538
0.654738
0.653518
0.659211
0.655551
0.658398
0.658804
0.647824
0.648231
0.652704
0.653924
0.653518
0.654331
0.658398
0.640911
0.654738
0.653111
0.647824
0.651891
0.655958
0.649451
0.657991
0.662464
0.654331
0.649044
0.648231
0.656771
0.658398
0.657584
0.663278
0.670598
0.660838
0.663278
0.657991
0.649451
0.658398
0.640911
0.648638
0.658804
0.643758
0.662058
0.661651
0.651484
0.654738
0.657178
0.662871
0.649044
0.654331
0.649044
0.658804
0.655551
0.660838
0.656771
0.647011
0.656771
0.659618
0.651078
0.644164
0.650264
0.649451
0.643758
0.652704
0.656364
0.655551
0.658804
0.654331
0.655551
0.657584
0.661244
0.649451
0.651078
0.652298
0.653111
0.661651
0.647824
0.651484
0.653924
0.649858
0.646604
0.651484
0.654738
0.650671
0.648638
0.655551
0.652704
0.653518
0.650671
0.653924
0.659618
0.646604
0.657584
0.650264
0.660838
0.648638
0.649451
0.650671
0.649858
0.648638
0.646604
0.662058
0.657584
0.653111
0.661651
0.647011
0.648231
0.647418
0.660024
0.653924
0.659618
0.652704
0.647418
0.663278
0.651891
0.653111
0.656771
0.657991
0.649044
0.653111
0.652704
0.655958
0.651078
0.647418
0.654738
0.652298
0.655144
0.651891
0.649858
0.659618
0.652298
0.649451
0.653111
0.646198
0.656771
0.650671
0.653518
0.658804
0.654738
0.657584
0.637251
0.649858
0.646604
0.655551
0.664498
0.652704
0.662058
0.655551
0.657584
0.655958
0.651891
0.656364
0.647824
0.658804
0.653924
0.654738
0.654738
0.661651
0.645384
0.656771
0.653924
0.658398
0.658398
0.648638
0.656771
0.660838
0.651484
0.657178
0.652298
0.659618
0.652704
0.643758
0.656364
0.651078
0.667751
0.659618
0.658804
0.645791
0.649858
0.652298
0.655551
0.647824
0.646604
0.653111
0.647824
0.662464
0.654738
0.662464
0.657178
0.636844
0.655551
0.646198
0.650264
0.648638
0.654331
0.647011
0.657178
0.657991
0.654331
0.655958
0.659618
0.657991
0.653924
0.658398
0.655551
0.645384
0.646604
0.655551
0.652298
0.654331
0.644978
0.652298
0.649858
0.651484
0.647824
0.660024
0.659211
0.660838
0.644571
0.641318
0.658398
0.650671
0.654331
0.655551
0.656364
0.654331
0.657584
0.655551
0.654738
0.652704
0.653111
0.654738
0.651484
0.653111
0.644978
0.649044
0.657178
0.657584
0.654331
0.656364
0.658398
0.655551
0.647011
0.644571
0.644978
0.653518
0.662871
0.662058
0.656771
0.658804
0.659211
0.648231
0.654738
0.651078
0.657991
0.646604
0.644571
0.647011
0.654738
0.647418
0.650671
0.643758
0.645791
0.649451
0.658398
0.653111
0.653518
0.655958
0.662464
0.649858
0.651484
0.659211
0.657178
0.654738
0.652298
0.657584
0.660431
0.650671
0.653111
0.646604
0.655144
0.655144
0.656771
0.657584
0.656364
0.662058
0.656364
0.654331
0.655958
0.651078
0.659211
0.648638
0.654738
0.660838
0.648231
0.650671
0.649044
0.653111
0.646198
0.651891
0.654331
0.661244
0.645384
0.652298
0.661244
