0.510370
0.528264
0.537617
0.531924
0.535990
0.555104
0.557137
0.566084
0.576657
0.583164
0.588044
0.584791
0.587637
0.589264
0.591297
0.590484
0.588451
0.589264
0.589671
0.592517
0.583977
0.578284
0.577471
0.577471
0.579097
0.577471
0.579097
0.580724
0.583164
0.588044
0.588044
0.588451
0.589671
0.588857
0.590891
0.596991
0.596584
0.597804
0.596584
0.596584
0.597397
0.596584
0.596991
0.592924
0.592924
0.591704
0.590484
0.590077
0.590891
0.592111
0.594957
0.596991
0.595364
0.594957
0.596177
0.596584
0.597804
0.596584
0.598617
0.596584
0.595364
0.596584
0.595771
0.595771
0.594551
0.594144
0.593737
0.594144
0.593737
0.594144
0.594551
0.591704
0.591297
0.593331
0.595364
0.596584
0.596991
0.601464
0.600651
0.601464
0.599837
0.598617
0.599024
0.599431
0.600244
0.600651
0.601057
0.601464
0.605124
0.602277
0.601057
0.603497
0.605531
0.607564
0.603904
0.605937
0.606344
0.606344
0.597804
0.558764
0.580724
0.607564
0.616511
0.617324
0.622204
0.623017
0.624237
0.619764
0.618137
0.618544
0.616917
0.617324
0.615697
0.616104
0.616917
0.617731
0.617731
0.620171
0.620577
0.622204
0.623424
0.626678
0.624644
0.627491
0.628711
0.625458
0.623017
0.623017
0.621797
0.621391
0.623424
0.625864
0.623831
0.625051
0.620171
0.624237
0.624237
0.621391
0.625051
0.625864
0.624644
0.622204
0.623424
0.620984
0.623017
0.625051
0.623424
0.622204
0.620984
0.619357
0.619357
0.624644
0.625458
0.625458
0.623017
0.622611
0.619357
0.625458
0.625458
0.623017
0.623424
0.623424
0.625051
0.624237
0.623017
0.618137
0.618951
0.618544
0.623017
0.625051
0.625458
0.625864
0.627898
0.627491
0.629931
0.624237
0.628711
0.627898
0.628304
0.629118
0.628711
0.627898
0.627084
0.626678
0.628711
0.624644
0.622611
0.622611
0.626678
0.626678
0.626678
0.627491
0.627898
0.626678
0.621391
0.617731
0.628711
0.626271
0.628711
0.629118
0.627491
0.629524
0.627898
0.630338
0.629524
0.625864
0.629524
0.626678
0.627084
0.629931
0.629931
0.629524
0.628711
0.630338
0.630744
0.631151
0.627898
0.629524
0.629931
0.630338
0.626678
0.624237
0.623831
0.621391
0.622204
0.620984
0.625864
0.628711
0.628711
0.627084
0.627898
0.627898
0.628711
0.625458
0.623424
0.621797
0.627491
0.628304
0.629118
0.627084
0.627898
0.627084
0.630744
0.625864
0.626271
0.623831
0.632371
0.631558
0.629118
0.626678
0.628304
0.630338
0.630744
0.629931
0.627898
0.631558
0.632371
0.633184
0.629524
0.625051
0.622204
0.624237
0.621797
0.624644
0.623424
0.622611
0.620171
0.623831
0.621391
0.620577
0.622204
0.623831
0.620577
0.622204
0.621391
0.628304
0.626678
0.626678
0.625458
0.624644
0.626678
0.629524
0.631151
0.629118
0.627084
0.628304
0.627491
0.626678
0.628304
0.627898
0.626678
0.623017
0.623831
0.620984
0.622611
0.624237
0.623424
0.621391
0.625864
0.623831
0.623424
0.625051
0.624644
0.624237
0.628711
0.626271
0.625864
0.625458
0.627898
0.631151
0.627898
0.625051
0.622611
0.625051
0.626271
0.626678
0.626678
0.626678
0.625051
0.623831
0.626271
0.624644
0.622204
0.626678
0.627084
0.625458
0.625458
0.630338
0.629524
0.627491
0.623831
0.621797
0.623424
0.624644
0.624237
0.623831
0.624644
0.623831
0.625458
0.627084
0.627084
0.624644
0.627491
0.627898
0.627491
0.629118
0.629118
0.626271
0.627898
0.626678
0.624644
0.626271
0.627491
0.625051
0.625864
0.627084
0.623424
0.625458
0.623017
0.622204
0.621391
0.621797
0.622204
0.623017
0.626271
0.625864
0.625864
0.623424
0.623017
0.623017
0.622204
0.623424
0.624644
0.622204
0.621797
0.622204
0.623831
0.620577
0.620577
0.618544
0.621797
0.625864
0.630338
0.629524
0.627491
0.626271
0.625864
0.623831
0.625458
0.623017
0.624237
0.622611
0.623017
0.622204
0.620984
0.620577
0.624237
0.623831
0.621797
0.622611
0.623424
0.622204
0.623424
0.622611
0.622611
0.624644
0.620984
0.620171
0.620577
0.626271
0.625458
0.631151
0.630338
0.631964
0.629524
0.624237
0.626271
0.624237
0.623017
0.622611
0.625051
0.624644
0.624237
0.625458
0.623831
0.621391
0.625458
0.622611
0.620984
0.621391
0.622204
0.621797
0.621391
0.618951
0.623831
0.622611
0.623831
0.620577
0.619764
0.620984
0.622204
0.625051
0.624237
0.625864
0.624644
0.623424
0.622611
0.623831
0.623831
0.623017
0.625051
0.626678
0.624644
0.625458
0.622204
0.620984
0.616104
0.617324
0.619357
0.625051
0.629118
0.628304
0.623424
0.622611
0.625458
0.621391
0.620577
0.624644
0.625458
0.624237
0.626678
0.627084
0.628304
0.625864
0.626271
0.623831
0.621797
0.624237
0.629524
0.624644
0.626271
0.625458
0.624644
0.621391
0.621391
0.620984
0.620577
0.625458
0.624644
0.627898
0.626271
0.625864
0.622611
0.623831
0.624237
0.625051
0.625458
0.627084
0.629118
0.625864
0.629931
0.626678
0.622204
0.620577
0.618951
0.617731
0.623831
0.625051
0.626678
0.627084
0.625458
0.623424
0.618544
0.622204
0.622611
0.624237
0.623424
0.623424
0.624644
0.624644
0.627898
0.627084
0.627491
0.626678
0.626678
0.629524
0.630338
0.631558
0.631558
0.630744
0.627898
0.624237
0.619357
0.620171
0.620171
0.621391
0.626678
0.624237
0.623424
0.625051
0.625051
0.623017
0.624237
0.625051
0.625051
0.629524
0.631964
0.630744
0.625051
0.627084
0.622204
0.622611
0.622204
0.623017
0.620984
0.625864
0.624237
0.623424
0.625864
0.623017
0.624237
0.624644
0.626271
0.624644
0.623424
0.623424
0.624237
0.623831
0.626678
0.624644
0.624237
0.623424
0.626271
0.621797
0.624644
0.626678
0.625864
0.623424
0.623831
0.622204
0.620171
0.623017
0.618544
0.621391
0.625458
0.627084
0.626678
0.626271
0.625458
0.627898
0.626271
0.626678
0.628711
0.627898
0.631558
0.629118
0.629118
0.625051
0.623424
0.622611
0.622611
0.623424
0.625864
0.625051
0.625051
0.629118
0.624237
0.627084
0.624644
0.621797
0.618951
0.620984
0.625864
0.627491
0.629118
0.625864
0.625458
0.621797
0.620577
0.621797
0.621797
0.620984
0.626678
0.629524
0.631151
0.625051
0.624644
0.625864
0.626271
0.625051
0.625051
0.629118
0.629118
0.627491
0.628304
0.625458
0.626678
0.625458
0.624644
0.623424
0.621797
0.618137
0.623017
0.624237
0.626678
0.623424
0.621391
0.622204
0.622204
0.624644
0.625458
0.628711
0.628711
0.628304
0.626678
0.626271
0.626271
0.623424
0.622204
0.625051
0.626271
0.627491
0.628304
0.628304
0.625864
0.625458
0.627084
0.624644
0.623424
0.623831
0.627084
0.628304
0.629524
0.626678
0.627084
0.622611
0.620577
0.621391
0.621797
0.627084
0.631151
0.628304
0.629931
0.628304
0.626271
0.627898
0.625864
0.625458
0.627898
0.627491
0.630744
0.630744
0.630338
0.628711
0.626271
0.625458
0.624644
0.627084
0.625864
0.627491
0.629118
0.627491
0.629118
0.628711
0.624644
0.622611
0.622611
0.627084
0.629931
0.631151
0.632371
0.628711
0.629524
0.625864
0.624237
0.620171
0.620984
0.625051
0.629931
0.631151
0.631151
0.631558
0.631558
0.629118
0.623424
0.618137
0.621797
0.622611
0.630338
0.627491
0.629524
0.629118
0.627084
0.623831
0.622611
0.621391
0.623424
0.625051
0.627898
0.627084
0.624237
0.622204
0.621797
0.623017
0.620984
0.623424
0.625864
0.627491
0.628711
0.629118
0.627084
0.629524
0.625051
0.622611
0.622204
0.626271
0.625864
0.627491
0.627084
0.625051
0.624644
0.623424
0.624644
0.623831
0.627491
0.627898
0.627084
0.631964
0.631151
0.630338
0.630338
0.627898
0.626271
0.625458
0.625051
0.627084
0.630744
0.627084
0.629118
0.629524
0.629118
0.626678
0.626678
0.625864
0.624237
0.626678
0.627084
0.627491
0.627084
0.623831
0.625458
0.624237
0.621797
0.625051
0.628711
0.629118
0.631558
0.630338
0.629931
0.625864
0.629118
0.629118
0.627084
0.627898
0.627084
0.626678
0.627898
0.624237
0.627898
0.629118
0.627084
0.623831
0.623831
0.628711
0.628711
0.633184
0.633591
0.631964
0.633184
0.628304
0.624237
0.623831
0.625864
0.627084
0.629931
0.628304
0.633591
0.631964
0.628304
0.626678
0.626271
0.627084
0.630338
0.629118
0.627084
0.626678
0.630338
0.628304
0.625864
0.627491
0.625864
0.627084
0.631558
0.633184
0.632371
0.633184
0.632778
0.631151
0.627491
0.624237
0.626678
0.627491
0.628711
0.630744
0.631151
0.633591
0.633184
0.629931
0.629524
0.627898
0.625864
0.625864
0.627898
0.630338
0.628304
0.628711
0.627491
0.623017
0.625458
0.625051
0.629118
0.631151
0.633184
0.633998
0.631558
0.632371
0.627898
0.626271
0.625051
0.621391
0.627491
0.628304
0.630338
0.629931
0.628711
0.629118
0.627898
0.626678
0.623017
0.625458
0.629118
0.629931
0.629524
0.630338
0.630338
0.629524
0.622204
0.624644
0.623831
0.629118
0.630338
0.627491
0.627491
0.625458
0.625458
0.626271
0.627084
0.624237
0.625864
0.627491
0.631558
0.631151
0.633184
0.633184
0.630744
0.629118
0.628304
0.623424
0.630744
0.632778
0.634811
0.633998
0.635218
0.636438
0.631558
0.630744
0.627898
0.627491
0.628711
0.625864
0.627491
0.625864
0.627491
0.627491
0.628711
0.626271
0.619764
0.623424
0.625864
0.629118
0.632778
0.631964
0.633184
0.629118
0.626271
0.624644
0.622611
0.625864
0.629118
0.629931
0.631151
0.630338
0.631558
0.629524
0.628304
0.623831
0.628711
0.628711
0.632371
0.635218
0.632371
0.635218
0.632778
0.628304
0.627898
0.625051
0.626678
0.625864
0.625864
0.625051
0.628711
0.629931
0.627898
0.625051
0.622611
0.623831
0.630744
0.630338
0.632371
0.631151
0.629931
0.631558
0.628304
0.628711
0.625458
0.630338
0.629118
0.633591
0.632371
0.633184
0.634404
0.633998
0.630338
0.629524
0.626271
0.625051
0.625051
0.626678
0.623424
0.623424
0.627084
0.627084
0.624237
0.628711
0.627084
0.630338
0.630338
0.631964
0.631558
0.633184
0.630338
0.625864
0.625864
0.625458
0.627898
0.628304
0.627084
0.629524
0.628711
0.629931
0.634404
0.626678
0.629931
0.631151
0.626678
0.627491
0.629118
0.632371
0.628711
0.628304
0.628711
0.629931
0.626678
0.623017
0.623424
0.628711
0.631964
0.629931
0.633591
0.629118
0.629524
0.625458
0.627491
0.627491
0.629118
0.631151
0.631964
0.629931
0.630744
0.627084
0.626678
0.626678
0.625458
0.627084
0.628304
0.628304
0.629524
0.627491
0.628711
0.626271
0.631151
0.626678
0.630338
0.631558
0.633184
0.636438
0.631964
0.632371
0.630744
0.630744
0.629524
0.626678
0.627898
0.627491
0.630338
0.631964
0.631151
0.631558
0.629118
0.628711
0.625051
0.628711
0.626678
0.625458
0.628711
0.630744
0.628711
0.629118
0.627898
0.625864
0.622204
0.625051
0.629118
0.631964
0.631558
0.634811
0.632371
0.629931
0.630744
0.630338
0.631151
0.628304
0.629931
0.629118
0.628304
0.631964
0.629118
0.623831
0.628304
0.625051
0.631151
0.630338
0.629931
0.631558
0.631558
0.628304
0.628711
0.629118
0.629931
0.627491
0.631151
0.631558
0.632371
0.632778
0.632371
0.628304
0.626271
0.626678
0.627084
0.631151
0.631558
0.632371
0.631964
0.631964
0.634811
0.630338
0.627491
0.627491
0.627898
0.627084
0.624644
0.623017
0.626271
0.629118
0.629118
0.629524
0.629118
0.630744
0.629118
0.629524
0.629931
0.630744
0.631964
0.635218
0.633591
0.631964
0.633591
0.634404
0.633591
0.630338
0.630744
0.629524
0.627898
0.633184
0.630744
0.629931
0.632371
0.629931
0.626271
0.626271
0.626678
0.626678
0.632778
0.636031
0.628711
0.630744
0.631151
0.631964
0.631964
0.631964
0.633184
0.631558
0.632371
0.634404
0.633591
0.631151
0.630338
0.625864
0.627491
0.630338
0.627898
0.627898
0.629118
0.626678
0.629118
0.632371
0.631964
0.632371
0.631151
0.630744
0.631558
0.631964
0.632371
0.630744
0.631558
0.630338
0.630744
0.629118
0.627084
0.628711
0.631558
0.632371
0.632371
0.631558
0.628304
0.630744
0.629118
0.631558
0.629524
0.627491
0.631151
0.631964
0.630744
0.632371
0.631151
0.634404
0.632778
0.631558
0.629931
0.627491
0.628304
0.634811
0.629524
0.631151
0.633184
0.632778
0.629931
0.627491
0.631151
0.627491
0.633591
0.632778
0.630744
0.631151
0.631964
0.629524
0.627491
0.627491
0.625051
0.630744
0.629118
0.629524
0.628711
0.630338
0.632371
0.630744
0.629524
0.631558
0.629931
0.630338
0.627491
0.630744
0.629118
0.627491
0.629524
0.629931
0.630744
0.626271
0.624644
0.627898
0.629118
0.629524
0.630338
0.635218
0.634811
0.631964
0.628304
0.630744
0.629524
0.633184
0.631151
0.633184
0.631151
0.633591
0.630338
0.628304
0.632778
0.627898
0.629931
0.631964
0.631964
0.633184
0.633184
0.633591
0.630744
0.631964
0.630744
0.627491
0.631558
0.631964
0.633184
0.634811
0.636844
0.632778
0.633591
0.634811
0.631558
0.635218
0.635624
0.635218
0.633591
0.634404
0.635218
0.633184
0.630338
0.629524
0.629118
0.626678
0.627491
0.628711
0.632778
0.631151
0.630744
0.623424
0.628711
0.627491
0.625864
0.627491
0.630338
0.631964
0.633591
0.635218
0.634811
0.632371
0.631558
0.633591
0.631558
0.631151
0.631558
0.629931
0.630338
0.631558
0.630338
0.630338
0.631151
0.629524
0.627898
0.629118
0.632371
0.631964
0.633591
0.633591
0.634811
0.634811
0.633998
0.632371
0.630338
0.629118
0.630338
0.629118
0.631151
0.632371
0.628304
0.629524
0.629118
0.627491
0.627898
0.633998
0.634811
0.634811
0.634811
0.630744
0.633591
0.632371
0.630338
0.634404
0.634404
0.635624
0.633998
0.635218
0.631964
0.633998
0.632371
0.628711
0.629931
0.634811
0.630744
0.633184
0.633591
0.632778
0.629931
0.632371
0.629118
0.632371
0.633591
0.626271
0.629524
0.633184
0.630744
0.630338
0.629524
0.631151
0.629931
0.628304
0.629524
0.629931
0.630338
0.633184
0.629118
0.631558
0.632778
0.631151
0.631151
0.627491
0.629524
0.628711
0.628304
0.629524
0.630744
0.628304
0.627491
0.626271
0.627491
0.629118
0.628304
0.628711
0.630338
0.630338
0.629931
0.628304
0.627898
0.629118
0.627084
0.627898
0.628711
0.628711
0.631558
0.633591
0.637251
0.637251
0.633591
0.635624
0.634404
0.633998
0.637251
0.636844
0.633184
0.632778
0.631151
0.627491
0.629118
0.626678
0.627898
0.630338
0.632778
0.631964
0.633591
0.632778
0.634404
0.631964
0.628304
0.627898
0.628304
0.629524
0.630338
0.632371
0.632371
0.635218
0.636844
0.635218
0.633591
0.631964
0.629118
0.628304
0.623017
0.625051
0.627491
0.627084
0.629118
0.628304
0.627491
0.630744
0.632371
0.627491
0.630744
0.631558
0.630338
0.629931
0.628711
0.629118
0.629931
0.630744
0.629524
0.628711
0.625458
0.627898
0.628711
0.627898
0.627084
0.626271
0.631151
0.631151
0.628711
0.633184
0.632371
0.631151
0.627898
0.627491
0.624644
0.629524
0.629931
0.631558
0.630338
0.633591
0.633591
0.636031
0.636844
0.630744
0.634404
0.629931
0.633184
0.630338
0.627084
0.631151
0.630744
0.630744
0.629118
0.631151
0.632778
0.635624
0.635624
0.636438
0.629931
0.629524
0.631558
0.631964
0.630338
0.631151
0.631558
0.630744
0.636031
0.636031
0.636438
0.634811
0.629524
0.630744
0.631151
0.628304
0.631151
0.628304
0.631151
0.629524
0.627491
0.625864
0.627898
0.627898
0.626678
0.627491
0.626271
0.627084
0.629118
0.630338
0.631151
0.632371
0.632778
0.628711
0.630744
0.628304
0.629931
0.629931
0.629118
0.631558
0.629931
0.628304
0.623424
0.626678
0.626271
0.625051
0.631151
0.632778
0.631151
0.633184
0.632371
0.633184
0.631964
0.634404
0.633184
0.630338
0.634404
0.630338
0.631558
0.625458
0.631151
0.630338
0.631964
0.629524
0.631558
0.630338
0.628304
0.629118
0.632778
0.633998
0.631964
0.631558
0.633998
0.630744
0.629931
0.632371
0.630744
0.630744
0.631558
0.630744
0.630338
0.629524
0.630338
0.629118
0.625864
0.630338
0.631964
0.630338
0.629524
0.628304
0.631151
0.633184
0.632778
0.634811
0.634811
0.634811
0.631558
0.633998
0.633184
0.630338
0.628711
0.628304
0.631151
0.631964
0.631964
0.636438
0.633591
0.630338
0.630744
0.629931
0.631558
0.633591
0.634404
0.634811
0.635218
0.635624
0.634811
0.629524
0.629931
0.631151
0.630744
0.629931
0.629524
0.631964
0.632778
0.633591
0.629524
0.630744
0.630338
0.630338
0.634811
0.636031
0.632371
0.631964
0.630744
0.629524
0.629118
0.628711
0.631558
0.629931
0.632778
0.631151
0.630744
0.633591
0.636438
0.634811
0.636031
0.636031
0.631558
0.631964
0.634404
0.636438
0.636031
0.634404
0.634404
0.633184
0.631964
0.631964
0.631151
0.634811
0.634404
0.631558
0.636031
0.633998
0.633591
0.630338
0.632778
0.631151
0.632371
0.630338
0.633184
0.636438
0.632778
0.629931
0.629524
0.633184
0.629931
0.630338
0.627898
0.629931
0.627491
0.632371
0.631151
0.629931
0.630744
0.629931
0.626271
0.630338
0.636031
0.635624
0.629118
0.629931
0.629931
0.633184
0.630744
0.629931
0.628711
0.628711
0.630338
0.632778
0.631964
0.629931
0.629118
0.630338
0.630338
0.628711
0.629524
0.631151
0.629524
0.629931
0.636031
0.636844
0.634404
0.633998
0.636844
0.634404
0.635218
0.635624
0.638064
0.635624
0.632778
0.633998
0.631964
0.631558
0.633184
0.631964
0.630744
0.630744
0.630338
0.630744
0.631964
0.633998
0.631558
0.633184
0.631964
0.633591
0.631964
0.635218
0.629931
0.634811
0.633998
0.631964
0.630744
0.630744
0.630744
0.631151
0.631964
0.632778
0.630338
0.627898
0.625864
0.626678
0.625864
0.625458
0.628304
0.630744
0.632371
0.631151
0.631558
0.631151
0.632778
0.629118
0.629931
0.631151
0.632778
0.634404
0.637251
0.633184
0.636844
0.637658
0.634404
0.635624
0.637251
0.634811
0.631558
0.635624
0.631151
0.632371
0.629931
0.627898
0.627084
0.628304
0.627084
0.626678
0.628304
0.629524
0.632778
0.634404
0.629931
0.629524
0.629118
0.628711
0.628304
0.632371
0.630338
0.627898
0.628711
0.626271
0.636438
0.627491
0.630744
0.629118
0.629931
0.631151
0.629931
0.634404
0.630338
0.629118
0.634404
0.630744
0.629524
0.631151
0.630338
0.631964
0.632371
0.631964
0.630744
0.632778
0.629931
0.628304
0.627898
0.629931
0.625458
0.627084
0.629524
0.633184
0.633591
0.632371
0.631964
0.632778
0.630744
0.631151
0.633998
0.633591
0.631558
0.630338
0.633998
0.632371
0.630338
0.629118
0.628304
0.632778
0.631964
0.627898
0.628304
0.628304
0.628711
0.626678
0.625864
0.627898
0.630744
0.632371
0.636031
0.636438
0.635624
0.633998
0.632778
0.636438
0.632371
0.633998
0.635218
0.631964
0.633998
0.638064
0.637251
0.632371
0.633591
0.630744
0.628304
0.627491
0.634404
0.628304
0.631151
0.632371
0.634811
0.633591
0.632371
0.630744
0.633998
0.632778
0.631964
0.631151
0.632778
0.633591
0.632778
0.630744
0.629118
0.628711
0.631151
0.630338
0.631558
0.632371
0.634811
0.631558
0.630744
0.631964
0.630744
0.630744
0.635218
0.633184
0.629931
0.630338
0.631964
0.631558
0.633998
0.632778
0.629931
0.631558
0.633184
0.630338
0.629524
0.631558
0.631964
0.627491
0.627491
0.628304
0.629118
0.631558
0.633184
0.633184
0.629118
0.633591
0.633998
0.631964
0.635218
0.633184
0.633591
0.633184
0.633591
0.631558
0.630744
0.631964
0.631964
0.632371
0.630744
0.632778
0.636438
0.634811
0.639284
0.636031
0.632778
0.627491
0.634404
0.634811
0.633591
0.633184
0.629931
0.634811
0.633184
0.631964
0.632371
0.631558
0.631558
0.632778
0.633591
0.628711
0.634811
0.633998
0.631964
0.631151
0.632778
0.629118
0.629524
0.633184
0.631558
0.631151
0.627084
0.629931
0.632778
0.633591
0.627084
0.626678
0.632371
0.632371
0.630338
0.633998
0.633998
0.638064
0.636844
0.632778
0.627491
0.625864
0.627898
0.628304
0.631151
0.628711
0.630744
0.631151
0.631964
0.631964
0.634404
0.631964
0.631964
0.630744
0.630338
0.635218
0.629118
0.633184
0.633998
0.636438
0.633998
0.629118
0.629524
0.630338
0.629931
0.635624
0.632778
0.632778
0.635624
0.636031
0.630744
0.626678
0.630338
0.629118
0.629118
0.636031
0.636438
0.635218
0.634404
0.633998
0.631151
0.628304
0.629118
0.629118
0.633998
0.634811
0.631151
0.632371
0.633184
0.631964
0.632778
0.631151
0.632778
0.633184
0.630744
0.628304
0.632371
0.634404
0.637251
0.626678
0.627898
0.627491
0.627898
0.628711
0.629931
0.628304
0.631558
0.632371
0.637658
0.627898
0.627898
0.630338
0.630338
0.629118
0.633591
0.631558
0.633591
0.635218
0.637251
0.629524
0.631558
0.632371
0.633184
0.634404
0.633998
0.636438
0.636031
0.637658
0.633591
0.631151
0.632371
0.629931
0.636438
0.635624
0.631558
0.634811
0.633998
0.633184
0.630338
0.629931
0.625458
0.629118
0.629118
0.630744
0.633998
0.632371
0.632778
0.632371
0.625051
0.626678
0.626678
0.630744
0.629118
0.631151
0.633591
0.633591
0.631964
0.630338
0.627084
0.628304
0.628304
0.631558
0.633184
0.635624
0.638064
0.637658
0.633184
0.632778
0.630338
0.631558
0.635218
0.629931
0.629931
0.634404
0.634811
0.636031
0.631558
0.631558
0.631558
0.629524
0.630338
0.631558
0.633591
0.636438
0.640504
0.633184
0.633184
0.632778
0.632371
0.631558
0.631558
0.636844
0.639284
0.636438
0.633591
0.629118
0.629118
0.628711
0.629524
0.631964
0.632371
0.633998
0.631151
0.630744
0.633998
0.632778
0.631151
0.634811
0.636438
0.635218
0.635624
0.637658
0.638064
0.641724
0.638471
0.636438
0.635624
0.636438
0.637658
0.638878
0.633998
0.636031
0.629118
0.626678
0.625864
0.626678
0.625458
0.631151
0.636438
0.633184
0.631964
0.633591
0.628711
0.631964
0.628304
0.630338
0.631558
0.633998
0.627491
0.626271
0.628304
0.627898
0.628304
0.625458
0.624237
0.624644
0.627491
0.630744
0.629524
0.631151
0.632371
0.628711
0.630338
0.629524
0.630744
0.630338
0.633184
0.638064
0.632371
0.633591
0.633591
0.632371
0.630338
0.627084
0.629931
0.632371
0.633998
0.634811
0.632371
0.636031
0.635624
0.638471
0.635218
0.633591
0.634404
0.634811
0.639284
0.638471
0.637658
0.634404
0.630744
0.628711
0.628304
0.628304
0.630744
0.629931
0.628304
0.626271
0.628304
0.632371
0.630744
0.631558
0.629118
0.628304
0.627898
0.629931
0.629118
0.629118
0.630338
0.629524
0.630338
0.628304
0.627084
0.631151
0.630744
0.637251
0.632371
0.635624
0.634811
0.632778
0.636438
0.633591
0.633998
0.635624
0.635218
0.637658
0.636031
0.634404
0.627898
0.629118
0.628304
0.625864
0.626271
0.628304
0.634404
0.635218
0.635624
0.634404
0.633184
0.631558
0.629931
0.630338
0.629931
0.631964
0.636438
0.638064
0.638878
0.635624
0.636438
0.634404
0.631151
0.631151
0.631151
0.635218
0.636031
0.632371
0.633184
0.634811
0.638064
0.629931
0.630744
0.630338
0.628711
0.630744
0.635218
0.633998
0.636031
0.635218
0.633184
0.633998
0.636031
0.635624
0.632778
0.634811
0.636844
0.638064
0.635218
0.637251
0.631558
0.629118
0.631151
0.628304
0.629524
0.633184
0.632778
0.636438
0.635624
0.629931
0.632371
0.636031
0.633998
0.634811
0.640504
0.638878
0.638471
0.636844
0.636438
0.631151
0.631964
0.633998
0.635624
0.635624
0.637251
0.638064
0.635624
0.638064
0.637658
0.632778
0.632778
0.631558
0.631964
0.635218
0.632778
0.636844
0.636844
0.633591
0.632778
0.631151
0.630744
0.630338
0.629524
0.626678
0.625051
0.627491
0.625051
0.632778
0.633184
0.629524
0.630338
0.630744
0.631558
0.636844
0.635218
0.636031
0.637251
0.640098
0.636438
0.630338
0.631151
0.631964
0.632778
0.636031
0.635624
0.637251
0.636438
0.638064
0.635218
0.632371
0.631151
0.632371
0.631558
0.630338
0.631558
0.634811
0.637658
0.636844
0.632778
0.632371
0.630744
0.629524
0.629931
0.632778
0.633998
0.634404
0.634811
0.631964
0.632371
0.631151
0.635218
0.636844
0.636438
0.636844
0.634811
0.632371
0.633184
0.633184
0.633184
0.627898
0.630744
0.627898
0.623831
0.628304
0.629118
0.628711
0.630744
0.633184
0.633184
0.634404
0.633184
0.633591
0.632778
0.632778
0.633184
0.629524
0.627898
0.631558
0.626271
0.627084
0.626678
0.627898
0.625864
0.627084
0.627898
0.628711
0.627898
0.628711
0.636031
0.633184
0.633998
0.633998
0.632371
0.632778
0.631151
0.632371
0.632778
0.633184
0.632778
0.632371
0.627491
0.630338
0.629118
0.629118
0.629524
0.631558
0.632778
0.631964
0.632371
0.633998
0.634811
0.631558
0.630338
0.630338
0.629931
0.627491
0.628711
0.629931
0.628711
0.626678
0.629931
0.633998
0.632778
0.629118
0.629118
0.629524
0.632778
0.637658
0.638064
0.634404
0.635624
0.632778
0.631558
0.631558
0.631151
0.630744
0.633591
0.633998
0.637251
0.633998
0.633591
0.632371
0.636031
0.638064
0.640098
0.636438
0.635624
0.636438
0.634404
0.636031
0.631964
0.634404
0.635624
0.633184
0.633591
0.630744
0.631558
0.635624
0.636438
0.631964
0.628304
0.629931
0.630338
0.630744
0.633591
0.637251
0.638064
0.630338
0.638064
0.634811
0.633591
0.635218
0.633998
0.633184
0.633184
0.640098
0.635218
0.631151
0.628711
0.631558
0.629931
0.631964
0.632371
0.634811
0.637658
0.637251
0.636031
0.637658
0.635218
0.636438
0.634404
0.635218
0.633998
0.631964
0.633998
0.632778
0.630744
0.632371
0.635218
0.637658
0.635218
0.636438
0.638471
0.634404
0.634811
0.640098
0.639691
0.637658
0.638064
0.636031
0.636438
0.634404
0.633998
0.629931
0.633184
0.638064
0.634811
0.635218
0.631964
0.629931
0.632371
0.633998
0.638064
0.636438
0.630744
0.631151
0.633998
0.637658
0.635624
0.638471
0.635624
0.634404
0.631964
0.628711
0.636844
0.638064
0.636844
0.637251
0.631964
0.631558
0.628304
0.630744
0.630744
0.629118
0.631964
0.634404
0.634811
0.634404
0.633591
0.633184
0.629931
0.632778
0.634404
0.634811
0.637658
0.633184
0.632371
0.629118
0.630338
0.631151
0.631964
0.632778
0.633998
0.636438
0.636438
0.635218
0.636844
0.634811
0.636031
0.635624
0.636438
0.636844
0.640504
0.639691
0.637658
0.630744
0.628711
0.629931
0.631964
0.634811
0.633591
0.633591
0.633998
0.636031
0.637658
0.628304
0.629524
0.631151
0.632778
0.633998
0.631964
0.631964
0.633591
0.635624
0.634811
0.639691
0.639284
0.633998
0.634404
0.633184
0.633184
0.637251
0.636438
0.633591
0.629118
0.630744
0.629118
0.631151
0.630744
0.629118
0.634811
0.636438
0.638064
0.636031
0.637658
0.638471
0.638471
0.638064
0.634404
0.634811
0.638064
0.640911
0.638064
0.632371
0.632778
0.633591
0.631964
0.630338
0.631558
0.631558
0.635218
0.633184
0.634811
0.638064
0.637658
0.636438
0.633591
0.634404
0.635624
0.634811
0.636438
0.632778
0.635218
0.636438
0.637251
0.636844
0.637251
0.633998
0.633591
0.637658
0.635218
0.638471
0.638878
0.634811
0.632371
0.636031
0.637251
0.634404
0.628711
0.627898
0.632371
0.632778
0.635624
0.631964
0.631964
0.633184
0.633998
0.633998
0.634404
0.633591
0.633184
0.636031
0.637251
0.636031
0.634404
0.634404
0.635624
0.635218
0.634811
0.635218
0.631151
0.634404
0.634811
0.631558
0.635218
0.633184
0.635218
0.633184
0.630338
0.631151
0.633184
0.636844
0.633998
0.631964
0.635624
0.635218
0.632778
0.629931
0.633998
0.632778
0.633591
0.633184
0.632778
0.632371
0.632778
0.634404
0.634404
0.634811
0.636438
0.635624
0.637658
0.636844
0.637251
0.635624
0.632778
0.632778
0.631151
0.630338
0.627898
0.629118
0.629524
0.629118
0.627491
0.629118
0.632778
0.633591
0.633998
0.632778
0.627898
0.630744
0.634811
0.636844
0.635218
0.633998
0.637658
0.636031
0.636844
0.636844
0.635218
0.637251
0.637658
0.634811
0.631558
0.631151
0.632371
0.633998
0.632778
0.635624
0.633184
0.633591
0.632371
0.633184
0.633591
0.635218
0.631964
0.631558
0.631558
0.631151
0.631964
0.631964
0.631964
0.630744
0.633998
0.634811
0.637658
0.635218
0.635624
0.632371
0.631558
0.637251
0.636438
0.635218
0.632371
0.636438
0.636031
0.634811
0.637251
0.636031
0.634404
0.635218
0.635218
0.634404
0.635624
0.635218
0.636031
0.637251
0.636031
0.635218
0.629118
0.629931
0.627491
0.629931
0.629524
0.627898
0.628304
0.632371
0.634404
0.636844
0.636031
0.636438
0.636844
0.636438
0.636844
0.635624
0.636031
0.634811
0.636438
0.636031
0.635218
0.635624
0.630338
0.631964
0.631964
0.631151
0.636844
0.633184
0.635218
0.634404
0.633591
0.632778
0.634404
0.634811
0.634811
0.629524
0.633591
0.633184
0.634404
0.637251
0.637658
0.636031
0.635218
0.635218
0.638064
0.635218
0.631964
0.631151
0.630338
0.632778
0.632778
0.631558
0.633184
0.630744
0.632371
0.630338
0.631558
0.633184
0.631964
0.633184
0.634811
0.636031
0.633184
0.635218
0.633998
0.635218
0.631151
0.635218
0.631964
0.631151
0.634811
0.635218
0.629931
0.633591
0.633998
0.634404
0.633998
0.633591
0.633591
0.632778
0.633591
0.634811
0.637658
0.636844
0.636844
0.636844
0.639284
0.638064
0.636031
0.636844
0.636031
0.638471
0.638878
0.638878
0.642538
0.635624
0.633591
0.635218
0.634811
0.630744
0.637251
0.636031
0.633591
0.635624
0.634404
0.633591
0.630338
0.633998
0.635218
0.631558
0.631558
0.632778
0.633591
0.637251
0.631151
0.636031
0.636844
0.638878
0.636844
0.635624
0.640098
0.638064
0.637251
0.638064
0.638064
0.640504
0.638471
0.636031
0.636844
0.635218
0.636438
0.637251
0.639284
0.635218
0.633998
0.634811
0.635624
0.636031
0.633998
0.635624
0.636438
0.638471
0.636438
0.637658
0.631558
0.635624
0.633998
0.631964
0.632371
0.634404
0.635624
0.633998
0.632778
0.634811
0.634811
0.631151
0.634404
0.635624
0.632371
0.633591
0.629931
0.633591
0.635218
0.633998
0.633591
0.631964
0.633184
0.635624
0.634811
0.632371
0.634404
0.632371
0.631964
0.634404
0.633184
0.634404
0.632778
0.632371
0.633184
0.633591
0.633998
0.632778
0.631964
0.631558
0.637251
0.633998
0.636031
0.636438
0.633998
0.630744
0.631151
0.631151
0.631964
0.633184
0.631558
0.630338
0.634404
0.631964
0.629524
0.635218
0.634811
0.637251
0.633998
0.633184
0.632778
0.638064
0.636844
0.636031
0.633998
0.631558
0.632778
0.633184
0.636438
0.636438
0.635218
0.638878
0.637658
0.636844
0.637658
0.634811
0.632778
0.633591
0.635624
0.633591
0.633184
0.633591
0.634811
0.635218
0.633998
0.631964
0.633998
0.634811
0.633591
0.637251
0.635624
0.637251
0.637658
0.635624
0.636031
0.637251
0.638064
0.638064
0.640098
0.635624
0.633998
0.637658
0.633184
0.633184
0.631151
0.631964
0.632778
0.635624
0.634811
0.633591
0.635218
0.636031
0.637658
0.636438
0.637251
0.638471
0.638471
0.639691
0.638471
0.632371
0.634811
0.631558
0.634404
0.634404
0.633184
0.636844
0.639691
0.637658
0.634404
0.636031
0.636438
0.634404
0.631151
0.631964
0.633184
0.634811
0.634811
0.636031
0.636031
0.633998
0.635218
0.633591
0.632371
0.633998
0.635218
0.633184
0.634811
0.638878
0.638878
0.639691
0.634811
0.631151
0.629524
0.632371
0.636438
0.636031
0.635218
0.638471
0.639691
0.640911
0.639691
0.633591
0.633998
0.636031
0.635218
0.636438
0.634811
0.633591
0.636438
0.636844
0.634404
0.634811
0.632371
0.636438
0.634404
0.636844
0.636844
0.639284
0.638471
0.637658
0.636844
0.636031
0.637251
0.637251
0.634404
0.638878
0.640911
0.639284
0.640098
0.641724
0.636844
0.631558
0.635624
0.634404
0.633591
0.633591
0.635624
0.635624
0.635624
0.632778
0.631151
0.632371
0.637658
0.637251
0.633591
0.633591
0.637251
0.636844
0.637251
0.635624
0.637251
0.637658
0.637251
0.637658
0.638878
0.640504
0.640911
0.638878
0.636844
0.638878
0.634811
0.637251
0.636438
0.637658
0.637658
0.635624
0.633998
0.635218
0.636438
0.636438
0.636031
0.638064
0.636438
0.634404
0.633998
0.636031
0.635624
0.636031
0.635218
0.638064
0.636438
0.633184
0.636844
0.637251
0.637658
0.633998
0.631151
0.633998
0.636438
0.638064
0.640098
0.642538
0.639691
0.641318
0.636844
0.639284
0.641724
0.638471
0.633998
0.637658
0.636031
0.634811
0.631558
0.632778
0.633184
0.635218
0.637658
0.636844
0.635624
0.636844
0.638064
0.636844
0.639284
0.639691
0.636844
0.642131
0.640504
0.640504
0.635624
0.637251
0.637658
0.640098
0.638064
0.638064
0.636844
0.639691
0.645384
0.641318
0.635218
0.638064
0.637251
0.639284
0.638471
0.639284
0.639284
0.640098
0.638878
0.638878
0.638471
0.638471
0.638471
0.635218
0.635218
0.636031
0.636438
0.633591
0.633998
0.634811
0.636031
0.635624
0.635624
0.634404
0.633184
0.634404
0.632778
0.632371
0.636031
0.636031
0.638878
0.640098
0.635218
0.636844
0.635624
0.635624
0.636438
0.636031
0.633591
0.636438
0.633591
0.635218
0.635624
0.633591
0.633184
0.632778
0.634811
0.632778
0.641724
0.635218
0.634404
0.634811
0.635218
0.636844
0.635218
0.638064
0.638471
0.638064
0.633998
0.637658
0.632371
0.632371
0.637251
0.634811
0.635218
0.634404
0.632778
0.634811
0.634404
0.633591
0.633998
0.635624
0.633998
0.635218
0.636438
0.637251
0.636438
0.637658
0.634811
0.634811
0.634404
0.634404
0.634811
0.635218
0.635218
0.634404
0.636031
0.633184
0.635624
0.636438
0.636031
0.635624
0.636438
0.637251
0.638064
0.634811
0.637658
0.634811
0.635624
0.635218
0.638471
0.640098
0.637251
0.636438
0.636031
0.638064
0.636844
0.637658
0.640098
0.637658
0.640098
0.637658
0.638471
0.636438
0.631964
0.635624
0.636031
0.639284
0.636844
0.637251
0.637658
0.637251
0.635624
0.637251
0.636031
0.634811
0.637251
0.638471
0.637251
0.636844
0.634811
0.635218
0.640504
0.638878
0.636031
0.639284
0.638878
0.638878
0.639691
0.640098
0.640504
0.639691
0.638471
0.636031
0.631964
0.635624
0.635624
0.634811
0.633591
0.637251
0.633998
0.635624
0.638064
0.635624
0.636438
0.637658
0.636438
0.634404
0.636844
0.635624
0.634404
0.632778
0.632371
0.635218
0.634404
0.636844
0.636438
0.636031
0.639284
0.638471
0.636438
0.635624
0.635218
0.633184
0.635624
0.632371
0.632778
0.631964
0.636031
0.631558
0.633998
0.634811
0.639284
0.636438
0.637658
0.636844
0.636438
0.634811
0.633184
0.632371
0.635218
0.632778
0.636031
0.636844
0.632371
0.633591
0.633184
0.632778
0.634811
0.633998
0.632371
0.631151
0.631558
0.633184
0.633184
0.632371
0.632371
0.633184
0.632371
0.633184
0.633591
0.635624
0.634811
0.634404
0.632778
0.633184
0.636844
0.637251
0.635624
0.636031
0.637251
0.637658
0.640098
0.636031
0.635218
0.633591
0.629931
0.634811
0.635218
0.634811
0.633998
0.637251
0.638878
0.638064
0.633998
0.640098
0.638878
0.638064
0.635624
0.636438
0.633998
0.634404
0.634811
0.633591
0.635624
0.635218
0.631964
0.635624
0.635218
0.636031
0.634811
0.634811
0.633591
0.635218
0.632778
0.634404
0.634811
0.635218
0.634811
0.632778
0.631558
0.630744
0.633998
0.638471
0.638064
0.632371
0.633184
0.634404
0.628711
0.632778
0.636438
0.633184
0.633998
0.634811
0.633998
0.633998
0.633591
0.632371
0.633591
0.633998
0.635624
0.633998
0.636844
0.635624
0.633998
0.637251
0.638471
0.636844
0.637251
0.635624
0.639284
0.636844
0.638878
0.637658
0.637658
0.640911
0.642131
0.637251
0.634811
0.638064
0.636438
0.634811
0.636844
0.636844
0.639284
0.641724
0.636844
0.632778
0.636844
0.634811
0.637251
0.636031
0.639284
0.641724
0.640504
0.634811
0.638064
0.636031
0.638064
0.636438
0.636438
0.638064
0.637658
0.634404
0.634811
0.634404
0.634811
0.633998
0.635624
0.634404
0.634811
0.634811
0.635624
0.635624
0.638471
0.636844
0.633998
0.634811
0.633591
0.633591
0.634404
0.636844
0.637251
0.637251
0.634811
0.637658
0.634404
0.633998
0.635624
0.636438
0.633998
0.631964
0.636844
0.638471
0.632778
0.637251
0.636844
0.633184
0.633591
0.635624
0.635624
0.635218
0.632778
0.633998
0.638064
0.633998
0.634404
0.635624
0.634811
0.634811
0.634404
0.633184
0.632778
0.634811
0.632778
0.638064
0.640911
0.640911
0.638878
0.637251
0.634404
0.637658
0.633184
0.631964
0.629524
0.633184
0.633591
0.633184
0.634404
0.633184
0.634811
0.635218
0.635624
0.635624
0.634811
0.634404
0.636438
0.636844
0.638064
0.638878
0.635218
0.635218
0.635624
0.635218
0.635624
0.634404
0.634811
0.636438
0.636844
0.638878
0.636844
0.636844
0.635218
0.634811
0.634811
0.632778
0.636031
0.633998
0.634404
0.634404
0.638064
0.636031
0.634811
0.632371
0.632371
0.633591
0.634811
0.636844
0.633998
0.635624
0.636438
0.634811
0.639691
0.641318
0.636844
0.633184
0.635218
0.632371
0.636438
0.633591
0.635218
0.633998
0.636031
0.634404
0.636438
0.638471
0.636844
0.635624
0.632778
0.635218
0.631964
0.632371
0.634404
0.633591
0.636031
0.636438
0.640911
0.636031
0.639284
0.638471
0.641318
0.639691
0.633591
0.635624
0.635624
0.637658
0.633184
0.634404
0.635624
0.637658
0.635624
0.634811
0.635218
0.639284
0.636844
0.640504
0.635218
0.636844
0.640098
0.633998
0.633998
0.635624
0.634811
0.633998
0.637658
0.634811
0.634404
0.636844
0.638878
0.637658
0.639691
0.638471
0.637658
0.636438
0.639691
0.643758
0.639691
0.640504
0.638471
0.637251
0.636438
0.636844
0.635624
0.633591
0.638471
0.640098
0.642131
0.638471
0.637251
0.637658
0.636031
0.638878
0.637658
0.637658
0.636438
0.640098
0.641318
0.639284
0.636031
0.636844
0.636031
0.636844
0.641724
0.641724
0.641318
0.643351
0.639691
0.636438
0.636844
0.638064
0.635624
0.634404
0.633998
0.637251
0.641724
0.639284
0.640098
0.639284
0.640504
0.638878
0.640504
0.639284
0.636031
0.636438
0.637251
0.637251
0.635218
0.636438
0.637251
0.638064
0.641724
0.633184
0.634811
0.631964
0.640911
0.637251
0.638064
0.639284
0.635624
0.636844
0.633591
0.638878
0.638471
0.636031
0.638471
0.642944
0.640098
0.638878
0.636844
0.636844
0.639691
0.637251
0.638064
0.640504
0.638064
0.635624
0.637251
0.636031
0.639284
0.638471
0.636031
0.635624
0.637658
0.636438
0.638471
0.638471
0.636438
0.634811
0.633998
0.636438
0.634811
0.638471
0.640504
0.639691
0.639691
0.638471
0.640098
0.638878
0.637658
0.640504
0.635218
0.632778
0.637658
0.642944
0.641318
0.638878
0.636438
0.638471
0.635624
0.638064
0.636438
0.636844
0.635624
0.633184
0.633184
0.636844
0.636438
0.636438
0.634404
0.634811
0.635218
0.629524
0.636844
0.632778
0.634811
0.636844
0.633998
0.633591
0.638878
0.638064
0.632371
0.632371
0.634404
0.638064
0.634811
0.634404
0.636844
0.636438
0.638878
0.639284
0.636438
0.634811
0.634404
0.637658
0.636844
0.634811
0.638878
0.635218
0.631151
0.632778
0.636844
0.634404
0.633998
0.635218
0.633591
0.634811
0.638471
0.634811
0.633998
0.636031
0.635218
0.634811
0.635218
0.635624
0.635218
0.634811
0.632371
0.632371
0.633998
0.636031
0.637251
0.633184
0.637658
0.634811
0.635218
0.633591
0.638471
0.639691
0.635624
0.638471
0.638471
0.637251
0.636031
0.638064
0.635624
0.633998
0.636031
0.635218
0.633184
0.639284
0.637251
0.636438
0.634811
0.634811
0.633184
0.633591
0.634404
0.639691
0.639691
0.636844
