0.513217
0.521757
0.528670
0.539244
0.548597
0.551037
0.546157
0.547377
0.536804
0.525824
0.533144
0.543310
0.548190
0.553884
0.555510
0.554697
0.552664
0.549817
0.542904
0.537210
0.538024
0.537617
0.549004
0.555917
0.553477
0.555510
0.555917
0.555104
0.555510
0.557544
0.558357
0.556324
0.553477
0.558357
0.559984
0.557544
0.559170
0.559984
0.560390
0.560390
0.556730
0.562017
0.562017
0.562017
0.557950
0.561610
0.561610
0.564864
0.564864
0.564457
0.561610
0.560797
0.567304
0.566084
0.563237
0.569337
0.573810
0.575437
0.574624
0.571370
0.566897
0.564050
0.565270
0.567304
0.569337
0.572590
0.576251
0.578691
0.576251
0.571777
0.570964
0.577471
0.580724
0.585604
0.583571
0.586417
0.585197
0.587231
0.584384
0.583571
0.578691
0.583164
0.588044
0.589264
0.589671
0.594144
0.596177
0.596991
0.596584
0.597397
0.596584
0.599024
0.594957
0.592924
0.597804
0.599837
0.596177
0.586011
0.587637
0.587231
0.600244
0.597397
0.600244
0.602277
0.603091
0.603904
0.607971
0.607971
0.610411
0.610817
0.612037
0.610817
0.606751
0.605937
0.605531
0.604311
0.602684
0.600651
0.607157
0.611631
0.610411
0.616917
0.616104
0.623017
0.623831
0.623017
0.623017
0.616511
0.617731
0.616511
0.616917
0.617324
0.616511
0.618544
0.614477
0.615291
0.614071
0.615291
0.613664
0.615291
0.617731
0.614884
0.615291
0.614071
0.611224
0.608784
0.606344
0.604717
0.609597
0.616104
0.617731
0.609597
0.608784
0.606751
0.605937
0.610817
0.615697
0.625864
0.626271
0.626678
0.623831
0.624237
0.620984
0.616917
0.612444
0.609597
0.612037
0.614884
0.620984
0.618544
0.618544
0.613664
0.607971
0.608784
0.608377
0.610817
0.619764
0.624644
0.624237
0.624644
0.624644
0.623831
0.623831
0.620577
0.616917
0.610411
0.613257
0.614884
0.614884
0.617324
0.616104
0.616511
0.616917
0.616511
0.618137
0.614477
0.615697
0.616511
0.614884
0.616917
0.617731
0.616104
0.612851
0.613257
0.614071
0.618137
0.618137
0.620984
0.620984
0.619764
0.619764
0.618951
0.617731
0.615291
0.614884
0.614477
0.619357
0.622204
0.627491
0.623831
0.622204
0.617324
0.617731
0.615291
0.621391
0.629931
0.627084
0.626678
0.623831
0.622204
0.626271
0.625051
0.626271
0.616917
0.614477
0.611224
0.613664
0.612851
0.614884
0.610411
0.606344
0.608784
0.610411
0.608377
0.616511
0.618951
0.620171
0.620171
0.619764
0.617731
0.616917
0.613664
0.610817
0.611224
0.615697
0.621391
0.624644
0.623017
0.621391
0.618544
0.621391
0.622204
0.619357
0.619357
0.621797
0.622204
0.621391
0.621797
0.623831
0.623831
0.619357
0.618137
0.619357
0.619764
0.620577
0.621797
0.623831
0.622204
0.625051
0.622611
0.624644
0.625051
0.623017
0.623424
0.619357
0.622611
0.629118
0.628304
0.628304
0.622611
0.624644
0.622204
0.625864
0.621391
0.619764
0.622204
0.622611
0.625051
0.625458
0.618951
0.620171
0.623017
0.627898
0.626271
0.625864
0.627898
0.626678
0.628304
0.628304
0.627491
0.626678
0.629524
0.627084
0.627084
0.628711
0.631151
0.631558
0.631151
0.629931
0.625458
0.623831
0.622611
0.623017
0.627491
0.628711
0.628304
0.625864
0.623831
0.622611
0.620577
0.625051
0.631558
0.626678
0.632371
0.631964
0.628304
0.629931
0.624237
0.627084
0.625051
0.626271
0.630338
0.638064
0.635218
0.635624
0.634811
0.629931
0.627491
0.626271
0.626678
0.629931
0.627084
0.628711
0.627898
0.630338
0.631151
0.631964
0.631151
0.630744
0.631151
0.632778
0.631151
0.630338
0.630338
0.629118
0.625458
0.625864
0.628304
0.632371
0.627898
0.630744
0.632371
0.633591
0.635624
0.636031
0.628304
0.626678
0.627491
0.628711
0.633998
0.632371
0.635218
0.636844
0.636031
0.633591
0.632371
0.632371
0.631558
0.632778
0.628711
0.625864
0.625458
0.629931
0.629931
0.629524
0.627898
0.628304
0.631964
0.632778
0.629524
0.631151
0.628304
0.628304
0.627491
0.625864
0.623831
0.625864
0.628711
0.633184
0.636031
0.638064
0.642944
0.638064
0.632371
0.629118
0.632778
0.629931
0.631558
0.629524
0.629118
0.629524
0.629524
0.626678
0.627491
0.628711
0.632371
0.633184
0.632371
0.633184
0.635218
0.634811
0.632778
0.630744
0.629931
0.629931
0.628304
0.629118
0.627491
0.631964
0.632371
0.632371
0.630338
0.630338
0.630744
0.629118
0.631558
0.638064
0.643351
0.639691
0.638878
0.638064
0.635218
0.632778
0.630744
0.629524
0.631964
0.632371
0.631558
0.631151
0.632371
0.634811
0.634404
0.635218
0.635218
0.635624
0.636438
0.636031
0.632371
0.629118
0.631151
0.629524
0.628304
0.627898
0.628711
0.629118
0.631964
0.633591
0.634404
0.637658
0.635218
0.634404
0.633591
0.631558
0.631151
0.629931
0.631151
0.632371
0.635218
0.633184
0.634404
0.633591
0.634811
0.631558
0.634811
0.633184
0.635624
0.633591
0.638064
0.636844
0.634404
0.633998
0.630338
0.627084
0.627491
0.635624
0.631558
0.632371
0.638064
0.639691
0.639691
0.638471
0.636844
0.627491
0.626271
0.624644
0.625051
0.629931
0.632371
0.633998
0.637251
0.638878
0.632778
0.629931
0.630338
0.633591
0.634404
0.631964
0.628711
0.630744
0.631151
0.628304
0.631151
0.632371
0.631151
0.630338
0.631964
0.636844
0.637658
0.635624
0.632778
0.631558
0.629931
0.632778
0.635624
0.633998
0.635624
0.637658
0.634811
0.634404
0.632778
0.632371
0.632371
0.630338
0.634404
0.636438
0.635218
0.636031
0.639284
0.638471
0.636844
0.629931
0.631558
0.632371
0.636844
0.637251
0.637251
0.633591
0.637658
0.638878
0.636844
0.634404
0.633591
0.632371
0.634404
0.635218
0.637251
0.637658
0.635624
0.633591
0.633591
0.635218
0.633591
0.633998
0.634811
0.632371
0.637658
0.635218
0.634811
0.630338
0.633591
0.636031
0.635218
0.635624
0.636031
0.637658
0.637658
0.634811
0.636844
0.633184
0.638064
0.634811
0.637658
0.640911
0.637251
0.637658
0.636438
0.633184
0.632778
0.629524
0.637251
0.631558
0.637658
0.639284
0.636844
0.636438
0.636031
0.633591
0.634811
0.634811
0.635218
0.638064
0.639691
0.644978
0.642131
0.640504
0.636438
0.634404
0.636438
0.639691
0.640504
0.641318
0.642944
0.637658
0.643351
0.646198
0.644978
0.644571
0.635218
0.632778
0.629524
0.631151
0.632371
0.636438
0.636031
0.637251
0.636031
0.636844
0.638064
0.638471
0.643351
0.645384
0.636438
0.639691
0.633184
0.630338
0.628711
0.629931
0.633591
0.632371
0.634811
0.638064
0.640504
0.638878
0.635624
0.636844
0.637251
0.639691
0.639691
0.642538
0.642131
0.644978
0.644978
0.646604
0.644571
0.636844
0.632778
0.636031
0.632778
0.633998
0.636031
0.643758
0.645791
0.640504
0.642131
0.643758
0.641318
0.643351
0.641724
0.642944
0.642131
0.642944
0.640098
0.639691
0.640911
0.640911
0.644571
0.647011
0.643758
0.646198
0.642538
0.644978
0.643758
0.641724
0.636844
0.636844
0.635218
0.631558
0.631558
0.635218
0.641318
0.644164
0.642131
0.645384
0.647011
0.647824
0.640098
0.636438
0.638878
0.644978
0.645384
0.644571
0.638878
0.638878
0.638878
0.642131
0.644164
0.645384
0.646198
0.649044
0.646198
0.640098
0.635624
0.637251
0.638878
0.640911
0.639691
0.640504
0.641318
0.641724
0.641724
0.638064
0.635218
0.635624
0.636438
0.639691
0.642944
0.642538
0.647824
0.648638
0.649451
0.648638
0.641724
0.639691
0.640911
0.638878
0.636844
0.642944
0.646198
0.646198
0.643351
0.640504
0.641724
0.639284
0.639691
0.642131
0.642944
0.649451
0.650671
0.651484
0.645384
0.642538
0.639691
0.639284
0.639691
0.640504
0.642944
0.648231
0.651484
0.643758
0.639284
0.635218
0.635624
0.642944
0.644164
0.644571
0.643351
0.647011
0.647824
0.640504
0.641724
0.641318
0.639691
0.642538
0.643758
0.645791
0.647824
0.650264
0.648638
0.646604
0.643351
0.643351
0.647418
0.643351
0.634404
0.631964
0.639691
0.644164
0.640504
0.641724
0.640911
0.636031
0.637658
0.637251
0.631964
0.636438
0.640504
0.642944
0.642131
0.646604
0.648231
0.650264
0.643351
0.639691
0.640098
0.644164
0.647418
0.642944
0.642538
0.643758
0.641724
0.647011
0.647824
0.649451
0.649858
0.649858
0.647824
0.644571
0.641724
0.643758
0.647418
0.652704
0.649451
0.648638
0.646604
0.651078
0.645791
0.645791
0.643758
0.643758
0.642538
0.637658
0.639284
0.639691
0.646604
0.643758
0.644164
0.648638
0.647824
0.645384
0.638064
0.636438
0.638064
0.647418
0.649858
0.650264
0.646198
0.645791
0.647824
0.648638
0.649044
0.649858
0.644571
0.648231
0.649858
0.645791
0.645791
0.652298
0.652298
0.650264
0.652298
0.652704
0.651891
0.654331
0.648231
0.645791
0.644571
0.644571
0.651484
0.652704
0.649451
0.646198
0.648638
0.651484
0.652298
0.650671
0.649044
0.645384
0.646198
0.642131
0.644164
0.644571
0.649044
0.642131
0.641724
0.643758
0.645384
0.644978
0.642944
0.641318
0.642538
0.645791
0.647011
0.646198
0.646198
0.643351
0.644978
0.647418
0.648638
0.646198
0.647418
0.653518
0.651484
0.648231
0.641724
0.644978
0.645791
0.649451
0.651891
0.649044
0.650264
0.651078
0.647011
0.644571
0.643351
0.640098
0.643758
0.645791
0.646604
0.648638
0.650264
0.647418
0.648231
0.649858
0.640911
0.640504
0.641724
0.641724
0.649858
0.651078
0.647824
0.644164
0.644164
0.643351
0.644571
0.638878
0.639284
0.640911
0.647418
0.651891
0.646604
0.650264
0.643351
0.639691
0.639691
0.642538
0.646604
0.647824
0.651891
0.648638
0.647011
0.646198
0.647011
0.640098
0.633591
0.639284
0.639284
0.639691
0.644978
0.647824
0.648231
0.649451
0.652704
0.650671
0.651891
0.651078
0.649451
0.649044
0.652704
0.649044
0.650671
0.645791
0.647418
0.651078
0.651078
0.651891
0.649044
0.648231
0.650671
0.645791
0.647011
0.643758
0.640098
0.636031
0.640504
0.640098
0.646604
0.649044
0.643351
0.643758
0.642944
0.645791
0.647011
0.643758
0.641318
0.646604
0.650671
0.651078
0.650264
0.649858
0.650671
0.651891
0.646604
0.645791
0.641318
0.638064
0.644978
0.644571
0.645791
0.645384
0.647011
0.632371
0.639691
0.645384
0.646198
0.647824
0.651484
0.650264
0.649044
0.641318
0.641724
0.643351
0.652704
0.653518
0.649451
0.648638
0.647011
0.647011
0.646198
0.641318
0.636031
0.640504
0.645384
0.645791
0.644978
0.647418
0.647824
0.649858
0.646198
0.650671
0.643758
0.649451
0.649858
0.657991
0.653111
0.649451
0.643758
0.647418
0.645791
0.640911
0.639284
0.645791
0.642131
0.644164
0.643758
0.646604
0.650671
0.652704
0.648231
0.642131
0.644164
0.642944
0.640504
0.638878
0.642131
0.649044
0.650671
0.653111
0.652704
0.649451
0.650671
0.645384
0.650264
0.648231
0.651484
0.651484
0.649451
0.649451
0.647011
0.644978
0.645384
0.649044
0.649858
0.650264
0.649044
0.648231
0.646604
0.641318
0.638064
0.642538
0.646198
0.651891
0.654331
0.653518
0.651078
0.650671
0.649044
0.646604
0.645384
0.647011
0.644571
0.645384
0.653924
0.649451
0.645384
0.647418
0.649044
0.649451
0.650264
0.644164
0.638471
0.642944
0.651078
0.645384
0.644978
0.645384
0.644164
0.646604
0.648231
0.639284
0.636844
0.638878
0.645384
0.645791
0.642131
0.641724
0.647011
0.648638
0.647824
0.646198
0.649044
0.648638
0.652298
0.646604
0.642131
0.640504
0.642131
0.647824
0.653111
0.649858
0.646604
0.649451
0.649044
0.645791
0.644571
0.644164
0.648638
0.645384
0.642131
0.645384
0.648638
0.647418
0.649044
0.647824
0.644571
0.645384
0.644571
0.648231
0.644978
0.647011
0.647011
0.649858
0.645384
0.649451
0.649044
0.640098
0.644571
0.643351
0.641318
0.646604
0.649044
0.645791
0.642131
0.644978
0.649044
0.647824
0.648638
0.645791
0.642944
0.643758
0.652298
0.649044
0.647824
0.648638
0.650264
0.650671
0.647011
0.638064
0.638471
0.644164
0.652704
0.650671
0.653518
0.654738
0.653924
0.653924
0.649044
0.649858
0.649858
0.651891
0.650264
0.645384
0.646198
0.645791
0.645791
0.643351
0.639284
0.637658
0.642538
0.640504
0.642131
0.641724
0.645384
0.646604
0.640911
0.643351
0.648231
0.649858
0.651484
0.652704
0.652704
0.653111
0.654331
0.651484
0.650264
0.646198
0.644164
0.647418
0.649451
0.648231
0.650671
0.652704
0.649044
0.652704
0.653924
0.652704
0.651484
0.650264
0.649858
0.648231
0.647011
0.642944
0.640504
0.640504
0.643758
0.642538
0.648231
0.647011
0.647418
0.645791
0.645384
0.643758
0.651484
0.653111
0.649858
0.651484
0.653518
0.651891
0.653111
0.646604
0.644978
0.644978
0.646604
0.645791
0.646198
0.645791
0.644571
0.645791
0.641724
0.643351
0.643758
0.650264
0.649451
0.647011
0.650671
0.653111
0.649451
0.648231
0.649044
0.651078
0.653518
0.651078
0.649451
0.652704
0.649044
0.651484
0.650671
0.651484
0.647011
0.645384
0.644978
0.644978
0.646198
0.649451
0.650671
0.649858
0.649451
0.649044
0.644571
0.647824
0.651484
0.646198
0.643758
0.643758
0.645791
0.643351
0.649858
0.642538
0.640911
0.642131
0.647418
0.650264
0.649858
0.649858
0.648638
0.648638
0.650671
0.647824
0.648231
0.646604
0.650671
0.648638
0.652704
0.657178
0.655551
0.653924
0.655144
0.651078
0.648638
0.648231
0.651891
0.651891
0.657178
0.653924
0.650264
0.651484
0.649858
0.651891
0.649858
0.649044
0.644978
0.647824
0.649858
0.651891
0.649451
0.647824
0.647011
0.649858
0.649451
0.652298
0.649451
0.649451
0.652298
0.648638
0.651484
0.648638
0.649858
0.648638
0.652298
0.654331
0.652298
0.653924
0.652298
0.655551
0.653924
0.650264
0.649044
0.648231
0.647011
0.646604
0.642944
0.647824
0.652704
0.651891
0.649044
0.649044
0.649044
0.651484
0.650264
0.644978
0.647011
0.650671
0.651891
0.647824
0.642538
0.644164
0.639284
0.640098
0.645384
0.646604
0.650671
0.651078
0.654738
0.654331
0.652704
0.653518
0.651484
0.648231
0.647418
0.650671
0.652704
0.651484
0.651484
0.648638
0.650264
0.647824
0.649451
0.646198
0.644164
0.651484
0.649858
0.647011
0.649044
0.648231
0.644571
0.645384
0.649451
0.651078
0.649858
0.650264
0.651484
0.651484
0.650264
0.644978
0.639284
0.638064
0.640098
0.642131
0.647418
0.647011
0.644978
0.642944
0.644978
0.644164
0.642538
0.646198
0.643351
0.641318
0.649451
0.647418
0.648638
0.647418
0.647011
0.649858
0.646604
0.648231
0.643758
0.648638
0.657178
0.653518
0.647824
0.645384
0.646604
0.644571
0.644978
0.637251
0.644164
0.648231
0.652298
0.642944
0.641724
0.643758
0.640098
0.638878
0.639284
0.642538
0.642131
0.638878
0.642944
0.645384
0.644978
0.650671
0.654331
0.653924
0.657178
0.654738
0.656771
0.657584
0.651078
0.647418
0.648638
0.645384
0.642538
0.644571
0.648638
0.647824
0.648638
0.651891
0.649044
0.648638
0.650671
0.647824
0.645791
0.647011
0.644978
0.647011
0.649858
0.651078
0.656771
0.653518
0.651078
0.646604
0.648638
0.646604
0.646198
0.646198
0.643758
0.648638
0.646198
0.646198
0.642131
0.645384
0.648638
0.651891
0.651891
0.654331
0.653518
0.651078
0.642538
0.641318
0.638064
0.638878
0.636844
0.642131
0.644571
0.647824
0.650264
0.653111
0.652704
0.651891
0.647824
0.646604
0.639691
0.640504
0.636844
0.640098
0.648638
0.646198
0.646198
0.646604
0.649044
0.646604
0.650264
0.651484
0.653111
0.653111
0.654331
0.648231
0.642131
0.643758
0.645384
0.646198
0.644571
0.644978
0.650264
0.653111
0.657178
0.653111
0.650264
0.651891
0.651891
0.651078
0.650264
0.649451
0.648231
0.645384
0.642538
0.647418
0.644571
0.647824
0.649044
0.649044
0.651078
0.651078
0.650671
0.651078
0.651078
0.647418
0.645384
0.646604
0.644978
0.644978
0.645384
0.651891
0.652298
0.650671
0.646604
0.647824
0.647418
0.652298
0.647011
0.651891
0.651891
0.650671
0.652704
0.650671
0.644571
0.643758
0.643351
0.645791
0.651891
0.646604
0.650264
0.651891
0.654331
0.653924
0.647824
0.644571
0.643351
0.643351
0.642131
0.643758
0.642131
0.643758
0.641724
0.641724
0.641724
0.644571
0.649858
0.650671
0.647418
0.649451
0.653518
0.652704
0.653924
0.651891
0.653111
0.650671
0.648638
0.647011
0.646604
0.647824
0.648638
0.646198
0.647418
0.649044
0.649858
0.651078
0.647011
0.645384
0.646198
0.646198
0.645384
0.647824
0.648638
0.644978
0.649858
0.654738
0.650671
0.648231
0.648638
0.647824
0.644571
0.644164
0.647011
0.647418
0.645384
0.643758
0.648231
0.649858
0.647418
0.638878
0.640098
0.639691
0.641318
0.645791
0.648638
0.648638
0.649858
0.647824
0.650671
0.647824
0.646198
0.649451
0.653111
0.652704
0.650671
0.649451
0.651078
0.649451
0.645384
0.645791
0.647418
0.647418
0.650264
0.645791
0.644164
0.644978
0.643758
0.643351
0.648231
0.643758
0.644164
0.644978
0.650671
0.649044
0.649044
0.649044
0.649858
0.656771
0.649858
0.646198
0.644571
0.645384
0.652704
0.650264
0.649044
0.646604
0.651484
0.649044
0.649858
0.650264
0.646198
0.646604
0.647418
0.647418
0.647011
0.648231
0.644571
0.644978
0.645791
0.646604
0.651078
0.650671
0.650264
0.651484
0.649451
0.655144
0.651484
0.649044
0.646604
0.640504
0.643758
0.645791
0.645384
0.642944
0.647011
0.644978
0.648231
0.647824
0.648231
0.647824
0.651078
0.645384
0.647824
0.647418
0.644164
0.641318
0.640911
0.640098
0.643758
0.643758
0.645791
0.646198
0.644571
0.645384
0.645791
0.646198
0.646198
0.646198
0.643351
0.644978
0.643758
0.646198
0.644164
0.647418
0.647824
0.649451
0.647011
0.645791
0.647011
0.653111
0.653111
0.653111
0.651484
0.651891
0.652298
0.652298
0.651078
0.648231
0.650671
0.655958
0.655551
0.654738
0.651891
0.649858
0.649044
0.652298
0.647824
0.648231
0.644571
0.644164
0.647011
0.646198
0.645791
0.647824
0.639284
0.641724
0.646198
0.649044
0.649451
0.647011
0.649044
0.648638
0.652704
0.647418
0.647011
0.640504
0.642944
0.644164
0.646604
0.646198
0.642538
0.649044
0.651891
0.652704
0.653111
0.651891
0.650671
0.653111
0.646604
0.646198
0.650264
0.650671
0.649044
0.640504
0.637251
0.636031
0.640504
0.651078
0.648638
0.645384
0.650671
0.653518
0.650264
0.647011
0.650264
0.650671
0.651484
0.650671
0.652704
0.652704
0.645791
0.648638
0.639691
0.643758
0.645791
0.649044
0.645791
0.649044
0.651484
0.652298
0.651891
0.650264
0.648638
0.647418
0.642538
0.642944
0.644164
0.646604
0.649451
0.651484
0.655144
0.654738
0.651484
0.651078
0.644164
0.647824
0.650671
0.649858
0.645791
0.644164
0.650671
0.644978
0.648231
0.646604
0.647824
0.651484
0.653924
0.651891
0.653111
0.653924
0.650671
0.653518
0.650671
0.646604
0.650264
0.651484
0.650264
0.649044
0.653111
0.653518
0.649858
0.647824
0.648231
0.647011
0.643351
0.644978
0.646198
0.644978
0.645791
0.648638
0.652704
0.648231
0.653518
0.651891
0.650264
0.651078
0.652704
0.649451
0.648638
0.647418
0.651484
0.653924
0.652704
0.648231
0.648231
0.653518
0.652704
0.649858
0.651078
0.648231
0.647418
0.644164
0.644164
0.644571
0.649858
0.647418
0.648638
0.652298
0.653518
0.653518
0.653924
0.649451
0.648638
0.647011
0.649858
0.650671
0.647824
0.647011
0.646198
0.648231
0.648638
0.645384
0.647418
0.645384
0.644571
0.643351
0.648231
0.647418
0.645384
0.642538
0.641318
0.641724
0.649044
0.644978
0.643351
0.646198
0.644164
0.645384
0.646198
0.647011
0.649044
0.652704
0.650671
0.648638
0.645384
0.644164
0.643351
0.643758
0.642131
0.640098
0.643351
0.645384
0.644978
0.646198
0.644978
0.644164
0.647011
0.646198
0.643758
0.639691
0.649044
0.644978
0.648231
0.647011
0.648638
0.651891
0.651484
0.654331
0.653924
0.653518
0.654331
0.651484
0.652704
0.653518
0.648638
0.650264
0.651484
0.649044
0.649858
0.648231
0.649451
0.645791
0.643758
0.648638
0.651484
0.651078
0.651484
0.649044
0.646198
0.646198
0.647418
0.646604
0.650671
0.647011
0.648638
0.647011
0.646198
0.646604
0.652298
0.654738
0.650671
0.647011
0.643758
0.644978
0.642131
0.640098
0.640504
0.640911
0.646198
0.647011
0.648638
0.649044
0.651891
0.650671
0.647418
0.643758
0.644978
0.645791
0.643758
0.644164
0.644978
0.646198
0.651891
0.653518
0.648638
0.649044
0.648638
0.648638
0.649044
0.652298
0.651078
0.651078
0.651484
0.651484
0.653518
0.649044
0.643351
0.647418
0.649451
0.650671
0.647011
0.649858
0.656364
0.652298
0.650264
0.652704
0.651078
0.653111
0.654331
0.653924
0.654738
0.650671
0.650671
0.652298
0.649451
0.645791
0.646604
0.650671
0.649858
0.647011
0.647824
0.649451
0.648638
0.649044
0.645384
0.644164
0.649451
0.646198
0.647824
0.650264
0.652298
0.653111
0.652704
0.649451
0.640911
0.644978
0.645384
0.650264
0.651078
0.651078
0.650671
0.649858
0.649451
0.648231
0.647011
0.644571
0.647824
0.647824
0.649858
0.651891
0.651078
0.649451
0.648231
0.645791
0.648638
0.644164
0.646604
0.648638
0.647824
0.648638
0.647418
0.646604
0.645791
0.641724
0.647824
0.648638
0.644978
0.650671
0.651484
0.651078
0.650671
0.651078
0.651078
0.650671
0.650264
0.652298
0.646604
0.645791
0.647011
0.645384
0.643351
0.642538
0.643758
0.641318
0.647011
0.651891
0.651484
0.647011
0.651484
0.653111
0.650264
0.649858
0.650264
0.647418
0.646604
0.643758
0.651078
0.649858
0.657178
0.654331
0.653924
0.652704
0.651078
0.653111
0.651078
0.645791
0.644164
0.645791
0.648638
0.647011
0.646198
0.643758
0.644978
0.648638
0.650264
0.648231
0.647418
0.650264
0.654738
0.652298
0.651891
0.647824
0.648638
0.646604
0.645384
0.647011
0.647011
0.647824
0.647418
0.642538
0.644978
0.643351
0.645384
0.642944
0.643351
0.647824
0.650264
0.650671
0.649451
0.653924
0.655144
0.648231
0.645384
0.649044
0.649451
0.644164
0.644978
0.638471
0.642944
0.646604
0.647824
0.644571
0.644978
0.646198
0.644164
0.644978
0.651891
0.653111
0.652298
0.653111
0.652298
0.651891
0.650671
0.645791
0.645791
0.651484
0.651484
0.651484
0.652704
0.652298
0.650264
0.647011
0.645791
0.642944
0.640504
0.643758
0.642131
0.639284
0.640504
0.642131
0.642944
0.640098
0.644164
0.647418
0.650671
0.652298
0.650671
0.650671
0.648638
0.654331
0.655958
0.653111
0.651484
0.649858
0.650671
0.648638
0.645384
0.646198
0.647011
0.653111
0.648638
0.647824
0.649858
0.649044
0.649858
0.645384
0.644164
0.644571
0.642538
0.646198
0.651078
0.649451
0.651891
0.656364
0.653518
0.653111
0.653518
0.649044
0.653111
0.651484
0.651078
0.649858
0.648638
0.650671
0.650264
0.647011
0.647418
0.646604
0.649451
0.648638
0.647418
0.652704
0.654738
0.653518
0.651078
0.654331
0.651078
0.649451
0.650264
0.647418
0.648231
0.649858
0.652704
0.650264
0.648231
0.648231
0.647824
0.650671
0.649858
0.649451
0.650671
0.651078
0.650264
0.650264
0.647824
0.647824
0.649044
0.647011
0.651891
0.650264
0.648638
0.648231
0.646604
0.648231
0.648231
0.645791
0.649858
0.650264
0.649858
0.648231
0.651891
0.650671
0.649044
0.646604
0.649044
0.647418
0.647011
0.647011
0.648231
0.649858
0.652704
0.656364
0.655144
0.651484
0.651484
0.651484
0.650671
0.647011
0.646198
0.645384
0.644978
0.641318
0.638064
0.638471
0.642944
0.648638
0.648638
0.651891
0.652298
0.649451
0.647824
0.649451
0.647418
0.644164
0.645791
0.647418
0.647824
0.655551
0.651078
0.655551
0.654331
0.652298
0.653111
0.650671
0.653924
0.653924
0.651484
0.652298
0.650264
0.651078
0.653924
0.652298
0.647011
0.649044
0.649858
0.650264
0.647824
0.648231
0.649451
0.651078
0.650264
0.651078
0.646198
0.647011
0.649858
0.647824
0.650264
0.653518
0.655144
0.650264
0.651078
0.648231
0.648231
0.652704
0.651891
0.650264
0.648638
0.648638
0.649044
0.644978
0.647418
0.646604
0.647011
0.646604
0.648638
0.642538
0.647011
0.648231
0.649858
0.652298
0.649858
0.649858
0.649451
0.648638
0.646604
0.647418
0.653518
0.655958
0.651891
0.651484
0.650264
0.651078
0.649044
0.647418
0.647418
0.651078
0.649044
0.645384
0.644164
0.645384
0.644978
0.649451
0.649044
0.648231
0.651891
0.649858
0.649858
0.646198
0.643758
0.646604
0.652298
0.649858
0.647824
0.647011
0.646604
0.644571
0.645791
0.647011
0.651078
0.648231
0.649451
0.647824
0.645791
0.649451
0.649858
0.649451
0.650264
0.651078
0.651484
0.652298
0.650671
0.649451
0.650671
0.646604
0.649451
0.650264
0.649451
0.648638
0.646198
0.651078
0.653518
0.651078
0.649451
0.645384
0.648231
0.649858
0.649451
0.647011
0.646198
0.647824
0.648231
0.647011
0.646604
0.649858
0.651078
0.650671
0.652298
0.651484
0.651891
0.652298
0.652704
0.651484
0.653111
0.651484
0.656364
0.651078
0.649451
0.644978
0.643758
0.644164
0.645384
0.647824
0.646198
0.647418
0.649451
0.650671
0.643758
0.644571
0.649858
0.651484
0.652298
0.651078
0.649451
0.653518
0.648231
0.646198
0.644978
0.648231
0.646604
0.647011
0.647011
0.645791
0.646198
0.650264
0.649858
0.652704
0.649451
0.649044
0.647418
0.649858
0.649044
0.647824
0.646604
0.645791
0.647418
0.651484
0.656364
0.646604
0.647824
0.647824
0.649044
0.653924
0.644978
0.644164
0.647011
0.647824
0.649044
0.644571
0.648638
0.650671
0.655144
0.652704
0.654331
0.652298
0.646198
0.647011
0.647824
0.648638
0.645384
0.645384
0.644978
0.651078
0.649451
0.649044
0.647824
0.649044
0.652704
0.654738
0.655144
0.655144
0.651078
0.654331
0.655958
0.654738
0.649044
0.652298
0.649451
0.650671
0.647418
0.647824
0.649451
0.644571
0.646604
0.647824
0.647418
0.650264
0.647824
0.649451
0.649451
0.653924
0.651891
0.654738
0.651891
0.655144
0.653111
0.650671
0.649858
0.648231
0.647824
0.650264
0.650671
0.653111
0.645384
0.643758
0.652298
0.649858
0.651484
0.653111
0.652704
0.649858
0.652704
0.647824
0.651078
0.649858
0.652704
0.651078
0.649858
0.650671
0.651078
0.651078
0.648638
0.649451
0.652298
0.650671
0.651484
0.652704
0.651078
0.647824
0.649044
0.650264
0.645384
0.642944
0.647824
0.645384
0.644164
0.647011
0.647011
0.652704
0.651484
0.651891
0.651891
0.655551
0.654738
0.655958
0.655144
0.653924
0.651484
0.647824
0.649858
0.647418
0.645791
0.644164
0.648638
0.647824
0.648231
0.647824
0.651078
0.655958
0.650671
0.651484
0.652704
0.652298
0.652298
0.654331
0.648638
0.648638
0.651078
0.649858
0.651891
0.651484
0.649451
0.651078
0.649858
0.646604
0.646604
0.651484
0.651484
0.648231
0.649044
0.646604
0.643758
0.649451
0.647011
0.649858
0.653924
0.653924
0.655551
0.653518
0.653111
0.655551
0.651891
0.651484
0.652298
0.651484
0.648231
0.651078
0.647824
0.647011
0.644571
0.644978
0.647824
0.647824
0.653111
0.652298
0.652298
0.653111
0.651891
0.644978
0.644571
0.651078
0.651891
0.648231
0.649858
0.649858
0.653924
0.651484
0.648231
0.648231
0.646604
0.643758
0.646198
0.649044
0.651484
0.651891
0.650264
0.652704
0.652704
0.652298
0.651484
0.653111
0.651484
0.655144
0.650671
0.651891
0.651891
0.653518
0.653111
0.647011
0.647011
0.650671
0.650264
0.651891
0.651891
0.652704
0.653111
0.653111
0.651891
0.653924
0.653111
0.651078
0.651891
0.653518
0.657178
0.655551
0.657178
0.654738
0.652704
0.654331
0.651078
0.650671
0.647418
0.648231
0.647418
0.652298
0.651891
0.650264
0.651078
0.649858
0.652298
0.650671
0.651891
0.648638
0.646198
0.649451
0.648231
0.648638
0.646604
0.649451
0.644164
0.647011
0.651484
0.650671
0.652704
0.655144
0.654331
0.651891
0.652298
0.648231
0.653111
0.653924
0.651484
0.651484
0.648638
0.649451
0.646198
0.642944
0.651078
0.650671
0.649858
0.650264
0.648231
0.647418
0.651078
0.649044
0.650671
0.644571
0.650671
0.650671
0.647824
0.649451
0.650671
0.648638
0.647418
0.650264
0.647011
0.652704
0.651891
0.650671
0.651078
0.649858
0.650671
0.649044
0.650264
0.649858
0.646198
0.649858
0.647418
0.647418
0.649044
0.648638
0.651891
0.651891
0.651891
0.652298
0.651078
0.649044
0.648231
0.650264
0.649858
0.650671
0.649858
0.651078
0.650264
0.644571
0.647418
0.648231
0.649044
0.652704
0.652704
0.651891
0.650264
0.644571
0.644571
0.650671
0.652704
0.649858
0.652298
0.650671
0.653111
0.650671
0.647418
0.647824
0.645791
0.649451
0.652298
0.651078
0.654331
0.650264
0.651891
0.651078
0.650671
0.648638
0.649858
0.653518
0.649451
0.646604
0.647011
0.647824
0.648638
0.648231
0.646604
0.646198
0.646604
0.648231
0.648638
0.649451
0.650264
0.650264
0.650671
0.649451
0.652704
0.652298
0.647824
0.650264
0.651078
0.650264
0.649451
0.651078
0.646604
0.644571
0.646198
0.644571
0.651078
0.652704
0.651078
0.649451
0.647824
0.651891
0.655551
0.655958
0.651891
0.650671
0.649858
0.649858
0.654738
0.651891
0.650264
0.650671
0.651078
0.651078
0.648231
0.651891
0.649858
0.650264
0.649044
0.649451
0.650671
0.654331
0.651891
0.646198
0.651484
0.652704
0.651891
0.655144
0.650671
0.649044
0.650671
0.653111
0.651078
0.649044
0.647011
0.649858
0.649858
0.650671
0.646604
0.646604
0.648638
0.651891
0.648638
0.649858
0.651078
0.651078
0.652704
0.648638
0.649044
0.650671
0.652298
0.653924
0.650671
0.651484
0.650264
0.648638
0.647824
0.651484
0.652704
0.650264
0.649451
0.647011
0.647824
0.649451
0.651078
0.649858
0.652298
0.650671
0.649858
0.649451
0.645384
0.646198
0.650264
0.652298
0.651891
0.654738
0.645791
0.646604
0.646604
0.650264
0.649858
0.647824
0.646198
0.649044
0.650671
0.644978
0.651078
0.656364
0.653518
0.653924
0.653924
0.652704
0.650671
0.650264
0.647418
0.652298
0.650671
0.652704
0.653111
0.651891
0.649451
0.649858
0.650671
0.650264
0.647824
0.649858
0.650671
0.651891
0.655144
0.655551
0.652704
0.656364
0.656364
0.651078
0.648638
0.648638
0.649858
0.651891
0.650264
0.645791
0.646604
0.646198
0.647418
0.647418
0.652704
0.650264
0.651484
0.647824
0.648231
0.645791
0.653518
0.651078
0.647011
0.643758
0.647011
0.649044
0.648638
0.646604
0.649044
0.650671
0.653518
0.654738
0.650671
0.647418
0.649451
0.649858
0.647824
0.646604
0.644978
0.646198
0.647418
0.651891
0.652298
0.652704
0.651484
0.651891
0.651484
0.654331
0.651891
0.657991
0.656364
0.654738
0.652704
0.648638
0.648231
0.650671
0.652298
0.654331
0.649858
0.650264
0.647824
0.645791
0.647418
0.645791
0.646198
0.644978
0.643351
0.642944
0.646604
0.650671
0.649044
0.647418
0.649044
0.649858
0.651078
0.648231
0.652704
0.652704
0.649451
0.650264
0.650264
0.653111
0.651484
0.649044
0.648638
0.652298
0.651484
0.651078
0.647418
0.649858
0.648638
0.649451
0.649858
0.648638
0.649044
0.646604
0.644978
0.651484
0.651891
0.647011
0.645384
0.648638
0.648231
0.643758
0.645791
0.646604
0.650671
0.648231
0.651078
0.651891
0.653111
0.651484
0.651484
0.653518
0.652704
0.652298
0.651078
0.648638
0.649858
0.651484
0.655551
0.657178
0.651891
0.651891
0.655958
0.650671
0.653111
0.651078
0.650264
0.649451
0.652298
0.648231
0.652704
0.654738
0.653111
0.655144
0.652704
0.649858
0.649858
0.651484
0.651891
0.651891
0.654738
0.657584
0.655144
0.651078
0.647011
0.649451
0.649858
0.650264
0.651078
0.653518
0.652298
0.649044
0.651891
0.651078
0.649044
0.654331
0.655144
0.654738
0.648638
0.647824
0.642538
0.644978
0.647824
0.653111
0.653924
0.651891
0.646198
0.647824
0.647418
0.647824
0.649044
0.648231
0.649451
0.650671
0.649451
0.650264
0.651484
0.651078
0.653518
0.657178
0.652298
0.647011
0.648638
0.647824
0.645791
0.650264
0.653518
0.653924
0.652704
0.650671
0.648231
0.649858
0.650264
0.649044
0.650264
0.646198
0.650264
0.651484
0.647011
0.648638
0.651891
0.651078
0.648638
0.648231
0.648638
0.652298
0.649044
0.651484
0.650264
0.646604
0.651484
0.648231
0.651078
0.650264
0.649858
0.652298
0.647824
0.651078
0.650264
0.648638
0.655551
0.648231
0.653518
0.652704
0.655144
0.653924
0.653111
0.655958
0.651891
0.653518
0.652298
0.653518
0.651078
0.653518
0.658804
0.657178
0.655144
0.657991
0.652298
0.655551
0.654331
0.654331
0.651484
0.655144
0.657584
0.650264
0.651484
0.646198
0.649044
0.649858
0.649451
0.650264
0.653924
0.656364
0.653924
0.651891
0.654738
0.655144
0.651078
0.654331
0.655144
0.654331
0.650671
0.653111
0.647824
0.649451
0.653111
0.649451
0.649044
0.647011
0.649451
0.654331
0.652298
0.651484
0.646198
0.651078
0.652704
0.650671
0.651078
0.647011
0.646604
0.645384
0.651078
0.646604
0.648638
0.650671
0.649044
0.654331
0.651078
0.654738
0.651891
0.653111
0.649858
0.648638
0.649044
0.646604
0.648231
0.652298
0.648638
0.649451
0.650671
0.651891
0.648638
0.649858
0.650264
0.649451
0.655144
0.649451
0.652298
0.651078
0.651484
0.648638
0.649451
0.645791
0.649858
0.649858
0.650264
0.649858
0.649044
0.649858
0.652704
0.655144
0.655958
0.655144
0.655144
0.654331
0.657991
0.652704
0.649451
0.649858
0.651078
0.653111
0.649451
0.642538
0.645791
0.648231
0.647418
0.651891
0.651484
0.650671
0.650264
0.649044
0.652704
0.652704
0.655551
0.654738
0.654738
0.651891
0.649044
0.648231
0.648638
0.649044
0.647418
0.646198
0.645384
0.647011
0.648638
0.650264
0.647011
0.648231
0.648638
0.651078
0.652704
0.651078
0.649044
0.652298
0.651078
0.649858
0.650264
0.648638
0.650671
0.647824
0.648231
0.649858
0.648231
0.649451
0.649451
0.651078
0.652704
0.652704
0.651484
0.654331
0.654738
0.655958
0.652704
0.651891
0.651891
0.649044
0.648638
0.649044
0.653111
0.652298
0.653111
0.653924
0.650671
0.649044
0.651484
0.650264
0.653518
0.656771
0.658398
0.654331
0.657178
0.655144
0.652704
0.652704
0.651484
0.654331
0.654738
0.653111
0.650264
0.654331
0.649044
0.649451
0.651078
0.653518
0.655144
0.653518
0.656364
0.657178
0.655144
0.652298
0.655144
0.653924
0.646604
0.647418
0.645791
0.648638
0.651891
0.645384
0.641318
0.643758
0.650671
0.648638
0.650264
0.652298
0.648638
0.647824
0.647418
0.649044
0.647011
0.649044
0.651078
0.652298
0.651484
0.649044
0.650671
0.651078
0.653924
0.651891
0.653111
0.648231
0.650264
0.647011
0.649044
0.649044
0.647011
0.647824
0.653518
0.649044
0.649044
0.650264
0.648231
0.644978
0.646198
0.649451
0.651484
0.653518
0.649858
0.652704
0.652704
0.651078
0.652298
0.658398
0.656771
0.654738
0.651078
0.648638
0.646604
0.652298
0.650264
0.649858
0.650264
0.650671
0.647418
0.645384
0.647824
0.649858
0.655144
0.653518
0.654738
0.652704
0.654738
0.653518
0.652704
0.649451
0.653111
0.648638
0.651484
0.651078
0.649858
0.649044
0.653111
0.652704
0.649858
0.652298
0.652704
0.649858
0.651078
0.651891
0.654738
0.652704
0.653518
0.653518
0.655144
0.653924
0.651078
0.651078
0.650264
0.648638
0.646604
0.646198
0.649451
0.644978
0.649451
0.649044
0.649858
0.647011
0.648638
0.648638
0.647011
0.648231
0.651891
0.644978
0.648231
0.644978
0.647824
0.656364
0.647824
0.650264
0.646198
0.649858
0.651484
0.648638
0.648231
0.646198
0.648638
0.651484
0.649451
0.653111
0.651891
0.651078
0.653111
0.651891
0.648231
0.646604
0.651078
0.650671
0.651078
0.651078
0.651484
0.653111
0.652298
0.653111
0.653111
0.653518
0.653924
0.653518
0.651484
0.651484
0.656771
0.654738
0.655958
0.651078
0.652704
0.651891
0.651078
0.651891
0.649451
0.647418
0.650671
0.650264
0.650264
0.651484
0.649044
0.649858
0.651891
0.654738
0.653111
0.653111
0.651078
0.644978
0.646198
0.646198
0.650264
0.654331
0.652298
0.653111
0.653111
0.650671
0.653518
0.656364
0.655551
0.655144
0.654331
0.649451
0.652704
0.649451
0.651078
0.652704
0.656771
0.650264
0.649044
0.649451
0.653518
0.653924
0.652298
0.652704
0.655144
0.657584
0.656771
0.655551
0.655958
0.655551
0.655551
0.653924
0.650264
0.649044
0.655551
0.649044
0.649858
0.650671
0.652298
0.651484
0.652704
0.653518
0.653924
0.653518
0.652704
0.653518
0.654738
0.655551
0.657178
0.658398
0.657584
0.653111
0.652704
0.649044
0.648638
0.651078
0.651891
0.642944
0.647824
0.648638
0.652298
0.651891
0.651078
0.654331
0.655551
0.655144
0.655144
0.658804
0.653111
0.653924
0.644164
0.651484
0.651078
0.655144
0.651484
0.650671
0.650671
0.647418
0.649858
0.649451
0.649044
0.652704
0.654331
0.655958
0.655551
0.650671
0.651078
0.653518
0.658398
0.651484
0.650264
0.649451
0.650671
0.653924
0.656364
0.654331
0.653518
0.650264
0.651078
0.653518
0.651484
0.653518
0.651484
0.651484
0.651891
0.648231
0.650264
0.653111
0.653518
0.655551
0.652704
0.655958
0.655551
0.655144
0.655551
0.651891
0.649451
0.654738
0.652704
0.649044
0.646604
0.643758
0.643351
0.646604
0.649451
0.653924
0.655144
0.653518
0.655144
0.653111
0.654331
0.650671
0.655551
0.654738
0.648231
0.650671
0.649858
0.649044
0.649451
0.649044
0.650264
0.647418
0.652704
0.654331
0.657178
0.659211
0.656364
0.656771
0.652704
0.655144
0.652704
0.651078
0.652298
0.650264
0.648231
0.651484
0.651078
0.649451
0.652298
0.648231
0.650264
0.649858
0.648638
0.648638
0.653111
0.649451
0.647824
0.646604
0.648231
0.648638
0.651078
0.650671
0.650671
0.650264
0.649858
0.651891
0.649451
0.649858
0.658804
0.657991
0.655958
0.651891
0.651484
0.653111
0.650671
0.652704
0.651078
0.653518
0.651078
0.650264
0.651891
0.651078
0.652704
0.653111
0.655144
0.649858
0.650264
0.655144
0.651891
0.654331
0.649451
0.647011
0.649858
0.649858
0.648231
0.648638
0.649858
0.649858
0.649044
0.649858
0.644164
0.645384
0.644164
0.645791
0.647824
0.646604
0.649451
0.653111
0.650671
0.653111
0.651891
0.653518
0.652298
0.647011
0.647824
0.649451
0.652298
0.651078
0.650264
0.649044
0.647011
0.649044
0.650264
0.651891
0.651078
0.648638
0.651484
0.651078
0.650671
0.651078
0.653518
0.652298
0.652704
0.648231
0.647418
0.651078
0.653924
0.653924
0.655958
0.656364
0.651891
0.650264
0.648638
0.649858
0.650671
0.649858
0.651484
0.650264
0.652704
0.654331
0.653518
0.651891
0.650264
0.649044
0.650264
0.654738
0.655551
0.650671
0.653518
0.653111
0.651484
0.649044
0.649044
0.648638
0.649451
0.648231
0.653924
0.657584
0.656364
0.659618
0.657991
0.655958
0.653518
0.653924
0.651078
0.654331
0.655144
0.647418
0.648638
0.646198
0.647011
0.648638
0.650264
0.652704
0.654331
0.654331
0.651891
0.652704
0.651484
0.649451
0.651484
0.652298
0.651891
0.651891
0.650671
0.647011
0.647824
0.646604
0.652298
0.650264
0.648638
0.649044
0.647418
0.646604
0.647418
0.647418
0.647418
0.653111
0.650671
0.650671
0.650264
0.651891
0.650264
0.647418
0.648638
0.651891
0.649044
0.652298
0.651891
0.650671
0.649451
0.651484
0.651891
0.651078
0.651484
0.653111
0.650264
0.652704
0.654331
0.653111
0.651078
0.648231
0.650264
0.652298
0.653518
0.651484
0.652704
0.655958
0.652298
0.653518
0.654738
0.653518
0.653924
0.650264
0.647418
0.643351
0.649044
