0.436356
0.439203
0.443270
0.445303
0.455876
0.460756
0.470110
0.485970
0.493697
0.501017
0.518097
0.534364
0.544124
0.553477
0.562017
0.573404
0.571370
0.574217
0.577064
0.574624
0.576657
0.575437
0.579097
0.581537
0.580317
0.582757
0.582351
0.583164
0.582757
0.579911
0.579097
0.580317
0.579504
0.582351
0.582757
0.583571
0.583571
0.582757
0.583164
0.584384
0.583571
0.583977
0.583164
0.581537
0.581131
0.579504
0.578284
0.580317
0.579097
0.578691
0.580317
0.581537
0.581537
0.581944
0.582351
0.581944
0.581131
0.581131
0.581537
0.582351
0.583164
0.582757
0.583571
0.582757
0.581131
0.581131
0.581537
0.581944
0.581537
0.581131
0.580317
0.580317
0.579911
0.580724
0.582757
0.583977
0.584791
0.585197
0.585604
0.586824
0.587231
0.587231
0.588451
0.588451
0.590077
0.591704
0.591297
0.592924
0.594144
0.593737
0.593737
0.593331
0.592517
0.592111
0.592517
0.592111
0.593331
0.592924
0.593737
0.593331
0.592924
0.592517
0.592924
0.594144
0.597804
0.600244
0.601057
0.600651
0.599431
0.598617
0.599431
0.601057
0.601871
0.601871
0.603091
0.604311
0.604311
0.603091
0.601464
0.602277
0.602684
0.602684
0.604311
0.605531
0.607971
0.607157
0.607157
0.606344
0.606751
0.606751
0.607971
0.607564
0.607971
0.607564
0.608377
0.608377
0.609191
0.609191
0.609191
0.610411
0.609597
0.610004
0.610004
0.610411
0.612037
0.612037
0.612851
0.612444
0.613257
0.614071
0.614071
0.614884
0.614884
0.615697
0.616917
0.618137
0.618951
0.618951
0.618137
0.618544
0.618951
0.620577
0.621797
0.622204
0.623017
0.623424
0.620577
0.621797
0.620577
0.621391
0.621797
0.622204
0.622611
0.623831
0.621797
0.621391
0.622204
0.623017
0.623831
0.623831
0.623424
0.623831
0.623831
0.623831
0.624237
0.623831
0.623424
0.623424
0.623831
0.624237
0.626678
0.628304
0.628711
0.627898
0.626678
0.625051
0.625458
0.625051
0.625458
0.625458
0.627491
0.628304
0.628304
0.627084
0.625051
0.625864
0.626271
0.626678
0.627898
0.631964
0.631558
0.631151
0.629931
0.629524
0.629118
0.629524
0.629524
0.629118
0.629524
0.629524
0.631151
0.629524
0.629524
0.629931
0.628711
0.629524
0.630338
0.630338
0.631151
0.633998
0.632371
0.632778
0.630744
0.631151
0.629524
0.627898
0.629118
0.628304
0.629524
0.628711
0.627491
0.628304
0.628304
0.629931
0.629931
0.629524
0.629118
0.627898
0.629931
0.629118
0.629524
0.629118
0.628711
0.629931
0.628304
0.628304
0.628711
0.631151
0.631558
0.627898
0.627898
0.628304
0.628304
0.628711
0.629524
0.628711
0.629118
0.628711
0.627898
0.628711
0.629524
0.629524
0.631151
0.629524
0.629118
0.629524
0.629931
0.630744
0.629524
0.629931
0.629118
0.629931
0.631151
0.631151
0.630338
0.631964
0.631558
0.631558
0.630744
0.630744
0.631151
0.630338
0.630338
0.631964
0.631964
0.631558
0.630338
0.629524
0.630338
0.631964
0.630744
0.631558
0.631558
0.631151
0.631558
0.631151
0.631151
0.630744
0.631151
0.631964
0.631964
0.632371
0.632371
0.632371
0.632371
0.633591
0.633591
0.631964
0.632371
0.632371
0.632371
0.632371
0.633184
0.633184
0.634404
0.634404
0.633591
0.634404
0.632371
0.633184
0.633184
0.633591
0.636031
0.634404
0.633184
0.632778
0.633184
0.633591
0.633591
0.634404
0.635218
0.635624
0.634811
0.633591
0.633184
0.634811
0.635218
0.636031
0.634811
0.634404
0.634811
0.634811
0.633998
0.632778
0.633591
0.633184
0.636031
0.635624
0.633998
0.633184
0.632778
0.633998
0.633591
0.634404
0.634404
0.633998
0.634404
0.633591
0.635218
0.634811
0.635218
0.633998
0.636031
0.635218
0.635624
0.636438
0.636031
0.635218
0.636031
0.636438
0.635218
0.634811
0.635218
0.634404
0.634811
0.635218
0.636031
0.633998
0.635218
0.635218
0.635624
0.635218
0.635624
0.636031
0.636031
0.636844
0.636031
0.637658
0.637658
0.637251
0.635624
0.635624
0.636438
0.636438
0.636844
0.633998
0.634811
0.635218
0.635218
0.636031
0.637658
0.638878
0.639284
0.638471
0.637251
0.636031
0.636844
0.637658
0.638064
0.638064
0.638878
0.639691
0.639284
0.638471
0.638471
0.637658
0.638878
0.637658
0.639691
0.638471
0.637658
0.636844
0.637251
0.637658
0.638471
0.636844
0.636438
0.637251
0.637658
0.638064
0.638064
0.638471
0.638064
0.637658
0.637251
0.636844
0.639691
0.638878
0.636438
0.638064
0.638878
0.636844
0.637658
0.638878
0.637658
0.637251
0.637658
0.638471
0.638878
0.639284
0.638878
0.638064
0.638064
0.638064
0.638471
0.638471
0.638064
0.638064
0.638064
0.638064
0.639284
0.638471
0.638878
0.638878
0.638064
0.639691
0.639691
0.638471
0.638471
0.637658
0.636031
0.637658
0.637658
0.637658
0.637251
0.636844
0.636844
0.636031
0.636031
0.637658
0.634811
0.635624
0.635218
0.635624
0.636031
0.635218
0.636844
0.638471
0.638878
0.636438
0.637658
0.636438
0.636438
0.636438
0.636844
0.636031
0.636438
0.637251
0.635624
0.633998
0.633998
0.633998
0.633591
0.631151
0.631558
0.633591
0.633591
0.631964
0.630338
0.630744
0.631964
0.633184
0.630338
0.632371
0.630744
0.633184
0.635218
0.635218
0.632778
0.630744
0.629931
0.631558
0.631964
0.631964
0.630744
0.630744
0.630744
0.630744
0.632371
0.632371
0.634404
0.634404
0.633184
0.633591
0.634404
0.634811
0.634404
0.633591
0.634811
0.636031
0.636438
0.636438
0.634404
0.634811
0.637251
0.638064
0.636438
0.634811
0.634404
0.633998
0.634811
0.634811
0.635218
0.635218
0.635624
0.635624
0.635624
0.636844
0.636031
0.637251
0.634404
0.635624
0.638064
0.639691
0.638878
0.638878
0.638471
0.635624
0.637251
0.637658
0.637658
0.637658
0.636031
0.633998
0.633591
0.636031
0.636438
0.636438
0.636438
0.634811
0.636031
0.636844
0.638471
0.638471
0.636438
0.637251
0.638471
0.638064
0.639691
0.639284
0.639691
0.636844
0.639284
0.639284
0.638878
0.636844
0.636844
0.637251
0.638064
0.636438
0.636031
0.637251
0.637251
0.635624
0.636031
0.639284
0.637658
0.637251
0.637251
0.636844
0.636031
0.634811
0.634811
0.636438
0.637251
0.637658
0.639284
0.640098
0.640504
0.639691
0.637658
0.638064
0.637658
0.638471
0.636844
0.636844
0.637658
0.637251
0.637251
0.639284
0.640098
0.640504
0.639691
0.640911
0.640911
0.641318
0.640911
0.641318
0.640098
0.638471
0.638471
0.637658
0.638878
0.639691
0.640504
0.640911
0.639284
0.640504
0.640911
0.638471
0.637658
0.640098
0.642131
0.642131
0.642538
0.641318
0.640911
0.639284
0.637251
0.635624
0.635218
0.635218
0.637251
0.639691
0.639284
0.641318
0.640911
0.640911
0.642131
0.639691
0.639691
0.641318
0.640911
0.640504
0.640911
0.640098
0.640504
0.638878
0.638471
0.637658
0.637658
0.640098
0.642538
0.642944
0.641724
0.643351
0.641724
0.640911
0.640098
0.639284
0.639691
0.642538
0.642538
0.642538
0.644164
0.644571
0.644571
0.641318
0.641724
0.643351
0.642538
0.641318
0.641318
0.642538
0.642538
0.644164
0.640098
0.638064
0.639284
0.638878
0.638064
0.642538
0.644571
0.642944
0.641724
0.642944
0.643351
0.644164
0.644164
0.642131
0.642131
0.641724
0.642131
0.641318
0.642538
0.641724
0.639284
0.639284
0.640504
0.640504
0.642538
0.642538
0.640098
0.640098
0.641318
0.642131
0.642538
0.642131
0.640504
0.641318
0.641724
0.641318
0.641318
0.641724
0.641318
0.641724
0.641724
0.642538
0.640911
0.641318
0.642538
0.641318
0.642944
0.642538
0.642538
0.640504
0.640098
0.640098
0.643351
0.643351
0.643351
0.643351
0.641318
0.642538
0.640911
0.642131
0.642131
0.642538
0.642538
0.642131
0.642538
0.644978
0.644164
0.643758
0.643351
0.642538
0.644164
0.645791
0.644978
0.644571
0.643351
0.643351
0.642944
0.642131
0.642538
0.643351
0.642131
0.643351
0.642538
0.642944
0.643758
0.643758
0.641724
0.642131
0.641724
0.641724
0.641318
0.642131
0.642538
0.642131
0.641724
0.640911
0.639691
0.640504
0.639691
0.641318
0.642944
0.643351
0.644571
0.644978
0.644571
0.642131
0.642538
0.638878
0.640911
0.640911
0.643351
0.644164
0.644978
0.644164
0.643351
0.644978
0.641724
0.642131
0.643758
0.644164
0.643758
0.644571
0.644978
0.643758
0.644164
0.641318
0.638878
0.638878
0.640098
0.642131
0.641318
0.642538
0.641318
0.641318
0.640911
0.636844
0.638878
0.637251
0.641318
0.640911
0.641724
0.644571
0.640911
0.641724
0.640098
0.637251
0.639284
0.639691
0.641724
0.640911
0.645384
0.644978
0.640911
0.641318
0.640504
0.640504
0.640911
0.643351
0.641724
0.641318
0.642944
0.640098
0.641724
0.642944
0.639284
0.638471
0.640504
0.640911
0.643758
0.642538
0.642538
0.643758
0.640504
0.642538
0.640504
0.639284
0.641724
0.642538
0.646198
0.644978
0.643758
0.644571
0.641318
0.642131
0.640098
0.640098
0.640504
0.639284
0.640098
0.641318
0.640098
0.640098
0.639284
0.640504
0.640911
0.640504
0.642944
0.639691
0.640911
0.640098
0.642131
0.641318
0.639691
0.640098
0.640098
0.640098
0.641724
0.642538
0.642944
0.642538
0.642131
0.641724
0.640911
0.640504
0.642131
0.644978
0.643351
0.643351
0.643351
0.643758
0.641318
0.640098
0.640098
0.640504
0.641318
0.642538
0.643758
0.642944
0.643351
0.641318
0.642538
0.643351
0.641318
0.640911
0.642944
0.642944
0.642538
0.642131
0.643351
0.643351
0.641724
0.640098
0.641724
0.641318
0.642538
0.642538
0.642944
0.642538
0.642538
0.642944
0.642131
0.639284
0.639284
0.641318
0.642944
0.642131
0.642944
0.642944
0.643351
0.643351
0.643351
0.642944
0.642944
0.643758
0.640911
0.640911
0.640911
0.643351
0.644164
0.640504
0.637658
0.638064
0.641318
0.642944
0.644164
0.643351
0.642131
0.642944
0.644978
0.644164
0.643758
0.643351
0.644571
0.644978
0.644164
0.643758
0.644164
0.644571
0.643758
0.642944
0.642944
0.646604
0.644978
0.642944
0.644571
0.643758
0.642944
0.644571
0.641318
0.641318
0.638878
0.642944
0.644571
0.645791
0.645791
0.644164
0.646198
0.646604
0.645384
0.646198
0.645384
0.642131
0.645384
0.644978
0.642131
0.642131
0.643758
0.641724
0.640098
0.640098
0.642131
0.644978
0.642944
0.644571
0.643758
0.643758
0.643351
0.644571
0.644571
0.644571
0.644164
0.642131
0.642538
0.642944
0.643351
0.644164
0.642131
0.639691
0.640911
0.641724
0.644571
0.643351
0.644571
0.643351
0.642944
0.643758
0.643351
0.642131
0.642944
0.645384
0.644571
0.643351
0.643758
0.643758
0.642944
0.642131
0.641724
0.641318
0.642131
0.644164
0.644978
0.644571
0.643351
0.644164
0.644164
0.645384
0.644978
0.646604
0.645791
0.644978
0.644571
0.644978
0.646198
0.644978
0.646604
0.642131
0.639691
0.642944
0.643351
0.644571
0.644571
0.644571
0.645384
0.646198
0.645791
0.647011
0.647011
0.645791
0.645791
0.646604
0.645791
0.645384
0.645791
0.647011
0.644978
0.645384
0.645384
0.647418
0.646198
0.646198
0.645384
0.644978
0.645384
0.646198
0.646604
0.646604
0.646198
0.645384
0.645791
0.645791
0.645384
0.645791
0.646604
0.645384
0.644571
0.644571
0.647824
0.645384
0.647418
0.647011
0.646604
0.644978
0.645384
0.647011
0.646604
0.647011
0.645791
0.644164
0.643351
0.643351
0.645384
0.646198
0.644571
0.643758
0.643758
0.645791
0.645791
0.645384
0.647011
0.647011
0.646198
0.644571
0.647824
0.647011
0.647824
0.647824
0.644571
0.644978
0.644164
0.645384
0.644164
0.647824
0.647824
0.646198
0.647011
0.644571
0.645384
0.645384
0.645791
0.643758
0.646198
0.648231
0.647011
0.648231
0.646604
0.645791
0.648231
0.648231
0.648638
0.645384
0.646198
0.647418
0.647418
0.647011
0.647418
0.644164
0.644164
0.643758
0.643758
0.643758
0.644164
0.644978
0.644978
0.643758
0.644164
0.647418
0.647011
0.644571
0.644164
0.644571
0.644978
0.642538
0.644164
0.645384
0.643758
0.647824
0.646604
0.646604
0.647418
0.645791
0.643351
0.645384
0.644571
0.645384
0.647418
0.646198
0.645384
0.644164
0.644571
0.643758
0.644978
0.644978
0.645384
0.648638
0.648231
0.648638
0.649858
0.646198
0.644164
0.647824
0.648638
0.646198
0.644571
0.645791
0.646604
0.648638
0.647011
0.644978
0.644164
0.645791
0.643758
0.645791
0.647418
0.645791
0.647824
0.648231
0.645791
0.644978
0.646604
0.644164
0.644571
0.645384
0.642944
0.645384
0.646198
0.644571
0.644978
0.645791
0.644164
0.644164
0.645384
0.645791
0.644978
0.645791
0.643351
0.644164
0.644164
0.643351
0.643351
0.644571
0.644164
0.642944
0.646604
0.644571
0.644978
0.644571
0.646604
0.645791
0.644571
0.646198
0.646198
0.647011
0.646604
0.644978
0.644164
0.644978
0.647011
0.647824
0.648231
0.644164
0.646604
0.644571
0.644978
0.647011
0.647418
0.643351
0.645791
0.645791
0.645791
0.645384
0.643758
0.648231
0.648638
0.648638
0.650264
0.647824
0.645791
0.646198
0.647011
0.647418
0.649044
0.647418
0.645384
0.644164
0.645791
0.647824
0.645384
0.647418
0.644164
0.648638
0.644571
0.644571
0.644978
0.647011
0.645791
0.644164
0.645791
0.644164
0.645384
0.646604
0.646198
0.647011
0.647011
0.646198
0.645791
0.645384
0.645791
0.646198
0.644571
0.645791
0.644978
0.648638
0.645791
0.645384
0.643351
0.644978
0.645791
0.645791
0.647824
0.645791
0.648638
0.647824
0.646198
0.647418
0.648231
0.647418
0.649044
0.647011
0.645791
0.648231
0.645791
0.646604
0.645791
0.645384
0.645791
0.644978
0.647418
0.647011
0.647824
0.647418
0.649044
0.648638
0.647418
0.645384
0.643758
0.644978
0.648231
0.647418
0.647418
0.647824
0.647824
0.647418
0.648638
0.646604
0.649451
0.649044
0.647011
0.646198
0.648231
0.647011
0.647824
0.644978
0.646198
0.646198
0.644978
0.647824
0.647011
0.649451
0.647418
0.649044
0.647824
0.648231
0.648231
0.647824
0.647418
0.648231
0.646198
0.648638
0.648231
0.646604
0.648231
0.645384
0.644978
0.645791
0.647824
0.647418
0.647011
0.647824
0.647418
0.646198
0.647824
0.644978
0.645384
0.644978
0.647011
0.648231
0.645791
0.647011
0.647418
0.646604
0.647418
0.647011
0.646198
0.646198
0.644978
0.645384
0.645384
0.646604
0.645384
0.645384
0.645384
0.644978
0.645791
0.646604
0.645384
0.644571
0.644978
0.644978
0.645384
0.646198
0.647011
0.645791
0.645791
0.646604
0.643758
0.644978
0.646604
0.646604
0.645791
0.644978
0.644978
0.644978
0.645791
0.644978
0.642944
0.643351
0.644164
0.644164
0.645384
0.644571
0.645791
0.645791
0.644978
0.645384
0.645791
0.645384
0.645384
0.644571
0.644978
0.647011
0.644571
0.645791
0.647418
0.645791
0.646198
0.645791
0.646604
0.645791
0.644164
0.644164
0.644571
0.649044
0.646198
0.648231
0.649451
0.649858
0.645384
0.646604
0.646604
0.646198
0.646198
0.645791
0.643758
0.644571
0.644571
0.644164
0.645791
0.647011
0.645791
0.646198
0.643758
0.645791
0.647418
0.645791
0.644571
0.646604
0.645791
0.646604
0.647011
0.644571
0.646604
0.644978
0.644571
0.644571
0.645384
0.645384
0.644571
0.646198
0.646198
0.645384
0.646604
0.647011
0.644164
0.645384
0.647011
0.646604
0.646198
0.645791
0.646198
0.645384
0.647011
0.646604
0.647011
0.645384
0.647011
0.646604
0.645791
0.645791
0.646198
0.645384
0.649858
0.648231
0.646604
0.646604
0.646604
0.646604
0.644571
0.646198
0.647011
0.644978
0.645791
0.645384
0.644978
0.644978
0.644164
0.646604
0.646198
0.645791
0.644978
0.645384
0.645791
0.645384
0.645384
0.644164
0.645791
0.647824
0.646198
0.644978
0.645384
0.647011
0.645384
0.644571
0.645384
0.648231
0.646604
0.648231
0.647418
0.646604
0.648231
0.647824
0.645384
0.647011
0.646604
0.647824
0.647011
0.647418
0.647418
0.647011
0.650264
0.647418
0.649044
0.647418
0.645384
0.646198
0.644571
0.646198
0.646198
0.647011
0.647824
0.647824
0.647011
0.647011
0.646198
0.647011
0.647824
0.647418
0.645384
0.646198
0.645384
0.645384
0.645384
0.644978
0.644978
0.647011
0.644978
0.646198
0.646604
0.645791
0.644164
0.645791
0.644978
0.647824
0.645384
0.645791
0.647418
0.645791
0.646604
0.645791
0.647418
0.647011
0.644571
0.647011
0.647011
0.645791
0.647418
0.644164
0.645384
0.644571
0.646604
0.644164
0.644164
0.647824
0.648231
0.648638
0.643758
0.645791
0.645384
0.644978
0.644571
0.644978
0.644571
0.647011
0.647011
0.645384
0.647418
0.646604
0.646604
0.646604
0.645384
0.649044
0.649044
0.647418
0.650671
0.645384
0.646198
0.647011
0.647011
0.645791
0.644978
0.648638
0.646604
0.647824
0.647011
0.648638
0.647824
0.646604
0.647824
0.646604
0.646198
0.646198
0.647418
0.648231
0.647011
0.647418
0.647011
0.645791
0.646604
0.645384
0.647824
0.647824
0.648231
0.648231
0.646604
0.646198
0.646604
0.645384
0.646604
0.645384
0.648638
0.648231
0.647824
0.648638
0.645791
0.644164
0.644571
0.644978
0.644571
0.645384
0.644978
0.647418
0.648638
0.644978
0.644164
0.644571
0.644571
0.646198
0.645384
0.646198
0.648638
0.648231
0.647011
0.646198
0.647418
0.647011
0.646198
0.647011
0.646604
0.649451
0.649858
0.650264
0.649451
0.646604
0.648638
0.647011
0.647418
0.647418
0.647824
0.648231
0.649858
0.646198
0.648638
0.649044
0.649451
0.647418
0.646604
0.644978
0.648231
0.648231
0.648231
0.649044
0.644978
0.645791
0.644978
0.643758
0.644164
0.644978
0.648231
0.648638
0.647418
0.644978
0.643758
0.645791
0.644164
0.644978
0.644571
0.647011
0.649044
0.647824
0.648231
0.644164
0.644164
0.644571
0.644978
0.645384
0.644164
0.648638
0.649044
0.648638
0.648638
0.646198
0.645791
0.645384
0.645791
0.646604
0.646604
0.650671
0.650264
0.647011
0.646604
0.644978
0.646604
0.644978
0.646198
0.645791
0.649044
0.647418
0.645384
0.648638
0.645791
0.642944
0.644164
0.644164
0.642538
0.644978
0.646198
0.648231
0.646604
0.645384
0.643351
0.644978
0.643758
0.644978
0.644571
0.645384
0.647011
0.648231
0.647011
0.644978
0.644978
0.645791
0.642538
0.644164
0.645384
0.647824
0.648638
0.648638
0.649044
0.645791
0.644978
0.643758
0.643758
0.643758
0.645384
0.648231
0.648638
0.648231
0.644978
0.642538
0.645791
0.644978
0.642944
0.644978
0.647824
0.648231
0.646198
0.649451
0.646198
0.644978
0.644164
0.644164
0.643351
0.644164
0.646604
0.649044
0.648231
0.646198
0.643758
0.645384
0.643351
0.644164
0.644571
0.647011
0.649451
0.649044
0.649858
0.644571
0.641724
0.644571
0.640911
0.644164
0.644571
0.648638
0.649451
0.649858
0.647011
0.643758
0.646198
0.644571
0.644164
0.645384
0.647418
0.649451
0.650264
0.648638
0.645791
0.645791
0.647418
0.646198
0.645384
0.645791
0.647011
0.649451
0.649451
0.649044
0.645791
0.647824
0.647418
0.647011
0.646604
0.646604
0.648638
0.649451
0.650264
0.647418
0.647824
0.645791
0.647418
0.646604
0.646198
0.647824
0.649451
0.649451
0.648638
0.646604
0.648638
0.647418
0.649451
0.647824
0.647011
0.648638
0.649858
0.649858
0.648638
0.646198
0.648638
0.647824
0.647011
0.648231
0.647824
0.648231
0.648638
0.646198
0.646604
0.649451
0.647824
0.646198
0.646198
0.646604
0.649044
0.649044
0.650264
0.649044
0.645791
0.645791
0.645791
0.647011
0.644978
0.645791
0.647418
0.649858
0.649451
0.647011
0.644571
0.647011
0.645791
0.644571
0.645791
0.647824
0.646604
0.647418
0.647011
0.644571
0.648231
0.647011
0.644978
0.646604
0.648231
0.648638
0.648231
0.647418
0.648638
0.646604
0.644571
0.642538
0.643351
0.643351
0.643758
0.645791
0.645791
0.645791
0.644571
0.644571
0.644571
0.643758
0.645791
0.644978
0.647824
0.648231
0.647824
0.647418
0.644978
0.647011
0.646604
0.644571
0.644978
0.645791
0.649858
0.649451
0.649858
0.648231
0.645384
0.647418
0.646198
0.645384
0.644978
0.646198
0.647011
0.648231
0.648231
0.645384
0.647418
0.646198
0.645384
0.646604
0.647418
0.648638
0.647824
0.647418
0.649451
0.645384
0.645384
0.644571
0.644978
0.643351
0.644978
0.647418
0.649451
0.647418
0.644978
0.644164
0.644978
0.644571
0.644164
0.644571
0.649451
0.649451
0.649858
0.649044
0.645791
0.647418
0.648638
0.647011
0.645791
0.649858
0.649044
0.650264
0.650264
0.651078
0.646198
0.648638
0.649858
0.649451
0.647011
0.650671
0.651078
0.649858
0.650264
0.647418
0.649451
0.647418
0.649044
0.647011
0.645384
0.650264
0.649044
0.649451
0.651484
0.645384
0.649451
0.648638
0.648638
0.648231
0.649451
0.649451
0.649858
0.649044
0.651078
0.648231
0.649451
0.649858
0.647824
0.647011
0.649044
0.650671
0.649044
0.649858
0.650671
0.647824
0.650264
0.650264
0.649044
0.647011
0.649451
0.651484
0.651891
0.648231
0.647824
0.649858
0.647418
0.648638
0.651484
0.649451
0.651484
0.651484
0.648638
0.646604
0.650264
0.648638
0.650264
0.648638
0.648638
0.651484
0.652704
0.652298
0.651891
0.649451
0.649044
0.649858
0.648638
0.651078
0.652704
0.652298
0.649858
0.651484
0.649044
0.651891
0.651078
0.651891
0.650671
0.649451
0.651078
0.648638
0.647418
0.649858
0.648638
0.645791
0.649044
0.647824
0.649044
0.644978
0.649044
0.649044
0.649044
0.648638
0.644978
0.647011
0.645384
0.644978
0.646198
0.647824
0.649044
0.649451
0.649044
0.644571
0.647418
0.647824
0.645791
0.644978
0.645384
0.647418
0.649858
0.649044
0.649451
0.647824
0.645384
0.644978
0.645384
0.646198
0.648231
0.647824
0.648638
0.647824
0.646198
0.648638
0.648231
0.647011
0.646604
0.647418
0.649044
0.649044
0.649451
0.649451
0.646604
0.647824
0.647418
0.647824
0.649451
0.647418
0.649451
0.651078
0.650671
0.649858
0.646604
0.649044
0.648231
0.648231
0.647418
0.649044
0.650671
0.650671
0.649858
0.646604
0.648638
0.647824
0.649044
0.647824
0.646604
0.650264
0.649858
0.648638
0.650264
0.645791
0.649451
0.649451
0.649451
0.649858
0.646604
0.651891
0.651078
0.651891
0.647011
0.649044
0.649044
0.650264
0.645791
0.648231
0.649858
0.649044
0.649451
0.649858
0.649044
0.649044
0.648638
0.648638
0.648638
0.647418
0.647011
0.649451
0.650671
0.647011
0.649044
0.649044
0.648638
0.646604
0.647011
0.648638
0.647824
0.648231
0.648231
0.646604
0.648231
0.648231
0.647418
0.646604
0.647011
0.648231
0.649044
0.648231
0.647418
0.648638
0.647824
0.647418
0.647011
0.647824
0.644571
0.649858
0.649044
0.648638
0.646604
0.648638
0.649044
0.648231
0.648231
0.647418
0.649044
0.648231
0.648231
0.649858
0.647418
0.648638
0.649451
0.648231
0.647418
0.649044
0.650671
0.650264
0.650264
0.646604
0.647824
0.649044
0.647418
0.646198
0.648231
0.647011
0.650671
0.649858
0.650264
0.647824
0.648231
0.648638
0.647418
0.647418
0.647824
0.650264
0.649451
0.648638
0.650264
0.649858
0.647418
0.648231
0.648231
0.649451
0.648638
0.649044
0.650671
0.650671
0.650264
0.651078
0.649044
0.650264
0.650671
0.650671
0.651078
0.649858
0.650264
0.652298
0.649451
0.649451
0.649044
0.649044
0.651484
0.649858
0.651078
0.650264
0.648638
0.651484
0.647418
0.648231
0.648231
0.648231
0.647011
0.650264
0.649044
0.649044
0.649044
0.649451
0.649451
0.647418
0.649451
0.650671
0.649044
0.649451
0.649451
0.649044
0.650264
0.652298
0.649858
0.650671
0.650671
0.650264
0.649044
0.651078
0.652298
0.653518
0.647824
0.648638
0.648638
0.648638
0.649858
0.649858
0.648231
0.649451
0.648231
0.649044
0.648638
0.650671
0.649451
0.649044
0.650264
0.650264
0.649858
0.649044
0.648638
0.651078
0.649044
0.651078
0.648231
0.650264
0.650264
0.651078
0.650671
0.650264
0.650671
0.651484
0.650671
0.650671
0.650671
0.652298
0.651891
0.651484
0.651078
0.650264
0.650671
0.649044
0.649044
0.649858
0.649451
0.650264
0.648231
0.650264
0.650264
0.648231
0.646604
0.650264
0.651484
0.649044
0.649858
0.647824
0.649044
0.649858
0.649044
0.650264
0.649451
0.649451
0.649858
0.649451
0.649044
0.649858
0.649451
0.649858
0.649451
0.649451
0.649044
0.649451
0.649858
0.649451
0.650264
0.650264
0.651891
0.651484
0.650671
0.650264
0.651891
0.651078
0.648638
0.649044
0.649858
0.650264
0.649451
0.648638
0.649451
0.649044
0.649858
0.647824
0.649451
0.649044
0.649858
0.649858
0.651484
0.651078
0.647824
0.649451
0.649858
0.647418
0.649858
0.649044
0.649044
0.649451
0.649451
0.649044
0.649858
0.649858
0.649858
0.649858
0.648231
0.648638
0.649858
0.649451
0.649858
0.649858
0.648231
0.647824
0.649044
0.649044
0.650264
0.649858
0.650671
0.649858
0.651484
0.648231
0.648638
0.647824
0.649858
0.650264
0.648231
0.649451
0.651484
0.649858
0.648638
0.648231
0.647418
0.648231
0.649858
0.648638
0.649858
0.649858
0.649044
0.648638
0.651484
0.647011
0.649044
0.647824
0.649044
0.650671
0.651078
0.649451
0.649858
0.651078
0.649044
0.649451
0.651078
0.649451
0.649044
0.651078
0.648231
0.649858
0.648638
0.649451
0.649044
0.650671
0.649858
0.649858
0.650264
0.649044
0.648638
0.649451
0.648231
0.649044
0.650264
0.650264
0.649451
0.649451
0.649044
0.649451
0.649858
0.649451
0.649451
0.649858
0.649858
0.651484
0.650671
0.649451
0.651078
0.649044
0.650264
0.649451
0.649858
0.649044
0.650264
0.650671
0.649044
0.648638
0.649451
0.648231
0.648638
0.648638
0.648231
0.649858
0.650671
0.649858
0.649451
0.649044
0.650264
0.651891
0.651484
0.651484
0.649044
0.651484
0.649044
0.649451
0.650671
0.649858
0.650264
0.649858
0.648231
0.649858
0.649451
0.650671
0.649858
0.649451
0.649858
0.649858
0.649044
0.648638
0.649044
0.649451
0.649858
0.650671
0.649451
0.650264
0.650264
0.649044
0.650671
0.651078
0.650264
0.650264
0.650671
0.649858
0.649858
0.649451
0.649451
0.650264
0.650264
0.650264
0.650264
0.651891
0.650671
0.651891
0.651078
0.652704
0.650264
0.649858
0.649858
0.649858
0.654331
0.650671
0.650671
0.649858
0.650671
0.650264
0.651891
0.650264
0.651484
0.650264
0.651484
0.653518
0.649451
0.651078
0.651891
0.649044
0.648638
0.649044
0.649451
0.649044
0.649451
0.650264
0.651078
0.651484
0.649858
0.651078
0.650671
0.650671
0.651484
0.650671
0.649451
0.650671
0.651078
0.650671
0.651078
0.650671
0.650671
0.649858
0.652298
0.653111
0.653111
0.649451
0.650264
0.649044
0.649044
0.649044
0.649451
0.650264
0.651078
0.652298
0.651484
0.650671
0.650671
0.650671
0.650264
0.648638
0.650671
0.649451
0.649044
0.649451
0.650264
0.651078
0.650671
0.650671
0.651078
0.650671
0.651484
0.650671
0.652298
0.653111
0.651484
0.651078
0.650671
0.651078
0.650264
0.651078
0.650671
0.651078
0.652704
0.651484
0.651078
0.651078
0.650671
0.649858
0.649044
0.650671
0.651078
0.652704
0.652704
0.651484
0.650264
0.651484
0.651891
0.651078
0.651891
0.651484
0.653111
0.652298
0.652704
0.652704
0.652704
0.651891
0.651891
0.651484
0.651078
0.651078
0.651484
0.653111
0.651078
0.652704
0.651484
0.649451
0.649044
0.649451
0.650264
0.651484
0.650671
0.651891
0.652298
0.650264
0.651078
0.650264
0.649451
0.649044
0.650264
0.651484
0.652298
0.650264
0.651078
0.649858
0.649858
0.650264
0.650264
0.651078
0.651891
0.651891
0.651484
0.651484
0.651484
0.650671
0.649451
0.650671
0.650671
0.651078
0.649858
0.651484
0.651078
0.652704
0.652704
0.650671
0.651891
0.650671
0.651078
0.651891
0.653518
0.652298
0.652704
0.651891
0.652704
0.650671
0.649451
0.650264
0.650671
0.651078
0.649858
0.652704
0.652298
0.651078
0.651891
0.651078
0.651078
0.650264
0.650671
0.651484
0.650264
0.651078
0.651078
0.651891
0.650264
0.651078
0.649858
0.650671
0.651078
0.649858
0.650671
0.651078
0.652704
0.651891
0.650671
0.651078
0.649858
0.651078
0.651078
0.650671
0.651484
0.651484
0.651891
0.653111
0.650264
0.651484
0.650264
0.650264
0.649858
0.650264
0.651078
0.653518
0.650264
0.651078
0.650264
0.649451
0.651484
0.653518
0.653111
0.653111
0.651891
0.651891
0.651484
0.649451
0.650264
0.649858
0.651891
0.652298
0.653518
0.653924
0.652704
0.653924
0.652704
0.651078
0.649451
0.651078
0.652298
0.652298
0.653924
0.652704
0.651078
0.652298
0.651078
0.651484
0.651078
0.651891
0.651891
0.652298
0.652704
0.651484
0.651891
0.651891
0.650671
0.650671
0.651484
0.651078
0.651891
0.649858
0.650671
0.651484
0.651078
0.650264
0.649858
0.649044
0.649451
0.650264
0.651891
0.649858
0.651484
0.651484
0.651078
0.651891
0.650671
0.650671
0.651891
0.652298
0.650671
0.652704
0.652298
0.651484
0.651484
0.650671
0.649858
0.651078
0.650671
0.651484
0.651484
0.651078
0.652704
0.651891
0.649858
0.649858
0.650264
0.651078
0.652298
0.652298
0.651891
0.651484
0.651891
0.653924
0.649858
0.650264
0.649858
0.651891
0.649451
0.650264
0.649451
0.650264
0.651484
0.650671
0.650264
0.651078
0.650671
0.652298
0.651078
0.651484
0.651078
0.651891
0.653518
0.651891
0.651484
0.652298
0.653518
0.652298
0.651484
0.652298
0.651891
0.653111
0.650671
0.648638
0.651484
0.649858
0.651484
0.654331
0.652704
0.653924
0.653111
0.653111
0.653111
0.651484
0.649858
0.650264
0.651891
0.651484
0.651891
0.651891
0.652298
0.654331
0.652298
0.652704
0.653111
0.652704
0.653111
0.653111
0.654738
0.651484
0.651891
0.651484
0.650671
0.651078
0.651891
0.654331
0.651891
0.652298
0.652704
0.651484
0.650264
0.649858
0.650671
0.649858
0.652298
0.655144
0.654331
0.652704
0.652704
0.651484
0.652704
0.650264
0.649858
0.650671
0.653518
0.651891
0.653518
0.652298
0.653111
0.653924
0.651078
0.649451
0.650264
0.651078
0.654331
0.651891
0.650264
0.651484
0.650264
0.653924
0.651078
0.651484
0.650671
0.653924
0.649858
0.651484
0.651484
0.652298
0.652704
0.651484
0.650671
0.649451
0.653111
0.651891
0.650671
0.651891
0.651891
0.653518
0.649858
0.650671
0.651484
0.649451
0.650264
0.653924
0.651891
0.651484
0.651891
0.651078
0.651891
0.649858
0.650264
0.649858
0.651484
0.651891
0.652298
0.651891
0.651078
0.650264
0.651484
0.650671
0.649858
0.652704
0.651078
0.652704
0.651484
0.653518
0.651891
0.653518
0.651078
0.650264
0.650264
0.650264
0.651891
0.650264
0.652298
0.651891
0.651484
0.650264
0.650264
0.650264
0.652704
0.652298
0.652298
0.653111
0.652704
0.655144
0.650671
0.649858
0.649858
0.649451
0.651891
0.654738
0.652704
0.651891
0.652704
0.653518
0.653111
0.650264
0.649858
0.649044
0.653111
0.655958
0.653111
0.653518
0.654331
0.654331
0.655144
0.652298
0.651078
0.653518
0.653111
0.653111
0.653518
0.653924
0.654331
0.651891
0.651891
0.650264
0.651484
0.654738
0.653518
0.654331
0.653518
0.653111
0.650264
0.649451
0.650671
0.651078
0.649858
0.654331
0.652298
0.652704
0.652298
0.651078
0.651484
0.649858
0.650671
0.651484
0.651484
0.652704
0.650671
0.651078
0.652704
0.653111
0.652704
0.649044
0.649858
0.650264
0.651891
0.653518
0.651484
0.650671
0.649858
0.651484
0.651078
0.649044
0.649451
0.649451
0.653924
0.653111
0.653518
0.654738
0.651891
0.655144
0.654331
0.651484
0.653924
0.653924
0.651891
0.651484
0.654738
0.650671
0.649451
0.650264
0.649451
0.649451
0.650264
0.652298
0.652298
0.651484
0.653518
0.653924
0.652704
0.649858
0.651484
0.650264
0.653518
0.653924
0.652298
0.653924
0.654738
0.653924
0.649451
0.650671
0.651078
0.650671
0.652704
0.652704
0.651891
0.652298
0.655551
0.654331
0.652298
0.651891
0.651078
0.652704
0.653111
0.653111
0.653924
0.653518
0.653111
0.655958
0.652704
0.651078
0.650671
0.655551
0.652298
0.652704
0.656771
0.653924
0.653924
0.649858
0.651078
0.649044
0.655144
0.653518
0.651078
0.652704
0.655958
0.651484
0.651891
0.653111
0.653111
0.652704
0.651078
0.654331
0.651891
0.653924
0.653924
0.653518
0.653111
0.649858
0.651484
0.650264
0.655551
0.653518
0.653924
0.654331
0.655551
0.655958
0.651078
0.650671
0.650671
0.651484
0.655551
0.655144
0.653924
0.655958
0.655958
0.653924
0.650671
0.649451
0.650671
0.656771
0.656364
0.651484
0.654331
0.655144
0.654331
0.651078
0.652704
0.652704
0.652298
0.653111
0.652298
0.652704
0.652704
0.655551
0.651484
0.651891
0.652298
0.651484
0.652298
0.653111
0.651891
0.653518
0.653518
0.655551
0.652704
0.650264
0.650264
0.650671
0.655551
0.655958
0.655958
0.655958
0.656364
0.655551
0.651484
0.649858
0.649451
0.649451
0.653518
0.656771
0.655958
0.656771
0.655551
0.656771
0.651891
0.650264
0.650671
0.653924
0.655144
0.652704
0.656364
0.654331
0.653924
0.651078
0.649451
0.650671
0.653111
0.653111
0.653924
0.654331
0.655144
0.651484
0.649858
0.651078
0.650671
0.651484
0.651891
0.654738
0.655144
0.655144
0.654738
0.656771
0.654738
0.651891
0.650264
0.651484
0.653924
0.656771
0.654331
0.653924
0.655551
0.654738
0.653111
0.651484
0.651078
0.653924
0.654331
0.654738
0.654331
0.655958
0.655551
0.653924
0.649858
0.650671
0.651078
0.654331
0.653518
0.651891
0.653924
0.652298
0.653111
0.653518
0.649858
0.650671
0.650264
0.654738
0.653111
0.653518
0.652298
0.654331
0.654738
0.650671
0.651484
0.651078
0.651078
0.655958
0.652704
0.652704
0.652704
0.655958
0.655958
0.651484
0.651484
0.652704
0.655144
0.653924
0.652704
0.653924
0.655144
0.655958
0.651484
0.650671
0.649451
0.651484
0.653924
0.653924
0.654738
0.654331
0.654331
0.655958
0.651484
0.650671
0.651891
0.652298
0.655144
0.653518
0.654331
0.654738
0.655144
0.653111
0.650264
0.651078
0.651484
0.656364
0.651891
0.652704
0.653518
0.655958
0.654738
0.650264
0.650264
0.649451
0.655144
0.654331
0.652298
0.653924
0.657178
0.655144
0.651078
0.648638
0.649044
0.653111
0.654738
0.653518
0.652298
0.656364
0.651891
0.650264
0.650671
0.649858
0.650264
0.655958
0.652298
0.650671
0.652704
0.652704
0.657178
0.652704
0.651484
0.649858
0.650671
0.652298
0.653518
0.651078
0.653924
0.653111
0.653518
0.652298
0.650671
0.651484
0.649451
0.653924
0.654331
0.655551
0.655551
0.655144
0.655551
0.652704
0.651891
0.652298
0.654738
0.655144
0.653111
0.654331
0.654331
0.651078
0.650264
0.651078
0.650671
0.650671
0.652298
0.655144
0.651891
0.653518
0.654738
0.653924
0.651484
0.651078
0.651078
0.650671
0.655144
0.655144
0.654738
0.654331
0.655144
0.655144
0.652298
0.650671
0.650264
0.653924
0.655958
0.653518
0.655958
0.655144
0.655551
0.652298
0.649858
0.649451
0.649858
0.655958
0.655551
0.653924
0.656364
0.653518
0.653518
0.650264
0.649451
0.650264
0.653111
0.655144
0.651891
0.655144
0.652704
0.654331
0.650671
0.649044
0.650671
0.649451
0.652704
0.653518
0.651078
0.651484
0.653111
0.653111
0.650264
0.650264
0.650671
0.651078
0.652704
0.653518
0.653518
0.653111
0.653111
0.653111
0.652704
0.651078
0.651078
0.651484
0.653111
0.650671
0.653518
0.654738
0.653924
0.650671
0.651484
0.651484
0.650264
0.653518
0.652704
0.652298
0.653518
0.653924
0.654738
0.652298
0.650264
0.649044
0.652704
0.654738
0.654738
0.656364
0.652704
0.651891
0.650671
0.649451
0.649858
0.652704
0.653518
0.651078
0.651484
0.653518
0.655144
0.653111
0.650264
0.649858
0.650264
0.650671
0.653518
0.654738
0.653924
0.653111
0.652704
0.655144
0.651891
0.649451
0.648231
0.651484
0.652704
0.655551
0.655958
0.654331
0.654331
0.655958
0.652704
0.651078
0.652298
0.655958
0.652704
0.653518
0.655551
0.655144
0.652298
0.650671
0.649044
0.651484
0.655958
0.655551
0.653924
0.655144
0.653924
0.652704
0.651484
0.649044
0.648638
0.650264
0.656364
0.654331
0.652704
0.654331
0.654738
0.653111
0.647418
0.649858
0.650264
0.648638
0.653518
0.654738
0.655551
0.655144
0.654331
0.651891
0.650671
0.650264
0.649858
0.653111
0.654331
0.654331
0.655958
0.655144
0.655144
0.653111
0.649451
0.649858
0.649858
0.654738
0.653924
0.655144
0.654738
0.654738
0.653111
0.652298
0.650671
0.650264
0.651891
0.653518
0.654738
0.652298
0.654331
0.653924
0.653518
0.650671
0.650671
0.651891
0.653518
0.655958
0.653111
0.655958
0.654738
0.654331
0.650264
0.650264
0.650671
0.652298
0.653924
0.652298
0.653924
0.655144
0.654331
0.652298
0.650264
0.649858
0.649858
0.651484
0.653924
0.656364
0.654331
0.656771
0.656771
0.654331
0.651891
0.651891
0.651891
0.655551
0.656364
0.655551
0.656364
0.655958
0.653111
0.649451
0.649451
0.650671
0.653111
0.654331
0.655551
0.655144
0.655144
0.654331
0.652704
0.650671
0.649044
0.649451
0.653518
0.655551
0.654738
0.655958
0.655144
0.654738
0.651484
0.649858
0.650264
0.651078
0.654738
0.655551
0.655551
0.653924
0.654738
0.655144
0.651484
0.651078
0.651891
0.653924
0.655144
0.653924
0.654738
0.653924
0.654331
0.651484
0.651891
0.651484
0.651891
0.653518
0.655958
0.655958
0.654331
0.653924
0.653924
0.649044
0.650264
0.651484
0.651078
0.656771
0.653924
0.654331
0.655144
0.654738
0.655958
0.651484
0.649044
0.650671
0.653111
0.654738
0.654738
0.654738
0.656364
0.656364
0.653924
0.651891
0.651891
0.653924
0.655551
0.651078
0.654331
0.654738
0.654331
0.652298
0.651078
0.652298
0.651484
0.653111
0.655958
0.651484
0.655551
0.654331
0.655958
0.653924
0.650264
0.649451
0.650671
0.655958
0.654738
0.655551
0.655551
0.656364
0.655958
0.653924
0.652704
0.651078
0.653111
0.657584
0.655958
0.655144
0.656771
0.657178
0.654331
0.652298
0.651891
0.652298
0.655551
0.655958
0.653924
0.654331
0.656771
0.656364
0.651484
0.651078
0.651078
0.652298
0.655551
0.657991
0.658398
0.655958
0.656364
0.652704
0.650264
0.650671
0.650264
0.654331
0.655958
0.651484
0.655551
0.655551
0.655144
0.654738
0.650671
0.649451
0.650264
0.656771
0.656771
0.654331
0.655551
0.656771
0.656364
0.651891
0.649451
0.650671
0.651891
0.656364
0.656771
0.657178
0.655144
0.656364
0.656364
0.654331
0.652298
0.652704
0.656364
0.655144
0.655958
0.656771
0.656364
0.654738
0.652298
0.651484
0.651484
0.654331
0.654738
0.653111
0.653518
0.654738
0.656364
0.652704
0.649451
0.651891
0.652298
0.652298
0.655958
0.657584
0.657178
0.656771
0.656771
0.654738
0.651891
0.651484
0.652298
0.654738
0.654331
0.655958
0.657178
0.657178
0.656364
0.654331
0.651484
0.651484
0.651078
0.656364
0.656364
0.656771
0.655551
0.654331
0.653924
0.653111
0.651484
0.652704
0.655144
0.655958
0.653111
0.655958
0.655144
0.653924
0.651078
0.653924
0.650264
0.653111
0.651891
0.655551
0.657178
0.656771
0.655551
0.655144
0.654331
0.651078
0.649451
0.652298
0.655144
0.655551
0.655551
0.655551
0.655144
0.655144
0.652298
0.650671
0.652704
0.656364
0.655551
0.655551
0.654331
0.653518
0.652298
0.648638
0.647824
0.649451
0.652298
0.654331
0.652298
0.653111
0.653924
0.653924
0.648231
0.648231
0.650671
0.649044
0.652704
0.655958
0.651891
0.654738
0.655958
0.655144
0.655144
0.649044
0.649044
0.649044
0.655958
0.655958
0.655958
0.655551
0.655551
0.655551
0.652298
0.650264
0.650264
0.653518
0.655144
0.656364
0.655551
0.654331
0.656771
0.655551
