0.459943
0.534770
0.555917
0.534364
0.566897
0.583164
0.581944
0.570557
0.575031
0.568930
0.576251
0.571370
0.568930
0.570150
0.582757
0.584791
0.586824
0.585604
0.583164
0.572590
0.573404
0.572997
0.575844
0.581537
0.580317
0.583571
0.586824
0.587637
0.589264
0.589671
0.592111
0.588857
0.587231
0.587637
0.588451
0.587231
0.587637
0.585604
0.582351
0.587231
0.589671
0.589671
0.592517
0.593737
0.599837
0.595364
0.592517
0.591297
0.588044
0.582351
0.588451
0.591297
0.598617
0.603497
0.595771
0.605937
0.598617
0.603497
0.596177
0.599431
0.598211
0.600244
0.603497
0.603091
0.610817
0.615291
0.614071
0.613664
0.605531
0.607157
0.612851
0.614884
0.617324
0.620171
0.619357
0.619764
0.617731
0.612037
0.612037
0.611224
0.616104
0.621391
0.621391
0.619764
0.622204
0.622611
0.620171
0.616511
0.607564
0.608377
0.624644
0.623017
0.624237
0.625051
0.626271
0.624237
0.620984
0.616104
0.610817
0.612037
0.615697
0.621391
0.625051
0.623424
0.622611
0.623424
0.620171
0.620577
0.623424
0.624644
0.622204
0.621391
0.622204
0.619764
0.618951
0.616104
0.614884
0.610411
0.614477
0.618951
0.623424
0.623831
0.623831
0.625051
0.626271
0.623017
0.620984
0.620577
0.620577
0.614477
0.613257
0.612851
0.614477
0.614477
0.621391
0.623017
0.620984
0.621797
0.624237
0.624237
0.625458
0.624644
0.623831
0.621391
0.620171
0.615291
0.614477
0.616917
0.622611
0.623831
0.623017
0.627084
0.622611
0.622611
0.621797
0.622611
0.623424
0.625051
0.625458
0.621797
0.624644
0.621797
0.620577
0.619764
0.621391
0.617731
0.616511
0.618137
0.616511
0.620171
0.625864
0.627898
0.625864
0.622204
0.620984
0.618544
0.620577
0.622204
0.627084
0.628711
0.629524
0.624644
0.620577
0.616917
0.618544
0.617324
0.624237
0.627084
0.628304
0.631558
0.630744
0.625864
0.625458
0.620984
0.616104
0.623831
0.629524
0.629524
0.627898
0.627084
0.627084
0.622611
0.616511
0.614477
0.616511
0.619764
0.624237
0.627084
0.629524
0.624644
0.626678
0.623424
0.622204
0.619764
0.619357
0.621391
0.625051
0.626271
0.625864
0.629931
0.628711
0.623424
0.623424
0.625051
0.625864
0.629118
0.627491
0.630338
0.630338
0.625051
0.621391
0.619357
0.620171
0.619357
0.622611
0.620984
0.622611
0.624644
0.627898
0.625458
0.623017
0.619357
0.623424
0.620577
0.620984
0.620984
0.624644
0.626678
0.625051
0.623424
0.620171
0.622611
0.625051
0.627084
0.627491
0.626678
0.628304
0.625458
0.625864
0.626271
0.619764
0.617731
0.617324
0.620171
0.623831
0.623424
0.625051
0.622611
0.624237
0.625051
0.623017
0.621797
0.621391
0.625051
0.624644
0.628711
0.627491
0.623017
0.627084
0.631151
0.625051
0.623017
0.627898
0.624644
0.627898
0.626271
0.631964
0.629118
0.628304
0.625458
0.623831
0.627898
0.628304
0.628711
0.629524
0.627084
0.623017
0.625051
0.621797
0.620577
0.621797
0.626678
0.627491
0.628304
0.628304
0.622204
0.624237
0.624644
0.624237
0.624237
0.624644
0.626678
0.628711
0.630338
0.629524
0.631558
0.628304
0.626678
0.626271
0.624237
0.622611
0.628304
0.629524
0.628711
0.627898
0.629931
0.631964
0.625864
0.625051
0.625051
0.625864
0.629118
0.630338
0.630744
0.630744
0.632371
0.631151
0.627084
0.623017
0.622611
0.623424
0.624237
0.625051
0.626678
0.627491
0.631151
0.626271
0.625051
0.625051
0.628711
0.627898
0.627491
0.627491
0.628711
0.625458
0.624644
0.623424
0.625864
0.626678
0.629118
0.626271
0.627491
0.628711
0.630338
0.629118
0.625864
0.622611
0.625051
0.625864
0.628304
0.626678
0.625864
0.625458
0.627084
0.628711
0.627084
0.627898
0.627491
0.628304
0.627898
0.628304
0.627898
0.626678
0.629931
0.623017
0.623017
0.623017
0.625051
0.627898
0.625864
0.626271
0.625864
0.628304
0.626678
0.623424
0.623424
0.624237
0.627084
0.627898
0.629118
0.625864
0.626678
0.622204
0.623424
0.624644
0.628711
0.630338
0.631151
0.629524
0.630338
0.631558
0.631558
0.631151
0.628711
0.627491
0.627491
0.630744
0.636031
0.632371
0.633184
0.629931
0.636438
0.630338
0.633184
0.625864
0.620984
0.620171
0.622611
0.627084
0.630744
0.631558
0.629118
0.626271
0.625458
0.627898
0.625051
0.629931
0.628711
0.627491
0.625458
0.623424
0.623424
0.624644
0.627491
0.629524
0.632371
0.631964
0.631151
0.631964
0.629931
0.623831
0.621797
0.625458
0.631151
0.631151
0.633998
0.631964
0.630338
0.626678
0.633184
0.627491
0.625864
0.625864
0.631151
0.630744
0.634811
0.633591
0.632778
0.631964
0.630744
0.627491
0.625051
0.628711
0.628304
0.634811
0.636031
0.634811
0.636031
0.633998
0.632778
0.627084
0.625458
0.623831
0.633591
0.636438
0.640098
0.642131
0.640098
0.638471
0.638064
0.630338
0.626271
0.624237
0.635218
0.637251
0.641318
0.640504
0.640504
0.640911
0.639284
0.632371
0.627898
0.627084
0.621391
0.621797
0.632371
0.636844
0.639691
0.638878
0.636438
0.636844
0.633591
0.629118
0.626271
0.629118
0.626271
0.629524
0.627491
0.626678
0.627084
0.631151
0.631558
0.630744
0.633591
0.634404
0.635624
0.640098
0.637251
0.632371
0.628304
0.624237
0.629524
0.636031
0.638064
0.642538
0.644978
0.640911
0.639284
0.633184
0.629524
0.630338
0.633184
0.635218
0.636844
0.640098
0.638878
0.639284
0.629118
0.625864
0.624644
0.623017
0.627898
0.633998
0.637658
0.638064
0.637251
0.635624
0.635218
0.633998
0.631964
0.629931
0.631964
0.636031
0.633998
0.634404
0.635218
0.636031
0.631964
0.630744
0.632371
0.632371
0.632778
0.635218
0.636844
0.634811
0.631151
0.625864
0.623017
0.625458
0.629931
0.634811
0.638878
0.638878
0.637658
0.638064
0.640098
0.636844
0.623831
0.624644
0.631151
0.634404
0.636031
0.637658
0.636844
0.636438
0.632778
0.631151
0.626271
0.624644
0.636031
0.643351
0.644164
0.644571
0.642131
0.642944
0.634404
0.629931
0.630744
0.627084
0.632778
0.631151
0.631964
0.633184
0.636438
0.634404
0.630744
0.634404
0.631964
0.639691
0.640911
0.640911
0.643758
0.641724
0.643758
0.638878
0.634404
0.624644
0.627491
0.632778
0.636438
0.635624
0.641318
0.638878
0.638064
0.636031
0.632371
0.623831
0.625051
0.627491
0.636844
0.641724
0.642944
0.640911
0.640504
0.636031
0.626271
0.629931
0.627898
0.637251
0.638878
0.640911
0.639691
0.638064
0.639691
0.637251
0.629118
0.631964
0.624644
0.623017
0.626271
0.634811
0.638878
0.638878
0.638878
0.638471
0.637251
0.640098
0.636438
0.636031
0.634811
0.634404
0.636844
0.633998
0.636031
0.631558
0.631558
0.632371
0.633591
0.639691
0.638064
0.639691
0.638878
0.631558
0.629524
0.628304
0.627898
0.639284
0.637251
0.642944
0.641724
0.642538
0.635218
0.631151
0.628304
0.630338
0.639284
0.638064
0.641724
0.644164
0.642131
0.634404
0.629524
0.630744
0.631151
0.634404
0.636438
0.639691
0.639284
0.636844
0.632778
0.632371
0.628304
0.632778
0.631964
0.635624
0.637658
0.640504
0.638471
0.640911
0.638471
0.631964
0.627084
0.627898
0.630744
0.644571
0.643758
0.644164
0.642131
0.644978
0.639691
0.629118
0.628711
0.629931
0.633184
0.636031
0.637251
0.637658
0.633998
0.631558
0.629524
0.631151
0.631151
0.633998
0.636031
0.639284
0.640098
0.641318
0.641724
0.633591
0.626271
0.633184
0.634811
0.636438
0.640098
0.637251
0.634811
0.629118
0.627084
0.626678
0.625864
0.628304
0.631558
0.631558
0.634811
0.639284
0.639284
0.634811
0.633184
0.630744
0.630744
0.632778
0.631558
0.636438
0.636844
0.639691
0.637251
0.639691
0.636438
0.628304
0.625864
0.628711
0.640504
0.641318
0.641724
0.639691
0.642944
0.636438
0.626678
0.626678
0.630744
0.629931
0.637658
0.639691
0.637251
0.637251
0.639284
0.638064
0.629524
0.627084
0.628304
0.638471
0.639691
0.641318
0.641724
0.639691
0.627084
0.623831
0.625458
0.627898
0.634811
0.638471
0.640098
0.638471
0.639691
0.641724
0.639691
0.630338
0.629524
0.629931
0.633998
0.639284
0.640098
0.638878
0.638471
0.642944
0.635624
0.625051
0.621391
0.630744
0.644164
0.639691
0.637251
0.638471
0.636031
0.636031
0.633591
0.639284
0.628304
0.627491
0.629931
0.636438
0.640911
0.641724
0.642538
0.642944
0.642538
0.632371
0.627491
0.627491
0.631964
0.633998
0.637658
0.639691
0.644571
0.643351
0.640911
0.638471
0.629118
0.626678
0.625458
0.635624
0.640098
0.642538
0.641724
0.641724
0.641318
0.638471
0.635218
0.632371
0.632778
0.639284
0.638471
0.642538
0.641724
0.642944
0.642131
0.636031
0.632778
0.633591
0.634404
0.637658
0.636438
0.640911
0.640098
0.635218
0.634404
0.634404
0.633591
0.632778
0.633998
0.639691
0.637251
0.638471
0.633591
0.631151
0.627084
0.624644
0.633184
0.634404
0.639691
0.638878
0.637658
0.635624
0.627898
0.627491
0.629931
0.636438
0.640098
0.641724
0.640911
0.640504
0.636438
0.627084
0.628304
0.625864
0.630338
0.637251
0.641318
0.642131
0.642131
0.640911
0.640098
0.624237
0.623017
0.624237
0.632371
0.640098
0.643351
0.643351
0.642131
0.640098
0.633591
0.627898
0.627491
0.631558
0.635218
0.641724
0.641724
0.642538
0.640504
0.642538
0.636031
0.631964
0.625458
0.629931
0.638064
0.643351
0.640911
0.637251
0.637658
0.639691
0.635624
0.629931
0.628711
0.631151
0.635218
0.640504
0.640098
0.640504
0.640098
0.642944
0.640098
0.632778
0.627898
0.627898
0.632778
0.638064
0.640098
0.641724
0.642538
0.642538
0.639284
0.634404
0.632778
0.637251
0.632778
0.634404
0.635218
0.634404
0.633184
0.635218
0.637658
0.631151
0.630338
0.631151
0.631558
0.636438
0.637251
0.638064
0.633998
0.632778
0.634404
0.629931
0.632778
0.633184
0.633184
0.636844
0.638471
0.633591
0.632371
0.633591
0.631151
0.632371
0.636031
0.638471
0.638471
0.636438
0.635624
0.629931
0.628711
0.631558
0.633591
0.636438
0.637658
0.640911
0.640504
0.638878
0.636844
0.635218
0.626678
0.629118
0.628711
0.638471
0.637658
0.638878
0.640504
0.640504
0.635218
0.627898
0.626271
0.626678
0.627898
0.632778
0.640098
0.638471
0.634811
0.633998
0.636438
0.629931
0.628711
0.624644
0.631151
0.638878
0.641318
0.637658
0.636844
0.638471
0.624644
0.628711
0.627491
0.632371
0.638064
0.642538
0.635624
0.635218
0.633591
0.639691
0.636031
0.637658
0.627491
0.627491
0.629931
0.634811
0.636438
0.636844
0.641318
0.633184
0.636031
0.629931
0.629524
0.627898
0.630338
0.636031
0.636031
0.636438
0.635624
0.636438
0.631558
0.632778
0.629118
0.630338
0.635218
0.636438
0.636031
0.638878
0.640098
0.633184
0.627084
0.627898
0.630744
0.633998
0.637658
0.635624
0.633184
0.638878
0.635218
0.635624
0.627898
0.624237
0.629524
0.635218
0.638064
0.633998
0.635624
0.629931
0.630338
0.629524
0.629118
0.636438
0.636844
0.638471
0.638471
0.639691
0.642131
0.634811
0.630744
0.629524
0.631151
0.628304
0.632778
0.636438
0.634811
0.637658
0.638064
0.636438
0.631964
0.633591
0.630744
0.631558
0.635218
0.640504
0.638878
0.642131
0.638878
0.639284
0.627491
0.629524
0.632371
0.633184
0.637251
0.634404
0.634404
0.640098
0.639284
0.636438
0.633591
0.634811
0.629524
0.638878
0.638471
0.634811
0.638878
0.639691
0.640098
0.631151
0.626678
0.627084
0.629118
0.637251
0.640098
0.636438
0.638878
0.636438
0.634811
0.635218
0.630744
0.633184
0.636438
0.637658
0.640504
0.640911
0.638878
0.633998
0.630338
0.630744
0.635624
0.636031
0.640098
0.641724
0.637658
0.637658
0.634404
0.635218
0.625051
0.627491
0.631151
0.631558
0.634404
0.633591
0.633998
0.636031
0.629524
0.629118
0.629931
0.630744
0.636844
0.638878
0.638878
0.637251
0.638471
0.638064
0.635218
0.630744
0.625864
0.631151
0.631558
0.635624
0.638064
0.638471
0.642538
0.643758
0.640098
0.637658
0.630744
0.629931
0.632371
0.638471
0.634811
0.636438
0.639691
0.633998
0.636844
0.631151
0.631558
0.629118
0.633591
0.637658
0.640504
0.639284
0.641318
0.637658
0.634404
0.634404
0.636438
0.635218
0.634811
0.636844
0.636438
0.636031
0.637658
0.636438
0.633184
0.633591
0.629524
0.629524
0.634811
0.636844
0.637251
0.636844
0.636844
0.634811
0.632778
0.632371
0.633184
0.633184
0.636844
0.640504
0.638878
0.631151
0.635624
0.636844
0.635218
0.636844
0.638064
0.642131
0.639691
0.644571
0.635218
0.631151
0.631558
0.635624
0.636438
0.640504
0.644571
0.641724
0.640911
0.643351
0.641318
0.631964
0.629118
0.627898
0.631964
0.640504
0.640504
0.640504
0.641724
0.642538
0.643351
0.638471
0.636031
0.628711
0.631558
0.637658
0.638471
0.637251
0.636031
0.637658
0.633591
0.636031
0.630744
0.636031
0.636438
0.638064
0.636031
0.635218
0.638064
0.639691
0.633591
0.620171
0.622204
0.629931
0.634811
0.639284
0.638064
0.637658
0.638878
0.641318
0.638471
0.638471
0.632778
0.632371
0.638878
0.637658
0.636438
0.638064
0.638064
0.635624
0.633591
0.629118
0.631558
0.636031
0.639284
0.637251
0.636438
0.638471
0.635624
0.633591
0.632371
0.630744
0.637251
0.638878
0.638471
0.639284
0.636031
0.639284
0.634811
0.629118
0.627084
0.635218
0.635624
0.642538
0.645384
0.647011
0.642944
0.641318
0.638064
0.631151
0.627491
0.630744
0.633184
0.637658
0.639691
0.642131
0.640911
0.641318
0.637658
0.634404
0.630744
0.630744
0.639284
0.644571
0.641318
0.642538
0.638878
0.639284
0.634404
0.631964
0.633998
0.631558
0.634404
0.636844
0.639691
0.642131
0.642538
0.638471
0.637658
0.635218
0.637251
0.635218
0.636844
0.635624
0.635624
0.637658
0.639691
0.633184
0.630338
0.631964
0.631964
0.637658
0.640504
0.638064
0.641318
0.638878
0.633998
0.632778
0.637251
0.635624
0.639691
0.638878
0.638064
0.640504
0.638064
0.638471
0.635218
0.625051
0.631558
0.639284
0.640504
0.640911
0.638064
0.640504
0.639691
0.634404
0.630338
0.632778
0.632778
0.631558
0.639284
0.640504
0.638878
0.641318
0.635624
0.634811
0.638064
0.637251
0.638878
0.641724
0.641318
0.638471
0.642538
0.640098
0.633591
0.629118
0.628304
0.632371
0.637251
0.637251
0.637658
0.638064
0.642131
0.639284
0.636844
0.633591
0.630744
0.629524
0.633998
0.636438
0.635624
0.637658
0.640098
0.640911
0.637658
0.636031
0.634811
0.636438
0.639284
0.636031
0.633184
0.637251
0.641724
0.634811
0.632778
0.628711
0.632778
0.635624
0.638064
0.635624
0.636031
0.639691
0.642944
0.644164
0.640098
0.633184
0.630744
0.631964
0.630744
0.631558
0.636438
0.633998
0.631151
0.631151
0.627898
0.629931
0.632778
0.638878
0.634404
0.634404
0.635624
0.638064
0.630338
0.630338
0.629931
0.631964
0.636031
0.637658
0.636438
0.635218
0.636438
0.638471
0.635218
0.630744
0.634811
0.631151
0.634404
0.640098
0.637658
0.636844
0.638064
0.636844
0.632778
0.625458
0.626271
0.631151
0.636438
0.637658
0.638878
0.640098
0.637251
0.638064
0.633591
0.635218
0.637251
0.635624
0.634811
0.632371
0.632371
0.632371
0.634404
0.636031
0.633184
0.637251
0.637658
0.640098
0.640504
0.636844
0.639691
0.637251
0.633998
0.628711
0.629118
0.627898
0.633591
0.637658
0.638064
0.639691
0.635218
0.639284
0.634811
0.635624
0.631151
0.629524
0.636031
0.636844
0.640911
0.640098
0.639691
0.636438
0.629931
0.626678
0.629931
0.633184
0.639284
0.636031
0.639284
0.639691
0.638064
0.640098
0.635624
0.634811
0.637251
0.634811
0.633998
0.635624
0.637251
0.636844
0.642944
0.635218
0.631964
0.633591
0.637658
0.638878
0.635218
0.635624
0.636844
0.640098
0.639284
0.635218
0.628711
0.630744
0.630744
0.637251
0.635218
0.633184
0.634404
0.636844
0.633591
0.628711
0.629931
0.636844
0.639284
0.640098
0.636844
0.634404
0.640098
0.634404
0.625051
0.628304
0.635624
0.633998
0.640098
0.640911
0.639284
0.641724
0.640504
0.634404
0.630744
0.628711
0.631558
0.636844
0.641318
0.638064
0.639691
0.641318
0.638878
0.636438
0.630744
0.631151
0.633184
0.637251
0.638471
0.636438
0.636844
0.636438
0.637658
0.628304
0.625864
0.626678
0.627491
0.635624
0.639691
0.637658
0.637251
0.636031
0.640098
0.634811
0.626271
0.626678
0.631964
0.637251
0.638878
0.640098
0.639284
0.637658
0.636438
0.631558
0.632778
0.636844
0.635624
0.639691
0.642131
0.640911
0.639691
0.640911
0.635218
0.630744
0.633184
0.636844
0.638878
0.636438
0.638471
0.641724
0.642944
0.639284
0.632371
0.629118
0.630744
0.638878
0.642944
0.640911
0.642538
0.642131
0.638878
0.629931
0.632778
0.632778
0.638878
0.644571
0.640504
0.641318
0.639691
0.641724
0.632778
0.631558
0.632371
0.636844
0.636031
0.633998
0.630744
0.635218
0.638471
0.639284
0.637251
0.633998
0.631964
0.636031
0.639284
0.639691
0.638878
0.639284
0.640098
0.635624
0.633184
0.630338
0.633184
0.636438
0.637251
0.639691
0.644164
0.638471
0.636844
0.634404
0.630338
0.632371
0.632778
0.641724
0.638471
0.640911
0.642538
0.645384
0.638064
0.631964
0.629931
0.635218
0.637658
0.646198
0.640504
0.640911
0.638471
0.638064
0.636438
0.628711
0.627491
0.632371
0.639691
0.643758
0.640098
0.636438
0.642944
0.641724
0.635218
0.629118
0.633591
0.636031
0.639691
0.637251
0.636438
0.640098
0.642944
0.641724
0.637251
0.634404
0.636438
0.638471
0.638471
0.639284
0.640911
0.639691
0.638064
0.639284
0.630338
0.630744
0.639284
0.644164
0.639691
0.638878
0.639284
0.637658
0.635218
0.629931
0.632371
0.636844
0.638878
0.644164
0.636438
0.633591
0.632778
0.636438
0.639284
0.634404
0.634404
0.637251
0.639284
0.638471
0.637658
0.640098
0.638064
0.637251
0.638471
0.632371
0.633998
0.636438
0.640911
0.640911
0.640098
0.638878
0.638471
0.636438
0.631964
0.636844
0.639284
0.638471
0.641724
0.640504
0.640098
0.640911
0.635624
0.629524
0.631558
0.628711
0.638878
0.642131
0.639691
0.635218
0.637658
0.640504
0.641318
0.634811
0.627084
0.632778
0.634811
0.639691
0.639691
0.638878
0.639284
0.638471
0.639691
0.632371
0.637658
0.639284
0.646198
0.644571
0.645791
0.646198
0.640504
0.636031
0.637658
0.633591
0.640911
0.641724
0.646604
0.646604
0.647011
0.643758
0.644978
0.644164
0.640504
0.633184
0.636438
0.639284
0.636031
0.638064
0.636438
0.636844
0.637251
0.633591
0.633184
0.634811
0.633998
0.638064
0.638878
0.638878
0.640911
0.641318
0.640098
0.629931
0.630338
0.629524
0.637251
0.640504
0.642538
0.644164
0.642538
0.638878
0.640504
0.627084
0.628711
0.636031
0.641318
0.640504
0.637251
0.639284
0.644571
0.640911
0.636844
0.630744
0.633184
0.639284
0.640911
0.636031
0.638471
0.637251
0.639284
0.642944
0.639691
0.635218
0.636844
0.639284
0.638878
0.638064
0.641724
0.640911
0.640911
0.638471
0.632371
0.631151
0.631558
0.633998
0.638878
0.640504
0.640911
0.637251
0.636844
0.629118
0.627491
0.637251
0.640504
0.641318
0.640504
0.637658
0.638878
0.643758
0.636438
0.636438
0.641318
0.640098
0.642944
0.636844
0.638064
0.638064
0.643758
0.646198
0.636844
0.629931
0.631964
0.637658
0.639284
0.637658
0.640911
0.640504
0.637251
0.638471
0.632778
0.638064
0.636844
0.637251
0.641724
0.641724
0.642944
0.642131
0.644978
0.642944
0.636031
0.635218
0.638878
0.642538
0.641318
0.639284
0.640911
0.644571
0.647011
0.638878
0.639691
0.642131
0.638471
0.647011
0.643351
0.640504
0.644571
0.646198
0.644571
0.634404
0.631964
0.639691
0.640098
0.639691
0.636844
0.636031
0.635624
0.639284
0.637251
0.630744
0.629524
0.627084
0.635218
0.642944
0.637658
0.638471
0.641318
0.641724
0.635218
0.631558
0.632778
0.639691
0.639284
0.640911
0.639284
0.639691
0.646604
0.645384
0.638064
0.636031
0.638878
0.642131
0.643351
0.640504
0.640911
0.642538
0.648638
0.638878
0.631558
0.633998
0.637251
0.643351
0.641724
0.640098
0.635624
0.638471
0.644978
0.632778
0.631151
0.638471
0.642131
0.640504
0.642944
0.641318
0.637658
0.641318
0.634811
0.631964
0.636031
0.638878
0.640911
0.642944
0.644164
0.639691
0.641318
0.639284
0.632778
0.631151
0.637658
0.640911
0.634404
0.635218
0.637251
0.641724
0.642538
0.643758
0.636438
0.633591
0.634404
0.644978
0.642131
0.639284
0.638471
0.642131
0.643351
0.631151
0.631964
0.636844
0.638064
0.642944
0.640098
0.642131
0.638471
0.639691
0.639691
0.631964
0.634811
0.640098
0.641318
0.641318
0.640911
0.641724
0.641724
0.640504
0.634404
0.630744
0.639284
0.643351
0.644978
0.645384
0.644164
0.638064
0.644978
0.637658
0.635218
0.636438
0.640911
0.639691
0.640911
0.638064
0.642944
0.641724
0.646604
0.635218
0.631151
0.638878
0.642538
0.642131
0.643351
0.639691
0.638064
0.639691
0.633998
0.627491
0.625864
0.632778
0.638471
0.644164
0.639691
0.636031
0.634811
0.638471
0.644571
0.635624
0.636844
0.643351
0.644164
0.646198
0.640911
0.636844
0.640911
0.644571
0.640911
0.634404
0.637251
0.639284
0.644978
0.642944
0.643758
0.641724
0.643351
0.645384
0.639691
0.637251
0.636031
0.639284
0.642538
0.642131
0.638471
0.639284
0.641724
0.637251
0.636031
0.642131
0.642131
0.640098
0.640098
0.641318
0.644164
0.640098
0.638064
0.633184
0.633591
0.641318
0.643351
0.647824
0.647418
0.647418
0.647011
0.647824
0.645384
0.634811
0.633184
0.631964
0.638878
0.645384
0.645791
0.644164
0.644164
0.644978
0.641724
0.633591
0.631558
0.635624
0.638471
0.638064
0.638064
0.641724
0.647011
0.637251
0.634404
0.633184
0.639691
0.640098
0.635218
0.634811
0.638471
0.641318
0.638064
0.635218
0.632371
0.636844
0.642538
0.643758
0.640098
0.637658
0.644978
0.627491
0.632778
0.636844
0.637658
0.633998
0.634404
0.634404
0.636438
0.638064
0.636438
0.636438
0.640504
0.637658
0.636844
0.642131
0.641318
0.640504
0.639284
0.637251
0.636031
0.636438
0.634811
0.637658
0.638064
0.642944
0.643758
0.641318
0.638878
0.640098
0.643351
0.639691
0.638471
0.633184
0.632778
0.633998
0.639691
0.642131
0.638471
0.641318
0.640911
0.641724
0.641724
0.639691
0.636844
0.637251
0.646198
0.643758
0.643351
0.640504
0.642944
0.638064
0.634811
0.636844
0.634811
0.645791
0.643351
0.647011
0.645791
0.643351
0.645384
0.633998
0.631964
0.637658
0.639691
0.636438
0.636438
0.631964
0.635624
0.640911
0.639284
0.634404
0.637658
0.638471
0.640504
0.645791
0.641318
0.640098
0.641724
0.647011
0.643351
0.638471
0.640098
0.644978
0.642538
0.642944
0.644978
0.644571
0.645791
0.646604
0.643351
0.638471
0.636844
0.640504
0.641724
0.640098
0.642131
0.642538
0.643758
0.639691
0.627491
0.629524
0.635624
0.642538
0.641724
0.639691
0.638471
0.638878
0.645384
0.643758
0.635624
0.641724
0.645384
0.643758
0.643758
0.644978
0.649858
0.647418
0.642131
0.635624
0.637251
0.642944
0.641724
0.646198
0.646604
0.647011
0.645791
0.646198
0.639691
0.634811
0.632371
0.638471
0.648638
0.645791
0.649451
0.647011
0.646198
0.648231
0.643758
0.640911
0.642131
0.642131
0.638471
0.638064
0.638878
0.642944
0.646198
0.637251
0.630744
0.631558
0.634811
0.637658
0.638064
0.640504
0.642944
0.644978
0.647824
0.643351
0.640911
0.641318
0.640504
0.642131
0.643351
0.647824
0.647011
0.647011
0.640911
0.635218
0.636438
0.641318
0.645384
0.645384
0.646198
0.647011
0.647824
0.646198
0.640098
0.635218
0.638878
0.642944
0.647011
0.648638
0.649044
0.646604
0.642944
0.643758
0.633998
0.636031
0.639284
0.645791
0.644571
0.645384
0.644164
0.644978
0.647824
0.632778
0.633184
0.632371
0.636844
0.642538
0.648638
0.649044
0.648231
0.650264
0.653518
0.645791
0.644164
0.646604
0.644164
0.640911
0.642131
0.645791
0.641724
0.644164
0.642131
0.642944
0.646604
0.645384
0.643351
0.642538
0.645384
0.648231
0.645384
0.638064
0.632371
0.635218
0.636438
0.644164
0.642131
0.640504
0.641724
0.643758
0.642944
0.650671
0.650671
0.644164
0.636438
0.634811
0.636844
0.640911
0.645791
0.641318
0.645384
0.646198
0.643758
0.641318
0.636438
0.638471
0.638471
0.642131
0.640504
0.649451
0.646198
0.640911
0.641318
0.644978
0.637251
0.632778
0.638878
0.642944
0.641318
0.641724
0.641318
0.634811
0.633998
0.634404
0.636844
0.640098
0.642944
0.646604
0.647418
0.644164
0.637658
0.638064
0.642131
0.644978
0.646198
0.645384
0.646604
0.642944
0.644978
0.637251
0.640098
0.646198
0.644978
0.644164
0.642944
0.639691
0.640098
0.645384
0.644571
0.643351
0.636844
0.638064
0.640098
0.635218
0.638064
0.636438
0.640911
0.645384
0.640504
0.642538
0.638878
0.639691
0.642944
0.637251
0.638878
0.643758
0.646604
0.647824
0.639284
0.635218
0.638064
0.649451
0.644571
0.642944
0.640911
0.644978
0.644164
0.637251
0.636031
0.635218
0.641318
0.643758
0.642131
0.641318
0.641318
0.642944
0.649044
0.641724
0.635218
0.631558
0.636438
0.643351
0.640098
0.639284
0.636438
0.643351
0.642131
0.635624
0.632371
0.633998
0.637658
0.638878
0.642944
0.639691
0.644164
0.647011
0.647011
0.638064
0.639284
0.645791
0.644978
0.640911
0.642538
0.643351
0.640098
0.641318
0.638471
0.635624
0.639284
0.644164
0.649858
0.647011
0.644571
0.649451
0.655958
0.651891
0.642944
0.639691
0.638471
0.639691
0.640098
0.639284
0.641318
0.648638
0.648231
0.650264
0.644571
0.644978
0.646604
0.644164
0.642131
0.642944
0.652298
0.653111
0.647418
0.640911
0.636031
0.638878
0.636844
0.639691
0.638878
0.643351
0.646604
0.646604
0.644164
0.638471
0.639691
0.643758
0.645384
0.642944
0.644978
0.654738
0.651891
0.647824
0.641724
0.640911
0.647418
0.644978
0.644978
0.639691
0.640504
0.646198
0.646198
0.644978
0.633998
0.633184
0.637251
0.645791
0.644164
0.643351
0.642538
0.644978
0.648638
0.642944
0.637658
0.633184
0.636844
0.642131
0.640098
0.643758
0.644978
0.645384
0.648638
0.647011
0.640504
0.636031
0.638878
0.642538
0.638471
0.642538
0.645384
0.653111
0.648231
0.643351
0.639284
0.642944
0.636031
0.639691
0.641724
0.645791
0.645384
0.645384
0.649858
0.645791
0.641318
0.645791
0.646198
0.641724
0.642944
0.646198
0.647418
0.645384
0.640911
0.637658
0.640098
0.640504
0.641318
0.640098
0.642131
0.646198
0.647011
0.647418
0.641724
0.642131
0.640504
0.644164
0.642538
0.638878
0.643351
0.643351
0.645791
0.644571
0.639284
0.638471
0.642944
0.638878
0.641724
0.641318
0.643758
0.642538
0.642538
0.639691
0.638064
0.643758
0.644571
0.645384
0.644164
0.644571
0.645384
0.648638
0.647418
0.641724
0.639691
0.642944
0.646198
0.640504
0.640504
0.638878
0.642944
0.644571
0.636844
0.633184
0.639691
0.641724
0.642131
0.638064
0.639284
0.641318
0.640504
0.638064
0.631151
0.635218
0.633998
0.639691
0.636844
0.639691
0.640504
0.645791
0.644571
0.642944
0.634404
0.638064
0.644164
0.640098
0.637658
0.641724
0.640911
0.642131
0.637658
0.635624
0.636031
0.638878
0.643351
0.640911
0.639284
0.642538
0.646198
0.648231
0.646198
0.639284
0.641724
0.644571
0.644978
0.642131
0.640098
0.640911
0.641724
0.642538
0.637658
0.633998
0.641318
0.641318
0.643758
0.643351
0.644978
0.646198
0.645791
0.642131
0.637251
0.635624
0.645384
0.642538
0.642131
0.643351
0.642538
0.647418
0.644164
0.640911
0.639691
0.640504
0.644164
0.647418
0.647824
0.648231
0.645384
0.644571
0.644164
0.640911
0.640098
0.649044
0.646198
0.640504
0.638471
0.643758
0.646198
0.644164
0.642538
0.634811
0.641318
0.645791
0.649044
0.644164
0.642944
0.645791
0.648638
0.644164
0.635218
0.636031
0.637658
0.648638
0.645791
0.642131
0.642131
0.641724
0.647824
0.644164
0.636438
0.636844
0.635624
0.644978
0.643351
0.642538
0.642131
0.643758
0.649858
0.648638
0.643351
0.639284
0.640504
0.647418
0.642131
0.640504
0.643351
0.645791
0.649044
0.642538
0.641318
0.640098
0.643758
0.644978
0.646198
0.646604
0.645791
0.647824
0.647824
0.642131
0.642944
0.642538
0.646198
0.645791
0.645384
0.642538
0.646198
0.647418
0.634811
0.633591
0.640911
0.643351
0.647824
0.642944
0.642538
0.643351
0.643351
0.644164
0.637251
0.638064
0.639284
0.640911
0.642538
0.646198
0.646604
0.644571
0.646604
0.645791
0.638064
0.640504
0.636438
0.647011
0.643351
0.642131
0.642538
0.645384
0.647824
0.641318
0.634811
0.631558
0.641724
0.646604
0.644571
0.646604
0.644978
0.647418
0.646198
0.637251
0.634811
0.636438
0.647824
0.649044
0.645384
0.645791
0.646198
0.650264
0.638064
0.635624
0.635218
0.642538
0.643758
0.644571
0.638471
0.636844
0.645384
0.649858
0.645384
0.640098
0.639284
0.639284
0.640504
0.636844
0.640504
0.641724
0.644571
0.648638
0.647824
0.649044
0.644978
0.642131
0.642944
0.647418
0.647011
0.642131
0.638064
0.633591
0.634811
0.637251
0.643351
0.647011
0.644164
0.646198
0.645791
0.648638
0.647011
0.638878
0.640911
0.639691
0.642131
0.645791
0.642944
0.641318
0.644571
0.643351
0.641724
0.636438
0.639691
0.640098
0.641724
0.640911
0.640098
0.642538
0.644164
0.635624
0.639284
0.642538
0.641318
0.642944
0.641318
0.643758
0.642131
0.644571
0.642538
0.643758
0.636438
0.640504
0.640911
0.647011
0.649451
0.648638
0.646198
0.646198
0.649044
0.639284
0.633591
0.637658
0.646604
0.646198
0.646604
0.643758
0.641318
0.642538
0.642538
0.636438
0.637251
0.638878
0.642131
0.645384
0.641318
0.640098
0.645791
0.645791
0.636438
0.637658
0.636844
0.636844
0.644978
0.642538
0.644164
0.643351
0.645791
0.644571
0.642944
0.638878
0.637251
0.641724
0.645791
0.646198
0.645791
0.649858
0.646198
0.648638
0.640504
0.636844
0.636438
0.646198
0.649858
0.644978
0.644978
0.647418
0.648638
0.643351
0.637251
0.636438
0.634811
0.647418
0.643351
0.644978
0.647011
0.642538
0.650264
0.642538
0.638064
0.636438
0.640098
0.643758
0.641318
0.640504
0.644571
0.646604
0.644978
0.635218
0.638471
0.638471
0.645384
0.642131
0.642944
0.641318
0.645791
0.645384
0.641318
0.641724
0.642131
0.643351
0.646604
0.642538
0.642131
0.642131
0.649044
0.647011
0.643351
0.643351
0.640911
0.653924
0.652704
0.649858
0.646198
0.652704
0.652704
0.645791
0.638878
0.643351
0.646198
0.649858
0.647824
0.648231
0.649044
0.649858
0.646604
0.640098
0.636031
0.641724
0.644978
0.642944
0.641724
0.643351
0.647011
0.644978
0.645384
0.638064
0.639691
0.642131
0.645791
0.646198
0.650264
0.650671
0.653924
0.651484
0.646198
0.643758
0.640504
0.643351
0.639691
0.645791
0.647418
0.645791
0.650264
0.644978
0.638064
0.637251
0.633591
0.646604
0.645791
0.646604
0.646198
0.647011
0.645791
0.643758
0.638471
0.639284
0.642944
0.650671
0.651078
0.651078
0.651078
0.653111
0.651891
0.650264
0.644571
0.642944
0.652704
0.654738
0.654331
0.653111
0.649858
0.651484
0.647418
0.636844
0.644164
0.646198
0.647011
0.646198
0.647011
0.647011
0.653111
0.651078
0.651484
0.643758
0.644978
0.639691
0.642538
0.647011
0.652704
0.649858
0.651484
0.652704
0.651078
0.649858
0.647824
0.654331
0.649044
0.648638
0.649858
0.651078
0.647418
0.641318
0.636438
0.641318
0.653924
0.651484
0.647824
0.648231
0.648638
0.653111
0.649858
0.641318
0.641318
0.640504
0.645791
0.645384
0.643351
0.648231
0.651078
0.649044
0.644978
0.635624
0.635624
0.633591
0.638064
0.636031
0.645384
0.646604
0.645384
0.648638
0.647418
0.644978
0.645791
0.639284
0.639691
0.647011
0.646198
0.644978
0.649044
0.646198
0.642944
0.642131
0.638471
0.644571
0.644571
0.644978
0.642944
0.648231
0.647824
0.644164
0.640911
0.642538
0.643351
0.646604
0.643758
0.642538
0.645791
0.648638
0.644571
0.640911
0.639691
0.638878
0.638878
0.636438
0.636844
0.643758
0.646604
0.649858
0.639691
0.634404
0.638471
0.638064
0.637251
0.632778
0.642944
0.642538
0.644978
0.644978
0.640098
0.639691
0.647418
0.644571
0.637251
0.637658
0.642131
0.646198
0.650264
0.647824
0.644978
0.644164
0.652298
0.649044
0.644571
0.643758
0.647824
0.649451
0.651078
0.638471
0.639691
0.646604
0.649858
0.651484
0.645384
0.644978
0.647418
0.649451
0.644978
0.636844
0.640504
0.645384
0.650671
0.650671
0.644164
0.644571
0.647418
0.650264
0.645384
0.639691
0.638064
0.636438
0.646604
0.648638
0.647011
0.644978
0.645384
0.647011
0.648231
0.643351
0.646604
0.644164
0.641318
0.641724
0.643351
0.640098
0.641318
0.642944
0.645384
0.644571
0.647418
0.647824
0.644571
0.646198
0.646604
0.645791
0.645384
0.638471
0.639691
0.644978
0.644978
0.649451
0.647418
0.644571
0.647011
0.644571
0.646604
0.641724
0.641724
0.646198
0.649858
0.647418
0.644978
0.638471
0.638878
0.644571
0.640504
0.636438
0.643758
0.646198
0.646604
0.647011
0.644571
0.644571
0.647418
0.645384
0.641318
0.643351
0.645384
0.642944
0.644164
0.645384
0.642538
0.645384
0.645791
0.644164
0.640504
0.644978
0.648231
0.642538
0.643758
0.644164
0.638471
0.644978
0.644571
0.638471
0.637658
0.645791
0.651078
0.649044
0.650264
0.649044
0.650671
0.649044
0.641724
0.638878
0.642131
0.650264
0.648231
0.647418
0.646198
0.647011
0.646198
0.640504
0.646198
0.644164
0.648638
0.648231
0.647011
0.648231
0.648231
0.645791
0.649044
0.648638
0.642944
0.644164
0.650671
0.656364
0.650264
0.649858
0.653924
0.645384
0.640911
0.642944
0.644571
0.649451
0.647011
0.644164
0.646198
0.645791
0.647824
0.648638
0.644571
0.638878
0.642944
0.648638
0.647824
0.649858
0.650264
0.647418
0.649044
0.643758
0.641724
0.637251
0.639284
0.649858
0.645384
0.643758
0.645791
0.642538
0.647824
0.647011
0.643758
0.638064
0.642131
0.642131
0.643758
0.648638
0.649451
0.650264
0.647418
0.636844
0.637658
0.636844
0.650264
0.649044
0.645791
0.647011
0.649858
0.652704
0.642944
0.639691
0.637658
0.637658
0.647011
0.642131
0.640504
0.644164
0.643758
0.645791
0.646604
0.636438
0.638064
0.638471
0.645791
0.648638
0.647418
0.645791
0.644978
0.644978
0.651078
0.642944
0.640911
0.645791
0.644571
0.645384
0.641724
0.644978
0.647011
0.654331
0.650264
0.642131
0.639691
0.636844
0.644978
0.647418
0.645384
0.644978
0.650264
0.651484
0.640098
0.635624
0.642944
0.642538
0.642131
0.645791
0.649044
0.651484
0.651078
0.647418
0.643758
0.639691
0.640504
0.648231
0.652704
0.647824
0.649858
0.647418
0.649858
0.641724
0.636438
0.638878
0.645791
0.646198
0.644164
0.644571
0.647011
0.647011
0.652704
0.646198
0.643758
0.644978
0.649858
0.648638
0.644978
0.648638
0.651078
0.650671
0.645384
0.637251
0.640098
0.644164
0.649451
0.647418
0.649451
0.648638
0.649044
0.640504
0.634404
0.631964
0.634404
0.642131
0.648231
0.644164
0.645791
0.642131
0.647418
0.643758
0.638878
0.636844
0.640504
0.642131
0.638064
0.638471
0.640911
0.644164
0.647418
0.642538
0.638878
0.638878
0.638878
0.644164
0.643758
0.642538
0.641318
0.644571
0.647824
0.642538
0.640911
0.642944
0.642944
0.644978
0.643351
0.642944
0.649044
0.651891
0.655958
0.642538
0.644164
0.649858
0.651078
0.647824
0.649044
0.649451
0.649044
0.644164
0.641318
0.642944
0.648231
0.647011
0.645384
0.640504
0.644571
0.647011
0.648231
0.652298
0.645791
0.647418
0.642131
0.649858
0.652704
0.646198
0.645791
0.653924
0.654331
0.649044
0.642131
0.640504
0.644571
0.640911
0.638878
0.638878
0.641724
0.647011
0.650671
0.642944
0.642131
0.643351
0.641318
0.643758
0.639284
0.642131
0.644978
0.647418
0.647011
0.644978
0.648231
0.646604
0.644571
0.645791
0.647824
0.646198
0.653518
0.648638
0.643758
0.640911
0.642944
0.646198
0.642131
0.642131
0.643351
0.644571
0.649858
0.642944
0.640098
0.638878
0.642944
0.651078
0.645791
0.641318
0.646198
0.648231
0.644571
0.637658
0.638064
0.640098
0.649858
0.646604
0.646604
0.645791
0.647011
0.649451
0.650264
0.642538
0.642538
0.642944
0.648231
0.650264
0.647418
0.648231
0.647011
0.650264
0.642131
0.637658
0.640504
0.642538
0.642944
0.644978
0.645791
0.647011
0.648231
0.649858
0.641724
0.639284
0.644164
0.644164
0.647418
0.650264
0.649044
0.647418
0.650264
0.649858
0.637658
0.638878
0.637251
0.643758
0.650671
0.646604
0.649044
0.649858
0.651891
0.649451
0.638471
0.641724
0.642538
0.649858
0.648231
0.651078
0.652298
0.650264
0.654331
0.646604
0.642538
0.642131
0.647418
0.647011
0.647418
0.649451
0.652298
0.651484
0.651484
0.648638
0.647011
0.642944
0.649044
0.650264
0.649451
0.649044
0.652298
0.654738
0.652704
0.646198
0.644978
0.642538
0.644978
0.651078
0.651484
0.653111
0.652298
0.651484
0.642131
0.638064
0.640098
0.642538
0.646604
0.646604
0.645384
0.644978
0.649858
0.647824
0.643758
0.642538
0.640504
0.648231
0.647418
0.648638
0.652298
0.653518
0.655958
0.649044
0.644571
0.641318
0.639284
0.647824
0.646604
0.620577
0.645384
0.646198
0.645384
0.647011
0.648231
0.642538
0.643758
0.643351
0.636031
0.633998
0.636844
0.640911
0.647418
0.649044
0.650264
0.647011
0.650264
0.648231
0.648638
0.650264
0.646604
0.647418
0.646604
0.648638
0.649044
0.647418
0.645791
0.643351
0.643758
0.644978
0.648231
0.643758
0.640098
0.644978
0.647418
0.642538
0.647418
0.646604
0.642944
0.647418
0.649451
0.642131
0.639691
0.640911
0.641318
0.645791
0.647824
0.642944
0.642944
0.649451
0.653924
0.642131
0.645384
0.645791
0.644978
0.645791
0.645791
0.644164
0.642131
0.640504
0.638064
0.638878
0.641318
0.642131
0.642538
0.642944
0.644978
0.645384
0.642944
0.644164
0.638064
0.637658
0.643758
0.646198
0.645384
0.647011
0.647824
0.646604
0.651484
0.641724
0.640504
0.649858
0.645791
0.643351
0.641724
0.648231
0.647418
0.645384
0.640504
0.636438
0.637658
0.649858
0.642538
0.642538
0.644164
0.646604
0.650264
0.648638
0.643351
0.638471
0.640098
0.640098
0.651891
0.646604
0.648231
0.649044
0.653111
0.651891
0.647011
0.641724
0.640911
0.639284
0.643758
0.644978
0.648231
0.650671
0.647011
0.652704
0.647418
0.643351
0.639691
0.645384
0.644978
0.650264
0.653111
0.652298
0.654331
0.653111
0.648231
0.642538
0.641318
0.648638
0.645791
0.651484
0.654331
0.655958
0.650264
0.650264
0.649858
0.651078
0.645791
0.645791
0.647011
0.648638
0.649858
0.647011
0.647418
0.641724
0.642131
0.641724
0.642944
0.645384
0.647418
0.648638
0.650671
0.647418
0.638064
0.638064
0.645791
0.644164
0.646604
0.647011
0.650671
0.651078
0.649451
0.639691
0.635624
0.633591
0.638878
0.642944
0.646604
0.648638
0.651484
0.651078
0.649858
0.643758
0.638064
0.639284
0.644571
0.645791
0.646604
0.653111
0.655551
0.651891
0.644978
0.640504
0.644164
0.645791
0.650264
0.648638
0.650671
0.652298
0.659211
0.655144
0.653111
0.644164
0.647011
0.647418
0.649858
0.651891
0.655551
0.657178
0.657178
0.648638
0.646198
0.640504
0.640504
0.650671
0.650264
0.649044
0.650671
0.647418
0.651891
0.651078
0.652298
0.649451
0.645791
