0.566084
0.573810
0.576657
0.583977
0.585604
0.583977
0.584791
0.587231
0.589671
0.585604
0.588044
0.588044
0.594551
0.591297
0.587231
0.584791
0.582757
0.581537
0.578284
0.573810
0.570557
0.571370
0.568117
0.568117
0.566084
0.566897
0.567710
0.568524
0.568930
0.567710
0.566897
0.564050
0.564864
0.565270
0.569744
0.576657
0.578691
0.578691
0.577877
0.579097
0.579097
0.574217
0.575031
0.575437
0.576251
0.577877
0.577877
0.576657
0.573404
0.571777
0.570964
0.568524
0.574217
0.573810
0.578691
0.577064
0.576657
0.577877
0.578284
0.577471
0.579504
0.581537
0.582351
0.577877
0.577471
0.578284
0.577471
0.575844
0.573810
0.571777
0.562017
0.565677
0.574624
0.574624
0.575437
0.580317
0.581944
0.581131
0.581131
0.575844
0.574217
0.563237
0.561610
0.560390
0.566490
0.570557
0.569744
0.572997
0.571370
0.570557
0.567710
0.567304
0.567710
0.571370
0.572997
0.572184
0.570150
0.567304
0.565270
0.559577
0.566490
0.569744
0.573810
0.576657
0.576251
0.575844
0.573810
0.573404
0.567710
0.566084
0.568524
0.575437
0.575031
0.575031
0.578691
0.575844
0.568930
0.579097
0.576251
0.576251
0.575437
0.578284
0.575844
0.577877
0.579504
0.579504
0.571370
0.566897
0.579097
0.583977
0.596991
0.601464
0.600651
0.602684
0.596584
0.592517
0.584384
0.578284
0.577471
0.575844
0.583571
0.589671
0.588857
0.590484
0.593331
0.588451
0.583164
0.582757
0.588044
0.591297
0.595364
0.596177
0.599024
0.595771
0.592111
0.586011
0.583977
0.588044
0.597397
0.601057
0.598617
0.599837
0.600651
0.594551
0.587637
0.588044
0.590891
0.603497
0.616104
0.626678
0.628304
0.624644
0.623424
0.623017
0.627898
0.628711
0.625864
0.624644
0.622204
0.617324
0.614884
0.615697
0.612444
0.612444
0.611224
0.603497
0.619357
0.622204
0.628304
0.627084
0.626678
0.625864
0.628304
0.626271
0.627898
0.625864
0.626678
0.626678
0.623017
0.623424
0.625864
0.630744
0.630744
0.631151
0.629524
0.629931
0.632778
0.629118
0.631558
0.631151
0.629118
0.630338
0.631151
0.627491
0.633998
0.633591
0.629524
0.628304
0.630744
0.632778
0.632371
0.634404
0.621797
0.620577
0.627084
0.629118
0.628711
0.629931
0.629524
0.626678
0.628711
0.628711
0.627898
0.629524
0.632778
0.629524
0.631558
0.631151
0.628711
0.630744
0.631558
0.626678
0.627898
0.623831
0.631964
0.630744
0.630338
0.629524
0.630744
0.631964
0.630744
0.629524
0.628304
0.628304
0.628304
0.631558
0.631151
0.629118
0.631964
0.635624
0.629931
0.628711
0.629118
0.626678
0.631558
0.633184
0.631151
0.633184
0.631558
0.631151
0.633998
0.631151
0.627084
0.628304
0.627898
0.629524
0.631151
0.633998
0.632371
0.636031
0.635218
0.633184
0.631964
0.629931
0.633998
0.633591
0.633998
0.636031
0.638064
0.634404
0.636438
0.635218
0.634404
0.633591
0.635218
0.633998
0.633591
0.634404
0.635218
0.634811
0.634811
0.631151
0.630744
0.629931
0.628711
0.632371
0.631558
0.631558
0.631558
0.630338
0.631964
0.632778
0.633184
0.637251
0.636031
0.638471
0.640098
0.640504
0.639284
0.636438
0.635624
0.636438
0.637658
0.638064
0.637251
0.635218
0.636031
0.633184
0.633184
0.632371
0.631558
0.634811
0.638471
0.638471
0.640504
0.638064
0.638878
0.637658
0.636438
0.632778
0.633591
0.635218
0.636031
0.637658
0.636438
0.638471
0.636438
0.638471
0.638064
0.635624
0.636438
0.638064
0.638471
0.638064
0.636844
0.637658
0.636438
0.638471
0.638878
0.640098
0.638878
0.638878
0.639284
0.635624
0.634404
0.640504
0.641724
0.640098
0.640504
0.639691
0.638471
0.637251
0.637251
0.636438
0.637658
0.638064
0.636438
0.636438
0.636031
0.636031
0.636438
0.638471
0.640911
0.641318
0.640098
0.636438
0.635624
0.636844
0.635218
0.636844
0.637251
0.637658
0.635218
0.636438
0.634404
0.640911
0.638064
0.638878
0.638878
0.638064
0.636844
0.636844
0.638878
0.640098
0.638878
0.641724
0.638878
0.640098
0.642944
0.642538
0.639691
0.639691
0.641318
0.642538
0.639284
0.641724
0.644164
0.642538
0.640911
0.639284
0.640911
0.643351
0.642131
0.642944
0.642944
0.641724
0.642131
0.639691
0.642944
0.642131
0.638878
0.638064
0.640098
0.641318
0.642538
0.638878
0.636844
0.637658
0.637658
0.641318
0.643351
0.647418
0.649858
0.649044
0.646198
0.645791
0.644978
0.642538
0.643351
0.644164
0.640098
0.645384
0.642538
0.644164
0.643351
0.642944
0.642131
0.644978
0.644164
0.646604
0.645791
0.644571
0.645384
0.643758
0.644978
0.645384
0.646604
0.640911
0.642538
0.644571
0.644571
0.645791
0.645791
0.646604
0.645791
0.642538
0.644978
0.643758
0.642944
0.643351
0.647418
0.643351
0.644571
0.644978
0.641724
0.645791
0.646604
0.640911
0.641318
0.643351
0.643758
0.647011
0.644978
0.643351
0.642944
0.643758
0.644571
0.643351
0.647824
0.649044
0.650264
0.646198
0.642944
0.642538
0.644571
0.644571
0.644978
0.649044
0.649044
0.649858
0.643758
0.640911
0.639284
0.640098
0.645384
0.640098
0.641724
0.650264
0.650671
0.647824
0.645384
0.644571
0.644571
0.645791
0.646198
0.646604
0.642944
0.645384
0.648231
0.647418
0.644164
0.644571
0.644571
0.644164
0.647824
0.653924
0.655958
0.655958
0.656364
0.650264
0.648638
0.649858
0.653111
0.648638
0.645384
0.649044
0.649044
0.650264
0.649044
0.644978
0.644571
0.644164
0.642944
0.647418
0.651484
0.652298
0.655958
0.653518
0.653518
0.651891
0.650264
0.649451
0.645791
0.643758
0.647011
0.647824
0.648638
0.649858
0.649858
0.649044
0.647011
0.649044
0.647824
0.652704
0.652298
0.654738
0.649858
0.647824
0.649858
0.648638
0.649044
0.649858
0.648638
0.648231
0.651078
0.654331
0.651078
0.649044
0.646198
0.648638
0.648638
0.647011
0.649858
0.649858
0.653924
0.653924
0.651891
0.653924
0.653924
0.651484
0.647824
0.644978
0.646604
0.649044
0.651891
0.652298
0.653111
0.649858
0.649858
0.647824
0.651484
0.651891
0.651891
0.657178
0.654738
0.657991
0.651484
0.651078
0.648638
0.655551
0.651891
0.653518
0.653924
0.655144
0.653924
0.654738
0.651484
0.649451
0.649858
0.646604
0.647418
0.647011
0.647011
0.647418
0.649044
0.650671
0.649858
0.649451
0.649044
0.649044
0.650264
0.652298
0.653518
0.653518
0.649044
0.652704
0.651891
0.647824
0.648231
0.647418
0.649858
0.652298
0.657584
0.655144
0.654331
0.651891
0.648231
0.649451
0.649044
0.650671
0.648638
0.653518
0.651891
0.652298
0.649451
0.650671
0.651484
0.649451
0.650671
0.652298
0.654738
0.656364
0.656364
0.655551
0.653518
0.649044
0.649451
0.651891
0.653111
0.652704
0.655551
0.654331
0.653924
0.653111
0.653924
0.653518
0.653111
0.653924
0.653111
0.651078
0.650671
0.651891
0.653924
0.653924
0.651078
0.651891
0.654331
0.651484
0.651891
0.656771
0.657178
0.655958
0.652298
0.653518
0.653518
0.650264
0.649858
0.647418
0.650264
0.653518
0.650671
0.650671
0.649451
0.650264
0.652704
0.651484
0.649858
0.655551
0.653518
0.652704
0.654331
0.656364
0.646198
0.649858
0.651891
0.654331
0.651891
0.649858
0.649044
0.651484
0.652704
0.652298
0.650671
0.652298
0.656771
0.655551
0.653518
0.652298
0.656364
0.656364
0.657991
0.655958
0.654331
0.653924
0.653518
0.650671
0.649451
0.651078
0.653111
0.651484
0.649858
0.653924
0.654738
0.653111
0.651891
0.651891
0.651891
0.655144
0.657584
0.656364
0.653924
0.653518
0.655958
0.655551
0.653518
0.652704
0.649858
0.650264
0.649044
0.650264
0.651484
0.653518
0.654331
0.655551
0.653924
0.651484
0.653518
0.654331
0.656364
0.655958
0.651078
0.651891
0.649858
0.649858
0.648231
0.649044
0.654331
0.654331
0.652298
0.653111
0.657178
0.656364
0.653518
0.655144
0.656771
0.658804
0.659618
0.656771
0.654331
0.650264
0.653111
0.653111
0.653518
0.649451
0.649451
0.651078
0.653924
0.656771
0.655551
0.652704
0.653111
0.651484
0.652704
0.653924
0.653111
0.656364
0.654331
0.654331
0.653111
0.651891
0.653924
0.652298
0.650264
0.650671
0.651891
0.657178
0.658804
0.657584
0.648638
0.653111
0.655958
0.655958
0.658398
0.652298
0.655144
0.657991
0.654738
0.653518
0.653111
0.651891
0.651891
0.652298
0.653518
0.657991
0.657991
0.656771
0.655551
0.655958
0.654331
0.656771
0.654331
0.653111
0.651484
0.651484
0.654331
0.653111
0.653518
0.650671
0.653924
0.653518
0.654738
0.651484
0.653924
0.654738
0.654331
0.651484
0.654738
0.654331
0.655551
0.657584
0.653924
0.651078
0.657991
0.658398
0.656771
0.654738
0.653111
0.653518
0.654331
0.654331
0.649044
0.649451
0.652298
0.653111
0.655551
0.652704
0.656364
0.653924
0.651891
0.649858
0.651891
0.652704
0.653518
0.653924
0.656364
0.655958
0.655551
0.655958
0.655958
0.656364
0.652298
0.652704
0.657991
0.653111
0.654738
0.653924
0.657991
0.654331
0.652298
0.651891
0.653924
0.655551
0.659618
0.657178
0.655144
0.657178
0.655958
0.656771
0.648638
0.648231
0.652704
0.654738
0.655144
0.651078
0.652298
0.652704
0.652298
0.652704
0.649858
0.649044
0.653518
0.653518
0.654331
0.654331
0.655551
0.654738
0.651891
0.651891
0.653924
0.652298
0.653111
0.652704
0.652298
0.654738
0.658804
0.659618
0.657991
0.652704
0.655144
0.653111
0.654738
0.654331
0.653924
0.652298
0.654738
0.656771
0.655551
0.652704
0.654738
0.656364
0.656364
0.652298
0.652704
0.653111
0.655958
0.655551
0.653111
0.653518
0.653111
0.659211
0.659618
0.659211
0.651484
0.654331
0.653924
0.655144
0.656364
0.657991
0.657584
0.655551
0.654738
0.651891
0.655551
0.659211
0.659211
0.655958
0.652704
0.655958
0.655958
0.654331
0.656771
0.654331
0.655958
0.653924
0.650671
0.649044
0.652298
0.653924
0.656364
0.657178
0.654331
0.657178
0.660431
0.659618
0.657991
0.655958
0.657584
0.655551
0.654331
0.655551
0.655958
0.650671
0.653924
0.652704
0.653518
0.652298
0.655958
0.658804
0.654331
0.655144
0.658804
0.658804
0.658804
0.658398
0.655551
0.655551
0.657991
0.655958
0.654738
0.650671
0.657178
0.651891
0.657584
0.655958
0.652298
0.653111
0.655958
0.656771
0.657178
0.654738
0.653518
0.654331
0.654738
0.655551
0.650671
0.650264
0.652704
0.651891
0.651078
0.649044
0.654331
0.653518
0.656771
0.655958
0.655958
0.653111
0.654331
0.656771
0.657178
0.656771
0.654738
0.653924
0.653111
0.653518
0.653924
0.654331
0.655144
0.653924
0.652704
0.653111
0.654738
0.653924
0.653111
0.653111
0.656364
0.655958
0.652298
0.653518
0.657178
0.660431
0.660838
0.657178
0.656771
0.657584
0.660838
0.657584
0.653111
0.654331
0.657584
0.657178
0.658398
0.658398
0.653924
0.653111
0.652704
0.651891
0.650264
0.649451
0.652704
0.651891
0.651484
0.653111
0.649451
0.649451
0.650264
0.650264
0.653924
0.654331
0.656364
0.660024
0.658398
0.657584
0.654738
0.654331
0.658398
0.654331
0.657584
0.658398
0.657584
0.653518
0.654738
0.651891
0.657178
0.657991
0.654331
0.653111
0.654738
0.658398
0.660838
0.657584
0.650671
0.650671
0.652704
0.653924
0.651484
0.653111
0.653924
0.655144
0.655958
0.657178
0.654738
0.655958
0.654331
0.657584
0.653924
0.652704
0.653924
0.652704
0.652704
0.651078
0.649451
0.648638
0.648638
0.650264
0.648231
0.647824
0.652298
0.651078
0.650671
0.650671
0.649044
0.656771
0.655958
0.655551
0.656364
0.657178
0.659211
0.659618
0.657178
0.655551
0.655958
0.663684
0.664091
0.660838
0.653924
0.656771
0.659211
0.656364
0.652704
0.651891
0.651078
0.652298
0.655144
0.651891
0.652298
0.654331
0.653924
0.652704
0.655144
0.656364
0.655144
0.655144
0.657178
0.653518
0.657584
0.657584
0.653924
0.653924
0.652298
0.652704
0.652298
0.654738
0.652298
0.654331
0.654331
0.652704
0.649451
0.647824
0.651891
0.653518
0.656364
0.655144
0.654738
0.657991
0.660024
0.655551
0.653924
0.654331
0.655958
0.656364
0.655144
0.652704
0.653924
0.657584
0.653924
0.653924
0.653924
0.653924
0.653518
0.653924
0.652704
0.653111
0.657991
0.660024
0.657178
0.651891
0.653924
0.656364
0.656364
0.652298
0.651484
0.653924
0.653111
0.656771
0.655551
0.653518
0.653518
0.652298
0.654738
0.658398
0.656771
0.653518
0.653518
0.656771
0.657178
0.657991
0.655551
0.657584
0.656771
0.655551
0.658804
0.658804
0.657178
0.658398
0.652298
0.653518
0.652704
0.655144
0.653111
0.654331
0.651078
0.653924
0.654331
0.655958
0.652704
0.651078
0.658398
0.660838
0.661244
0.658398
0.656364
0.656771
0.656364
0.654738
0.651484
0.649044
0.652298
0.651484
0.656771
0.650264
0.655551
0.656364
0.656364
0.653518
0.656771
0.654738
0.657991
0.654738
0.654738
0.662464
0.659618
0.657178
0.656364
0.651078
0.645791
0.647824
0.647011
0.653111
0.651484
0.656771
0.657178
0.656771
0.656771
0.653111
0.651484
0.657991
0.659211
0.659211
0.659618
0.657584
0.654738
0.654331
0.651891
0.652298
0.651484
0.653111
0.654331
0.653924
0.650671
0.653518
0.653518
0.650264
0.650671
0.657178
0.657584
0.654331
0.651891
0.654331
0.657584
0.657178
0.660431
0.658398
0.656771
0.655958
0.655144
0.653111
0.657584
0.656771
0.658804
0.656771
0.652298
0.653111
0.653518
0.654738
0.656364
0.655551
0.656771
0.658804
0.659618
0.658398
0.656364
0.657991
0.658804
0.657584
0.658398
0.654738
0.655551
0.657178
0.653924
0.654331
0.654331
0.653111
0.650264
0.655551
0.655958
0.654738
0.655958
0.657178
0.654738
0.652704
0.649044
0.651078
0.652704
0.653111
0.653518
0.653111
0.655551
0.655144
0.653924
0.655958
0.653518
0.651078
0.653111
0.652704
0.654331
0.653518
0.653111
0.652704
0.652704
0.650671
0.649451
0.650671
0.650671
0.653111
0.654331
0.655958
0.654738
0.653924
0.654331
0.652298
0.652704
0.653111
0.652704
0.657991
0.655144
0.657178
0.651484
0.652704
0.651078
0.653111
0.653111
0.655958
0.655958
0.653924
0.655551
0.659211
0.658804
0.655144
0.656364
0.659211
0.662058
0.662058
0.661651
0.653111
0.651891
0.653924
0.655958
0.649451
0.649044
0.649044
0.648638
0.651078
0.654331
0.653518
0.651891
0.652298
0.655144
0.655958
0.652298
0.661244
0.655958
0.654331
0.660838
0.660838
0.654331
0.653518
0.653924
0.656364
0.655551
0.657991
0.657584
0.660431
0.656771
0.656364
0.662058
0.664091
0.659618
0.654331
0.652704
0.654331
0.659618
0.658398
0.659211
0.656364
0.653111
0.650671
0.651891
0.654738
0.655551
0.657178
0.655551
0.657584
0.655958
0.655144
0.658804
0.655144
0.652298
0.653924
0.649858
0.654331
0.659211
0.658804
0.656771
0.653111
0.654738
0.656364
0.653518
0.655144
0.655551
0.656771
0.660024
0.658398
0.657991
0.657991
0.656364
0.654331
0.655144
0.655958
0.656364
0.656771
0.653111
0.653518
0.656771
0.651891
0.653518
0.653924
0.653924
0.655958
0.652704
0.653518
0.654738
0.657178
0.655144
0.648638
0.651484
0.655958
0.659618
0.661244
0.658804
0.661651
0.657991
0.657584
0.658398
0.652704
0.651484
0.656364
0.653924
0.655958
0.653518
0.654331
0.655551
0.654738
0.657178
0.653518
0.654331
0.660024
0.657584
0.654738
0.656364
0.655144
0.654331
0.655958
0.651484
0.652704
0.650264
0.652298
0.652704
0.653111
0.655144
0.651891
0.650671
0.650671
0.653518
0.654331
0.655958
0.657584
0.655958
0.653111
0.651484
0.657178
0.655144
0.654331
0.650671
0.657584
0.656771
0.655144
0.652704
0.651484
0.649858
0.654331
0.652704
0.650671
0.649858
0.651484
0.655958
0.657584
0.660431
0.656364
0.655958
0.654738
0.651484
0.650264
0.648231
0.653518
0.656364
0.657178
0.653111
0.654738
0.655958
0.657991
0.652704
0.653111
0.651078
0.657178
0.658804
0.658398
0.652704
0.655551
0.655958
0.655551
0.655144
0.652704
0.655958
0.656364
0.655958
0.658804
0.656364
0.655958
0.656771
0.652298
0.654331
0.654331
0.655551
0.656771
0.654738
0.655144
0.653924
0.656771
0.657178
0.655551
0.655958
0.655958
0.658804
0.660024
0.662871
0.660431
0.659211
0.656364
0.654331
0.652298
0.655144
0.654738
0.656771
0.654738
0.655551
0.655144
0.655551
0.653924
0.654738
0.652704
0.652298
0.653518
0.653111
0.652704
0.653924
0.650671
0.647824
0.653924
0.655144
0.651484
0.649858
0.651484
0.653111
0.656364
0.651891
0.653111
0.651484
0.654331
0.652298
0.653924
0.653111
0.653924
0.651078
0.649858
0.650671
0.648231
0.649451
0.648638
0.646198
0.646604
0.648638
0.652704
0.653111
0.650671
0.650671
0.650671
0.650264
0.653111
0.653924
0.653518
0.653111
0.653518
0.654738
0.652704
0.652298
0.655144
0.652298
0.649858
0.650264
0.652704
0.655144
0.659618
0.657584
0.657991
0.658804
0.654738
0.655551
0.652704
0.656364
0.658398
0.657991
0.656771
0.650671
0.651891
0.650264
0.647824
0.653111
0.646604
0.652704
0.655551
0.655551
0.654738
0.653111
0.655144
0.655144
0.653111
0.652704
0.647011
0.647011
0.651078
0.650671
0.651891
0.655144
0.654738
0.656364
0.655551
0.653111
0.651484
0.652704
0.652298
0.653111
0.653924
0.655551
0.655958
0.653518
0.649044
0.652704
0.652704
0.651484
0.651484
0.650264
0.653111
0.652704
0.655144
0.655958
0.649451
0.650671
0.648231
0.652704
0.657178
0.655144
0.653111
0.654738
0.652298
0.655144
0.655144
0.655551
0.655551
0.655551
0.654738
0.656364
0.656771
0.654738
0.652298
0.652704
0.652704
0.652298
0.655551
0.656771
0.654738
0.653924
0.655958
0.659211
0.653111
0.655551
0.650671
0.651484
0.653111
0.657178
0.653111
0.654331
0.656364
0.652704
0.654738
0.652298
0.652298
0.655958
0.655144
0.656771
0.655144
0.653111
0.652704
0.651891
0.651484
0.651484
0.654738
0.655144
0.659211
0.652704
0.658804
0.660024
0.662058
0.659211
0.659211
0.660024
0.662058
0.662058
0.653924
0.658398
0.662464
0.660838
0.651891
0.652298
0.657178
0.653924
0.652704
0.654331
0.652704
0.651891
0.658398
0.656771
0.657584
0.654738
0.655144
0.656364
0.653111
0.651484
0.655144
0.654738
0.653924
0.655551
0.654738
0.653111
0.660024
0.657584
0.658398
0.653111
0.653924
0.658398
0.657991
0.659211
0.658398
0.653111
0.649858
0.650264
0.653924
0.653111
0.656364
0.655958
0.656364
0.649858
0.650264
0.653111
0.655144
0.655551
0.654331
0.652298
0.655551
0.656771
0.655144
0.658398
0.653111
0.655958
0.655958
0.655958
0.660024
0.653518
0.654738
0.656364
0.655958
0.653924
0.647011
0.647418
0.650264
0.652298
0.651078
0.652704
0.652704
0.651484
0.652298
0.653518
0.653518
0.655958
0.657584
0.658398
0.655551
0.651891
0.655551
0.654738
0.652298
0.652298
0.650264
0.650671
0.649451
0.650264
0.649858
0.649858
0.652298
0.651891
0.649858
0.647824
0.648638
0.649044
0.652704
0.651891
0.649044
0.650264
0.651484
0.650671
0.651484
0.653111
0.652298
0.651484
0.651891
0.653111
0.653111
0.652704
0.651484
0.651891
0.652704
0.653924
0.653111
0.653924
0.653111
0.651891
0.652704
0.653111
0.650264
0.655958
0.655144
0.656771
0.655551
0.658398
0.655144
0.654738
0.655958
0.654331
0.651891
0.652298
0.651891
0.653924
0.651484
0.654331
0.652298
0.651078
0.652298
0.654331
0.656364
0.656771
0.657584
0.658398
0.658804
0.654331
0.651078
0.655958
0.653111
0.653111
0.648638
0.652704
0.651891
0.647418
0.651891
0.653924
0.651484
0.651891
0.653518
0.654738
0.653924
0.653924
0.656364
0.655144
0.657178
0.655958
0.654738
0.655551
0.655958
0.655551
0.651891
0.649858
0.649858
0.653518
0.651484
0.650671
0.652704
0.654331
0.651891
0.654738
0.655958
0.654331
0.656771
0.657178
0.654331
0.653111
0.651484
0.650671
0.651891
0.649858
0.644978
0.650264
0.653111
0.652298
0.655144
0.661651
0.652704
0.653111
0.654331
0.654738
0.653924
0.653924
0.655958
0.653111
0.657584
0.656364
0.654738
0.653518
0.662464
0.662464
0.657178
0.654331
0.654331
0.652704
0.658398
0.657178
0.655958
0.657178
0.657584
0.656364
0.657178
0.656364
0.657991
0.658804
0.657178
0.658804
0.654331
0.655958
0.657178
0.654738
0.655551
0.656771
0.658398
0.657584
0.657991
0.656364
0.655144
0.656364
0.655958
0.655144
0.655958
0.655144
0.655551
0.657178
0.654738
0.655958
0.651891
0.652298
0.653518
0.652298
0.655144
0.653518
0.658398
0.658398
0.657178
0.654331
0.652704
0.654738
0.651891
0.655551
0.656771
0.657178
0.657991
0.651078
0.649451
0.651078
0.653111
0.650264
0.654738
0.652298
0.650264
0.652704
0.651891
0.651078
0.652298
0.655958
0.654331
0.653111
0.652298
0.649858
0.655144
0.655551
0.658398
0.655958
0.651078
0.652298
0.650671
0.653518
0.653111
0.652704
0.655144
0.653518
0.656364
0.654331
0.651484
0.651484
0.655958
0.655958
0.654331
0.651078
0.649451
0.653924
0.651078
0.648638
0.649044
0.651484
0.654738
0.656771
0.656364
0.655144
0.656771
0.656771
0.653518
0.647824
0.650264
0.649044
0.650671
0.652704
0.652704
0.651078
0.652298
0.650671
0.649044
0.651891
0.649858
0.649858
0.651484
0.651891
0.652704
0.653518
0.653111
0.653924
0.651484
0.655144
0.651891
0.653518
0.654331
0.653924
0.654331
0.654331
0.651891
0.651484
0.651891
0.653518
0.653924
0.655958
0.658398
0.655958
0.653518
0.655551
0.654738
0.651484
0.652298
0.653924
0.657991
0.658398
0.656364
0.655551
0.652298
0.653518
0.657584
0.653111
0.651484
0.650671
0.650671
0.651891
0.656364
0.653111
0.654738
0.648231
0.650671
0.650671
0.653518
0.654331
0.652704
0.651078
0.654738
0.652298
0.647011
0.653518
0.651891
0.651891
0.653518
0.651891
0.650671
0.653518
0.654738
0.654738
0.651078
0.650264
0.653111
0.653518
0.653518
0.654738
0.652704
0.655958
0.657584
0.658398
0.657991
0.647011
0.648638
0.649451
0.651484
0.651078
0.655144
0.656364
0.657584
0.660431
0.658804
0.650264
0.651078
0.652704
0.654738
0.655551
0.655958
0.653518
0.652704
0.652298
0.650264
0.652704
0.651078
0.651078
0.653111
0.647418
0.646198
0.649044
0.650671
0.648638
0.647418
0.648638
0.649858
0.649044
0.651484
0.651078
0.653111
0.651078
0.653518
0.653924
0.655144
0.651891
0.650671
0.649858
0.649451
0.650671
0.650264
0.655144
0.653111
0.653111
0.652298
0.651484
0.652704
0.652704
0.656771
0.657178
0.654738
0.657584
0.657178
0.653111
0.651484
0.651484
0.651078
0.651484
0.651891
0.650671
0.649858
0.653111
0.650264
0.652298
0.650671
0.651078
0.651891
0.653924
0.652704
0.655958
0.655551
0.653518
0.653518
0.651078
0.651078
0.649044
0.654331
0.655551
0.654331
0.656364
0.654738
0.652298
0.654738
0.653924
0.653924
0.651891
0.653924
0.651891
0.651891
0.653518
0.653111
0.649451
0.649451
0.651484
0.650671
0.653111
0.652704
0.653111
0.654738
0.655958
0.655551
0.652704
0.649451
0.650671
0.654738
0.652298
0.653111
0.650671
0.653518
0.651891
0.651078
0.648638
0.647418
0.648231
0.654738
0.652704
0.657178
0.655144
0.655551
0.653518
0.652704
0.653924
0.653518
0.651484
0.653111
0.654331
0.660431
0.655144
0.653518
0.654331
0.651484
0.651891
0.651891
0.655551
0.657991
0.653924
0.654331
0.653518
0.648231
0.652704
0.652298
0.653924
0.653518
0.649858
0.651484
0.653518
0.652704
0.653924
0.650671
0.653518
0.655958
0.653924
0.654738
0.655551
0.651891
0.650671
0.653518
0.650264
0.650671
0.651484
0.653924
0.653924
0.656364
0.657584
0.656364
0.657991
0.656364
0.653518
0.650671
0.653924
0.653924
0.653111
0.653924
0.652298
0.649044
0.653924
0.651484
0.650264
0.651078
0.652298
0.651484
0.656771
0.653111
0.651891
0.652298
0.651891
0.651484
0.652704
0.652704
0.651891
0.651891
0.655144
0.656771
0.652704
0.655551
0.657178
0.652704
0.656364
0.652704
0.654331
0.653518
0.657178
0.656364
0.660431
0.657991
0.657178
0.653518
0.653111
0.648231
0.650264
0.653518
0.655958
0.653924
0.653518
0.655958
0.655958
0.655144
0.652704
0.651891
0.651484
0.651078
0.657584
0.655144
0.657584
0.655551
0.658398
0.655551
0.651078
0.652704
0.653924
0.651078
0.652704
0.651891
0.651891
0.649451
0.650264
0.650671
0.653111
0.653518
0.656771
0.657584
0.654331
0.652704
0.653518
0.653518
0.653111
0.652298
0.652704
0.651891
0.654331
0.653924
0.651078
0.651484
0.651891
0.653518
0.649451
0.651891
0.652298
0.651891
0.655144
0.653518
0.652704
0.653924
0.654738
0.655144
0.651891
0.651484
0.652298
0.651484
0.657178
0.654738
0.654331
0.652704
0.653924
0.653518
0.651484
0.655551
0.656771
0.657584
0.654738
0.653924
0.652704
0.653924
0.655958
0.651484
0.653924
0.653924
0.656771
0.651891
0.651484
0.651891
0.651484
0.650264
0.652298
0.653924
0.653924
0.654738
0.657178
0.655958
0.654331
0.654331
0.652704
0.651891
0.651484
0.649451
0.652298
0.652298
0.657178
0.652704
0.651484
0.650264
0.653924
0.654331
0.655958
0.658398
0.658804
0.657178
0.656771
0.655144
0.656771
0.655958
0.654331
0.658804
0.656771
0.656771
0.658398
0.655144
0.651891
0.652704
0.655958
0.655958
0.655144
0.653518
0.652704
0.655144
0.655958
0.649451
0.652298
0.653924
0.654331
0.654738
0.651484
0.654738
0.651891
0.653924
0.652704
0.656364
0.655144
0.651484
0.655144
0.653518
0.653924
0.655551
0.655958
0.654738
0.656771
0.656771
0.654738
0.653111
0.655958
0.654331
0.651891
0.650264
0.651891
0.653518
0.653111
0.654738
0.654331
0.651484
0.653111
0.651484
0.652298
0.653518
0.654331
0.655144
0.657178
0.655958
0.654738
0.654738
0.654738
0.653518
0.652704
0.653924
0.655958
0.655958
0.653924
0.652298
0.651078
0.651891
0.652298
0.651078
0.651078
0.652704
0.655144
0.653111
0.654331
0.652298
0.652704
0.654331
0.656364
0.655144
0.652298
0.652298
0.656771
0.653111
0.651484
0.652704
0.653924
0.651484
0.653111
0.651484
0.650671
0.657178
0.656771
0.654738
0.651891
0.651891
0.652298
0.653924
0.651484
0.650264
0.651484
0.655144
0.650671
0.653924
0.653924
0.652704
0.656364
0.657584
0.653518
0.655958
0.655551
0.657584
0.654738
0.651484
0.652298
0.650671
0.655958
0.656771
0.657178
0.655958
0.653924
0.654738
0.651078
0.653111
0.653111
0.654331
0.657178
0.655551
0.655144
0.652298
0.655144
0.653924
0.649044
0.651891
0.653518
0.653111
0.649044
0.654738
0.654738
0.655144
0.647418
0.650264
0.655551
0.657991
0.658398
0.660024
0.650671
0.653111
0.653111
0.651484
0.651891
0.651078
0.652298
0.649858
0.649044
0.650264
0.649451
0.647418
0.650264
0.652298
0.653924
0.654331
0.653111
0.652298
0.649451
0.647824
0.649451
0.649044
0.653111
0.654738
0.652704
0.654738
0.653518
0.651891
0.652704
0.651891
0.652298
0.652298
0.651484
0.654331
0.655551
0.654331
0.653924
0.653518
0.653924
0.656771
0.655958
0.654331
0.656771
0.655144
0.654738
0.651078
0.649451
0.652704
0.652298
0.654738
0.653518
0.651078
0.653924
0.655958
0.653518
0.652298
0.655551
0.653518
0.651078
0.655144
0.654738
0.652704
0.653924
0.653111
0.652298
0.655144
0.656364
0.651484
0.651484
0.656364
0.654738
0.653111
0.654738
0.653111
0.652704
0.653924
0.654331
0.652704
0.652704
0.652298
0.652704
0.655551
0.655144
0.657178
0.651078
0.649451
0.653111
0.653924
0.655144
0.653924
0.654738
0.654738
0.652704
0.654738
0.653518
0.653111
0.652704
0.652704
0.655144
0.656771
0.653924
0.655958
0.652704
0.652704
0.651484
0.652704
0.655551
0.653518
0.655144
0.655958
0.653111
0.656364
0.653518
0.651078
0.653518
0.654331
0.655958
0.653518
0.655144
0.656771
0.655958
0.653111
0.655958
0.651891
0.653111
0.656364
0.649451
0.649858
0.655551
0.655958
0.657991
0.656364
0.656364
0.655551
0.656364
0.651891
0.651484
0.655551
0.658398
0.659211
0.660431
0.655144
0.655958
0.657584
0.650264
0.651891
0.654331
0.653518
0.651891
0.652704
0.652298
0.651484
0.653111
0.656364
0.650264
0.648231
0.650264
0.655144
0.656364
0.654738
0.655551
0.657178
0.658398
0.656364
0.651484
0.653111
0.657178
0.658398
0.655958
0.655958
0.657178
0.656771
0.654331
0.653924
0.651891
0.650264
0.650671
0.653111
0.656364
0.657991
0.657991
0.655144
0.657584
0.657991
0.657991
0.656771
0.657178
0.653924
0.652298
0.654331
0.652704
0.653111
0.653518
0.651484
0.651891
0.648638
0.652298
0.652298
0.653518
0.655958
0.653111
0.652704
0.654738
0.657178
0.653518
0.654738
0.653924
0.651078
0.652298
0.652704
0.655551
0.655958
0.653518
0.652298
0.654331
0.651891
0.654738
0.653924
0.655551
0.656771
0.658398
0.654331
0.655958
0.655144
0.650671
0.650671
0.649451
0.650264
0.651078
0.653111
0.655144
0.655958
0.656771
0.655551
0.654331
0.655144
0.659211
0.656364
0.657178
0.654738
0.651078
0.652298
0.655144
0.656364
0.656364
0.657178
0.655551
0.654738
0.654331
0.655958
0.654331
0.657178
0.656364
0.660024
0.658398
0.653924
0.654331
0.654738
0.655144
0.656364
0.656771
0.656771
0.655958
0.654738
0.654331
0.651891
0.652704
0.655551
0.659618
0.657584
0.655958
0.657178
0.655551
0.653924
0.655551
0.657991
0.655144
0.654738
0.656364
0.653111
0.653924
0.659211
0.653111
0.653924
0.652704
0.653518
0.655144
0.656364
0.654738
0.653924
0.651484
0.655958
0.656771
0.653518
0.652704
0.653518
0.656364
0.653111
0.652704
0.653518
0.654738
0.653111
0.652704
0.651891
0.656771
0.653518
0.651078
0.654331
0.655958
0.654738
0.654738
0.652298
0.652704
0.653111
0.653924
0.652704
0.652704
0.654331
0.654738
0.651891
0.653111
0.652704
0.653111
0.652704
0.651891
0.651891
0.658398
0.657991
0.655958
0.657178
0.657584
0.657178
0.654738
0.655551
0.655551
0.654331
0.653518
0.654331
0.656771
0.653924
0.651891
0.652298
0.653924
0.657178
0.654738
0.655144
0.655551
0.655551
0.653111
0.654331
0.654738
0.656364
0.655551
0.653924
0.655958
0.652298
0.655144
0.656771
0.657584
0.654331
0.654331
0.653518
0.655144
0.655551
0.657584
0.655551
0.654738
0.652298
0.650671
0.655551
0.650671
0.653111
0.654331
0.652704
0.656771
0.653924
0.651484
0.653924
0.652298
0.651078
0.649044
0.653518
0.654331
0.653924
0.655144
0.653924
0.655958
0.655958
0.656771
0.654331
0.653924
0.655551
0.657178
0.657178
0.655958
0.657584
0.657991
0.651891
0.649044
0.653111
0.651484
0.655551
0.657178
0.653924
0.655551
0.654738
0.656364
0.650671
0.650671
0.651891
0.652298
0.654331
0.652704
0.648231
0.651078
0.647011
0.655958
0.655551
0.650671
0.649044
0.651078
0.655144
0.654331
0.657178
0.653111
0.654738
0.655144
0.652704
0.653518
0.651484
0.653924
0.654738
0.657584
0.656364
0.655958
0.657584
0.654331
0.652704
0.652704
0.649044
0.655958
0.654738
0.653111
0.652704
0.655958
0.651078
0.654738
0.651484
0.653924
0.653518
0.651484
0.656364
0.656771
0.655551
0.655958
0.653924
0.654738
0.655958
0.657991
0.660431
0.654331
0.653518
0.653924
0.656364
0.657991
0.656364
0.657178
0.659211
0.658398
0.657178
0.655551
0.653518
0.653924
0.657584
0.654331
0.651891
0.649451
0.652298
0.652704
0.656364
0.658804
0.657584
0.657991
0.658804
0.656771
0.652704
0.652704
0.655144
0.659211
0.660838
0.659618
0.656771
0.657584
0.655551
0.655958
0.656364
0.656364
0.652298
0.655551
0.656364
0.656364
0.660838
0.655551
0.653924
0.657178
0.655958
0.656364
0.657178
0.655551
0.649451
0.653924
0.651891
0.654738
0.655144
0.652704
0.655144
0.652298
0.652298
0.653111
0.652298
0.653111
0.657178
0.654331
0.655144
0.656364
0.657584
0.656364
0.655958
0.654331
0.653518
0.651891
0.652704
0.652704
0.652704
0.653924
0.653111
0.655958
0.656364
0.655144
0.654738
0.653111
0.654738
0.654331
0.652704
0.654738
0.653518
0.655144
0.655958
0.653924
0.654738
0.655551
0.653924
0.652298
0.650671
0.650671
0.654738
0.657584
0.653111
0.653924
0.653518
0.657178
0.656364
0.652704
0.653111
0.653924
0.657991
0.653924
0.651078
0.650671
0.653518
0.659211
0.652298
0.652298
0.649044
0.652298
0.656771
0.657991
0.655958
0.657178
0.657178
0.656771
0.655551
0.657178
0.656771
0.659211
0.657584
0.655551
0.651891
0.655551
0.655551
0.652298
0.651484
0.651484
0.651891
0.655958
0.655144
0.653518
0.651891
0.656364
0.659618
0.659618
0.657991
0.659618
0.656364
0.657584
0.652704
0.653518
0.655551
0.654331
0.655144
0.655144
0.653518
0.653924
0.655144
0.656771
0.652298
0.653111
0.655551
0.655551
0.660024
0.661244
0.658398
0.658398
0.659211
0.654331
0.649858
0.653924
0.656771
0.657178
0.655551
0.649858
0.649044
0.652704
0.656771
0.654738
0.651078
0.651078
0.654331
0.651078
0.650264
0.651484
0.654331
0.651078
0.652704
0.650671
0.647824
0.650264
0.652704
0.653924
0.653518
0.653924
0.655551
0.656771
0.656771
0.656364
0.659618
0.657178
0.656364
0.657584
0.657991
0.655144
0.653111
0.653924
0.652298
0.651078
0.652704
0.653518
0.652298
0.657178
0.657178
0.655144
0.653518
0.652298
0.656364
0.656364
0.654738
0.653924
0.651484
0.651891
0.654738
0.653518
0.658804
0.652704
0.653111
0.654738
0.654331
0.655551
0.657584
0.657584
0.656771
0.657178
0.654331
0.657584
0.653924
0.654738
0.658804
0.659211
0.658398
0.657584
0.657991
0.657178
0.656771
0.654738
0.655551
0.656364
0.654738
0.655144
0.653924
0.656771
0.655551
0.655958
0.654331
0.653924
0.654738
0.655551
0.652704
0.655551
0.654331
0.652704
0.654331
0.656364
0.655144
0.657178
0.655551
0.653518
0.653111
0.652298
0.653111
0.654331
0.657991
0.657584
0.658398
0.656364
0.659618
0.656364
0.655551
0.658398
0.656771
0.658398
0.660838
0.659618
0.657584
0.656364
0.659211
0.655551
0.654738
0.653518
0.655144
0.656771
0.655551
0.655958
0.655144
0.657178
0.652704
0.654738
0.652704
0.651078
0.653111
0.655144
0.651891
0.654738
0.654738
0.655551
0.654738
0.657178
0.656771
0.657178
0.657584
0.655551
0.655144
0.653518
0.654738
0.655144
0.659618
0.651484
0.653111
0.651484
0.654331
0.655958
0.654331
0.653111
0.651484
0.653111
0.651891
0.653518
0.653111
0.653924
0.655958
0.657584
0.657178
0.658804
0.659211
0.658398
0.659211
0.656364
0.658804
0.657178
0.655958
0.657991
0.657178
0.656771
0.656364
0.658398
0.656771
0.654331
0.656364
0.657178
0.653518
0.652704
0.654738
0.652298
0.655551
0.653111
0.653111
0.653518
0.651484
0.652704
0.653518
0.652704
0.653518
0.651891
0.655144
0.654738
0.653518
0.651484
0.656364
0.655958
0.655551
0.654738
0.655144
0.658398
0.655551
0.654738
0.652704
0.653518
0.655958
0.657584
0.658804
0.660024
0.657178
0.657178
0.655958
0.657178
0.656364
0.659211
0.657178
0.655551
0.657991
0.656771
0.652704
0.656364
0.656364
0.655144
0.654331
0.653924
0.656364
0.656771
0.659618
0.653111
0.655551
0.653924
0.654738
0.655958
0.658804
0.656364
0.657584
0.657178
0.653111
0.652298
0.653518
0.652298
0.655958
0.658398
0.655958
0.654738
0.652298
0.657178
0.657584
0.655551
0.653111
0.653111
0.657178
0.657991
0.655551
0.652298
0.656771
0.657584
0.658398
0.656771
0.654331
0.652704
0.659211
0.660431
0.655551
0.656364
0.650671
0.655551
0.657584
0.660024
0.654331
0.652704
0.654738
0.657584
0.657991
0.655551
0.656364
0.656771
0.657991
0.659211
0.657178
0.657991
0.656771
0.654738
0.655551
0.654331
0.654738
0.657178
0.658398
0.655551
0.653111
0.653924
0.656771
0.655551
0.657584
0.654738
0.660838
0.660838
0.661244
0.660431
0.662464
0.662464
0.661244
0.660431
0.657991
0.657584
0.657584
0.659211
0.659211
0.656771
0.658398
0.655144
0.655144
0.651484
0.653518
0.655144
0.654738
0.654331
0.654331
0.653111
0.657991
0.659211
0.653111
0.651078
0.651891
0.659618
0.660024
0.657991
0.657991
0.661651
0.661244
0.657991
0.656364
0.656364
0.655551
0.655958
0.655551
0.653111
0.652704
0.654738
0.658804
0.660431
0.657991
0.658804
0.660431
0.658804
0.658804
0.657178
0.655551
0.655958
0.654738
0.653518
0.653924
0.652298
0.657178
0.655551
0.652704
0.651078
0.653924
0.653924
0.655144
0.651078
0.653924
0.655551
0.657991
0.655958
0.653924
0.652298
0.658804
0.658804
0.656771
0.654738
0.656364
0.658398
0.655551
0.651891
0.653924
0.656364
0.655958
0.655958
0.654331
0.654331
0.657178
0.657991
0.655551
0.653924
0.653518
0.656364
0.659618
0.659211
0.653518
0.648638
0.653924
0.657178
0.654738
0.650671
0.650264
0.650264
0.652298
0.654738
0.652704
0.653518
0.657178
0.655144
0.658398
0.657178
0.659211
0.660431
0.655551
0.660024
0.657991
0.659211
0.660024
0.653518
0.652704
0.653111
0.656771
0.660024
0.655958
0.653924
0.657178
0.656771
0.657178
0.656771
0.656771
0.655144
0.654738
0.654331
0.655144
0.653111
0.655551
0.654738
0.655551
0.657584
0.654738
0.657991
0.656771
0.653518
0.653924
0.653111
0.653924
0.657178
0.653111
0.651484
0.649858
0.649044
0.654738
0.653111
0.651078
0.651484
0.654331
0.657991
0.653111
0.656364
0.655144
0.660431
0.654738
0.654738
0.654738
0.652298
0.656364
0.655144
0.652704
0.655144
0.655958
0.657584
0.659618
0.656771
0.653111
0.657991
0.653924
0.654738
0.654331
0.655144
0.657584
0.657991
0.657991
0.657178
0.656364
0.656364
0.658398
0.657178
0.653924
0.655958
0.654738
0.656364
0.655958
0.657991
0.656771
0.659211
0.654331
0.652704
0.654738
0.657178
0.658398
0.658398
0.657178
0.655958
0.658398
0.658804
0.656771
0.655551
0.658804
0.656771
0.655144
0.653111
0.652704
0.655144
0.651891
0.652298
0.653111
0.654331
0.653518
0.660024
0.657178
0.657178
0.658804
0.657991
0.657584
0.656364
0.657584
0.651484
0.655144
0.655144
0.653518
0.652298
0.654331
0.652704
0.654331
0.655958
0.657178
0.655144
0.656364
0.661244
0.658804
0.657991
0.654331
0.654738
0.655144
0.654738
0.657584
0.654738
0.656364
0.654331
0.654738
0.652298
0.654738
0.651078
0.653111
0.653111
0.655144
0.657178
0.657991
0.655958
0.655144
0.655551
0.653924
0.654331
0.653518
0.655958
0.659211
0.660431
0.656364
0.655958
0.656364
0.655551
0.655958
0.655958
0.656771
0.656771
0.655551
0.655144
0.654331
0.656771
0.656771
0.657991
0.659211
0.652704
0.652704
0.652298
0.658398
0.658804
0.656771
0.658398
0.658398
0.657178
0.654738
0.655958
0.653518
0.655144
0.654738
0.660431
0.653111
0.657584
0.657584
0.655551
0.651484
0.651484
0.653518
0.654331
0.655144
0.653111
0.654331
0.657584
0.656771
0.653518
0.650264
0.651078
0.652704
0.652298
0.655958
0.657584
0.657584
0.659618
0.653518
0.648231
0.648231
0.650671
0.656364
0.656771
0.653111
0.653924
0.654331
0.658804
0.660431
0.660024
0.652298
0.655144
0.655144
0.661244
0.656771
0.655144
0.653924
0.655144
0.654738
0.655551
0.651484
0.653518
0.658398
0.661651
0.658804
0.655144
0.660431
0.655144
0.654738
0.652704
0.651484
0.656364
0.657991
0.659618
0.657584
0.657178
0.660024
0.659618
0.661651
0.654738
0.654331
0.653924
0.658398
0.659211
0.657584
0.657584
0.655551
0.656364
0.655144
0.655958
0.656771
0.657178
0.659618
0.654331
0.655551
0.656771
0.656771
0.655551
0.653111
0.650264
0.654331
0.657991
0.659211
0.658398
0.659211
0.656364
0.654738
