0.488817
0.488817
0.497763
0.498577
0.501830
0.500203
0.500610
0.502643
0.507117
0.508337
0.516470
0.518097
0.517283
0.518503
0.518097
0.520537
0.525824
0.527857
0.530297
0.529484
0.529484
0.532330
0.535177
0.537210
0.537210
0.540057
0.540057
0.541277
0.542497
0.542904
0.542497
0.541684
0.542497
0.540464
0.541277
0.547784
0.547784
0.544937
0.546157
0.549410
0.555510
0.562424
0.564457
0.568117
0.569744
0.569337
0.571777
0.570150
0.565677
0.564864
0.564050
0.560797
0.558357
0.557950
0.555917
0.554697
0.553884
0.553884
0.555510
0.551037
0.552664
0.554697
0.557137
0.557137
0.557950
0.559170
0.556324
0.556730
0.555917
0.548597
0.551850
0.559984
0.563237
0.561610
0.560390
0.562830
0.564457
0.565270
0.566897
0.566490
0.565270
0.563237
0.558764
0.561204
0.567304
0.566490
0.563644
0.568930
0.571370
0.572590
0.568930
0.570964
0.570557
0.572184
0.571370
0.576251
0.569744
0.566084
0.565677
0.554697
0.571370
0.575031
0.575031
0.577064
0.577064
0.578284
0.579097
0.579504
0.575437
0.577064
0.575437
0.576251
0.576251
0.578691
0.578284
0.572997
0.576657
0.577877
0.583571
0.589671
0.588857
0.588044
0.582351
0.580317
0.581537
0.581944
0.583164
0.585604
0.584384
0.587231
0.586824
0.586011
0.585604
0.596991
0.602684
0.594957
0.590077
0.591704
0.592924
0.596177
0.597397
0.601057
0.599024
0.605531
0.595364
0.588857
0.583164
0.586417
0.589671
0.589671
0.593737
0.593737
0.592111
0.592924
0.595364
0.596584
0.596991
0.595364
0.601057
0.601057
0.601871
0.601057
0.603497
0.605937
0.605937
0.605531
0.601057
0.603904
0.600651
0.607157
0.608377
0.607564
0.606751
0.602684
0.597804
0.594551
0.596584
0.596177
0.598617
0.600244
0.601057
0.600651
0.598211
0.597397
0.595771
0.597397
0.596584
0.596177
0.599024
0.604311
0.605937
0.604311
0.605124
0.603091
0.595364
0.592517
0.593737
0.596177
0.603091
0.605937
0.606344
0.608377
0.606751
0.601464
0.595771
0.596584
0.598211
0.598211
0.609597
0.613257
0.603904
0.612851
0.600244
0.599024
0.599837
0.599837
0.602277
0.611631
0.610817
0.616104
0.612037
0.612037
0.612444
0.606751
0.607157
0.605531
0.606344
0.604717
0.612851
0.602277
0.605531
0.608377
0.613257
0.612851
0.614071
0.612037
0.613257
0.610817
0.611224
0.611631
0.618951
0.609597
0.612037
0.610817
0.612851
0.611631
0.615697
0.612037
0.614884
0.613257
0.615697
0.614071
0.612444
0.612037
0.609597
0.616917
0.607564
0.603497
0.603497
0.613664
0.610004
0.605531
0.603091
0.604717
0.610411
0.615697
0.617731
0.622611
0.625051
0.619764
0.618137
0.616917
0.616104
0.620577
0.631558
0.626678
0.621391
0.619764
0.618951
0.622204
0.622204
0.622611
0.622611
0.618951
0.627898
0.621391
0.623017
0.624237
0.624644
0.613257
0.609191
0.607971
0.611224
0.607971
0.606344
0.603904
0.599837
0.603497
0.612037
0.615697
0.617324
0.618544
0.627491
0.623831
0.625864
0.623017
0.619764
0.621797
0.625864
0.629524
0.625458
0.625051
0.617324
0.610817
0.616104
0.622611
0.621797
0.620577
0.621797
0.620577
0.627898
0.620577
0.620577
0.627084
0.628304
0.626271
0.631558
0.631151
0.630744
0.626678
0.624644
0.624237
0.630338
0.631151
0.630744
0.631964
0.627084
0.626271
0.627491
0.627491
0.627898
0.625051
0.621391
0.625864
0.623424
0.627084
0.628711
0.625458
0.621391
0.622204
0.624237
0.630744
0.628304
0.629524
0.631151
0.629118
0.623424
0.626271
0.621797
0.623424
0.625051
0.622611
0.619764
0.620984
0.630338
0.619357
0.619357
0.625051
0.632778
0.630338
0.631558
0.631964
0.630338
0.627084
0.623831
0.625051
0.625458
0.623424
0.622611
0.621391
0.626678
0.630744
0.628304
0.623017
0.624237
0.629118
0.628304
0.630744
0.625051
0.626271
0.626271
0.625864
0.625051
0.622611
0.622611
0.625051
0.624644
0.622204
0.621797
0.622611
0.626271
0.630338
0.629524
0.623424
0.623831
0.631151
0.628711
0.627491
0.629118
0.622611
0.615291
0.613664
0.631151
0.624237
0.620171
0.620577
0.618951
0.610411
0.613664
0.616917
0.618544
0.617324
0.615697
0.627898
0.622204
0.622611
0.625864
0.619764
0.620984
0.617324
0.618544
0.619764
0.619357
0.623831
0.624644
0.625864
0.623424
0.615291
0.623424
0.625051
0.625864
0.624644
0.623017
0.620577
0.620171
0.625458
0.632371
0.623831
0.623017
0.623424
0.632371
0.634404
0.631151
0.630744
0.629524
0.631558
0.629931
0.627084
0.626678
0.627491
0.627084
0.623831
0.626678
0.626271
0.633998
0.639284
0.633998
0.625051
0.630338
0.630744
0.631151
0.629524
0.629931
0.630744
0.629524
0.629524
0.626271
0.622611
0.629524
0.630338
0.632371
0.635624
0.635624
0.635624
0.634404
0.635218
0.633998
0.631558
0.634404
0.636844
0.636031
0.631558
0.631558
0.629118
0.631558
0.629118
0.629524
0.631151
0.615291
0.619764
0.628304
0.635624
0.633591
0.630744
0.625864
0.634404
0.636031
0.630744
0.627898
0.629118
0.622611
0.626271
0.629524
0.633591
0.637658
0.633591
0.632371
0.633184
0.631151
0.627898
0.627491
0.625864
0.629931
0.631558
0.635218
0.630744
0.629931
0.629118
0.630744
0.632371
0.633184
0.633998
0.631558
0.628711
0.627898
0.633591
0.636438
0.636438
0.640098
0.635624
0.631151
0.629931
0.627491
0.627491
0.633998
0.634811
0.629524
0.628304
0.630744
0.632371
0.636031
0.635218
0.629118
0.631558
0.632778
0.631151
0.638064
0.636844
0.638064
0.638878
0.636844
0.637658
0.632778
0.629524
0.630744
0.628711
0.636031
0.639284
0.638064
0.634404
0.637658
0.639691
0.638878
0.636844
0.636031
0.635624
0.628711
0.630338
0.630744
0.633591
0.637251
0.635624
0.640504
0.639284
0.635624
0.632778
0.627084
0.626678
0.633591
0.638064
0.640098
0.640911
0.639284
0.637251
0.640504
0.641724
0.637658
0.632778
0.630744
0.636031
0.640911
0.641318
0.642538
0.642538
0.638878
0.636438
0.634811
0.631151
0.632778
0.633184
0.634404
0.641318
0.644164
0.642538
0.641318
0.640911
0.633998
0.636438
0.632778
0.631558
0.629931
0.630338
0.629524
0.631151
0.631558
0.631558
0.630338
0.631558
0.631558
0.629118
0.633591
0.627491
0.636438
0.643351
0.643758
0.638064
0.639284
0.641318
0.640504
0.634404
0.633998
0.632371
0.637251
0.644571
0.639284
0.636844
0.640504
0.645791
0.637251
0.630338
0.633184
0.638064
0.641318
0.638471
0.642944
0.640911
0.642131
0.642538
0.637251
0.633184
0.624237
0.629931
0.634811
0.634404
0.641318
0.642131
0.642944
0.644164
0.642538
0.638064
0.632778
0.636438
0.638471
0.640504
0.634811
0.636438
0.637251
0.640504
0.641318
0.640098
0.638064
0.636031
0.630744
0.634811
0.637658
0.646198
0.643758
0.642538
0.643758
0.646604
0.642131
0.635624
0.634404
0.636844
0.637251
0.633184
0.634404
0.638064
0.646604
0.643351
0.645791
0.647418
0.637658
0.632371
0.632371
0.633591
0.631558
0.635218
0.643758
0.640504
0.644571
0.644164
0.643758
0.645384
0.638064
0.634404
0.633998
0.641318
0.645384
0.642538
0.641724
0.642131
0.642944
0.638471
0.631964
0.634404
0.632371
0.642131
0.640911
0.643351
0.642131
0.640504
0.640911
0.642131
0.634811
0.635218
0.618544
0.614477
0.637251
0.645791
0.623424
0.623424
0.616511
0.607564
0.608377
0.607971
0.607971
0.605124
0.603497
0.604717
0.605531
0.607564
0.606344
0.608784
0.605531
0.609191
0.609597
0.606344
0.604311
0.604717
0.605937
0.603497
0.601057
0.605937
0.607971
0.609191
0.608784
0.609597
0.609191
0.608377
0.609597
0.610817
0.611631
0.610817
0.611224
0.610411
0.612037
0.612851
0.612444
0.612851
0.610411
0.611631
0.616511
0.621797
0.618544
0.616511
0.620171
0.621391
0.623017
0.623017
0.625864
0.620984
0.619764
0.619764
0.621391
0.625051
0.623424
0.617731
0.620984
0.630338
0.626271
0.625458
0.625458
0.631151
0.630338
0.623831
0.620984
0.625458
0.620171
0.623831
0.624644
0.624237
0.621391
0.623831
0.623017
0.625458
0.624237
0.626271
0.623017
0.625458
0.642944
0.646198
0.621797
0.614884
0.615291
0.613664
0.614071
0.617324
0.620577
0.622611
0.628304
0.632371
0.629524
0.644978
0.644571
0.627491
0.630338
0.631151
0.627491
0.625458
0.625458
0.624237
0.623831
0.625458
0.620577
0.618137
0.623017
0.623017
0.623831
0.623424
0.623017
0.623831
0.625458
0.625458
0.625458
0.621391
0.623424
0.626271
0.623831
0.629524
0.629524
0.631964
0.623017
0.627491
0.627898
0.628711
0.640911
0.635218
0.623424
0.626678
0.621391
0.621797
0.622611
0.627491
0.631558
0.636031
0.624644
0.634811
0.637658
0.639691
0.625458
0.634811
0.638064
0.635624
0.631964
0.630338
0.631558
0.635624
0.637251
0.638471
0.639284
0.630744
0.625051
0.640911
0.641318
0.636844
0.626271
0.625864
0.624237
0.626271
0.630744
0.634811
0.633998
0.630744
0.629524
0.631558
0.633184
0.635218
0.633184
0.639691
0.640098
0.631151
0.631151
0.629931
0.628304
0.632371
0.633591
0.641724
0.646604
0.644571
0.642944
0.638471
0.635218
0.638064
0.637251
0.638064
0.637658
0.640098
0.640504
0.640098
0.640911
0.636844
0.636031
0.634811
0.636031
0.631964
0.633591
0.629118
0.634811
0.639691
0.645791
0.642944
0.643758
0.642944
0.638878
0.644164
0.642131
0.639691
0.635218
0.640911
0.637251
0.642538
0.637251
0.635624
0.642944
0.643351
0.639691
0.645384
0.642538
0.643758
0.639284
0.635624
0.633591
0.630744
0.632371
0.631151
0.631964
0.634404
0.638064
0.634404
0.644571
0.646604
0.649044
0.648231
0.646198
0.638471
0.635624
0.642131
0.645384
0.644571
0.647011
0.647824
0.647011
0.647011
0.642944
0.642538
0.642538
0.642131
0.644164
0.642131
0.642131
0.640504
0.644571
0.643758
0.643351
0.644164
0.642944
0.644164
0.641724
0.642944
0.642944
0.642944
0.642131
0.640504
0.633998
0.626271
0.624237
0.628304
0.626271
0.629524
0.629931
0.631964
0.632371
0.631151
0.628711
0.627898
0.629118
0.626271
0.628304
0.633591
0.638471
0.646198
0.649451
0.649044
0.645384
0.644571
0.644164
0.640098
0.635218
0.635218
0.634811
0.634811
0.640504
0.643351
0.644571
0.644164
0.647011
0.647824
0.650671
0.648231
0.646604
0.651484
0.648638
0.646198
0.650671
0.648638
0.643351
0.641724
0.642944
0.642538
0.642944
0.642944
0.642944
0.644164
0.640911
0.643758
0.641724
0.637251
0.633591
0.638471
0.642538
0.645384
0.646198
0.640098
0.643351
0.628304
0.632371
0.631151
0.630338
0.629118
0.625458
0.629931
0.631558
0.628304
0.627898
0.628711
0.626678
0.626678
0.628711
0.628304
0.629118
0.634404
0.635624
0.632778
0.634811
0.636438
0.636438
0.633998
0.638064
0.633998
0.637658
0.635624
0.642538
0.644571
0.642944
0.640504
0.642131
0.637251
0.642538
0.642538
0.646198
0.646604
0.647011
0.645791
0.644571
0.640911
0.636438
0.636844
0.638064
0.637251
0.638878
0.639284
0.644571
0.644978
0.647824
0.644571
0.646198
0.645384
0.645791
0.641724
0.642538
0.643758
0.642538
0.645384
0.644978
0.644164
0.644164
0.644571
0.645384
0.645791
0.646604
0.644164
0.643758
0.643351
0.644978
0.644978
0.645791
0.646198
0.645384
0.645791
0.645384
0.645791
0.644164
0.644571
0.643758
0.643758
0.646604
0.644978
0.646198
0.644571
0.645384
0.646198
0.645791
0.646198
0.644571
0.647011
0.646604
0.644164
0.644164
0.642944
0.642538
0.642944
0.645384
0.645384
0.645384
0.645384
0.645791
0.646198
0.644571
0.643351
0.646198
0.648231
0.645384
0.644978
0.645384
0.644978
0.644164
0.643351
0.642944
0.640504
0.646604
0.640911
0.636031
0.634404
0.635624
0.647824
0.642538
0.642131
0.641318
0.648638
0.633998
0.634811
0.635218
0.634404
0.631964
0.630744
0.631558
0.631151
0.627898
0.630338
0.632778
0.630338
0.630338
0.632778
0.633998
0.633184
0.635624
0.633998
0.633998
0.636438
0.636844
0.635624
0.636844
0.642944
0.646604
0.647824
0.642944
0.643758
0.649451
0.650264
0.650264
0.643351
0.642538
0.641724
0.643758
0.642538
0.645791
0.647824
0.645791
0.644571
0.642131
0.644164
0.647011
0.646604
0.646604
0.645384
0.643351
0.642944
0.642944
0.644164
0.649044
0.648231
0.647011
0.649044
0.648638
0.646198
0.647011
0.645384
0.642944
0.642944
0.644571
0.644978
0.645384
0.645384
0.644978
0.648231
0.646604
0.647011
0.647824
0.647011
0.647824
0.647011
0.647418
0.646604
0.645384
0.645384
0.646604
0.645791
0.644978
0.644571
0.646198
0.647418
0.646604
0.645791
0.644164
0.644978
0.645791
0.648231
0.647418
0.646198
0.647418
0.647418
0.647011
0.644571
0.646604
0.644571
0.643758
0.643758
0.644571
0.641724
0.642538
0.643758
0.644164
0.641318
0.644164
0.644571
0.646604
0.647824
0.648231
0.647824
0.648638
0.648638
0.645791
0.644978
0.644571
0.644571
0.643351
0.643758
0.643758
0.644571
0.645384
0.647418
0.647418
0.647011
0.648638
0.649858
0.653111
0.653518
0.654331
0.653111
0.654738
0.650671
0.648638
0.647011
0.647824
0.647824
0.646604
0.646198
0.646604
0.645791
0.645791
0.647824
0.648231
0.649451
0.649044
0.649858
0.649044
0.649858
0.649044
0.650671
0.648231
0.645791
0.644164
0.643758
0.644978
0.643758
0.644164
0.644164
0.645791
0.649451
0.649451
0.645384
0.647011
0.646198
0.647418
0.647824
0.648231
0.646198
0.645384
0.644571
0.645791
0.648231
0.648231
0.648231
0.646604
0.647824
0.647418
0.646604
0.648231
0.646198
0.646198
0.650264
0.651891
0.651891
0.652704
0.653111
0.651891
0.651078
0.647824
0.646604
0.644164
0.646604
0.645384
0.646604
0.646198
0.643758
0.647418
0.647824
0.649858
0.645791
0.644978
0.649858
0.649044
0.647011
0.650671
0.647418
0.649858
0.649044
0.645791
0.644164
0.646198
0.647418
0.649451
0.647824
0.648638
0.644571
0.647418
0.643758
0.645791
0.647011
0.650264
0.649044
0.653111
0.657178
0.652298
0.652298
0.653111
0.644978
0.650264
0.649451
0.646604
0.644571
0.642944
0.643758
0.646604
0.646198
0.646198
0.643758
0.647824
0.647824
0.648638
0.649451
0.651078
0.648231
0.652298
0.649044
0.648231
0.646198
0.643758
0.647418
0.646604
0.649044
0.649858
0.646604
0.647824
0.647011
0.648638
0.647011
0.648231
0.647418
0.647824
0.650671
0.649044
0.647824
0.646604
0.644164
0.644571
0.644571
0.649451
0.647824
0.648638
0.643351
0.646604
0.647824
0.649451
0.647824
0.648231
0.644978
0.641724
0.644571
0.648231
0.648638
0.647418
0.646604
0.644978
0.646604
0.647011
0.648231
0.647011
0.649044
0.647418
0.643351
0.641724
0.645384
0.642538
0.641318
0.644164
0.644571
0.646198
0.650264
0.649044
0.651078
0.648231
0.644164
0.646604
0.644978
0.645791
0.644164
0.645791
0.649044
0.649451
0.649451
0.643351
0.646198
0.645384
0.647824
0.645384
0.644978
0.650671
0.653111
0.650671
0.648638
0.648231
0.647824
0.644164
0.647824
0.647011
0.651484
0.642538
0.647011
0.648231
0.647418
0.647418
0.649044
0.647011
0.647011
0.641724
0.639691
0.638471
0.644571
0.643758
0.645791
0.642944
0.647011
0.647011
0.642538
0.645384
0.649451
0.647418
0.647824
0.649044
0.651891
0.650671
0.647824
0.646604
0.644571
0.647418
0.646198
0.646604
0.645791
0.646198
0.649858
0.647418
0.646198
0.645384
0.649451
0.649451
0.651078
0.650671
0.651078
0.647824
0.644571
0.645384
0.643758
0.648638
0.650264
0.650264
0.646198
0.648638
0.649858
0.648638
0.648231
0.647824
0.647011
0.645384
0.646604
0.648638
0.648231
0.647418
0.642131
0.646198
0.643758
0.644571
0.645791
0.647011
0.652298
0.647011
0.644164
0.650264
0.646198
0.640911
0.640911
0.644978
0.642944
0.642538
0.645384
0.649451
0.651891
0.649044
0.647824
0.647418
0.649044
0.651078
0.649451
0.648231
0.647011
0.651078
0.652704
0.651484
0.648231
0.647824
0.644164
0.647418
0.646604
0.647418
0.647824
0.649451
0.647824
0.647824
0.649858
0.650671
0.649044
0.648231
0.647418
0.646198
0.644571
0.644571
0.644571
0.644571
0.644571
0.644978
0.649044
0.647824
0.649044
0.647011
0.647824
0.651484
0.649451
0.647824
0.649451
0.647418
0.649451
0.649451
0.648638
0.649451
0.649044
0.648231
0.649858
0.651484
0.651078
0.651484
0.652298
0.651891
0.649044
0.648638
0.647418
0.647418
0.647011
0.648638
0.649858
0.648231
0.647011
0.648638
0.650671
0.651078
0.650671
0.650671
0.650264
0.646604
0.645384
0.646604
0.645384
0.644164
0.645791
0.648638
0.649044
0.648638
0.647418
0.649044
0.648231
0.649044
0.648231
0.649858
0.649044
0.652704
0.651891
0.651078
0.647824
0.645791
0.646198
0.648231
0.649044
0.650264
0.650264
0.648231
0.647824
0.647011
0.647824
0.647824
0.646604
0.647824
0.648638
0.650264
0.649451
0.647011
0.646198
0.644571
0.645791
0.645791
0.647011
0.651078
0.653111
0.653111
0.652704
0.648231
0.648231
0.647824
0.648638
0.649858
0.647011
0.646604
0.648231
0.647824
0.647011
0.645384
0.646198
0.645384
0.644164
0.644978
0.643758
0.643351
0.646604
0.648638
0.648231
0.644571
0.644571
0.644978
0.646198
0.648231
0.651078
0.651078
0.652298
0.649451
0.647418
0.645791
0.649451
0.650264
0.649858
0.648231
0.648231
0.651078
0.652704
0.649451
0.647824
0.645384
0.644571
0.644978
0.647011
0.647011
0.649044
0.647824
0.647418
0.647824
0.643758
0.644164
0.642538
0.643758
0.645791
0.645384
0.647418
0.649451
0.649451
0.648231
0.647418
0.647418
0.647418
0.648638
0.648231
0.648638
0.648231
0.649858
0.649451
0.648231
0.646604
0.646604
0.647011
0.647418
0.648231
0.649451
0.646604
0.646604
0.647011
0.648231
0.647824
0.648231
0.648638
0.648231
0.648638
0.648638
0.649451
0.648638
0.647418
0.647824
0.651484
0.649858
0.648231
0.645791
0.647824
0.647011
0.647011
0.649451
0.647011
0.646604
0.648638
0.649451
0.644978
0.647418
0.647824
0.648231
0.650264
0.652704
0.651484
0.651078
0.649044
0.655551
0.656364
0.652704
0.654738
0.648231
0.648638
0.650671
0.646198
0.648231
0.652298
0.642944
0.633591
0.634811
0.648638
0.646604
0.643351
0.644571
0.644164
0.647011
0.642538
0.630744
0.630338
0.633998
0.644571
0.646604
0.648638
0.646198
0.645384
0.651484
0.645791
0.653111
0.640504
0.637658
0.639691
0.651078
0.649451
0.645384
0.650264
0.650264
0.645791
0.644978
0.648231
0.648638
0.647418
0.647011
0.644571
0.646604
0.647418
0.645384
0.644164
0.643758
0.652298
0.649044
0.652298
0.646604
0.649044
0.649044
0.653111
0.651078
0.649451
0.648638
0.647011
0.652704
0.649858
0.652704
0.651484
0.650671
0.649451
0.650671
0.649451
0.649451
0.649044
0.649451
0.647418
0.650264
0.651078
0.650671
0.651078
0.649451
0.647824
0.649044
0.650671
0.652298
0.649858
0.648231
0.649858
0.650671
0.651078
0.650264
0.649858
0.652298
0.651891
0.650671
0.650671
0.651078
0.652704
0.650264
0.649858
0.650264
0.650264
0.650264
0.647824
0.650264
0.649858
0.649451
0.649044
0.652704
0.654738
0.654738
0.652298
0.648638
0.651484
0.649858
0.649451
0.649044
0.649858
0.650671
0.651891
0.650671
0.651078
0.650264
0.651891
0.651891
0.652298
0.651484
0.653518
0.652704
0.651891
0.651891
0.653111
0.652704
0.651891
0.652298
0.651484
0.649451
0.651078
0.651484
0.649858
0.649451
0.649451
0.650264
0.652298
0.651078
0.650264
0.648638
0.650671
0.651078
0.651891
0.651484
0.649044
0.648638
0.646604
0.647418
0.648231
0.651891
0.652704
0.651891
0.650671
0.650264
0.651078
0.650264
0.652298
0.652298
0.651891
0.654331
0.653518
0.654331
0.651484
0.651891
0.652298
0.652704
0.652298
0.652298
0.655144
0.654738
0.655144
0.654331
0.653518
0.652298
0.651891
0.649044
0.648231
0.649451
0.653924
0.652704
0.654331
0.656364
0.656364
0.656771
0.653111
0.655551
0.655144
0.656771
0.659211
0.657991
0.655144
0.657584
0.651078
0.652704
0.653111
0.655144
0.654738
0.656364
0.657178
0.657991
0.658804
0.657991
0.657584
0.656771
0.655551
0.655958
0.655551
0.658804
0.658804
0.656364
0.655144
0.656771
0.654331
0.652298
0.650264
0.651078
0.649451
0.649451
0.650671
0.651078
0.653111
0.650671
0.652298
0.653111
0.653518
0.660024
0.659211
0.656771
0.657991
0.657178
0.659211
0.655144
0.654738
0.655144
0.658398
0.657584
0.661244
0.657584
0.661244
0.660838
0.660838
0.656364
0.657178
0.653111
0.656771
0.653111
0.657584
0.656364
0.656771
0.654738
0.655958
0.656364
0.660024
0.655958
0.653924
0.655144
0.655551
0.661244
0.660431
0.662464
0.659211
0.657584
0.654331
0.651484
0.651891
0.651891
0.652704
0.655144
0.656771
0.653518
0.650671
0.653518
0.658804
0.656771
0.655958
0.656364
0.657584
0.656364
0.656364
0.655144
0.653924
0.655144
0.652298
0.650264
0.654331
0.659618
0.662464
0.661651
0.660431
0.663684
0.664091
0.663278
0.659618
0.659618
0.659211
0.656771
0.655958
0.652704
0.649451
0.649451
0.652298
0.647011
0.652298
0.651078
0.651891
0.658804
0.659211
0.657178
0.657991
0.657178
0.659618
0.656364
0.656364
0.658398
0.658398
0.661651
0.661244
0.656364
0.657991
0.656771
0.658804
0.659618
0.660838
0.656364
0.653518
0.652704
0.652298
0.653111
0.653111
0.657584
0.658804
0.657991
0.658804
0.660431
0.659618
0.658398
0.659211
0.657178
0.655551
0.654738
0.653924
0.654331
0.656771
0.659618
0.658398
0.657584
0.659211
0.657178
0.655551
0.653111
0.653518
0.657178
0.660431
0.658398
0.659618
0.661244
0.659618
0.659211
0.657991
0.657991
0.658804
0.656771
0.660838
0.660838
0.659618
0.660838
0.658804
0.660024
0.660838
0.660838
0.662871
0.657991
0.659211
0.659211
0.660024
0.661244
0.660024
0.659618
0.658398
0.656771
0.658804
0.658804
0.658398
0.663278
0.663278
0.661651
0.658804
0.657178
0.657178
0.659211
0.659211
0.658804
0.660024
0.658804
0.658398
0.655958
0.656364
0.656771
0.657178
0.660838
0.660431
0.660838
0.660024
0.661651
0.659211
0.660838
0.660431
0.662464
0.661244
0.662464
0.661244
0.660838
0.658804
0.657584
0.655144
0.656364
0.655144
0.657178
0.659618
0.659211
0.659618
0.659211
0.662464
0.662871
0.662058
0.661651
0.662464
0.660431
0.660431
0.655958
0.656771
0.659618
0.658804
0.658804
0.657584
0.658398
0.660431
0.659618
0.660431
0.659211
0.660024
0.659211
0.659211
0.662464
0.660838
0.658398
0.657178
0.655551
0.652704
0.653111
0.655958
0.662058
0.659211
0.659618
0.660431
0.660838
0.660838
0.662058
0.661651
0.661244
0.662464
0.661244
0.659211
0.658804
0.660024
0.657584
0.660838
0.660838
0.659618
0.658804
0.657991
0.658804
0.661244
0.659618
0.662871
0.662871
0.662464
0.659618
0.660024
0.657991
0.656771
0.655551
0.657991
0.654738
0.652704
0.654738
0.655958
0.658398
0.661244
0.656771
0.661244
0.659211
0.657178
0.659211
0.661651
0.660838
0.663278
0.663278
0.660024
0.660431
0.661244
0.662871
0.662058
0.663278
0.662464
0.662871
0.662871
0.661651
0.660431
0.659618
0.660024
0.659211
0.656364
0.653924
0.653924
0.653111
0.655551
0.654738
0.655958
0.658804
0.658804
0.653924
0.661244
0.662464
0.663278
0.664498
0.662464
0.662058
0.664498
0.664091
0.661244
0.657178
0.655958
0.654738
0.656771
0.655958
0.651078
0.654738
0.656771
0.656771
0.660838
0.660024
0.660838
0.662464
0.660024
0.662464
0.663684
0.658804
0.658804
0.657991
0.655551
0.656364
0.657178
0.658398
0.662058
0.661651
0.660431
0.657991
0.656364
0.655958
0.655551
0.655958
0.657584
0.656771
0.659211
0.661244
0.659211
0.658804
0.661244
0.660024
0.660431
0.660838
0.660838
0.660838
0.658804
0.660024
0.659211
0.657178
0.655551
0.652704
0.650671
0.653924
0.655551
0.657991
0.660024
0.660431
0.662871
0.659211
0.656771
0.656364
0.656364
0.659211
0.656771
0.660024
0.657584
0.661651
0.662058
0.661651
0.662871
0.661651
0.662058
0.661651
0.661651
0.659211
0.660024
0.660024
0.657178
0.657584
0.655551
0.650264
0.652298
0.656771
0.658398
0.659618
0.660431
0.662058
0.662058
0.661244
0.660838
0.659618
0.662464
0.663684
0.661651
0.659618
0.658398
0.657991
0.657178
0.656364
0.656771
0.657584
0.658804
0.659618
0.657991
0.658804
0.660431
0.662464
0.658398
0.661651
0.660838
0.663278
0.662871
0.662464
0.664904
0.660838
0.659211
0.655551
0.653924
0.653111
0.653924
0.652704
0.652298
0.654738
0.657178
0.657178
0.658804
0.659211
0.659211
0.656364
0.658804
0.660838
0.660838
0.657584
0.658804
0.657584
0.661244
0.655144
0.654331
0.652704
0.657991
0.661244
0.654738
0.653518
0.655551
0.657584
0.660431
0.649044
0.651078
0.655144
0.660838
0.659618
0.660024
0.656364
0.657178
0.659211
0.658804
0.655551
0.655144
0.661244
0.662871
0.659211
0.655551
0.654738
0.653111
0.659211
0.655144
0.654331
0.655144
0.655958
0.657584
0.660838
0.657991
0.657178
0.655958
0.661651
0.658398
0.655144
0.652704
0.656364
0.663684
0.657584
0.659618
0.659618
0.660024
0.662058
0.658398
0.656771
0.659211
0.657991
0.660024
0.659211
0.656771
0.657991
0.662058
0.653111
0.655144
0.653924
0.657991
0.655144
0.659618
0.656771
0.656364
0.658398
0.662058
0.661651
0.662871
0.664498
0.663278
0.663684
0.655958
0.656364
0.653111
0.657991
0.657991
0.655144
0.652298
0.653924
0.655551
0.657584
0.660024
0.659211
0.657584
0.661244
0.662464
0.655551
0.653518
0.654738
0.660838
0.657991
0.654331
0.651891
0.655551
0.657991
0.656771
0.651078
0.652704
0.657991
0.660024
0.657178
0.653518
0.653111
0.657178
0.658804
0.653111
0.650671
0.651891
0.653518
0.658804
0.659618
0.655144
0.653518
0.655958
0.660838
0.652298
0.649044
0.649044
0.647011
0.652704
0.654331
0.652704
0.651078
0.657991
0.660838
0.657584
0.656771
0.655144
0.661244
0.658398
0.654331
0.654738
0.658804
0.654738
0.652298
0.648638
0.648231
0.649858
0.648638
0.658398
0.658398
0.658804
0.660431
0.660431
0.664498
0.660431
0.655958
0.658398
0.662058
0.658804
0.655144
0.652298
0.655144
0.653518
0.655551
0.653518
0.654738
0.657178
0.660431
0.663684
0.659211
0.660431
0.659211
0.662464
0.656364
0.655144
0.657178
0.661244
0.659618
0.655958
0.654331
0.658804
0.657991
0.653924
0.653518
0.653518
0.660838
0.661651
0.659618
0.656364
0.656771
0.658804
0.655144
0.651484
0.647418
0.649044
0.652704
0.659618
0.657178
0.658804
0.657991
0.663684
0.658398
0.661651
0.657584
0.660431
0.661244
0.661651
0.659618
0.657178
0.660838
0.658804
0.660024
0.658804
0.661651
0.662871
0.661651
0.658804
0.659618
0.657584
0.660431
0.658804
0.657178
0.657178
0.656364
0.657178
0.655551
0.658804
0.657178
0.659211
0.655958
0.658398
0.661651
0.657178
0.662058
0.666938
0.660431
0.657991
0.658804
0.660024
0.662058
0.657178
0.655958
0.654738
0.659211
0.657178
0.659211
0.657991
0.657178
0.662058
0.661651
0.659618
0.657584
0.661244
0.659211
0.657178
0.659618
0.658804
0.660431
0.659618
0.657584
0.656771
0.655551
0.659618
0.658398
0.658398
0.660838
0.658804
0.662871
0.662464
0.660838
0.658804
0.660838
0.660838
0.656364
0.657178
0.656771
0.661651
0.662058
0.657991
0.661244
0.660431
0.662871
0.660431
0.658398
0.657584
0.659211
0.663684
0.660024
0.657178
0.655551
0.652704
0.655144
0.658804
0.654738
0.651484
0.656364
0.658804
0.662871
0.660838
0.656771
0.663278
0.660024
0.659211
0.657991
0.656364
0.658398
0.654331
0.649858
0.649044
0.650264
0.654738
0.654331
0.657991
0.655144
0.657584
0.660431
0.662058
0.658398
0.657584
0.665718
0.663684
0.654738
0.654738
0.652704
0.659211
0.661651
0.658804
0.655144
0.651891
0.657991
0.662871
0.659211
0.652298
0.655958
0.657991
0.660431
0.660431
0.654738
0.656364
0.658804
0.658398
0.659618
0.654331
0.655144
0.658398
0.662464
0.659618
0.655958
0.661651
0.661244
0.660024
0.660431
0.658804
0.662058
0.662464
0.660838
0.657584
0.658804
0.661651
0.660838
0.660431
0.656771
0.656364
0.655551
0.664904
0.662871
0.662464
0.660838
0.662058
0.662464
0.660024
0.656364
0.657584
0.658804
0.660431
0.658398
0.653111
0.653924
0.657178
0.660024
0.659618
0.653518
0.656771
0.657991
0.659211
0.664091
0.659618
0.658804
0.658804
0.663278
0.658398
0.655551
0.653924
0.657584
0.660024
0.659211
0.656771
0.656364
0.658398
0.657991
0.661244
0.660431
0.661244
0.657991
0.656771
0.656771
0.657178
0.654738
0.657991
0.654738
0.655144
0.656364
0.659618
0.662058
0.661651
0.661651
0.662058
0.664904
0.664904
0.660024
0.662871
0.663278
0.659618
0.658398
0.654331
0.659211
0.661651
0.657991
0.658398
0.660024
0.662058
0.659618
0.660838
0.655958
0.655958
0.656771
0.659618
0.660024
0.657991
0.660838
0.657584
0.664091
0.661651
0.660431
0.660431
0.664091
0.664904
0.658398
0.658398
0.657991
0.664091
0.661244
0.660431
0.659211
0.661651
0.660838
0.663278
0.657991
0.658804
0.657991
0.663278
0.662058
0.661244
0.662058
0.660431
0.662464
0.660024
0.656771
0.658398
0.660431
0.663278
0.662464
0.662871
0.664091
0.662871
0.661244
0.659211
0.660431
0.657991
0.659618
0.658804
0.654738
0.657178
0.653111
0.651078
0.656364
0.653518
0.655958
0.660024
0.666124
0.663684
0.662058
0.660838
0.660838
0.662058
0.661651
0.660431
0.660024
0.655958
0.659211
0.655144
0.655551
0.656364
0.658804
0.660838
0.655551
0.659211
0.662058
0.656771
0.656364
0.654738
0.662464
0.661651
0.660838
0.654738
0.655551
0.657584
0.659618
0.660024
0.660024
0.655144
0.655958
0.656364
0.658804
0.657178
0.657584
0.656364
0.655551
0.656364
0.657584
0.658398
0.658804
0.658804
0.658804
0.657178
0.658804
0.654331
0.657584
0.657178
0.659618
0.658398
0.660838
0.659618
0.655551
0.655958
0.662058
0.661651
0.659618
0.658398
0.659211
0.660838
0.658804
0.656771
0.655958
0.658398
0.659618
0.657991
0.657584
0.655958
0.660838
0.662871
0.662464
0.657584
0.657178
0.664091
0.660431
0.659618
0.658398
0.657178
0.656771
0.655958
0.657584
0.655958
0.658398
0.659618
0.659618
0.657991
0.657584
0.658398
0.661651
0.660431
0.655551
0.655144
0.659618
0.661244
0.658398
0.658398
0.657584
0.657991
0.663684
0.659618
0.655958
0.655551
0.660838
0.660431
0.658398
0.657178
0.656364
0.658398
0.661244
0.658804
0.658804
0.658398
0.660838
0.662871
0.661651
0.658804
0.658398
0.662464
0.660838
0.659211
0.655958
0.657991
0.660838
0.658398
0.657584
0.653924
0.655551
0.660431
0.661244
0.654331
0.656771
0.659211
0.662871
0.661651
0.656771
0.657178
0.663684
0.662058
0.659211
0.654738
0.655144
0.659618
0.657178
0.652704
0.647011
0.647011
0.653924
0.656364
0.657178
0.658398
0.661651
0.664091
0.661651
0.661651
0.662464
0.658398
0.662871
0.660838
0.658804
0.656771
0.662058
0.659618
0.654331
0.650264
0.647011
0.648231
0.657584
0.660431
0.655958
0.657991
0.657584
0.660431
0.662464
0.662058
0.663684
0.665311
0.663278
0.665718
0.663684
0.661651
0.660024
0.657584
0.656364
0.655551
0.657991
0.659211
0.661244
0.660838
0.660838
0.661244
0.659211
0.658804
0.660838
0.660431
0.661244
0.662058
0.660431
0.659618
0.659618
0.659211
0.659211
0.659618
0.657991
0.660838
0.656364
0.659618
0.659211
0.658804
0.660838
0.662464
0.663278
0.660431
0.661651
0.662464
0.664498
0.658398
0.657178
0.656771
0.662464
0.659618
0.659211
0.657991
0.658804
0.658398
0.660024
0.660838
0.660838
0.660431
0.657991
0.658804
0.655144
0.655958
0.656771
0.657991
0.656771
0.653924
0.656771
0.662871
0.660431
0.657991
0.657178
0.658804
0.663684
0.661244
0.661244
0.658804
0.659618
0.660024
0.661244
0.659211
0.653518
0.657584
0.659618
0.659618
0.660431
0.660431
0.660431
0.660431
0.658804
0.660431
0.657584
0.660024
0.657991
0.658804
0.656364
0.657178
0.662058
0.662058
0.660838
0.657991
0.661244
0.662871
0.662464
0.662058
0.661651
0.659211
0.656364
0.655958
0.655551
0.657178
0.662871
0.661651
0.661244
0.660838
0.663684
0.661651
0.659211
0.657178
0.657584
0.659211
0.660838
0.658804
0.654331
0.659618
0.661651
0.658804
0.657584
0.656364
0.656364
0.658804
0.662464
0.660024
0.653924
0.653111
0.662058
0.658398
0.660024
0.657178
0.657178
0.658804
0.656771
0.653518
0.652298
0.658398
0.660431
0.660024
0.658804
0.660431
0.660431
0.660838
0.661651
0.658398
0.659211
0.660838
0.655551
0.654738
0.655144
0.656364
0.658398
0.657178
0.657178
0.655958
0.662058
0.658398
0.659211
0.656771
0.655958
0.660024
0.657991
0.656771
0.655551
0.658804
0.657178
0.658804
0.657584
0.657584
0.657991
0.657584
0.660024
0.653924
0.658804
0.655958
0.658398
0.656771
0.659211
0.655958
0.659618
0.663278
0.660431
0.656364
0.651891
0.654738
0.662058
0.657178
0.655958
0.655144
0.660838
0.659211
0.656771
0.655958
0.656364
0.655144
0.660024
0.653518
0.654331
0.657178
0.660024
0.659618
0.655551
0.654331
0.659211
0.657584
0.660431
0.654738
0.652298
0.658398
0.656364
0.651891
0.648638
0.652704
0.657584
0.658804
0.654331
0.653518
0.654738
0.657584
0.653924
0.653924
0.646604
0.653924
0.658398
0.658804
0.648638
0.644571
0.649858
0.659618
0.661651
0.656364
0.653111
0.656771
0.664091
0.661651
0.661244
0.651484
0.657991
0.660024
0.655551
0.651484
0.649858
0.652298
0.657178
0.658804
0.653518
0.651078
0.653111
0.657584
0.664091
0.658398
0.654331
0.659618
0.657991
0.660431
0.653924
0.648638
0.648638
0.654331
0.657991
0.664904
0.660838
0.661244
0.657991
0.662058
0.665718
0.664091
0.665311
0.660838
0.664904
0.664904
0.665311
0.660431
0.657584
0.658398
0.660838
0.661244
0.657991
0.659211
0.659618
0.661244
0.660431
0.662058
0.662058
0.660431
0.661651
0.660024
0.661244
0.662058
0.663278
0.660838
0.659618
0.661244
0.658804
0.659211
0.658804
0.659211
0.660024
0.662058
0.660024
0.660838
0.662058
0.664498
0.662871
0.662464
0.659211
0.662871
0.666938
0.661651
0.660431
0.658398
0.657178
0.657584
0.655551
0.655551
0.655144
0.656771
0.656771
0.658398
0.660431
0.661244
0.662058
0.661651
0.657991
0.660431
0.662058
0.660024
0.657178
0.656364
0.657584
0.656771
0.658804
0.662058
0.660024
0.660838
0.662464
0.661651
0.657991
0.661651
0.662058
0.665311
0.661651
0.662464
0.661244
0.664091
0.660024
0.660431
0.656771
0.659618
0.660024
0.660024
0.660431
0.660024
0.660838
0.661651
0.657178
0.656771
0.653924
0.657178
0.657584
0.659211
0.657178
0.659211
0.659211
0.662058
0.656364
0.657178
0.658398
0.660024
0.657178
0.657991
0.652704
0.657991
0.660838
0.655144
0.653518
0.657991
0.659618
0.659618
0.660024
0.662058
0.662464
0.663278
0.664498
0.661244
0.659211
0.660024
0.660838
0.657178
0.654738
0.655551
0.657584
0.658804
0.659618
0.657584
0.658398
0.660838
0.662464
0.663684
0.660024
0.658804
0.660024
0.663278
0.656771
0.653518
0.658398
0.658398
0.662871
0.663684
0.655958
0.658804
0.665311
0.662058
0.653111
0.655144
0.662058
0.664904
0.663278
0.658804
0.656364
0.663278
0.664091
0.660838
0.656771
0.656364
0.662871
0.666124
0.659618
0.653924
0.655551
0.661651
0.660024
0.661244
0.659211
0.656364
0.662464
0.663278
0.661244
0.658398
0.660024
0.660024
0.657178
0.655958
0.652704
0.657178
0.657991
0.657178
0.655958
0.657584
0.657178
0.662464
0.659618
0.656364
0.659618
0.659618
0.659211
0.659211
0.662871
0.661651
0.659618
0.657584
0.655551
0.657991
0.658398
0.662464
0.662871
0.663278
0.662871
0.663684
0.663684
0.656364
0.652298
0.654331
0.656364
0.659211
0.662058
0.660024
0.657584
0.658398
0.658398
0.652704
0.653924
0.659618
0.658804
0.657178
0.659618
0.659211
0.661244
0.666531
0.660431
0.657584
0.655551
0.658804
0.658804
0.661244
0.660024
0.660838
0.660431
0.659211
0.656771
0.657584
0.658398
0.655551
0.660024
0.662058
0.655551
0.654331
0.657991
0.660431
0.656771
0.659618
0.658804
0.660838
0.661651
0.663278
0.659618
0.660024
0.662058
0.662871
0.657584
0.657178
0.659618
0.658804
0.660838
0.660431
0.658398
0.661244
0.658398
0.654331
0.654738
0.657178
0.658804
0.663684
0.662464
0.659618
0.660838
0.658804
0.659618
0.658804
0.659618
0.659618
0.657991
0.657178
0.660838
0.659211
0.660431
0.659211
0.657991
0.655144
0.656771
0.654331
0.655551
0.661651
0.663278
0.662464
0.662871
0.664498
0.660024
0.660024
0.660024
0.660431
0.658804
0.659211
0.658398
0.657991
0.658398
0.655144
0.652298
0.655144
0.656364
0.658804
0.663684
0.661244
0.661651
0.660838
0.660431
0.656771
0.655958
0.655958
0.658398
0.660838
0.664091
0.660431
0.662871
0.664091
0.661651
0.657178
0.657584
0.658398
0.661651
0.665311
0.661244
0.657991
0.659618
0.657178
0.651078
0.650671
0.657991
0.662871
0.662464
0.664091
0.656771
0.662058
0.662464
0.656771
0.651891
0.653518
0.662871
0.659211
0.658398
0.658398
0.657584
0.661244
0.657991
0.657178
0.653518
0.660838
0.658804
0.661244
0.662058
0.659211
0.661244
0.664498
0.662058
0.657584
0.657178
0.660431
0.662464
0.663684
0.660838
0.662058
0.663278
0.660838
0.656771
0.653111
0.654331
0.657991
0.657991
0.662058
0.660431
0.660838
0.664091
0.664091
0.657178
0.654738
0.656771
0.658398
0.658804
0.659211
0.648638
0.651484
0.659211
0.657991
0.653518
0.654331
0.656364
0.660431
0.661244
0.658398
0.659211
0.659211
0.664904
0.660024
0.654331
0.655551
0.659618
0.660838
0.663684
0.663684
0.660024
0.660024
0.657584
0.653111
0.651891
0.654331
0.657178
0.660431
0.662871
0.654738
0.657178
0.664091
0.662464
0.658398
0.655958
0.658398
0.661651
0.664904
0.662058
0.662871
0.663684
0.661651
0.653518
0.651484
0.657991
0.662871
0.664091
0.661244
0.656771
0.663684
0.664498
0.655958
0.655551
0.657178
0.663278
0.664091
0.657584
0.655551
0.652704
0.662464
0.660024
0.659618
0.655144
0.658804
0.657178
0.659211
0.662871
0.657584
0.654738
0.658804
0.654738
0.651484
0.649044
0.652298
0.655958
0.658398
0.661651
0.658804
0.658398
0.659618
0.661244
0.653924
0.655958
0.655551
0.657584
0.662871
0.657991
0.653111
0.657991
0.664091
0.659211
0.655144
0.657178
0.657584
0.657178
0.661244
0.657178
0.658804
0.664091
0.660024
0.656771
0.654331
0.657991
0.658398
0.659618
0.657584
0.661651
0.659618
0.660024
0.659211
0.655551
0.654331
0.654738
0.655958
0.656364
0.659211
0.662464
0.662464
0.661244
0.662871
0.656364
0.659618
0.655144
0.654738
0.658398
0.657584
0.661244
0.662871
0.661244
0.658804
0.661244
0.660024
0.661244
0.660024
0.657584
0.660024
0.660431
0.660431
0.662871
0.661244
0.658804
0.657991
0.655551
0.658398
0.662871
0.663278
0.663278
0.662058
0.660024
0.660024
0.658804
0.659618
0.660838
0.662058
0.662871
0.661244
0.658804
0.661244
0.657584
0.655958
0.657178
0.655958
0.655144
0.657584
0.661244
0.660431
0.659618
0.656364
0.656364
0.657991
0.660431
0.661244
0.661244
0.662871
0.662464
0.657991
0.660024
0.658398
0.655144
0.655551
0.654331
0.655551
0.660024
0.663278
0.661244
0.660024
0.661651
0.660838
0.657991
0.656771
0.656771
0.659211
0.660431
0.660838
0.656771
0.658398
