0.468890
0.476617
0.485563
0.488817
0.494510
0.503863
0.509963
0.513623
0.524197
0.532330
0.534364
0.540464
0.549410
0.555510
0.554290
0.557137
0.559170
0.563644
0.564457
0.565677
0.566490
0.566084
0.568524
0.572184
0.574624
0.577064
0.583164
0.582351
0.581537
0.582351
0.579097
0.580317
0.580724
0.579504
0.580317
0.578284
0.579911
0.579911
0.581131
0.581537
0.580724
0.582351
0.583571
0.584384
0.581131
0.579504
0.577877
0.579504
0.579911
0.583571
0.584384
0.583571
0.583977
0.583164
0.583164
0.583571
0.579504
0.577877
0.577471
0.578284
0.578284
0.579097
0.579504
0.582351
0.581944
0.583164
0.584791
0.586011
0.583164
0.585197
0.586011
0.585197
0.585197
0.584384
0.581944
0.583571
0.583571
0.583571
0.586011
0.584384
0.584384
0.586417
0.587231
0.585197
0.585197
0.587637
0.586011
0.587231
0.588857
0.586011
0.587637
0.586011
0.586417
0.585604
0.585604
0.584384
0.586417
0.585197
0.585197
0.585197
0.585197
0.586011
0.588451
0.585197
0.586417
0.590077
0.589264
0.589264
0.589264
0.588451
0.587231
0.586824
0.587231
0.590891
0.590891
0.589264
0.587231
0.588451
0.589264
0.589671
0.591297
0.588044
0.587637
0.588451
0.588451
0.588451
0.586417
0.590077
0.587231
0.587231
0.592924
0.587231
0.592111
0.594144
0.594144
0.592924
0.590891
0.590484
0.590484
0.590891
0.591704
0.593331
0.592111
0.591297
0.592924
0.592924
0.596584
0.595364
0.593737
0.592111
0.588857
0.588451
0.591704
0.589671
0.589671
0.592111
0.590077
0.593737
0.594957
0.599431
0.600244
0.596177
0.598211
0.599024
0.599024
0.601871
0.601464
0.602684
0.602277
0.597397
0.599431
0.595364
0.590891
0.586011
0.587637
0.586824
0.592111
0.599024
0.603904
0.604717
0.608784
0.610004
0.610004
0.608784
0.610817
0.610817
0.609597
0.610411
0.608784
0.611631
0.609597
0.609191
0.606751
0.604717
0.601464
0.596991
0.599837
0.601057
0.600651
0.602277
0.603091
0.610411
0.609597
0.612037
0.612851
0.614884
0.614884
0.615291
0.615291
0.615291
0.615697
0.615697
0.618544
0.614071
0.609597
0.609597
0.611224
0.609191
0.611631
0.618544
0.616104
0.617324
0.619357
0.618137
0.617324
0.619764
0.619764
0.618951
0.618951
0.618137
0.617731
0.616104
0.615697
0.614884
0.614071
0.617324
0.617324
0.620171
0.617731
0.619357
0.621391
0.620171
0.621797
0.621797
0.620577
0.620984
0.621391
0.619357
0.619357
0.618951
0.620577
0.622204
0.620984
0.618544
0.618544
0.620171
0.619357
0.619764
0.620577
0.621391
0.620171
0.619764
0.619357
0.618951
0.618951
0.620171
0.620171
0.621797
0.625458
0.623424
0.624644
0.627898
0.625864
0.626271
0.625051
0.624237
0.623831
0.625051
0.624644
0.625864
0.627898
0.627491
0.626678
0.624644
0.622611
0.623424
0.625864
0.627084
0.625051
0.627898
0.630338
0.630338
0.631964
0.633591
0.634404
0.633591
0.633998
0.629524
0.634404
0.633591
0.630338
0.625864
0.627491
0.625864
0.625458
0.626678
0.627491
0.625051
0.628711
0.630744
0.629931
0.629931
0.633184
0.633184
0.632778
0.633998
0.635218
0.635218
0.633184
0.630338
0.632778
0.632778
0.631964
0.632778
0.631964
0.632371
0.632371
0.631558
0.630744
0.632778
0.633184
0.633184
0.632371
0.631558
0.632778
0.631151
0.633591
0.633591
0.632371
0.631964
0.631151
0.631558
0.631558
0.631964
0.631151
0.630744
0.632778
0.632371
0.631151
0.631558
0.633184
0.633591
0.633184
0.632778
0.631964
0.633998
0.633184
0.633591
0.633591
0.630744
0.629524
0.630338
0.629931
0.630338
0.630744
0.630744
0.631151
0.634404
0.633998
0.634811
0.635218
0.634404
0.634404
0.635624
0.633998
0.634404
0.634404
0.632778
0.633184
0.629524
0.631151
0.633998
0.633591
0.634811
0.632778
0.633184
0.632778
0.632371
0.633591
0.631151
0.632778
0.633184
0.632778
0.633591
0.631558
0.630338
0.630744
0.631558
0.634404
0.631964
0.632778
0.633998
0.631964
0.631558
0.631558
0.631964
0.632371
0.631964
0.631151
0.631151
0.632371
0.630338
0.628711
0.626678
0.626678
0.628711
0.629524
0.633998
0.638064
0.635624
0.637658
0.636031
0.633591
0.631151
0.626678
0.627491
0.629931
0.630338
0.634404
0.635218
0.635218
0.634404
0.630744
0.629524
0.629524
0.628711
0.628711
0.628711
0.628304
0.627084
0.628304
0.628304
0.627898
0.629118
0.629118
0.636438
0.637251
0.637658
0.638064
0.637658
0.635624
0.631964
0.629524
0.627491
0.627084
0.629524
0.631151
0.634811
0.636438
0.638878
0.638471
0.633998
0.633184
0.631964
0.629118
0.627898
0.629931
0.629524
0.629931
0.629524
0.629118
0.629524
0.629931
0.634404
0.637658
0.637658
0.636844
0.636438
0.638471
0.636031
0.635624
0.629931
0.630338
0.629931
0.631151
0.632371
0.635218
0.633591
0.634404
0.635624
0.632778
0.633591
0.631964
0.636438
0.636844
0.634404
0.636031
0.637658
0.638064
0.631964
0.632371
0.631151
0.631964
0.630338
0.633184
0.631558
0.635624
0.636438
0.634811
0.630744
0.633184
0.633184
0.632778
0.633184
0.631964
0.630744
0.631151
0.629524
0.629524
0.629524
0.629118
0.630744
0.631151
0.631151
0.629931
0.628304
0.630744
0.632371
0.629118
0.628711
0.631151
0.629118
0.633184
0.632778
0.633184
0.632371
0.631558
0.627898
0.630744
0.630338
0.629118
0.629118
0.632778
0.632778
0.631151
0.633184
0.633591
0.629118
0.631151
0.631558
0.630744
0.630338
0.627491
0.633998
0.631558
0.631964
0.633591
0.634811
0.630744
0.630338
0.629931
0.629931
0.629931
0.631151
0.631151
0.632371
0.631964
0.631558
0.632371
0.631964
0.632371
0.633184
0.633998
0.636438
0.637658
0.635218
0.631964
0.631558
0.630338
0.629524
0.630744
0.632371
0.630744
0.631151
0.631964
0.631558
0.629118
0.631151
0.631964
0.632371
0.629524
0.632371
0.635218
0.633591
0.631151
0.631964
0.631964
0.629524
0.630338
0.631558
0.631558
0.633591
0.632371
0.630744
0.632778
0.633998
0.633591
0.633591
0.633591
0.633184
0.634811
0.634404
0.633998
0.633591
0.632778
0.631964
0.631558
0.631558
0.630338
0.630338
0.632778
0.633591
0.631964
0.629118
0.633591
0.632371
0.631558
0.633184
0.630338
0.632371
0.633591
0.631964
0.633184
0.635218
0.632778
0.634404
0.635218
0.635218
0.636438
0.635218
0.634811
0.635218
0.634811
0.634404
0.633591
0.632778
0.633998
0.631151
0.631964
0.633184
0.632371
0.632778
0.635218
0.634404
0.635624
0.635218
0.636031
0.632371
0.634404
0.633998
0.633998
0.633998
0.631964
0.633591
0.633591
0.635218
0.632371
0.632371
0.634404
0.634811
0.635624
0.634811
0.635624
0.638878
0.639691
0.635624
0.638064
0.636031
0.633591
0.633591
0.633591
0.633184
0.636031
0.635624
0.634404
0.636438
0.634404
0.631964
0.633591
0.632371
0.631558
0.633998
0.632778
0.632778
0.633591
0.633184
0.632778
0.633184
0.633591
0.633184
0.633591
0.633998
0.634811
0.635218
0.633998
0.636031
0.634811
0.633998
0.632778
0.633184
0.633998
0.634811
0.633591
0.633591
0.632371
0.632778
0.633184
0.633998
0.633998
0.634811
0.634404
0.636844
0.637251
0.634811
0.634811
0.635218
0.633184
0.633184
0.634811
0.633998
0.637658
0.637251
0.637251
0.636844
0.634811
0.635624
0.632778
0.633591
0.633184
0.632371
0.633184
0.632778
0.633184
0.631151
0.633591
0.634811
0.634404
0.636438
0.633591
0.635624
0.632778
0.632778
0.633184
0.632371
0.633184
0.632778
0.633998
0.634811
0.636031
0.634404
0.635624
0.636031
0.633998
0.631964
0.634404
0.636438
0.634811
0.634404
0.635218
0.635624
0.636844
0.636031
0.635624
0.634404
0.632778
0.632778
0.633184
0.636844
0.636031
0.637251
0.637251
0.636438
0.636438
0.635624
0.632778
0.632778
0.634404
0.635624
0.632778
0.633591
0.634404
0.632778
0.632371
0.631964
0.631964
0.632371
0.633184
0.634404
0.632371
0.633998
0.636031
0.633591
0.635624
0.632778
0.632778
0.633591
0.636438
0.633184
0.632371
0.632371
0.634404
0.636844
0.633591
0.633184
0.631964
0.634811
0.634404
0.634811
0.637658
0.638064
0.635624
0.636438
0.638471
0.634811
0.633184
0.634811
0.636844
0.637251
0.636844
0.636031
0.635624
0.634404
0.633998
0.636438
0.635624
0.634811
0.636031
0.635624
0.633998
0.636438
0.636031
0.637658
0.638878
0.637251
0.634811
0.634404
0.633998
0.635218
0.634811
0.633591
0.638064
0.635218
0.636438
0.636844
0.634811
0.635624
0.636031
0.633591
0.633184
0.633591
0.633998
0.633998
0.636438
0.636844
0.633998
0.634811
0.634811
0.635624
0.636438
0.635624
0.635218
0.635218
0.636438
0.638878
0.633184
0.633998
0.633184
0.633591
0.636438
0.636031
0.635218
0.635624
0.635218
0.633184
0.634404
0.633998
0.633591
0.635218
0.636438
0.636031
0.635624
0.635624
0.637251
0.637251
0.634404
0.636438
0.633998
0.637251
0.637658
0.636031
0.637251
0.635624
0.634404
0.633591
0.632371
0.634404
0.634404
0.634404
0.634811
0.634404
0.635218
0.635218
0.633591
0.634404
0.633591
0.635218
0.636031
0.636844
0.636844
0.637658
0.636031
0.638064
0.639691
0.638471
0.637251
0.636438
0.636031
0.637251
0.636844
0.636031
0.634811
0.636844
0.636031
0.636844
0.633184
0.635218
0.638064
0.637251
0.636438
0.636031
0.637658
0.636031
0.633998
0.633184
0.633591
0.635624
0.635624
0.637251
0.638064
0.635218
0.635624
0.634404
0.634404
0.633998
0.635218
0.633998
0.633591
0.633591
0.634811
0.633184
0.634811
0.634811
0.634404
0.634404
0.636031
0.636844
0.636844
0.637251
0.635624
0.632778
0.633184
0.634404
0.633184
0.633184
0.633998
0.634811
0.634404
0.633184
0.631964
0.631151
0.633998
0.632778
0.632778
0.634811
0.633998
0.634811
0.634404
0.634404
0.635624
0.635624
0.634811
0.634811
0.634811
0.635624
0.635624
0.637251
0.636844
0.633998
0.635218
0.633591
0.634404
0.633591
0.632778
0.633184
0.631964
0.630338
0.629524
0.630338
0.631151
0.633184
0.631964
0.631964
0.631558
0.634404
0.634404
0.636031
0.633998
0.635624
0.635624
0.634811
0.634811
0.635624
0.636031
0.636031
0.636031
0.636438
0.636844
0.637251
0.637251
0.637251
0.637251
0.636031
0.636438
0.636844
0.637658
0.637658
0.635624
0.636031
0.636031
0.635624
0.634404
0.636438
0.635624
0.635624
0.634811
0.634811
0.635624
0.633184
0.632371
0.633184
0.631558
0.633184
0.635218
0.636844
0.634811
0.633998
0.630338
0.631558
0.630744
0.631558
0.634404
0.635218
0.636031
0.637251
0.636438
0.634811
0.634404
0.636031
0.633184
0.635624
0.635218
0.636844
0.636438
0.637251
0.636031
0.632371
0.632371
0.633591
0.632371
0.629118
0.629118
0.631151
0.635218
0.634404
0.631558
0.631558
0.634811
0.632371
0.632371
0.634811
0.636031
0.636844
0.636031
0.636031
0.635218
0.632371
0.632371
0.632778
0.635218
0.636031
0.635218
0.637251
0.637251
0.636844
0.635218
0.636844
0.636438
0.636438
0.632778
0.630744
0.632778
0.634404
0.633591
0.631151
0.629118
0.628304
0.628711
0.629118
0.629118
0.631151
0.634811
0.635624
0.636438
0.632778
0.633591
0.633591
0.633184
0.633184
0.633998
0.636844
0.635218
0.635624
0.636844
0.632778
0.634811
0.634811
0.633184
0.634811
0.634811
0.637251
0.636844
0.635624
0.630744
0.636031
0.636031
0.630744
0.633591
0.633591
0.633998
0.635218
0.633998
0.632371
0.634811
0.632778
0.636844
0.636031
0.636844
0.637251
0.635218
0.636438
0.635218
0.636031
0.635218
0.632778
0.635218
0.635624
0.632778
0.633591
0.637658
0.636438
0.638064
0.636438
0.636844
0.636031
0.637658
0.636031
0.636438
0.635624
0.634811
0.634811
0.636031
0.636438
0.634811
0.636438
0.635624
0.636844
0.638064
0.635624
0.636438
0.636031
0.635624
0.631151
0.631964
0.632778
0.631964
0.631558
0.635624
0.636438
0.635218
0.634811
0.637251
0.637658
0.637251
0.635624
0.636031
0.636438
0.637658
0.638471
0.637658
0.636844
0.635624
0.636844
0.637251
0.636438
0.638064
0.638471
0.638878
0.638064
0.638471
0.635624
0.637251
0.635218
0.636031
0.636031
0.635624
0.635218
0.635218
0.634404
0.633591
0.633998
0.633184
0.636438
0.635218
0.637251
0.635624
0.637658
0.637658
0.637658
0.635624
0.635218
0.636031
0.635218
0.636844
0.635218
0.636031
0.634404
0.635218
0.631964
0.631964
0.633998
0.633998
0.632778
0.634404
0.634404
0.634811
0.636438
0.636031
0.634404
0.634404
0.633184
0.633998
0.633591
0.633591
0.634404
0.633998
0.635624
0.636031
0.636844
0.637658
0.635218
0.636844
0.634811
0.637251
0.633998
0.635218
0.633998
0.636438
0.638064
0.638064
0.638878
0.638878
0.636844
0.637658
0.635624
0.637658
0.635624
0.636438
0.635218
0.637251
0.637658
0.637658
0.637251
0.637251
0.637658
0.636438
0.634404
0.635624
0.636844
0.636031
0.635624
0.635218
0.636438
0.636844
0.636844
0.636844
0.636438
0.638064
0.638878
0.640098
0.638471
0.639691
0.638064
0.636438
0.636438
0.637251
0.638064
0.639284
0.639284
0.637658
0.636031
0.633998
0.634404
0.634811
0.634404
0.634404
0.633998
0.638471
0.639691
0.637658
0.635624
0.633998
0.635624
0.634811
0.634811
0.636438
0.636438
0.637251
0.636844
0.637658
0.636844
0.635218
0.636031
0.636844
0.636031
0.637658
0.638878
0.637658
0.638471
0.638471
0.637251
0.634811
0.635624
0.635624
0.635624
0.639284
0.640098
0.639691
0.640911
0.639284
0.639284
0.636031
0.636031
0.636438
0.636844
0.638471
0.638471
0.636438
0.634811
0.635218
0.636031
0.635624
0.635218
0.636438
0.638878
0.639284
0.640504
0.638878
0.638064
0.638064
0.636844
0.636438
0.635218
0.638064
0.640911
0.639284
0.641724
0.640911
0.641318
0.640098
0.641318
0.642944
0.640911
0.641724
0.641318
0.640504
0.640504
0.640504
0.636844
0.637251
0.635624
0.637251
0.636844
0.638471
0.637658
0.635624
0.638878
0.636438
0.636031
0.636844
0.635624
0.636438
0.636844
0.638064
0.638471
0.638471
0.638471
0.640098
0.640504
0.639691
0.637658
0.638471
0.638878
0.640098
0.639284
0.638064
0.638471
0.632778
0.634404
0.633184
0.630338
0.629931
0.631964
0.634811
0.637658
0.637251
0.637658
0.636031
0.638064
0.636844
0.638471
0.639284
0.639284
0.640098
0.640098
0.640098
0.639284
0.634404
0.635624
0.635624
0.634404
0.635624
0.638064
0.638064
0.638471
0.637658
0.638878
0.635218
0.636031
0.636031
0.635624
0.638878
0.639691
0.640098
0.640911
0.640098
0.636438
0.636438
0.638064
0.635218
0.642944
0.640911
0.639284
0.640504
0.638471
0.638878
0.635218
0.633184
0.635624
0.634404
0.633591
0.636844
0.637658
0.638471
0.638878
0.640504
0.640911
0.640911
0.642944
0.641318
0.641724
0.642538
0.641724
0.642538
0.638878
0.636844
0.638471
0.637658
0.637251
0.639284
0.641318
0.639691
0.641318
0.639691
0.639284
0.637658
0.638471
0.637251
0.637658
0.639691
0.640504
0.640098
0.638878
0.640504
0.636438
0.637251
0.637251
0.637251
0.640911
0.642944
0.642944
0.643758
0.641724
0.641318
0.640504
0.640098
0.638064
0.638064
0.640911
0.640911
0.640911
0.641724
0.641318
0.639284
0.638878
0.639284
0.637658
0.640911
0.641318
0.642538
0.642944
0.640504
0.639284
0.636031
0.639284
0.639691
0.637658
0.642538
0.643351
0.642538
0.642131
0.642538
0.641724
0.639691
0.637251
0.637251
0.639284
0.642538
0.641318
0.641318
0.638064
0.637658
0.637251
0.636438
0.637658
0.636844
0.642538
0.644164
0.644978
0.644978
0.642538
0.641318
0.639284
0.638471
0.637658
0.636844
0.641318
0.642944
0.642131
0.642131
0.641724
0.640098
0.636438
0.636031
0.637251
0.642538
0.642944
0.642538
0.643758
0.643351
0.642944
0.640504
0.642131
0.641724
0.640504
0.645384
0.643758
0.643351
0.643758
0.642944
0.642131
0.640911
0.640098
0.641318
0.642538
0.644164
0.644571
0.642131
0.642538
0.640504
0.639284
0.639284
0.640504
0.638471
0.642131
0.644571
0.644571
0.644571
0.642944
0.643351
0.638878
0.636844
0.638064
0.636844
0.641724
0.641724
0.641724
0.640911
0.641318
0.641318
0.641724
0.642538
0.644164
0.644571
0.644164
0.644978
0.644571
0.640911
0.641318
0.642131
0.640098
0.641318
0.640098
0.646604
0.644978
0.646198
0.645791
0.644978
0.642131
0.640098
0.640911
0.641318
0.638471
0.640911
0.644978
0.645791
0.644978
0.644978
0.644571
0.642131
0.640098
0.640911
0.647011
0.646604
0.645791
0.646198
0.648231
0.646198
0.642538
0.640098
0.640098
0.640911
0.645791
0.647418
0.647418
0.647824
0.645791
0.644571
0.643758
0.642131
0.643351
0.647824
0.647011
0.646604
0.647011
0.648231
0.645384
0.642538
0.640911
0.640504
0.641724
0.645791
0.649044
0.647824
0.647418
0.643758
0.643351
0.643351
0.640504
0.641318
0.645384
0.650264
0.650671
0.649858
0.648638
0.645791
0.641724
0.640504
0.640504
0.636031
0.637251
0.640098
0.640504
0.642131
0.640504
0.640911
0.638471
0.637658
0.639691
0.641724
0.646198
0.647011
0.646198
0.644978
0.644978
0.644571
0.642944
0.643758
0.643758
0.648231
0.647824
0.648231
0.648231
0.643351
0.641724
0.639691
0.636844
0.634404
0.637658
0.641318
0.647011
0.647011
0.645791
0.643758
0.641724
0.642944
0.643758
0.643351
0.643758
0.645384
0.644571
0.645791
0.646198
0.646604
0.644571
0.642538
0.640504
0.640504
0.642131
0.646604
0.647011
0.646198
0.643758
0.641724
0.637251
0.636438
0.635218
0.636438
0.640504
0.644164
0.645791
0.643351
0.643351
0.643758
0.644571
0.643351
0.643758
0.642131
0.644571
0.644571
0.643351
0.643758
0.644978
0.642131
0.642131
0.641318
0.640504
0.642538
0.647418
0.647824
0.647824
0.647418
0.647418
0.644978
0.642944
0.642538
0.642944
0.645384
0.646198
0.645791
0.643351
0.642944
0.644164
0.642944
0.644571
0.646198
0.648231
0.649858
0.649451
0.649044
0.646198
0.643351
0.640911
0.640098
0.639284
0.640504
0.646604
0.649858
0.649451
0.645791
0.643758
0.642944
0.642944
0.642131
0.644164
0.644571
0.644978
0.645791
0.647418
0.647011
0.643351
0.642538
0.642944
0.640911
0.640504
0.641724
0.644164
0.648638
0.647418
0.648231
0.645791
0.644571
0.644164
0.643758
0.643758
0.641724
0.644164
0.644978
0.645384
0.644978
0.642131
0.641724
0.640911
0.640098
0.647418
0.648231
0.645384
0.645384
0.644978
0.642944
0.642131
0.642538
0.643351
0.642944
0.647824
0.647824
0.648231
0.649044
0.647418
0.646604
0.641724
0.642944
0.642131
0.643758
0.645384
0.647011
0.647418
0.642131
0.641724
0.642538
0.643758
0.644978
0.645791
0.646604
0.646198
0.645791
0.645791
0.646198
0.647418
0.645791
0.645384
0.644164
0.643351
0.647011
0.647011
0.647418
0.645384
0.644164
0.641724
0.642538
0.643351
0.644571
0.649858
0.648231
0.647824
0.647418
0.647824
0.646198
0.644164
0.646198
0.646604
0.644978
0.646604
0.649044
0.646198
0.647824
0.643758
0.644164
0.645791
0.645384
0.643351
0.646198
0.648638
0.648638
0.647418
0.644571
0.642538
0.645791
0.644978
0.644571
0.644978
0.646198
0.646604
0.645791
0.646198
0.645384
0.647011
0.645791
0.646198
0.646198
0.644164
0.646604
0.649858
0.646198
0.647418
0.648231
0.647824
0.647418
0.645791
0.644571
0.648231
0.647418
0.647824
0.647418
0.646604
0.645384
0.643758
0.644164
0.643351
0.645384
0.645384
0.648638
0.648638
0.647824
0.644978
0.643351
0.646198
0.643758
0.645384
0.646604
0.648638
0.648231
0.648638
0.647418
0.646198
0.646604
0.645791
0.644571
0.647011
0.644164
0.647418
0.649451
0.649451
0.649044
0.648231
0.643758
0.643758
0.642944
0.642131
0.645791
0.647418
0.649451
0.647418
0.645384
0.645384
0.645791
0.647011
0.646198
0.647418
0.647824
0.649044
0.648638
0.648231
0.646198
0.643758
0.644978
0.644978
0.642944
0.644978
0.649044
0.648231
0.647824
0.648231
0.649044
0.649044
0.647824
0.646604
0.649044
0.650264
0.649451
0.648638
0.649044
0.647418
0.645791
0.646604
0.646198
0.646198
0.649044
0.649858
0.649858
0.650264
0.648638
0.645791
0.647418
0.647418
0.648231
0.645791
0.647824
0.649858
0.651078
0.649451
0.649044
0.645791
0.645384
0.646604
0.646604
0.647824
0.649858
0.649044
0.649044
0.648638
0.647824
0.646604
0.644571
0.642944
0.648231
0.647011
0.648231
0.651484
0.649451
0.651078
0.647824
0.646604
0.648231
0.647824
0.646198
0.647824
0.647824
0.647824
0.649451
0.649044
0.647418
0.646604
0.647418
0.647418
0.648638
0.650264
0.648638
0.651078
0.650264
0.646604
0.648638
0.647011
0.646198
0.647824
0.649044
0.649451
0.649044
0.649044
0.649044
0.649858
0.649858
0.647418
0.646604
0.649858
0.650264
0.649858
0.649451
0.649451
0.649451
0.647011
0.647824
0.647824
0.647011
0.651078
0.651891
0.651891
0.652704
0.649858
0.648231
0.647824
0.646198
0.645384
0.649858
0.650264
0.649858
0.649044
0.649044
0.648638
0.647418
0.647418
0.647418
0.648638
0.649044
0.650671
0.649858
0.650264
0.651078
0.649858
0.647824
0.645384
0.646604
0.646198
0.649858
0.650264
0.651078
0.650671
0.650264
0.650264
0.648231
0.646198
0.648231
0.650671
0.651484
0.651891
0.651484
0.648638
0.647418
0.645384
0.642131
0.641318
0.642131
0.647011
0.649451
0.649044
0.648638
0.649044
0.646604
0.648638
0.647011
0.647011
0.648231
0.647011
0.647824
0.647824
0.646604
0.645791
0.645791
0.645791
0.645384
0.647418
0.652704
0.650264
0.650671
0.651484
0.649451
0.647011
0.646604
0.647011
0.644164
0.648638
0.647418
0.647824
0.650264
0.651078
0.650264
0.649451
0.649451
0.648231
0.649858
0.650264
0.651078
0.651891
0.651891
0.649451
0.649044
0.648638
0.649858
0.650264
0.649858
0.651078
0.650671
0.649451
0.649858
0.649858
0.649451
0.650264
0.647418
0.649858
0.648231
0.651078
0.650671
0.650671
0.646198
0.644978
0.646198
0.642944
0.643351
0.644978
0.647011
0.650264
0.647418
0.648231
0.649044
0.647418
0.646198
0.646198
0.644978
0.647011
0.646604
0.647011
0.650264
0.650264
0.650671
0.648638
0.646198
0.647824
0.646604
0.645384
0.646604
0.647418
0.648231
0.647418
0.646198
0.646198
0.646604
0.646604
0.646604
0.648638
0.649044
0.649451
0.648638
0.648638
0.647011
0.646604
0.647011
0.645791
0.648231
0.648231
0.649451
0.649451
0.649044
0.647418
0.647418
0.647418
0.647418
0.647418
0.645791
0.649451
0.648638
0.650671
0.648231
0.645791
0.646604
0.649044
0.647011
0.649858
0.645384
0.647824
0.648231
0.648231
0.648638
0.647824
0.647011
0.646198
0.647418
0.649451
0.649858
0.650264
0.649858
0.648231
0.647824
0.647824
0.649044
0.648231
0.647011
0.648638
0.650671
0.650264
0.649451
0.651078
0.648638
0.647011
0.647418
0.647418
0.646604
0.644164
0.647824
0.648231
0.644978
0.647011
0.648231
0.647824
0.647824
0.646198
0.650671
0.648231
0.648231
0.649451
0.648231
0.647824
0.647418
0.647824
0.647418
0.647824
0.649451
0.649451
0.648231
0.649451
0.649044
0.649858
0.649044
0.650671
0.649858
0.648638
0.648231
0.651484
0.649044
0.649451
0.650671
0.647824
0.649044
0.649044
0.647418
0.647824
0.649451
0.651484
0.649858
0.650671
0.651484
0.648231
0.648231
0.647011
0.645791
0.647418
0.647824
0.647011
0.647418
0.646198
0.647824
0.647011
0.646604
0.648638
0.649044
0.651078
0.650264
0.651078
0.649858
0.649858
0.648231
0.650264
0.649044
0.648638
0.651891
0.652298
0.651891
0.651484
0.651078
0.650264
0.650671
0.649451
0.647824
0.649044
0.649451
0.650264
0.649858
0.649044
0.644978
0.648638
0.649451
0.646604
0.646198
0.649044
0.648231
0.648638
0.649451
0.651891
0.650671
0.648231
0.649451
0.648638
0.649451
0.652298
0.651891
0.652298
0.650264
0.650671
0.651078
0.648231
0.649858
0.651078
0.649451
0.651891
0.651078
0.650671
0.649044
0.647824
0.649451
0.645384
0.642944
0.649858
0.649451
0.651484
0.649451
0.650671
0.651891
0.650671
0.648638
0.647011
0.649044
0.650671
0.650671
0.651891
0.651078
0.648638
0.648638
0.650671
0.649044
0.648231
0.649451
0.648638
0.649858
0.650671
0.649858
0.648638
0.647824
0.649451
0.648638
0.649451
0.649858
0.648638
0.651078
0.649858
0.653111
0.649858
0.649044
0.647418
0.647824
0.648638
0.649044
0.651891
0.649451
0.649858
0.650264
0.649858
0.650671
0.648638
0.645791
0.647824
0.651891
0.649451
0.652298
0.652704
0.651891
0.651484
0.649858
0.649451
0.649858
0.649451
0.651078
0.650671
0.650671
0.649858
0.649044
0.649044
0.649044
0.648231
0.648231
0.649044
0.652298
0.650671
0.650264
0.648638
0.648638
0.647824
0.648231
0.647824
0.648638
0.647418
0.649451
0.650671
0.650264
0.649451
0.647824
0.649451
0.647418
0.650264
0.649858
0.650671
0.649044
0.649451
0.649858
0.648231
0.648231
0.649044
0.648231
0.647011
0.649451
0.649451
0.652298
0.650671
0.647418
0.647418
0.647824
0.648231
0.650264
0.647418
0.650264
0.649451
0.649044
0.651078
0.649044
0.649044
0.650264
0.649044
0.649451
0.648231
0.650671
0.650671
0.649858
0.650671
0.648638
0.648231
0.647011
0.647824
0.647011
0.649858
0.651078
0.651891
0.651484
0.650264
0.648231
0.647011
0.646604
0.648231
0.649044
0.651891
0.651891
0.651891
0.653111
0.650671
0.647824
0.647824
0.647011
0.648231
0.651484
0.650671
0.651484
0.650671
0.651078
0.649044
0.648638
0.649451
0.649858
0.649858
0.649858
0.649451
0.650264
0.649858
0.649451
0.647824
0.648231
0.644571
0.646604
0.648231
0.650671
0.650671
0.649858
0.651484
0.651078
0.648231
0.647011
0.647824
0.647824
0.648231
0.647824
0.647011
0.645791
0.644571
0.646604
0.646198
0.647011
0.644978
0.648638
0.651484
0.652298
0.652704
0.649451
0.647418
0.647824
0.647824
0.646198
0.647824
0.647418
0.648638
0.651484
0.651891
0.650264
0.648638
0.647011
0.647011
0.648231
0.647011
0.648231
0.649451
0.649044
0.649451
0.647011
0.646604
0.646198
0.647824
0.645384
0.648231
0.650671
0.650671
0.650671
0.649858
0.647824
0.646604
0.648231
0.646604
0.648231
0.647418
0.647418
0.648231
0.647011
0.645791
0.646198
0.647011
0.646604
0.646604
0.647011
0.649451
0.651484
0.650671
0.648231
0.648231
0.648231
0.647418
0.647824
0.646198
0.647824
0.648638
0.649044
0.648231
0.646604
0.647011
0.648638
0.647824
0.647011
0.647418
0.649451
0.650264
0.649044
0.648231
0.646604
0.647011
0.648231
0.646198
0.648231
0.646604
0.650671
0.651484
0.651484
0.649858
0.648638
0.644571
0.647011
0.645791
0.646604
0.646198
0.648231
0.647824
0.646604
0.647011
0.648231
0.647418
0.646604
0.648638
0.650264
0.649451
0.648231
0.648638
0.645791
0.645384
0.649858
0.650671
0.649858
0.647011
0.648638
0.649044
0.649858
0.648638
0.646604
0.647824
0.647418
0.647011
0.648231
0.647824
0.649451
0.650671
0.650264
0.648638
0.645384
0.647418
0.645384
0.644978
0.646604
0.648638
0.653111
0.651891
0.652298
0.650264
0.649044
0.648231
0.651078
0.650264
0.649451
0.646604
0.648638
0.650671
0.649858
0.648638
0.646198
0.646604
0.647011
0.646604
0.646198
0.648638
0.649451
0.650671
0.647824
0.646198
0.648638
0.648638
0.648231
0.645791
0.647011
0.651484
0.651078
0.650671
0.648231
0.647011
0.645384
0.645384
0.644978
0.646198
0.646604
0.647824
0.647824
0.647418
0.647418
0.645791
0.646604
0.648231
0.647011
0.648231
0.647824
0.649044
0.648638
0.646198
0.646198
0.644571
0.644164
0.645384
0.643758
0.646604
0.646198
0.647418
0.646604
0.645791
0.646604
0.645384
0.646604
0.645791
0.647418
0.647011
0.648638
0.650264
0.647418
0.647011
0.647418
0.644978
0.646198
0.647418
0.647824
0.650264
0.651891
0.651891
0.647824
0.646198
0.646604
0.647418
0.647011
0.644978
0.643351
0.647011
0.647011
0.644571
0.643351
0.645384
0.646198
0.644164
0.646198
0.645791
0.647418
0.651078
0.649044
0.644571
0.644571
0.646604
0.646604
0.645791
0.645791
0.644164
0.647011
0.648231
0.649858
0.645384
0.644571
0.645791
0.645384
0.645791
0.644978
0.646198
0.648231
0.650671
0.644978
0.645384
0.645384
0.647011
0.647011
0.645791
0.649451
0.648638
0.650264
0.649451
0.644164
0.644978
0.644571
0.647011
0.645791
0.646198
0.649451
0.649858
0.650671
0.647418
0.645384
0.644571
0.645791
0.644164
0.644164
0.644978
0.651078
0.648231
0.648231
0.647418
0.644164
0.645384
0.646198
0.645791
0.645791
0.643758
0.647011
0.647418
0.648638
0.648231
0.648638
0.647824
0.644571
0.644978
0.647011
0.647824
0.649044
0.649451
0.647418
0.646604
0.644571
0.644978
0.644978
0.645791
0.645791
0.650264
0.650671
0.649858
0.645384
0.644571
0.646604
0.646198
0.647011
0.646198
0.647011
0.649044
0.650264
0.647418
0.646604
0.645791
0.648638
0.647418
0.647418
0.645384
0.651078
0.649858
0.650264
0.647418
0.644571
0.647418
0.646604
0.646198
0.647011
0.644978
0.643351
0.645791
0.647824
0.643351
0.642944
0.644978
0.646198
0.644978
0.644571
0.644571
0.644571
0.644164
0.644164
0.646198
0.647418
0.647011
0.646198
0.646198
0.641724
0.648638
0.650264
0.650264
0.649044
0.644571
0.645384
0.645791
0.645384
0.642944
0.644571
0.649044
0.648638
0.644571
0.643758
0.644978
0.644978
0.644978
0.643758
0.644571
0.649451
0.649451
0.649451
0.646198
0.643758
0.645791
0.646198
0.645384
0.646198
0.644978
0.649451
0.650264
0.649858
0.645791
0.644571
0.647011
0.644978
0.646198
0.644571
0.644978
0.648231
0.651891
0.649858
0.644571
0.646198
0.645384
0.643758
0.645384
0.644978
0.644978
0.647418
0.649858
0.647011
0.644571
0.646604
0.645791
0.644978
0.645384
0.646604
0.647418
0.649044
0.648231
0.646604
0.644978
0.644571
0.644571
0.644978
0.644978
0.650671
0.650671
0.649451
0.644164
0.645384
0.645384
0.646604
0.646198
0.647011
0.644164
0.644164
0.647418
0.649044
0.647824
0.644164
0.646604
0.647824
0.648231
0.645384
0.644164
0.642538
0.648231
0.644571
0.643351
0.644978
0.647011
0.646198
0.644571
0.648638
0.650671
0.650264
0.649044
0.644978
0.646198
0.646198
0.646604
0.647011
0.646604
0.644164
0.644571
0.645384
0.644164
0.642944
0.646198
0.644978
0.646198
0.646198
0.644571
0.647011
0.650264
0.649451
0.645791
0.644978
0.647011
0.646198
0.645384
0.645791
0.646604
0.646198
0.646604
0.649451
0.648638
0.644978
0.645384
0.645384
0.645791
0.645384
0.643351
0.642131
0.643758
0.643351
0.642538
0.646604
0.646198
0.644978
0.646604
0.642131
0.647418
0.645384
0.647011
0.642538
0.643758
0.646198
0.644978
0.646198
0.643758
0.643351
0.647011
0.644978
0.645384
0.643758
0.646198
0.645384
0.644978
0.645384
0.646198
0.648638
0.648638
0.649044
0.646604
0.643758
0.645384
0.644571
0.646198
0.645384
0.645384
0.645791
0.647011
0.646198
0.647011
0.642538
0.645791
0.644571
0.645384
0.644978
0.645384
0.649044
0.651078
0.645791
0.645384
0.644164
0.645791
0.645384
0.647418
0.644571
0.647011
0.649858
0.648231
0.645791
0.645791
0.644978
0.644978
0.646198
0.647011
0.644164
0.644571
0.644571
0.644978
0.643758
0.644571
0.644978
0.644571
0.643351
0.644978
0.643351
0.644978
0.645791
0.644571
0.642944
0.642944
0.644571
0.645791
0.644571
0.645384
0.647011
0.646198
0.645791
0.646604
0.646604
0.644571
0.645791
0.647418
0.646198
0.646198
0.646604
0.647824
0.646198
0.644164
0.645384
0.645384
0.645384
0.644571
0.645384
0.647011
0.647418
0.646604
0.644978
0.646198
0.645791
0.647418
0.647418
0.646604
0.645791
0.648231
0.648231
0.644571
0.645791
0.646198
0.646198
0.646604
0.646198
0.644978
0.649044
0.646198
0.648638
0.644571
0.645791
0.646604
0.645791
0.644978
0.646198
0.643758
0.647824
0.649858
0.649451
0.647824
0.644164
0.644571
0.644571
0.644571
0.643758
0.644978
0.644571
0.648231
0.647418
0.646198
0.643351
0.644978
0.642944
0.646198
0.645791
0.647011
0.647824
0.646604
0.644571
0.645791
0.645791
0.647418
0.646604
0.644571
0.647418
0.649451
0.646604
0.645791
0.645384
0.645384
0.644978
0.645791
0.644571
0.647418
0.649044
0.647418
0.648231
0.647824
0.645384
0.646198
0.645791
0.644978
0.646604
0.647418
0.648231
0.649044
0.648638
0.647418
0.646604
0.647011
0.645791
0.644571
0.646604
0.647011
0.645384
0.647011
0.647011
0.645791
0.646604
0.644164
0.644978
0.645791
0.647011
0.647824
0.649044
0.649044
0.646198
0.647011
0.646604
0.646198
0.645791
0.645791
0.646198
0.645791
0.646198
0.647011
0.647011
0.647418
0.647824
0.645791
0.645384
0.646198
0.646604
0.647824
0.647824
0.646198
0.645791
0.647824
0.649044
0.647824
0.648231
0.645384
0.647418
0.647824
0.648638
0.645791
0.645791
0.649044
0.647418
0.647418
0.647418
0.647011
0.647011
0.647824
0.647824
0.648231
0.646604
0.646604
0.648638
0.647418
0.647418
0.649451
0.649451
0.646604
0.647824
0.648231
0.648638
0.645384
0.646198
0.648638
0.648231
0.646604
0.647824
0.646604
0.645384
0.648231
0.647011
0.647418
0.647011
0.645384
0.644978
0.648231
0.647824
0.649451
0.644571
0.647418
0.644978
0.646604
0.647824
0.647418
0.648231
0.647011
0.646604
0.647418
0.647418
0.646198
0.648231
0.647011
0.645791
0.647418
0.647418
0.647418
0.643758
0.644978
0.645791
0.646604
0.648231
0.647418
0.646604
0.648638
0.648231
0.646604
0.647418
0.645791
0.647418
0.647824
0.648231
0.647418
0.647418
0.646198
0.645384
0.644978
0.645384
0.648231
0.647011
0.646604
0.647011
0.644571
0.646198
0.645384
0.645384
0.644978
0.647011
0.647011
0.645791
0.645791
0.647011
0.648638
0.645384
0.646198
0.647418
0.647418
0.646198
0.647011
0.645384
0.646198
0.647418
0.647011
0.646604
0.647418
0.645791
0.647011
0.647011
0.647418
0.646198
0.645384
0.646604
0.646604
0.646604
0.647418
0.646604
0.646198
0.645791
0.645791
0.644978
0.646198
0.647011
0.648231
0.646198
0.647418
0.647418
0.647011
0.647824
0.647418
0.646198
0.648231
0.646198
0.647011
0.648231
0.647824
0.645384
0.646604
0.647418
0.649044
0.647418
0.647418
0.649858
0.649044
0.647011
0.647418
0.649044
0.647418
0.648231
0.647824
0.647011
0.650264
0.650264
0.647824
0.647011
0.649451
0.647418
0.647011
0.647418
0.649044
0.648638
0.652704
0.651484
0.648638
0.646604
0.645791
0.648638
0.646604
0.646198
0.649858
0.647011
0.645384
0.648638
0.644978
0.647011
0.647824
0.647824
0.647824
0.647418
0.646198
0.648231
0.649451
0.650264
0.646198
0.648638
0.644978
0.644164
0.645791
0.644978
0.648231
0.650264
0.649451
0.649044
0.647011
0.647011
0.645384
0.645384
0.644164
0.647011
0.648231
0.649858
0.648231
0.645791
0.646604
0.646198
0.645791
0.646198
0.647418
0.646604
0.648638
0.649858
0.649451
0.645791
0.646198
0.644164
0.646604
0.645384
0.647011
0.647011
0.646604
0.649451
0.647011
0.644978
0.647418
0.647824
0.647824
0.647011
0.647824
0.647824
0.649451
0.651891
0.648638
0.647011
0.647824
0.645384
0.644571
0.648231
0.649044
0.649858
0.651891
0.651484
0.649451
0.647011
0.648231
0.646604
0.647011
0.646198
0.645791
0.649451
0.649858
0.647418
0.645384
0.645791
0.646198
0.646198
0.647418
0.649044
0.652704
0.652704
0.651078
0.648638
0.647011
0.644978
0.643758
0.640911
0.647011
0.648231
0.649451
0.649451
0.647418
0.647011
0.645384
0.642131
0.640504
0.643758
0.646198
0.649451
0.649858
0.651484
0.648231
0.645791
0.643758
0.643351
0.642538
0.645384
0.646604
0.649451
0.650671
0.650671
0.649044
0.644978
0.643758
0.644164
0.643351
0.645791
0.648231
0.648638
0.649451
0.647824
0.645384
0.646604
0.643758
0.641724
0.646604
0.647011
0.648231
0.649044
0.648231
0.647418
0.646198
0.646198
0.645791
0.644164
0.645791
0.647011
0.648638
0.647011
0.647418
0.647418
0.645384
0.646604
0.645384
0.648231
0.649044
0.649044
0.647824
0.648638
0.647011
0.648638
0.644978
0.644571
0.644571
0.646198
0.647011
0.646198
0.646604
0.647824
0.647011
0.646604
0.646198
0.646604
0.645791
0.646604
0.645791
0.647418
0.648638
0.645791
0.645384
0.646604
0.647011
0.647011
0.649858
0.647011
0.651078
0.651484
0.651078
0.647418
0.647011
0.648638
0.647824
0.644978
0.649451
0.645384
0.650264
0.651484
0.652704
0.649044
0.646604
0.649044
0.647824
0.648638
0.645791
0.649451
0.650671
0.649044
0.648638
0.646198
0.648231
0.645791
0.645791
0.648638
0.647418
0.649858
0.651078
0.652704
0.648638
0.645791
0.648638
0.646198
0.648231
0.647418
0.646604
0.648231
0.648638
0.647824
0.647824
0.649451
0.646604
0.644571
0.648638
0.647011
0.650264
0.651891
0.652704
0.649044
0.648231
0.647011
0.644978
0.643758
0.647011
0.647418
0.649044
0.651484
0.651078
0.651484
0.645791
0.647824
0.645791
0.646604
0.646604
0.646604
0.649451
0.651078
0.647418
0.644164
0.645791
0.642131
0.643351
0.647418
0.645384
0.649858
0.649858
0.649044
0.647011
0.644978
0.648638
0.643351
0.646198
0.647011
0.647418
0.648638
0.651078
0.647418
0.646604
0.646198
0.647011
0.645791
0.648231
0.646604
0.649044
0.651484
0.652298
0.650264
0.646604
0.647824
0.649044
0.644164
0.648638
0.647824
0.648231
0.651078
0.650264
0.649858
0.647824
0.648231
0.649044
0.649044
0.647824
0.647824
0.647011
0.649451
0.647418
0.649044
0.649044
0.649044
0.649044
0.647824
0.648231
0.651484
0.651484
0.651484
0.648638
0.650264
0.649451
0.651078
0.649858
0.648638
0.648638
0.648638
0.648638
0.647824
0.646198
0.648638
0.648231
0.648638
0.649044
0.647011
0.648638
0.649044
0.649451
0.647824
0.646604
0.648231
0.647824
0.648638
0.649451
0.648638
0.649044
0.649044
0.649451
0.647011
0.645791
0.648231
0.648231
0.647418
0.646198
0.648638
0.649451
0.649451
0.649451
0.645791
0.649858
0.646604
0.643758
0.649451
0.644978
0.649858
0.650264
0.650264
0.647418
0.644571
0.647011
0.642538
0.642944
0.649044
0.647824
0.648231
0.649044
0.647824
0.647824
0.649451
0.644571
0.644978
0.646604
0.647418
0.648231
0.652704
0.651484
0.647824
0.647011
0.647824
0.645791
0.645791
0.649451
0.647824
0.649858
0.652298
0.651078
0.647418
0.647418
0.648231
0.646604
0.647418
0.650264
0.651078
0.649451
0.650264
0.649044
0.649451
0.648231
0.649451
0.644571
0.649451
0.646198
0.649858
0.652704
0.652704
0.650671
0.647418
0.647824
0.644164
0.645384
0.648231
0.646604
0.646604
0.647824
0.647824
0.648231
0.646604
0.649044
0.647011
0.646604
0.648638
0.647011
0.648231
0.651484
0.647824
0.647011
0.646604
0.643758
0.644571
0.642944
0.646604
0.646604
0.647418
0.648231
0.646604
0.647418
0.648638
0.646198
0.647824
0.647418
0.648231
0.647011
0.648231
0.647011
0.648638
0.646604
0.648638
0.644978
0.647011
0.649044
0.649451
0.651484
0.651078
0.648638
0.647418
0.647011
0.645791
0.644978
0.647418
0.649451
0.648638
0.649044
0.647418
0.650264
0.647418
0.647824
0.645384
0.647011
0.648638
0.648638
0.650264
0.651484
0.650264
0.649044
0.644164
0.646198
0.643351
0.645384
0.647011
0.649451
0.650264
0.648231
0.647011
0.647011
0.647824
0.646604
0.646198
0.647418
0.647011
0.647418
0.649451
0.647824
0.647824
0.647418
0.647418
0.644571
0.647824
0.648231
0.649044
0.651078
0.650264
0.647418
0.647418
0.647824
0.645384
0.645791
0.647011
0.648638
0.649858
0.652298
0.649858
0.649044
