0.483530
0.495323
0.509557
0.513623
0.516470
0.520943
0.531924
0.529890
0.529890
0.534770
0.536804
0.536804
0.535177
0.537210
0.532737
0.531924
0.534770
0.536804
0.540464
0.539244
0.540057
0.539244
0.542090
0.541684
0.539650
0.539650
0.536804
0.537617
0.537210
0.538024
0.537210
0.537617
0.538430
0.538430
0.542090
0.538837
0.538837
0.542497
0.542904
0.543310
0.543717
0.542904
0.540057
0.538430
0.539650
0.538430
0.538024
0.538024
0.540464
0.543717
0.544530
0.549410
0.550224
0.549410
0.547784
0.546970
0.543310
0.545344
0.543310
0.545344
0.546157
0.548190
0.547784
0.549817
0.550224
0.552664
0.549410
0.544124
0.542497
0.540464
0.542090
0.542497
0.545344
0.546157
0.550630
0.552257
0.553070
0.551444
0.550630
0.552664
0.552257
0.550630
0.553070
0.552664
0.551444
0.546970
0.540870
0.540870
0.540464
0.540870
0.542090
0.544124
0.544530
0.552664
0.552257
0.553070
0.552257
0.554697
0.555104
0.554697
0.551850
0.549004
0.548597
0.544530
0.538024
0.531517
0.531924
0.531924
0.542497
0.546564
0.556730
0.560797
0.561610
0.556730
0.550630
0.555510
0.559577
0.560390
0.557950
0.555510
0.545344
0.536804
0.538430
0.537617
0.534770
0.533957
0.544530
0.549817
0.549817
0.550630
0.549410
0.549004
0.549004
0.538430
0.537210
0.538024
0.536397
0.537210
0.543310
0.550224
0.553070
0.553477
0.553884
0.550630
0.546970
0.544530
0.542904
0.541684
0.546564
0.546157
0.549410
0.549004
0.553477
0.548190
0.547784
0.544124
0.544937
0.547784
0.550224
0.546564
0.550224
0.550630
0.549817
0.549817
0.571777
0.559170
0.569744
0.581131
0.561204
0.561610
0.570964
0.587637
0.565677
0.572997
0.566084
0.559170
0.557950
0.556324
0.563237
0.587637
0.591704
0.578691
0.580724
0.588044
0.576657
0.574624
0.602277
0.594144
0.593331
0.597397
0.596177
0.591704
0.597804
0.596991
0.598211
0.599837
0.606751
0.607564
0.602277
0.601464
0.603091
0.601871
0.599431
0.600244
0.607971
0.605531
0.604311
0.596991
0.600244
0.612444
0.611224
0.611224
0.601057
0.604311
0.614884
0.607971
0.607971
0.611631
0.604717
0.602277
0.605124
0.614477
0.618951
0.605531
0.601871
0.601464
0.603091
0.606751
0.616917
0.618951
0.618137
0.619764
0.614071
0.617731
0.620171
0.617324
0.622204
0.616511
0.622611
0.610411
0.610411
0.619764
0.623424
0.618951
0.626271
0.623424
0.627084
0.626678
0.623424
0.627084
0.631558
0.632371
0.627898
0.625864
0.625864
0.627898
0.630338
0.627084
0.631964
0.631964
0.630338
0.629524
0.629524
0.633591
0.630338
0.633591
0.621797
0.638471
0.633591
0.620171
0.610411
0.617324
0.627084
0.633998
0.632778
0.626271
0.623424
0.639691
0.633184
0.623831
0.623424
0.626271
0.634404
0.632371
0.637251
0.641318
0.635218
0.639284
0.637251
0.633591
0.633591
0.639284
0.640098
0.635218
0.638878
0.638064
0.635218
0.633184
0.638878
0.636438
0.639284
0.635624
0.636031
0.637658
0.639284
0.638064
0.638878
0.640098
0.638471
0.641724
0.642538
0.643351
0.643758
0.639284
0.633998
0.638878
0.639284
0.635624
0.634811
0.637658
0.641724
0.640098
0.634811
0.636438
0.635624
0.642538
0.634811
0.635218
0.637658
0.638878
0.640098
0.638471
0.635624
0.644164
0.636031
0.635218
0.636031
0.638064
0.640098
0.642944
0.641724
0.642131
0.640504
0.635624
0.642131
0.642131
0.642538
0.639284
0.640098
0.644164
0.643351
0.642131
0.633591
0.636031
0.642538
0.645791
0.644571
0.637251
0.638878
0.646198
0.645791
0.640098
0.646198
0.639284
0.644164
0.642944
0.642944
0.640098
0.642944
0.644164
0.647418
0.640098
0.636031
0.637658
0.643351
0.644164
0.647418
0.640504
0.638471
0.644978
0.644978
0.643351
0.640911
0.640911
0.638471
0.639284
0.640911
0.644164
0.645791
0.644978
0.644571
0.643351
0.644571
0.644164
0.642131
0.640504
0.646604
0.646604
0.644164
0.643351
0.641724
0.641724
0.644164
0.647011
0.646198
0.646198
0.647011
0.646604
0.649451
0.646198
0.643351
0.647011
0.646604
0.649044
0.648638
0.645384
0.645791
0.648638
0.644978
0.642131
0.646198
0.649858
0.648231
0.647824
0.647824
0.646198
0.648231
0.647011
0.645384
0.645791
0.642131
0.648231
0.646198
0.646198
0.646604
0.645791
0.644571
0.649858
0.643758
0.647011
0.643758
0.646198
0.648231
0.647011
0.647824
0.648231
0.647824
0.650264
0.645791
0.647824
0.646604
0.647011
0.647824
0.649858
0.648231
0.651078
0.651891
0.651484
0.652298
0.652704
0.651078
0.649451
0.649858
0.650671
0.651078
0.647418
0.646198
0.645384
0.651484
0.650264
0.651891
0.647418
0.650671
0.647418
0.649044
0.648231
0.640098
0.639691
0.648231
0.653518
0.653518
0.651484
0.650264
0.651891
0.653111
0.645384
0.641318
0.641318
0.647418
0.649451
0.653111
0.649451
0.649451
0.651891
0.652298
0.649044
0.644978
0.648231
0.648638
0.647824
0.652704
0.649858
0.647418
0.645791
0.649044
0.647418
0.645384
0.648638
0.647824
0.647011
0.648638
0.647011
0.647824
0.648231
0.644571
0.641318
0.643351
0.647011
0.647011
0.649451
0.647011
0.642944
0.635624
0.641318
0.643758
0.648231
0.649451
0.649858
0.650671
0.649858
0.651078
0.651078
0.652298
0.652704
0.649858
0.649044
0.647824
0.648638
0.647824
0.649858
0.649451
0.651484
0.653518
0.644978
0.645791
0.648231
0.648638
0.650671
0.651484
0.651078
0.647824
0.649451
0.645791
0.640911
0.644164
0.648231
0.649858
0.648638
0.647824
0.647418
0.651078
0.642944
0.638878
0.640504
0.642131
0.647824
0.650671
0.652298
0.651078
0.651484
0.649044
0.642944
0.637658
0.639284
0.644571
0.650264
0.648638
0.651484
0.652298
0.643351
0.646604
0.641724
0.640098
0.644164
0.653518
0.649858
0.647418
0.644571
0.648638
0.649044
0.648231
0.645384
0.644571
0.647011
0.648231
0.647011
0.647824
0.649858
0.650264
0.650264
0.644164
0.642131
0.643758
0.645384
0.647418
0.650671
0.648638
0.652298
0.649044
0.644164
0.640911
0.642131
0.642944
0.644978
0.649044
0.651891
0.653924
0.653518
0.649858
0.644571
0.648231
0.647011
0.651484
0.655144
0.653518
0.651891
0.651484
0.650671
0.645791
0.645384
0.646198
0.645791
0.652704
0.650671
0.652704
0.651484
0.653518
0.653518
0.651891
0.648231
0.647011
0.648638
0.649044
0.653518
0.653111
0.651891
0.652704
0.648638
0.647418
0.643758
0.645791
0.648231
0.649044
0.651078
0.651484
0.655958
0.649451
0.644164
0.643758
0.644571
0.646198
0.650671
0.654738
0.653111
0.651484
0.653111
0.646198
0.646198
0.643351
0.644164
0.646198
0.651078
0.653924
0.657584
0.655958
0.658398
0.649044
0.647824
0.643351
0.647418
0.649858
0.653518
0.655551
0.659618
0.658804
0.651078
0.651078
0.647824
0.646604
0.647011
0.651078
0.655144
0.654738
0.655144
0.651484
0.644164
0.647011
0.643758
0.646604
0.650264
0.653924
0.654331
0.653518
0.655551
0.655551
0.647824
0.644978
0.639691
0.647418
0.653518
0.653924
0.655958
0.657991
0.657178
0.652298
0.654331
0.649858
0.653518
0.653111
0.657991
0.655958
0.653518
0.655144
0.655144
0.651078
0.649451
0.647824
0.651484
0.655551
0.657584
0.659618
0.656771
0.655144
0.656771
0.651484
0.651484
0.653518
0.651078
0.648638
0.649858
0.649451
0.651891
0.651891
0.653111
0.650264
0.647824
0.650264
0.656364
0.653518
0.655144
0.655958
0.654331
0.652298
0.649044
0.644164
0.647011
0.649451
0.653924
0.656364
0.656771
0.652704
0.651891
0.651484
0.651078
0.648231
0.651484
0.655144
0.654331
0.655551
0.655144
0.654331
0.645384
0.648231
0.644978
0.643758
0.647418
0.652298
0.657178
0.660431
0.656364
0.651078
0.649451
0.649044
0.651078
0.649451
0.655551
0.653518
0.653924
0.657584
0.658804
0.653924
0.649044
0.647824
0.645791
0.647011
0.655144
0.655144
0.654331
0.655958
0.656771
0.651891
0.652704
0.651078
0.649044
0.651891
0.653518
0.659211
0.659211
0.657584
0.654738
0.650264
0.652298
0.651484
0.652298
0.653518
0.652704
0.650264
0.651891
0.649451
0.647824
0.644571
0.644978
0.644571
0.644571
0.650671
0.652298
0.653111
0.657178
0.655144
0.653924
0.651484
0.650264
0.647824
0.650264
0.652704
0.655144
0.660024
0.655958
0.655958
0.651078
0.649451
0.649451
0.651891
0.650264
0.655958
0.655958
0.655551
0.656771
0.655958
0.651891
0.651484
0.645384
0.651891
0.652298
0.652298
0.653111
0.653111
0.655551
0.651891
0.654331
0.650264
0.649451
0.654331
0.652704
0.653924
0.653924
0.656364
0.652704
0.651484
0.649451
0.650264
0.649858
0.653111
0.653518
0.654331
0.654331
0.653111
0.651484
0.654738
0.653518
0.650264
0.651078
0.655144
0.651891
0.652704
0.651078
0.649858
0.648231
0.647824
0.651891
0.649044
0.649451
0.653924
0.653924
0.651891
0.654331
0.652298
0.652704
0.649044
0.648231
0.650264
0.654331
0.655958
0.657991
0.653111
0.654331
0.654331
0.651078
0.650264
0.650671
0.655551
0.653924
0.652704
0.652704
0.654738
0.653924
0.652704
0.652704
0.654331
0.653518
0.653111
0.653518
0.652704
0.653111
0.653518
0.652704
0.651891
0.647824
0.647011
0.649044
0.652298
0.651891
0.655551
0.657178
0.655551
0.655144
0.655958
0.654738
0.653518
0.657584
0.655958
0.655551
0.658398
0.657584
0.654738
0.653518
0.651078
0.654331
0.653518
0.653518
0.655551
0.653111
0.655144
0.656364
0.650671
0.649451
0.652298
0.651078
0.649451
0.650264
0.653518
0.652298
0.652704
0.650264
0.647824
0.646198
0.645791
0.646604
0.646198
0.650671
0.648638
0.652298
0.653111
0.650264
0.648231
0.649858
0.651078
0.652298
0.649044
0.649451
0.653111
0.654331
0.649858
0.648638
0.649858
0.649858
0.649451
0.650264
0.652704
0.655958
0.655958
0.656771
0.653111
0.649451
0.647418
0.647824
0.648638
0.649044
0.653518
0.657991
0.658804
0.658804
0.655144
0.658398
0.650671
0.652704
0.654331
0.655144
0.655958
0.656364
0.655551
0.654738
0.653111
0.652298
0.651484
0.653518
0.655144
0.656364
0.656771
0.656771
0.655551
0.655551
0.654738
0.656771
0.656771
0.656364
0.656771
0.660838
0.656364
0.651078
0.647418
0.644571
0.647011
0.648638
0.648231
0.654331
0.653111
0.653924
0.654331
0.654738
0.653518
0.653111
0.648638
0.645384
0.652704
0.657584
0.658398
0.657584
0.660431
0.654331
0.655144
0.653518
0.650671
0.651484
0.652298
0.651891
0.652704
0.655144
0.653924
0.653111
0.653518
0.649858
0.652298
0.652704
0.656771
0.656364
0.653111
0.655551
0.655551
0.653518
0.651891
0.655144
0.655144
0.653111
0.653924
0.651078
0.654331
0.655551
0.655144
0.649858
0.650671
0.649044
0.646604
0.650671
0.655958
0.653924
0.653518
0.655551
0.653111
0.650264
0.649451
0.644978
0.651484
0.657178
0.658398
0.655551
0.658804
0.651891
0.653518
0.653111
0.652298
0.651484
0.654738
0.654331
0.651484
0.650264
0.652704
0.651078
0.652298
0.649451
0.647418
0.649044
0.652704
0.655958
0.657178
0.656364
0.657178
0.655551
0.653924
0.656771
0.651078
0.649858
0.653924
0.655958
0.658398
0.653518
0.651891
0.651891
0.651891
0.645791
0.649451
0.654738
0.657991
0.654331
0.655958
0.655144
0.656771
0.656771
0.652298
0.648231
0.651484
0.651484
0.658804
0.657584
0.658398
0.655144
0.655551
0.655551
0.659211
0.658804
0.658398
0.658804
0.657584
0.657584
0.655958
0.654331
0.656364
0.654738
0.654738
0.655144
0.653111
0.654331
0.657178
0.657178
0.653924
0.652704
0.652704
0.653518
0.652704
0.656771
0.654738
0.654331
0.656364
0.657991
0.655551
0.650264
0.649451
0.651484
0.653518
0.652298
0.653518
0.653924
0.654738
0.653111
0.652298
0.653518
0.650671
0.647824
0.651484
0.655958
0.656364
0.654738
0.655958
0.651078
0.649451
0.651078
0.650264
0.655958
0.658804
0.657991
0.658398
0.659211
0.661244
0.657584
0.655144
0.653924
0.655958
0.654331
0.658804
0.659618
0.660024
0.657991
0.655958
0.657178
0.657991
0.654738
0.660024
0.656364
0.657584
0.661244
0.658398
0.657178
0.657178
0.652704
0.652298
0.649044
0.653518
0.657991
0.655958
0.659211
0.656771
0.654738
0.654738
0.652704
0.652704
0.651891
0.653111
0.655144
0.651891
0.652704
0.658398
0.653518
0.647011
0.644978
0.649044
0.650264
0.652298
0.652704
0.652298
0.654738
0.652704
0.649451
0.651891
0.651484
0.652298
0.652704
0.657584
0.658804
0.659211
0.660024
0.656771
0.656771
0.657991
0.657178
0.657584
0.657991
0.656771
0.656364
0.657584
0.656771
0.657584
0.655551
0.656364
0.653518
0.657584
0.655958
0.657991
0.659618
0.658804
0.660431
0.658398
0.655551
0.651078
0.651078
0.653518
0.657584
0.661244
0.659211
0.660838
0.660024
0.661244
0.653924
0.652704
0.649044
0.652704
0.656771
0.653518
0.655144
0.654331
0.649451
0.654738
0.653111
0.656364
0.653518
0.656364
0.656771
0.656771
0.654738
0.655144
0.653518
0.654738
0.654331
0.656771
0.654331
0.653518
0.656364
0.657991
0.657991
0.656771
0.659211
0.660024
0.653518
0.655958
0.657178
0.657991
0.658804
0.656771
0.656771
0.647011
0.645384
0.648638
0.649858
0.653111
0.654738
0.654738
0.648638
0.657178
0.653111
0.651078
0.653924
0.655551
0.654331
0.654738
0.654738
0.653518
0.655958
0.655551
0.653924
0.652704
0.652298
0.655958
0.654738
0.655551
0.651891
0.653518
0.655144
0.654331
0.653924
0.655958
0.655958
0.653924
0.657584
0.656364
0.655144
0.655144
0.653924
0.653924
0.657584
0.658804
0.657991
0.657991
0.654738
0.660431
0.658398
0.660024
0.660024
0.657178
0.653518
0.655144
0.647418
0.656771
0.657991
0.650671
0.659618
0.661244
0.659211
0.654331
0.652704
0.655144
0.654331
0.654738
0.655958
0.656771
0.656364
0.654738
0.657178
0.655144
0.655551
0.651891
0.656364
0.655958
0.657178
0.660024
0.658398
0.656364
0.653518
0.654738
0.652704
0.654331
0.657178
0.655144
0.657584
0.657584
0.657991
0.651891
0.652298
0.651891
0.651484
0.652704
0.651891
0.651891
0.652704
0.662058
0.659211
0.655551
0.653924
0.649858
0.654331
0.651891
0.654738
0.657178
0.656771
0.660024
0.659618
0.655958
0.652298
0.650671
0.652298
0.657178
0.655958
0.654738
0.662464
0.657991
0.658804
0.658398
0.656364
0.650671
0.652704
0.652298
0.656771
0.655551
0.657178
0.655958
0.650671
0.648638
0.647418
0.651484
0.651891
0.651484
0.653111
0.652298
0.652704
0.654331
0.654331
0.653111
0.653111
0.654738
0.656771
0.662464
0.657178
0.656364
0.660838
0.659211
0.655551
0.653518
0.653924
0.653111
0.655144
0.657991
0.659211
0.655144
0.657991
0.658398
0.657584
0.656771
0.660431
0.657991
0.660024
0.661651
0.661244
0.662871
0.656771
0.651891
0.652704
0.654331
0.658804
0.656771
0.658804
0.658804
0.660431
0.653518
0.649451
0.650671
0.652298
0.651078
0.653111
0.657178
0.654331
0.656364
0.654738
0.655144
0.653924
0.656771
0.653924
0.656364
0.660024
0.657584
0.657584
0.656771
0.657991
0.654738
0.655958
0.655144
0.653518
0.653518
0.658398
0.660431
0.662058
0.660431
0.660431
0.658398
0.658398
0.660431
0.656364
0.653518
0.657584
0.656771
0.654331
0.657991
0.657178
0.653111
0.653924
0.652704
0.651891
0.651484
0.649044
0.655958
0.659618
0.656364
0.654738
0.649858
0.651078
0.649044
0.649858
0.650671
0.653924
0.655958
0.655958
0.655551
0.653518
0.653518
0.652298
0.652298
0.654331
0.656364
0.659211
0.660431
0.659618
0.651891
0.652298
0.653111
0.653518
0.654331
0.653924
0.655551
0.658398
0.659211
0.657991
0.656364
0.663278
0.657178
0.653924
0.652704
0.655144
0.656364
0.656364
0.657991
0.656364
0.654738
0.657178
0.653518
0.651891
0.653518
0.655958
0.658398
0.657178
0.657991
0.657584
0.655958
0.655144
0.654331
0.653924
0.659211
0.657991
0.657584
0.661651
0.662058
0.659211
0.653518
0.651891
0.652298
0.652298
0.657584
0.654331
0.658804
0.660024
0.653111
0.653111
0.653111
0.649858
0.650264
0.651484
0.654331
0.654738
0.659211
0.659211
0.657584
0.653111
0.656771
0.653518
0.653518
0.656364
0.656364
0.655551
0.655958
0.655958
0.653518
0.652298
0.656771
0.655144
0.657178
0.656364
0.659618
0.658804
0.655958
0.660431
0.655958
0.656364
0.652704
0.653111
0.654738
0.659211
0.659211
0.654738
0.655551
0.659618
0.655551
0.656364
0.655958
0.657991
0.659618
0.656771
0.657178
0.656771
0.658398
0.659618
0.657178
0.657178
0.657178
0.654738
0.657991
0.658804
0.657178
0.655958
0.655144
0.657584
0.655958
0.656771
0.655958
0.659618
0.656364
0.661244
0.658804
0.658398
0.657178
0.656364
0.658398
0.655551
0.656771
0.655551
0.657991
0.658398
0.656771
0.657991
0.657178
0.655958
0.657584
0.658398
0.660024
0.658398
0.657584
0.655958
0.656771
0.655551
0.653111
0.654331
0.653111
0.652298
0.657584
0.658804
0.657991
0.657178
0.655958
0.656364
0.653924
0.653518
0.655551
0.654331
0.653924
0.650264
0.653111
0.653518
0.653518
0.655958
0.655144
0.654738
0.654738
0.653111
0.653924
0.656364
0.651891
0.653924
0.651484
0.649858
0.654738
0.653924
0.655958
0.658804
0.660024
0.659618
0.660838
0.658398
0.657584
0.659211
0.659618
0.659211
0.661651
0.659618
0.657584
0.658398
0.653111
0.653924
0.654738
0.654331
0.654738
0.654331
0.655551
0.651484
0.653924
0.655144
0.654331
0.656364
0.653111
0.654738
0.655144
0.657584
0.655958
0.655144
0.655958
0.653518
0.652704
0.651891
0.654738
0.657178
0.657178
0.656364
0.656771
0.657991
0.660431
0.659618
0.662058
0.662464
0.657584
0.659211
0.660838
0.657584
0.657178
0.660431
0.656771
0.652298
0.651891
0.653111
0.653111
0.656364
0.657178
0.660838
0.658804
0.658398
0.660024
0.659618
0.657584
0.656771
0.658398
0.651891
0.658804
0.651891
0.649858
0.650264
0.650264
0.651891
0.650264
0.649451
0.651484
0.653924
0.656364
0.657991
0.656364
0.652298
0.655958
0.653924
0.651484
0.653518
0.653111
0.653111
0.657991
0.658804
0.657178
0.660024
0.656364
0.652704
0.652298
0.654331
0.655144
0.655551
0.657991
0.657178
0.659211
0.654738
0.656364
0.655958
0.658398
0.657178
0.658804
0.654738
0.656771
0.655958
0.655958
0.651078
0.652704
0.652298
0.647418
0.655144
0.657991
0.658398
0.660838
0.657991
0.659211
0.657178
0.654331
0.654738
0.651891
0.653111
0.652704
0.658398
0.656771
0.657178
0.655958
0.656364
0.653111
0.657178
0.656771
0.654738
0.655551
0.655144
0.655958
0.656771
0.652298
0.655551
0.653518
0.655144
0.656771
0.660024
0.658398
0.659211
0.660838
0.658804
0.657584
0.655144
0.657584
0.655551
0.655958
0.657584
0.655551
0.657584
0.658804
0.657991
0.657991
0.660838
0.663278
0.653518
0.653924
0.658804
0.655551
0.653111
0.653924
0.654331
0.652704
0.655144
0.649858
0.654331
0.653518
0.654738
0.656364
0.653111
0.655144
0.651484
0.655144
0.655958
0.655144
0.653111
0.656771
0.655551
0.656771
0.656771
0.653518
0.654738
0.657178
0.657584
0.655958
0.657178
0.659211
0.658804
0.660838
0.657178
0.654331
0.656364
0.657584
0.655958
0.655551
0.660838
0.661651
0.658804
0.659618
0.660024
0.659211
0.657991
0.656364
0.663278
0.665311
0.661244
0.660024
0.660431
0.656771
0.657178
0.655551
0.656364
0.655958
0.656364
0.658804
0.659211
0.657584
0.658398
0.654738
0.655551
0.656364
0.659211
0.657991
0.660838
0.658398
0.659211
0.660838
0.660431
0.658398
0.658804
0.656771
0.655144
0.656771
0.656364
0.656364
0.655958
0.661244
0.655958
0.655551
0.655958
0.657584
0.657991
0.657178
0.657178
0.654738
0.656364
0.659618
0.655144
0.657991
0.657584
0.657178
0.659211
0.657584
0.658398
0.660024
0.659618
0.657178
0.657991
0.658398
0.659211
0.664904
0.665311
0.662464
0.662058
0.660431
0.660431
0.656364
0.657584
0.660024
0.659618
0.657991
0.659618
0.659211
0.656364
0.658398
0.662464
0.662058
0.660431
0.659618
0.653518
0.655144
0.654331
0.655144
0.655144
0.657178
0.651484
0.649451
0.649858
0.651891
0.653518
0.657178
0.657178
0.658398
0.657991
0.662058
0.663684
0.661651
0.658804
0.660024
0.655958
0.658398
0.659618
0.657584
0.660838
0.660431
0.660838
0.656364
0.654738
0.656771
0.658804
0.657584
0.659211
0.660838
0.661651
0.660024
0.661244
0.657584
0.660024
0.657584
0.657178
0.660838
0.659211
0.660838
0.660431
0.662871
0.663684
0.664091
0.661651
0.661651
0.658804
0.660024
0.660431
0.659618
0.661244
0.661651
0.661651
0.655144
0.657584
0.660431
0.660838
0.659618
0.659618
0.658804
0.658804
0.657991
0.662058
0.660024
0.660024
0.663684
0.662464
0.662464
0.665311
0.664091
0.666531
0.662464
0.660838
0.662464
0.660431
0.660024
0.662058
0.659211
0.659211
0.658398
0.660024
0.660024
0.658398
0.657991
0.657991
0.659618
0.660431
0.660838
0.660431
0.660024
0.658804
0.661651
0.658398
0.660838
0.663278
0.664904
0.664091
0.658804
0.659211
0.657584
0.656364
0.664091
0.666124
0.662464
0.660024
0.660838
0.662871
0.665718
0.666124
0.663278
0.659211
0.658398
0.653111
0.651484
0.652704
0.653518
0.649044
0.649451
0.650264
0.651078
0.655144
0.655144
0.656364
0.662464
0.663684
0.666124
0.663278
0.667751
0.664904
0.662871
0.663684
0.659618
0.656771
0.655144
0.657584
0.657991
0.655958
0.655958
0.657991
0.653518
0.654331
0.650264
0.650264
0.653924
0.657584
0.658804
0.660431
0.657178
0.655958
0.659618
0.659618
0.658804
0.651078
0.657991
0.658804
0.660431
0.664904
0.665311
0.661244
0.656771
0.661651
0.662464
0.660024
0.663684
0.662058
0.662464
0.659618
0.655958
0.655144
0.654738
0.654331
0.657584
0.656771
0.659211
0.660024
0.663278
0.662464
0.660431
0.661244
0.658804
0.658804
0.655958
0.658804
0.659618
0.655551
0.652298
0.649451
0.651891
0.653924
0.654738
0.655958
0.657178
0.660024
0.659211
0.659211
0.660838
0.664091
0.660838
0.662058
0.664498
0.663278
0.664498
0.666938
0.665718
0.665718
0.662871
0.660431
0.660838
0.660431
0.660024
0.657991
0.658804
0.660838
0.662058
0.656771
0.655144
0.655958
0.657178
0.656771
0.658398
0.658398
0.661651
0.663278
0.663684
0.662464
0.661244
0.660024
0.660431
0.658398
0.658804
0.660431
0.660431
0.660024
0.658398
0.660024
0.661651
0.660838
0.659211
0.657991
0.659211
0.663684
0.659618
0.663684
0.662058
0.663278
0.662464
0.658398
0.658804
0.657991
0.659618
0.662871
0.663684
0.662058
0.664498
0.666531
0.663684
0.661244
0.656364
0.656364
0.656364
0.657178
0.658804
0.656771
0.659211
0.659618
0.659211
0.657991
0.656771
0.655958
0.658804
0.660431
0.662058
0.664091
0.664091
0.664091
0.658398
0.657584
0.659211
0.660431
0.658398
0.653518
0.653924
0.656771
0.656364
0.657584
0.652704
0.655958
0.658398
0.665718
0.664904
0.662871
0.666938
0.665311
0.666938
0.662058
0.658804
0.658804
0.657991
0.658398
0.655958
0.653111
0.653924
0.657991
0.657584
0.656771
0.657584
0.660431
0.660838
0.662464
0.659618
0.661244
0.662058
0.663278
0.658804
0.660024
0.658804
0.654738
0.658398
0.658398
0.655144
0.655144
0.655551
0.657178
0.659211
0.659618
0.662871
0.663278
0.663684
0.663278
0.666938
0.667751
0.663684
0.659211
0.660024
0.657584
0.653924
0.655958
0.657178
0.655551
0.655551
0.658398
0.656364
0.657178
0.662871
0.664498
0.663278
0.664904
0.664091
0.665311
0.666124
0.668564
0.669378
0.668158
0.663278
0.664091
0.660838
0.661244
0.658804
0.657584
0.656364
0.658804
0.656364
0.657584
0.658398
0.662058
0.663684
0.665718
0.664091
0.662871
0.664091
0.662464
0.668971
0.669378
0.665718
0.665718
0.661244
0.664091
0.659618
0.657178
0.654331
0.655144
0.656771
0.656364
0.659211
0.662871
0.660838
0.660024
0.654738
0.652704
0.654738
0.657584
0.662464
0.660024
0.657584
0.658804
0.655551
0.662464
0.662058
0.660431
0.660838
0.661651
0.660431
0.660024
0.657991
0.657991
0.662058
0.660024
0.660838
0.657991
0.656364
0.657178
0.657584
0.661244
0.661244
0.660024
0.659618
0.660024
0.657178
0.660431
0.661244
0.662058
0.662464
0.663278
0.662058
0.664091
0.656771
0.653518
0.660024
0.658804
0.659211
0.662058
0.661244
0.660431
0.661651
0.663684
0.661244
0.662871
0.662464
0.661244
0.660431
0.662058
0.660431
0.663278
0.662871
0.658804
0.654331
0.658804
0.659211
0.661651
0.662871
0.653924
0.655958
0.657178
0.656771
0.656771
0.660431
0.661244
0.656771
0.658804
0.657991
0.658804
0.660838
0.660431
0.657991
0.655144
0.654738
0.657178
0.655958
0.644571
0.651484
0.657178
0.655551
0.655144
0.656364
0.657584
0.659211
0.659618
0.657178
0.655144
0.656771
0.661244
0.662058
0.659211
0.658398
0.660838
0.660024
0.660431
0.659618
0.660431
0.660838
0.660431
0.661244
0.660431
0.662871
0.665311
0.660838
0.661244
0.660024
0.659211
0.658804
0.660838
0.660838
0.660024
0.661244
0.660024
0.657178
0.655144
0.653111
0.653924
0.655551
0.657991
0.659211
0.658804
0.659618
0.657991
0.655144
0.655144
0.654738
0.653518
0.653518
0.657178
0.659211
0.662058
0.657584
0.658804
0.658398
0.658804
0.665311
0.666124
0.664091
0.662464
0.661651
0.660431
0.661244
0.660431
0.660838
0.658804
0.660024
0.659211
0.659618
0.660431
0.657991
0.661651
0.657178
0.654331
0.656364
0.654331
0.659211
0.660024
0.657584
0.662871
0.662871
0.661244
0.663684
0.661244
0.661651
0.662871
0.662464
0.659211
0.659618
0.661244
0.660431
0.661244
0.659211
0.659211
0.658804
0.660431
0.657584
0.661244
0.660838
0.660024
0.656771
0.659211
0.662464
0.662464
0.664498
0.663278
0.662058
0.663278
0.663684
0.662058
0.662058
0.658398
0.657584
0.656364
0.654738
0.655144
0.655144
0.655144
0.654738
0.657584
0.658804
0.659211
0.661651
0.657178
0.659211
0.662871
0.659211
0.662464
0.666938
0.669378
0.667344
0.667344
0.661244
0.662871
0.662058
0.662464
0.662058
0.659618
0.660838
0.660838
0.661244
0.664091
0.662464
0.663278
0.663278
0.659618
0.661244
0.660024
0.659618
0.655551
0.655958
0.655144
0.656771
0.657178
0.657991
0.657584
0.656364
0.655551
0.656364
0.653111
0.653518
0.655551
0.656771
0.656364
0.657991
0.656364
0.657991
0.658804
0.659618
0.660838
0.661651
0.659211
0.658804
0.660024
0.661244
0.663278
0.659618
0.661244
0.662464
0.664091
0.659618
0.660838
0.661244
0.655958
0.658804
0.658804
0.656771
0.655958
0.658804
0.662464
0.660838
0.659618
0.661651
0.660838
0.661651
0.661651
0.663278
0.663278
0.657584
0.659618
0.661651
0.660431
0.660838
0.658398
0.657991
0.658398
0.662871
0.664091
0.656364
0.658804
0.660431
0.658398
0.658804
0.661244
0.659618
0.661244
0.663684
0.665718
0.664091
0.664091
0.662464
0.664091
0.666938
0.661651
0.660431
0.660431
0.659211
0.658804
0.657991
0.659618
0.662058
0.656771
0.656771
0.658398
0.660024
0.660838
0.662871
0.661244
0.660431
0.661244
0.656771
0.660431
0.660838
0.657991
0.664904
0.666124
0.665718
0.664091
0.661244
0.659211
0.656364
0.659211
0.657584
0.657584
0.658804
0.656771
0.659211
0.658398
0.655551
0.655551
0.657584
0.661244
0.657584
0.656364
0.658804
0.660431
0.662871
0.662058
0.663684
0.660838
0.661244
0.661244
0.664091
0.666124
0.661651
0.659618
0.660838
0.666938
0.662871
0.658398
0.658804
0.657178
0.655958
0.660838
0.661244
0.658398
0.660431
0.660024
0.658398
0.657584
0.657991
0.664498
0.667344
0.664904
0.665718
0.665718
0.667344
0.662871
0.659211
0.659618
0.658398
0.659618
0.661244
0.659618
0.657991
0.657584
0.662464
0.661244
0.662464
0.660838
0.665311
0.664904
0.664498
0.668564
0.665718
0.663684
0.664904
0.666531
0.664904
0.661651
0.663684
0.666938
0.666531
0.663278
0.663278
0.660431
0.658804
0.659211
0.661244
0.661651
0.657178
0.658804
0.662058
0.664091
0.661651
0.663278
0.661244
0.662464
0.663278
0.661651
0.663278
0.661651
0.661244
0.659211
0.664091
0.664498
0.661651
0.664498
0.661651
0.661651
0.662464
0.664091
0.661244
0.662464
0.660024
0.657178
0.654738
0.659618
0.662871
0.664904
0.662464
0.665311
0.663684
0.665311
0.666531
0.664091
0.661651
0.662871
0.662464
0.660024
0.658398
0.658804
0.660024
0.656771
0.657991
0.660431
0.659618
0.661244
0.661244
0.660024
0.662058
0.662058
0.664904
0.663278
0.662464
0.659618
0.659618
0.660431
0.659618
0.661651
0.663278
0.662464
0.660838
0.661244
0.657178
0.657584
0.655958
0.660024
0.660431
0.659211
0.659618
0.660024
0.659211
0.657991
0.656364
0.655958
0.656771
0.659618
0.660024
0.659211
0.662871
0.662871
0.662464
0.658804
0.659618
0.662058
0.663684
0.661651
0.663278
0.660024
0.660838
0.660024
0.657991
0.658398
0.657178
0.657178
0.655958
0.656771
0.654331
0.657178
0.658804
0.659618
0.656364
0.657178
0.659618
0.658398
0.660838
0.661651
0.658804
0.660431
0.663278
0.663278
0.660838
0.663278
0.661651
0.661244
0.662058
0.661651
0.662464
0.659211
0.660024
0.657991
0.656771
0.657178
0.657991
0.659211
0.657991
0.663684
0.662058
0.663684
0.663684
0.660838
0.662058
0.662058
0.664498
0.663684
0.662464
0.660431
0.659618
0.661244
0.662464
0.660838
0.658398
0.655551
0.655958
0.655144
0.655958
0.657584
0.659211
0.655144
0.659618
0.660024
0.663278
0.661244
0.661651
0.661651
0.663278
0.663684
0.661651
0.664904
0.666124
0.664091
0.666124
0.667344
0.662464
0.664091
0.662464
0.661244
0.657584
0.654738
0.656771
0.657178
0.663684
0.664091
0.661244
0.660024
0.658804
0.657991
0.657991
0.657991
0.658398
0.658804
0.660024
0.660838
0.658804
0.658804
0.659211
0.662058
0.660838
0.659211
0.660431
0.655958
0.658804
0.658804
0.659618
0.658398
0.659211
0.658398
0.659618
0.660431
0.659618
0.660024
0.657991
0.660024
0.659211
0.664091
0.658804
0.661244
0.661651
0.663278
0.661244
0.660838
0.660838
0.659211
0.660431
0.659211
0.659211
0.661651
0.659211
0.658398
0.658804
0.658398
0.652704
0.657991
0.658398
0.656771
0.657178
0.653111
0.655144
0.658398
0.661244
0.661651
0.661651
0.660024
0.664498
0.664091
0.655958
0.655144
0.656364
0.660024
0.657178
0.655551
0.656364
0.655551
0.654331
0.651484
0.653518
0.654738
0.659618
0.658804
0.660024
0.660024
0.663684
0.662464
0.662871
0.660431
0.662058
0.660838
0.661651
0.660431
0.664091
0.659618
0.657991
0.657584
0.657584
0.657584
0.660024
0.656364
0.663278
0.660838
0.662464
0.662464
0.664904
0.664091
0.662058
0.657584
0.655144
0.656771
0.659211
0.659618
0.658398
0.653924
0.655958
0.655144
0.655551
0.651891
0.652298
0.658804
0.655958
0.653924
0.655958
0.658804
0.661244
0.659618
0.660024
0.660431
0.658804
0.659211
0.660431
0.662464
0.663278
0.662871
0.661244
0.660431
0.659211
0.660838
0.658804
0.658398
0.658804
0.655144
0.655958
0.657584
0.658804
0.661651
0.662058
0.658804
0.660024
0.658804
0.659618
0.657178
0.657584
0.655958
0.657178
0.658398
0.659211
0.659618
0.661244
0.659211
0.658398
0.662058
0.658804
0.659618
0.657178
0.659211
0.658804
0.656364
0.662058
0.663278
0.659618
0.661244
0.662871
0.658804
0.662464
0.662871
0.661651
0.661244
0.664091
0.664498
0.662464
0.657584
0.659211
0.660431
0.662871
0.660431
0.662871
0.663684
0.664091
0.662058
0.661244
0.664904
0.665311
0.660838
0.661651
0.660024
0.662464
0.660024
0.659618
0.655551
0.655551
0.653518
0.655551
0.651891
0.657178
0.657584
0.655551
0.657991
0.658398
0.656364
0.657584
0.655958
0.656364
0.660024
0.658398
0.663278
0.666531
0.666938
0.664498
0.662871
0.659618
0.662871
0.662058
0.663278
0.661651
0.659618
0.661651
0.659211
0.660024
0.661651
0.662464
0.658804
0.659618
0.657584
0.657584
0.657178
0.659211
0.660024
0.658804
0.656771
0.659211
0.660838
0.660431
0.659618
0.663278
0.663278
0.661651
0.661651
0.662058
0.661244
0.661244
0.656364
0.654738
0.659211
0.662871
0.660431
0.657584
0.656771
0.658804
0.656364
0.658804
0.657178
0.658804
0.660838
0.660838
0.660024
0.660431
0.659618
0.657991
0.650671
0.654738
0.655958
0.657584
0.660838
0.661244
0.658804
0.661651
0.659211
0.659618
0.658398
0.662058
0.659618
0.660024
0.660838
0.659211
0.656364
0.656364
0.656364
0.655144
0.658804
0.660431
0.659618
0.659618
0.662058
0.655958
0.657178
0.657991
0.657584
0.660838
0.658398
0.652298
0.655144
0.656771
0.660431
0.659211
0.659618
0.657178
0.658398
0.654331
0.654738
0.655551
0.661244
0.657991
0.657584
0.658804
0.658398
0.660024
0.658804
0.656771
0.658398
0.660431
0.657991
0.658804
0.659211
0.662464
0.662464
0.661244
0.662871
0.662464
0.664498
0.664091
0.664498
0.666124
0.662871
0.661244
0.662871
0.658804
0.660024
0.659618
0.657991
0.658804
0.657991
0.659211
0.660431
0.659618
0.658804
0.657178
0.654738
0.656364
0.655551
0.663278
0.661651
0.662464
0.660024
0.664091
0.661651
0.662464
0.663684
0.655958
0.657991
0.660431
0.660431
0.656771
0.660838
0.657584
0.653111
0.656364
0.657178
0.662058
0.662464
0.662871
0.661244
0.665311
0.663684
0.657584
0.666531
0.666938
0.664904
0.661651
0.662464
0.661244
0.660024
0.659618
0.655144
0.650671
0.652298
0.653518
0.647418
0.647824
0.650671
0.653518
0.649858
0.654738
0.652298
0.650671
0.652704
0.653924
0.653111
0.655144
0.657178
0.661244
0.662058
0.658804
0.657584
0.659211
0.649451
0.659618
0.657991
0.660431
0.657991
0.658804
0.660024
0.659211
0.659211
0.660024
0.655958
0.655144
0.659211
0.659211
0.656364
0.658398
0.661244
0.659211
0.658398
0.654738
0.655551
0.653518
0.652704
0.656771
0.655144
0.654738
0.651891
0.653111
0.655551
0.655551
0.657584
0.656364
0.657178
0.660024
0.659211
0.660838
0.660024
0.660838
0.661651
0.662058
0.655144
0.655958
0.655144
0.655958
0.656364
0.655551
0.657584
0.661244
0.660024
0.649858
0.649858
0.649858
0.655144
0.655958
0.662058
0.660024
0.660024
0.658804
0.657178
0.660838
0.661244
0.662871
0.661244
0.665718
0.665311
0.663684
0.664091
0.666124
0.664498
0.655144
0.654738
0.658398
0.662871
0.661651
0.663278
0.663278
0.664091
0.657991
0.653924
0.657178
0.661651
0.663684
0.665718
0.664904
0.662464
0.656771
0.656364
0.656771
0.656771
0.662058
0.660431
0.661244
0.661651
0.661244
0.658398
0.657991
0.657178
0.655551
0.652704
0.656771
0.662058
0.655144
0.659211
0.658398
0.661244
0.659618
0.659618
0.657584
0.659211
0.661651
0.662871
0.664498
0.663684
0.659618
0.657991
0.659211
0.657584
0.658804
0.662058
0.660024
0.662464
0.660024
0.658804
0.658398
0.658398
0.660431
0.655144
0.657991
0.658804
0.661244
0.655958
0.655551
0.656771
0.653111
0.657178
0.655551
0.657584
0.659618
0.660431
0.658398
0.653924
0.657178
0.656364
0.653518
0.654331
0.653518
0.657584
0.658398
0.657178
0.655958
0.658804
0.664498
0.666938
0.664091
0.659618
0.657584
0.661244
0.661651
0.661244
0.659618
0.659618
0.662871
0.661244
0.660838
0.658398
0.659618
0.663278
0.664498
0.665718
0.662464
0.657991
0.659211
0.658804
0.657584
0.655551
0.655144
0.655551
0.657584
0.657178
0.652704
0.654331
0.661651
0.662464
0.661244
0.660431
0.662058
0.659618
0.665311
0.660838
0.657584
0.659211
0.660838
0.660024
0.659618
0.662058
0.660838
0.662464
0.662464
0.661244
0.663278
0.663278
0.661651
0.660024
0.657584
0.660838
0.662464
0.662871
0.663278
0.662058
0.664091
0.665311
0.662058
0.659618
0.657991
0.660838
0.660838
0.660431
0.660431
0.661651
0.660838
0.659618
0.659618
0.660431
0.660838
0.658804
0.658398
0.658804
0.656771
0.657178
0.652298
0.656771
0.656364
0.656364
0.662058
0.660431
0.660024
0.658398
0.660024
0.658804
0.662058
0.660024
0.656364
0.658398
0.661244
0.661244
0.657991
0.656364
0.655958
0.657991
0.660024
0.655551
0.656364
0.661244
0.664091
0.661651
0.657584
0.658398
0.659618
0.660431
0.658804
0.658804
0.656771
0.657584
0.656364
0.660838
0.662464
0.663684
0.662464
0.658804
0.655551
0.656364
0.656364
0.657991
0.660838
0.658804
0.660431
0.659211
0.657584
0.659618
0.662464
0.658804
0.662058
0.660431
0.660838
0.657991
0.658398
0.656771
0.655958
0.656364
0.660431
0.658398
0.662464
0.663278
0.661244
0.661651
0.660431
0.664904
0.664904
0.665718
0.666124
0.666938
0.660431
0.659211
0.658398
0.657991
0.659618
0.659211
0.659211
0.655551
0.655958
0.658804
0.660838
0.657991
0.660024
0.658804
0.660431
0.658804
0.658804
0.655958
0.658398
0.657178
0.657178
0.660024
0.660838
0.661244
0.662058
0.662464
0.657584
0.656771
0.660431
0.660838
0.662871
0.660024
0.660024
0.655958
0.655551
0.656771
0.658804
0.658804
0.660024
0.661651
0.661244
0.659211
0.658804
0.664904
0.662871
0.663684
0.655551
0.660838
0.660024
0.662871
0.664091
0.659211
0.658804
0.660024
0.661651
0.657178
0.657178
0.660024
0.658804
0.658398
0.654738
0.659618
0.660024
0.657584
0.654331
0.653111
0.656771
0.655551
0.659211
0.658804
0.662058
0.660838
0.662464
0.664498
0.664904
0.664091
0.665311
0.666938
0.660838
0.659618
0.656364
0.658804
0.664498
0.666124
0.664091
0.660838
0.660838
0.665311
0.664498
0.660431
0.659211
0.657991
0.658804
0.663278
0.656364
0.653518
0.652704
0.655958
0.660024
0.657584
0.657584
0.658804
0.662058
0.660431
0.664091
0.661244
0.662058
0.665311
0.660024
0.660838
0.657584
0.659211
0.660431
0.657178
0.661651
0.657991
0.659211
0.658398
0.660024
0.661651
0.657178
0.656364
0.658804
0.657991
0.657178
0.655551
0.658804
0.660838
0.659618
0.658398
0.661244
0.660024
0.665718
0.662058
0.661651
0.662464
0.662058
0.659211
0.656771
0.657178
0.657584
0.658398
0.654331
0.657584
0.657178
0.662058
0.659618
0.657991
0.658804
0.657584
0.660838
0.660024
0.655958
0.656364
0.656364
0.652704
0.655958
0.658804
0.656771
0.664091
0.663684
0.659211
0.656364
0.657178
0.656771
0.654738
0.655551
0.657584
0.660431
0.662058
0.665718
0.664904
0.666531
0.665311
0.664904
0.661651
0.660838
0.655144
0.657178
0.655551
0.656771
0.654331
0.655551
0.656364
0.661651
0.660024
0.660838
0.662058
0.657584
0.656771
0.658804
0.659211
0.657991
0.658804
0.665311
0.658804
0.657991
0.657991
0.657991
0.658398
0.658398
0.660024
0.664498
0.663278
0.659211
0.660838
0.663684
0.661244
0.658804
0.655958
0.656771
0.657178
0.657178
0.662871
0.658804
0.659211
0.657991
0.660431
0.658804
0.658398
0.661651
0.661651
0.660431
0.661651
0.662871
0.661651
0.657991
0.657991
0.663684
0.659211
0.657991
0.660024
0.660838
0.657178
0.655144
0.655551
0.659211
0.661244
0.661651
0.657991
0.655144
0.658804
0.658398
0.660024
0.662058
0.658804
0.659618
0.657584
0.654331
0.655551
0.657178
0.659618
0.663684
0.661651
0.660431
0.662464
0.663278
0.657178
0.652704
0.654738
0.660431
0.655551
0.657991
0.656771
0.658398
0.656771
0.661651
0.662464
0.662058
0.657584
0.658804
0.662464
0.657584
0.657178
0.655144
0.653924
0.655144
0.655551
0.657991
0.659211
0.659618
0.660431
0.655551
0.660838
0.663684
0.664091
0.657991
0.660838
0.661244
0.659211
0.657178
0.656771
0.658398
0.659618
0.661244
0.660838
0.658804
0.658804
