0.498577
0.506710
0.524603
0.511590
0.530297
0.527044
0.540464
0.546157
0.517283
0.543310
0.546157
0.538430
0.526230
0.542904
0.529890
0.536397
0.546970
0.552664
0.545344
0.556324
0.536804
0.577471
0.565677
0.560390
0.558357
0.567710
0.563237
0.554697
0.546157
0.545344
0.555510
0.546970
0.564457
0.566490
0.575031
0.571370
0.564457
0.564864
0.573404
0.569744
0.581537
0.571777
0.577471
0.566897
0.557544
0.559577
0.566084
0.557137
0.568524
0.546157
0.555510
0.555104
0.570557
0.579097
0.577471
0.583977
0.576251
0.584384
0.588857
0.587231
0.582351
0.594551
0.576251
0.580317
0.577877
0.588857
0.596991
0.587637
0.579097
0.581944
0.589671
0.598617
0.590077
0.590484
0.588044
0.601057
0.579097
0.579097
0.572590
0.584791
0.582757
0.595771
0.592924
0.585197
0.594551
0.594551
0.594957
0.596991
0.599837
0.589264
0.596177
0.581944
0.601057
0.605124
0.587637
0.607564
0.603497
0.608784
0.605124
0.612851
0.607971
0.615697
0.599837
0.595771
0.598211
0.607157
0.602684
0.605124
0.609597
0.606344
0.609191
0.619764
0.620577
0.616104
0.607971
0.609597
0.617731
0.612851
0.619764
0.615697
0.608377
0.616104
0.608784
0.624644
0.616511
0.606751
0.625458
0.627491
0.623424
0.629118
0.629118
0.623017
0.639691
0.630338
0.626678
0.623831
0.619764
0.637251
0.618137
0.628711
0.614884
0.613257
0.625864
0.628711
0.633184
0.627084
0.627898
0.628304
0.633591
0.627898
0.631558
0.640504
0.633998
0.637658
0.627084
0.627898
0.634404
0.633184
0.625864
0.621797
0.614071
0.609597
0.631964
0.629118
0.641724
0.631964
0.635218
0.626271
0.625458
0.632371
0.637658
0.627084
0.629118
0.625458
0.623424
0.640098
0.631151
0.640911
0.635218
0.635218
0.642131
0.644571
0.639691
0.629931
0.633591
0.634811
0.645384
0.634404
0.626271
0.633591
0.648638
0.643351
0.638471
0.639691
0.637251
0.640504
0.640098
0.638878
0.642944
0.643758
0.647418
0.645791
0.649044
0.645384
0.644571
0.635624
0.643758
0.650671
0.651484
0.636844
0.641724
0.644978
0.650264
0.632371
0.647011
0.645384
0.653111
0.656364
0.638471
0.641318
0.649044
0.647011
0.639691
0.645384
0.649858
0.649858
0.642944
0.630744
0.642131
0.644164
0.647011
0.647418
0.643351
0.649451
0.647824
0.644978
0.641318
0.654738
0.643351
0.654331
0.643351
0.649044
0.637251
0.637251
0.653518
0.637251
0.638064
0.640911
0.647011
0.639691
0.644571
0.651484
0.647418
0.650264
0.643351
0.651484
0.635624
0.633184
0.636844
0.649044
0.638471
0.644978
0.651078
0.644978
0.631964
0.642131
0.633591
0.645791
0.644978
0.641318
0.643351
0.641724
0.645791
0.636438
0.646198
0.647011
0.643758
0.639691
0.649044
0.647011
0.652298
0.653111
0.649858
0.647011
0.647824
0.643351
0.649858
0.654331
0.644571
0.650264
0.641724
0.647418
0.646198
0.641724
0.646198
0.644164
0.649044
0.640098
0.636844
0.642538
0.649858
0.650264
0.649044
0.644978
0.643758
0.637658
0.655144
0.650671
0.655144
0.653518
0.656771
0.649858
0.645791
0.649044
0.645791
0.644164
0.648638
0.656364
0.647418
0.644164
0.647824
0.639284
0.646198
0.646604
0.646198
0.639691
0.647011
0.647011
0.659211
0.650264
0.658398
0.647011
0.651078
0.653924
0.649451
0.647011
0.645384
0.645791
0.642538
0.646198
0.656364
0.653111
0.653111
0.660431
0.652704
0.658398
0.659211
0.646198
0.656771
0.657178
0.655144
0.654331
0.654331
0.650264
0.652298
0.642538
0.637658
0.657584
0.658804
0.649044
0.650671
0.652704
0.638878
0.652298
0.656364
0.648638
0.640911
0.644164
0.648231
0.657178
0.654738
0.654738
0.654331
0.642131
0.652298
0.643351
0.661651
0.651484
0.650671
0.653111
0.646604
0.653924
0.652298
0.648231
0.648231
0.650671
0.649044
0.642944
0.651078
0.654738
0.659618
0.654331
0.664904
0.647011
0.645791
0.640911
0.640098
0.654331
0.649858
0.665311
0.657178
0.653924
0.651078
0.653518
0.645384
0.649044
0.651078
0.653111
0.654331
0.647418
0.648638
0.651484
0.649858
0.653924
0.653518
0.660024
0.651078
0.646198
0.649451
0.649858
0.649858
0.660431
0.651078
0.658398
0.647824
0.651891
0.655958
0.644164
0.660838
0.649451
0.659618
0.653518
0.645384
0.645384
0.649858
0.654331
0.654738
0.657178
0.653518
0.653111
0.656364
0.649451
0.640911
0.645384
0.655551
0.657584
0.647418
0.645791
0.646604
0.649451
0.660838
0.659211
0.655144
0.653111
0.651891
0.649858
0.650264
0.657991
0.651484
0.652704
0.656771
0.650671
0.651078
0.648231
0.660024
0.663684
0.655551
0.657178
0.647824
0.637658
0.656771
0.649044
0.645384
0.654331
0.653111
0.638471
0.641724
0.650671
0.643758
0.653518
0.650264
0.659211
0.644571
0.640911
0.651078
0.655958
0.656771
0.662871
0.656771
0.642944
0.636031
0.630744
0.649858
0.650264
0.650671
0.644164
0.647418
0.655958
0.656771
0.653111
0.636844
0.645384
0.642131
0.655958
0.652298
0.654738
0.646604
0.652298
0.656364
0.649858
0.636438
0.639284
0.648638
0.648231
0.659618
0.659211
0.661244
0.656364
0.657584
0.651891
0.651078
0.644978
0.648231
0.640098
0.640098
0.647824
0.651078
0.655551
0.661651
0.655958
0.651891
0.651484
0.645791
0.637251
0.639691
0.650264
0.653518
0.655551
0.661244
0.652298
0.660024
0.648231
0.655958
0.653111
0.653111
0.663684
0.662871
0.658804
0.657584
0.661244
0.653924
0.648231
0.650264
0.649044
0.646198
0.650671
0.659211
0.658398
0.660838
0.663684
0.653924
0.666531
0.658398
0.651891
0.650264
0.657991
0.655958
0.657991
0.666124
0.664498
0.655958
0.656364
0.657991
0.644164
0.642538
0.664091
0.664091
0.659618
0.647824
0.650264
0.644571
0.653111
0.647011
0.654331
0.663684
0.652704
0.643351
0.655958
0.652704
0.656771
0.647418
0.651891
0.659211
0.649858
0.655144
0.653924
0.658398
0.645791
0.647824
0.650264
0.661244
0.662871
0.660024
0.657178
0.666531
0.655144
0.654331
0.652704
0.660024
0.651891
0.653924
0.649044
0.648638
0.651484
0.654331
0.656771
0.664904
0.656364
0.656771
0.660431
0.660838
0.641724
0.653111
0.651484
0.652704
0.658398
0.660838
0.660431
0.655551
0.655144
0.655551
0.656771
0.647418
0.653518
0.652298
0.654331
0.657991
0.651484
0.658398
0.654738
0.660024
0.650264
0.640098
0.656364
0.650671
0.653924
0.642944
0.654738
0.655958
0.660431
0.655144
0.661244
0.657584
0.648231
0.655551
0.659618
0.668158
0.664498
0.668971
0.655144
0.643758
0.650264
0.664498
0.651484
0.655144
0.659211
0.651484
0.646604
0.657991
0.660024
0.663684
0.661244
0.660024
0.658804
0.654738
0.649044
0.657584
0.660431
0.661651
0.655958
0.646198
0.645791
0.646604
0.651891
0.658804
0.656771
0.664091
0.660838
0.659618
0.651484
0.653924
0.654331
0.663278
0.661244
0.657178
0.656771
0.660838
0.654331
0.654738
0.652298
0.656771
0.662464
0.651078
0.653924
0.651484
0.654738
0.660024
0.653518
0.660024
0.653111
0.644164
0.651484
0.648231
0.660838
0.671411
0.667751
0.667751
0.662058
0.650264
0.649044
0.648638
0.649044
0.664091
0.660431
0.656364
0.655551
0.649858
0.668564
0.661651
0.660024
0.653111
0.654738
0.658804
0.657991
0.662464
0.663684
0.655958
0.641318
0.662058
0.662464
0.665311
0.654738
0.651891
0.657584
0.664904
0.660431
0.663684
0.663278
0.647418
0.642131
0.641318
0.664091
0.657991
0.655144
0.662058
0.656364
0.648638
0.646604
0.651078
0.661244
0.660431
0.666938
0.649858
0.654738
0.663278
0.664091
0.671004
0.661651
0.663278
0.648231
0.638471
0.649451
0.662058
0.653518
0.662058
0.657584
0.647011
0.644571
0.640911
0.656771
0.651078
0.654331
0.663278
0.650264
0.660431
0.655551
0.654738
0.656364
0.666124
0.662464
0.647824
0.651484
0.660838
0.657584
0.664498
0.657178
0.659211
0.647011
0.656364
0.655551
0.666124
0.666531
0.666938
0.644571
0.649858
0.653518
0.661651
0.664498
0.663278
0.667751
0.661244
0.669784
0.667751
0.662871
0.656771
0.650264
0.656364
0.655551
0.648638
0.661651
0.660431
0.657178
0.656771
0.655144
0.648638
0.661244
0.647011
0.652704
0.659211
0.660838
0.660838
0.660024
0.660431
0.651891
0.644571
0.657584
0.663278
0.651484
0.649451
0.662058
0.657178
0.661244
0.663278
0.650264
0.644571
0.653924
0.658804
0.659618
0.658398
0.658398
0.662464
0.662464
0.658804
0.658804
0.648231
0.649451
0.646198
0.657991
0.660024
0.650671
0.648638
0.657991
0.662871
0.654738
0.664904
0.647011
0.648638
0.651078
0.657584
0.660024
0.659618
0.653518
0.661651
0.661244
0.652298
0.658398
0.668158
0.644978
0.662871
0.654738
0.663684
0.655144
0.652298
0.656771
0.657584
0.663278
0.663684
0.658804
0.666124
0.663278
0.668971
0.657991
0.654331
0.652298
0.653924
0.659618
0.661651
0.669378
0.663278
0.660431
0.663684
0.657991
0.671004
0.654738
0.666531
0.661244
0.663684
0.673038
0.653924
0.663278
0.665311
0.655551
0.654738
0.664904
0.662871
0.665311
0.665718
0.670598
0.658398
0.650264
0.666938
0.660431
0.660431
0.667751
0.657991
0.653518
0.660024
0.662464
0.662464
0.667751
0.650671
0.656364
0.660838
0.668971
0.650264
0.657178
0.666531
0.666531
0.661651
0.663684
0.654331
0.658804
0.660431
0.663278
0.654738
0.661244
0.668158
0.666938
0.659211
0.652298
0.646604
0.651484
0.660024
0.663278
0.664091
0.669378
0.653111
0.658398
0.663278
0.658398
0.647824
0.659211
0.655958
0.663278
0.657584
0.662464
0.656771
0.654331
0.656364
0.657991
0.647011
0.669784
0.662464
0.662464
0.664091
0.660838
0.650671
0.662058
0.655958
0.659211
0.652704
0.653924
0.659618
0.660838
0.665311
0.651891
0.663684
0.663278
0.664091
0.655144
0.645791
0.652704
0.656771
0.662464
0.663684
0.654331
0.655551
0.661244
0.649858
0.641318
0.668564
0.663278
0.657584
0.670191
0.662058
0.646604
0.655958
0.646198
0.660024
0.673444
0.668158
0.665311
0.668158
0.659211
0.657178
0.657584
0.662464
0.655958
0.656364
0.654738
0.658804
0.665311
0.651078
0.657178
0.659618
0.652298
0.650671
0.657178
0.658804
0.657991
0.655958
0.648231
0.666531
0.664091
0.661244
0.661651
0.661244
0.658804
0.657991
0.653518
0.653924
0.663684
0.664091
0.651484
0.660024
0.652704
0.645791
0.651484
0.671818
0.656771
0.660024
0.669378
0.661244
0.651484
0.661651
0.670191
0.657584
0.651484
0.660431
0.653518
0.662871
0.660024
0.671818
0.667751
0.661651
0.648231
0.656771
0.653111
0.663684
0.665311
0.665311
0.660838
0.652704
0.654738
0.655551
0.663684
0.657178
0.660838
0.655551
0.656364
0.652704
0.659211
0.662058
0.662464
0.659211
0.658398
0.651891
0.656364
0.656364
0.662871
0.667751
0.655144
0.647011
0.651891
0.656364
0.652704
0.658804
0.658398
0.666531
0.665311
0.670598
0.664091
0.651484
0.642538
0.650264
0.660431
0.662871
0.660024
0.661244
0.668971
0.657178
0.660431
0.661651
0.656771
0.650671
0.655958
0.644571
0.656771
0.663278
0.662871
0.661244
0.659618
0.663278
0.655958
0.655551
0.664498
0.659618
0.663278
0.662464
0.661244
0.654738
0.664904
0.665718
0.650264
0.660024
0.657584
0.656364
0.664498
0.666124
0.677511
0.657991
0.653518
0.661651
0.662464
0.659618
0.657178
0.655144
0.659618
0.653111
0.657991
0.662871
0.661651
0.659211
0.661244
0.659211
0.654738
0.664498
0.665311
0.664904
0.669784
0.665718
0.655958
0.650671
0.660838
0.668971
0.662871
0.666938
0.672224
0.658804
0.649858
0.651078
0.660024
0.664091
0.662871
0.657991
0.663278
0.653518
0.661244
0.660024
0.656771
0.654738
0.648231
0.651078
0.665718
0.666938
0.660024
0.663278
0.668158
0.662058
0.659618
0.658804
0.647011
0.659618
0.662464
0.666124
0.664904
0.664904
0.666124
0.654331
0.658398
0.663684
0.657584
0.649451
0.655958
0.655144
0.660024
0.669784
0.658804
0.659211
0.655551
0.645384
0.649451
0.654738
0.663684
0.661244
0.665311
0.662058
0.658804
0.659211
0.665718
0.655958
0.658398
0.652298
0.664904
0.664498
0.666531
0.659211
0.663278
0.659618
0.652704
0.646198
0.658804
0.664091
0.666531
0.661651
0.663278
0.663684
0.656364
0.653518
0.654331
0.660024
0.657584
0.660838
0.666124
0.661651
0.667344
0.651078
0.653924
0.657178
0.672224
0.662871
0.661651
0.668971
0.664904
0.655958
0.666938
0.662871
0.662871
0.653111
0.650264
0.661651
0.663278
0.662871
0.660431
0.653924
0.655958
0.653518
0.651891
0.660838
0.668971
0.664091
0.664904
0.664904
0.660431
0.670191
0.659618
0.653518
0.655551
0.655551
0.665311
0.667344
0.666124
0.668158
0.664904
0.669784
0.662871
0.646604
0.638878
0.657991
0.665311
0.657178
0.662464
0.668158
0.657991
0.657991
0.646198
0.653111
0.658804
0.659211
0.654331
0.670191
0.657584
0.668158
0.664498
0.662871
0.645384
0.633591
0.654331
0.674258
0.667751
0.651484
0.661244
0.667751
0.660024
0.665311
0.651891
0.647824
0.660024
0.653924
0.661244
0.668158
0.671004
0.666531
0.658804
0.668158
0.643758
0.633591
0.647824
0.662871
0.668564
0.645384
0.651078
0.649451
0.661651
0.652298
0.651891
0.655551
0.639691
0.656771
0.657178
0.666531
0.666124
0.666124
0.666124
0.658804
0.651484
0.640098
0.643758
0.654331
0.662464
0.667751
0.658804
0.644164
0.661651
0.662464
0.665311
0.658398
0.642131
0.648231
0.656771
0.653111
0.646604
0.650671
0.651484
0.662871
0.658804
0.664904
0.660838
0.657178
0.663278
0.662464
0.653518
0.655144
0.663278
0.656771
0.657584
0.660431
0.663278
0.664904
0.660431
0.664498
0.666938
0.664091
0.652298
0.649044
0.651078
0.645791
0.661244
0.660838
0.655551
0.659211
0.660431
0.655958
0.657178
0.656771
0.638064
0.661244
0.664498
0.657991
0.657991
0.658804
0.660431
0.661651
0.663278
0.652704
0.648638
0.651484
0.653924
0.672224
0.657991
0.660431
0.656771
0.661651
0.653111
0.660024
0.653518
0.648638
0.655958
0.643758
0.655551
0.658398
0.653111
0.659211
0.661244
0.655144
0.645791
0.650264
0.650671
0.660024
0.656364
0.655144
0.655958
0.663278
0.663684
0.652298
0.663684
0.666938
0.666938
0.662464
0.665718
0.662464
0.655958
0.648231
0.650671
0.655144
0.655551
0.668158
0.669784
0.664498
0.654331
0.654331
0.660431
0.672631
0.646604
0.653111
0.652704
0.653924
0.672631
0.671818
0.659211
0.670598
0.664498
0.656771
0.664498
0.663278
0.664498
0.657584
0.655551
0.657584
0.660024
0.657991
0.664904
0.658804
0.651891
0.658804
0.661244
0.653518
0.659211
0.660024
0.662464
0.659618
0.655551
0.652298
0.660024
0.659211
0.660838
0.666938
0.663278
0.668564
0.660838
0.654738
0.658398
0.652298
0.657584
0.662871
0.659211
0.667751
0.667751
0.669784
0.665718
0.657991
0.651891
0.653518
0.651484
0.657178
0.653924
0.657584
0.657991
0.666124
0.660838
0.646604
0.652704
0.647011
0.653924
0.662058
0.663278
0.667751
0.659211
0.666531
0.663684
0.658804
0.663684
0.660431
0.661244
0.657584
0.653111
0.657178
0.662464
0.657178
0.655551
0.654738
0.666124
0.665311
0.659211
0.672224
0.666938
0.664091
0.662464
0.661651
0.659618
0.664904
0.662058
0.653111
0.663278
0.664904
0.661651
0.664091
0.659211
0.654738
0.648231
0.647824
0.653924
0.661244
0.655958
0.664498
0.665718
0.667751
0.662464
0.659618
0.655958
0.654331
0.655551
0.661651
0.657991
0.659211
0.661651
0.663278
0.659211
0.658398
0.663278
0.659211
0.656364
0.651891
0.669784
0.666938
0.658398
0.664091
0.666124
0.657584
0.664091
0.663684
0.662058
0.652298
0.661651
0.657991
0.667344
0.662058
0.647418
0.646198
0.655144
0.657584
0.644571
0.656364
0.649858
0.654738
0.655144
0.655958
0.650671
0.652704
0.663278
0.656364
0.655958
0.654331
0.650671
0.649858
0.655958
0.652298
0.654331
0.657584
0.653924
0.655551
0.657584
0.659211
0.657584
0.656771
0.660838
0.660024
0.653111
0.652704
0.662871
0.655144
0.662871
0.667344
0.659211
0.657584
0.660024
0.655144
0.656364
0.664904
0.661244
0.655551
0.657584
0.663684
0.662058
0.662058
0.652704
0.660431
0.660838
0.653111
0.658804
0.670598
0.661651
0.662058
0.655551
0.655958
0.660431
0.646604
0.657178
0.659618
0.660431
0.653518
0.660838
0.664904
0.650671
0.656364
0.662871
0.659618
0.668971
0.666938
0.664498
0.655958
0.652704
0.660431
0.657991
0.647418
0.647824
0.656364
0.666938
0.666124
0.659618
0.666531
0.664498
0.658804
0.657991
0.655551
0.650671
0.654331
0.666531
0.653518
0.656364
0.661651
0.655551
0.660838
0.661244
0.656771
0.651891
0.653111
0.660431
0.663278
0.660024
0.656364
0.657991
0.650264
0.653111
0.670191
0.668564
0.663684
0.660431
0.663278
0.658804
0.653924
0.649044
0.660024
0.655958
0.656771
0.658398
0.660838
0.661651
0.659618
0.666124
0.664904
0.649858
0.651891
0.651891
0.659618
0.660024
0.670191
0.653518
0.663278
0.663278
0.664904
0.660024
0.655551
0.664091
0.652298
0.655144
0.655958
0.662464
0.667344
0.663684
0.659211
0.649044
0.655958
0.657991
0.655958
0.667751
0.660024
0.662058
0.657178
0.656364
0.658398
0.655551
0.662871
0.664091
0.662464
0.664091
0.659618
0.654331
0.655144
0.656771
0.648231
0.657584
0.649451
0.655551
0.652704
0.657584
0.666124
0.664904
0.662871
0.653924
0.656364
0.646604
0.656771
0.663278
0.668158
0.666531
0.665718
0.662871
0.667751
0.663278
0.654331
0.665718
0.654331
0.655958
0.659211
0.668564
0.674258
0.664498
0.663684
0.654331
0.654738
0.646604
0.649858
0.659618
0.666938
0.662871
0.660838
0.660024
0.662464
0.659618
0.651484
0.658398
0.662464
0.654738
0.666124
0.665311
0.658398
0.660431
0.660024
0.651891
0.656364
0.670598
0.666531
0.652704
0.664904
0.666531
0.662871
0.664498
0.658398
0.652704
0.655551
0.659211
0.659618
0.649858
0.657178
0.663684
0.655958
0.658804
0.650671
0.651891
0.656364
0.654738
0.657991
0.660431
0.656364
0.666124
0.654738
0.655144
0.650671
0.651891
0.658398
0.655144
0.657991
0.649044
0.653924
0.654331
0.645791
0.657991
0.655958
0.657178
0.654331
0.658398
0.657584
0.651078
0.662058
0.669784
0.664498
0.658804
0.660431
0.657178
0.655551
0.655958
0.649044
0.655958
0.652298
0.660431
0.652704
0.644164
0.651891
0.651484
0.659211
0.655958
0.657584
0.659211
0.636031
0.651891
0.644164
0.643758
0.656771
0.652704
0.654738
0.666124
0.665718
0.656771
0.652704
0.652704
0.649858
0.654331
0.664904
0.656771
0.661651
0.657178
0.656771
0.655958
0.660431
0.659211
0.656364
0.657584
0.657584
0.656771
0.652704
0.650671
0.645791
0.649451
0.655551
0.647418
0.647418
0.653111
0.660838
0.661651
0.662058
0.660838
0.660024
0.664091
0.649451
0.648231
0.645384
0.662464
0.656771
0.660838
0.654331
0.657178
0.652704
0.651891
0.658398
0.660024
0.664091
0.651078
0.659211
0.655958
0.665718
0.661244
0.657584
0.655144
0.647824
0.660431
0.659618
0.653518
0.660431
0.668564
0.664498
0.656364
0.648231
0.647418
0.657584
0.660838
0.656771
0.662058
0.656364
0.656771
0.655144
0.658804
0.661651
0.662058
0.662871
0.657991
0.651891
0.654738
0.656364
0.654331
0.655551
0.655144
0.653518
0.658804
0.659211
0.660024
0.655958
0.662464
0.663684
0.658804
0.653518
0.655958
0.664498
0.658398
0.661244
0.659618
0.657991
0.665311
0.662871
0.652704
0.663278
0.654331
0.648638
0.657584
0.649858
0.650671
0.654738
0.662058
0.665311
0.660431
0.662871
0.656364
0.658804
0.652704
0.660838
0.652704
0.652704
0.658804
0.660838
0.668564
0.659618
0.660431
0.661651
0.660431
0.657991
0.655551
0.650671
0.645791
0.652298
0.655144
0.659618
0.660024
0.655958
0.659618
0.662871
0.650671
0.668971
0.660838
0.662871
0.666531
0.655958
0.660024
0.654331
0.665718
0.652704
0.653111
0.668158
0.655958
0.656771
0.645791
0.644164
0.659618
0.662871
0.656771
0.650671
0.651891
0.653924
0.660024
0.664498
0.658804
0.658398
0.656364
0.664091
0.653924
0.656364
0.661244
0.666531
0.656364
0.659211
0.662871
0.660024
0.657178
0.664498
0.656771
0.654331
0.648231
0.643351
0.655958
0.649451
0.661244
0.655551
0.654738
0.653924
0.663278
0.642944
0.653518
0.647824
0.660431
0.657584
0.662058
0.663278
0.652704
0.653111
0.650264
0.660431
0.667751
0.663278
0.647824
0.657178
0.664904
0.660838
0.661244
0.653924
0.655144
0.661651
0.650264
0.655144
0.654331
0.647418
0.647824
0.657178
0.667751
0.661244
0.654331
0.667344
0.658398
0.656364
0.653111
0.655958
0.656771
0.649044
0.655551
0.653111
0.642538
0.663278
0.663684
0.655144
0.655551
0.658804
0.653111
0.655958
0.662871
0.655551
0.669378
0.654738
0.659618
0.652704
0.657991
0.664091
0.653924
0.657178
0.650671
0.657178
0.658398
0.654738
0.660838
0.652298
0.657991
0.656364
0.647824
0.657584
0.652704
0.653111
0.641318
0.652298
0.657991
0.652704
0.666531
0.655144
0.661651
0.659618
0.651484
0.651891
0.658804
0.644571
0.657991
0.662058
0.658804
0.655958
0.655551
0.661651
0.649044
0.650671
0.656771
0.654738
0.656364
0.668158
0.658398
0.660431
0.659618
0.655144
0.651078
0.656771
0.657178
0.643351
0.656771
0.663684
0.665718
0.664498
0.654331
0.661244
0.663684
0.655958
0.657584
0.653518
0.657991
0.659211
0.655958
0.655958
0.662058
0.660024
0.651891
0.649858
0.648638
0.657178
0.657991
0.662058
0.663278
0.653518
0.661651
0.655551
0.657584
0.663278
0.654331
0.642944
0.655551
0.651078
0.662058
0.655958
0.657584
0.664091
0.664498
0.657178
0.662871
0.654331
0.659211
0.661651
0.654738
0.654738
0.651484
0.661651
0.667344
0.662058
0.664904
0.659618
0.660431
0.660838
0.664091
0.660431
0.659211
0.651078
0.652704
0.655144
0.651891
0.659211
0.658804
0.654738
0.655551
0.664091
0.656771
0.666531
0.656364
0.651484
0.656771
0.652298
0.661651
0.651078
0.656364
0.660838
0.658804
0.653924
0.662464
0.652298
0.662871
0.663684
0.664498
0.662871
0.662464
0.663684
0.670191
0.660024
0.654738
0.646198
0.655551
0.653924
0.655551
0.656771
0.655144
0.662871
0.658398
0.655958
0.652704
0.656364
0.654331
0.654331
0.655958
0.665311
0.664498
0.662871
0.659211
0.657991
0.668158
0.663684
0.667751
0.669378
0.659211
0.661244
0.654738
0.660838
0.666531
0.653111
0.661651
0.651891
0.650671
0.653518
0.662871
0.651891
0.661651
0.654738
0.648638
0.664091
0.662058
0.659618
0.665311
0.652704
0.668564
0.665311
0.654738
0.650671
0.653518
0.656771
0.667344
0.650264
0.657584
0.662058
0.655958
0.658398
0.659618
0.661244
0.653924
0.655551
0.659211
0.652298
0.654738
0.657991
0.660431
0.662058
0.643758
0.650671
0.659211
0.657178
0.658398
0.663278
0.659211
0.663278
0.654331
0.662058
0.654331
0.644571
0.659211
0.662058
0.662058
0.655958
0.657584
0.660838
0.656771
0.650671
0.659211
0.657584
0.664091
0.654738
0.657584
0.659618
0.655144
0.667344
0.659618
0.649858
0.660024
0.656364
0.653924
0.658804
0.662871
0.659618
0.653111
0.662464
0.657178
0.654738
0.650264
0.656771
0.661651
0.662464
0.667751
0.663684
0.653518
0.652704
0.655958
0.657991
0.655958
0.650671
0.653111
0.656771
0.656364
0.660838
0.664091
0.659618
0.651078
0.658398
0.654738
0.657178
0.658804
0.655958
0.657991
0.653924
0.662871
0.659618
0.651891
0.663684
0.656771
0.662058
0.658398
0.655144
0.650264
0.660838
0.662871
0.662464
0.667344
0.666531
0.670191
0.660838
0.658398
0.666531
0.653518
0.656771
0.663278
0.658804
0.662464
0.652298
0.657584
0.657991
0.655144
0.649451
0.657178
0.658398
0.651078
0.656771
0.656771
0.654738
0.660431
0.661651
0.654738
0.660838
0.669378
0.666531
0.657178
0.664904
0.666938
0.660431
0.656364
0.654331
0.659618
0.657991
0.651484
0.659211
0.659211
0.651891
0.656771
0.662464
0.654738
0.653518
0.666531
0.646604
0.661244
0.655958
0.638064
0.668971
0.654331
0.656364
0.657991
0.661651
0.659211
0.659618
0.666531
0.645791
0.650671
0.651484
0.663278
0.652298
0.665311
0.659211
0.655958
0.651078
0.653924
0.663684
0.669378
0.660024
0.662058
0.660838
0.656364
0.657584
0.652298
0.659211
0.659618
0.654331
0.660431
0.661244
0.654738
0.660024
0.655551
0.656771
0.654738
0.649858
0.659618
0.655958
0.658804
0.657991
0.664904
0.656771
0.664904
0.655958
0.655551
0.666531
0.658804
0.662871
0.658804
0.660838
0.654738
0.656771
0.650671
0.656364
0.654738
0.656771
0.657584
0.657991
0.668971
0.662058
0.655144
0.654331
0.660838
0.667751
0.655144
0.651078
0.656364
0.657584
0.660431
0.671818
0.656771
0.660838
0.662058
0.653518
0.659211
0.655551
0.659618
0.659618
0.651484
0.665718
0.662871
0.659618
0.662464
0.655958
0.644571
0.649451
0.653518
0.649858
0.658398
0.657584
0.651891
0.670191
0.659618
0.655551
0.651078
0.654738
0.659618
0.660024
0.657178
0.660838
0.664498
0.665718
0.662464
0.656771
0.646198
0.648638
0.646198
0.649858
0.657584
0.652704
0.655958
0.657178
0.667751
0.656364
0.656771
0.655551
0.655144
0.660431
0.658398
0.654331
0.657584
0.657178
0.654738
0.653924
0.661244
0.653924
0.664498
0.646198
0.650671
0.658804
0.659618
0.656364
0.657178
0.665311
0.654738
0.659618
0.657178
0.656771
0.655551
0.642538
0.658398
0.654738
0.655551
0.661244
0.661651
0.662871
0.655551
0.662058
0.657584
0.651891
0.655551
0.649044
0.647011
0.660431
0.654738
0.656364
0.657991
0.660431
0.657584
0.655958
0.657991
0.657584
0.652298
0.661244
0.658804
0.657584
0.655551
0.650671
0.655551
0.650264
0.661244
0.656364
0.647824
0.660024
0.653924
0.655958
0.655551
0.662464
0.664498
0.655144
0.651484
0.655144
0.650671
0.662464
0.661651
0.654331
0.655958
0.658398
0.660024
0.653518
0.664904
0.657991
0.658398
0.657584
0.658804
0.662464
0.651484
0.651891
0.653924
0.662058
0.652704
0.656364
0.658398
0.648231
0.653518
0.660838
0.650264
0.649451
0.655144
0.654738
0.653518
0.656771
0.655144
0.659211
0.661244
0.657991
0.663278
0.665311
0.667751
0.657178
0.653924
0.647011
0.649858
0.661244
0.660838
0.661244
0.653924
0.666938
0.658804
0.656364
0.657584
0.653111
0.655958
0.653111
0.654331
0.656364
0.662871
0.657991
0.661244
0.651484
0.657991
0.655551
0.656771
0.662464
0.662464
0.660838
0.653111
0.655144
0.652298
0.650671
0.662058
0.653111
0.648231
0.666938
0.662058
0.656771
0.655551
0.653518
0.658398
0.663684
0.658398
0.658804
0.657584
0.657991
0.652704
0.651484
0.651484
0.655144
0.654331
0.657584
0.654331
0.665311
0.655551
0.659618
0.659618
0.657991
0.649451
0.660838
0.662464
0.657584
0.662464
0.664498
0.658398
0.657991
0.666124
0.658804
0.651891
0.659618
0.659211
0.658398
0.657584
0.665311
0.660431
0.660024
0.655144
0.660024
0.657584
0.660431
0.654331
0.665718
0.666938
0.666531
0.663278
0.666124
0.662464
0.665718
0.661651
0.658398
0.657991
0.659618
0.653111
0.652298
0.663684
0.659211
0.661651
0.652298
0.656771
0.664904
0.655958
0.667751
0.657584
0.661244
0.663684
0.665311
0.650264
0.657178
0.668971
0.665718
0.657178
0.662058
0.662464
0.660024
0.654331
0.659211
0.652298
0.655958
0.659618
0.657178
0.660024
0.664904
0.655551
0.667751
0.658804
0.653924
0.653518
0.659211
0.666531
0.664498
0.647011
0.664091
0.655958
0.662464
0.655144
0.650264
0.654331
0.655551
0.657991
0.656771
0.656364
0.653924
0.665718
0.661651
0.658398
0.653111
0.650264
0.655958
0.664091
0.655958
0.662464
0.643351
0.660838
0.663278
0.655144
0.653111
0.654331
0.651484
0.663684
0.663278
0.656364
0.666124
0.655551
0.658804
0.654331
0.650264
0.661244
0.658804
0.654331
0.656771
0.658398
0.664091
0.659211
0.660838
0.664091
0.653111
0.656364
0.662871
0.658804
0.661651
0.658398
0.658804
0.664091
0.660431
0.657991
0.651484
0.661651
0.649451
0.649858
0.655958
0.660024
0.658804
0.654331
0.662058
0.655551
0.650264
0.659618
0.658398
0.648231
0.652704
0.658398
0.655958
0.662464
0.658804
0.655144
0.657178
0.656771
0.653111
0.664498
0.649858
0.649858
0.659211
0.658398
0.658398
0.654331
0.651078
0.654331
0.661651
0.647824
0.654331
0.658398
0.659618
0.660838
0.656364
0.655551
0.663278
0.655551
0.641318
0.657178
0.657178
0.644978
0.655144
0.652704
0.654738
0.656771
0.657584
0.664091
0.653518
0.658398
0.655144
0.644571
0.644978
0.651484
0.648231
0.650671
0.651484
0.663278
0.660838
0.662058
0.652704
0.663278
0.657991
0.653518
0.655551
0.657178
0.654738
0.660431
0.650671
0.658398
0.660024
0.651484
0.657178
0.657178
0.650264
0.651078
0.650264
0.657584
0.653518
0.651078
0.648638
0.653924
0.657178
0.655144
0.651891
0.659211
0.654331
0.654331
0.655958
0.644164
0.657991
0.646198
0.655144
0.644164
0.648638
0.651891
0.656364
0.662058
0.656364
0.653518
0.655144
0.654738
0.654738
0.655551
0.658804
0.666124
0.660024
0.656364
0.659618
0.654738
0.657584
0.656771
0.659618
0.653111
0.660838
0.659618
0.664091
0.662058
0.657178
0.667344
0.669784
0.659618
0.655958
0.650264
0.657178
0.651484
0.658398
0.654738
0.666124
0.658804
0.664904
0.661244
0.653518
0.654331
0.666124
0.653924
0.657178
0.658398
0.661651
0.666531
0.661651
0.660431
0.657991
0.657178
0.652298
0.649044
0.667751
0.657584
0.657991
0.658398
0.656364
0.665311
0.656771
0.653518
0.648231
0.655551
0.664498
0.661244
0.664904
0.649858
0.657991
0.656364
0.666124
0.659618
0.647824
0.651484
0.657178
0.655144
0.653924
0.659211
0.657991
0.652704
0.645791
0.649451
0.656771
0.657178
0.658398
0.658398
0.651484
0.648638
0.639691
0.653518
0.646198
0.640504
0.655144
0.643758
0.658804
0.655144
0.651078
0.656771
0.650264
0.652298
0.659211
0.658398
0.659618
0.658804
0.662464
0.655958
0.657584
0.672631
0.651891
0.654331
0.658398
0.654331
0.652298
0.656771
0.658398
0.658398
0.660431
0.663278
0.661651
0.657178
0.660024
0.656364
0.663684
0.657584
0.654738
0.655551
0.671411
0.666124
0.654738
0.657991
0.654331
0.651891
0.658398
0.650671
0.656771
0.657178
0.670598
0.653518
0.665718
0.650671
0.655551
0.649858
0.654331
0.658398
0.646198
0.655144
0.660024
0.659618
0.664498
0.657991
0.655144
0.660838
0.659618
0.650264
0.658398
0.657584
0.653924
0.657178
0.662058
0.668564
0.655958
0.648231
0.656364
0.657178
0.655144
0.660431
0.657584
0.659211
0.661244
0.654738
0.659618
0.657584
0.662058
0.655144
0.657178
0.653111
0.655144
0.655551
0.654738
0.649858
0.660024
0.651078
0.659211
0.664091
0.657178
0.667751
0.660431
0.660024
0.652704
0.655551
0.669378
0.668158
0.648638
0.656771
0.663278
0.655551
0.648638
0.659211
0.658804
0.661244
0.641318
0.661244
0.653518
0.659211
0.656364
0.655144
0.658804
0.656771
0.657584
0.656364
0.651484
0.650671
0.651891
0.658804
0.663684
0.667751
0.660024
0.659618
0.657991
0.657584
0.657991
0.666938
0.657584
0.662464
0.656364
0.657991
0.669784
0.657178
0.659211
0.666938
0.656364
0.648231
0.662871
0.663684
0.654738
0.662871
0.653518
0.655551
0.650671
0.653111
0.656771
0.653924
0.662058
0.656364
0.646604
0.654331
0.645384
0.655958
0.660838
0.662464
0.661651
0.662871
0.660431
0.651484
0.661244
0.662871
0.647011
0.653111
0.649044
0.653924
0.668158
0.658398
0.662464
0.653111
0.657991
0.661651
0.637251
0.643351
0.654738
0.653518
0.658804
0.655551
0.653518
0.657178
0.661244
0.650671
0.647824
0.647418
0.650264
0.648231
0.664904
0.657991
0.655551
0.656364
0.650671
0.660431
0.648231
0.651891
0.652298
0.664091
0.658398
0.649044
0.661651
0.649858
0.655144
0.657178
0.656364
0.645791
0.651484
0.655144
0.665311
0.660838
0.664091
0.653111
0.654738
0.650671
0.656364
0.645384
0.658804
0.660838
0.651891
0.661651
0.657991
0.660024
0.650264
0.648231
0.649044
0.658398
0.658804
0.657991
0.651078
0.655958
0.658804
0.655551
0.657991
0.654331
0.648231
0.657991
0.664498
0.654331
0.650671
0.663684
0.655958
0.656364
0.652704
0.659211
0.667344
0.662058
0.653924
0.652298
0.646604
0.653111
0.668971
0.661244
0.654738
0.651891
0.663684
0.651078
0.654331
0.662871
0.653518
0.659618
0.657991
0.653518
0.655144
0.655144
0.657584
0.647824
0.653518
0.657584
0.659211
0.660024
0.651891
0.652298
0.655958
0.661244
0.660024
0.652298
0.662871
0.663278
0.659211
0.660838
0.647011
0.656771
0.668564
0.653518
0.658398
0.654738
0.661244
0.658398
0.661244
0.654738
0.651891
0.653111
0.664904
0.641318
0.648231
0.651891
0.653111
0.652704
0.662871
0.652298
0.659211
0.653924
0.656771
0.656364
0.650264
0.647011
0.654331
0.659211
0.657991
0.647418
0.648638
0.660024
0.661244
0.653518
0.661651
0.651484
0.664904
0.651484
0.655958
0.657584
0.658804
0.658804
0.653518
0.651484
0.655551
0.669784
0.663684
0.669784
0.654738
0.651484
0.656771
0.660024
0.654331
0.653518
0.662464
0.653111
0.653924
0.667344
0.656771
0.658398
0.657178
0.656364
0.656771
0.652298
0.650671
0.655551
0.659211
0.654738
0.660838
0.658804
0.653924
0.655551
0.662871
0.646604
0.647011
0.652704
0.653924
0.652704
0.649858
0.658804
0.653111
0.661244
0.656364
0.649451
0.651891
0.653111
0.651078
0.638878
0.655958
0.653518
0.663278
0.653924
0.651078
0.661244
0.660431
0.651891
0.648231
0.648638
0.647418
0.663684
0.651078
0.642131
0.655551
0.648638
0.661244
0.657178
0.642944
0.651078
0.650264
0.644978
0.643758
0.646198
0.643758
0.648231
0.649451
0.660838
0.645791
0.633184
0.657991
0.667344
0.659618
0.654738
0.653924
0.649451
0.649451
0.643758
0.653111
0.641724
0.660024
0.647824
0.651484
0.663684
0.652704
0.659618
0.661651
0.664091
0.666531
0.654331
0.657584
0.655144
0.656364
0.655551
0.657178
0.655958
0.647011
0.650671
0.657178
0.662464
0.661244
0.653518
0.653924
0.645791
0.655551
0.659618
0.646604
0.652704
0.651078
0.653924
0.656364
0.651891
0.654331
0.666124
0.659211
0.664498
0.651891
0.658804
0.650671
0.640911
0.649044
0.663684
0.647824
0.657584
0.652298
0.659618
0.649451
0.657991
0.649858
0.662464
0.660838
0.652704
0.653518
0.658398
0.657178
0.657991
0.652704
0.651078
0.659618
0.654738
0.658804
0.653924
0.652298
0.654738
0.648638
0.657178
0.649858
0.655958
0.643758
0.655144
0.660431
0.653518
0.650671
0.654331
0.653924
0.653111
0.651891
0.654331
0.640911
0.661651
0.651484
0.648638
0.647011
0.656771
0.662871
0.662058
0.651078
0.657584
0.655958
0.665311
0.654738
0.651891
0.652298
0.658804
0.647418
0.654331
0.658398
0.659211
0.657178
0.661651
0.657178
0.660024
0.651484
0.662871
0.649858
0.653924
0.653518
0.660838
0.655144
0.656771
0.664904
0.662058
0.660431
0.652298
0.656364
0.648231
0.656364
0.651484
0.666531
0.652704
0.651891
0.652704
0.657178
0.660838
0.652704
0.663278
0.654331
0.661244
0.652298
0.657584
0.663684
0.652298
0.660431
0.655144
0.662871
0.651484
0.644571
0.660838
0.646198
0.649858
0.657991
0.655144
0.660431
0.653111
0.654738
0.655144
0.647824
0.645384
0.657991
0.652298
0.657991
0.654331
0.660431
0.653111
0.664498
0.653924
0.651484
0.655958
0.661651
0.651891
0.662464
0.660024
0.663278
0.651891
0.659211
0.666531
0.659618
0.652298
0.659211
0.650264
0.664498
0.655958
0.658398
0.651078
0.662058
0.648231
0.649451
0.657991
0.669378
0.666938
0.649451
0.661651
0.661651
0.662871
0.657178
0.661651
0.653924
0.666124
0.657584
0.646604
0.649451
0.650671
0.643351
0.650671
0.652704
0.647824
0.657991
0.653924
0.662871
0.646604
0.662464
0.649044
0.652298
0.660024
0.660838
0.653111
0.657178
0.652298
0.653518
0.652704
0.648231
0.653924
0.653518
0.651078
0.645791
0.662464
0.664091
0.657178
0.655144
0.655551
0.649451
0.663278
0.667344
0.657178
0.661244
0.655551
0.664904
0.654331
0.665718
0.655551
0.657991
0.659618
0.649858
0.658804
0.653111
0.656364
0.657178
0.649858
0.657584
0.655958
0.651078
0.653518
0.649451
0.654738
0.662058
0.648231
0.652704
0.658804
0.653924
0.657991
0.655958
0.667751
0.652298
0.653924
0.635218
0.648231
0.654738
0.656364
0.652298
0.658398
0.661651
0.663278
0.646604
0.647824
0.659618
0.654331
0.653111
0.646198
0.651078
0.649451
0.655144
0.661244
0.657991
0.655551
0.648231
0.647418
0.655144
0.653518
0.657991
0.651484
0.661651
0.657991
0.653518
0.651078
0.651891
0.660024
0.660838
0.657991
0.655958
0.650264
0.661244
0.642944
0.651484
0.664498
0.660838
0.660024
0.657991
0.653111
0.649044
0.653111
0.655144
0.660024
0.658398
0.650264
0.657584
0.652704
0.653111
0.653924
0.642944
0.652298
0.651484
0.651891
0.657991
0.656771
0.657178
0.662464
0.657991
0.660431
0.660024
0.656771
0.661244
0.652704
0.657584
0.668971
0.662058
0.660431
0.666531
0.659618
0.660431
0.659618
0.662058
0.660838
0.651484
0.660431
0.651891
0.658804
0.655958
0.652298
0.661244
0.653924
0.656364
0.660431
0.665311
0.661651
0.657584
0.657584
0.660024
0.663684
0.671004
0.653111
0.657178
0.658398
0.653111
0.649858
0.657178
0.655958
0.655144
0.664498
0.650671
0.655958
0.651078
0.658398
0.653111
0.647418
0.661244
0.651891
0.658398
0.658804
0.662464
0.661651
0.655551
0.660431
0.665718
0.660431
0.655958
0.660838
0.651078
0.661244
0.660431
0.657991
0.655551
0.664498
0.657991
0.659211
0.663278
0.657584
0.661244
0.661651
0.660431
0.657178
0.649044
0.655144
0.649044
0.655551
0.661651
0.657584
0.649044
0.658398
0.651891
0.653111
0.655551
0.661651
0.658804
0.656364
0.656364
0.655551
0.655551
0.647824
0.659618
0.656364
0.664498
0.655958
0.659618
0.666531
0.659618
0.674258
0.649858
0.655144
0.660431
0.656364
0.662058
0.652298
0.651078
0.656364
0.646198
0.660431
0.660431
0.660431
0.653111
0.662871
0.656771
0.658398
0.660431
0.654331
0.655551
0.660024
0.645791
0.653111
0.653518
0.650671
0.655144
0.657178
0.653924
0.661244
0.660431
0.661651
0.662871
0.655551
0.658398
0.657178
0.657178
0.659618
0.664498
0.650671
0.657991
0.655958
0.649451
0.655551
0.657178
0.652704
0.647824
0.664091
0.664904
0.655958
0.655144
0.652298
0.651484
0.651484
0.661244
0.658804
0.655551
0.654738
0.660838
0.654738
0.665311
0.656771
0.656364
0.650264
0.654738
0.651891
0.653924
0.655958
0.650671
0.662464
0.658804
0.658804
0.658398
0.653111
0.651078
0.657991
0.659618
0.662464
0.648231
0.659618
0.664091
0.660838
0.647011
0.649044
0.661244
0.656771
0.653518
0.663278
0.655958
0.658804
0.650671
0.653518
0.655551
0.650264
0.657178
0.658398
0.650671
0.659211
0.663278
0.667751
0.656364
0.653111
0.654331
0.657584
0.654331
0.649451
0.657584
0.660838
0.658804
0.653518
0.656771
0.654738
0.653111
0.653924
0.649451
0.657584
0.662464
0.657178
0.655551
0.657584
0.663684
0.656771
0.650264
0.653924
0.654331
0.660024
0.656771
0.655551
0.655144
0.654331
0.659618
0.655551
0.655551
0.649044
0.658804
0.650264
0.650264
0.659211
0.660431
0.649858
0.655958
0.650264
0.655958
0.656364
0.659211
0.656771
0.659211
0.649451
0.655958
0.654738
0.658804
0.650671
