0.533550
0.535584
0.539650
0.565270
0.589671
0.595364
0.585197
0.588451
0.588044
0.588857
0.588044
0.588857
0.588857
0.588451
0.590077
0.587637
0.587637
0.587637
0.589671
0.589671
0.590484
0.589671
0.587637
0.587231
0.589264
0.588451
0.588451
0.588451
0.589264
0.588857
0.588451
0.588451
0.588451
0.588451
0.588451
0.588451
0.588451
0.586417
0.585604
0.586011
0.585604
0.586824
0.586011
0.585604
0.587231
0.588857
0.589671
0.590077
0.590077
0.590077
0.589671
0.589264
0.589671
0.590891
0.591297
0.591704
0.590077
0.591704
0.590484
0.591297
0.590077
0.590077
0.588857
0.588857
0.589264
0.588857
0.588857
0.588857
0.588451
0.588044
0.588451
0.589264
0.589671
0.589264
0.590077
0.590077
0.590484
0.590484
0.590484
0.590484
0.588857
0.588044
0.587637
0.587231
0.585197
0.585197
0.585197
0.584791
0.586011
0.587637
0.586011
0.585197
0.585197
0.586011
0.586417
0.586824
0.588044
0.588451
0.588044
0.589264
0.588857
0.589264
0.588451
0.585604
0.586417
0.586011
0.586417
0.586824
0.586824
0.586011
0.585604
0.585604
0.586011
0.586417
0.585604
0.585604
0.586011
0.586824
0.587231
0.587231
0.586824
0.586824
0.586011
0.585604
0.585604
0.586011
0.586011
0.586011
0.586011
0.586011
0.585197
0.586011
0.586417
0.587231
0.588857
0.588857
0.589264
0.589671
0.589671
0.589671
0.589671
0.589671
0.590891
0.591704
0.591704
0.592111
0.591704
0.592111
0.592517
0.593331
0.592924
0.593331
0.593737
0.592924
0.593331
0.592924
0.591297
0.590484
0.590484
0.590484
0.591704
0.592111
0.592924
0.592924
0.592924
0.592111
0.590484
0.591297
0.588857
0.589264
0.588857
0.588857
0.588857
0.589671
0.590484
0.590891
0.590484
0.588857
0.589671
0.589671
0.589671
0.589671
0.590077
0.590891
0.590891
0.590077
0.589671
0.590891
0.591297
0.590891
0.590891
0.591297
0.590891
0.589671
0.591297
0.592517
0.592111
0.592111
0.592111
0.592111
0.592111
0.591704
0.592111
0.592517
0.592924
0.592517
0.592924
0.593331
0.593737
0.593737
0.593331
0.593331
0.593331
0.593331
0.592924
0.592924
0.592517
0.592517
0.592517
0.592517
0.592517
0.593331
0.593331
0.592517
0.592111
0.592517
0.592111
0.590891
0.590891
0.590891
0.591704
0.591704
0.591704
0.592111
0.591704
0.591704
0.590891
0.590891
0.590484
0.590077
0.590891
0.590484
0.590891
0.591297
0.590891
0.590484
0.590891
0.590891
0.590484
0.591704
0.591297
0.592517
0.592517
0.592924
0.592924
0.592924
0.593331
0.592111
0.591704
0.592111
0.592517
0.592111
0.592517
0.592517
0.592111
0.592517
0.592111
0.591704
0.592924
0.591704
0.591297
0.590484
0.591297
0.590891
0.591297
0.591704
0.591297
0.591297
0.591297
0.591297
0.591297
0.591704
0.591704
0.592111
0.592517
0.593331
0.592924
0.592924
0.592924
0.592924
0.592517
0.593737
0.592517
0.592111
0.591704
0.591704
0.590891
0.591297
0.591704
0.591704
0.592111
0.592111
0.591704
0.591297
0.591704
0.590891
0.590891
0.590891
0.590891
0.590484
0.590484
0.590484
0.590077
0.590484
0.591297
0.592111
0.591704
0.592111
0.591297
0.591704
0.592111
0.592111
0.591297
0.591297
0.591297
0.591297
0.591297
0.591297
0.592111
0.592111
0.592111
0.591297
0.591704
0.591297
0.591297
0.591297
0.590891
0.591704
0.590891
0.591297
0.590891
0.590891
0.590891
0.591704
0.591704
0.591297
0.591704
0.591297
0.591704
0.590891
0.591297
0.591297
0.589671
0.589671
0.590077
0.590077
0.590077
0.590077
0.590484
0.590891
0.590891
0.591297
0.590484
0.591297
0.590891
0.591297
0.590484
0.590891
0.590891
0.590484
0.590077
0.590484
0.589264
0.590077
0.590077
0.590077
0.590077
0.590077
0.590077
0.590077
0.589671
0.590077
0.590077
0.590077
0.591297
0.591297
0.591297
0.591704
0.591704
0.591297
0.591704
0.591297
0.590484
0.590891
0.590891
0.591704
0.591704
0.591297
0.591297
0.591297
0.590484
0.591704
0.592111
0.592111
0.592111
0.591297
0.591704
0.592111
0.592111
0.591704
0.591704
0.592111
0.591704
0.591704
0.591704
0.591297
0.592111
0.592517
0.593331
0.593331
0.592924
0.593331
0.594551
0.594957
0.594957
0.594144
0.594144
0.594957
0.594551
0.594144
0.594144
0.592517
0.592517
0.592517
0.592517
0.592111
0.592111
0.592517
0.592111
0.592517
0.592111
0.593331
0.592111
0.593331
0.591704
0.592111
0.591704
0.592924
0.593331
0.593331
0.592111
0.593737
0.594144
0.593737
0.593737
0.593331
0.592517
0.592517
0.593331
0.593331
0.593331
0.592924
0.592111
0.592924
0.593737
0.593331
0.593737
0.593331
0.593331
0.593737
0.594144
0.594957
0.594957
0.594551
0.594144
0.593737
0.594551
0.593737
0.592924
0.592517
0.592517
0.592517
0.592517
0.592517
0.592517
0.592111
0.591704
0.593331
0.593737
0.593331
0.592517
0.592111
0.592111
0.592111
0.592517
0.592517
0.592111
0.592111
0.592517
0.592517
0.592111
0.591704
0.592111
0.592517
0.592924
0.592517
0.592111
0.592111
0.592111
0.592111
0.592924
0.592517
0.593737
0.594144
0.591704
0.590891
0.592924
0.593737
0.594144
0.594144
0.593737
0.592924
0.592924
0.592924
0.592517
0.592924
0.593737
0.594144
0.594551
0.593331
0.592924
0.592924
0.594144
0.593737
0.593331
0.592924
0.592924
0.593737
0.593331
0.592924
0.593331
0.592924
0.592924
0.593331
0.594144
0.593737
0.592111
0.591704
0.592111
0.592111
0.592924
0.594144
0.593331
0.593737
0.593737
0.594144
0.594144
0.594551
0.594144
0.594144
0.592924
0.592517
0.593331
0.592924
0.592924
0.592111
0.592517
0.593331
0.593331
0.593737
0.593331
0.593331
0.593331
0.593331
0.594144
0.594144
0.592924
0.594144
0.594551
0.594144
0.594144
0.593737
0.593737
0.594957
0.594957
0.594144
0.593737
0.593737
0.593737
0.594957
0.595364
0.593737
0.593331
0.593331
0.593737
0.593737
0.593331
0.592517
0.592111
0.592111
0.592924
0.592517
0.592924
0.592111
0.592517
0.592111
0.592924
0.592517
0.592517
0.592517
0.592924
0.593331
0.594957
0.596177
0.596584
0.595364
0.595771
0.596584
0.596177
0.595771
0.594144
0.594551
0.593331
0.592111
0.592111
0.591704
0.593737
0.594144
0.595364
0.595771
0.596177
0.595364
0.594551
0.594957
0.594551
0.594551
0.593737
0.594551
0.594957
0.594551
0.594144
0.594144
0.593331
0.593737
0.593737
0.592924
0.594144
0.594144
0.594144
0.594144
0.594551
0.594551
0.594551
0.594957
0.594957
0.594551
0.594144
0.594144
0.594551
0.593737
0.594551
0.595364
0.594144
0.594551
0.596991
0.596991
0.596991
0.596991
0.598211
0.597804
0.596991
0.597397
0.598211
0.599431
0.599837
0.599024
0.599431
0.601464
0.602277
0.600651
0.602684
0.603091
0.603904
0.605531
0.604717
0.604311
0.603497
0.604311
0.603497
0.601464
0.601871
0.601871
0.603091
0.602684
0.602277
0.602684
0.602277
0.603091
0.605531
0.608377
0.608784
0.608784
0.603904
0.607157
0.608377
0.608784
0.608377
0.605124
0.601871
0.603091
0.603091
0.604717
0.605531
0.606344
0.606751
0.606751
0.605937
0.601057
0.608377
0.612037
0.610411
0.607157
0.608377
0.602684
0.606751
0.604311
0.605124
0.605124
0.605937
0.605937
0.606344
0.606344
0.605531
0.604311
0.604717
0.605937
0.603904
0.605124
0.604311
0.601057
0.605937
0.607157
0.608784
0.608784
0.606751
0.601871
0.605937
0.608377
0.609191
0.609191
0.609597
0.607157
0.603904
0.601464
0.600244
0.601464
0.605124
0.605124
0.601057
0.602277
0.599837
0.601464
0.602684
0.605937
0.608784
0.610004
0.610411
0.609597
0.607564
0.603904
0.607157
0.603091
0.604717
0.607157
0.606344
0.610004
0.611224
0.612037
0.613257
0.612444
0.612037
0.609191
0.609597
0.607564
0.606344
0.607564
0.607971
0.609191
0.607971
0.608377
0.607971
0.608784
0.609191
0.611224
0.613664
0.614884
0.614477
0.614477
0.613257
0.609191
0.608377
0.607971
0.607971
0.607971
0.608784
0.610817
0.611631
0.612037
0.610004
0.607564
0.607971
0.609191
0.611631
0.613257
0.612444
0.613257
0.611224
0.610411
0.610411
0.609597
0.609191
0.607564
0.608784
0.609597
0.612851
0.612037
0.612444
0.612444
0.613664
0.612851
0.612444
0.612444
0.613664
0.612444
0.612851
0.610817
0.609191
0.609191
0.610411
0.610411
0.609191
0.611224
0.614071
0.615697
0.615291
0.615291
0.614071
0.610004
0.610411
0.608784
0.609191
0.613664
0.614884
0.613664
0.613664
0.612037
0.610411
0.612037
0.611631
0.610411
0.610004
0.612444
0.615697
0.613664
0.615291
0.615291
0.611631
0.611224
0.611224
0.612037
0.614884
0.613664
0.614071
0.613257
0.614477
0.612444
0.612037
0.610817
0.612851
0.613664
0.613257
0.614884
0.615291
0.616511
0.613664
0.612851
0.614071
0.614071
0.612851
0.612851
0.615291
0.615291
0.615291
0.614071
0.614477
0.614071
0.613257
0.614477
0.614884
0.615697
0.614071
0.614477
0.614477
0.614071
0.613664
0.614477
0.614477
0.614884
0.612851
0.614884
0.618137
0.616917
0.617324
0.616511
0.612851
0.613664
0.614071
0.614884
0.617324
0.617731
0.614884
0.615697
0.616104
0.615697
0.614884
0.610004
0.615697
0.616104
0.616104
0.614477
0.615291
0.616917
0.613664
0.616917
0.615291
0.616511
0.616511
0.614477
0.615291
0.614071
0.615291
0.615291
0.616917
0.613257
0.614071
0.612851
0.612444
0.614477
0.616104
0.616511
0.616917
0.617731
0.618137
0.616511
0.614884
0.618137
0.618137
0.617731
0.617731
0.617731
0.617731
0.616104
0.614477
0.614884
0.615291
0.618544
0.619764
0.619764
0.618137
0.620577
0.620577
0.620171
0.618544
0.617731
0.618951
0.618137
0.619357
0.619357
0.620577
0.618137
0.619764
0.617731
0.617324
0.616511
0.618137
0.622204
0.618951
0.617731
0.618951
0.620984
0.619764
0.617731
0.616104
0.617324
0.618137
0.619764
0.619357
0.621797
0.622204
0.620984
0.619357
0.620171
0.620577
0.618951
0.621797
0.621391
0.623424
0.623017
0.620984
0.620577
0.618951
0.617731
0.617731
0.619764
0.620577
0.620984
0.621797
0.623424
0.621391
0.621391
0.621797
0.620171
0.620984
0.621391
0.619357
0.620171
0.619764
0.621391
0.620984
0.616511
0.616917
0.615697
0.616104
0.616104
0.616511
0.618544
0.620171
0.618544
0.618544
0.618137
0.618544
0.618137
0.621391
0.621391
0.620984
0.620171
0.620984
0.621797
0.619357
0.619357
0.617731
0.617731
0.620577
0.620577
0.620984
0.620171
0.621391
0.620984
0.619764
0.618137
0.617731
0.618951
0.621391
0.620984
0.618544
0.620577
0.623424
0.620577
0.620171
0.618137
0.621391
0.622204
0.621391
0.621391
0.619357
0.619764
0.620171
0.623017
0.620984
0.620171
0.621391
0.621797
0.622611
0.621391
0.623017
0.620984
0.619764
0.620984
0.618951
0.619764
0.620984
0.621391
0.620171
0.618137
0.618544
0.620171
0.620577
0.620171
0.620577
0.620577
0.618951
0.618544
0.616511
0.618137
0.619764
0.620171
0.620984
0.621391
0.622204
0.621797
0.620171
0.621391
0.620577
0.620577
0.620171
0.618951
0.619357
0.619764
0.619764
0.621391
0.620984
0.620171
0.622204
0.620171
0.622204
0.622204
0.620577
0.619764
0.621391
0.621797
0.621391
0.619357
0.618951
0.620984
0.621797
0.620984
0.620171
0.621797
0.619764
0.618951
0.619764
0.620577
0.621391
0.619764
0.618137
0.618544
0.620577
0.620984
0.619764
0.619764
0.618951
0.618951
0.619357
0.621797
0.623424
0.620984
0.620984
0.621797
0.618137
0.618544
0.618951
0.618544
0.617324
0.617731
0.620984
0.620577
0.620171
0.620984
0.618544
0.618544
0.618137
0.619357
0.620984
0.620171
0.620171
0.619357
0.620984
0.620984
0.620171
0.619764
0.619764
0.618951
0.619764
0.620171
0.620577
0.618544
0.618544
0.618951
0.616511
0.618951
0.618951
0.617324
0.618137
0.619357
0.620984
0.620984
0.619764
0.618544
0.618137
0.618544
0.620171
0.620984
0.622204
0.621391
0.620577
0.621391
0.620577
0.616917
0.617324
0.618137
0.618951
0.621391
0.620984
0.622204
0.623017
0.623424
0.622204
0.621797
0.621391
0.621391
0.621391
0.620984
0.620984
0.621797
0.620577
0.619357
0.618544
0.618951
0.619357
0.618544
0.618951
0.619764
0.620984
0.620984
0.620984
0.620984
0.620171
0.618951
0.618951
0.620984
0.623017
0.621797
0.623017
0.621797
0.620984
0.620577
0.620171
0.620577
0.622204
0.622611
0.622611
0.621391
0.621797
0.623017
0.623831
0.621391
0.621797
0.620984
0.621797
0.623424
0.623831
0.624644
0.623017
0.622611
0.623424
0.623017
0.622611
0.623017
0.625051
0.625458
0.623424
0.623017
0.623017
0.623017
0.624237
0.625051
0.625051
0.625864
0.623017
0.622204
0.622611
0.623017
0.622611
0.623831
0.620577
0.622204
0.621797
0.622611
0.622611
0.622204
0.625051
0.622204
0.622611
0.621797
0.622204
0.621391
0.621391
0.620984
0.623017
0.624237
0.623831
0.624237
0.624644
0.623017
0.624237
0.624644
0.624644
0.622204
0.623831
0.622611
0.622204
0.622611
0.623831
0.622611
0.621797
0.622611
0.622204
0.622204
0.622204
0.620984
0.620577
0.621797
0.620171
0.620577
0.620577
0.621391
0.621391
0.623831
0.621797
0.621391
0.623831
0.624237
0.623424
0.622611
0.622204
0.622611
0.623831
0.625864
0.625864
0.625051
0.625051
0.625051
0.625051
0.625458
0.625458
0.625051
0.623831
0.622204
0.622204
0.623831
0.624237
0.623831
0.624644
0.623424
0.623017
0.622611
0.622611
0.621797
0.621391
0.621797
0.623017
0.621797
0.623017
0.621797
0.622611
0.623017
0.624237
0.623424
0.624644
0.624644
0.623017
0.623017
0.623017
0.623831
0.623424
0.622204
0.622204
0.622204
0.623831
0.624237
0.624237
0.624237
0.624644
0.625051
0.623831
0.623017
0.623017
0.623831
0.625051
0.622611
0.622204
0.621797
0.624644
0.624644
0.623424
0.623424
0.625051
0.623831
0.624237
0.625458
0.625051
0.623424
0.625051
0.624644
0.624237
0.624237
0.623424
0.624237
0.625864
0.624644
0.624644
0.625458
0.625864
0.623831
0.624644
0.623017
0.623017
0.625051
0.625051
0.625458
0.625051
0.626678
0.624237
0.624644
0.624237
0.625864
0.623424
0.626271
0.626271
0.624237
0.622204
0.623831
0.625051
0.623424
0.625051
0.624237
0.625458
0.624644
0.624644
0.625458
0.623424
0.622611
0.623424
0.623424
0.622611
0.624237
0.623831
0.625864
0.625051
0.625051
0.625864
0.626271
0.625864
0.622611
0.624237
0.624237
0.625051
0.625864
0.627084
0.627491
0.626678
0.625458
0.625051
0.625051
0.625458
0.625051
0.625051
0.624644
0.624237
0.623831
0.626271
0.624237
0.624644
0.624237
0.625051
0.625051
0.624237
0.625864
0.626271
0.625864
0.624644
0.624237
0.624237
0.623017
0.623424
0.625051
0.625458
0.625864
0.625458
0.626271
0.626678
0.625051
0.625051
0.624237
0.625051
0.625864
0.625458
0.624237
0.625051
0.625051
0.623831
0.624237
0.624237
0.623017
0.625051
0.624644
0.625458
0.625458
0.626271
0.625864
0.626271
0.623831
0.623831
0.623831
0.624237
0.625864
0.624237
0.624644
0.623831
0.623017
0.622204
0.623831
0.625051
0.625051
0.626271
0.624237
0.626271
0.626678
0.626271
0.625864
0.623831
0.623424
0.623424
0.624644
0.624644
0.625458
0.625051
0.624237
0.625458
0.623831
0.625051
0.625864
0.626678
0.626271
0.625051
0.625864
0.626678
0.624644
0.624644
0.623424
0.623017
0.623017
0.625051
0.624644
0.627491
0.626678
0.625458
0.625458
0.623831
0.623831
0.623831
0.623424
0.625458
0.626271
0.625458
0.625864
0.624237
0.623017
0.624237
0.623831
0.623017
0.624644
0.627491
0.625458
0.625458
0.625864
0.627491
0.624237
0.623017
0.622611
0.623017
0.623424
0.623831
0.623831
0.624237
0.625864
0.623017
0.624237
0.624237
0.623017
0.624237
0.625051
0.626678
0.625864
0.626678
0.625458
0.624644
0.625458
0.624237
0.624644
0.623424
0.625051
0.625864
0.625458
0.624644
0.624644
0.625458
0.625051
0.623831
0.625458
0.625458
0.627084
0.626678
0.625864
0.625051
0.625458
0.624644
0.624644
0.624644
0.625458
0.624237
0.626271
0.626678
0.625051
0.625458
0.624644
0.624237
0.624237
0.625051
0.627084
0.627084
0.626271
0.625458
0.625051
0.625458
0.625864
0.625864
0.625458
0.625458
0.624644
0.626271
0.626271
0.626271
0.624644
0.624237
0.625051
0.623424
0.623831
0.625051
0.624644
0.624644
0.625051
0.624644
0.625051
0.624237
0.624237
0.624237
0.623831
0.625864
0.625458
0.627084
0.626271
0.625458
0.623424
0.624644
0.624237
0.623831
0.623831
0.623424
0.626271
0.625458
0.626678
0.624644
0.625051
0.625051
0.624644
0.623831
0.624644
0.625051
0.626271
0.625458
0.625051
0.625051
0.625051
0.625051
0.625051
0.624237
0.626271
0.625458
0.625051
0.624644
0.625864
0.625458
0.623831
0.624237
0.623424
0.623831
0.624237
0.625864
0.625864
0.625051
0.626678
0.624644
0.622611
0.621797
0.624237
0.623424
0.623831
0.621797
0.623017
0.623831
0.624237
0.622611
0.623831
0.623831
0.622611
0.623017
0.622611
0.623424
0.623424
0.623424
0.624237
0.625458
0.623831
0.625051
0.625864
0.625864
0.625864
0.625458
0.625051
0.624237
0.623017
0.623017
0.623017
0.623831
0.624644
0.625051
0.624237
0.623424
0.620984
0.621391
0.623424
0.621797
0.623017
0.623831
0.625051
0.626678
0.627084
0.626271
0.626271
0.623831
0.624237
0.623831
0.624237
0.624644
0.627491
0.626678
0.623831
0.623017
0.623831
0.622204
0.622611
0.623017
0.624237
0.622204
0.624237
0.623831
0.622204
0.624237
0.624237
0.624237
0.623831
0.623831
0.623831
0.625864
0.626271
0.626271
0.624237
0.623017
0.624237
0.626271
0.625051
0.623424
0.625051
0.626678
0.626271
0.625051
0.625864
0.626678
0.623831
0.623424
0.624237
0.624644
0.625458
0.626271
0.626271
0.624644
0.624237
0.623424
0.623017
0.622611
0.624644
0.624644
0.627084
0.627084
0.624644
0.625051
0.623831
0.624644
0.624237
0.625051
0.623831
0.625051
0.623831
0.623017
0.621797
0.622204
0.624644
0.623424
0.623424
0.624644
0.624644
0.624237
0.625051
0.624644
0.624237
0.623831
0.623017
0.623017
0.623017
0.623424
0.625051
0.625458
0.623424
0.624237
0.623017
0.623424
0.625051
0.625864
0.625458
0.624237
0.623424
0.627898
0.626271
0.627898
0.624237
0.624237
0.624644
0.625051
0.626271
0.625051
0.621391
0.621797
0.625864
0.623831
0.625051
0.625458
0.625458
0.624644
0.622611
0.627898
0.624644
0.625051
0.624644
0.625458
0.627491
0.628711
0.628711
0.628304
0.627084
0.628304
0.627898
0.625864
0.624237
0.623424
0.624237
0.623424
0.621797
0.622611
0.624237
0.623424
0.622204
0.623424
0.625864
0.626678
0.624644
0.625051
0.625051
0.625864
0.626678
0.625458
0.625864
0.625458
0.625458
0.627491
0.626271
0.626678
0.625051
0.626678
0.626271
0.623424
0.624237
0.626271
0.626271
0.624644
0.623424
0.624237
0.625051
0.626271
0.626271
0.626271
0.623831
0.624237
0.624237
0.625051
0.624237
0.624644
0.625051
0.625864
0.623831
0.624644
0.625458
0.626271
0.625051
0.625458
0.625051
0.624237
0.624237
0.624237
0.625051
0.623831
0.623831
0.623424
0.624644
0.622611
0.622611
0.624644
0.625864
0.625051
0.624644
0.625051
0.626271
0.624237
0.623424
0.623831
0.624237
0.625864
0.624644
0.625458
0.624237
0.623017
0.622204
0.622204
0.620984
0.623017
0.623424
0.624237
0.625051
0.623831
0.625051
0.624644
0.625864
0.624644
0.624644
0.625051
0.625051
0.625051
0.624237
0.624237
0.624237
0.623424
0.623424
0.625051
0.626271
0.626271
0.625458
0.625458
0.625864
0.623831
0.622611
0.626271
0.624237
0.624644
0.623831
0.625051
0.625458
0.627491
0.625458
0.625458
0.623424
0.623831
0.622611
0.623017
0.624644
0.625864
0.624644
0.625051
0.625458
0.623831
0.623017
0.623424
0.622611
0.623831
0.625864
0.624237
0.625864
0.625051
0.626678
0.625864
0.624237
0.623831
0.623424
0.624237
0.624237
0.624237
0.626271
0.625051
0.623424
0.623017
0.625051
0.624644
0.623017
0.624644
0.627084
0.624644
0.623424
0.625458
0.625458
0.623017
0.623831
0.623017
0.623831
0.625864
0.625051
0.624237
0.625051
0.625458
0.624237
0.626678
0.626271
0.627084
0.626678
0.626271
0.625864
0.625051
0.624644
0.626678
0.625864
0.625458
0.626271
0.625458
0.625051
0.625458
0.624644
0.625051
0.624644
0.626271
0.624644
0.623831
0.623831
0.624644
0.624237
0.626678
0.626678
0.626678
0.625458
0.626678
0.625051
0.625864
0.624644
0.627084
0.625051
0.624237
0.623424
0.625051
0.624237
0.624237
0.623424
0.623831
0.623831
0.625051
0.626678
0.624237
0.623831
0.623831
0.623017
0.625051
0.625051
0.625051
0.624644
0.623831
0.623424
0.623831
0.625051
0.625864
0.623424
0.622204
0.623831
0.625864
0.625051
0.623017
0.623017
0.620577
0.622611
0.624237
0.624237
0.622611
0.622611
0.621797
0.625458
0.626678
0.626271
0.625458
0.627491
0.623017
0.622611
0.623424
0.626271
0.625051
0.622611
0.623424
0.623831
0.623424
0.624237
0.623831
0.625864
0.626271
0.625864
0.626678
0.625458
0.626271
0.625864
0.626678
0.624237
0.624237
0.625864
0.624644
0.627084
0.623424
0.623424
0.624237
0.624237
0.623017
0.625458
0.624644
0.624644
0.625051
0.625051
0.625458
0.624644
0.624644
0.624237
0.625458
0.623424
0.623017
0.623831
0.623424
0.626678
0.625458
0.625458
0.624237
0.626271
0.626271
0.624644
0.625051
0.625458
0.625458
0.625864
0.624237
0.625051
0.624644
0.625051
0.623831
0.623831
0.625051
0.623424
0.623831
0.624237
0.624237
0.622611
0.624237
0.625864
0.625864
0.625051
0.625458
0.624237
0.624644
0.625051
0.625051
0.624644
0.623831
0.623831
0.623831
0.624237
0.623017
0.624237
0.623831
0.621797
0.621391
0.622204
0.624644
0.623831
0.623424
0.622611
0.621391
0.621391
0.624237
0.625051
0.623017
0.624644
0.625051
0.625051
0.625458
0.624237
0.624237
0.623831
0.622204
0.623831
0.623831
0.625458
0.625051
0.622204
0.623017
0.622204
0.625051
0.624237
0.623424
0.624237
0.624237
0.625458
0.625864
0.625458
0.625458
0.626271
0.625051
0.624237
0.624237
0.625458
0.625051
0.624644
0.623424
0.625458
0.624237
0.622611
0.621797
0.624237
0.624644
0.622204
0.623424
0.624237
0.624644
0.625051
0.623424
0.623831
0.624237
0.623831
0.624644
0.623424
0.621391
0.621797
0.623424
0.625051
0.623017
0.623424
0.623424
0.623424
0.622204
0.623424
0.625051
0.623424
0.623424
0.622611
0.623017
0.623424
0.623831
0.623831
0.623424
0.623831
0.623424
0.623017
0.625051
0.627084
0.625864
0.625458
0.625051
0.624644
0.625864
0.627491
0.625051
0.625458
0.624644
0.625051
0.626678
0.625051
0.625051
0.623831
0.622611
0.622204
0.622204
0.622204
0.621391
0.623424
0.621797
0.621797
0.622611
0.623831
0.622204
0.623017
0.621391
0.621797
0.622611
0.624237
0.623831
0.623424
0.623831
0.625864
0.624237
0.623831
0.624644
0.624237
0.625051
0.626271
0.625864
0.625458
0.623424
0.623831
0.623017
0.622204
0.624237
0.623831
0.623831
0.624237
0.622611
0.624237
0.623424
0.622204
0.623831
0.623831
0.623017
0.623017
0.621797
0.621797
0.621391
0.622611
0.623424
0.621391
0.620984
0.620577
0.622611
0.623831
0.624644
0.625051
0.623831
0.623424
0.624237
0.624644
0.625051
0.625458
0.625051
0.625458
0.624644
0.625458
0.623831
0.621391
0.623424
0.623424
0.620984
0.625458
0.625051
0.623017
0.627491
0.628304
0.626678
0.624237
0.623017
0.624237
0.624644
0.623424
0.623831
0.624237
0.623424
0.623017
0.621391
0.622204
0.622611
0.621797
0.622611
0.623424
0.623424
0.625458
0.625864
0.622204
0.624237
0.623831
0.623017
0.623017
0.623017
0.620984
0.622204
0.624237
0.625458
0.624644
0.622611
0.623424
0.625051
0.624644
0.623017
0.622611
0.622611
0.622204
0.623017
0.623424
0.623017
0.623017
0.623424
0.623017
0.623831
0.624644
0.624644
0.624644
0.623424
0.623017
0.623017
0.623017
0.622611
0.622611
0.623831
0.623831
0.624237
0.623831
0.623831
0.623831
0.622611
0.622204
0.623017
0.624644
0.625458
0.625864
0.625864
0.625458
0.624644
0.621391
0.620577
0.621797
0.621391
0.623424
0.624644
0.623831
0.624237
0.624237
0.624237
0.624237
0.623017
0.625051
0.625458
0.625051
0.624237
0.623424
0.624644
0.623424
0.622204
0.622204
0.622611
0.621391
0.623017
0.625458
0.623831
0.624237
0.624237
0.625051
0.625458
0.623424
0.624644
0.624644
0.624237
0.623424
0.624644
0.623424
0.622611
0.622611
0.621391
0.622204
0.622611
0.623424
0.623424
0.623424
0.623831
0.625051
0.624237
0.623424
0.621797
0.621797
0.623424
0.625051
0.625864
0.625864
0.625864
0.625864
0.623831
0.622611
0.622204
0.624644
0.625458
0.624644
0.624644
0.625458
0.625864
0.623831
0.621391
0.622204
0.621391
0.622204
0.625458
0.625051
0.623831
0.622611
0.624644
0.624237
0.624237
0.624644
0.625458
0.625051
0.626271
0.626678
0.626271
0.625864
0.625458
0.625864
0.623017
0.624237
0.627084
0.625864
0.625051
0.624237
0.624237
0.623831
0.625051
0.623831
0.623017
0.622204
0.621797
0.624644
0.625051
0.624237
0.624644
0.625458
0.624237
0.623424
0.622611
0.623424
0.624237
0.624644
0.625864
0.625458
0.625864
0.625051
0.624237
0.623017
0.623831
0.624237
0.625458
0.624237
0.623831
0.624644
0.623424
0.623831
0.623017
0.621391
0.623424
0.623424
0.624644
0.624237
0.623831
0.624237
0.624237
0.625458
0.624644
0.624237
0.624237
0.625864
0.626678
0.625051
0.625864
0.626678
0.627084
0.625051
0.623017
0.623831
0.623831
0.626678
0.627084
0.623831
0.624644
0.625051
0.621391
0.623424
0.622611
0.623017
0.624237
0.624237
0.624237
0.623831
0.624237
0.623424
0.623017
0.623831
0.623424
0.623424
0.623017
0.623831
0.623831
0.624644
0.624237
0.624644
0.624644
0.624644
0.622204
0.623831
0.625864
0.625458
0.625458
0.624644
0.626271
0.622204
0.620984
0.620577
0.622204
0.627084
0.626271
0.625864
0.625864
0.625051
0.627898
0.625864
0.624237
0.623017
0.624237
0.627491
0.625051
0.624237
0.623424
0.624237
0.624237
0.624237
0.624644
0.623424
0.623831
0.625051
0.624237
0.624237
0.625051
0.624644
0.624237
0.624237
0.625051
0.625864
0.623831
0.623424
0.623424
0.622204
0.625864
0.627491
0.627491
0.627084
0.628304
0.627491
0.625051
0.624237
0.623424
0.624237
0.623831
0.626271
0.625051
0.623424
0.624237
0.627084
0.627491
0.625458
0.625051
0.625051
0.625051
0.623831
0.624237
0.623424
0.624644
0.623831
0.623424
0.623831
0.624644
0.625051
0.623831
0.625051
0.623424
0.626271
0.627491
0.626271
0.624237
0.627491
0.627898
0.625051
0.625051
0.625051
0.626678
0.625458
0.623017
0.620171
0.622611
0.620577
0.624237
0.625458
0.626271
0.624644
0.625458
0.625864
0.625051
0.624644
0.625864
0.625458
0.625864
0.624644
0.623424
0.624237
0.623831
0.624237
0.624237
0.624644
0.625051
0.624237
0.626271
0.625051
0.625458
0.625864
0.626271
0.624237
0.622611
0.623424
0.623424
0.622611
0.626271
0.626678
0.626678
0.626678
0.625864
0.622611
0.623831
0.623017
0.623831
0.624237
0.624644
0.623017
0.622611
0.623017
0.624237
0.624644
0.623017
0.623831
0.623831
0.624644
0.624644
0.624237
0.624644
0.625051
0.624644
0.624644
0.624237
0.625051
0.625051
0.623831
0.624644
0.623424
0.623831
0.624237
0.626271
0.625051
0.625458
0.625458
0.627084
0.627084
0.627084
0.627491
0.626678
0.626271
0.627491
0.626678
0.626678
0.627491
0.627898
0.626678
0.627084
0.627898
0.626271
0.622611
0.622204
0.622204
0.625458
0.626271
0.624237
0.623831
0.624644
0.625458
0.625864
0.623424
0.623424
0.623424
0.624237
0.623424
0.621797
0.622611
0.623017
0.622204
0.622611
0.622204
0.621797
0.623424
0.622611
0.623017
0.623831
0.626271
0.625051
0.625864
0.622611
0.623424
0.622204
0.623424
0.623831
0.621797
0.623424
0.623831
0.623017
0.621797
0.623017
0.623017
0.623017
0.623017
0.623017
0.622611
0.623424
0.623424
0.625051
0.628711
0.625051
0.625864
0.626271
0.627491
0.625458
0.624237
0.625458
0.626271
0.626271
0.623831
0.622611
0.624644
0.625458
0.623017
0.622611
0.622204
0.623017
0.626271
0.625458
0.621391
0.620171
0.620577
0.624237
0.626678
0.625864
0.625051
0.625864
0.625458
0.623424
0.624237
0.623831
0.623424
0.622204
0.624237
0.622611
0.623017
0.623424
0.625458
0.623831
0.623831
0.623424
0.620577
0.627491
0.627898
0.627084
0.626271
0.624237
0.620984
0.620577
0.623017
0.628304
0.626678
0.625864
0.626678
0.625458
0.627491
0.623017
0.622204
0.622204
0.620984
0.625051
0.624237
0.622611
0.623831
0.624237
0.623424
0.623424
0.625051
0.625458
0.626678
0.625864
0.626678
0.626271
0.625864
0.626678
0.623831
0.621797
0.623424
0.623831
0.623017
0.623017
0.626678
0.625864
0.625051
0.625458
0.623017
0.623017
0.623831
0.622611
0.623831
0.625051
0.624644
0.623831
0.623017
0.620984
0.622204
0.621797
0.622611
0.622611
0.623017
0.622204
0.622611
0.622204
0.622611
0.622611
0.623831
0.623831
0.621797
0.624237
0.625051
0.625051
0.625458
0.626678
0.624644
0.626271
0.626678
0.625864
0.625864
0.624237
0.624237
0.625051
0.624644
0.624644
0.626271
0.625458
0.623831
0.624237
0.625051
0.623831
0.626271
0.626271
0.626678
0.627084
0.626678
0.625458
0.623424
0.623017
0.624237
0.625458
0.624644
0.626678
0.626678
0.625864
0.625864
0.624644
0.624237
0.624644
0.624237
0.625864
0.626271
0.624644
0.623017
0.620577
0.623017
0.624237
0.623017
0.623017
0.626678
0.628711
0.625864
0.627084
0.626678
0.627491
0.625051
0.622611
0.622611
0.625864
0.626271
0.626678
0.626678
0.626678
0.626678
0.627084
0.625458
0.625458
0.626271
0.628304
0.626678
0.626271
0.626678
0.625864
0.624644
0.624644
0.622611
0.623424
0.623831
0.623831
0.626678
0.625864
0.625864
0.624644
0.628304
0.626271
0.623831
0.623424
0.623831
0.624237
0.625051
0.624237
0.624237
0.624237
0.624237
0.625051
0.625051
0.624237
0.625458
0.625864
0.626271
0.625051
0.623831
0.623424
0.623424
0.624237
0.623424
0.623831
0.625051
0.623831
0.626271
0.625864
0.627084
0.625051
0.624644
0.625051
0.624237
0.624644
0.625458
0.627084
0.627898
0.625051
0.625051
0.625051
0.622611
0.623831
0.623424
0.622611
0.625458
0.625458
0.624644
0.625458
0.624644
0.623017
0.622611
0.623424
0.622204
0.624237
0.625458
0.625458
0.624237
0.621391
0.624644
0.625051
0.624237
0.623831
0.623831
0.625051
0.626678
0.626271
0.626271
0.625864
0.624644
0.623831
0.623424
0.625864
0.627491
0.628304
0.629118
0.627491
0.626678
0.621797
0.622204
0.622204
0.625864
0.628711
0.625458
0.625458
0.625458
0.626271
0.625458
0.622611
0.621797
0.624237
0.623017
0.623831
0.624644
0.625051
0.624644
0.626271
0.625051
0.625051
0.625458
0.625864
0.625864
0.623831
0.625458
0.624644
0.627084
0.624237
0.622611
0.624644
0.625458
0.622611
0.623424
0.625051
0.627084
0.624644
0.625458
0.626271
0.624644
0.623424
0.624644
0.624237
0.623017
0.625051
0.624644
0.623424
0.625864
0.622611
0.623424
0.623017
0.623831
0.623831
0.623831
0.625864
0.626271
0.623424
0.625864
0.623831
0.623017
0.623017
0.625051
0.627898
0.628304
0.628304
0.627491
0.626678
0.627898
0.625864
0.624237
0.624644
0.625864
0.625458
0.625864
0.625458
0.625458
0.625864
0.625051
0.623424
0.622611
0.624237
0.625864
0.625051
0.625864
0.624644
0.624644
0.625051
0.621391
0.622611
0.622611
0.622204
0.622204
0.627084
0.627898
0.627491
0.625864
0.625051
0.624237
0.624237
0.626271
0.629118
0.627491
0.626678
0.626271
0.625458
0.623831
0.622611
0.621391
0.623017
0.623424
0.623424
0.623831
0.623831
0.623424
0.623424
0.622204
0.622611
0.624237
0.624644
0.622611
0.623831
0.624644
0.623831
0.623831
0.625051
0.623424
0.624237
0.624237
0.623424
0.625458
0.624237
0.623831
0.624644
0.625051
0.625051
0.623831
0.622611
0.622204
0.623831
0.625051
0.624644
0.624644
0.624237
0.624644
0.624237
0.623424
0.624644
0.624644
0.623424
0.623831
0.624237
0.623424
0.625864
0.623424
0.623424
0.625864
0.625864
0.623424
0.623017
0.626678
0.626271
0.626271
0.624237
0.624237
0.624237
0.623017
0.623017
0.624237
0.625864
0.625458
0.622611
0.623017
0.623017
0.625864
0.624237
0.624237
0.623831
0.622611
0.623017
0.624237
0.623017
0.624644
0.624237
0.627084
0.627491
0.627084
0.628304
0.627491
0.625458
0.626271
0.626271
0.627084
0.626678
0.624644
0.624237
0.624644
0.624644
0.625051
0.626678
0.624237
0.621797
0.621797
0.623831
0.625051
0.625864
0.623831
0.622611
0.621797
0.620171
0.620577
0.623424
0.623831
0.623831
0.624644
0.624237
0.625864
0.626678
0.627084
0.627898
0.624644
0.623831
0.623017
0.625051
0.621391
0.622611
0.625458
0.625458
0.623831
0.624644
0.624237
0.623424
0.620984
0.622204
0.623831
0.624644
0.623831
0.623831
0.623424
0.623831
0.623424
0.622204
0.623831
0.624237
0.624237
0.624644
0.624644
0.625458
0.625864
0.625864
0.624237
0.623017
0.621391
0.621391
0.622611
0.625458
0.625864
0.624644
0.625051
0.625051
0.624237
0.625051
0.624237
0.624644
0.624237
0.624237
0.623424
0.623017
0.624237
0.624237
0.624237
0.626271
0.625864
0.625051
0.622611
0.625051
0.623017
0.622204
0.622204
0.623424
0.624237
0.625051
0.623831
0.624644
0.625051
0.626271
0.626678
0.626271
0.623831
0.623017
0.622611
0.622204
0.625051
0.627491
0.625051
0.627084
0.626678
0.623831
0.625458
0.622204
0.620984
0.621797
0.623424
0.624237
0.623424
0.623831
0.623424
0.624644
0.623831
0.625051
0.623424
0.624237
0.624237
0.624644
0.623831
0.624237
0.624237
0.623017
0.624644
0.622611
0.623424
0.625051
0.623424
0.625051
0.623424
0.626271
0.626271
0.625051
0.623831
0.624237
0.623424
0.624644
0.626678
0.626678
0.628304
0.625864
0.623424
0.621797
0.623424
0.622204
0.623017
0.625051
0.624237
0.622204
0.622204
0.624644
0.625864
0.623017
0.623831
0.624237
0.622611
0.622204
0.624237
0.626271
0.625864
0.625458
0.626678
0.627084
0.627491
0.627084
0.626271
0.624237
0.624644
0.626678
0.625458
0.626678
0.624644
0.624644
0.623831
0.622611
0.624237
0.626271
0.625864
0.625864
0.625458
0.625458
0.623831
0.622204
0.624644
0.622204
0.623831
0.625458
0.626678
0.624237
0.625051
0.624644
0.624644
0.624237
0.624237
0.625051
0.625051
0.623831
0.625458
0.625051
0.624237
0.624644
0.623017
0.624237
0.625051
0.624237
0.623424
0.622204
0.621797
0.624237
0.625458
0.623831
0.623831
0.623424
0.623424
0.625458
0.625864
0.626271
0.626271
0.624237
0.623424
0.623424
0.623017
0.623831
0.624644
0.625458
0.623017
0.622204
0.623831
0.624644
0.624237
0.622611
0.622204
0.622611
0.625051
0.624644
0.625864
0.624237
0.623831
0.624237
0.624644
0.625051
0.623831
0.622204
0.622611
0.623831
0.622204
0.623831
0.624237
0.622204
0.624237
0.623424
0.624237
0.623831
0.622204
0.622611
0.622611
0.623424
0.623831
0.623831
0.623017
0.624237
0.624237
0.623017
0.623017
0.621797
0.624237
0.624644
0.621797
0.625458
0.625864
0.623017
0.624237
0.624237
0.621797
0.622611
0.623017
0.625458
0.625458
0.623017
0.623424
0.625864
0.626271
0.623831
0.624237
0.624237
0.623017
0.627491
0.625458
0.626678
0.626271
0.621797
0.625458
0.622204
0.622204
0.622204
0.622611
0.622204
0.624237
0.623831
0.624644
0.624237
0.623831
0.624237
0.623017
0.624644
0.625458
0.625458
0.625051
0.623017
0.623424
0.621391
0.623017
0.623831
0.623017
0.625458
0.622611
0.625458
0.624237
0.623017
0.625458
0.623424
0.622204
0.622611
0.623831
0.625458
0.624644
0.623424
0.623831
0.623831
0.623831
0.625051
0.625458
0.625051
0.625458
0.624644
0.625051
0.625864
0.625864
0.624237
0.621797
0.622611
0.624644
0.624237
0.622204
0.623831
0.626271
0.626271
0.622611
0.621797
0.623831
0.621391
0.622204
0.622204
0.623831
0.622611
0.623424
0.623424
0.623017
0.620984
0.622204
0.622204
0.623424
0.622611
0.623017
0.627084
0.625864
0.623424
0.625458
0.624237
0.621797
0.622204
0.622204
0.623424
0.623831
0.624644
0.624237
0.625051
0.624237
0.623424
0.623831
0.624237
0.623424
0.625051
0.623424
0.623424
0.623831
0.623424
0.621797
0.620171
0.620577
0.622611
0.623017
0.622611
0.623017
0.621391
0.622611
0.621391
0.622204
0.622611
0.622611
0.622204
0.622611
0.621797
0.620984
0.621797
0.622204
0.622611
0.622611
0.623424
0.621797
0.624237
0.623424
0.623424
0.623017
0.623831
0.622611
0.622204
0.623831
0.623831
0.623017
0.621797
0.622611
0.623017
0.623831
0.623424
0.623831
0.622611
0.620984
0.620577
0.621797
0.623424
0.623017
0.622204
0.620171
0.622204
0.621391
0.620577
0.620171
0.620171
0.622204
0.623017
0.623017
0.622204
0.622204
0.622611
0.620577
0.620171
0.622204
0.623017
0.622204
0.622204
0.622611
0.623424
0.622611
0.622611
0.623831
0.622204
0.621797
0.622611
0.621391
0.624644
0.623424
0.623831
0.623424
0.622611
0.623017
0.622611
0.623017
0.624237
0.625051
0.626271
0.624644
0.622611
0.622611
0.621391
0.623831
0.623017
0.622611
0.621797
0.622611
0.623831
0.623831
0.622611
0.620577
0.620984
0.621797
0.621797
0.622611
0.621797
0.623831
0.621797
0.622611
0.623017
0.620984
0.620577
0.620171
0.621797
0.620984
0.620577
0.620577
0.621391
0.620171
0.622204
0.622204
0.620984
0.621391
0.621391
0.623424
0.624237
0.622611
0.622611
0.621797
0.622611
0.620984
0.621797
0.621797
0.623017
0.623424
0.623424
0.623017
0.623017
0.624644
0.624644
0.624237
0.623831
0.624237
0.624237
0.624237
0.625051
0.622204
0.621391
0.621797
0.620577
0.621797
0.622611
0.621797
0.621797
0.621797
0.620984
0.621391
0.621797
0.621391
0.623017
0.622204
0.623017
0.623424
0.622611
0.623017
0.623424
0.623017
0.625051
0.625051
0.623424
0.623424
0.625864
0.625458
0.622611
0.623831
0.625458
0.625458
0.624644
0.625051
0.624237
0.626271
0.624237
0.622611
0.623424
0.622611
0.624644
0.626678
0.623831
0.623831
0.622204
0.623424
0.624237
0.624237
0.623831
0.623831
0.623424
0.623017
0.620171
0.620171
0.619764
0.621797
0.621391
0.622204
0.622611
0.619764
0.620171
0.620984
0.621391
0.621797
0.622204
0.624237
0.624644
0.623424
0.624237
0.623424
0.622611
0.621797
0.622204
0.620984
0.621797
0.621797
0.623017
0.623017
0.621391
0.620577
0.620984
0.620171
0.619764
0.622611
0.623017
0.622611
0.621797
0.622204
0.623831
0.623424
0.621391
0.620577
0.620171
0.621391
0.624644
0.621391
0.621391
0.622611
0.624644
0.623017
0.620577
0.620984
0.620984
0.624237
0.620984
0.620577
0.621391
0.621797
0.623424
0.623017
0.622204
0.623017
0.624644
0.625051
0.623831
0.621391
0.623831
0.624644
0.625051
0.623017
0.622611
0.622611
0.623424
0.624237
0.622611
0.623017
0.625051
0.626271
0.624237
0.623831
0.625458
0.623831
0.625458
0.627898
0.626678
0.626678
0.625051
0.625864
0.626271
0.623831
0.623831
0.623831
0.624644
0.625051
0.624644
0.625458
0.624644
0.624237
0.624237
0.624644
0.624644
0.623831
0.622204
0.621797
0.620577
0.623424
0.625051
0.621391
0.621391
0.620984
0.622204
0.622204
0.624237
0.621391
0.621797
0.621391
0.625458
0.622611
0.622204
0.621391
