0.532737
0.559577
0.574217
0.577064
0.575437
0.573810
0.559170
0.552257
0.550630
0.552257
0.551850
0.543717
0.573810
0.574624
0.576657
0.554697
0.558357
0.553884
0.555917
0.544124
0.547784
0.559170
0.574624
0.582351
0.586417
0.587637
0.587231
0.587231
0.588044
0.580724
0.575437
0.575031
0.568930
0.568524
0.570964
0.578691
0.579097
0.577064
0.578284
0.581131
0.582351
0.581131
0.583977
0.586824
0.586011
0.587637
0.588044
0.590484
0.586824
0.581944
0.582351
0.586824
0.588451
0.591297
0.594144
0.599431
0.599431
0.599837
0.603497
0.602684
0.597804
0.601057
0.602277
0.601464
0.600651
0.596584
0.595771
0.599837
0.599431
0.604311
0.603497
0.597804
0.608784
0.602684
0.602684
0.601871
0.609191
0.601871
0.600651
0.604311
0.605124
0.605937
0.604717
0.603497
0.610411
0.614071
0.618137
0.615697
0.614071
0.614477
0.612037
0.607157
0.613257
0.619357
0.621797
0.621797
0.620984
0.617731
0.620577
0.617731
0.620984
0.613664
0.615697
0.616511
0.615291
0.620171
0.615291
0.613257
0.617324
0.617731
0.616917
0.618951
0.618137
0.618544
0.616511
0.619764
0.619357
0.619764
0.617324
0.621797
0.623017
0.622204
0.620984
0.623424
0.622204
0.623424
0.616104
0.627898
0.626678
0.625458
0.622611
0.618951
0.621797
0.622611
0.622611
0.624237
0.621797
0.622611
0.623424
0.624237
0.622204
0.622204
0.620171
0.623424
0.620171
0.619764
0.619764
0.618137
0.620577
0.625864
0.622611
0.624644
0.624237
0.625458
0.627084
0.623017
0.622204
0.624237
0.628304
0.625864
0.624644
0.624644
0.621391
0.621797
0.622204
0.620984
0.619357
0.618544
0.620577
0.617731
0.620171
0.621391
0.623424
0.620577
0.620984
0.623424
0.623017
0.620984
0.621797
0.624237
0.625051
0.623831
0.629931
0.624237
0.624644
0.619764
0.618544
0.619357
0.624237
0.626678
0.627491
0.625864
0.623017
0.624644
0.620171
0.620577
0.620577
0.620984
0.623831
0.625864
0.627084
0.621391
0.622611
0.619764
0.616104
0.623017
0.622611
0.622611
0.620171
0.619357
0.625051
0.623424
0.624644
0.620171
0.613664
0.615291
0.622611
0.619764
0.624237
0.625458
0.624237
0.623424
0.620984
0.617731
0.615697
0.623017
0.625864
0.625864
0.627491
0.625864
0.627084
0.618544
0.614884
0.618544
0.622611
0.616917
0.619357
0.621391
0.620577
0.621391
0.623017
0.626271
0.617324
0.628711
0.624644
0.616917
0.625864
0.623017
0.621797
0.621391
0.617324
0.622204
0.627898
0.634404
0.634811
0.634811
0.636031
0.632371
0.629931
0.626271
0.618137
0.627084
0.623831
0.631151
0.626271
0.629524
0.623831
0.616511
0.620984
0.618544
0.619764
0.620171
0.612037
0.613664
0.618137
0.621797
0.625051
0.626271
0.623831
0.616104
0.612444
0.613257
0.614477
0.616917
0.617324
0.618137
0.619357
0.616104
0.608377
0.610004
0.612037
0.612851
0.619764
0.620577
0.622204
0.620577
0.616104
0.615697
0.619357
0.623424
0.625458
0.623831
0.624644
0.621797
0.624644
0.621391
0.623831
0.615697
0.612037
0.619764
0.619357
0.628304
0.624237
0.627898
0.614071
0.625864
0.628304
0.625458
0.626271
0.628304
0.623831
0.625864
0.626678
0.625864
0.625864
0.621797
0.616104
0.612851
0.616511
0.618544
0.623831
0.630338
0.628304
0.627491
0.624644
0.619764
0.614071
0.616104
0.617324
0.622611
0.625458
0.625051
0.623424
0.619357
0.624644
0.623017
0.619357
0.626678
0.629524
0.627491
0.631558
0.629931
0.623017
0.618951
0.618544
0.620171
0.622611
0.623424
0.631558
0.633184
0.631964
0.630744
0.628711
0.627084
0.627898
0.624644
0.627491
0.630744
0.633184
0.633591
0.632371
0.629931
0.631558
0.628711
0.621797
0.625051
0.620984
0.623424
0.623017
0.620984
0.621797
0.612444
0.615697
0.615291
0.618951
0.621391
0.625458
0.630338
0.635218
0.630744
0.628711
0.622204
0.617731
0.618137
0.617324
0.620171
0.627898
0.630744
0.631558
0.636844
0.634811
0.634811
0.630744
0.622204
0.622204
0.617324
0.621797
0.629931
0.633591
0.635624
0.634404
0.631151
0.629524
0.625864
0.625864
0.626678
0.627898
0.636844
0.631558
0.627491
0.623424
0.625864
0.625864
0.626678
0.627491
0.631151
0.633998
0.636438
0.632778
0.634811
0.625051
0.625864
0.622611
0.623424
0.625458
0.636031
0.635624
0.639284
0.639284
0.638064
0.633591
0.632371
0.628304
0.621391
0.617731
0.617324
0.619357
0.630744
0.635218
0.637251
0.630744
0.626678
0.622204
0.625051
0.619764
0.618951
0.618544
0.625864
0.633184
0.634811
0.633591
0.627084
0.624237
0.622611
0.616511
0.625051
0.627491
0.629931
0.631558
0.633591
0.631964
0.627491
0.625458
0.623831
0.623017
0.627084
0.628304
0.636031
0.637658
0.637251
0.626271
0.622204
0.618544
0.621797
0.633998
0.636844
0.639691
0.638064
0.638878
0.633591
0.628304
0.617731
0.615697
0.621391
0.629118
0.630338
0.632778
0.632778
0.628304
0.625051
0.623424
0.618951
0.616917
0.624237
0.625458
0.632778
0.634404
0.631151
0.626678
0.625458
0.629524
0.627491
0.626271
0.627084
0.632778
0.631558
0.631558
0.627084
0.622204
0.622204
0.623831
0.620171
0.622204
0.629118
0.633591
0.636844
0.636438
0.636844
0.629118
0.620577
0.618137
0.614884
0.630744
0.631558
0.634811
0.633998
0.629524
0.630338
0.625458
0.622204
0.622204
0.623017
0.633184
0.636031
0.636844
0.638064
0.631558
0.625051
0.621797
0.621391
0.618951
0.628304
0.630338
0.636438
0.637658
0.634811
0.629524
0.633998
0.636438
0.628711
0.627491
0.633591
0.638064
0.633184
0.633591
0.633998
0.628304
0.624644
0.621391
0.622204
0.629118
0.633591
0.636844
0.637251
0.638878
0.634811
0.630744
0.631151
0.626678
0.622611
0.630744
0.631558
0.633591
0.634811
0.634811
0.630338
0.628304
0.622204
0.623831
0.621391
0.633591
0.633591
0.636031
0.637658
0.638064
0.631964
0.623424
0.625051
0.625051
0.631151
0.631151
0.636844
0.638471
0.636844
0.633998
0.632778
0.629524
0.623831
0.622204
0.624237
0.630338
0.636031
0.637658
0.637251
0.631558
0.635624
0.630338
0.625458
0.624644
0.631558
0.630338
0.633591
0.636031
0.631558
0.631964
0.627898
0.631151
0.632371
0.636438
0.639284
0.633184
0.634404
0.632371
0.630338
0.629931
0.631964
0.633591
0.630744
0.633184
0.634811
0.633591
0.633184
0.630744
0.630744
0.631558
0.635218
0.629118
0.631151
0.633184
0.634811
0.635218
0.630744
0.631964
0.627898
0.622204
0.618951
0.623831
0.630744
0.638064
0.640911
0.640911
0.632371
0.629524
0.631558
0.631964
0.633591
0.627898
0.636844
0.640504
0.639691
0.641318
0.636438
0.631964
0.631964
0.629524
0.630338
0.640098
0.641318
0.638878
0.639691
0.634811
0.634811
0.638064
0.638064
0.635218
0.633998
0.635624
0.637251
0.640098
0.636031
0.631151
0.631558
0.629931
0.631151
0.628711
0.631964
0.636438
0.638064
0.638878
0.635624
0.625051
0.631964
0.636438
0.629524
0.626271
0.629931
0.636438
0.633184
0.633998
0.631964
0.633591
0.633184
0.632778
0.628711
0.627898
0.632778
0.632778
0.636031
0.634811
0.635624
0.632778
0.639284
0.636031
0.635624
0.638064
0.637658
0.635624
0.636438
0.637251
0.631964
0.631558
0.629524
0.627898
0.627084
0.635218
0.636031
0.637251
0.635624
0.632778
0.631964
0.631558
0.630744
0.633591
0.633998
0.632371
0.628304
0.637251
0.635218
0.634404
0.634811
0.631964
0.634404
0.633998
0.631558
0.632371
0.632778
0.631151
0.629931
0.631558
0.634404
0.633184
0.628711
0.628304
0.636031
0.632371
0.634811
0.633591
0.629931
0.633184
0.625864
0.626271
0.629118
0.631151
0.633184
0.634811
0.637251
0.634404
0.635218
0.636844
0.636438
0.634404
0.633998
0.637658
0.634811
0.640504
0.639284
0.636031
0.637251
0.634811
0.633998
0.628711
0.636844
0.638471
0.640098
0.638064
0.636844
0.635218
0.635624
0.633184
0.634404
0.633591
0.640911
0.640911
0.644164
0.642538
0.636031
0.636438
0.633591
0.635624
0.632778
0.633998
0.636844
0.638064
0.642131
0.639691
0.636438
0.638064
0.631964
0.631964
0.633998
0.638471
0.640911
0.640098
0.637658
0.638471
0.639284
0.639284
0.640504
0.638878
0.641724
0.642538
0.644164
0.642538
0.647824
0.636438
0.640504
0.636844
0.638064
0.633998
0.633184
0.638878
0.636844
0.639284
0.638471
0.628711
0.633591
0.638471
0.637251
0.634811
0.641318
0.643351
0.642944
0.642131
0.635218
0.634811
0.632371
0.631964
0.633591
0.632778
0.634404
0.632778
0.637658
0.640098
0.640098
0.638471
0.640504
0.640504
0.638064
0.638064
0.636438
0.636438
0.637251
0.636438
0.638064
0.634404
0.635624
0.632778
0.632778
0.634811
0.635218
0.639691
0.640504
0.639284
0.641724
0.637251
0.635218
0.636844
0.638064
0.636438
0.638878
0.646604
0.641318
0.638878
0.636844
0.638064
0.637658
0.637251
0.642538
0.642538
0.642944
0.642131
0.641318
0.639691
0.638471
0.638878
0.637658
0.639284
0.638878
0.637251
0.639691
0.641318
0.642131
0.638064
0.635218
0.637658
0.638064
0.635218
0.636844
0.638064
0.644571
0.646604
0.644978
0.639691
0.636844
0.638064
0.637251
0.641318
0.643351
0.643351
0.642538
0.642538
0.638471
0.635624
0.636031
0.636031
0.639284
0.638878
0.641318
0.642131
0.640504
0.642538
0.638471
0.638471
0.641318
0.637658
0.641724
0.640098
0.642944
0.645791
0.644571
0.640504
0.638878
0.640504
0.638471
0.643351
0.644978
0.641318
0.644978
0.646198
0.643758
0.635218
0.634404
0.631964
0.632371
0.634811
0.634811
0.636031
0.638878
0.638878
0.642538
0.638471
0.639691
0.639691
0.640911
0.641318
0.638064
0.636031
0.637658
0.639691
0.644164
0.644164
0.642944
0.639691
0.640504
0.641318
0.641724
0.642944
0.644978
0.647418
0.647418
0.644978
0.646604
0.644164
0.657178
0.650264
0.648638
0.649451
0.636438
0.636031
0.631558
0.635218
0.639691
0.641318
0.646198
0.643758
0.643351
0.642944
0.641724
0.643758
0.639284
0.639691
0.638471
0.640504
0.640504
0.640504
0.641724
0.643758
0.642131
0.637251
0.639284
0.636438
0.638064
0.645791
0.642944
0.642944
0.647824
0.647824
0.645384
0.643351
0.647011
0.645384
0.643758
0.646198
0.645384
0.642944
0.646198
0.641724
0.643351
0.647418
0.640504
0.640504
0.650264
0.637658
0.636438
0.640098
0.644978
0.638878
0.635218
0.637658
0.637658
0.638471
0.644571
0.642538
0.639691
0.643351
0.641724
0.639691
0.636438
0.633591
0.631964
0.633184
0.636031
0.637658
0.642131
0.643758
0.640911
0.641724
0.636438
0.643351
0.642538
0.644978
0.641724
0.637658
0.642538
0.642131
0.640911
0.632778
0.638878
0.640504
0.641318
0.647824
0.643758
0.644571
0.649044
0.642944
0.637658
0.641318
0.636031
0.635218
0.638471
0.638878
0.638878
0.641318
0.644571
0.640911
0.638471
0.638878
0.638878
0.636031
0.643758
0.642538
0.646198
0.645384
0.646198
0.640098
0.634811
0.638878
0.640911
0.643351
0.645384
0.643351
0.641318
0.640911
0.642131
0.643758
0.643758
0.640098
0.636844
0.646604
0.644978
0.646604
0.651891
0.645384
0.637251
0.640098
0.640504
0.642944
0.642944
0.644571
0.642131
0.643351
0.646198
0.648231
0.646604
0.638878
0.641724
0.644571
0.640504
0.644571
0.640504
0.647011
0.645791
0.638471
0.634811
0.640911
0.645384
0.645384
0.642538
0.638878
0.638064
0.640098
0.642131
0.643758
0.641318
0.641318
0.640504
0.647011
0.642131
0.646604
0.647824
0.649451
0.642538
0.636844
0.641318
0.644164
0.644571
0.651484
0.651484
0.651891
0.649858
0.645384
0.640504
0.638064
0.642944
0.645384
0.647418
0.645791
0.648638
0.646604
0.649044
0.646604
0.641724
0.638064
0.636844
0.639284
0.646198
0.642944
0.644164
0.647418
0.644571
0.639284
0.639284
0.639691
0.639284
0.642131
0.640098
0.641724
0.647824
0.649858
0.647011
0.645791
0.640504
0.639691
0.638064
0.640504
0.646198
0.645791
0.647418
0.649451
0.648231
0.641724
0.645791
0.651484
0.648638
0.661244
0.653518
0.652704
0.647824
0.645791
0.638471
0.638064
0.649858
0.654738
0.655144
0.657991
0.652704
0.654331
0.650264
0.652298
0.642538
0.637658
0.637251
0.640911
0.648231
0.643758
0.639284
0.643351
0.648231
0.643758
0.641724
0.640911
0.634811
0.635218
0.640504
0.642131
0.644571
0.649858
0.648638
0.644164
0.646604
0.652298
0.647824
0.646604
0.646198
0.648231
0.650264
0.645791
0.646198
0.646198
0.645384
0.647824
0.645384
0.648638
0.646604
0.649858
0.653518
0.651891
0.649858
0.643758
0.647011
0.645791
0.649858
0.651078
0.647011
0.643351
0.648638
0.649044
0.646198
0.642131
0.640098
0.637658
0.646198
0.641318
0.647011
0.650264
0.649044
0.646198
0.644571
0.650264
0.651891
0.649044
0.654331
0.655958
0.649858
0.649044
0.646198
0.640504
0.634404
0.640911
0.647011
0.644978
0.645384
0.645791
0.648638
0.649858
0.649858
0.649044
0.646198
0.642944
0.645384
0.651078
0.648231
0.642131
0.642538
0.643351
0.640911
0.640098
0.642131
0.648231
0.651484
0.650671
0.650671
0.650671
0.651078
0.648638
0.646198
0.638878
0.642944
0.645384
0.644978
0.644978
0.643758
0.653518
0.651891
0.651891
0.651078
0.649858
0.646604
0.641724
0.644164
0.644164
0.645791
0.650671
0.649858
0.645384
0.644978
0.648638
0.648231
0.647824
0.649858
0.650264
0.653111
0.653924
0.649044
0.647418
0.647011
0.643351
0.637658
0.645791
0.647418
0.645384
0.647418
0.647418
0.649858
0.650671
0.649044
0.647011
0.646604
0.651078
0.651891
0.649451
0.652298
0.652298
0.648638
0.639284
0.642131
0.644164
0.649451
0.645384
0.646604
0.649451
0.649451
0.651078
0.653111
0.651484
0.651078
0.651891
0.655144
0.654738
0.650264
0.649858
0.651078
0.644164
0.638878
0.646198
0.647011
0.648638
0.644978
0.645791
0.648231
0.647824
0.644978
0.647418
0.638878
0.642944
0.642538
0.646604
0.646198
0.644571
0.646604
0.649451
0.654738
0.648638
0.649858
0.649044
0.648638
0.647011
0.648231
0.651078
0.651078
0.651484
0.644978
0.644164
0.647824
0.648231
0.652298
0.650264
0.651078
0.649858
0.649451
0.648231
0.649044
0.647011
0.649858
0.644978
0.649451
0.649044
0.648638
0.656771
0.655958
0.649451
0.646604
0.645384
0.644571
0.651484
0.644978
0.644978
0.649858
0.652704
0.651484
0.648231
0.644978
0.647011
0.642944
0.642131
0.643758
0.648638
0.649858
0.647824
0.651078
0.649858
0.651484
0.647418
0.642944
0.645791
0.648231
0.642538
0.641318
0.643758
0.646198
0.639284
0.635624
0.637251
0.644164
0.644571
0.644571
0.643758
0.651484
0.651891
0.651078
0.653518
0.647011
0.647824
0.649858
0.650264
0.652298
0.655958
0.657991
0.654738
0.647011
0.651078
0.642944
0.647418
0.649858
0.651484
0.651078
0.651078
0.645791
0.643758
0.644978
0.647418
0.647418
0.647011
0.642944
0.645384
0.646198
0.651484
0.653111
0.649451
0.649858
0.647418
0.650671
0.651484
0.647011
0.642131
0.646198
0.653111
0.650671
0.646604
0.644978
0.648231
0.650264
0.649451
0.649044
0.650671
0.651891
0.649451
0.644164
0.645791
0.644571
0.645384
0.649044
0.648638
0.648231
0.651891
0.654331
0.651484
0.641318
0.642944
0.643351
0.644978
0.644571
0.645791
0.642131
0.646604
0.644571
0.643758
0.643758
0.640504
0.645384
0.643351
0.640504
0.646198
0.648638
0.650671
0.653518
0.652298
0.650264
0.651078
0.651891
0.652704
0.654331
0.649451
0.649451
0.654331
0.648638
0.638878
0.634404
0.639284
0.647011
0.642131
0.644978
0.645384
0.655144
0.651484
0.646198
0.651891
0.647011
0.649858
0.650264
0.649044
0.647418
0.650671
0.652298
0.652704
0.644571
0.640098
0.643351
0.648638
0.644571
0.644571
0.651891
0.653924
0.655144
0.645791
0.648231
0.649451
0.649451
0.646198
0.644571
0.645384
0.652704
0.655958
0.650671
0.644978
0.645384
0.644571
0.650671
0.650671
0.652704
0.653111
0.655551
0.649451
0.645791
0.646604
0.647011
0.643758
0.651891
0.648638
0.646198
0.653111
0.655551
0.654331
0.650264
0.644571
0.645791
0.648231
0.653518
0.646198
0.649858
0.653518
0.653518
0.644571
0.644571
0.643758
0.643758
0.642131
0.650264
0.648638
0.647824
0.650264
0.655144
0.654331
0.650264
0.647418
0.646604
0.653111
0.651078
0.648638
0.652298
0.657584
0.654738
0.652298
0.648638
0.648231
0.648231
0.650671
0.651484
0.647011
0.648638
0.651891
0.650264
0.645791
0.648638
0.649044
0.653924
0.651078
0.649044
0.650264
0.652298
0.647011
0.646604
0.648638
0.647824
0.649858
0.653518
0.653518
0.649451
0.653518
0.649451
0.648638
0.649858
0.647011
0.647418
0.653518
0.653518
0.654738
0.654738
0.659211
0.655551
0.653924
0.649044
0.646604
0.650264
0.651891
0.652298
0.647418
0.650671
0.660838
0.656364
0.648231
0.646604
0.650671
0.647418
0.649044
0.647011
0.646198
0.651078
0.651078
0.648638
0.644571
0.646198
0.641724
0.645791
0.645384
0.650671
0.655958
0.657991
0.651484
0.654331
0.652298
0.648231
0.646198
0.651484
0.648638
0.649044
0.653924
0.653111
0.649858
0.649451
0.643758
0.649858
0.649858
0.649858
0.652298
0.655551
0.654738
0.651078
0.647824
0.653924
0.649858
0.649044
0.645384
0.646604
0.643758
0.648231
0.649044
0.652298
0.653924
0.647418
0.647824
0.650264
0.647418
0.646604
0.647011
0.654331
0.653924
0.650671
0.651078
0.646198
0.647011
0.646604
0.644571
0.643351
0.643758
0.646604
0.640504
0.642538
0.646198
0.649044
0.649858
0.648638
0.648638
0.647011
0.650264
0.654331
0.653518
0.656771
0.653924
0.651484
0.657178
0.650264
0.649858
0.644978
0.646198
0.645384
0.649858
0.644571
0.639284
0.643351
0.648231
0.651078
0.651484
0.651484
0.652298
0.645791
0.643351
0.649858
0.648231
0.649858
0.652704
0.653924
0.653924
0.652298
0.653924
0.649858
0.646604
0.649451
0.649451
0.652704
0.649451
0.647418
0.653111
0.657178
0.653111
0.647011
0.649858
0.650264
0.652704
0.652298
0.649451
0.647418
0.651484
0.653518
0.650671
0.647824
0.647418
0.647418
0.648638
0.653518
0.653924
0.651484
0.655551
0.651891
0.653111
0.650264
0.646604
0.646604
0.650671
0.642944
0.644978
0.644978
0.646604
0.653924
0.648638
0.643758
0.644164
0.649858
0.640911
0.645791
0.649451
0.651484
0.656364
0.649858
0.650264
0.654738
0.654331
0.655551
0.649858
0.651891
0.651891
0.651484
0.650671
0.649451
0.645384
0.650264
0.651484
0.652298
0.650264
0.647824
0.649044
0.654331
0.647011
0.646198
0.649044
0.650264
0.651891
0.655551
0.647418
0.653518
0.658398
0.660838
0.659618
0.651078
0.645384
0.647011
0.650264
0.643758
0.646604
0.654331
0.659618
0.657178
0.651484
0.652704
0.655551
0.657178
0.657178
0.650671
0.652704
0.652704
0.651891
0.654331
0.645384
0.650671
0.648231
0.650264
0.650264
0.654738
0.658804
0.653111
0.655958
0.652704
0.652298
0.650671
0.650671
0.654331
0.651078
0.647011
0.648231
0.658804
0.654331
0.651484
0.649044
0.651078
0.651484
0.651891
0.649858
0.651891
0.656364
0.656771
0.649858
0.644978
0.649044
0.653518
0.650264
0.649858
0.648231
0.646604
0.654331
0.656364
0.655551
0.653518
0.650264
0.647824
0.647418
0.645384
0.649044
0.655551
0.652704
0.656771
0.653924
0.651078
0.651891
0.653924
0.646604
0.648231
0.651484
0.657584
0.657584
0.654331
0.650264
0.650671
0.653111
0.653518
0.647011
0.646198
0.652298
0.657991
0.659618
0.657584
0.658398
0.656771
0.658804
0.655958
0.650671
0.649044
0.651484
0.654331
0.653924
0.645791
0.651891
0.655144
0.651891
0.656364
0.648231
0.650671
0.657178
0.656771
0.652298
0.648231
0.651078
0.656771
0.653924
0.649858
0.647418
0.649044
0.652298
0.652704
0.649858
0.646604
0.645384
0.651078
0.646198
0.649451
0.649044
0.654738
0.653111
0.648638
0.650264
0.649044
0.646604
0.643758
0.643758
0.645791
0.649044
0.657178
0.656771
0.655144
0.655144
0.656771
0.655551
0.654331
0.652298
0.656771
0.660024
0.662464
0.657584
0.653111
0.652704
0.655958
0.652704
0.651891
0.646604
0.648638
0.661244
0.658804
0.655144
0.651891
0.653111
0.651078
0.649044
0.644978
0.644164
0.647011
0.656364
0.654738
0.649451
0.655551
0.649858
0.647824
0.647011
0.648231
0.653518
0.655958
0.652704
0.647824
0.646198
0.648231
0.647011
0.650264
0.650264
0.650264
0.656364
0.654738
0.652298
0.656771
0.650671
0.654738
0.652704
0.654738
0.654331
0.649858
0.649451
0.653111
0.653518
0.647418
0.646198
0.647824
0.647418
0.646198
0.644164
0.648638
0.656771
0.654738
0.649044
0.651078
0.649858
0.649451
0.648231
0.644164
0.647011
0.647824
0.657584
0.651078
0.648638
0.650264
0.651891
0.647418
0.644164
0.649451
0.652704
0.654738
0.655958
0.655551
0.652298
0.654331
0.655144
0.658398
0.652704
0.650671
0.647011
0.652704
0.655551
0.649451
0.653518
0.649451
0.651078
0.649858
0.651891
0.654738
0.652298
0.659618
0.658804
0.651078
0.653518
0.654331
0.656364
0.649858
0.648231
0.652298
0.655551
0.657584
0.657584
0.652704
0.650671
0.648638
0.650264
0.648638
0.649858
0.649858
0.655551
0.659211
0.655551
0.651891
0.650671
0.652704
0.649044
0.650264
0.653111
0.654331
0.656771
0.651078
0.647824
0.654738
0.656364
0.648231
0.649451
0.649858
0.649451
0.658804
0.658398
0.654331
0.653924
0.654738
0.657178
0.652704
0.649044
0.645384
0.651078
0.651891
0.655958
0.648638
0.653111
0.649858
0.647824
0.650671
0.651078
0.653518
0.657178
0.663278
0.658804
0.658804
0.657991
0.660431
0.655551
0.652298
0.647011
0.653518
0.655958
0.651484
0.652298
0.653111
0.653111
0.654738
0.658398
0.652298
0.653924
0.662058
0.657584
0.651078
0.649858
0.651078
0.648231
0.649451
0.651891
0.646604
0.650671
0.659618
0.652704
0.650671
0.650671
0.647011
0.649451
0.645791
0.644164
0.648231
0.650264
0.659211
0.649044
0.651078
0.651891
0.652704
0.653111
0.647011
0.646604
0.649044
0.652704
0.656364
0.649451
0.651078
0.652704
0.651484
0.647824
0.646604
0.648638
0.654331
0.660024
0.657991
0.654738
0.651484
0.652704
0.654331
0.655551
0.650671
0.651078
0.655958
0.658398
0.655958
0.651484
0.653518
0.650671
0.648638
0.644571
0.644571
0.648638
0.652298
0.652298
0.650671
0.654738
0.653111
0.652298
0.650264
0.651891
0.649044
0.652298
0.654331
0.651891
0.646604
0.652298
0.652298
0.644571
0.648638
0.647418
0.648638
0.656771
0.658804
0.655551
0.660024
0.660024
0.656771
0.655551
0.651891
0.646198
0.647011
0.653518
0.651891
0.650671
0.649451
0.652298
0.649451
0.650264
0.649858
0.655551
0.653518
0.653518
0.653111
0.655551
0.657178
0.660838
0.654738
0.654331
0.652298
0.655144
0.655551
0.657178
0.652704
0.654331
0.653924
0.654738
0.653111
0.651078
0.649451
0.652704
0.655144
0.651484
0.646198
0.649044
0.650671
0.653924
0.647011
0.647011
0.650264
0.655144
0.649858
0.653111
0.654331
0.653924
0.655958
0.651891
0.655958
0.651891
0.658398
0.654738
0.662871
0.649044
0.653111
0.655958
0.660431
0.650671
0.643758
0.647011
0.647824
0.657991
0.653924
0.652704
0.651484
0.656364
0.656364
0.654331
0.654331
0.651891
0.660838
0.660838
0.654738
0.653518
0.651484
0.657991
0.658398
0.652298
0.649451
0.652298
0.652298
0.656771
0.650264
0.649858
0.655144
0.649451
0.649044
0.646198
0.648231
0.657584
0.655958
0.650264
0.651891
0.654738
0.649044
0.650264
0.653924
0.647418
0.653518
0.651078
0.650264
0.652298
0.651484
0.654738
0.651078
0.650671
0.651484
0.652704
0.656771
0.659618
0.650264
0.655958
0.651891
0.650264
0.650671
0.650264
0.649451
0.653111
0.659211
0.654331
0.659211
0.651078
0.648231
0.649858
0.652704
0.650264
0.652704
0.655144
0.653111
0.657584
0.644978
0.647418
0.644571
0.651484
0.642131
0.646198
0.649858
0.652298
0.654738
0.653518
0.650671
0.651078
0.649044
0.647824
0.651484
0.637658
0.647824
0.648231
0.650671
0.647011
0.642538
0.644164
0.656364
0.651891
0.645384
0.642538
0.648231
0.650671
0.646604
0.645791
0.647011
0.648638
0.648638
0.644978
0.647824
0.650264
0.650264
0.655551
0.653924
0.656364
0.654738
0.654738
0.655551
0.646198
0.639691
0.638471
0.650671
0.656771
0.644978
0.645791
0.645791
0.654331
0.651484
0.644571
0.641724
0.646198
0.653111
0.652704
0.646604
0.635624
0.636844
0.644978
0.652704
0.642131
0.636844
0.635218
0.643351
0.650264
0.654331
0.651891
0.639691
0.640504
0.637251
0.644571
0.648231
0.647011
0.650671
0.647011
0.649858
0.651078
0.653924
0.649451
0.648638
0.647011
0.652298
0.652704
0.648638
0.651891
0.649858
0.651891
0.654331
0.656771
0.651484
0.650264
0.652704
0.652704
0.654738
0.649858
0.648638
0.651078
0.656364
0.654738
0.654738
0.656364
0.654738
0.655551
0.639691
0.644978
0.649858
0.659618
0.656364
0.647011
0.639691
0.643351
0.654331
0.660838
0.653518
0.649044
0.647011
0.649044
0.655551
0.651484
0.644978
0.644571
0.648638
0.649044
0.653111
0.648638
0.645791
0.647418
0.653111
0.647418
0.651891
0.651484
0.648638
0.653924
0.655144
0.648231
0.647011
0.649858
0.659211
0.657584
0.656771
0.654331
0.656364
0.659618
0.658398
0.655958
0.653924
0.650671
0.647011
0.645384
0.650264
0.653924
0.651078
0.647418
0.643758
0.651078
0.657991
0.653111
0.646604
0.650264
0.651484
0.657584
0.651484
0.647418
0.649044
0.649858
0.658804
0.650264
0.643758
0.642131
0.650671
0.650671
0.648231
0.646604
0.641724
0.649451
0.655958
0.651078
0.653111
0.649044
0.651891
0.651891
0.652298
0.650671
0.654331
0.651078
0.649858
0.650264
0.651078
0.651484
0.653111
0.652704
0.648231
0.651891
0.651891
0.653111
0.645791
0.647824
0.654738
0.653924
0.653924
0.647824
0.642131
0.647011
0.655144
0.656771
0.648231
0.649451
0.656771
0.657584
0.655958
0.655144
0.646604
0.654331
0.656771
0.653924
0.643351
0.643351
0.647824
0.651891
0.653924
0.651078
0.646604
0.649858
0.652704
0.651891
0.654331
0.650671
0.652298
0.656771
0.652298
0.653518
0.653518
0.650671
0.655958
0.653924
0.655551
0.655551
0.659211
0.657991
0.656771
0.655144
0.657991
0.657584
0.660024
0.657178
0.662464
0.658398
0.659618
0.651078
0.646604
0.653111
0.657584
0.651891
0.648638
0.649451
0.653111
0.657584
0.655144
0.654331
0.651891
0.650264
0.655144
0.651078
0.649858
0.644164
0.647824
0.653924
0.647824
0.648638
0.648231
0.650264
0.650264
0.651891
0.648638
0.651078
0.653518
0.655551
0.659618
0.652298
0.654331
0.654738
0.655144
0.653111
0.652704
0.654331
0.654331
0.654331
0.655958
0.652298
0.655551
0.653111
0.652704
0.653924
0.651891
0.654331
0.653924
0.656771
0.650264
0.651484
0.651891
0.655144
0.657584
0.658398
0.659211
0.663278
0.659618
0.654331
0.649451
0.648231
0.656364
0.653518
0.652298
0.649858
0.653924
0.651484
0.656364
0.649858
0.648231
0.654331
0.649451
0.649858
0.648231
0.651078
0.653111
0.647011
0.647418
0.650264
0.651891
0.648231
0.649451
0.649044
0.651078
0.652298
0.655958
0.657991
0.659211
0.660838
0.658804
0.655958
0.655551
0.655958
0.656771
0.658398
0.650671
0.648638
0.649451
0.651891
0.655551
0.650264
0.649451
0.650264
0.654331
0.656364
0.653518
0.648638
0.647824
0.651891
0.657584
0.655144
0.651078
0.649044
0.654738
0.653518
0.654738
0.654331
0.651484
0.653924
0.655958
0.652704
0.653924
0.657178
0.659618
0.660024
0.658398
0.653518
0.650671
0.653518
0.657584
0.662058
0.659618
0.660024
0.659211
0.662464
0.660024
0.657584
0.653518
0.651078
0.652704
0.650264
0.655958
0.656771
0.655551
0.655958
0.655551
0.660431
0.657584
0.649451
0.653924
0.656771
0.656771
0.660431
0.657991
0.655144
0.654738
0.653111
0.655144
0.651078
0.650264
0.649044
0.656771
0.653518
0.649858
0.648638
0.657991
0.660838
0.656771
0.651891
0.651078
0.654331
0.660838
0.657584
0.647824
0.647011
0.653111
0.655958
0.652298
0.652298
0.652298
0.652704
0.655958
0.657584
0.655958
0.649858
0.648638
0.651078
0.655144
0.657991
0.653924
0.654738
0.656771
0.659211
0.656771
0.656364
0.654738
0.649858
0.646604
0.651078
0.655551
0.659618
0.662464
0.659618
0.655551
0.659211
0.656771
0.655144
0.655144
0.659618
0.657584
0.659211
0.660838
0.657178
0.660024
0.657991
0.654331
0.655958
0.656364
0.657584
0.658398
0.659211
0.654331
0.649858
0.654738
0.656364
0.652704
0.650671
0.650671
0.654331
0.660838
0.655144
0.644978
0.649451
0.659618
0.656771
0.650264
0.646198
0.648638
0.650264
0.652298
0.651891
0.645791
0.649858
0.654331
0.651484
0.651891
0.650264
0.650671
0.648231
0.655144
0.655144
0.653924
0.655144
0.654331
0.651891
0.650264
0.645791
0.649451
0.651891
0.651891
0.646604
0.648231
0.651078
0.654738
0.658804
0.656364
0.657178
0.653924
0.653924
0.649044
0.647824
0.653924
0.653518
0.651484
0.651484
0.652298
0.651891
0.658398
0.655144
0.653111
0.654331
0.660024
0.660431
0.657584
0.659618
0.659618
0.661651
0.660838
0.658398
0.652704
0.653518
0.653924
0.653111
0.650264
0.651484
0.656364
0.662871
0.659618
0.659618
0.656771
0.654738
0.650671
0.650264
0.650264
0.650671
0.652298
0.656364
0.656364
0.651484
0.655144
0.659618
0.657991
0.651891
0.653111
0.655958
0.657178
0.651484
0.652704
0.649451
0.651484
0.656771
0.654331
0.651484
0.653518
0.650671
0.652704
0.650671
0.651484
0.653924
0.651891
0.652704
0.656771
0.650264
0.652704
0.659618
0.656771
0.657584
0.655144
0.654738
0.655144
0.655958
0.654331
0.655551
0.653518
0.654331
0.653924
0.660024
0.655551
0.654738
0.656364
0.658398
0.654331
0.649044
0.651078
0.656771
0.657991
0.657178
0.658804
0.660838
0.654331
0.652298
0.651078
0.650671
0.652298
0.657991
0.654738
0.655958
0.658398
0.658398
0.658398
0.652704
0.651484
0.656771
0.655958
0.656771
0.649858
0.649451
0.655551
0.655144
0.651891
0.649858
0.654738
0.655958
0.657178
0.653111
0.649451
0.648638
0.655958
0.655958
0.657178
0.653924
0.653924
0.659618
0.655958
0.657991
0.652704
0.652298
0.656364
0.655144
0.647418
0.651891
0.651891
0.658398
0.657991
0.655551
0.653111
0.660024
0.657991
0.653111
0.651078
0.648231
0.654738
0.660431
0.655958
0.651484
0.655958
0.655958
0.656771
0.654331
0.650264
0.651484
0.654738
0.657991
0.660024
0.653924
0.655551
0.656364
0.653518
0.656364
0.652704
0.651891
0.656364
0.652704
0.651484
0.651891
0.655551
0.654331
0.656364
0.654738
0.653518
0.655144
0.652704
0.655144
0.657991
0.653111
0.653924
0.656364
0.657178
0.654738
0.654738
0.654331
0.657178
0.657178
0.658804
0.660431
0.662464
0.660838
0.658804
0.664904
0.661651
0.662058
0.660024
0.652298
0.654738
0.658804
0.658804
0.659211
0.660024
0.657991
0.657991
0.656364
0.653111
0.651484
0.655144
0.655958
0.653924
0.649858
0.649858
0.654331
0.657584
0.657991
0.656364
0.653111
0.659211
0.655551
0.656364
0.657178
0.660838
0.660024
0.659618
0.653111
0.653111
0.657991
0.657991
0.660024
0.653924
0.653518
0.652704
0.653111
0.656364
0.654331
0.648231
0.649451
0.659618
0.658398
0.656364
0.656771
0.660838
0.658398
0.656771
0.655958
0.657584
0.655958
0.657584
0.662464
0.660024
0.655958
0.654738
0.653111
0.656364
0.662058
0.662871
0.656771
0.657178
0.653111
0.653924
0.661244
0.658804
0.658398
0.655551
0.656364
0.657991
0.655144
0.653111
0.651078
0.651078
0.655551
0.654738
0.657178
0.658398
0.658398
0.659211
0.653111
0.653111
0.653924
0.653924
0.655958
0.661244
0.652298
0.652298
0.660024
0.655551
0.656364
0.658398
0.659211
0.657178
0.657178
0.650264
0.650671
0.657991
0.658804
0.653924
0.651078
0.650671
0.653518
0.653924
0.655551
0.652298
0.653518
0.653518
0.654331
0.651484
0.651891
0.653924
0.649858
0.651078
0.654738
0.657584
0.658398
0.656771
0.656364
0.654738
0.659211
0.657991
0.658804
0.654331
0.657584
0.658398
0.658398
0.659618
0.660431
0.662464
0.660024
0.654738
0.651891
0.659211
0.655144
0.657584
0.657178
0.660431
0.660431
0.660024
0.659618
0.659211
0.661651
0.662871
0.657991
0.652298
0.657584
0.656771
0.658398
0.655958
0.662058
0.663684
0.662058
0.661244
0.658398
0.660838
0.656364
0.653518
0.658398
0.662058
0.658804
0.658804
0.660024
0.655958
0.662464
0.662464
0.654738
0.651484
0.653518
0.651891
0.655958
0.654738
0.660024
0.658398
0.660024
0.663684
0.663278
0.659211
0.656364
0.656771
0.659618
0.658398
0.658398
0.660838
0.660024
0.658804
0.654331
0.656364
0.655958
0.659211
0.657584
0.662058
0.654331
0.656771
0.655958
0.652298
0.655958
0.657584
0.661651
0.660024
0.660838
0.659618
0.655144
0.653518
0.655144
0.651484
0.655958
0.657178
0.656771
0.659211
0.651891
0.650264
0.650671
0.651484
0.649858
0.655958
0.655144
0.656771
0.658398
0.655958
0.660024
0.656364
0.654331
0.658804
0.656771
0.651078
0.654331
0.654331
0.656364
0.652704
0.652704
0.656364
0.657178
0.657991
0.649451
0.653111
0.653924
0.657178
0.659211
0.656364
0.653924
0.652704
0.652298
0.654331
0.653111
0.649858
0.649858
0.653518
0.659618
0.658398
0.655958
0.653111
0.657584
0.654738
0.655144
0.651484
0.646604
0.650264
0.647824
0.649451
0.655958
0.661244
0.656771
0.657584
0.658804
0.659211
0.654738
0.653518
0.652704
0.650671
0.655551
0.658804
0.653518
0.658804
0.661244
0.656771
0.655551
0.659211
0.658398
0.655551
0.657584
0.655144
0.652298
0.651484
0.654331
0.653111
0.652298
0.648231
0.647011
0.651891
0.653924
0.651891
0.651891
0.652704
0.655551
0.652704
0.649044
0.649858
0.651078
0.649858
0.654331
0.653924
0.652298
0.651484
0.653924
0.652704
0.655958
0.655958
0.655958
0.654738
0.653924
0.657991
0.660024
0.657584
0.661651
0.660838
0.661244
0.655551
0.657178
0.655958
0.649044
0.651484
0.653111
0.650671
0.657584
0.657584
0.655958
0.654331
0.656364
0.655144
0.657584
0.656771
0.656771
0.656771
0.660838
0.657584
0.652704
0.654331
0.654331
0.653924
0.653111
0.646198
0.646198
0.652704
0.658804
0.656364
0.653111
0.652704
0.652704
0.656364
0.650671
0.649858
0.650671
0.653518
0.651891
0.651891
0.648231
0.654331
0.657584
0.662058
0.654331
0.655958
0.657584
0.655551
0.658804
0.654331
0.653111
0.654331
0.658804
0.657991
0.658804
0.655144
0.655551
0.656364
0.655958
0.657584
0.657584
0.655144
0.657178
0.657178
0.660024
0.658804
0.657178
0.657584
0.655144
0.658804
0.653111
0.649451
0.654331
0.652704
0.652704
0.650264
0.658398
0.655958
0.650671
0.653924
0.652298
0.651078
0.647418
0.649858
0.657178
0.657991
0.658398
0.657178
0.655144
0.659618
0.658804
0.657991
0.659618
0.655144
0.652704
0.655551
0.655958
0.657178
0.655551
0.657584
0.653924
0.655958
0.652298
0.653518
0.653924
0.653518
0.657584
0.660024
0.658804
0.657178
0.660431
0.661244
0.662058
0.655144
0.651078
0.653924
0.657178
0.657584
0.658398
0.659618
0.661651
0.660431
0.664498
0.660024
0.655551
0.658804
0.651891
0.658804
0.654738
0.655958
0.656771
0.651078
0.652704
0.657991
0.655144
0.657178
0.651484
0.657991
0.655958
0.659618
0.657178
0.657584
0.660431
0.657178
0.655958
0.658398
0.654331
0.656771
0.656364
0.653924
0.651891
0.653111
0.654331
0.654331
0.651484
0.651484
0.656771
0.652298
0.655144
0.655144
0.657584
0.660024
0.659618
0.653518
0.648638
0.652298
0.659211
0.651891
0.651078
0.653518
0.650671
0.658398
0.659618
0.658398
0.654331
0.651484
0.656364
0.655958
0.659211
0.656364
0.655144
0.652704
0.661244
0.658804
0.655144
0.655551
0.662464
0.655551
0.652298
0.655958
0.655958
0.652704
0.654738
0.651078
0.651891
0.658398
0.661244
0.655958
0.653518
0.653111
0.653924
0.659618
0.655144
0.653924
0.655144
0.654331
0.650671
0.653111
0.655144
0.653518
0.655958
0.660431
0.659211
0.656364
0.651078
0.651891
0.650671
0.652704
0.651484
0.656364
0.657584
0.653924
0.654331
0.655551
0.658398
0.657584
0.655144
0.657991
0.654331
0.659211
0.657991
0.657991
0.659211
0.657178
0.662058
0.655551
0.652298
0.652298
0.655551
0.659618
0.658398
0.654738
0.657584
0.659618
0.657178
0.656364
0.653111
0.652298
0.654738
0.655551
0.654331
0.651484
0.656364
0.653518
0.649858
0.650264
0.649858
0.650671
0.657991
0.655958
0.653518
0.654738
0.656771
0.656771
0.659211
0.653518
0.656364
0.656771
0.657584
0.657178
0.654738
0.657991
0.653518
0.661651
0.657178
0.653924
0.654738
0.657584
0.656364
0.659618
0.660024
0.658804
0.652704
0.653111
0.656771
0.653924
0.654738
0.655958
0.663278
0.662464
0.662871
0.662464
0.660431
0.658804
0.660024
0.661651
0.661244
0.656364
0.658398
0.658398
0.660024
0.658804
0.655958
0.653518
0.656364
0.654738
0.656364
0.655958
0.651484
0.655551
0.658804
0.656364
0.657584
0.662058
0.660024
0.660838
0.658804
0.656364
0.655144
0.656364
0.657584
0.650264
0.651891
0.655144
0.651891
0.655551
0.656364
0.652298
0.653111
0.657584
0.658804
0.657178
0.655958
0.660431
0.661651
0.660838
0.658804
0.658804
0.657178
0.654331
0.653111
0.651484
0.652298
0.651891
0.656364
0.658398
0.658398
0.654738
0.657584
0.655144
0.653111
0.651891
0.652298
0.650671
0.653924
0.653924
0.651484
0.654331
0.662464
0.651891
0.650671
0.651891
0.649451
0.651484
0.653518
0.656771
0.654331
0.655958
0.657584
0.654738
0.658398
0.656771
0.655144
0.655958
0.659211
0.653518
0.654331
0.659211
0.652704
0.653518
0.655144
0.655551
0.656771
0.655551
0.656364
0.653518
0.656364
0.655551
0.654738
0.653518
0.655551
0.654331
0.656771
0.657178
0.657584
0.660838
0.664498
0.660024
0.659211
0.662058
0.659211
0.660024
0.656364
0.653924
0.650671
0.650264
0.657178
0.655551
0.653518
0.650264
0.647824
0.648638
0.652298
0.652704
0.655144
0.657178
0.656364
0.652704
0.653111
0.651078
0.653111
0.649858
0.654331
0.658398
0.660431
0.662058
0.661651
0.653518
0.652704
0.652298
0.651484
0.654331
0.656364
0.657991
0.659211
0.658804
0.663278
0.660431
0.657584
0.661244
0.658398
0.654331
0.653924
0.653111
0.653518
0.658804
0.655144
0.655958
0.655144
0.653111
0.654331
0.657584
0.653518
0.652298
0.655551
0.654331
0.663278
0.666531
0.664091
0.659618
0.657178
0.658398
0.656771
0.653518
0.654738
0.652704
0.651484
0.650671
0.653518
0.660024
0.655958
0.656364
0.655144
0.656364
0.654738
0.656364
0.657178
0.660024
0.657584
0.659618
0.659211
0.651484
0.656364
0.654738
0.654331
0.654331
0.649451
0.654738
0.653111
0.657991
0.656364
0.650671
0.653518
0.653111
0.650264
0.648638
0.650671
0.648638
0.654738
0.656364
0.652298
0.652704
0.660431
0.654331
0.649044
0.653924
0.653111
0.649451
0.649451
0.654331
0.656364
0.658398
0.655551
0.657584
0.653924
0.648638
0.648231
0.647011
0.650264
0.652704
0.656771
0.655551
0.656364
0.651484
0.654331
0.656364
0.651078
0.655958
0.655958
0.653111
0.654331
0.659211
0.662464
0.664091
0.660838
0.662058
0.661651
0.661651
0.662871
0.658398
0.655144
0.655958
0.659618
0.659618
0.654331
0.656364
0.656364
0.664091
0.662464
0.660431
0.662058
0.660838
0.657991
0.660024
0.656364
0.653111
0.652704
0.655144
0.654331
0.660024
