0.452216
0.458723
0.461570
0.457910
0.459130
0.462383
0.466043
0.466856
0.470516
0.468890
0.474990
0.480683
0.478243
0.479870
0.481903
0.483937
0.495323
0.497357
0.499390
0.507930
0.509963
0.512810
0.512810
0.516063
0.519317
0.519317
0.522570
0.518503
0.520537
0.520537
0.519317
0.518910
0.518503
0.518910
0.520130
0.520537
0.520537
0.519723
0.520943
0.520943
0.521350
0.521350
0.521350
0.520943
0.521350
0.522163
0.522570
0.521350
0.520943
0.521350
0.520943
0.520943
0.520943
0.520943
0.520943
0.520537
0.520130
0.520537
0.520537
0.520537
0.520943
0.520943
0.520943
0.520943
0.520943
0.521350
0.521350
0.520943
0.522163
0.521350
0.521757
0.520943
0.521757
0.521350
0.521757
0.521757
0.521757
0.521350
0.521350
0.521757
0.521350
0.521350
0.522163
0.523383
0.523790
0.523790
0.523790
0.523790
0.523790
0.523383
0.522570
0.522570
0.522570
0.523383
0.523383
0.523383
0.522977
0.522977
0.523383
0.524197
0.525010
0.525010
0.525010
0.525010
0.525417
0.526230
0.526230
0.527044
0.527450
0.527044
0.527450
0.526230
0.526230
0.526230
0.527044
0.528264
0.529077
0.529890
0.529484
0.529484
0.528670
0.528670
0.528670
0.529077
0.528264
0.530704
0.531110
0.530704
0.531517
0.532330
0.533144
0.533144
0.533957
0.534770
0.535177
0.534770
0.534770
0.535584
0.535177
0.534770
0.534364
0.535177
0.534770
0.535177
0.535177
0.536397
0.537617
0.538837
0.541277
0.540870
0.542904
0.542090
0.543310
0.544530
0.551444
0.550630
0.553070
0.556324
0.558764
0.560390
0.566084
0.574217
0.572590
0.566490
0.562424
0.559577
0.559984
0.568117
0.557137
0.555917
0.555104
0.559170
0.561204
0.575437
0.570964
0.568524
0.558357
0.556730
0.562017
0.568117
0.571370
0.570557
0.568930
0.570964
0.570964
0.568117
0.564864
0.566897
0.574624
0.577064
0.577064
0.573810
0.568117
0.566490
0.564050
0.566897
0.572997
0.577471
0.575437
0.575031
0.574217
0.582757
0.587637
0.588451
0.573810
0.572997
0.579097
0.590484
0.587231
0.587231
0.590077
0.583571
0.585604
0.590891
0.587637
0.593737
0.599024
0.596991
0.596991
0.598211
0.598211
0.597804
0.590891
0.597804
0.604717
0.600651
0.599024
0.601464
0.602277
0.590891
0.598211
0.602684
0.607157
0.596991
0.605124
0.601057
0.603904
0.602684
0.599024
0.604311
0.608784
0.600244
0.599024
0.607971
0.607157
0.599024
0.603904
0.608784
0.605937
0.597397
0.594957
0.599024
0.605937
0.616511
0.611224
0.608784
0.606344
0.593737
0.592924
0.597397
0.613257
0.612851
0.618137
0.608377
0.608377
0.610817
0.607157
0.609597
0.602277
0.589264
0.590891
0.592111
0.596991
0.607157
0.607971
0.609191
0.607564
0.606751
0.596584
0.593737
0.596177
0.603091
0.611631
0.620171
0.632778
0.629524
0.621797
0.616917
0.626271
0.627491
0.630338
0.633591
0.629118
0.631558
0.630338
0.629931
0.631964
0.632371
0.631964
0.628304
0.630744
0.634811
0.634811
0.630744
0.628304
0.630744
0.620984
0.614477
0.616511
0.636031
0.632778
0.632371
0.634811
0.632778
0.631151
0.629118
0.630338
0.627084
0.626678
0.629524
0.633591
0.632371
0.626271
0.630338
0.631964
0.632371
0.625051
0.629524
0.613257
0.607971
0.609597
0.620577
0.631558
0.633591
0.636031
0.638064
0.617324
0.610817
0.614477
0.628304
0.629524
0.623424
0.623017
0.623424
0.619764
0.613257
0.605124
0.603904
0.607971
0.616104
0.632778
0.632371
0.632778
0.638064
0.636031
0.633184
0.632778
0.632371
0.634404
0.632371
0.633184
0.634404
0.633591
0.632371
0.633184
0.629931
0.631151
0.630338
0.633591
0.632778
0.635624
0.636438
0.636844
0.635624
0.633998
0.633998
0.636844
0.637251
0.636031
0.638064
0.635624
0.638064
0.633998
0.633998
0.633591
0.634811
0.636031
0.633998
0.631558
0.631558
0.635218
0.635624
0.634811
0.635218
0.636438
0.635624
0.638878
0.636438
0.633591
0.634404
0.639284
0.635624
0.637251
0.636844
0.635218
0.633184
0.633998
0.634404
0.633591
0.636438
0.640098
0.634404
0.636031
0.627084
0.616917
0.614884
0.617731
0.614477
0.620171
0.626271
0.629524
0.633998
0.633591
0.636031
0.632778
0.628304
0.629931
0.636844
0.637251
0.638471
0.640911
0.640504
0.629118
0.628304
0.629931
0.628711
0.637658
0.636844
0.636031
0.630338
0.633184
0.636031
0.631151
0.636844
0.639691
0.634404
0.632778
0.626271
0.624644
0.624644
0.629118
0.630338
0.629931
0.627084
0.630338
0.631151
0.633591
0.636844
0.634811
0.640911
0.644164
0.640911
0.640504
0.636438
0.635624
0.631964
0.635624
0.638471
0.637658
0.636438
0.636031
0.637658
0.637658
0.638878
0.636844
0.640098
0.639691
0.641318
0.642538
0.647011
0.647824
0.641724
0.632778
0.633184
0.631558
0.631964
0.638878
0.642538
0.646604
0.645384
0.644978
0.640911
0.641724
0.642538
0.643351
0.642131
0.640098
0.635218
0.634404
0.635218
0.640098
0.636438
0.639691
0.638064
0.637251
0.641318
0.641318
0.642131
0.645791
0.640911
0.646198
0.638878
0.636844
0.634404
0.638878
0.639691
0.641724
0.644571
0.646604
0.645384
0.647011
0.641318
0.640504
0.640911
0.640504
0.643758
0.645384
0.648231
0.647011
0.652704
0.642944
0.640504
0.633998
0.640098
0.642538
0.638064
0.636438
0.633591
0.635624
0.630338
0.630338
0.629118
0.633591
0.636438
0.639284
0.639284
0.640098
0.644571
0.643758
0.642944
0.641318
0.641724
0.641318
0.642944
0.646198
0.646604
0.647824
0.648231
0.649044
0.642131
0.642131
0.639691
0.636844
0.645791
0.653111
0.651484
0.653111
0.653111
0.646604
0.648231
0.642131
0.638878
0.636844
0.644571
0.645791
0.651078
0.653518
0.651484
0.651078
0.651078
0.644978
0.639284
0.638878
0.642944
0.648231
0.652704
0.651078
0.652298
0.653518
0.653518
0.647418
0.644978
0.642538
0.648231
0.653924
0.656771
0.655551
0.654738
0.654331
0.652298
0.650264
0.649451
0.652298
0.654331
0.649858
0.653111
0.652298
0.649858
0.645384
0.642538
0.641318
0.644571
0.652704
0.651078
0.651078
0.650671
0.652704
0.651891
0.653111
0.644978
0.643758
0.643351
0.647824
0.655144
0.651484
0.655551
0.653924
0.653111
0.656364
0.650264
0.648638
0.651078
0.657178
0.653924
0.655551
0.656771
0.655144
0.654738
0.650264
0.646198
0.646198
0.651891
0.655958
0.656771
0.657178
0.656771
0.653518
0.656364
0.654738
0.651484
0.652298
0.654738
0.653518
0.653518
0.656771
0.653111
0.654738
0.652298
0.652704
0.651891
0.657178
0.655144
0.653111
0.653924
0.655551
0.655551
0.653518
0.652298
0.646604
0.649451
0.657178
0.651078
0.651891
0.651891
0.654738
0.654738
0.652704
0.649044
0.649451
0.656771
0.651891
0.652704
0.652298
0.651484
0.653924
0.656364
0.650671
0.650671
0.651891
0.657584
0.653518
0.654738
0.656364
0.655144
0.653111
0.651078
0.648638
0.650671
0.649044
0.654331
0.657178
0.657584
0.655958
0.656771
0.652704
0.650671
0.651078
0.648638
0.650264
0.655551
0.654331
0.654331
0.654738
0.654331
0.651891
0.646604
0.650671
0.647824
0.655551
0.654738
0.650671
0.652704
0.656771
0.656364
0.654738
0.648231
0.650264
0.651891
0.657991
0.652704
0.649858
0.650671
0.658804
0.655958
0.653518
0.648231
0.646604
0.654331
0.655144
0.657584
0.657991
0.658398
0.657991
0.653518
0.653924
0.651484
0.651891
0.653518
0.657584
0.655958
0.656364
0.657178
0.655958
0.654738
0.653924
0.653518
0.653111
0.655551
0.655551
0.655551
0.656771
0.657584
0.655551
0.655551
0.653924
0.658804
0.656364
0.656364
0.657178
0.660431
0.656364
0.654331
0.654331
0.656771
0.658804
0.656364
0.653111
0.655551
0.655551
0.655551
0.654738
0.653111
0.655551
0.658804
0.658398
0.654738
0.654738
0.655551
0.658398
0.657584
0.654738
0.653924
0.654738
0.655551
0.655958
0.653924
0.655144
0.654331
0.653924
0.657584
0.655144
0.652704
0.652704
0.655144
0.660024
0.657178
0.653924
0.654738
0.654738
0.657991
0.656364
0.648638
0.651078
0.655144
0.655551
0.656364
0.653111
0.653518
0.655551
0.659211
0.654331
0.656771
0.654331
0.653518
0.655144
0.658398
0.655551
0.657584
0.658804
0.658398
0.658398
0.655144
0.653111
0.656364
0.656364
0.658804
0.657584
0.655958
0.655958
0.653518
0.654331
0.652704
0.654331
0.654331
0.656771
0.655958
0.655958
0.656364
0.654331
0.653518
0.652298
0.653924
0.655958
0.657584
0.658398
0.656364
0.654738
0.654331
0.654738
0.653111
0.651484
0.655144
0.659211
0.655958
0.656771
0.658398
0.657178
0.655551
0.653518
0.654738
0.653111
0.655958
0.657584
0.657991
0.657178
0.657991
0.657991
0.654738
0.655144
0.651891
0.653924
0.655551
0.655958
0.655551
0.653518
0.653518
0.658398
0.653924
0.655144
0.651891
0.653924
0.655958
0.656364
0.658804
0.655958
0.654331
0.658398
0.656364
0.657178
0.653518
0.655958
0.662871
0.662058
0.662871
0.660838
0.657178
0.656364
0.655144
0.655958
0.652298
0.654738
0.658398
0.658398
0.658398
0.659211
0.657991
0.659211
0.657178
0.651484
0.655144
0.652704
0.653111
0.654331
0.653111
0.651484
0.654738
0.655144
0.657584
0.656771
0.657991
0.658804
0.657584
0.656771
0.658398
0.658804
0.658804
0.657584
0.657178
0.656771
0.654331
0.655958
0.652298
0.656364
0.656771
0.659211
0.656364
0.654738
0.655958
0.657584
0.662464
0.661651
0.660431
0.657584
0.657584
0.653111
0.656364
0.652704
0.654738
0.651891
0.657991
0.657178
0.660431
0.659618
0.655958
0.653518
0.655958
0.656364
0.656364
0.653518
0.653924
0.655144
0.653518
0.652298
0.655144
0.653924
0.655551
0.655551
0.657584
0.660431
0.662058
0.662058
0.659211
0.655551
0.657584
0.656771
0.656364
0.656771
0.657584
0.659618
0.658804
0.660431
0.656771
0.659211
0.661244
0.659618
0.658398
0.664904
0.665311
0.662871
0.660431
0.655551
0.656771
0.656771
0.657178
0.658804
0.655551
0.660431
0.661244
0.659618
0.660431
0.662464
0.659618
0.658804
0.660024
0.657991
0.656364
0.658398
0.660431
0.659211
0.657178
0.653111
0.659618
0.657584
0.657178
0.655144
0.663278
0.658804
0.658398
0.657991
0.657178
0.657178
0.660838
0.657991
0.653924
0.658398
0.656364
0.657178
0.653924
0.657584
0.656364
0.662871
0.659211
0.656771
0.655144
0.654331
0.660431
0.661651
0.657991
0.655958
0.653518
0.652704
0.652298
0.655144
0.653518
0.657178
0.658398
0.657178
0.655958
0.655144
0.653518
0.655144
0.657991
0.660024
0.660024
0.659211
0.655144
0.654738
0.655144
0.655958
0.653518
0.654331
0.657991
0.654738
0.657584
0.654331
0.657991
0.656364
0.654738
0.657178
0.655958
0.659211
0.659618
0.660838
0.657584
0.656771
0.659618
0.659211
0.660024
0.662058
0.660024
0.661244
0.660431
0.660431
0.661244
0.659211
0.659211
0.657584
0.652704
0.654331
0.656364
0.653924
0.656364
0.663278
0.660431
0.661244
0.660024
0.656771
0.661244
0.660838
0.658398
0.655551
0.657584
0.658398
0.661244
0.662058
0.661244
0.659211
0.657991
0.655144
0.655144
0.655144
0.660024
0.659618
0.658804
0.662058
0.662058
0.657991
0.658804
0.650671
0.649858
0.659618
0.655958
0.655551
0.657991
0.660024
0.660431
0.657991
0.656364
0.656364
0.656364
0.656364
0.652298
0.659618
0.657991
0.655958
0.656771
0.657584
0.657584
0.657178
0.658804
0.656771
0.657178
0.658398
0.657178
0.653924
0.651484
0.657584
0.659211
0.657584
0.655551
0.659618
0.661651
0.654331
0.658804
0.657584
0.659618
0.653518
0.656364
0.656771
0.657991
0.660024
0.660431
0.660431
0.660431
0.657584
0.656771
0.655551
0.656364
0.653924
0.657584
0.661651
0.660024
0.658398
0.657991
0.657584
0.657178
0.656771
0.656771
0.657178
0.659211
0.663684
0.664904
0.660024
0.657178
0.659618
0.657584
0.658804
0.657991
0.660838
0.663278
0.663278
0.661651
0.656771
0.656771
0.657991
0.651891
0.651484
0.657584
0.659211
0.660024
0.656364
0.653518
0.652298
0.653111
0.657991
0.655958
0.660024
0.660838
0.661244
0.660024
0.660431
0.657991
0.662058
0.660838
0.655551
0.655144
0.654331
0.657991
0.659211
0.658398
0.655144
0.657991
0.655958
0.655551
0.656364
0.654738
0.657991
0.658804
0.655958
0.659211
0.655144
0.656771
0.659211
0.658398
0.654331
0.656364
0.658804
0.658804
0.657991
0.659211
0.661244
0.660431
0.659211
0.654738
0.653518
0.655551
0.658804
0.658398
0.657584
0.654331
0.656364
0.656771
0.655144
0.654331
0.654331
0.655551
0.658398
0.657584
0.657178
0.656364
0.657178
0.660838
0.658804
0.657584
0.657178
0.659211
0.662871
0.658804
0.655958
0.658398
0.660431
0.660838
0.653518
0.655144
0.658398
0.658804
0.657584
0.660024
0.658398
0.655144
0.660838
0.660838
0.657584
0.658398
0.658804
0.658398
0.661244
0.661651
0.659211
0.663278
0.656771
0.658804
0.657584
0.657584
0.657991
0.655144
0.657991
0.655958
0.655958
0.654738
0.653924
0.654331
0.652704
0.654738
0.656364
0.657178
0.656771
0.654738
0.654738
0.657178
0.659211
0.659211
0.653518
0.660838
0.659618
0.657584
0.658804
0.662058
0.662871
0.658398
0.658804
0.657584
0.660431
0.661244
0.660024
0.656771
0.658804
0.657178
0.660838
0.657991
0.658804
0.661651
0.660024
0.657584
0.664091
0.659618
0.657178
0.659211
0.660431
0.654331
0.656364
0.655144
0.655958
0.659618
0.657178
0.654738
0.657584
0.657178
0.656364
0.656771
0.657584
0.657991
0.657178
0.658804
0.657991
0.655144
0.654331
0.657584
0.657178
0.659211
0.660431
0.658398
0.657178
0.657178
0.656771
0.660024
0.659618
0.658398
0.656771
0.659211
0.658398
0.657991
0.657178
0.659618
0.662871
0.659211
0.660024
0.661651
0.663278
0.657991
0.661244
0.662871
0.660024
0.658804
0.654738
0.654331
0.655144
0.657991
0.654331
0.655958
0.658804
0.657584
0.656364
0.655958
0.654738
0.655958
0.656364
0.651891
0.655144
0.655551
0.655144
0.653924
0.656364
0.652704
0.655958
0.656771
0.659211
0.657584
0.658398
0.658804
0.659618
0.660838
0.657178
0.656771
0.656364
0.660024
0.659618
0.661244
0.661244
0.661651
0.661244
0.661651
0.661651
0.660431
0.659618
0.659618
0.653924
0.657584
0.659211
0.660024
0.659618
0.660024
0.656771
0.656364
0.656771
0.658398
0.656771
0.657991
0.657584
0.657178
0.658804
0.659618
0.660024
0.659211
0.660838
0.659211
0.660024
0.662058
0.660431
0.660838
0.658398
0.655958
0.656771
0.659211
0.656771
0.655958
0.657178
0.654331
0.657991
0.657584
0.657991
0.657991
0.657991
0.658398
0.654331
0.653518
0.655144
0.656771
0.660431
0.661651
0.660024
0.660024
0.657584
0.660431
0.658398
0.654331
0.654738
0.654738
0.652704
0.655958
0.657178
0.653924
0.659618
0.658804
0.656771
0.659211
0.659211
0.660431
0.660431
0.660024
0.661651
0.658804
0.657178
0.659618
0.660024
0.659211
0.658398
0.658398
0.659618
0.654738
0.655144
0.656364
0.656364
0.656771
0.656364
0.661244
0.656364
0.657178
0.657991
0.654331
0.657991
0.657991
0.659618
0.654331
0.656364
0.655144
0.657178
0.658804
0.659618
0.659618
0.658398
0.658398
0.658398
0.658398
0.656364
0.656364
0.656771
0.655958
0.657178
0.655958
0.660024
0.654738
0.658398
0.656771
0.652704
0.658398
0.659211
0.657584
0.655551
0.655551
0.653924
0.654331
0.657991
0.659618
0.660024
0.660431
0.657991
0.659211
0.658804
0.657584
0.657584
0.656771
0.656364
0.658398
0.658804
0.659211
0.657178
0.656771
0.657991
0.657991
0.660431
0.662871
0.663278
0.664904
0.662464
0.661244
0.659211
0.656771
0.659618
0.657584
0.656364
0.654738
0.655144
0.655551
0.655144
0.653924
0.655958
0.652704
0.653924
0.656771
0.658398
0.656364
0.658398
0.656771
0.658804
0.655144
0.659618
0.659618
0.653924
0.654331
0.655958
0.657991
0.661244
0.657584
0.659618
0.655551
0.651484
0.655958
0.657584
0.656364
0.658804
0.658398
0.658804
0.658398
0.655958
0.657178
0.655958
0.654331
0.656364
0.655958
0.655551
0.655551
0.655551
0.655551
0.653111
0.659211
0.658804
0.657178
0.657178
0.659618
0.657584
0.657991
0.656771
0.659211
0.656771
0.655144
0.655551
0.654331
0.655144
0.656771
0.655144
0.654738
0.654738
0.653924
0.661244
0.656364
0.656364
0.656364
0.658804
0.657991
0.659618
0.654738
0.657584
0.655958
0.656771
0.660024
0.657991
0.657178
0.656364
0.654738
0.655551
0.657991
0.660431
0.657584
0.657584
0.658804
0.660024
0.655958
0.656771
0.657584
0.655551
0.659211
0.657178
0.657584
0.656364
0.659618
0.658398
0.657178
0.657178
0.655551
0.655958
0.656771
0.656364
0.655144
0.654738
0.657991
0.656771
0.653111
0.657178
0.655551
0.657991
0.658804
0.656364
0.657178
0.658398
0.659211
0.660838
0.659211
0.659618
0.661244
0.661244
0.659211
0.659211
0.660024
0.654738
0.655144
0.657178
0.657584
0.658804
0.656364
0.653111
0.652704
0.653924
0.654331
0.653111
0.653518
0.653518
0.654738
0.653924
0.652298
0.652704
0.653924
0.656364
0.655551
0.653924
0.654331
0.657991
0.657584
0.654738
0.654331
0.657178
0.654738
0.655551
0.654331
0.657584
0.656364
0.659211
0.657584
0.660431
0.657178
0.657584
0.655144
0.657991
0.656364
0.659618
0.656364
0.660024
0.657991
0.657584
0.654738
0.655144
0.654738
0.658398
0.657991
0.657991
0.656364
0.657584
0.660024
0.656771
0.660024
0.657991
0.656364
0.654738
0.655551
0.659618
0.657178
0.656364
0.657584
0.653924
0.655958
0.656364
0.656364
0.655144
0.653518
0.656364
0.656364
0.653924
0.660024
0.655958
0.659211
0.656364
0.657991
0.656771
0.657178
0.657178
0.657178
0.655958
0.654331
0.655958
0.653924
0.660024
0.656771
0.656364
0.655551
0.655958
0.657178
0.656364
0.654738
0.657584
0.656771
0.659618
0.656364
0.659618
0.660024
0.661244
0.657991
0.657991
0.657178
0.657991
0.657991
0.656771
0.654738
0.657178
0.656771
0.657991
0.657991
0.661244
0.660838
0.662058
0.658804
0.658398
0.655958
0.654738
0.655958
0.654738
0.660431
0.660431
0.657584
0.657991
0.657584
0.657991
0.656364
0.657584
0.659211
0.660431
0.653518
0.659618
0.660024
0.660024
0.660431
0.662871
0.659618
0.656771
0.657178
0.660024
0.661651
0.662464
0.659211
0.657584
0.656771
0.662058
0.658804
0.662464
0.661244
0.661244
0.662464
0.660431
0.662058
0.658804
0.657991
0.656771
0.658804
0.660431
0.659211
0.657178
0.657991
0.659211
0.657584
0.658804
0.658804
0.660838
0.660024
0.660838
0.660024
0.660431
0.658398
0.657584
0.658804
0.657584
0.660431
0.656771
0.658804
0.656771
0.657178
0.653518
0.653518
0.654738
0.654738
0.658398
0.657178
0.658804
0.657178
0.652704
0.658398
0.656771
0.659618
0.654331
0.659211
0.659211
0.659211
0.657991
0.659618
0.658804
0.659618
0.655958
0.654738
0.655551
0.661651
0.661244
0.655958
0.651484
0.655958
0.660024
0.658398
0.657584
0.656771
0.660024
0.657584
0.660024
0.659618
0.656364
0.660838
0.664904
0.662464
0.659618
0.663278
0.662464
0.662871
0.658804
0.659211
0.661651
0.663278
0.661244
0.662871
0.661651
0.661244
0.662871
0.659211
0.662464
0.663684
0.663278
0.661244
0.660024
0.662058
0.660431
0.659211
0.660431
0.660024
0.656364
0.655958
0.656364
0.660024
0.660431
0.656364
0.657991
0.657991
0.655551
0.658398
0.657991
0.660431
0.660838
0.660024
0.656771
0.658398
0.658804
0.660024
0.659211
0.658398
0.660024
0.661244
0.660431
0.660431
0.657584
0.664091
0.656771
0.656771
0.656364
0.655551
0.656771
0.654738
0.659211
0.657991
0.661244
0.659618
0.658804
0.658398
0.654331
0.650264
0.655144
0.657991
0.657584
0.658398
0.658398
0.659211
0.657991
0.656364
0.656771
0.662058
0.660431
0.662058
0.658804
0.658804
0.658804
0.659618
0.656771
0.655551
0.657178
0.660431
0.658398
0.660838
0.660838
0.659618
0.660431
0.657991
0.657991
0.653924
0.656771
0.656364
0.658398
0.660024
0.658398
0.656771
0.660838
0.662058
0.660024
0.661651
0.663684
0.661651
0.660431
0.662058
0.654738
0.654331
0.655958
0.655551
0.657991
0.657991
0.656771
0.659211
0.653518
0.657178
0.651078
0.653518
0.651484
0.655144
0.660024
0.652704
0.655958
0.660024
0.661244
0.659618
0.659211
0.655958
0.656364
0.655958
0.655551
0.656771
0.660024
0.661244
0.655958
0.657584
0.656364
0.654331
0.653518
0.653924
0.654738
0.657178
0.657991
0.660024
0.660838
0.658398
0.659211
0.657178
0.657584
0.657178
0.657991
0.661651
0.657584
0.659618
0.657584
0.661244
0.660838
0.657991
0.661244
0.662058
0.660024
0.656771
0.656771
0.652704
0.657584
0.662464
0.659618
0.663278
0.661651
0.657584
0.659211
0.659618
0.658398
0.661244
0.660838
0.667751
0.663278
0.665718
0.664498
0.665718
0.667751
0.661651
0.663278
0.662871
0.664498
0.662871
0.662871
0.660838
0.661651
0.661651
0.660838
0.660838
0.658804
0.658398
0.657991
0.656364
0.657178
0.658398
0.660024
0.656771
0.656364
0.657178
0.659618
0.659618
0.662058
0.658398
0.660431
0.659211
0.659618
0.660838
0.657178
0.658804
0.664091
0.665311
0.662871
0.660431
0.653924
0.652298
0.658398
0.660024
0.659211
0.657991
0.659618
0.662058
0.660838
0.660838
0.661244
0.660838
0.666124
0.664091
0.664091
0.664091
0.666124
0.664091
0.662058
0.661244
0.659618
0.657991
0.663278
0.660024
0.657991
0.658398
0.661651
0.662464
0.661244
0.663684
0.663684
0.662464
0.663684
0.659618
0.660838
0.660024
0.662058
0.660838
0.662058
0.662871
0.666531
0.660024
0.663684
0.663684
0.658398
0.658398
0.654331
0.653518
0.651078
0.654331
0.658398
0.659618
0.659211
0.661651
0.661244
0.664498
0.659211
0.657584
0.658804
0.663684
0.662058
0.660431
0.664091
0.661244
0.662464
0.662058
0.659211
0.659618
0.660024
0.658398
0.657991
0.663684
0.661651
0.661244
0.661651
0.661244
0.658398
0.658804
0.656771
0.663278
0.660431
0.659618
0.654738
0.658398
0.662058
0.661244
0.664904
0.664091
0.663278
0.664091
0.657991
0.663278
0.662871
0.664091
0.662871
0.664498
0.655144
0.655144
0.658804
0.661244
0.659618
0.659618
0.660838
0.658804
0.653924
0.655958
0.657584
0.657178
0.657584
0.663278
0.659618
0.662871
0.664091
0.661244
0.654331
0.653924
0.659618
0.662871
0.661244
0.658804
0.660838
0.656771
0.659211
0.660431
0.660838
0.661244
0.661244
0.659618
0.658398
0.660431
0.655144
0.654738
0.653111
0.652704
0.657584
0.661244
0.660024
0.660431
0.659211
0.659618
0.662464
0.663278
0.657991
0.656364
0.653924
0.659211
0.657178
0.661651
0.660024
0.660838
0.659618
0.659211
0.653518
0.653111
0.655551
0.655551
0.655144
0.656364
0.653518
0.658804
0.659618
0.661244
0.660431
0.660431
0.664904
0.660431
0.658398
0.666531
0.663684
0.661651
0.661651
0.657178
0.654331
0.653111
0.653518
0.658804
0.658804
0.657991
0.660024
0.657178
0.659618
0.659211
0.656364
0.658804
0.658398
0.657584
0.659618
0.660838
0.660838
0.660838
0.662058
0.661651
0.660024
0.662464
0.664091
0.662871
0.653111
0.664498
0.662871
0.665311
0.665311
0.664091
0.660024
0.663684
0.666124
0.664904
0.664904
0.658804
0.657991
0.657991
0.655958
0.654331
0.656364
0.657178
0.656771
0.654738
0.657991
0.659211
0.659211
0.659211
0.657991
0.658804
0.662871
0.665311
0.660838
0.660431
0.662058
0.662464
0.661244
0.660431
0.659211
0.663278
0.661651
0.664904
0.662464
0.657991
0.660838
0.666124
0.659618
0.657991
0.660024
0.662058
0.666531
0.664904
0.664091
0.660024
0.660024
0.661651
0.659211
0.660024
0.662464
0.660838
0.657991
0.660024
0.657178
0.662058
0.658804
0.662464
0.657584
0.657178
0.656364
0.657584
0.660838
0.658398
0.656771
0.661244
0.662871
0.660838
0.658804
0.656771
0.653924
0.656771
0.657991
0.660838
0.661244
0.662871
0.663278
0.662058
0.663278
0.665311
0.660838
0.662058
0.659618
0.663684
0.666938
0.664498
0.663684
0.666124
0.664904
0.665311
0.664498
0.664498
0.658398
0.662464
0.663278
0.663684
0.661244
0.660024
0.662058
0.660431
0.660431
0.660838
0.662058
0.661651
0.660838
0.662871
0.660838
0.663278
0.661244
0.667344
0.662058
0.663684
0.665718
0.660431
0.664904
0.661244
0.660838
0.660024
0.657991
0.664091
0.666938
0.662058
0.664904
0.665311
0.666531
0.664498
0.663278
0.660838
0.659211
0.660024
0.656771
0.656364
0.657991
0.657584
0.662464
0.655144
0.661651
0.662871
0.666531
0.665311
0.664498
0.661244
0.664498
0.663684
0.662464
0.662464
0.662464
0.662464
0.661651
0.658804
0.661244
0.663684
0.662058
0.664904
0.660431
0.658804
0.658398
0.664904
0.664904
0.660838
0.662058
0.664091
0.659211
0.655958
0.654738
0.659618
0.660431
0.662871
0.660838
0.657584
0.662871
0.661244
0.662464
0.664904
0.664904
0.660838
0.657584
0.661651
0.661244
0.662058
0.664091
0.661651
0.660024
0.657178
0.657178
0.662058
0.664498
0.664498
0.662464
0.660431
0.662464
0.664091
0.662871
0.662464
0.662871
0.663278
0.662871
0.662464
0.664904
0.664498
0.666124
0.663684
0.662464
0.661651
0.662871
0.661244
0.660431
0.662464
0.663278
0.664091
0.662871
0.662058
0.665311
0.660838
0.665311
0.661651
0.663278
0.663684
0.662058
0.665311
0.662464
0.664498
0.662464
0.662058
0.666124
0.662871
0.664904
0.661244
0.660431
0.664091
0.664091
0.663278
0.666938
0.663278
0.663684
0.662058
0.663278
0.660838
0.658804
0.662058
0.656364
0.658398
0.662058
0.661651
0.662058
0.658398
0.663278
0.656771
0.656771
0.659211
0.659618
0.662871
0.664904
0.662464
0.665311
0.658398
0.666531
0.665718
0.662464
0.661244
0.661651
0.659618
0.660431
0.658398
0.657178
0.659618
0.659211
0.659211
0.659211
0.657584
0.659618
0.660838
0.660024
0.660838
0.660024
0.660431
0.657991
0.655958
0.660431
0.659211
0.658398
0.657178
0.661244
0.658804
0.652704
0.658398
0.660431
0.659618
0.659618
0.659211
0.653924
0.652704
0.658398
0.661244
0.661651
0.660431
0.662871
0.660024
0.653924
0.653924
0.655551
0.657584
0.660431
0.661244
0.664904
0.664091
0.664091
0.664498
0.660838
0.652298
0.653924
0.658398
0.658398
0.657178
0.655551
0.657584
0.659618
0.663278
0.660024
0.657991
0.660838
0.662871
0.664091
0.663684
0.664498
0.664091
0.662871
0.662058
0.662871
0.662871
0.657991
0.659211
0.660838
0.662058
0.662058
0.664498
0.667751
0.666938
0.665718
0.665311
0.666531
0.665311
0.661244
0.667344
0.667751
0.666124
0.665311
0.666531
0.664498
0.663684
0.661651
0.663278
0.666124
0.665718
0.664904
0.662464
0.657178
0.660431
0.668564
0.664091
0.667751
0.668564
0.664498
0.659618
0.663684
0.662058
0.668158
0.663684
0.665311
0.667344
0.663278
0.658398
0.664904
0.663278
0.665311
0.666938
0.664091
0.663684
0.664904
0.666938
0.662464
0.664498
0.663684
0.662871
0.663278
0.665311
0.664498
0.659211
0.662058
0.661244
0.666124
0.665311
0.665718
0.664498
0.661651
0.661244
0.663278
0.664091
0.663278
0.664498
0.667751
0.663278
0.661244
0.660838
0.660024
0.656771
0.661651
0.663684
0.664091
0.664498
0.660431
0.659211
0.659211
0.664498
0.662871
0.665311
0.662464
0.664904
0.665311
0.664091
0.666938
0.668971
0.666938
0.660431
0.658804
0.663278
0.663684
0.664091
0.664498
0.660838
0.662871
0.662464
0.660838
0.657584
0.658398
0.660024
0.660431
0.658804
0.661651
0.662464
0.661244
0.661244
0.658398
0.657178
0.655958
0.654738
0.662464
0.661651
0.661651
0.662871
0.665718
0.659618
0.658398
0.653111
0.658804
0.665311
0.663278
0.662464
0.666531
0.663278
0.662058
0.654738
0.658804
0.662058
0.662058
0.663684
0.660838
0.660838
0.664904
0.664091
0.664904
0.663684
0.662464
0.661244
0.661244
0.662058
0.660431
0.660431
0.661244
0.661651
0.661651
0.662058
0.661651
0.663684
0.663278
0.661651
0.662058
0.663278
0.661244
0.663278
0.661244
0.663278
0.662871
0.662871
0.662464
0.662058
0.663278
0.657991
0.660838
0.662058
0.659618
0.659618
0.662464
0.666938
0.665311
0.662058
0.664904
0.666124
0.665718
0.664904
0.664091
0.664498
0.662871
0.661651
0.660024
0.660024
0.660838
0.659618
0.663278
0.659211
0.657991
0.658398
0.660024
0.662464
0.662058
0.663684
0.665718
0.663684
0.666124
0.665311
0.662871
0.663684
0.664904
0.663278
0.666531
0.664091
0.663684
0.661244
0.656364
0.657178
0.660431
0.662058
0.661651
0.659618
0.664498
0.663684
0.663278
0.661651
0.655958
0.657178
0.658804
0.665311
0.666124
0.663278
0.662871
0.660838
0.658804
0.657178
0.656771
0.663278
0.664498
0.665311
0.659618
0.658804
0.662058
0.664904
0.664498
0.662058
0.655551
0.655144
0.657178
0.665718
0.667344
0.667344
0.665718
0.662464
0.657991
0.655958
0.658398
0.658804
0.660431
0.663684
0.664904
0.665718
0.661244
0.661651
0.660838
0.662464
0.658804
0.659618
0.663684
0.662058
0.664091
0.663684
0.663278
0.664091
0.664904
0.662058
0.660838
0.664091
0.662464
0.663684
0.664904
0.665311
0.662058
0.660431
0.661244
0.660431
0.661651
0.666938
0.659618
0.663684
0.662464
0.665311
0.663684
0.659211
0.658804
0.657991
0.660024
0.661244
0.661244
0.661651
0.663684
0.661244
0.663278
0.663278
0.662464
0.667751
0.666531
0.665311
0.661244
0.664091
0.666531
0.663684
0.660838
0.664904
0.664904
0.663278
0.661651
0.660024
0.660431
0.660024
0.658398
0.656771
0.660431
0.660838
0.663278
0.666531
0.663684
0.666124
0.665718
0.666124
0.663278
0.661244
0.658804
0.659211
0.659211
0.663278
0.662464
0.660838
0.664091
0.666124
0.660838
0.661651
0.660024
0.660431
0.662871
0.664498
0.664904
0.669378
0.668971
0.668971
0.667344
0.666938
0.666938
0.664498
0.664498
0.662464
0.662464
0.661244
0.661651
0.664498
0.662058
0.661651
0.661651
0.662058
0.661244
0.661651
0.663278
0.661651
0.662058
0.661244
0.661651
0.658804
0.659618
0.662871
0.664904
0.662871
0.658804
0.659211
0.659211
0.657178
0.655958
0.661244
0.660838
0.660024
0.660431
0.662058
0.657991
0.659211
0.654738
0.656771
0.659211
0.664498
0.665718
0.664091
0.659618
0.664498
0.661244
0.659618
0.660838
0.661244
0.660431
0.664091
0.662464
0.657584
0.661244
0.662871
0.666124
0.666124
0.662464
0.660838
0.661651
0.661244
0.668564
0.668158
0.666531
0.666531
0.665718
0.660838
0.661651
0.662058
0.664498
0.666124
0.666938
0.663684
0.660838
0.660431
0.666124
0.663278
0.659618
0.661651
0.660431
0.658398
0.658804
0.660431
0.662058
0.662058
0.659618
0.662058
0.659618
0.656771
0.664498
0.663684
0.665311
0.664904
0.664904
0.664904
0.664091
0.661244
0.661651
0.663278
0.664904
0.658398
0.660431
0.662058
0.662058
0.664091
0.660838
0.660024
0.662464
0.666124
0.661651
0.663278
0.667344
0.665718
0.663684
0.662871
0.655144
0.657178
0.663278
0.664091
0.660838
0.661651
0.663684
0.662464
0.660838
0.661651
0.660431
0.662058
0.664091
0.659618
0.659618
0.662058
0.664498
0.665311
0.661651
0.658804
0.659211
0.654331
0.655958
0.663278
0.660024
0.664904
0.662464
0.663278
0.660024
0.656364
0.656364
0.658804
0.661651
0.660838
0.660024
0.664498
0.660431
0.660024
0.660024
0.660024
0.658804
0.658398
0.660838
0.659618
0.660431
0.657991
0.662871
0.660838
0.660838
0.663278
0.661651
0.664091
0.663278
0.659618
0.660024
0.663684
0.668158
0.665311
0.660838
0.659211
0.660024
0.659211
0.660838
0.664498
0.662058
0.663278
0.660431
0.654738
0.657178
0.657991
0.662058
0.667751
0.668564
0.663684
0.666531
0.665311
0.664904
0.662058
0.663278
0.660838
0.663684
0.666531
0.669378
0.666124
0.668158
0.663684
0.656771
0.658804
0.657991
0.659211
0.666531
0.662871
0.665718
0.665718
0.664498
0.664091
0.664498
0.664904
0.665718
0.665311
0.666531
0.664498
0.667751
0.667751
0.666938
0.662871
0.660431
0.660024
0.660838
0.661244
0.657584
0.662058
0.664904
0.662058
0.661244
0.660024
0.660024
0.660024
0.659618
0.664091
0.663684
0.663684
0.662871
0.661651
0.661244
0.659211
0.662058
0.660838
0.662871
0.668158
0.666124
0.664091
0.665718
0.667344
0.665311
0.664091
0.665718
0.662058
0.664091
0.664091
0.662871
0.665718
0.664904
0.662871
0.662464
0.661244
0.659618
0.662464
0.663684
0.662058
0.662058
0.662058
0.663684
0.662464
0.661651
0.659618
0.662058
0.662464
0.662871
0.664904
0.665311
0.664498
0.662058
0.661244
0.661244
0.664091
0.663684
0.662464
0.661244
0.661651
0.662871
0.661651
0.661244
0.664091
0.664498
0.660024
0.662871
0.664904
0.664498
0.657584
0.659618
0.659618
0.663684
0.661651
0.662058
0.656364
0.657178
0.657991
0.660024
0.660431
0.664091
0.666124
0.666531
0.665311
0.666938
0.662871
0.664904
0.659618
0.665311
0.659211
0.662464
0.663278
0.660838
0.660838
0.660431
0.661651
0.657991
0.660024
0.662871
0.662464
0.658804
0.661244
0.658804
0.658804
0.662464
0.659618
0.659211
0.662464
0.663278
0.662871
0.660431
0.662464
0.660838
0.661651
0.662464
0.665311
0.665311
0.664904
0.664091
0.662058
0.662058
0.660838
0.664904
0.663278
0.661651
0.659618
0.666124
0.664498
0.664498
0.664904
0.661244
0.658804
0.661651
0.662058
0.665311
0.662464
0.662464
0.665718
0.667344
0.664498
0.663278
0.662058
0.661244
0.661651
0.661244
0.664091
0.663684
0.665311
0.662464
0.659618
0.661244
0.663684
0.661651
0.659618
0.660838
0.664904
0.662871
0.664904
0.663278
0.660024
0.661651
0.662464
0.662058
0.662058
0.661651
0.661244
0.664904
0.661651
0.662058
0.662058
0.662058
0.660838
0.663278
0.664904
0.664498
0.663684
0.663684
0.662464
0.660431
0.660024
0.659211
0.660024
0.662058
0.660838
0.660024
0.665311
0.663278
0.662464
0.656364
0.657991
0.661651
0.663684
0.663278
0.663684
0.665718
0.665718
0.665718
0.663278
0.660024
0.661244
0.660024
0.660024
0.660838
0.660024
0.662464
0.663684
0.661651
0.661244
0.662464
0.662871
0.660838
0.663278
0.664091
0.663278
0.662871
0.665718
0.665718
0.664904
0.658398
0.662464
0.662464
0.662871
0.662058
0.663278
0.662464
0.658398
0.661651
0.661651
0.661651
0.662871
0.662871
0.660838
0.661651
0.663684
0.665311
0.663278
0.664904
0.665311
0.660431
0.661651
0.661244
0.661244
0.662464
0.662464
0.661651
0.662464
0.659618
0.662871
0.660838
0.660838
0.660838
0.666938
0.662871
0.662871
0.663278
0.659211
0.661651
0.659618
0.662871
0.661244
0.662871
0.663278
0.665718
0.665718
0.664091
0.661244
0.664091
0.662871
0.662464
0.660024
0.662871
0.666531
0.665718
0.664904
0.664091
0.660431
0.660838
0.662871
0.663684
0.664091
0.664498
0.660838
0.664091
0.663684
0.659618
0.662871
0.659211
0.663278
0.666531
0.666531
0.664904
0.665311
0.664498
0.664091
0.659618
0.659618
0.661244
0.661244
0.658804
0.660838
0.665311
0.666531
0.665311
0.662058
0.658804
0.661244
0.663278
0.664904
0.664498
0.664498
0.662464
0.664091
0.665718
0.662871
0.661244
0.660838
0.663278
0.661244
0.660838
0.664904
0.662464
0.660838
0.662058
0.660024
0.657584
0.660024
0.662058
0.663278
0.666531
0.662871
0.667751
0.660838
0.659211
0.661651
0.662058
0.664904
0.662871
0.662871
0.663684
0.666531
0.664904
0.664498
0.658804
0.660431
0.659211
0.662871
0.663684
0.663684
0.663278
0.665311
0.663278
0.664091
0.659211
0.660838
0.661651
0.661244
0.664091
0.661651
0.662871
0.662058
0.663684
0.662058
0.661244
0.664904
0.664904
0.662871
0.666938
0.665311
0.665718
0.664091
0.659211
0.658398
0.662058
0.664498
0.662058
0.664091
0.663684
0.663278
0.662058
0.662464
0.660431
0.657991
0.659618
0.663684
0.661244
0.662871
0.661244
0.662464
0.662464
0.664904
0.661244
0.660024
0.659618
0.665311
0.661244
0.662058
0.666531
0.661651
0.661244
0.658804
0.660838
0.662058
0.660431
0.660024
0.657991
0.663684
0.665311
0.665718
0.663684
0.661244
0.659211
0.660431
0.661244
0.664904
0.663278
0.664498
0.662871
0.662058
0.662058
0.659211
0.659618
0.664091
0.665311
0.667344
0.665311
0.666531
0.666938
0.664904
0.662871
0.660024
0.659618
0.664091
0.663278
0.662058
0.661244
0.664904
0.664091
0.660838
0.665311
0.663684
0.662871
0.667751
0.664498
0.665311
0.670598
0.668564
0.666124
0.660838
0.660431
0.660838
0.662871
0.661651
0.662464
0.661651
0.663684
0.666124
0.665718
0.664498
0.665311
0.659618
0.664498
0.664498
0.664904
0.665718
0.666938
0.667344
0.664498
0.662871
0.663684
0.662464
0.664091
0.664904
0.664091
0.663684
0.665311
0.662871
0.660838
0.664904
0.664091
0.662871
0.660024
0.660024
0.659618
0.663278
0.661244
0.660024
0.660024
0.658398
0.659618
0.658804
0.660838
0.660024
0.660431
0.661651
0.661244
0.662464
0.662058
0.662464
0.664091
0.660024
0.660024
0.660431
0.664091
0.667344
0.666124
0.664091
0.664904
0.664904
0.664091
0.666124
0.663684
0.661244
0.663278
0.662464
0.661651
0.662464
0.661651
0.663278
0.665311
0.663684
0.662464
0.664498
0.668158
0.666531
0.666938
0.664091
0.663684
0.666938
0.665311
0.666938
0.664091
0.664904
0.664091
0.658398
0.656364
0.659211
0.659618
0.660838
0.662058
0.661651
0.662058
0.662871
0.665718
0.662464
0.663684
0.665718
0.662871
0.662871
0.664904
0.665718
0.664091
0.665718
0.665718
0.663684
0.662871
0.664498
0.663278
0.663278
0.665311
0.662464
0.666531
0.667751
0.667344
0.666124
0.664498
0.663278
0.666531
0.666938
0.662871
0.664498
0.663684
0.664091
0.662058
0.664498
0.664904
0.665718
0.666531
0.662058
0.663278
0.664904
0.669784
0.667751
0.667344
0.662464
0.663684
0.664091
0.662464
0.664091
0.664091
0.662464
0.662464
0.661651
0.664498
0.664498
0.664498
0.664091
0.663278
0.659211
0.658804
0.661651
0.665311
0.662871
0.668971
0.665718
0.660838
0.660024
0.662464
0.662058
0.667751
0.669378
0.668971
0.662058
0.662464
0.665718
0.663684
0.663684
0.664904
0.662058
0.662058
0.661651
0.663278
0.664498
0.663278
0.660838
0.664498
0.660838
0.663278
0.662464
0.664498
0.667751
0.665718
0.663278
0.663684
0.668564
0.665718
0.668564
0.664904
0.663684
0.662871
0.661244
0.663684
0.664091
0.662871
0.664498
0.664498
0.662464
0.666938
0.668971
0.669378
0.669784
0.669784
0.665311
0.664498
0.666531
0.666124
0.664498
0.663684
0.664091
0.658398
0.660838
0.660838
0.661244
0.662464
0.665718
0.665311
0.663684
0.664904
0.666938
0.665718
0.667344
0.664498
0.666938
0.667344
0.668158
0.665311
0.665718
0.666531
0.666531
0.667751
0.665718
0.661244
0.667751
0.664091
0.665718
0.666938
0.669378
0.668564
0.660838
0.662464
0.664498
0.662058
0.664091
0.663278
0.663684
0.663278
0.664498
0.666124
0.663684
0.662464
0.662871
0.668564
0.667751
0.667751
0.670598
0.668158
0.668158
0.666124
0.661651
0.660024
0.662464
0.660024
0.660838
0.660024
0.659618
0.661244
0.657584
0.660024
0.662871
0.662464
0.661651
0.663684
0.666124
0.661244
0.663278
0.663278
0.663684
0.662871
0.662464
0.662058
0.664091
0.667751
0.666124
0.666531
0.667344
0.671411
0.662464
0.660838
0.662871
0.664498
0.666938
0.667344
0.666124
0.666124
0.671411
0.668158
0.662871
0.659618
0.662871
0.660838
0.667751
0.667344
0.667751
0.666938
0.666938
0.668158
0.667344
0.664091
0.664091
0.670598
0.666531
0.671411
0.664091
