0.562830
0.570557
0.575437
0.575844
0.576657
0.581131
0.582351
0.585197
0.589264
0.589671
0.589264
0.588857
0.589671
0.590077
0.589264
0.587231
0.586417
0.584384
0.583571
0.583977
0.583164
0.582757
0.583164
0.581537
0.575031
0.572590
0.568930
0.566084
0.566897
0.569337
0.592517
0.592111
0.591704
0.588451
0.597397
0.601057
0.600244
0.602277
0.594551
0.596991
0.595364
0.601464
0.601057
0.595771
0.597397
0.599837
0.593737
0.592924
0.592924
0.598211
0.596177
0.597804
0.597804
0.599024
0.597397
0.596991
0.596584
0.598211
0.600651
0.601464
0.601464
0.599431
0.599431
0.600244
0.602277
0.603091
0.609191
0.605124
0.604311
0.603904
0.606344
0.605937
0.601057
0.601871
0.602277
0.603497
0.607157
0.605937
0.602277
0.605531
0.606344
0.604717
0.610817
0.606344
0.605937
0.607971
0.610817
0.612444
0.612444
0.611224
0.613664
0.610411
0.609597
0.609597
0.615697
0.614884
0.612037
0.612444
0.617324
0.622204
0.617731
0.612444
0.612851
0.618951
0.621797
0.619357
0.614884
0.616917
0.623831
0.624644
0.623424
0.620577
0.619764
0.624237
0.627491
0.624237
0.620984
0.622611
0.622611
0.627491
0.625864
0.619764
0.619764
0.621797
0.627491
0.629931
0.625864
0.625864
0.626271
0.625864
0.629524
0.627491
0.626271
0.629931
0.632371
0.632371
0.629524
0.629524
0.628711
0.633184
0.632371
0.632371
0.632778
0.628711
0.629931
0.630744
0.630744
0.629524
0.631151
0.634811
0.633184
0.634404
0.628711
0.634811
0.635218
0.634404
0.633591
0.631151
0.633998
0.639691
0.636844
0.634404
0.635218
0.633591
0.635218
0.636031
0.632371
0.635218
0.638471
0.639284
0.638878
0.635218
0.635624
0.638471
0.637251
0.636844
0.635218
0.638878
0.639284
0.637658
0.639284
0.638471
0.638471
0.634811
0.636031
0.634811
0.640504
0.639284
0.638064
0.636844
0.637658
0.642538
0.640911
0.636844
0.638471
0.644164
0.640911
0.639691
0.641724
0.643351
0.641318
0.642944
0.640911
0.642538
0.642131
0.640504
0.642944
0.640098
0.640504
0.640911
0.640504
0.643758
0.642944
0.642538
0.645384
0.641724
0.643758
0.640098
0.641318
0.640911
0.643351
0.643351
0.643758
0.644978
0.644571
0.641318
0.644164
0.642538
0.642538
0.642538
0.643758
0.643351
0.647011
0.645791
0.646604
0.645791
0.643758
0.641724
0.641724
0.643758
0.643351
0.644571
0.646198
0.645791
0.645384
0.644571
0.644978
0.645791
0.644571
0.644571
0.645791
0.647418
0.646198
0.646604
0.646604
0.644571
0.645384
0.645791
0.644571
0.644978
0.643758
0.644571
0.649451
0.647824
0.644164
0.645384
0.643758
0.645791
0.647418
0.647824
0.647418
0.649044
0.649451
0.648231
0.646604
0.645384
0.644978
0.646604
0.649858
0.647011
0.647011
0.649451
0.647011
0.647418
0.644978
0.644978
0.646604
0.648231
0.648231
0.648638
0.649858
0.649044
0.648231
0.648638
0.648231
0.649451
0.649858
0.649858
0.649451
0.649451
0.649451
0.650671
0.651891
0.649858
0.649451
0.649044
0.648638
0.649044
0.649044
0.649044
0.651078
0.651891
0.651484
0.648638
0.649044
0.648638
0.648638
0.649044
0.652704
0.651891
0.652298
0.649858
0.648638
0.649044
0.649858
0.653518
0.652298
0.652298
0.653518
0.653111
0.652704
0.651891
0.649858
0.649858
0.650671
0.653111
0.653111
0.652298
0.653924
0.652298
0.651891
0.647824
0.647824
0.653111
0.654331
0.652298
0.651891
0.654738
0.653111
0.652298
0.653924
0.652704
0.653518
0.654738
0.653111
0.655551
0.654738
0.651484
0.650671
0.650671
0.650264
0.650264
0.653518
0.653111
0.653924
0.653111
0.651891
0.651078
0.652298
0.651078
0.649858
0.649451
0.649044
0.651484
0.654331
0.657178
0.651078
0.650264
0.650264
0.651078
0.650671
0.650264
0.655551
0.652298
0.652704
0.657991
0.649858
0.649044
0.649858
0.649451
0.651078
0.655144
0.651484
0.655551
0.651891
0.649044
0.650264
0.648231
0.653924
0.655144
0.651891
0.650264
0.654331
0.651891
0.649451
0.651078
0.649858
0.650671
0.653111
0.653924
0.656364
0.656364
0.657584
0.655551
0.654331
0.651078
0.651078
0.651484
0.653518
0.656364
0.655958
0.656771
0.656771
0.656364
0.652298
0.650671
0.650671
0.652298
0.653111
0.657584
0.655958
0.654738
0.654738
0.657991
0.651484
0.650671
0.651891
0.652298
0.655551
0.655551
0.651891
0.652298
0.656364
0.650671
0.652704
0.653111
0.652704
0.653111
0.655551
0.652704
0.650671
0.655144
0.654738
0.652298
0.651078
0.651078
0.651891
0.650671
0.657178
0.653111
0.653924
0.653518
0.655551
0.651891
0.651484
0.651484
0.650671
0.653111
0.653924
0.654331
0.654738
0.654331
0.653518
0.653518
0.652298
0.652298
0.650671
0.653924
0.653924
0.652704
0.652704
0.654738
0.652704
0.653518
0.651891
0.655144
0.652298
0.653111
0.656771
0.651891
0.652704
0.653111
0.656771
0.653924
0.653111
0.654331
0.653924
0.653111
0.657584
0.655958
0.650671
0.651078
0.653924
0.653518
0.653518
0.653924
0.655144
0.654331
0.652704
0.654738
0.651078
0.651078
0.655144
0.653518
0.652704
0.653518
0.654738
0.652704
0.651484
0.653518
0.655958
0.655958
0.653518
0.650671
0.652298
0.650264
0.651484
0.650264
0.654331
0.655958
0.655144
0.654331
0.652704
0.652298
0.650671
0.650671
0.651484
0.653518
0.654738
0.654738
0.654738
0.650671
0.652704
0.651484
0.653518
0.649858
0.653924
0.656364
0.655958
0.655958
0.653924
0.652704
0.651891
0.652704
0.651078
0.651891
0.656364
0.656364
0.655144
0.655958
0.651078
0.654331
0.653111
0.653518
0.652298
0.652704
0.655958
0.658398
0.658398
0.658398
0.651078
0.651891
0.654738
0.654331
0.652704
0.652298
0.657584
0.657584
0.657991
0.657584
0.650671
0.652704
0.653518
0.653924
0.651891
0.652704
0.653111
0.657584
0.657991
0.655958
0.652298
0.653924
0.655958
0.653924
0.655144
0.654738
0.658804
0.659211
0.656364
0.654331
0.656364
0.655958
0.655144
0.657178
0.657178
0.658398
0.658398
0.657584
0.655551
0.656364
0.658398
0.657991
0.653518
0.653924
0.657584
0.655958
0.658398
0.653924
0.654738
0.655958
0.655144
0.656364
0.655144
0.655958
0.656364
0.655958
0.653924
0.655551
0.655551
0.655958
0.655144
0.655551
0.654738
0.657991
0.657991
0.657584
0.655958
0.655958
0.654738
0.654738
0.653924
0.656364
0.657991
0.656771
0.655551
0.657178
0.653111
0.656364
0.654331
0.655144
0.654738
0.655144
0.657178
0.653111
0.655144
0.656364
0.657991
0.655551
0.655958
0.655144
0.655958
0.656771
0.655551
0.652704
0.658398
0.655144
0.657991
0.655958
0.655144
0.655551
0.656771
0.657178
0.655144
0.654331
0.657584
0.657991
0.656364
0.654738
0.653924
0.654738
0.655551
0.657178
0.655958
0.657178
0.655958
0.655551
0.657584
0.656364
0.655958
0.656364
0.655551
0.657991
0.656364
0.657178
0.657178
0.656771
0.655958
0.657991
0.657178
0.656364
0.658804
0.656364
0.656771
0.658398
0.657178
0.656364
0.657991
0.657991
0.655551
0.656364
0.658804
0.656364
0.658804
0.658398
0.656771
0.655958
0.657584
0.657584
0.656771
0.655958
0.659211
0.657584
0.660431
0.658398
0.655551
0.654738
0.656364
0.655958
0.655958
0.655551
0.657991
0.658804
0.658804
0.657991
0.657991
0.655144
0.657991
0.658398
0.655551
0.654738
0.659211
0.657178
0.659211
0.656364
0.655551
0.657991
0.657178
0.656771
0.656364
0.656771
0.655551
0.659211
0.658804
0.654738
0.655551
0.657178
0.657178
0.655551
0.658804
0.658398
0.659618
0.659211
0.657178
0.656771
0.660024
0.659618
0.657178
0.654738
0.657991
0.657991
0.658804
0.658398
0.657991
0.656364
0.658398
0.658804
0.657584
0.655958
0.658398
0.657178
0.657178
0.656771
0.657991
0.657584
0.657584
0.657991
0.656771
0.657178
0.658804
0.657991
0.658804
0.657584
0.657178
0.658398
0.660431
0.658398
0.658804
0.658398
0.659618
0.657178
0.657991
0.658398
0.658398
0.657991
0.657178
0.657991
0.657991
0.659211
0.657991
0.657991
0.657584
0.656364
0.656364
0.655144
0.656364
0.659211
0.658398
0.657584
0.657178
0.655958
0.655551
0.655958
0.656771
0.656364
0.657584
0.657584
0.658804
0.658804
0.656364
0.656771
0.656771
0.656364
0.657584
0.657991
0.656771
0.655958
0.660838
0.657178
0.660431
0.657584
0.657178
0.658804
0.657584
0.660431
0.656771
0.657584
0.662058
0.660024
0.656771
0.659211
0.659211
0.656364
0.659618
0.659618
0.662058
0.657178
0.659618
0.659618
0.660024
0.657991
0.657584
0.657584
0.657178
0.662058
0.659211
0.655551
0.657178
0.655958
0.659211
0.659618
0.657991
0.657178
0.657991
0.656364
0.660431
0.659618
0.660838
0.660024
0.660431
0.658398
0.658398
0.657178
0.656771
0.658398
0.661244
0.657991
0.660024
0.658398
0.659618
0.658398
0.657991
0.657991
0.659618
0.656771
0.658804
0.657178
0.659618
0.660024
0.657991
0.658804
0.659618
0.657584
0.660431
0.658804
0.660431
0.656771
0.659211
0.660024
0.657584
0.660024
0.659618
0.660431
0.661244
0.658804
0.660838
0.658804
0.658398
0.657991
0.658398
0.659618
0.658398
0.658398
0.657991
0.656771
0.657178
0.658804
0.658398
0.657178
0.657584
0.658804
0.658398
0.657991
0.657991
0.658804
0.657991
0.656771
0.658804
0.658398
0.659618
0.658804
0.657991
0.659618
0.657991
0.660024
0.656364
0.658398
0.657584
0.657991
0.657178
0.657584
0.659211
0.658398
0.658398
0.657178
0.659211
0.659211
0.658398
0.660024
0.657991
0.658804
0.659211
0.656364
0.658398
0.656771
0.657178
0.658398
0.658398
0.658398
0.658398
0.657991
0.661244
0.658804
0.661651
0.657991
0.658804
0.658804
0.659618
0.659618
0.657991
0.660024
0.661244
0.658804
0.661651
0.657584
0.658398
0.659211
0.658804
0.659618
0.657178
0.660838
0.660431
0.657178
0.658804
0.657991
0.658398
0.657991
0.658398
0.657178
0.657178
0.659211
0.660431
0.657991
0.656771
0.658804
0.657991
0.657991
0.659211
0.660838
0.662058
0.662464
0.659211
0.657178
0.659211
0.657178
0.660431
0.658398
0.659618
0.660431
0.659211
0.660431
0.660431
0.658398
0.659211
0.658804
0.658398
0.660024
0.657991
0.660431
0.657991
0.657991
0.656771
0.658398
0.657991
0.659211
0.660431
0.660431
0.657178
0.656771
0.658804
0.657991
0.659618
0.659618
0.659618
0.660838
0.660431
0.656364
0.657584
0.657991
0.656771
0.660024
0.660431
0.660431
0.659211
0.658398
0.657991
0.657991
0.657584
0.658804
0.657178
0.658398
0.658804
0.657584
0.657178
0.658398
0.656771
0.657991
0.657584
0.656771
0.654738
0.658398
0.658804
0.657991
0.657584
0.657178
0.656771
0.657991
0.658804
0.658398
0.658804
0.657584
0.658398
0.657991
0.657991
0.659211
0.657178
0.657991
0.657178
0.658398
0.658398
0.657991
0.657178
0.658804
0.659211
0.656771
0.657178
0.659211
0.658804
0.659211
0.657178
0.657178
0.657584
0.657178
0.657178
0.655958
0.655958
0.658804
0.658804
0.656771
0.657584
0.656364
0.656364
0.657584
0.658804
0.656771
0.657991
0.656771
0.657178
0.656364
0.659211
0.656771
0.657178
0.657178
0.657584
0.657178
0.657584
0.657991
0.656364
0.657178
0.658398
0.658398
0.659211
0.659211
0.659618
0.658804
0.657584
0.658398
0.659211
0.659618
0.660024
0.659618
0.658804
0.657584
0.658804
0.661244
0.656771
0.659211
0.658398
0.656771
0.660024
0.657584
0.660838
0.657991
0.657178
0.657991
0.659211
0.662464
0.659211
0.658398
0.656771
0.658398
0.655958
0.657991
0.661651
0.658804
0.659211
0.657178
0.657178
0.656771
0.656771
0.656771
0.658398
0.659211
0.657178
0.658398
0.657991
0.657178
0.659211
0.658398
0.658804
0.660024
0.658804
0.657178
0.656771
0.657584
0.660024
0.657991
0.657584
0.657584
0.657584
0.659618
0.660431
0.660024
0.660431
0.660838
0.657991
0.659618
0.657584
0.659211
0.657178
0.657178
0.661651
0.661244
0.661244
0.661244
0.657991
0.658804
0.660431
0.659618
0.658398
0.658398
0.660838
0.659211
0.660838
0.657991
0.658398
0.659211
0.659211
0.660024
0.659618
0.659618
0.659211
0.659211
0.659211
0.658804
0.659211
0.659618
0.660024
0.661244
0.660024
0.660024
0.657584
0.657991
0.660024
0.657991
0.659211
0.660024
0.657991
0.657584
0.658398
0.659211
0.659618
0.657991
0.660024
0.660431
0.658398
0.658804
0.659211
0.656364
0.656771
0.657991
0.660431
0.661244
0.659618
0.658398
0.658398
0.657584
0.657584
0.656771
0.659211
0.660838
0.658804
0.657178
0.658398
0.657178
0.657178
0.657991
0.656771
0.655144
0.660838
0.660431
0.659211
0.657584
0.657178
0.658804
0.658398
0.657584
0.655144
0.656771
0.661244
0.659618
0.660431
0.659211
0.656771
0.657584
0.657991
0.657178
0.656771
0.657584
0.660431
0.660838
0.658804
0.657991
0.656771
0.657584
0.657584
0.658398
0.657178
0.661651
0.660838
0.660838
0.657584
0.656771
0.655958
0.659211
0.656771
0.657584
0.658398
0.659618
0.658804
0.659618
0.658804
0.656771
0.659618
0.660431
0.660838
0.659211
0.658398
0.660024
0.660024
0.659211
0.657991
0.656771
0.659211
0.660024
0.656771
0.657584
0.658804
0.658804
0.658398
0.660431
0.656364
0.656771
0.658398
0.660024
0.658398
0.657584
0.657178
0.658804
0.660431
0.660838
0.657584
0.657584
0.657178
0.657584
0.656364
0.656771
0.658804
0.656771
0.656364
0.656364
0.656771
0.655958
0.655551
0.656771
0.659618
0.660024
0.659618
0.657584
0.656364
0.656771
0.655958
0.656364
0.657991
0.656364
0.660431
0.659211
0.656771
0.656364
0.655958
0.655551
0.655551
0.655551
0.658398
0.658398
0.658398
0.657178
0.655551
0.656771
0.657178
0.656364
0.656364
0.655958
0.658804
0.659211
0.659618
0.655958
0.657178
0.657584
0.657178
0.656771
0.657178
0.656364
0.658398
0.658804
0.657991
0.657178
0.656364
0.657991
0.658398
0.657584
0.655958
0.657178
0.660024
0.658804
0.656771
0.657178
0.656364
0.655958
0.656771
0.655958
0.657584
0.659211
0.659618
0.660838
0.655958
0.655958
0.657991
0.657991
0.658398
0.657584
0.660838
0.658398
0.659618
0.660024
0.658398
0.656771
0.657991
0.656771
0.657178
0.657178
0.659618
0.660431
0.659211
0.658398
0.657584
0.657584
0.657584
0.657584
0.655958
0.658804
0.660024
0.658398
0.658398
0.658804
0.656364
0.655144
0.656771
0.657178
0.655958
0.656364
0.658804
0.657178
0.659618
0.658398
0.657178
0.656364
0.655958
0.656364
0.655144
0.657178
0.660024
0.657991
0.658804
0.658804
0.656771
0.657584
0.657178
0.657584
0.656364
0.656364
0.659211
0.659618
0.658804
0.659618
0.655958
0.657178
0.657991
0.657991
0.656771
0.657584
0.659618
0.659618
0.660024
0.658804
0.657178
0.657178
0.658804
0.658398
0.658398
0.657584
0.660838
0.660838
0.659618
0.657991
0.657178
0.659211
0.660431
0.658398
0.661244
0.660024
0.661651
0.661244
0.657991
0.657178
0.657991
0.659211
0.659618
0.658398
0.657991
0.657991
0.658398
0.656771
0.656364
0.657584
0.657584
0.657178
0.655144
0.654738
0.656364
0.655144
0.654331
0.655551
0.655551
0.657178
0.657584
0.657991
0.657178
0.656771
0.656771
0.655551
0.658804
0.657178
0.657584
0.657584
0.656364
0.657178
0.660838
0.659618
0.656771
0.657991
0.657178
0.657178
0.659211
0.658398
0.657584
0.660431
0.660024
0.659618
0.659618
0.658804
0.657178
0.656364
0.657584
0.656771
0.657584
0.657991
0.660024
0.659618
0.660024
0.655551
0.657178
0.657178
0.659211
0.656364
0.657178
0.659618
0.659211
0.659618
0.658804
0.659211
0.657178
0.657584
0.659618
0.659618
0.657178
0.657584
0.659618
0.660024
0.660838
0.661651
0.655958
0.656771
0.657991
0.656364
0.657584
0.657991
0.661244
0.660024
0.659211
0.658398
0.657584
0.658804
0.657991
0.657584
0.661651
0.662464
0.659618
0.658804
0.659618
0.658804
0.657991
0.656771
0.657991
0.660024
0.660838
0.661244
0.662058
0.657178
0.659618
0.658804
0.659211
0.659618
0.657991
0.657991
0.659618
0.659211
0.657991
0.657584
0.655551
0.656364
0.656364
0.656771
0.655958
0.660024
0.660431
0.659618
0.656771
0.655958
0.655551
0.655551
0.655144
0.655958
0.659211
0.660024
0.662058
0.657584
0.656364
0.655958
0.656364
0.655958
0.655958
0.659211
0.661651
0.661651
0.657178
0.658804
0.657991
0.656771
0.655144
0.656771
0.656364
0.659211
0.660838
0.661244
0.655958
0.656364
0.657178
0.657584
0.656364
0.655958
0.659618
0.660431
0.658804
0.655958
0.657178
0.656364
0.655551
0.656771
0.656364
0.655551
0.655958
0.658804
0.659211
0.655958
0.657584
0.656771
0.655144
0.655958
0.656364
0.657584
0.657178
0.660024
0.658398
0.657991
0.657991
0.656364
0.655958
0.655551
0.657178
0.659618
0.660838
0.659618
0.658804
0.656771
0.656771
0.656771
0.656771
0.655551
0.655958
0.659618
0.660431
0.660431
0.655958
0.657991
0.657178
0.657178
0.656364
0.657178
0.659211
0.661244
0.660024
0.660431
0.658398
0.656364
0.656364
0.655144
0.657178
0.657178
0.660431
0.659211
0.659618
0.660024
0.657991
0.657178
0.657178
0.659211
0.656771
0.657991
0.660838
0.660024
0.658398
0.660024
0.657178
0.658398
0.658804
0.657178
0.657584
0.655958
0.660431
0.659618
0.659211
0.656771
0.658804
0.657991
0.658804
0.659211
0.657584
0.657178
0.658804
0.658804
0.660024
0.658398
0.656364
0.659211
0.657178
0.657991
0.657991
0.662058
0.659618
0.660024
0.662058
0.658804
0.656771
0.657178
0.657991
0.659618
0.658398
0.658398
0.659211
0.659211
0.660024
0.659618
0.657991
0.660024
0.657178
0.659211
0.656364
0.660431
0.659618
0.660431
0.660024
0.657584
0.658398
0.659211
0.658804
0.660431
0.657584
0.662058
0.659618
0.659618
0.662871
0.657991
0.657991
0.658804
0.658804
0.661244
0.657991
0.660838
0.661244
0.662464
0.661651
0.658398
0.660431
0.661244
0.658804
0.657991
0.658804
0.661244
0.661651
0.659211
0.655958
0.658398
0.657178
0.656771
0.657584
0.655144
0.658398
0.660431
0.660024
0.658804
0.655958
0.656364
0.656771
0.656771
0.655958
0.658398
0.661651
0.662058
0.659211
0.655144
0.657584
0.661244
0.659618
0.656771
0.655958
0.661244
0.661651
0.662058
0.658398
0.658804
0.658398
0.659618
0.658398
0.655958
0.661244
0.662464
0.662464
0.659618
0.656771
0.658398
0.660838
0.660024
0.658804
0.657991
0.658804
0.661244
0.660431
0.659211
0.657584
0.660024
0.660024
0.659618
0.656364
0.656771
0.662464
0.661651
0.662464
0.659211
0.656771
0.659618
0.659211
0.659211
0.657584
0.662058
0.660024
0.661651
0.660431
0.656771
0.657178
0.657178
0.656364
0.658398
0.659618
0.660431
0.659618
0.660838
0.657991
0.657178
0.656771
0.656771
0.657991
0.655958
0.660024
0.659618
0.657584
0.655551
0.656364
0.656771
0.657178
0.656771
0.656364
0.657178
0.660431
0.661244
0.660838
0.657584
0.657178
0.659618
0.659618
0.657584
0.657584
0.660838
0.662058
0.660431
0.657584
0.657584
0.658398
0.659618
0.659211
0.660024
0.659618
0.661651
0.660431
0.659211
0.657991
0.658398
0.659618
0.659618
0.657584
0.659618
0.659618
0.659211
0.657178
0.656771
0.657991
0.658804
0.658398
0.657178
0.655958
0.660838
0.659211
0.661244
0.657584
0.657178
0.658398
0.657584
0.658398
0.655551
0.660024
0.662871
0.661244
0.659618
0.656364
0.659211
0.657178
0.656771
0.656771
0.655958
0.657991
0.662464
0.660431
0.658398
0.653924
0.656771
0.657178
0.655958
0.657178
0.654738
0.658398
0.662464
0.662464
0.659618
0.658804
0.657584
0.658804
0.657991
0.658398
0.657178
0.660431
0.660838
0.660024
0.660024
0.658398
0.656771
0.657991
0.655144
0.656771
0.657178
0.660838
0.661244
0.661244
0.662464
0.658398
0.655958
0.657584
0.656364
0.657178
0.660431
0.664091
0.662058
0.663684
0.659211
0.657178
0.655551
0.656364
0.656364
0.657178
0.657991
0.661651
0.662058
0.662058
0.659618
0.655958
0.655958
0.658804
0.655958
0.656771
0.658398
0.660838
0.660838
0.660431
0.657991
0.657178
0.658398
0.659211
0.658804
0.656771
0.658804
0.662058
0.661651
0.661651
0.657178
0.658398
0.660024
0.659211
0.657178
0.656364
0.659211
0.660838
0.660024
0.658804
0.657178
0.658804
0.658398
0.656364
0.657178
0.659211
0.660024
0.660431
0.658398
0.657991
0.657584
0.657584
0.658398
0.657991
0.659211
0.658804
0.658804
0.661651
0.658398
0.658804
0.657991
0.660024
0.660024
0.658804
0.660024
0.662058
0.661244
0.660431
0.659211
0.659618
0.658398
0.657991
0.656364
0.659211
0.662871
0.663278
0.662464
0.658804
0.657991
0.656771
0.657178
0.658804
0.657178
0.661244
0.661651
0.661651
0.660024
0.658398
0.658398
0.659211
0.659618
0.657991
0.657991
0.659618
0.660024
0.660024
0.659618
0.657991
0.658398
0.657584
0.658804
0.657991
0.657584
0.663684
0.662464
0.663278
0.656364
0.658804
0.657584
0.660431
0.658804
0.656771
0.663278
0.662871
0.663278
0.658804
0.657584
0.660024
0.658804
0.660024
0.658398
0.658398
0.660838
0.661651
0.660838
0.659618
0.657991
0.659618
0.660431
0.659618
0.657584
0.659618
0.662058
0.661651
0.657991
0.658804
0.659618
0.659618
0.660024
0.659211
0.658398
0.661244
0.663278
0.663684
0.662058
0.657991
0.660431
0.659618
0.660024
0.658804
0.658804
0.661244
0.660431
0.660431
0.658804
0.657584
0.657991
0.658804
0.657991
0.658398
0.661651
0.660838
0.659618
0.657178
0.656771
0.657584
0.655958
0.657584
0.657178
0.659618
0.660838
0.659618
0.657178
0.658398
0.657178
0.657178
0.656771
0.657991
0.656771
0.659211
0.661244
0.660838
0.658804
0.659211
0.658398
0.658398
0.659618
0.657991
0.656364
0.660431
0.661651
0.660024
0.658804
0.657991
0.659211
0.657178
0.660431
0.657584
0.658804
0.660838
0.659211
0.658804
0.657584
0.657178
0.659211
0.659211
0.659618
0.657584
0.660431
0.662058
0.660024
0.659211
0.656364
0.658398
0.658804
0.658398
0.655958
0.660024
0.659211
0.661244
0.658398
0.657178
0.657991
0.657991
0.658398
0.657991
0.657178
0.657991
0.659618
0.659618
0.658398
0.657991
0.657991
0.657991
0.658398
0.657991
0.656771
0.661651
0.662464
0.662058
0.660431
0.657178
0.658398
0.657584
0.658398
0.655958
0.660024
0.662871
0.662871
0.660024
0.659618
0.657584
0.659618
0.660024
0.659618
0.660024
0.658398
0.659618
0.660431
0.658398
0.657178
0.655958
0.658804
0.658804
0.657178
0.658398
0.659618
0.657178
0.656771
0.657178
0.656771
0.657178
0.658398
0.658398
0.656771
0.660024
0.660838
0.657991
0.657584
0.657991
0.659211
0.658804
0.658804
0.657178
0.661651
0.661651
0.660024
0.657178
0.655144
0.657991
0.658804
0.658398
0.655551
0.661244
0.661651
0.660431
0.659211
0.656364
0.658398
0.659618
0.658804
0.657991
0.658398
0.660431
0.662464
0.659211
0.657178
0.659618
0.658804
0.657991
0.658804
0.656771
0.657584
0.659618
0.658804
0.658398
0.657991
0.657991
0.657991
0.658804
0.657178
0.658398
0.660431
0.661244
0.662058
0.660838
0.661244
0.658398
0.659211
0.657584
0.657584
0.659211
0.660431
0.663278
0.663684
0.662464
0.659211
0.657991
0.658398
0.657991
0.658804
0.659211
0.662871
0.663278
0.660024
0.659211
0.657991
0.660024
0.658398
0.659211
0.657991
0.660838
0.663684
0.662464
0.660431
0.657991
0.656771
0.657584
0.656771
0.657178
0.658398
0.657991
0.659618
0.659618
0.657991
0.657584
0.657584
0.658398
0.657178
0.657991
0.657991
0.658804
0.661651
0.660024
0.657584
0.657178
0.657991
0.657584
0.657991
0.659211
0.660024
0.662058
0.662058
0.660024
0.655958
0.657991
0.655551
0.656364
0.657584
0.657584
0.657991
0.660431
0.663684
0.661244
0.658804
0.658398
0.657991
0.657991
0.658804
0.658804
0.660431
0.662464
0.664091
0.663278
0.660838
0.658804
0.660838
0.658804
0.658804
0.657991
0.662058
0.662871
0.663684
0.661244
0.658398
0.657178
0.655958
0.656771
0.658398
0.655958
0.658398
0.663278
0.663278
0.658398
0.655551
0.658398
0.656364
0.657178
0.658804
0.656364
0.659618
0.663684
0.663684
0.660024
0.659618
0.659211
0.657178
0.658804
0.658804
0.657991
0.661244
0.661244
0.662058
0.658804
0.656771
0.657584
0.658804
0.657991
0.655958
0.657584
0.658398
0.657178
0.656771
0.656364
0.658398
0.657178
0.656771
0.658398
0.658398
0.658398
0.658804
0.657178
0.657584
0.656771
0.657584
0.657178
0.656771
0.660024
0.663684
0.664091
0.662058
0.659618
0.657178
0.657584
0.656364
0.660431
0.657178
0.660431
0.662464
0.661244
0.660024
0.656364
0.657584
0.658398
0.657178
0.655958
0.660024
0.660024
0.660024
0.659211
0.655958
0.657991
0.657991
0.656771
0.658398
0.658398
0.660431
0.660024
0.660024
0.657178
0.657991
0.657584
0.656771
0.657178
0.655958
0.657584
0.660024
0.660431
0.660024
0.660431
0.655551
0.658804
0.657991
0.657584
0.658398
0.660024
0.663278
0.664091
0.662464
0.658398
0.658804
0.657178
0.658398
0.658804
0.657991
0.663684
0.663278
0.662464
0.664904
0.658804
0.660024
0.657584
0.660431
0.659618
0.657178
0.662464
0.661651
0.660024
0.657991
0.655958
0.657991
0.657584
0.659618
0.655551
0.660838
0.661244
0.660024
0.661244
0.657178
0.658804
0.657991
0.657584
0.658804
0.657584
0.660838
0.663684
0.664904
0.660838
0.658398
0.657584
0.658398
0.658804
0.659211
0.656771
0.661244
0.664091
0.662871
0.661244
0.657991
0.657991
0.656771
0.659211
0.656771
0.662058
0.662871
0.664091
0.662058
0.657178
0.660024
0.660024
0.660431
0.658804
0.657991
0.663684
0.663278
0.664091
0.660838
0.657991
0.660431
0.659618
0.659618
0.657991
0.659618
0.663684
0.663278
0.657991
0.658804
0.659618
0.659211
0.659211
0.657991
0.658398
0.658398
0.659211
0.659618
0.660431
0.657178
0.660431
0.659211
0.659211
0.657991
0.657991
0.661651
0.660024
0.658398
0.656771
0.659618
0.658804
0.657991
0.659211
0.656771
0.662058
0.661651
0.662058
0.660024
0.657991
0.657991
0.658398
0.659211
0.657991
0.660024
0.663278
0.662871
0.663278
0.662464
0.657584
0.657991
0.659211
0.657991
0.658804
0.662464
0.662871
0.662871
0.661651
0.660431
0.657584
0.659618
0.658398
0.658804
0.658398
0.659211
0.658804
0.660838
0.659618
0.657178
0.655958
0.658398
0.658398
0.657584
0.656771
0.661244
0.658804
0.657584
0.657991
0.657584
0.657584
0.659211
0.656771
0.657584
0.657584
0.661244
0.662464
0.659211
0.657178
0.660024
0.660431
0.659618
0.660024
0.662464
0.662464
0.661244
0.660431
0.660838
0.659211
0.660838
0.659618
0.658804
0.659618
0.661244
0.660431
0.659211
0.660024
0.658398
0.659211
0.660024
0.658804
0.659618
0.661244
0.660431
0.660838
0.661651
0.660431
0.660024
0.659211
0.657584
0.659618
0.663684
0.662058
0.661651
0.663278
0.661651
0.660838
0.658398
0.658804
0.658398
0.661244
0.662871
0.662058
0.662464
0.661244
0.660838
0.661244
0.658804
0.657991
0.660431
0.661244
0.662058
0.661651
0.659618
0.657178
0.658398
0.658398
0.658804
0.659211
0.658398
0.661651
0.660024
0.662058
0.659211
0.658398
0.657991
0.656771
0.656771
0.659211
0.658804
0.663278
0.663278
0.659618
0.659618
0.656771
0.657991
0.653111
0.657178
0.657178
0.659618
0.658804
0.659618
0.660431
0.658398
0.658804
0.656364
0.654331
0.655551
0.658804
0.659211
0.659618
0.657584
0.658398
0.658804
0.657991
0.657991
0.656364
0.655958
0.659211
0.657991
0.659211
0.659618
0.657991
0.662058
0.659618
0.659618
0.656771
0.656364
0.656771
0.657584
0.660024
0.661651
0.661651
0.657991
0.662464
0.657991
0.661244
0.660838
0.662058
0.662058
0.659211
0.662464
0.662464
0.662871
0.658804
0.660431
0.658398
0.658804
0.657584
0.656771
0.655958
0.656364
0.658804
0.655958
0.658398
0.659618
0.658398
0.657584
0.657991
0.657178
0.656364
0.656364
0.655958
0.657178
0.658804
0.656364
0.655958
0.656364
0.657584
0.657178
0.659211
0.659211
0.658804
0.659211
0.657991
0.657991
0.661244
0.660431
0.658804
0.659618
0.660838
0.661651
0.661244
0.660838
0.660024
0.660024
0.661244
0.660431
0.658398
0.660838
0.660024
0.660024
0.658804
0.660431
0.658398
0.659618
0.662058
0.659211
0.658398
0.658804
0.656364
0.656771
0.656771
0.659618
0.658804
0.662871
0.660838
0.661244
0.659211
0.660838
0.660838
0.655958
0.657991
0.660838
0.660024
0.660024
0.659618
0.658398
0.658398
0.660431
0.661244
0.656771
0.660024
0.659618
0.660024
0.661244
0.662871
0.659618
0.657991
0.659618
0.657584
0.656771
0.657584
0.660431
0.660838
0.664091
0.662871
0.662464
0.658804
0.660838
0.657991
0.658804
0.659618
0.658804
0.659211
0.660024
0.660431
0.659211
0.658804
0.658804
0.658804
0.657178
0.656771
0.658398
0.662058
0.663684
0.660838
0.660838
0.659211
0.658398
0.657178
0.658804
0.658804
0.661244
0.662871
0.660024
0.661651
0.662464
0.658398
0.657584
0.655144
0.653924
0.657584
0.657178
0.659618
0.660024
0.661651
0.660838
0.656364
0.659211
0.657178
0.655958
0.658804
0.658804
0.657991
0.659211
0.660431
0.658804
0.660024
0.656771
0.657584
0.655551
0.658804
0.659618
0.661244
0.661244
0.660838
0.659211
0.658804
0.661244
0.660838
0.661651
0.658398
0.659211
0.659618
0.660024
0.659618
0.658804
0.660431
0.657991
0.660838
0.662058
0.662464
0.660838
0.660024
0.662058
0.660431
0.659211
0.659618
0.660024
0.660431
0.660431
0.660024
0.660431
0.659211
0.659618
0.661244
0.660431
0.661244
0.658804
0.658804
0.661651
0.658804
0.659618
0.658398
0.660024
0.658398
0.659211
0.659618
0.661651
0.662058
0.660431
0.659618
0.658804
0.659618
0.660024
0.658804
0.657991
0.662871
0.659618
0.661244
0.662058
0.658804
0.658804
0.656771
0.657584
0.658398
0.659211
0.660431
0.662464
0.662058
0.660431
0.659618
0.658804
0.660431
0.658398
0.660024
0.660431
0.660024
0.661244
0.661651
0.659618
0.660431
0.661244
0.659618
0.658398
0.660431
0.658804
0.658398
0.660024
0.657991
0.658398
0.657584
0.660431
0.660024
0.659618
0.658398
0.657991
0.659211
0.658804
0.658804
0.658804
0.657991
0.658398
0.660431
0.660024
0.660024
0.657178
0.657584
0.657178
0.660431
0.657584
0.658804
0.657178
0.656364
0.659211
0.658804
0.662058
0.660024
0.662464
0.657991
0.658804
0.658398
0.659618
0.659211
0.659211
0.659211
0.658804
0.663278
0.662871
0.662464
0.660838
0.659211
0.660024
0.656364
0.659618
0.661244
0.660838
0.663278
0.661651
0.663278
0.659618
0.660838
0.655551
0.655551
0.659211
0.660024
0.660431
0.661651
0.661651
0.661651
0.660024
0.657584
0.655144
0.656364
0.660024
0.661244
0.664091
0.662871
0.662871
0.659211
0.660838
0.658804
0.660024
0.659618
0.662871
0.665311
0.666124
0.662871
0.660024
0.658804
0.659618
0.659618
0.659211
0.660024
0.658804
0.660024
0.660431
0.661244
0.661244
0.659618
0.660431
0.660431
0.658804
0.659618
0.659618
0.662464
0.660024
0.661244
0.660024
0.658398
0.660024
0.660024
0.659618
0.660024
0.661651
0.661244
0.661244
0.660024
0.658398
0.660024
0.659211
0.660431
0.660024
0.657178
0.656771
0.658804
0.658804
0.659211
0.657991
0.659618
0.660024
0.658398
0.658804
0.658398
0.658398
0.659618
0.659618
0.659618
0.660024
0.659211
0.657991
0.658804
0.657991
0.659211
0.662464
0.662464
0.660431
0.659618
0.660024
0.661244
0.662058
0.660431
0.661651
0.660431
0.662058
0.660838
0.661244
0.660024
0.662464
0.661244
0.660838
0.657584
0.661651
0.661651
0.661244
0.661244
0.659211
0.659211
0.660024
0.661651
0.660431
0.660431
0.658398
0.658398
0.659211
0.659618
0.658398
0.660431
0.661244
0.660024
0.659618
0.659211
0.659618
0.660838
0.661244
0.661244
0.661244
0.660838
0.661244
0.661244
0.656771
0.658398
0.658398
0.657991
0.658804
0.657584
0.661651
0.660838
0.660838
0.658804
0.659211
0.659618
0.659211
0.659211
0.658804
0.660431
0.661244
0.661244
0.660024
0.660838
0.660024
0.659211
0.660024
0.660431
0.661651
0.662464
0.660838
0.659618
0.660431
0.660838
0.659618
0.659618
0.662058
0.661244
0.660838
0.661244
0.661651
0.659211
0.660838
0.660024
0.659211
0.662058
0.660431
0.660838
0.662058
0.662058
0.659618
0.662464
0.661651
0.661651
0.662058
0.662058
0.661651
0.660024
0.661651
0.662464
0.662058
0.662464
0.662464
0.660431
0.661244
0.661651
0.660024
0.660431
0.660024
0.659211
0.662058
0.659618
0.661651
0.660838
0.660838
0.660024
0.659618
0.659211
0.660431
0.660024
0.659618
0.660838
0.660431
0.661651
0.660431
0.660838
0.660431
0.662058
0.660431
0.660838
0.662058
0.663684
0.661244
0.660431
0.660431
0.661651
0.662058
0.661244
0.663278
0.661651
0.663278
0.662464
0.660431
0.657991
0.658398
0.658398
0.660024
0.661651
0.659618
0.660838
0.659618
0.662058
0.659618
0.657991
0.654738
0.654331
0.656771
0.660838
0.662058
0.659211
0.662058
0.662058
0.661651
0.659618
0.654738
0.655958
0.660024
0.660838
0.661244
0.657584
0.661244
0.660838
0.662058
0.660024
0.657584
0.658398
0.661244
0.660431
0.660431
0.662058
0.662058
0.662058
0.660838
0.662058
0.659211
0.660838
0.658804
0.662871
0.660024
0.663684
0.663684
0.661651
0.661651
0.662464
0.658804
0.659211
0.658804
0.662058
0.661244
0.662464
0.662464
0.660838
0.660024
0.660838
0.660431
0.659618
0.659211
0.660431
0.660431
0.662464
0.662058
0.661244
0.660838
0.658398
0.657991
0.657991
0.660838
0.661651
0.661244
0.662058
0.662058
0.662058
0.660838
0.660838
0.663684
0.662464
0.660431
0.662058
0.663278
0.664091
0.664091
0.663684
0.662058
0.660431
0.659211
0.659618
0.662464
0.662871
0.664091
0.663278
0.662058
0.660431
0.661244
0.659211
0.660024
0.660838
0.660431
0.661651
0.660431
0.660838
0.661244
0.659618
0.657991
0.657991
0.659618
0.660431
0.659211
0.660838
0.660838
0.660838
0.660838
0.659211
0.659211
0.658804
0.658804
0.658804
0.661651
0.663278
0.663278
0.662464
0.661651
0.661651
0.662058
0.661651
0.659211
0.662058
0.661651
0.662058
0.661651
0.660024
0.661651
0.661651
0.659618
0.659618
0.660838
0.659618
0.658804
0.658398
0.658804
0.656771
0.661244
0.661244
0.662058
0.657584
0.659211
0.660024
0.660431
0.657584
0.659618
0.660024
0.660024
0.661244
0.660838
0.660024
0.660838
0.660024
0.660024
0.660431
0.660024
0.661244
0.660024
0.659618
0.660838
0.660838
0.658804
0.661244
0.660431
0.659618
0.659618
0.661244
0.661244
0.660024
0.660024
0.659211
0.659618
0.658804
0.658804
0.658398
0.659618
0.660431
0.660024
0.659618
0.658804
0.658804
0.660838
0.660431
0.660431
0.660838
0.660838
0.661651
0.660838
0.658398
0.657584
0.660431
0.661651
0.659211
0.659211
0.659211
0.658804
0.660838
0.657178
0.659618
0.659618
0.661651
0.662058
0.659618
0.658804
0.659211
0.660838
0.658804
0.660024
0.659618
0.659211
0.662464
0.659618
0.660431
0.660024
0.660431
0.660431
0.660024
0.657584
0.660431
0.658398
0.662058
0.659211
0.659618
0.660431
0.660024
0.659211
0.661244
0.657991
0.660431
0.658804
0.660838
0.658804
0.659618
0.657584
0.660024
0.658804
0.660024
0.660024
0.660431
0.660024
0.659211
0.661244
0.658804
0.658398
0.659211
0.660431
0.660024
0.662464
0.660838
0.660838
0.659618
0.657991
0.658804
0.660024
0.659211
0.661244
0.660838
0.660838
0.660838
0.661244
0.660024
0.660838
0.657178
0.656771
0.661244
0.660024
0.662871
0.661244
0.661651
0.662058
0.658804
0.659618
0.654738
0.655551
0.660431
0.661651
0.662464
0.660431
0.661244
0.661244
0.662058
0.661651
0.656364
0.656364
0.657991
0.662871
0.660431
0.661651
0.660431
0.661651
0.659618
0.660024
0.661244
0.661244
0.658398
0.661651
0.662871
0.662464
0.662058
0.664091
0.659618
0.661244
0.658804
0.660838
0.658804
0.660024
0.663278
0.663278
0.662871
0.660431
0.657991
0.660024
0.659618
0.660024
0.660024
0.660024
0.660431
0.662464
0.662871
0.659211
0.659618
0.662058
0.661651
0.660431
0.660431
0.660838
0.661651
0.662464
0.661651
0.660024
0.656771
0.657991
0.658398
0.657584
0.657178
0.656771
0.658398
0.658398
0.659211
0.657991
0.659211
0.660838
0.660024
0.658398
0.661244
0.662871
0.660024
0.660838
0.660024
0.660838
0.659618
0.660431
0.660024
0.659618
0.661244
0.662058
0.660431
0.660838
0.660838
0.661244
0.660024
0.660838
0.660431
0.660431
0.660024
0.658398
0.659618
0.659618
0.659211
0.661651
0.660024
0.658804
0.660838
0.660431
0.660024
0.658398
0.658398
0.658804
0.660838
0.660838
0.657584
0.657584
0.661651
0.661651
0.660024
0.659618
0.657584
0.660431
0.660838
0.660024
0.659211
0.661651
0.661244
0.660431
0.658804
0.657991
0.660024
0.660024
0.662058
0.662058
0.661244
0.662058
0.662871
0.660431
0.660838
0.661244
0.660838
0.660838
0.658398
0.659211
0.659618
0.661244
0.662464
0.661244
0.662058
0.659211
0.659618
0.661244
0.659211
0.658398
0.658398
0.660838
0.661244
0.659618
0.660024
0.660431
0.660838
0.658804
0.659211
0.659618
0.657584
0.659618
0.660838
0.659618
0.658804
0.660431
0.660838
0.660024
0.658804
0.661651
0.659211
0.659618
0.659618
0.661651
0.659618
0.658804
0.660024
0.661244
0.660838
0.662058
0.660838
0.660431
0.662058
0.660024
0.660838
0.660024
0.659618
0.662464
0.661244
0.661651
0.662464
0.659618
0.662871
0.661244
0.661244
0.662464
0.662058
0.662058
0.661651
0.661651
0.662058
0.662058
0.661244
0.661244
0.661244
0.662464
0.660024
0.660431
0.659618
0.661651
0.662058
0.662464
0.658398
0.661651
0.661651
0.659211
0.659211
0.659618
0.658398
0.661244
0.661651
0.660838
0.659211
0.661244
0.662464
0.659618
0.660838
0.661244
0.661651
0.659211
0.660431
0.662464
0.661244
0.662058
0.660431
0.662058
0.662464
0.661651
0.663278
0.662058
0.661651
0.661244
0.660024
0.662464
0.662464
0.660838
0.660431
0.660838
0.660838
0.660838
0.659211
0.663684
0.659618
0.661651
0.658398
0.660838
0.660024
0.659211
0.660024
0.659211
0.659618
0.660024
0.660024
0.660431
0.658398
0.659618
0.659211
0.660838
0.659618
0.659618
0.661244
0.660024
0.660431
0.660024
0.660431
0.663684
0.662464
0.662871
0.661244
0.660431
0.659618
0.661244
0.662871
0.660431
0.662058
0.662464
0.662871
0.658804
0.662058
0.659618
0.657991
0.660024
0.662464
0.662871
0.662871
0.662058
0.663278
0.661651
0.662871
0.660024
0.658804
0.661244
0.662871
0.662464
0.662464
0.662871
0.661651
0.664091
0.660838
0.662058
0.660838
0.658804
0.662871
0.663684
0.658804
0.657991
0.663278
0.662058
0.662464
0.661651
0.661651
0.661244
0.662871
0.663684
0.661651
0.661244
0.663278
0.662871
0.662058
0.662464
0.662058
0.663684
0.664904
0.661244
0.660024
0.661651
0.661651
0.666124
0.662464
0.661651
0.661651
0.662058
0.663278
0.661244
0.660838
0.660838
0.661651
0.661244
0.660431
0.661244
0.661651
0.660431
0.661244
0.660838
0.661244
0.660838
0.660024
0.659618
0.659618
0.659618
0.659211
0.658804
0.658804
0.656364
0.657178
0.656771
0.660024
0.657991
0.658804
0.660838
0.658804
0.660024
0.657991
0.657178
0.656771
0.658398
0.660431
0.661651
0.660838
0.659618
0.660431
0.660431
0.660838
0.659618
0.660024
0.662058
0.662464
0.664091
0.660838
0.661651
0.663278
0.664091
0.663278
0.660024
0.660431
0.662464
0.661244
0.662464
0.660431
0.662871
0.662058
0.662464
0.660024
0.660838
