0.471330
0.468483
0.494917
0.507523
0.517283
0.525010
0.525824
0.533957
0.538837
0.530704
0.533144
0.531110
0.526637
0.537210
0.542090
0.544937
0.537617
0.534364
0.527857
0.528264
0.530297
0.529077
0.530297
0.531517
0.534364
0.534770
0.536397
0.535177
0.538430
0.536397
0.535990
0.538024
0.541684
0.542497
0.542497
0.539244
0.535990
0.538430
0.542497
0.541684
0.541684
0.542497
0.542904
0.542090
0.542497
0.541277
0.538837
0.538430
0.542090
0.543310
0.546157
0.546157
0.545344
0.545344
0.548597
0.544530
0.540464
0.539244
0.536804
0.538837
0.543310
0.545750
0.546157
0.546970
0.547377
0.548190
0.547784
0.546157
0.546564
0.549004
0.549004
0.549410
0.550224
0.549817
0.551037
0.548597
0.549004
0.548597
0.548190
0.548597
0.551037
0.549817
0.555510
0.554697
0.550224
0.551037
0.554697
0.553884
0.554290
0.553477
0.554697
0.552257
0.552664
0.556324
0.556730
0.556730
0.558357
0.558764
0.558357
0.559984
0.561204
0.558764
0.559170
0.559170
0.559984
0.558764
0.558764
0.561610
0.562424
0.564457
0.562830
0.562424
0.561204
0.563644
0.563237
0.560797
0.560797
0.562424
0.564864
0.561204
0.563644
0.562424
0.559984
0.559170
0.562424
0.560797
0.564050
0.560797
0.564050
0.562424
0.563237
0.566897
0.569744
0.576251
0.573404
0.569744
0.577064
0.558357
0.561610
0.583164
0.582757
0.578284
0.572997
0.570150
0.566897
0.575031
0.576657
0.579504
0.577877
0.580317
0.581944
0.580317
0.581537
0.581944
0.581944
0.579911
0.579097
0.586824
0.589264
0.580724
0.579097
0.571370
0.579097
0.586417
0.579097
0.575031
0.584384
0.592924
0.583977
0.592924
0.593737
0.591704
0.597804
0.593737
0.597397
0.596584
0.599024
0.583977
0.597397
0.602684
0.599024
0.602277
0.600244
0.602277
0.607157
0.610004
0.603497
0.592517
0.595364
0.604311
0.603497
0.601464
0.603497
0.605124
0.611224
0.608784
0.611224
0.612851
0.605531
0.607157
0.614477
0.606751
0.609191
0.612444
0.610817
0.616511
0.616917
0.615697
0.615697
0.612851
0.618544
0.616104
0.617731
0.619357
0.618137
0.620171
0.619764
0.612851
0.610004
0.612851
0.611224
0.614477
0.613257
0.617731
0.618137
0.620984
0.625864
0.620984
0.620171
0.628711
0.627491
0.624237
0.620984
0.618951
0.622204
0.623017
0.620984
0.620984
0.620577
0.625051
0.629524
0.627898
0.627491
0.627084
0.628304
0.631964
0.630744
0.640911
0.636438
0.630338
0.631558
0.633184
0.630338
0.642538
0.638064
0.635218
0.642944
0.635624
0.639284
0.633998
0.638878
0.637251
0.640098
0.636438
0.628711
0.627491
0.625458
0.628711
0.626678
0.629524
0.632778
0.635624
0.631558
0.637658
0.634404
0.633591
0.634404
0.635624
0.635624
0.639284
0.643758
0.643758
0.643351
0.636031
0.636438
0.638064
0.642944
0.648638
0.636438
0.636031
0.639691
0.640504
0.642538
0.636844
0.636844
0.638064
0.642944
0.650264
0.639284
0.639284
0.637658
0.639284
0.639284
0.642944
0.633998
0.643351
0.640911
0.643351
0.646604
0.642538
0.646198
0.647011
0.649858
0.643758
0.644978
0.645791
0.646198
0.647011
0.644571
0.644164
0.644571
0.645384
0.645384
0.645791
0.645384
0.647418
0.647824
0.646604
0.647418
0.651078
0.651484
0.651891
0.649451
0.647418
0.650264
0.648638
0.640911
0.649451
0.643351
0.647011
0.649451
0.649044
0.648638
0.653111
0.649451
0.650264
0.647418
0.644164
0.644978
0.646198
0.645791
0.649451
0.652704
0.651484
0.658804
0.658398
0.654738
0.655144
0.654738
0.651891
0.649044
0.643351
0.644978
0.652298
0.653924
0.654331
0.656364
0.654738
0.654738
0.650671
0.652704
0.649044
0.649451
0.651484
0.655958
0.654331
0.647011
0.650264
0.653518
0.651078
0.644571
0.646604
0.648638
0.650264
0.649451
0.653111
0.652704
0.653518
0.652298
0.649451
0.647418
0.649858
0.649044
0.644978
0.647824
0.646198
0.646604
0.655144
0.657178
0.653924
0.654738
0.656771
0.655144
0.651484
0.651078
0.652298
0.654331
0.655144
0.649044
0.648638
0.647011
0.652298
0.653924
0.654331
0.655551
0.657178
0.653924
0.651484
0.649044
0.650264
0.652298
0.657178
0.651484
0.654738
0.651891
0.657178
0.651891
0.654331
0.653924
0.654331
0.654331
0.654738
0.655958
0.655144
0.654331
0.654738
0.651484
0.647418
0.645791
0.645791
0.651891
0.652704
0.650671
0.647824
0.649858
0.654331
0.651891
0.650264
0.653518
0.651078
0.657584
0.656364
0.655551
0.653518
0.649044
0.652704
0.651891
0.651078
0.656364
0.655551
0.655144
0.657584
0.657178
0.660024
0.655958
0.658804
0.649858
0.652704
0.656771
0.656771
0.655551
0.656364
0.657584
0.655551
0.654331
0.653518
0.647824
0.651078
0.653518
0.658804
0.655958
0.657178
0.649858
0.651484
0.653924
0.656364
0.652704
0.651484
0.657178
0.656364
0.652704
0.653111
0.651484
0.653518
0.651078
0.648638
0.653924
0.652704
0.653924
0.654331
0.652298
0.656364
0.654331
0.652298
0.650671
0.647418
0.651484
0.656364
0.655144
0.657584
0.657991
0.659618
0.656364
0.653111
0.651891
0.652704
0.654331
0.655144
0.652298
0.654738
0.651891
0.654738
0.653518
0.654331
0.655958
0.656771
0.657178
0.657584
0.651891
0.655144
0.658398
0.657178
0.655958
0.652298
0.651891
0.649451
0.654331
0.652704
0.656771
0.653518
0.653518
0.653518
0.652704
0.650264
0.649858
0.650671
0.654331
0.656364
0.653924
0.647011
0.648638
0.651484
0.654738
0.655551
0.653111
0.652298
0.657991
0.658398
0.657584
0.655958
0.654738
0.654738
0.652704
0.651078
0.654331
0.656771
0.661244
0.662058
0.657991
0.657178
0.658398
0.658804
0.654738
0.652704
0.651891
0.655958
0.655958
0.655958
0.651484
0.653924
0.655144
0.656364
0.655144
0.656771
0.656771
0.657991
0.659618
0.657584
0.656364
0.659211
0.657178
0.654738
0.653518
0.653111
0.659211
0.663278
0.661651
0.658804
0.657584
0.659211
0.656771
0.652704
0.652704
0.657584
0.655144
0.654331
0.658398
0.651891
0.650671
0.654738
0.656771
0.654331
0.656771
0.662464
0.658398
0.659211
0.657178
0.659211
0.660431
0.654331
0.647011
0.652298
0.657584
0.661244
0.660838
0.662058
0.662464
0.661244
0.660431
0.659211
0.657991
0.657584
0.653924
0.652704
0.654738
0.662464
0.660431
0.659211
0.660838
0.657584
0.659211
0.654331
0.661244
0.664091
0.663278
0.660431
0.661651
0.659211
0.657178
0.656364
0.658398
0.661244
0.662464
0.661651
0.661651
0.659618
0.659211
0.655958
0.651484
0.646604
0.650264
0.659211
0.658804
0.659211
0.660431
0.663278
0.663684
0.659618
0.649858
0.649044
0.653518
0.657178
0.657991
0.656771
0.656771
0.657991
0.657178
0.655958
0.650671
0.654331
0.659211
0.661651
0.662058
0.660838
0.660838
0.663684
0.661651
0.657991
0.659618
0.655144
0.654738
0.654331
0.657584
0.654738
0.653111
0.655551
0.655958
0.654738
0.660024
0.660431
0.661651
0.658804
0.660024
0.655958
0.653924
0.655551
0.657584
0.648638
0.652298
0.659618
0.662871
0.664498
0.663278
0.660838
0.660431
0.655551
0.654738
0.657178
0.658398
0.661651
0.661244
0.663278
0.661651
0.663278
0.660838
0.657178
0.655551
0.657178
0.655551
0.655144
0.657991
0.662058
0.659618
0.660431
0.655958
0.655551
0.655551
0.658804
0.659618
0.657584
0.657991
0.656771
0.659211
0.658398
0.655958
0.654331
0.655551
0.657991
0.658804
0.657178
0.664904
0.658804
0.658804
0.656771
0.655958
0.654331
0.659211
0.658804
0.654738
0.656771
0.657991
0.654738
0.655551
0.655551
0.656364
0.659211
0.657991
0.657178
0.659618
0.660838
0.659618
0.655958
0.654331
0.654331
0.656364
0.660431
0.661244
0.659211
0.663684
0.660431
0.655958
0.653924
0.652704
0.655144
0.655958
0.654738
0.655551
0.655551
0.657991
0.655958
0.651891
0.655144
0.656364
0.655551
0.657584
0.656771
0.656364
0.655551
0.659618
0.655958
0.657178
0.656771
0.658398
0.658398
0.658398
0.657178
0.658804
0.657991
0.659211
0.658804
0.659618
0.656364
0.653518
0.655551
0.655958
0.658804
0.657178
0.656364
0.656771
0.654738
0.655958
0.653518
0.653924
0.657584
0.662058
0.660024
0.659211
0.659211
0.660024
0.660024
0.653924
0.654331
0.654331
0.653924
0.657178
0.658398
0.660431
0.660838
0.660024
0.658398
0.655144
0.653111
0.654331
0.656364
0.657178
0.655551
0.656771
0.657178
0.657584
0.656364
0.653518
0.657178
0.660024
0.658398
0.657178
0.660024
0.659211
0.659211
0.658398
0.657178
0.658398
0.656364
0.659211
0.660838
0.661651
0.660838
0.659618
0.658804
0.657178
0.657584
0.658804
0.656771
0.659211
0.660838
0.659618
0.656771
0.660431
0.662464
0.659618
0.659618
0.658398
0.661651
0.664498
0.666124
0.664498
0.661244
0.657178
0.658398
0.660024
0.660024
0.660431
0.661244
0.657178
0.659618
0.658398
0.660431
0.659618
0.660838
0.658398
0.652704
0.656364
0.659618
0.661244
0.657991
0.654331
0.655551
0.656771
0.657584
0.660431
0.660024
0.659618
0.655551
0.653518
0.662464
0.662464
0.660838
0.658804
0.655551
0.654738
0.655958
0.660431
0.664091
0.662464
0.664091
0.662058
0.659618
0.656771
0.658804
0.660431
0.660024
0.662464
0.663684
0.660838
0.657991
0.661651
0.661651
0.658804
0.658804
0.661651
0.665311
0.664498
0.664498
0.664091
0.665311
0.663278
0.662464
0.660838
0.661651
0.660838
0.662464
0.664904
0.666124
0.664498
0.662058
0.662058
0.658804
0.662871
0.659211
0.660838
0.662464
0.659211
0.658398
0.658804
0.658804
0.657584
0.658398
0.660024
0.661244
0.659211
0.661244
0.658804
0.660838
0.658804
0.655958
0.655144
0.654738
0.658804
0.660838
0.662871
0.662464
0.662464
0.662058
0.662464
0.657991
0.655958
0.653111
0.655144
0.657991
0.659211
0.661244
0.660838
0.661651
0.659618
0.657991
0.658804
0.657178
0.659618
0.661244
0.660431
0.657991
0.657991
0.657584
0.657584
0.658804
0.658804
0.660024
0.662058
0.661651
0.661244
0.663278
0.662464
0.658398
0.658804
0.656771
0.659618
0.659618
0.663278
0.666531
0.663278
0.665311
0.659618
0.658398
0.656771
0.655958
0.657584
0.659618
0.663278
0.663684
0.662058
0.663278
0.662871
0.658804
0.660431
0.657584
0.657178
0.660024
0.662464
0.664091
0.665311
0.662464
0.662871
0.660838
0.656771
0.658398
0.660024
0.664904
0.662464
0.664904
0.664498
0.663684
0.663684
0.662464
0.660431
0.660838
0.662464
0.661651
0.662464
0.663278
0.660431
0.658804
0.662058
0.662464
0.662058
0.659211
0.663278
0.662464
0.664091
0.664904
0.662871
0.664498
0.666124
0.663684
0.662058
0.665718
0.665718
0.664091
0.666938
0.666124
0.660838
0.660431
0.658804
0.657584
0.662058
0.663278
0.662058
0.663278
0.661651
0.662058
0.661244
0.660431
0.657178
0.658398
0.661244
0.664904
0.664498
0.660431
0.665311
0.662464
0.660024
0.658804
0.663684
0.662871
0.661244
0.661244
0.657584
0.655551
0.655551
0.655958
0.655551
0.659211
0.662058
0.662058
0.664498
0.667344
0.670191
0.666938
0.665311
0.657991
0.657178
0.655958
0.659211
0.659618
0.660431
0.662464
0.663684
0.664904
0.664091
0.662058
0.661651
0.660838
0.662058
0.662058
0.665311
0.665311
0.666938
0.666531
0.663278
0.662464
0.660024
0.660024
0.662464
0.664091
0.663684
0.663684
0.663278
0.662871
0.662871
0.662871
0.664904
0.665311
0.663278
0.665718
0.659618
0.660024
0.661651
0.660838
0.661651
0.660838
0.658398
0.663278
0.658804
0.657991
0.659618
0.660838
0.662058
0.661244
0.657991
0.657584
0.663278
0.664091
0.662871
0.661651
0.662464
0.663684
0.662058
0.663278
0.663684
0.662871
0.663684
0.664091
0.668158
0.665311
0.664498
0.662464
0.663278
0.662058
0.664091
0.659211
0.660838
0.662058
0.662058
0.660431
0.659618
0.660024
0.662058
0.659618
0.661244
0.660838
0.658398
0.664904
0.664498
0.665311
0.662464
0.660838
0.659618
0.661651
0.660024
0.660431
0.660024
0.660024
0.662058
0.664904
0.660838
0.659211
0.661651
0.660024
0.663684
0.662871
0.664904
0.663684
0.662464
0.665311
0.663684
0.657991
0.655144
0.655144
0.659211
0.664091
0.662058
0.663684
0.663278
0.664904
0.666531
0.665718
0.662464
0.661244
0.658804
0.657584
0.656771
0.657178
0.662464
0.661651
0.660431
0.661651
0.662464
0.663278
0.664904
0.658804
0.659211
0.663278
0.662871
0.660838
0.663684
0.660431
0.664091
0.663278
0.664091
0.662058
0.667344
0.668158
0.665718
0.662464
0.663278
0.661244
0.663684
0.663684
0.664498
0.667344
0.669378
0.666124
0.665718
0.663684
0.665718
0.668158
0.666531
0.661651
0.665718
0.668564
0.667751
0.667344
0.665311
0.663684
0.665311
0.664498
0.665718
0.663684
0.665718
0.666938
0.666531
0.664904
0.665718
0.664091
0.666124
0.667344
0.664904
0.666938
0.662464
0.662464
0.662871
0.664498
0.664498
0.663684
0.659618
0.664904
0.662871
0.661651
0.660431
0.661651
0.662871
0.662871
0.663684
0.662871
0.665718
0.663684
0.663278
0.663684
0.663684
0.662464
0.661244
0.661651
0.660024
0.660024
0.661244
0.663278
0.663278
0.662464
0.663278
0.661244
0.661651
0.661651
0.664498
0.664091
0.662464
0.661651
0.663278
0.663278
0.663278
0.662871
0.661651
0.663684
0.661651
0.666124
0.664091
0.666531
0.666938
0.667751
0.671411
0.665311
0.663684
0.666938
0.665718
0.665718
0.668158
0.664498
0.662464
0.664498
0.662464
0.662464
0.662464
0.663278
0.661651
0.662058
0.660431
0.663278
0.661244
0.661244
0.662464
0.667344
0.664904
0.664904
0.664498
0.664498
0.668158
0.669784
0.670191
0.667344
0.665311
0.664904
0.663684
0.663278
0.664091
0.664904
0.663684
0.662871
0.664904
0.663684
0.666531
0.665718
0.668971
0.668158
0.666938
0.668971
0.667751
0.668971
0.664904
0.664498
0.666124
0.666531
0.664904
0.668971
0.668158
0.667751
0.666124
0.665311
0.666938
0.662464
0.663684
0.664091
0.664498
0.667751
0.666124
0.663278
0.662464
0.663278
0.660431
0.657991
0.662871
0.659211
0.667751
0.668158
0.667751
0.667751
0.666938
0.668158
0.664904
0.664091
0.663684
0.664091
0.662871
0.666531
0.666938
0.665718
0.665718
0.664498
0.666124
0.663684
0.665718
0.664904
0.662464
0.663684
0.661651
0.662871
0.661244
0.664091
0.661651
0.661651
0.662871
0.662058
0.663684
0.668971
0.664904
0.662871
0.661651
0.661651
0.663278
0.664498
0.665311
0.664904
0.662871
0.661651
0.662464
0.658804
0.661651
0.660838
0.660838
0.662058
0.662058
0.661244
0.664091
0.664904
0.664498
0.662871
0.664904
0.663684
0.661244
0.661651
0.663278
0.667344
0.668971
0.666124
0.667751
0.668158
0.665718
0.666531
0.667344
0.667751
0.666938
0.666531
0.666938
0.666124
0.665311
0.666938
0.664498
0.663684
0.666938
0.664091
0.665718
0.660838
0.662058
0.661244
0.662871
0.661651
0.662464
0.662871
0.659618
0.660024
0.659211
0.662464
0.663278
0.662058
0.660431
0.664498
0.663684
0.664498
0.665311
0.666938
0.667344
0.664904
0.664904
0.662058
0.661651
0.662058
0.664904
0.667344
0.668564
0.666531
0.664904
0.667344
0.668564
0.664498
0.664498
0.660838
0.660024
0.664904
0.664498
0.661651
0.660431
0.659211
0.660024
0.665718
0.664091
0.665718
0.661244
0.664904
0.664091
0.671411
0.672224
0.673038
0.671411
0.667751
0.667751
0.665311
0.668158
0.667751
0.666938
0.664904
0.664904
0.664498
0.668971
0.666124
0.664904
0.666531
0.667344
0.664904
0.667344
0.665718
0.666531
0.665718
0.666124
0.665718
0.665311
0.665718
0.665311
0.665718
0.665718
0.665311
0.664498
0.665718
0.669784
0.665718
0.665718
0.663684
0.666124
0.664498
0.666531
0.665718
0.665311
0.664904
0.665311
0.666938
0.665718
0.666531
0.666124
0.666938
0.666938
0.666124
0.665718
0.664904
0.664904
0.666531
0.665718
0.666124
0.666938
0.666938
0.668158
0.666124
0.665718
0.662464
0.664091
0.663684
0.666531
0.667751
0.665718
0.665311
0.666531
0.664498
0.666531
0.663684
0.664904
0.665311
0.665718
0.664091
0.663684
0.664904
0.665718
0.665311
0.665718
0.665718
0.664498
0.666531
0.664498
0.666124
0.666531
0.662871
0.664091
0.665311
0.665311
0.666124
0.664904
0.666938
0.665311
0.666938
0.668158
0.666531
0.666938
0.664091
0.664091
0.663684
0.664498
0.666124
0.666938
0.666938
0.666938
0.666124
0.665311
0.665311
0.666938
0.666938
0.663684
0.663684
0.660838
0.659618
0.658398
0.662464
0.662871
0.666531
0.663684
0.663278
0.661244
0.666124
0.666124
0.666938
0.666124
0.666531
0.664904
0.664904
0.662871
0.664498
0.665718
0.663278
0.665718
0.666124
0.666531
0.664498
0.666938
0.666938
0.665311
0.662464
0.668971
0.663684
0.664091
0.665718
0.663278
0.665311
0.665311
0.662464
0.664904
0.664498
0.667344
0.666124
0.666531
0.667344
0.667344
0.668158
0.666124
0.664498
0.664904
0.663278
0.663684
0.662058
0.660838
0.661244
0.664498
0.663278
0.664091
0.666938
0.666531
0.666124
0.665718
0.664498
0.666938
0.664091
0.665311
0.664904
0.667344
0.664904
0.666938
0.668158
0.668158
0.666938
0.668564
0.665718
0.666938
0.663278
0.666938
0.665311
0.666531
0.663278
0.661651
0.661651
0.661651
0.662871
0.667751
0.667751
0.665311
0.666124
0.668158
0.665311
0.666938
0.671411
0.666531
0.666124
0.667344
0.668971
0.666531
0.669378
0.668158
0.667344
0.666531
0.662871
0.659618
0.658804
0.662058
0.666124
0.667344
0.666124
0.665718
0.666938
0.666938
0.663684
0.665718
0.667344
0.665718
0.666938
0.667344
0.664498
0.664904
0.662871
0.663684
0.664498
0.659618
0.659211
0.658398
0.662871
0.664091
0.667751
0.666531
0.666531
0.668971
0.667344
0.666124
0.664091
0.663684
0.664904
0.664904
0.666531
0.663684
0.662871
0.665718
0.666124
0.664091
0.666124
0.667344
0.664091
0.666124
0.663278
0.660838
0.661651
0.661244
0.662058
0.662464
0.661244
0.663684
0.663684
0.663278
0.666124
0.664091
0.665718
0.666124
0.665718
0.667751
0.667344
0.665311
0.666531
0.664904
0.664091
0.662464
0.664498
0.665311
0.662464
0.661244
0.668158
0.663278
0.662058
0.662871
0.662871
0.665311
0.664904
0.666938
0.665311
0.666531
0.664498
0.666531
0.667751
0.666938
0.668158
0.666531
0.664498
0.664904
0.663684
0.663684
0.664091
0.664498
0.665311
0.664498
0.666124
0.666124
0.665311
0.666938
0.665311
0.665311
0.663278
0.664904
0.662058
0.660838
0.662464
0.662058
0.664091
0.659618
0.662464
0.665311
0.663278
0.664498
0.665718
0.662871
0.664091
0.663684
0.663278
0.661244
0.663278
0.662871
0.660838
0.663684
0.666531
0.664904
0.660024
0.658398
0.661244
0.664904
0.663684
0.661244
0.659211
0.662058
0.660431
0.664091
0.663684
0.664091
0.666531
0.666938
0.668564
0.668564
0.667751
0.665718
0.663278
0.664091
0.663278
0.664904
0.662464
0.665311
0.668971
0.664498
0.665311
0.667344
0.664904
0.662871
0.665311
0.664498
0.666124
0.665718
0.665718
0.665311
0.666531
0.662871
0.666938
0.661651
0.659618
0.657991
0.656771
0.658804
0.662058
0.665718
0.665311
0.664904
0.666938
0.667344
0.665718
0.665718
0.664091
0.665311
0.663684
0.662058
0.662464
0.663684
0.666124
0.664498
0.662464
0.662058
0.664091
0.667751
0.665718
0.664498
0.661244
0.662871
0.664498
0.664904
0.661651
0.665311
0.664904
0.667344
0.665311
0.665718
0.669378
0.668564
0.666124
0.662871
0.663278
0.662464
0.664091
0.665311
0.664498
0.662871
0.663684
0.666124
0.664904
0.664904
0.661244
0.665718
0.670598
0.666938
0.665718
0.663684
0.662871
0.663278
0.662464
0.660838
0.661651
0.663278
0.664091
0.664091
0.661651
0.660838
0.664091
0.663684
0.665718
0.663684
0.666531
0.665718
0.666531
0.662058
0.663278
0.662871
0.663278
0.661244
0.664904
0.660838
0.666531
0.664498
0.666531
0.667344
0.664091
0.661244
0.662464
0.662871
0.663278
0.666531
0.666938
0.666124
0.667344
0.662871
0.664498
0.664498
0.665718
0.664091
0.663278
0.664498
0.665311
0.666124
0.665311
0.666531
0.662464
0.663684
0.660838
0.666531
0.665311
0.663684
0.662058
0.660431
0.660838
0.660838
0.659618
0.663278
0.666124
0.666124
0.666938
0.668564
0.666938
0.666124
0.666938
0.664904
0.664904
0.665718
0.667751
0.666124
0.668971
0.665718
0.665718
0.665311
0.662058
0.660838
0.662464
0.662464
0.663278
0.664904
0.663684
0.662058
0.659211
0.659618
0.659211
0.658398
0.660431
0.661244
0.665718
0.665718
0.665718
0.664498
0.669378
0.667751
0.665311
0.664904
0.662464
0.663278
0.665311
0.668158
0.670191
0.667344
0.666938
0.663684
0.663278
0.663278
0.663278
0.664091
0.663278
0.664498
0.664498
0.664498
0.663278
0.661651
0.662464
0.663684
0.662058
0.664904
0.666938
0.669378
0.668158
0.666124
0.664498
0.660838
0.662871
0.658804
0.660024
0.664498
0.665311
0.667344
0.664091
0.663684
0.664498
0.660024
0.662871
0.664091
0.661651
0.663278
0.665311
0.663684
0.665311
0.666124
0.667344
0.664904
0.661651
0.664498
0.662871
0.663278
0.666531
0.667751
0.666531
0.667344
0.666938
0.666124
0.666124
0.667344
0.664904
0.665718
0.666531
0.662058
0.660838
0.664091
0.662058
0.665311
0.664904
0.668971
0.669784
0.666531
0.668158
0.665311
0.664091
0.661651
0.662464
0.664091
0.663278
0.668158
0.667344
0.666124
0.665311
0.664904
0.666531
0.662464
0.662058
0.660431
0.665311
0.663684
0.663278
0.662464
0.661651
0.664904
0.666531
0.665311
0.661651
0.661651
0.660431
0.670191
0.667344
0.667344
0.664498
0.666531
0.665718
0.665718
0.667751
0.667344
0.666938
0.665311
0.664904
0.664904
0.665718
0.667344
0.663278
0.666124
0.662464
0.667344
0.667344
0.669378
0.664904
0.665311
0.665718
0.665311
0.666124
0.665311
0.663278
0.664498
0.663278
0.662871
0.665311
0.664091
0.665311
0.661651
0.662871
0.661651
0.662058
0.662871
0.660838
0.662464
0.656364
0.658804
0.657991
0.660024
0.658398
0.659618
0.662058
0.664091
0.666531
0.664091
0.664498
0.662871
0.664498
0.667344
0.667344
0.664904
0.668971
0.666531
0.661651
0.660431
0.661651
0.660838
0.662871
0.665311
0.663278
0.665311
0.667751
0.669378
0.669378
0.665718
0.666531
0.664904
0.664498
0.664498
0.668158
0.670598
0.664498
0.663278
0.665718
0.665311
0.663684
0.660024
0.660431
0.662058
0.666531
0.667751
0.667751
0.666531
0.668158
0.666124
0.658804
0.659211
0.658398
0.662464
0.669378
0.667751
0.667751
0.667751
0.664904
0.668564
0.660838
0.657991
0.655144
0.657991
0.666531
0.668564
0.665718
0.664498
0.665311
0.664498
0.663278
0.662058
0.662058
0.662871
0.668158
0.667344
0.666124
0.665311
0.664904
0.663278
0.661651
0.660431
0.662058
0.661244
0.663278
0.661651
0.667751
0.664904
0.660024
0.662464
0.665718
0.666124
0.667751
0.671004
0.671411
0.666938
0.665718
0.663278
0.663278
0.666124
0.666124
0.669378
0.669378
0.670191
0.671411
0.668971
0.665311
0.661651
0.661651
0.660024
0.661244
0.664498
0.666124
0.663684
0.664904
0.664091
0.664498
0.661244
0.661244
0.662058
0.660431
0.663684
0.664904
0.667344
0.666938
0.665718
0.665311
0.663684
0.661651
0.659618
0.662058
0.665311
0.666124
0.662871
0.662871
0.666124
0.664091
0.658804
0.661244
0.662464
0.664904
0.663684
0.665311
0.666124
0.664091
0.661651
0.663278
0.663278
0.663684
0.665311
0.666531
0.666531
0.665311
0.664904
0.665718
0.667344
0.662058
0.665311
0.664904
0.664904
0.664498
0.665718
0.664904
0.660838
0.662058
0.657584
0.658804
0.658804
0.657584
0.662871
0.662058
0.661651
0.661244
0.662871
0.661244
0.660024
0.659211
0.656771
0.661651
0.664091
0.661244
0.659618
0.660838
0.662058
0.659618
0.660431
0.660431
0.661651
0.661244
0.662058
0.663684
0.663278
0.661651
0.663684
0.661651
0.663278
0.664091
0.663684
0.664091
0.664091
0.664498
0.664498
0.662464
0.662464
0.662464
0.661651
0.666938
0.662464
0.659618
0.662058
0.662058
0.660024
0.663684
0.662871
0.662058
0.663278
0.661651
0.659618
0.660838
0.660838
0.661244
0.660024
0.660431
0.663278
0.663278
0.660024
0.662871
0.666124
0.662058
0.657178
0.661651
0.661651
0.661651
0.662058
0.662464
0.663278
0.661651
0.659618
0.662058
0.665311
0.662871
0.663278
0.664498
0.663278
0.662871
0.662464
0.660838
0.663684
0.661244
0.664498
0.662871
0.658398
0.658398
0.660024
0.659618
0.658398
0.660838
0.660024
0.658398
0.660024
0.662464
0.659211
0.660024
0.659211
0.660838
0.661244
0.661244
0.660024
0.661244
0.664091
0.664498
0.662464
0.664498
0.662871
0.660024
0.657178
0.660838
0.660838
0.660024
0.662871
0.660431
0.660024
0.662058
0.662464
0.663684
0.660838
0.660431
0.660431
0.664091
0.663278
0.664091
0.662871
0.662871
0.663278
0.661244
0.660024
0.660431
0.661244
0.664498
0.660431
0.657178
0.657991
0.656364
0.656364
0.660431
0.655551
0.652298
0.655958
0.659211
0.660431
0.660024
0.660024
0.660838
0.664091
0.662058
0.662058
0.663684
0.662871
0.660024
0.659211
0.663684
0.660431
0.661651
0.658804
0.657178
0.659618
0.658804
0.660024
0.656771
0.660431
0.656771
0.659618
0.662464
0.661244
0.662058
0.662058
0.663684
0.664091
0.664904
0.666938
0.666938
0.664091
0.662464
0.658398
0.660838
0.661244
0.663684
0.662058
0.660024
0.657991
0.655958
0.656771
0.659618
0.657584
0.660431
0.658804
0.659618
0.658804
0.660024
0.660431
0.662464
0.661651
0.660024
0.662464
0.664091
0.664904
0.662058
0.665718
0.663278
0.656364
0.661244
0.662058
0.660431
0.660024
0.661244
0.663684
0.660838
0.661244
0.662464
0.660838
0.662464
0.661244
0.659618
0.660838
0.660431
0.661244
0.666938
0.666124
0.665311
0.663278
0.663278
0.661244
0.658398
0.660024
0.660431
0.660838
0.662464
0.664091
0.664904
0.664904
0.659618
0.658804
0.659618
0.659618
0.660431
0.659618
0.660024
0.656771
0.658804
0.659618
0.660024
0.661651
0.656771
0.658804
0.657584
0.662464
0.657584
0.656771
0.661244
0.660024
0.663278
0.663684
0.665718
0.663278
0.660024
0.658804
0.658804
0.659211
0.660431
0.658804
0.661244
0.658804
0.660431
0.660431
0.659211
0.660431
0.661651
0.659211
0.662871
0.662871
0.662058
0.660838
0.662464
0.661651
0.663684
0.664091
0.664498
0.661651
0.662058
0.660838
0.659211
0.656771
0.659211
0.660838
0.663278
0.664091
0.663278
0.660024
0.660431
0.660838
0.663684
0.664904
0.663684
0.661244
0.662871
0.662464
0.662464
0.661651
0.664091
0.663684
0.659211
0.662058
0.662464
0.664498
0.663684
0.663684
0.662871
0.662871
0.662058
0.661651
0.663684
0.661651
0.657991
0.660024
0.660431
0.660024
0.661244
0.662464
0.660838
0.662058
0.662058
0.662871
0.657584
0.662464
0.664091
0.664904
0.666938
0.666938
0.666531
0.665718
0.664498
0.661651
0.660431
0.659211
0.661244
0.660024
0.660431
0.658398
0.657584
0.657584
0.661651
0.660838
0.658398
0.656771
0.664091
0.660431
0.662871
0.660431
0.661651
0.662058
0.665311
0.661651
0.658804
0.657178
0.657584
0.663278
0.662871
0.659211
0.660431
0.660431
0.656771
0.658804
0.663278
0.661651
0.665311
0.657991
0.659211
0.657991
0.655958
0.660024
0.658398
0.661244
0.663278
0.664091
0.663684
0.659211
0.658804
0.657178
0.658804
0.661651
0.663684
0.664498
0.664904
0.661651
0.658398
0.658804
0.660838
0.659211
0.658804
0.661244
0.662464
0.661651
0.661651
0.660024
0.659211
0.656771
0.658398
0.658398
0.661244
0.660431
0.660838
0.660024
0.660024
0.659618
0.657991
0.657991
0.657991
0.659211
0.660431
0.661651
0.661244
0.658398
0.660024
0.661651
0.660431
0.663278
0.662464
0.666124
0.663278
0.665311
0.666124
0.663278
0.665718
0.660838
0.660024
0.662464
0.661651
0.664498
0.662871
0.666531
0.666938
0.664091
0.660024
0.656364
0.657178
0.659618
0.663278
0.662871
0.662058
0.661651
0.660431
0.657178
0.659211
0.655958
0.658398
0.659211
0.663684
0.659211
0.658398
0.659211
0.660024
0.658804
0.657584
0.655958
0.656771
0.660431
0.660838
0.661651
0.661651
0.664904
0.659618
0.657178
0.656364
0.657584
0.659618
0.660838
0.664904
0.662464
0.659618
0.661244
0.661651
0.657584
0.659211
0.657178
0.658398
0.662058
0.661651
0.660024
0.659618
0.658804
0.661244
0.657991
0.656364
0.656771
0.658398
0.662464
0.659618
0.659618
0.660431
0.662058
0.657991
0.658398
0.655958
0.652704
0.656364
0.655958
0.658804
0.657178
0.658804
0.660838
0.658804
0.657178
0.655551
0.657178
0.658804
0.661651
0.660431
0.659211
0.656364
0.655958
0.654738
0.657178
0.659618
0.659618
0.662058
0.662464
0.665718
0.663684
0.660431
0.661651
0.662058
0.663684
0.664091
0.663278
0.662871
0.662871
0.661651
0.660838
0.660024
0.660838
0.662464
0.661244
0.662871
0.663684
0.663278
0.661651
0.660838
0.661651
0.660838
0.660838
0.660838
0.662058
0.664904
0.662464
0.663278
0.662464
0.659618
0.661651
0.659211
0.661651
0.659211
0.661244
0.660431
0.661651
0.662058
0.658804
0.655958
0.653111
0.654738
0.655551
0.656364
0.660838
0.662058
0.661651
0.664091
0.658804
0.659618
0.656771
0.657178
0.658398
0.663278
0.660024
0.660024
0.661244
0.664091
0.660838
0.655144
0.656771
0.655144
0.658804
0.662058
0.659618
0.660838
0.659618
0.663684
0.659211
0.656771
0.656771
0.657178
0.658804
0.658398
0.662058
0.660838
0.656364
0.660024
0.661651
0.658804
0.657584
0.658804
0.659618
0.658398
0.658804
0.658398
0.659618
0.659211
0.654331
0.653924
0.653518
0.657178
0.662058
0.661244
0.662871
0.665718
0.662464
0.655144
0.658398
0.658398
0.654331
0.657584
0.660431
0.663278
0.662464
0.659618
0.658398
0.657178
0.660838
0.661244
0.655958
0.660431
0.659211
0.658398
0.655551
0.658398
0.657584
0.654331
0.654738
0.659211
0.657991
0.664091
0.665311
0.664091
0.665311
0.665311
0.663684
0.662871
0.663684
0.665311
0.664498
0.665718
0.667344
0.667344
0.664498
0.661651
0.660838
0.660024
0.660431
0.664904
0.662058
0.660838
0.661651
0.661244
0.659618
0.660431
0.659211
0.658804
0.655144
0.654738
0.657584
0.657991
0.655958
0.658804
0.662058
0.662871
0.657584
0.655958
0.653924
0.660838
0.660431
0.660431
0.658398
0.660838
0.662871
0.658398
0.658804
0.657991
0.657178
0.664091
0.663278
0.661651
0.660838
0.663684
0.662871
0.661651
0.660838
0.658804
0.663278
0.664091
0.660838
0.662058
0.666124
0.661651
0.660838
0.657991
0.657991
0.659211
0.657991
0.662058
0.662058
0.658804
0.659618
0.663278
0.660838
0.661244
0.660024
0.659618
0.663684
0.666124
0.665311
0.664904
0.662464
0.658804
0.657991
0.657584
0.659211
0.658398
0.658804
0.657584
0.655144
0.662058
0.662464
0.659618
0.658804
0.658804
0.662871
0.662871
0.657584
0.660838
0.660431
0.659618
0.657991
0.658804
0.656364
0.657584
0.654331
0.662058
0.660838
0.662058
0.664091
0.661651
0.661651
0.662871
0.662871
0.663278
0.663684
0.658804
0.662464
0.663684
0.664091
0.656364
0.656364
0.662871
0.660431
0.660024
0.660024
0.657991
0.655958
0.657178
0.661651
0.660431
0.659618
0.659211
0.657991
0.659211
0.659211
0.656364
0.655551
0.661651
0.663278
0.660431
0.655958
0.656364
0.658398
0.659211
0.662464
0.662058
0.664091
0.663278
0.662464
0.661651
0.659211
0.662058
0.660838
0.660024
0.660431
0.661651
0.658804
0.658804
0.661244
0.655144
0.656364
0.657584
0.662058
0.659618
0.654738
0.657991
0.655958
0.654331
0.655958
0.656364
0.655958
0.657178
0.656771
0.656771
0.657178
0.655144
0.657584
0.658804
0.657991
0.657584
0.659211
0.660024
0.662464
0.663684
0.662058
0.666531
0.660838
0.658804
0.659211
0.658398
0.655958
0.656771
0.664904
0.665311
0.665718
0.665311
0.662058
0.662058
0.662464
0.659618
0.661651
0.657584
0.656364
0.657991
0.661244
0.662058
0.660024
0.661651
0.661651
0.662464
0.664091
0.662058
0.662871
0.664091
0.664498
0.660838
0.658398
0.661244
0.660024
0.660024
0.662464
0.660838
0.662871
0.666124
0.664091
0.662464
0.662871
0.664091
0.664091
0.662464
0.662871
0.661244
0.661651
0.664498
0.660431
0.662058
0.659618
0.660024
0.660838
0.662464
0.659618
0.662871
0.663278
0.663684
0.664498
0.660838
0.660024
0.663278
0.661651
0.660024
0.660431
0.660024
0.661244
0.660431
0.659211
0.660431
0.660838
0.661651
0.661244
0.661244
0.661651
0.660838
0.667751
0.666124
0.661244
0.659211
0.662871
0.660838
0.661651
0.658804
0.661244
0.657584
0.657991
0.660024
0.664498
0.662871
0.662464
0.662871
0.660431
0.659618
0.657991
0.658804
0.658398
0.658398
0.659211
0.655958
0.656771
0.661244
0.659211
0.658398
0.654738
0.657178
0.664498
0.663684
0.660838
0.657584
0.657584
0.662058
0.660024
0.660024
0.659618
0.660024
0.660838
0.659211
0.658398
0.660431
0.659618
0.658804
0.661244
0.656771
0.657584
0.661651
0.663684
0.664091
0.663278
0.663278
0.663684
0.662058
0.661651
0.661244
0.660024
0.659618
0.659211
0.655958
0.654738
0.654738
0.660024
0.660024
0.657584
0.660024
0.662464
0.664904
0.663684
0.659211
0.658398
0.658804
0.656771
0.655958
0.655958
0.657584
0.657178
0.657991
0.656771
0.657178
0.657178
0.657584
0.659618
0.661651
0.662058
0.662871
0.659211
0.658398
0.657178
0.660838
0.661244
0.660838
0.661651
0.664904
0.662871
0.664498
0.654331
0.660024
0.659618
0.661244
0.660431
0.659211
0.658398
0.658398
0.659618
0.659618
0.659211
0.655144
0.657178
0.655958
0.662464
0.660024
0.657584
0.658804
0.660431
0.660431
0.659211
0.659211
0.659211
0.658804
0.661651
0.663278
0.662464
0.661651
0.661651
0.660024
0.658804
0.660431
0.659618
0.658804
0.662464
0.664904
0.664498
0.663684
0.662058
0.657584
0.654331
0.653518
0.655144
0.662058
0.660024
0.657991
0.659211
0.663278
0.664091
0.663684
0.662058
0.661244
0.659618
0.660024
0.660838
0.660024
0.660431
0.661651
0.661244
0.662464
0.663278
0.661244
0.660431
0.661651
0.665311
0.666531
0.666531
0.665718
0.665311
0.662871
0.663278
0.661244
0.661651
0.660838
0.660838
0.660024
0.662058
0.656364
0.657991
0.658398
0.657584
0.657991
0.660838
0.657584
0.659618
0.660838
0.662871
0.659618
0.658804
0.659618
0.661651
0.660024
0.662058
0.660431
0.663684
0.664498
0.660431
0.663278
0.663278
0.664498
0.659618
0.660431
0.663684
0.664904
0.666531
0.665718
0.664091
0.661651
0.664091
0.663278
0.659211
0.656364
0.659211
0.664091
0.668158
0.663278
0.664904
0.662871
0.661244
0.663278
0.657991
0.658398
0.655144
0.658804
0.658804
0.658804
0.657178
0.658804
0.658804
0.660431
0.659618
0.657991
0.656771
0.660431
0.664091
0.661244
0.660838
0.661244
0.659618
0.662464
0.660838
0.661244
0.661651
0.662871
0.662464
0.661651
0.661651
0.661244
0.663278
0.658804
0.660024
0.658398
0.660024
0.662871
0.666124
0.663278
0.660431
0.657178
0.659618
0.658804
0.659618
0.659618
0.660431
0.660024
0.662464
0.662058
0.661244
0.660024
0.663278
0.661244
0.658804
0.659618
0.660838
0.662058
0.663278
0.662058
0.662058
0.663684
0.659618
0.662871
0.662871
0.664091
0.662058
0.660024
0.659211
0.659211
0.659211
0.661244
0.662058
0.661244
0.660431
0.663278
0.664498
0.660838
0.660838
0.660431
0.664904
0.665311
0.661651
0.661651
0.660431
0.660838
0.661651
0.662871
0.659211
0.658804
0.661244
0.662464
0.658804
0.663278
0.664091
0.663684
0.660431
0.662464
0.661244
0.660838
0.657991
0.659618
0.659618
0.660838
0.661651
0.662464
0.662464
0.660431
0.660838
0.661651
0.655958
0.658398
0.662871
0.666124
0.666124
0.660431
0.660431
0.658804
0.659618
0.656364
0.656364
0.653924
0.656771
0.657991
0.654331
0.654738
0.655551
0.656364
0.663278
0.658398
0.660024
0.665718
0.665311
0.662058
0.659211
0.654331
0.658398
0.657991
0.660838
0.660431
0.662058
0.663684
0.662464
0.663684
0.661244
0.658398
0.659211
0.658398
0.660431
0.658398
0.657584
0.660431
0.660838
0.662871
0.663278
0.662058
0.660838
0.660024
0.661651
0.660838
0.661244
0.662871
0.659211
0.655958
0.654331
0.653111
0.656771
0.656364
0.654738
0.656771
0.660024
0.658804
0.661244
0.660838
0.662058
0.661244
0.656364
0.655551
0.654738
0.655551
0.655958
0.657584
0.657991
0.657584
0.658804
0.660024
0.660024
0.660431
0.661651
0.662871
0.664904
0.663278
0.661244
0.664904
0.664904
0.659618
0.658804
0.658804
0.659618
0.660431
0.664091
0.661651
0.659618
0.662058
0.665718
0.657991
0.659211
0.660838
0.662871
0.662464
0.657991
0.657178
0.655958
0.656364
0.656771
0.660431
0.659211
0.657991
0.660024
0.660431
0.657178
0.655958
0.658398
0.658804
0.659618
0.659211
0.660431
0.659211
0.661651
0.661244
0.661244
0.659618
0.659211
0.662058
0.658804
0.658804
0.659618
0.664091
0.665718
0.659618
0.662058
0.659618
0.662058
0.660838
0.658398
0.658398
0.657584
0.660024
0.661244
0.662871
0.660431
0.660838
0.657584
0.659618
0.662464
0.658398
0.657991
0.657178
0.661244
0.659211
0.661651
0.658804
0.657991
0.660838
0.661244
0.655958
0.656771
0.660024
0.660024
0.658398
0.655551
0.655958
0.660024
0.660838
0.662058
0.660838
0.662058
0.662464
0.660838
0.660024
0.660431
0.659618
0.661244
0.660838
0.656364
0.658398
0.660431
0.659211
0.657178
0.652298
0.659211
0.658804
0.660838
0.657991
0.654331
0.657584
0.660431
0.660024
0.660431
0.661651
0.658398
0.659618
0.656771
0.659211
0.656771
0.661244
0.660431
0.655144
0.652704
0.657584
0.660024
0.662871
0.657584
0.650264
0.652298
0.657178
0.657991
0.657991
0.655958
0.654738
0.659618
0.656771
0.654331
0.655958
0.655958
0.658804
0.657584
0.658804
0.660024
0.658398
0.660838
0.660431
0.657584
0.659211
0.660838
0.658804
0.657991
0.658804
0.660024
0.658398
0.661244
0.660838
0.660024
0.660431
0.659211
0.660431
0.659618
0.659618
0.658804
0.657991
0.660838
0.660431
0.660838
0.660838
0.660431
0.655958
0.654331
0.654331
0.654738
0.657178
0.659618
0.654331
0.657584
0.658398
0.658804
0.662058
0.659618
0.658804
0.656771
0.657584
0.659211
0.658804
0.657584
0.657584
0.657178
0.657584
0.656364
0.659618
0.655551
0.657178
0.658398
0.660431
0.663684
0.662871
0.661244
0.657991
0.658804
0.656771
0.660024
0.661244
0.660024
0.657991
0.659211
0.658398
0.660024
0.662058
0.660838
0.661244
0.661244
0.658398
0.659211
0.660838
0.662058
0.663278
0.662058
0.659618
0.660431
0.658398
0.658398
0.658804
0.656364
0.657584
0.656771
0.660024
0.659618
0.660431
0.660024
0.657584
0.655958
0.656364
0.658398
0.661651
0.660838
0.660024
0.659618
0.659211
0.659618
0.658398
0.658398
0.658398
0.660431
0.664091
0.662464
0.662464
0.662464
0.660431
0.657991
0.659618
0.659211
0.664091
0.663684
0.660838
0.655144
0.657178
0.659211
0.658398
0.658804
0.659618
0.662058
0.663684
0.662871
0.661651
0.657178
0.658804
0.660024
0.660431
0.658398
0.655958
0.653111
0.656771
0.663278
0.664091
0.664091
0.663684
0.662871
0.660838
0.661651
0.660838
0.663684
0.663278
0.657178
0.657991
0.657584
0.659211
0.661651
0.659211
0.657178
0.655958
0.661651
0.664498
0.664091
0.660838
0.661244
0.659618
0.658804
0.657584
0.657178
0.660838
0.658398
0.656771
0.658398
0.659211
0.655958
0.654738
0.659618
0.655144
