0.555917
0.556730
0.570557
0.582757
0.592517
0.586417
0.588044
0.586824
0.581537
0.581944
0.585197
0.583571
0.583571
0.583571
0.583571
0.584791
0.584384
0.584384
0.584791
0.584791
0.587637
0.585197
0.587637
0.587637
0.592111
0.594957
0.590891
0.581131
0.575844
0.565677
0.564050
0.563237
0.564457
0.564457
0.563644
0.564457
0.564457
0.565677
0.568930
0.573810
0.584791
0.586011
0.589264
0.592517
0.592517
0.592517
0.592517
0.589671
0.589264
0.588857
0.588044
0.589264
0.589264
0.587637
0.588857
0.589264
0.588857
0.587231
0.587231
0.586011
0.583571
0.579097
0.568117
0.566897
0.561204
0.561610
0.565270
0.564050
0.571777
0.570557
0.575844
0.578691
0.583571
0.585604
0.590077
0.590077
0.591297
0.591297
0.591297
0.589671
0.590077
0.589264
0.588857
0.587231
0.585197
0.583164
0.579504
0.581131
0.578691
0.576657
0.576251
0.581131
0.580317
0.581944
0.581131
0.583571
0.585604
0.590077
0.592517
0.594551
0.594551
0.594957
0.595364
0.593737
0.594957
0.594957
0.594144
0.594144
0.594957
0.594144
0.592111
0.591704
0.589671
0.588451
0.588451
0.590077
0.587637
0.588044
0.588857
0.589671
0.589671
0.588857
0.589671
0.590484
0.589264
0.590891
0.590891
0.589671
0.592111
0.592517
0.594144
0.594551
0.595364
0.600244
0.599431
0.592924
0.594144
0.596177
0.586417
0.608784
0.604311
0.603904
0.607157
0.607564
0.609597
0.610004
0.607564
0.602684
0.599431
0.603497
0.601871
0.600244
0.603497
0.609597
0.605937
0.608377
0.610004
0.605531
0.610004
0.610411
0.613257
0.612037
0.613257
0.613664
0.615291
0.616104
0.617324
0.620577
0.622611
0.617324
0.611631
0.604717
0.601464
0.606751
0.608377
0.602684
0.599837
0.607157
0.609597
0.615697
0.614884
0.608784
0.607971
0.612851
0.614477
0.617324
0.620171
0.620171
0.619764
0.617731
0.618544
0.616917
0.617731
0.618544
0.618137
0.619764
0.620171
0.621391
0.623017
0.621391
0.619764
0.620984
0.623424
0.624644
0.627084
0.627084
0.621391
0.618544
0.617731
0.619357
0.617324
0.613664
0.610817
0.612444
0.617324
0.621797
0.622611
0.617731
0.618544
0.618137
0.618544
0.618951
0.615291
0.613257
0.612037
0.612851
0.608784
0.608377
0.611224
0.612444
0.615697
0.617324
0.618951
0.622611
0.623424
0.621797
0.622204
0.616917
0.615697
0.617731
0.614884
0.611224
0.611224
0.612851
0.610817
0.616104
0.620577
0.625864
0.628711
0.626678
0.618951
0.615291
0.614884
0.617731
0.617731
0.616511
0.613664
0.612037
0.615697
0.614884
0.614477
0.629524
0.617731
0.613257
0.616917
0.618544
0.620171
0.620984
0.620171
0.623424
0.621797
0.623831
0.623424
0.625458
0.624237
0.625864
0.626678
0.627898
0.631151
0.629524
0.630744
0.625051
0.624644
0.626271
0.627084
0.625051
0.625051
0.625051
0.627898
0.626678
0.629118
0.629118
0.629931
0.628711
0.629118
0.627084
0.631558
0.631151
0.629931
0.626271
0.625458
0.630744
0.625051
0.623017
0.622204
0.622204
0.618544
0.617731
0.619357
0.620984
0.621391
0.620171
0.619764
0.620984
0.619357
0.618137
0.615697
0.616511
0.616104
0.615697
0.614884
0.614477
0.613664
0.615291
0.615291
0.615291
0.616104
0.615697
0.618544
0.619764
0.620577
0.620577
0.620171
0.623017
0.625051
0.624644
0.623424
0.624237
0.621797
0.621797
0.621391
0.622611
0.621391
0.619357
0.618951
0.618137
0.618137
0.618951
0.619357
0.620171
0.619357
0.619357
0.619357
0.620171
0.620171
0.620984
0.621391
0.622204
0.620577
0.624237
0.622611
0.622204
0.621391
0.623831
0.622204
0.619764
0.620171
0.620984
0.624644
0.625051
0.627898
0.623424
0.624237
0.622204
0.620577
0.620577
0.624237
0.621797
0.622204
0.622204
0.622204
0.622611
0.623017
0.624237
0.623017
0.622611
0.621391
0.621797
0.620984
0.621391
0.623424
0.623017
0.621797
0.620577
0.620577
0.618951
0.621797
0.624644
0.623831
0.624644
0.624237
0.625864
0.624644
0.625051
0.625051
0.624644
0.624644
0.624644
0.624644
0.623017
0.621797
0.623424
0.621391
0.620171
0.622611
0.619764
0.620171
0.620171
0.618137
0.619357
0.620171
0.620577
0.621797
0.626678
0.622204
0.620984
0.618951
0.618951
0.621797
0.618137
0.622204
0.622204
0.624644
0.624644
0.622204
0.623424
0.624237
0.626271
0.625458
0.624237
0.624644
0.626678
0.627084
0.627898
0.629931
0.631151
0.628711
0.629931
0.627084
0.628304
0.627491
0.624237
0.623017
0.626271
0.624237
0.626271
0.625458
0.625458
0.624644
0.622611
0.622204
0.624644
0.623017
0.621391
0.621797
0.622611
0.621797
0.620984
0.620577
0.623831
0.623831
0.623831
0.625864
0.625458
0.627898
0.629118
0.630338
0.630744
0.631151
0.631151
0.628711
0.630338
0.629931
0.628711
0.628304
0.629931
0.628304
0.625051
0.624237
0.624237
0.628304
0.626271
0.626271
0.625458
0.627084
0.627084
0.626271
0.627084
0.625864
0.627491
0.624644
0.624237
0.625864
0.623831
0.626678
0.628711
0.628304
0.626678
0.627084
0.627084
0.627491
0.627898
0.625864
0.625458
0.624644
0.623424
0.625458
0.625051
0.624644
0.625458
0.627898
0.631964
0.631558
0.631964
0.633184
0.636844
0.638064
0.635624
0.631151
0.631964
0.630744
0.625864
0.626271
0.626271
0.626271
0.628304
0.629931
0.625051
0.624237
0.624237
0.625864
0.626678
0.627491
0.624644
0.628711
0.627898
0.629524
0.625051
0.625051
0.625458
0.625864
0.622204
0.625864
0.622611
0.623831
0.623831
0.624644
0.621391
0.623017
0.621391
0.622611
0.624237
0.626271
0.630338
0.631151
0.629931
0.629931
0.628304
0.626271
0.625864
0.627491
0.627898
0.627084
0.630744
0.629931
0.632371
0.631964
0.633184
0.631558
0.635218
0.637251
0.639691
0.636438
0.637251
0.636844
0.636844
0.634811
0.636438
0.636031
0.641318
0.644978
0.645791
0.645791
0.641724
0.642538
0.641724
0.638878
0.637658
0.638064
0.638878
0.629524
0.631151
0.629118
0.631151
0.626678
0.626678
0.624237
0.626271
0.631151
0.633998
0.635218
0.635624
0.636031
0.636844
0.637658
0.638878
0.639284
0.639284
0.640504
0.637251
0.639284
0.641724
0.638878
0.638471
0.638471
0.637658
0.637658
0.636844
0.635218
0.633998
0.634404
0.634404
0.633998
0.632778
0.632778
0.633591
0.634811
0.634404
0.635218
0.637251
0.634811
0.633591
0.633184
0.635624
0.635624
0.636438
0.635624
0.635624
0.636031
0.635218
0.634404
0.633591
0.632371
0.633998
0.634404
0.635218
0.635624
0.634404
0.633591
0.632371
0.631151
0.632778
0.634404
0.633591
0.633998
0.632371
0.630744
0.631558
0.631558
0.635218
0.635218
0.638471
0.633591
0.635624
0.638064
0.636844
0.639284
0.642131
0.645791
0.642538
0.639691
0.635624
0.638878
0.633184
0.635624
0.637658
0.637658
0.635624
0.636031
0.633998
0.630338
0.631964
0.628711
0.627898
0.627491
0.629118
0.629931
0.629931
0.629931
0.629118
0.629931
0.630744
0.627898
0.630744
0.631151
0.633184
0.635624
0.636438
0.635624
0.636844
0.636031
0.636844
0.634404
0.636438
0.634811
0.636031
0.637251
0.636031
0.638064
0.639691
0.637658
0.636844
0.636438
0.639691
0.640504
0.638471
0.640504
0.640911
0.639284
0.639284
0.638064
0.642131
0.642131
0.640911
0.642944
0.640911
0.639691
0.642538
0.639284
0.639691
0.641724
0.641724
0.641724
0.635218
0.636438
0.637658
0.640098
0.640504
0.637658
0.636438
0.638064
0.639284
0.640098
0.643758
0.641724
0.639284
0.640098
0.639284
0.639691
0.638878
0.638064
0.636844
0.639284
0.638471
0.637251
0.638878
0.640504
0.644571
0.647011
0.648231
0.647824
0.642131
0.644978
0.647824
0.648231
0.651891
0.651891
0.654738
0.655144
0.652704
0.647824
0.646604
0.648231
0.647011
0.646198
0.641318
0.638064
0.642131
0.647418
0.645791
0.647824
0.646604
0.644571
0.646198
0.645384
0.644978
0.642538
0.642944
0.642131
0.642131
0.641724
0.640911
0.641724
0.640504
0.639284
0.640098
0.639691
0.637251
0.640911
0.638878
0.639691
0.640504
0.640098
0.641724
0.641724
0.640504
0.641318
0.642944
0.642538
0.641724
0.644164
0.644571
0.647011
0.646198
0.646604
0.647418
0.646198
0.647011
0.646604
0.647011
0.647824
0.645791
0.646604
0.646198
0.642131
0.645384
0.644571
0.642944
0.643351
0.647011
0.647418
0.648638
0.644978
0.644164
0.642131
0.640911
0.639691
0.637658
0.638064
0.638878
0.640098
0.639691
0.641724
0.642538
0.643351
0.642131
0.641318
0.642944
0.643351
0.644978
0.643758
0.639691
0.636844
0.641724
0.640911
0.645384
0.647418
0.647011
0.647418
0.643351
0.640911
0.642538
0.642131
0.642131
0.641318
0.639284
0.641318
0.638064
0.639284
0.640504
0.640098
0.638471
0.639691
0.635624
0.636031
0.643758
0.637658
0.634811
0.630744
0.631558
0.630744
0.633998
0.634404
0.642538
0.640504
0.640098
0.636438
0.640098
0.633998
0.630744
0.630744
0.633591
0.633998
0.637251
0.635218
0.636438
0.634811
0.634404
0.634404
0.636438
0.635218
0.635624
0.636844
0.632778
0.632778
0.631964
0.634404
0.639691
0.642131
0.641318
0.640911
0.642538
0.642538
0.642944
0.643758
0.644164
0.642538
0.642538
0.644571
0.644164
0.644571
0.643758
0.647011
0.645791
0.643758
0.643351
0.643351
0.643351
0.640098
0.634811
0.630744
0.629524
0.630744
0.631964
0.631151
0.630338
0.629524
0.633184
0.633591
0.633591
0.636031
0.638064
0.640504
0.641318
0.641724
0.640911
0.641318
0.639284
0.639284
0.639691
0.640911
0.644571
0.643351
0.644164
0.644164
0.642538
0.642944
0.644571
0.642944
0.641724
0.644164
0.641724
0.643758
0.642538
0.644571
0.648231
0.649044
0.647011
0.647418
0.644164
0.646198
0.645384
0.646604
0.644164
0.642131
0.644164
0.645384
0.646198
0.649451
0.647011
0.644978
0.646604
0.646604
0.645791
0.640504
0.642131
0.642131
0.642538
0.642131
0.640504
0.640911
0.640098
0.639284
0.637251
0.637658
0.638064
0.636844
0.637251
0.636031
0.635218
0.635624
0.635218
0.633998
0.632371
0.631558
0.631151
0.631558
0.632371
0.637251
0.640098
0.640504
0.644164
0.644571
0.646198
0.643758
0.644571
0.645384
0.647418
0.646198
0.647011
0.647418
0.648638
0.648231
0.646604
0.649044
0.647418
0.647011
0.645791
0.646198
0.645384
0.644978
0.644164
0.641724
0.640504
0.640098
0.640504
0.641724
0.642944
0.644978
0.647418
0.648231
0.650671
0.653924
0.653111
0.653518
0.652704
0.651891
0.643351
0.642131
0.650264
0.647011
0.637251
0.638471
0.641318
0.643758
0.645791
0.644978
0.644164
0.638471
0.639284
0.640504
0.647824
0.645791
0.651891
0.649451
0.650671
0.647011
0.647824
0.648231
0.647011
0.644164
0.642538
0.642538
0.642131
0.642131
0.643351
0.645791
0.646604
0.647418
0.647418
0.651484
0.651484
0.651891
0.651078
0.650264
0.649858
0.650671
0.649858
0.649858
0.649451
0.649044
0.648638
0.648638
0.646604
0.646198
0.644164
0.642944
0.644164
0.644164
0.643351
0.640911
0.640911
0.641318
0.638878
0.638878
0.639284
0.640911
0.641318
0.642538
0.645384
0.645791
0.647011
0.646604
0.651078
0.650264
0.650671
0.651078
0.652704
0.653924
0.651891
0.649858
0.647011
0.647011
0.647011
0.647011
0.649451
0.648231
0.647418
0.647418
0.645791
0.642944
0.647418
0.644164
0.642944
0.638878
0.639691
0.636031
0.636031
0.635624
0.636031
0.638471
0.637658
0.638471
0.638471
0.640504
0.638878
0.635624
0.632371
0.633591
0.633591
0.633184
0.632778
0.632371
0.635218
0.634811
0.632371
0.634811
0.636031
0.637658
0.637251
0.638878
0.638471
0.639691
0.638471
0.638471
0.638471
0.639284
0.638878
0.638471
0.638878
0.640504
0.640504
0.641724
0.643351
0.642131
0.641724
0.640911
0.639284
0.638064
0.636438
0.635624
0.637658
0.638471
0.639691
0.639284
0.637251
0.637251
0.638471
0.638878
0.640504
0.641318
0.640504
0.641724
0.641724
0.638878
0.637658
0.636031
0.637658
0.637251
0.638471
0.640911
0.643351
0.640911
0.642944
0.639284
0.640911
0.640098
0.638471
0.639284
0.638064
0.639284
0.639691
0.638878
0.641318
0.640911
0.642131
0.640504
0.642131
0.642131
0.642538
0.647011
0.645791
0.644978
0.643758
0.641318
0.638471
0.640098
0.640911
0.642538
0.642944
0.640911
0.642131
0.645791
0.645791
0.644978
0.646198
0.647011
0.647011
0.647824
0.648231
0.649451
0.649044
0.649858
0.650671
0.649451
0.649451
0.651484
0.653924
0.653518
0.652704
0.649451
0.649858
0.647824
0.649044
0.647824
0.649451
0.649858
0.649858
0.649858
0.651484
0.652704
0.653111
0.653111
0.652298
0.650671
0.649451
0.648638
0.647418
0.646604
0.646604
0.647011
0.648231
0.649044
0.649451
0.649044
0.649044
0.651891
0.651078
0.651484
0.650264
0.649858
0.648638
0.648638
0.649451
0.650671
0.647418
0.640504
0.632371
0.634404
0.633591
0.637658
0.638878
0.635218
0.633591
0.632778
0.634811
0.635624
0.635624
0.634811
0.634811
0.633184
0.635624
0.635624
0.631558
0.631558
0.633591
0.638878
0.636438
0.637251
0.636438
0.634404
0.632371
0.634404
0.633998
0.629118
0.629524
0.633591
0.633591
0.633998
0.633184
0.634811
0.634404
0.634811
0.640098
0.642131
0.640098
0.643351
0.647011
0.649858
0.653518
0.652298
0.651891
0.650671
0.647824
0.642944
0.642944
0.643758
0.641724
0.640504
0.636031
0.637251
0.638471
0.642538
0.643351
0.644164
0.643758
0.644571
0.644164
0.641318
0.642944
0.644571
0.644571
0.646604
0.646198
0.645791
0.643758
0.641318
0.647418
0.646198
0.646604
0.647824
0.649451
0.650264
0.651484
0.651891
0.653111
0.651484
0.651078
0.653111
0.649451
0.648638
0.647418
0.647824
0.649451
0.650264
0.648638
0.649858
0.655551
0.655144
0.655144
0.651891
0.649451
0.646198
0.643758
0.642538
0.647011
0.649858
0.649044
0.648231
0.647418
0.646604
0.646198
0.645384
0.647011
0.646198
0.648638
0.644978
0.644978
0.646604
0.648638
0.648638
0.650264
0.651484
0.650671
0.651484
0.649044
0.648231
0.649044
0.649044
0.647824
0.647824
0.647418
0.647824
0.648638
0.649451
0.649044
0.649044
0.649451
0.648231
0.647418
0.647418
0.648231
0.649044
0.646604
0.647011
0.648638
0.650671
0.647418
0.649044
0.651078
0.653518
0.653924
0.654738
0.653111
0.652704
0.653518
0.653924
0.653518
0.654331
0.650264
0.647824
0.649451
0.652298
0.648638
0.650264
0.652298
0.651078
0.651078
0.651078
0.652704
0.651078
0.649044
0.648231
0.648638
0.647418
0.649044
0.648638
0.648231
0.650264
0.649451
0.652298
0.654738
0.653518
0.651078
0.653111
0.653111
0.652298
0.650671
0.651078
0.646604
0.646604
0.646198
0.649451
0.650671
0.649858
0.650671
0.650264
0.649044
0.649451
0.649044
0.650671
0.649044
0.650264
0.650264
0.649858
0.649044
0.651078
0.649044
0.649858
0.646604
0.647418
0.647418
0.648638
0.652298
0.652298
0.652298
0.654331
0.652298
0.649044
0.651484
0.655144
0.653111
0.653111
0.652298
0.651484
0.652298
0.651891
0.651078
0.651484
0.652704
0.651484
0.651891
0.652704
0.653111
0.653111
0.654331
0.655551
0.654738
0.655551
0.655958
0.653111
0.647418
0.645791
0.646198
0.647011
0.644164
0.644978
0.645791
0.647418
0.646198
0.647011
0.650671
0.652704
0.652298
0.654738
0.654331
0.651484
0.648231
0.648231
0.649858
0.653111
0.653111
0.651891
0.653518
0.652704
0.651891
0.651078
0.647824
0.645791
0.647418
0.647011
0.645384
0.643758
0.644571
0.643351
0.644164
0.644571
0.644978
0.646198
0.647011
0.649044
0.648231
0.649858
0.651484
0.652704
0.649044
0.648638
0.647418
0.646604
0.645384
0.645384
0.644978
0.645384
0.643758
0.644978
0.646198
0.646604
0.646604
0.644978
0.649044
0.651078
0.652704
0.654738
0.653924
0.656364
0.657584
0.655958
0.656771
0.658804
0.658804
0.655958
0.652704
0.652298
0.650264
0.648231
0.644164
0.643758
0.644164
0.637658
0.642538
0.633998
0.633998
0.636438
0.635624
0.636031
0.636438
0.634811
0.635218
0.635624
0.636031
0.634404
0.632371
0.633998
0.631964
0.634404
0.633998
0.631558
0.630338
0.630744
0.633184
0.634811
0.645384
0.654738
0.653111
0.647418
0.642944
0.640911
0.639284
0.637251
0.634404
0.636438
0.636031
0.639284
0.642131
0.633591
0.631151
0.638471
0.638878
0.643351
0.641724
0.641724
0.644164
0.647418
0.643758
0.644978
0.642131
0.640504
0.640911
0.638471
0.638878
0.637251
0.640098
0.646604
0.647824
0.649858
0.650671
0.650671
0.651891
0.650671
0.653518
0.651891
0.651078
0.650264
0.650264
0.651891
0.653518
0.655144
0.653924
0.655551
0.657178
0.659211
0.660024
0.660024
0.659618
0.660431
0.659618
0.660838
0.661651
0.661651
0.663278
0.664091
0.661651
0.658398
0.656771
0.658398
0.652704
0.653924
0.655551
0.647418
0.655958
0.655958
0.653924
0.653111
0.651891
0.655144
0.655958
0.656364
0.651484
0.646604
0.647011
0.647418
0.646198
0.647418
0.652704
0.651891
0.649858
0.651891
0.652704
0.652704
0.653518
0.654738
0.655958
0.653924
0.654738
0.653518
0.653518
0.653111
0.651891
0.649858
0.650671
0.650671
0.649858
0.649451
0.650264
0.652704
0.651078
0.651891
0.652298
0.651078
0.653111
0.650671
0.649044
0.653111
0.651078
0.653111
0.652298
0.653111
0.652704
0.653518
0.652704
0.650671
0.650264
0.651891
0.651891
0.652704
0.652704
0.653518
0.652298
0.652704
0.651078
0.650671
0.649858
0.653518
0.652298
0.643758
0.639284
0.635624
0.632778
0.633998
0.631558
0.631558
0.632371
0.634811
0.634404
0.634404
0.633591
0.631558
0.633184
0.633184
0.634811
0.632778
0.634811
0.634811
0.631964
0.630338
0.629524
0.629524
0.627898
0.629524
0.631558
0.633184
0.633998
0.633591
0.634404
0.636438
0.637251
0.637251
0.638064
0.637658
0.633591
0.633998
0.632371
0.632778
0.632371
0.633591
0.633591
0.634404
0.633184
0.633998
0.631964
0.630338
0.629931
0.631151
0.628711
0.631151
0.631964
0.631151
0.631964
0.631151
0.631558
0.633184
0.633184
0.633998
0.633591
0.632371
0.632371
0.633184
0.631558
0.633184
0.633184
0.633591
0.635624
0.634811
0.632778
0.631558
0.631151
0.631964
0.633184
0.633591
0.633998
0.633591
0.635624
0.636031
0.634811
0.636031
0.634404
0.635624
0.633591
0.633591
0.638878
0.636844
0.639691
0.640098
0.641318
0.642131
0.642131
0.644978
0.647011
0.659211
0.655551
0.656364
0.659618
0.653924
0.647418
0.647011
0.645791
0.644571
0.644571
0.645791
0.644978
0.649044
0.652704
0.655144
0.654331
0.652298
0.651891
0.651891
0.651078
0.650671
0.649451
0.650264
0.650264
0.649858
0.649858
0.650264
0.650671
0.649044
0.649451
0.647824
0.649044
0.649451
0.649858
0.649044
0.649858
0.648231
0.648231
0.648231
0.646604
0.647824
0.649044
0.649858
0.648231
0.649451
0.650671
0.651891
0.653518
0.654331
0.653111
0.655551
0.655958
0.657178
0.656364
0.658804
0.658804
0.660024
0.658804
0.659211
0.658804
0.658398
0.658398
0.655958
0.655144
0.654331
0.653518
0.652298
0.653924
0.655551
0.656771
0.655551
0.655958
0.655144
0.654331
0.655144
0.654331
0.657178
0.655144
0.657178
0.657584
0.653924
0.656771
0.656771
0.656771
0.656771
0.658398
0.657991
0.656771
0.656364
0.658398
0.657178
0.656771
0.655144
0.655551
0.655144
0.655958
0.657178
0.655958
0.655144
0.654738
0.654738
0.655551
0.655144
0.653924
0.653518
0.652298
0.650671
0.650264
0.652704
0.651891
0.652704
0.653518
0.653518
0.656364
0.657991
0.657584
0.655958
0.655958
0.657178
0.657991
0.658804
0.656364
0.657584
0.653518
0.654738
0.653924
0.653518
0.657584
0.658398
0.656364
0.657584
0.656771
0.661651
0.660024
0.659211
0.657991
0.657991
0.659211
0.660431
0.659211
0.659618
0.659618
0.660024
0.660024
0.660838
0.659211
0.658398
0.658804
0.658804
0.659618
0.659211
0.656364
0.657178
0.657991
0.652704
0.653924
0.641724
0.635624
0.635624
0.632371
0.636844
0.638878
0.641724
0.645384
0.640911
0.644978
0.641318
0.642944
0.642538
0.650264
0.648231
0.647011
0.652704
0.652704
0.653924
0.653518
0.653111
0.653924
0.653518
0.651484
0.651891
0.651484
0.651078
0.651484
0.651078
0.650671
0.651891
0.650671
0.653111
0.651078
0.649858
0.650671
0.652704
0.654738
0.655144
0.654331
0.653924
0.653111
0.655144
0.654331
0.653924
0.653924
0.654738
0.655551
0.658398
0.657178
0.658804
0.655958
0.654331
0.654738
0.651891
0.653111
0.655144
0.657178
0.656364
0.653111
0.653518
0.651891
0.651891
0.652704
0.653518
0.653924
0.653111
0.654331
0.652704
0.651484
0.653518
0.653518
0.653518
0.655144
0.653518
0.655144
0.655144
0.655144
0.656364
0.655551
0.657584
0.659618
0.659211
0.658398
0.658804
0.660024
0.659618
0.657178
0.655958
0.653518
0.653924
0.655144
0.653924
0.651891
0.651891
0.649858
0.648231
0.645384
0.645384
0.644978
0.641318
0.642944
0.642131
0.643758
0.643758
0.644164
0.645384
0.647418
0.653518
0.656771
0.657991
0.657178
0.658398
0.658398
0.657584
0.657178
0.658804
0.656771
0.651484
0.645384
0.645384
0.651078
0.640504
0.635218
0.633184
0.634811
0.632778
0.633591
0.631964
0.630744
0.632778
0.630744
0.629931
0.629118
0.628304
0.627084
0.629524
0.629118
0.631151
0.628711
0.628711
0.629524
0.631151
0.632778
0.632371
0.632778
0.633998
0.632371
0.632371
0.631964
0.628304
0.626678
0.628711
0.626678
0.626678
0.625864
0.624644
0.626271
0.626271
0.625864
0.629524
0.629118
0.629118
0.629118
0.632371
0.633591
0.633591
0.629524
0.629931
0.632371
0.631558
0.631151
0.630744
0.629931
0.630338
0.632778
0.633184
0.630744
0.630744
0.635218
0.635218
0.635218
0.633998
0.634404
0.633998
0.635624
0.636031
0.634404
0.633998
0.631964
0.629118
0.627084
0.629118
0.628304
0.635624
0.637658
0.636844
0.639691
0.640911
0.639691
0.637658
0.640098
0.639691
0.638064
0.636031
0.636031
0.637658
0.642944
0.644571
0.642944
0.643351
0.641318
0.643758
0.642944
0.640911
0.639691
0.640098
0.637658
0.635218
0.634811
0.633184
0.632371
0.631151
0.632371
0.630744
0.631151
0.632371
0.633591
0.633998
0.633184
0.631151
0.631558
0.631151
0.631964
0.631964
0.632778
0.633998
0.633591
0.633998
0.633591
0.632778
0.634811
0.636844
0.634811
0.639284
0.639691
0.642131
0.645384
0.653111
0.652704
0.651891
0.653111
0.656364
0.654738
0.652298
0.646198
0.643758
0.638878
0.640098
0.639691
0.642944
0.645384
0.643351
0.639691
0.646198
0.649044
0.651078
0.651484
0.652298
0.651484
0.653518
0.654331
0.655551
0.654331
0.653518
0.653924
0.653924
0.654738
0.653924
0.652298
0.652704
0.656364
0.655144
0.652704
0.652704
0.650264
0.649858
0.646198
0.648231
0.646198
0.646604
0.647418
0.648638
0.649451
0.651484
0.652298
0.652704
0.652298
0.654738
0.655551
0.655958
0.655144
0.656771
0.656364
0.655551
0.655144
0.654331
0.655144
0.656364
0.648638
0.654738
0.653111
0.653518
0.649044
0.649451
0.649451
0.651078
0.646198
0.647824
0.644164
0.643758
0.643758
0.647824
0.644571
0.645384
0.644164
0.642538
0.641724
0.643351
0.641318
0.645791
0.647418
0.647824
0.649044
0.644978
0.642944
0.644571
0.644978
0.646604
0.651078
0.651484
0.652704
0.653111
0.651484
0.653518
0.653111
0.655551
0.654738
0.653111
0.652298
0.654738
0.654738
0.654738
0.654738
0.654331
0.654738
0.654331
0.655144
0.653518
0.653518
0.655958
0.655144
0.654331
0.653924
0.653518
0.652704
0.649858
0.653518
0.653111
0.651484
0.652704
0.653924
0.654738
0.655144
0.653518
0.653518
0.654738
0.653111
0.653111
0.651484
0.654738
0.657178
0.657584
0.657178
0.653518
0.647824
0.647418
0.650671
0.654331
0.653924
0.655144
0.653518
0.651078
0.652704
0.650264
0.652298
0.653518
0.653518
0.652704
0.652298
0.653111
0.651078
0.649858
0.650671
0.650264
0.651078
0.650264
0.650671
0.651484
0.649858
0.647824
0.648638
0.647418
0.647418
0.647824
0.648638
0.647824
0.647418
0.648231
0.651078
0.651891
0.651078
0.653111
0.653924
0.654738
0.654738
0.655958
0.655551
0.656364
0.655144
0.655958
0.656771
0.658398
0.658804
0.660024
0.657991
0.655958
0.654738
0.653924
0.654331
0.654738
0.653518
0.653111
0.656364
0.655958
0.654738
0.657584
0.655144
0.653111
0.652704
0.653111
0.651078
0.650264
0.652704
0.652704
0.651078
0.652704
0.653924
0.656364
0.657991
0.655551
0.654331
0.654738
0.651891
0.653111
0.650671
0.654331
0.653924
0.654331
0.653518
0.651078
0.652704
0.651891
0.653924
0.653518
0.657991
0.653518
0.652298
0.652298
0.651484
0.652704
0.654331
0.653111
0.653924
0.652704
0.656364
0.655551
0.655551
0.655958
0.654738
0.655551
0.653518
0.651484
0.651484
0.653924
0.652298
0.643351
0.650671
0.652298
0.650671
0.648231
0.646198
0.647824
0.649044
0.646604
0.647824
0.647011
0.649451
0.647824
0.649044
0.651891
0.652704
0.655144
0.654738
0.651078
0.644164
0.641724
0.642944
0.643758
0.644164
0.643758
0.642538
0.640098
0.637658
0.640098
0.650671
0.651891
0.651078
0.651078
0.652298
0.651891
0.652704
0.654331
0.653518
0.652704
0.654331
0.651891
0.652704
0.653518
0.655144
0.655144
0.651484
0.653111
0.654738
0.656771
0.652704
0.655551
0.655551
0.655958
0.653111
0.654331
0.650671
0.652704
0.651891
0.650264
0.645791
0.646604
0.644978
0.642538
0.641318
0.640504
0.643758
0.643758
0.644164
0.643351
0.644164
0.644571
0.646198
0.646604
0.650671
0.652704
0.651891
0.656771
0.654331
0.653924
0.657584
0.655958
0.656364
0.655144
0.657178
0.655551
0.654331
0.655144
0.657584
0.658398
0.657178
0.660431
0.658804
0.659618
0.655144
0.653924
0.648231
0.644164
0.645384
0.644571
0.642131
0.641724
0.647011
0.649858
0.647418
0.649858
0.651891
0.653924
0.654738
0.654331
0.655551
0.653518
0.654331
0.654331
0.653924
0.654331
0.655958
0.656364
0.654331
0.654331
0.653924
0.642944
0.647418
0.654738
0.655144
0.651078
0.648638
0.644164
0.642944
0.642944
0.642944
0.640911
0.642538
0.642538
0.640911
0.639284
0.640504
0.640911
0.640098
0.640911
0.641318
0.640098
0.642538
0.643351
0.644978
0.646198
0.647418
0.650264
0.653111
0.654331
0.656771
0.658398
0.656364
0.653518
0.646604
0.646604
0.650264
0.641724
0.638878
0.641318
0.640911
0.639284
0.639284
0.642538
0.646198
0.652298
0.655551
0.655144
0.656771
0.655144
0.653924
0.653111
0.656364
0.656364
0.656771
0.655144
0.653111
0.651078
0.649858
0.648638
0.649451
0.652298
0.652704
0.652704
0.654738
0.657991
0.656364
0.658398
0.658398
0.657584
0.655958
0.655958
0.658398
0.657178
0.657584
0.654331
0.653111
0.653518
0.654738
0.651891
0.651484
0.655551
0.656364
0.657178
0.656364
0.655958
0.655551
0.656364
0.656364
0.656771
0.656771
0.656364
0.656771
0.655958
0.653518
0.652298
0.650264
0.647824
0.644978
0.643758
0.645791
0.647011
0.647011
0.644978
0.644571
0.642944
0.641318
0.641318
0.643758
0.644978
0.648638
0.651891
0.652298
0.653924
0.652298
0.651891
0.652704
0.655144
0.655144
0.655551
0.653518
0.653111
0.653518
0.654331
0.656364
0.654331
0.653518
0.654331
0.658398
0.658398
0.651891
0.650264
0.650671
0.648231
0.647011
0.647011
0.648231
0.653518
0.653518
0.655551
0.658804
0.657584
0.656771
0.655551
0.657178
0.656364
0.654331
0.654738
0.655958
0.655144
0.656364
0.657584
0.657178
0.652298
0.640504
0.640098
0.638471
0.639691
0.639284
0.642131
0.651891
0.656364
0.654331
0.653924
0.652704
0.650671
0.651078
0.650671
0.650671
0.649044
0.646198
0.646604
0.647011
0.647011
0.648231
0.645791
0.647011
0.646198
0.645384
0.647418
0.647418
0.647011
0.647824
0.649044
0.651078
0.653518
0.655144
0.655551
0.655958
0.655958
0.654331
0.653924
0.654331
0.651484
0.653111
0.653924
0.652704
0.652298
0.653111
0.653924
0.653518
0.653518
0.654331
0.653111
0.653518
0.653111
0.651891
0.652704
0.644978
0.655144
0.656364
0.657178
0.656364
0.652704
0.650671
0.645791
0.645791
0.642538
0.640911
0.640504
0.640504
0.640098
0.640504
0.641318
0.642131
0.642944
0.644978
0.647011
0.646604
0.649451
0.650671
0.653924
0.652704
0.653111
0.654331
0.653111
0.652704
0.652298
0.651891
0.653518
0.655958
0.656364
0.655144
0.655958
0.657584
0.656364
0.651891
0.649044
0.647418
0.644978
0.644164
0.644978
0.643758
0.642538
0.640504
0.640911
0.642131
0.643758
0.644164
0.642538
0.646198
0.646604
0.650671
0.656771
0.655958
0.653924
0.660838
0.659618
0.652704
0.649044
0.642538
0.641318
0.640098
0.640098
0.640504
0.638878
0.644164
0.653518
0.655144
0.657178
0.656771
0.647418
0.646198
0.642131
0.640911
0.635624
0.635624
0.623424
0.618951
0.618544
0.618544
0.619357
0.623424
0.631151
0.640504
0.645384
0.633184
0.640098
0.642131
0.640098
0.642538
0.643351
0.644978
0.642538
0.644164
0.642131
0.644571
0.645791
0.642538
0.642538
0.644978
0.647418
0.647011
0.646198
0.650264
0.651484
0.653111
0.653518
0.653518
0.653924
0.652298
0.652298
0.653518
0.653924
0.651891
0.650671
0.651484
0.651484
0.650671
0.650264
0.651484
0.652298
0.651484
0.653924
0.653924
0.655144
0.653518
0.656364
0.655958
0.655144
0.653111
0.655551
0.654331
0.656364
0.655958
0.655144
0.653924
0.652704
0.653111
0.651891
0.651891
0.652704
0.652704
0.652704
0.651891
0.652298
0.654738
0.657178
0.654738
0.655958
0.655551
0.653924
0.655144
0.654331
0.654738
0.655144
0.654738
0.655551
0.656771
0.655958
0.655958
0.656771
0.655958
0.656771
0.657178
0.659211
0.658804
0.655958
0.654331
0.652704
0.652298
0.649044
0.649858
0.649044
0.651078
0.649451
0.649451
0.650671
0.651078
0.650671
0.652298
0.651891
0.651078
0.651484
0.655551
0.657178
0.653924
0.653518
0.655551
0.656771
0.655144
0.655551
0.653111
0.650671
0.648638
0.647418
0.645384
0.645384
0.645791
0.646604
0.648231
0.649044
0.649451
0.650671
0.650264
0.649858
0.648638
0.650264
0.653111
0.655551
0.658398
0.660024
0.659211
0.658804
0.657178
0.655958
0.657584
0.658398
0.657584
0.659211
0.660838
0.660431
0.658804
0.657584
0.654738
0.656364
0.657178
0.659618
0.659211
0.660838
0.658398
0.657178
0.655551
0.656364
0.656364
0.658398
0.657584
0.660838
0.660838
0.660024
0.655551
0.655958
0.657991
0.658398
0.659618
0.660838
0.660024
0.657178
0.654738
0.655958
0.654738
0.650671
0.643758
0.651078
0.653924
0.653924
0.655958
0.658398
0.656771
0.651078
0.648638
0.648231
0.647011
0.647011
0.647011
0.643351
0.642131
0.642944
0.643351
0.643351
0.640911
0.640911
0.639691
0.644978
0.646198
0.644571
0.645791
0.648231
0.648231
0.650264
0.652298
0.654331
0.655958
0.657991
0.657991
0.653518
0.655551
0.655958
0.656364
0.658398
0.658398
0.655958
0.655958
0.654331
0.657178
0.656364
0.656771
0.655958
0.656364
0.655551
0.657178
0.655958
0.655551
0.656364
0.656771
0.657178
0.657991
0.660024
0.664091
0.662871
0.658398
0.660024
0.657584
0.656364
0.655144
0.655958
0.652704
0.652298
0.652704
0.652704
0.651891
0.651078
0.650671
0.651484
0.653111
0.655958
0.660024
0.659618
0.658398
0.656771
0.655551
0.655958
0.655551
0.653924
0.655551
0.654331
0.657991
0.657178
0.658398
0.660431
0.659211
0.660431
0.662871
0.654738
0.653518
0.647418
0.648231
0.648231
0.648638
0.647011
0.645384
0.647011
0.647011
0.647824
0.648231
0.649451
0.650671
0.649858
0.650671
0.652704
0.654738
0.655958
0.656364
0.656771
0.657178
0.657991
0.660838
0.659211
0.660431
0.659211
0.660431
0.658398
0.659211
0.660024
0.658398
0.660838
0.660431
0.665311
0.658398
0.658804
0.654331
0.650264
0.649451
0.651078
0.650671
0.649044
0.650264
0.649044
0.651078
0.652704
0.651078
0.657178
0.657584
0.654331
0.656771
0.657178
0.659211
0.656364
0.656364
0.658804
0.662464
0.661244
0.658804
0.654738
0.656364
0.654738
0.654738
0.655144
0.655958
0.655958
0.658804
0.657991
0.657178
0.660838
0.658398
0.657991
0.657584
0.655958
0.657178
0.655958
0.653518
0.651484
0.651078
0.649858
0.649858
0.649451
0.651484
0.649451
0.651891
0.652298
0.653518
0.655144
0.655958
0.657178
0.656364
0.658398
0.657584
0.657178
0.654738
0.655144
0.653924
0.654738
0.653518
0.656771
0.657584
0.657584
0.655551
0.657584
0.655958
0.655551
0.657991
0.658804
0.659618
0.660431
0.662464
0.661244
0.660838
0.662464
0.661651
0.663684
0.661651
0.662058
0.660838
0.661651
0.660838
0.659211
0.656771
0.657178
0.657991
0.655958
0.654331
0.653924
0.655551
0.653924
0.653924
0.655958
0.658398
0.658804
0.657584
0.656771
0.657584
0.655958
0.656771
0.654738
0.655958
0.657991
0.660431
0.658804
0.656364
0.655958
0.655144
0.656364
0.657991
0.660024
0.659618
0.658804
0.660024
0.657991
0.658398
0.655958
0.654331
0.650671
0.649858
0.647418
0.647824
0.648231
0.648638
0.649451
0.649044
0.648638
0.647011
0.647418
0.648231
0.649044
0.648638
0.649451
0.651891
0.653111
0.657178
0.656771
0.656364
0.657991
0.658398
0.657178
0.656771
0.655551
0.657991
0.659211
0.661244
0.660431
0.660431
0.662871
0.665311
0.659211
0.656364
0.655551
0.651891
0.651891
0.655551
0.655958
0.655551
0.657178
0.656364
0.660024
0.659618
0.660024
0.660024
0.661651
0.662058
0.662464
0.662464
0.662058
0.662464
0.661651
0.660838
0.661651
0.660024
0.657584
0.660838
0.662464
0.662464
0.660431
0.658804
0.657584
0.654738
0.654738
0.656364
0.660431
0.660431
0.661244
0.663278
0.663278
0.665311
0.663684
0.664904
0.662464
0.663278
0.659211
0.658804
0.655958
0.654331
0.653518
0.656771
0.655958
0.652704
0.653924
0.653924
0.651484
0.652704
0.652298
0.653111
0.651891
0.648231
0.651078
0.658804
0.658398
0.654738
0.652704
0.651891
0.647418
0.642944
0.641724
0.640911
0.642944
0.643351
0.644978
0.645384
0.649044
0.652298
0.654738
0.654738
0.657178
0.657178
0.655144
0.655144
0.654738
0.653924
0.653518
0.654331
0.657178
0.656771
0.654331
0.658398
0.654738
0.654331
0.656771
0.656771
0.657178
0.658398
0.660431
0.660024
0.659211
0.657584
0.656771
0.658804
0.656771
0.653518
0.656771
0.656771
0.655551
0.654738
0.656771
0.657991
0.657584
0.658398
0.659618
0.660838
0.659211
0.660838
0.659618
0.660431
0.657584
0.659211
0.661651
0.658804
0.657584
0.657178
0.653111
0.649858
0.645791
0.643351
0.642538
0.641318
0.640911
0.642944
0.645384
0.644978
0.646198
0.646604
0.647011
0.647418
0.652704
0.655551
0.659211
0.660431
0.662058
0.662464
0.660838
0.664904
0.666531
0.666531
0.664498
0.664498
0.666938
0.661651
0.659211
0.660838
0.660838
0.660431
0.658398
0.656771
0.655144
0.656364
0.655551
0.656364
0.657178
0.656364
0.658398
0.657584
0.660024
0.660431
0.660431
0.660024
0.660024
0.660431
0.660024
0.661651
0.662058
0.661651
0.659211
0.657178
0.655958
0.653924
0.643351
0.634404
0.628711
0.629524
0.629931
0.633591
0.638064
0.636438
0.635624
0.634811
0.634811
0.634811
0.635218
0.633998
0.633184
0.634404
0.633591
0.635218
0.634811
0.633998
0.635624
0.636031
0.639691
0.639691
0.639284
0.646198
0.649858
0.657991
0.659211
0.662464
0.659618
0.660838
0.660024
0.660838
0.661651
0.660431
0.659211
0.656771
0.656771
0.658398
0.660431
0.660024
0.660024
0.660838
0.660838
0.660431
0.659618
0.659211
0.655958
0.656364
0.649858
0.635218
0.638064
0.638064
0.631964
0.633184
0.631558
0.631558
0.628304
0.625458
0.624237
0.624644
0.626271
0.628711
0.634811
0.638471
0.639691
0.636031
0.633998
0.642944
0.641724
0.644164
0.640098
0.639691
0.641318
0.642538
0.647011
0.649451
0.643351
0.644978
0.642538
0.637251
0.641318
0.647824
0.650671
0.655958
0.653924
0.649858
0.641724
0.633591
0.629524
0.623424
0.623017
0.623831
0.624644
0.626678
0.629118
0.628304
0.616511
0.611631
0.608377
0.601057
0.601057
0.601057
0.601464
0.602684
0.607564
0.610004
0.613664
0.622204
0.631964
0.637251
0.633184
0.630338
0.627898
0.628304
0.631964
0.635624
0.640098
0.642131
0.635218
0.657991
0.647824
0.642131
0.636438
0.635624
0.636031
0.636438
0.635218
0.634404
0.634404
0.635218
0.631558
0.630744
0.630744
0.630744
0.631151
0.631964
0.630338
0.631151
0.630744
0.628304
0.628711
0.626271
0.627491
0.626678
0.625458
0.628711
0.630338
0.631558
0.630744
0.634811
0.636031
0.635624
0.636844
0.636031
0.637251
0.644164
0.646604
0.640098
0.640098
0.634811
0.633998
0.634811
0.634404
0.632778
0.631558
0.633184
0.635624
0.635624
0.634404
0.632778
0.631558
0.631558
0.633591
0.634811
0.633184
0.635218
0.634811
0.634811
0.634811
0.635624
0.636844
0.638471
0.638878
0.639284
0.639691
0.643351
0.642944
0.644164
0.643758
0.646198
0.642131
0.642944
0.642538
0.643351
0.643351
0.640911
0.641724
0.640504
0.639691
0.639691
0.640504
0.640911
0.643758
0.644978
0.644571
0.644571
0.647011
0.645791
0.646198
0.649451
0.651484
0.651484
0.649451
0.651078
0.647011
0.648638
0.647011
0.647418
0.647418
0.648231
0.648231
0.646604
0.649044
0.651891
0.651484
0.651484
0.651484
0.652298
0.651891
0.651891
0.651891
0.654331
0.653111
0.652298
0.651078
0.653111
0.649451
0.649451
0.649858
0.642944
0.638064
0.642538
0.643351
0.642131
0.640098
0.638471
0.638064
0.635624
0.636438
0.637658
0.648638
0.652298
0.654738
0.651078
0.655144
0.655551
0.656364
0.651891
0.648231
0.648638
0.646198
0.642944
0.642538
0.645384
0.643351
0.642131
0.642538
0.643758
0.643758
0.643758
0.647418
0.647418
0.649858
0.651484
0.652704
0.655144
0.656364
0.656364
0.658804
0.658398
0.659211
0.658398
0.661244
0.660024
0.656771
0.656771
0.657178
0.656771
0.656364
0.657178
0.657178
0.656364
0.657584
0.659211
0.659618
0.658804
0.657178
0.659211
0.658804
0.658804
0.659211
0.658398
0.658804
0.657584
0.659618
0.658398
0.656771
0.658398
0.657584
0.656771
0.657584
0.657991
0.657178
0.654331
0.653111
0.652704
0.653518
0.656364
0.653924
0.654331
0.653111
0.653518
0.653111
0.652298
0.652704
0.649044
0.648638
0.648638
0.648231
0.648638
0.649451
0.648231
0.647418
0.647824
0.649044
0.646604
0.645791
0.644571
0.638064
0.638064
0.643758
0.644164
0.649451
0.653924
0.656364
0.657584
0.658398
0.657584
0.657584
0.656771
0.656771
0.658804
0.657584
0.658398
0.659211
0.658804
0.658398
0.658804
0.658804
0.658398
0.659211
0.658398
0.657584
0.659618
0.659618
0.660838
0.659618
0.660024
0.659211
0.657991
0.657991
0.659211
0.660838
0.661244
0.660024
0.660024
0.660838
0.660838
0.661244
0.661651
0.662871
0.662058
0.660838
0.658398
0.657178
0.657584
0.657584
0.655144
0.650671
0.657584
0.655551
0.654331
0.651078
0.649858
0.649451
0.648638
0.644571
0.644571
0.641724
0.642944
0.643758
0.643351
0.644571
0.641318
0.643758
0.644978
0.643758
0.642131
0.640504
0.641724
0.640911
0.639284
0.643351
0.642944
0.642538
0.642538
0.641724
0.642131
0.643351
0.643758
0.646198
0.647418
0.649451
0.655551
0.658804
0.658398
0.656364
0.657178
0.656364
0.657584
0.659211
0.657584
0.660431
0.658804
0.659618
0.658804
0.661244
0.662871
0.661244
0.661651
0.660431
0.660838
0.660838
0.659211
0.655958
0.656771
