0.501423
0.526230
0.587637
0.584791
0.581131
0.581944
0.583164
0.578691
0.579097
0.576251
0.573404
0.570964
0.569744
0.572184
0.577471
0.576657
0.582757
0.585197
0.587637
0.587637
0.588451
0.593331
0.592517
0.594957
0.596584
0.593737
0.602277
0.599837
0.598211
0.598617
0.598617
0.599837
0.601464
0.601464
0.599431
0.597397
0.601057
0.603497
0.611631
0.611224
0.608784
0.606344
0.610411
0.614071
0.612851
0.606751
0.605531
0.605531
0.608377
0.610411
0.607971
0.606344
0.603091
0.601464
0.602277
0.603904
0.606751
0.609191
0.612444
0.612444
0.610411
0.611224
0.610411
0.613664
0.612851
0.610411
0.609191
0.611631
0.617731
0.617731
0.614071
0.614477
0.609597
0.607971
0.611631
0.612037
0.609597
0.611631
0.612037
0.614477
0.615291
0.616917
0.614071
0.615697
0.616511
0.620577
0.621391
0.620577
0.625864
0.625864
0.623831
0.617731
0.622204
0.619357
0.622204
0.621391
0.623831
0.623424
0.624237
0.627898
0.628711
0.624644
0.620984
0.619764
0.620984
0.627084
0.630338
0.629931
0.627898
0.630744
0.631558
0.633591
0.634404
0.634404
0.633184
0.626678
0.631151
0.631964
0.630338
0.629118
0.630744
0.632371
0.631151
0.633998
0.632371
0.632778
0.632778
0.636031
0.632778
0.637658
0.634404
0.635218
0.644164
0.638064
0.636031
0.638471
0.638878
0.639691
0.639284
0.640098
0.638064
0.635218
0.639691
0.640911
0.636031
0.638064
0.640911
0.641724
0.640911
0.639284
0.639284
0.636031
0.642944
0.645791
0.642538
0.643351
0.640504
0.642131
0.642944
0.644978
0.640911
0.643351
0.641724
0.642131
0.640911
0.637658
0.633591
0.632778
0.636438
0.636031
0.643758
0.647011
0.647011
0.647824
0.642538
0.644978
0.642538
0.642944
0.644164
0.643758
0.645384
0.644164
0.641724
0.640911
0.642944
0.643758
0.640504
0.640911
0.641724
0.645791
0.642944
0.642944
0.645384
0.647824
0.644978
0.645384
0.647824
0.644164
0.643351
0.644571
0.644571
0.641318
0.641318
0.637658
0.640504
0.641724
0.641724
0.644978
0.647418
0.650264
0.649044
0.649044
0.651078
0.649858
0.649858
0.649451
0.647418
0.647824
0.645791
0.644978
0.647418
0.646198
0.649858
0.651484
0.649858
0.649451
0.652298
0.651078
0.648638
0.650671
0.649858
0.653518
0.651484
0.647418
0.650264
0.654738
0.655144
0.652704
0.651484
0.655958
0.655144
0.651891
0.646198
0.646198
0.650264
0.655144
0.655551
0.649451
0.653924
0.650671
0.657991
0.652704
0.651891
0.652298
0.659618
0.659618
0.657991
0.654738
0.657584
0.657178
0.657991
0.653111
0.650671
0.651484
0.651078
0.654331
0.653924
0.653518
0.653518
0.652704
0.654738
0.655144
0.648231
0.651891
0.651891
0.654738
0.657584
0.655551
0.653518
0.656364
0.654331
0.651484
0.647418
0.645384
0.644978
0.652704
0.653111
0.653924
0.653111
0.654331
0.656364
0.655551
0.653111
0.654331
0.653111
0.658398
0.659211
0.653111
0.653111
0.654738
0.654738
0.652704
0.651891
0.648231
0.650671
0.656771
0.661651
0.658398
0.656364
0.656771
0.657178
0.657178
0.656364
0.658398
0.657584
0.660431
0.663278
0.662871
0.659618
0.662871
0.660024
0.660024
0.660431
0.659211
0.661651
0.660024
0.660431
0.660431
0.660024
0.657584
0.660024
0.655958
0.659211
0.659618
0.661651
0.661244
0.658804
0.658398
0.662464
0.657584
0.654738
0.657584
0.659211
0.659618
0.662871
0.660838
0.659211
0.661244
0.660024
0.660024
0.659618
0.662464
0.664091
0.663278
0.661244
0.659211
0.659618
0.659618
0.662464
0.662058
0.660838
0.663278
0.663278
0.660431
0.661244
0.660431
0.662871
0.662871
0.664904
0.664498
0.664498
0.663278
0.663684
0.660838
0.657178
0.656771
0.659211
0.663278
0.666124
0.664091
0.660838
0.663684
0.662871
0.660838
0.660431
0.658804
0.660838
0.660431
0.657584
0.663278
0.662871
0.667344
0.662871
0.663684
0.661651
0.660431
0.660024
0.660431
0.657584
0.663684
0.663278
0.662464
0.660024
0.659211
0.665311
0.661651
0.661651
0.660838
0.660024
0.658398
0.658398
0.658398
0.659618
0.664904
0.662058
0.663684
0.662058
0.666531
0.663278
0.660024
0.664091
0.662464
0.663684
0.659211
0.663278
0.661651
0.660431
0.658398
0.663278
0.664091
0.664498
0.659211
0.660838
0.659618
0.658398
0.660838
0.662871
0.662464
0.663684
0.662871
0.662871
0.661244
0.661651
0.663684
0.663684
0.664091
0.660024
0.661244
0.660838
0.662871
0.663278
0.664904
0.664091
0.665311
0.664498
0.664498
0.664091
0.663684
0.663684
0.662871
0.667344
0.667751
0.666124
0.665718
0.667344
0.664904
0.662464
0.664091
0.663684
0.660024
0.661244
0.664498
0.668971
0.667344
0.666938
0.664091
0.665311
0.663278
0.664091
0.664904
0.664498
0.666531
0.663684
0.665718
0.667751
0.666124
0.665311
0.664498
0.666938
0.666938
0.664904
0.664091
0.662058
0.664091
0.662464
0.662464
0.663684
0.661651
0.664091
0.661651
0.661244
0.660431
0.661244
0.662871
0.662464
0.662058
0.660024
0.660838
0.661651
0.663278
0.663684
0.663278
0.661651
0.664498
0.663684
0.666938
0.663278
0.662058
0.662058
0.664091
0.662058
0.662058
0.663684
0.661244
0.665311
0.662464
0.664498
0.663684
0.659618
0.663278
0.660838
0.663684
0.663278
0.662058
0.663278
0.662058
0.661244
0.665718
0.664498
0.664498
0.661244
0.665311
0.660431
0.660431
0.660431
0.664498
0.664091
0.662464
0.663684
0.664498
0.666531
0.660838
0.662058
0.662464
0.663278
0.662871
0.662871
0.661244
0.660024
0.659618
0.660838
0.665311
0.662464
0.662464
0.660431
0.661651
0.661244
0.661244
0.660024
0.660431
0.663684
0.660838
0.663278
0.662058
0.663684
0.664498
0.663278
0.662871
0.662464
0.662871
0.664904
0.664904
0.667344
0.665718
0.665311
0.663684
0.663684
0.664904
0.664904
0.663684
0.659211
0.659618
0.660024
0.662871
0.666531
0.663278
0.661651
0.659618
0.658804
0.661244
0.666531
0.664904
0.659211
0.662871
0.662058
0.664904
0.663684
0.662058
0.662871
0.661244
0.660838
0.662464
0.662871
0.666124
0.664091
0.665311
0.665311
0.665311
0.666531
0.663684
0.662871
0.663278
0.664904
0.664091
0.663278
0.663684
0.660024
0.660838
0.662871
0.661244
0.661244
0.660024
0.660838
0.660838
0.662464
0.664091
0.659618
0.661244
0.663684
0.662871
0.663684
0.662058
0.661244
0.663278
0.662871
0.662871
0.664091
0.666124
0.665718
0.664498
0.662871
0.663684
0.664091
0.659618
0.662871
0.660431
0.658398
0.661651
0.662058
0.662871
0.663684
0.663684
0.661651
0.660024
0.661244
0.659618
0.662871
0.663684
0.662058
0.662464
0.666124
0.667344
0.663278
0.659618
0.659211
0.662871
0.665311
0.663278
0.666531
0.665311
0.664091
0.664091
0.663278
0.664904
0.664904
0.660838
0.665718
0.665311
0.664904
0.663684
0.663278
0.660838
0.660024
0.659618
0.661244
0.662464
0.657991
0.658398
0.656364
0.660838
0.659618
0.660024
0.659618
0.661244
0.660024
0.658804
0.655551
0.662058
0.660024
0.662058
0.662871
0.659618
0.665718
0.663684
0.665718
0.663278
0.662464
0.662464
0.662464
0.663278
0.661651
0.662871
0.662058
0.661651
0.659211
0.659211
0.659618
0.660024
0.661244
0.660431
0.661651
0.659618
0.661244
0.660024
0.660838
0.663278
0.660838
0.663278
0.664498
0.662871
0.666124
0.665718
0.657991
0.662871
0.663278
0.664904
0.662058
0.660431
0.665311
0.657584
0.655958
0.659211
0.662464
0.657991
0.659618
0.657584
0.655958
0.660431
0.658804
0.657991
0.658804
0.659618
0.660431
0.660838
0.661244
0.661244
0.660838
0.662058
0.660838
0.658804
0.660838
0.660431
0.661244
0.662058
0.662871
0.661244
0.663278
0.663278
0.663278
0.661244
0.658398
0.656771
0.656771
0.663278
0.661651
0.663278
0.664091
0.666531
0.665311
0.664498
0.659618
0.665311
0.661244
0.660431
0.664498
0.661244
0.661244
0.662058
0.660431
0.660431
0.659211
0.657584
0.657991
0.664498
0.662464
0.657584
0.656771
0.657178
0.660431
0.660431
0.658398
0.658398
0.660838
0.655551
0.661651
0.663684
0.663684
0.663278
0.659618
0.658804
0.660838
0.659618
0.659618
0.660838
0.658804
0.656771
0.661651
0.664091
0.662871
0.662464
0.660431
0.661651
0.663278
0.662464
0.662058
0.665311
0.662871
0.659618
0.664091
0.662871
0.662871
0.659618
0.658804
0.658398
0.660431
0.657991
0.660431
0.659618
0.660838
0.658804
0.658398
0.658804
0.656364
0.658804
0.660431
0.661651
0.660431
0.663684
0.662464
0.664091
0.660431
0.658804
0.663278
0.663278
0.660838
0.658804
0.656364
0.660431
0.663278
0.660024
0.662058
0.659618
0.664091
0.663278
0.663684
0.660024
0.663278
0.660431
0.661244
0.661244
0.663684
0.662464
0.664498
0.663684
0.664498
0.664904
0.666124
0.662058
0.656771
0.662058
0.663684
0.660838
0.660838
0.663684
0.659211
0.660024
0.660024
0.659211
0.659211
0.655551
0.659618
0.659618
0.661651
0.660024
0.660024
0.658398
0.659211
0.657178
0.660431
0.660431
0.661244
0.662464
0.658398
0.657178
0.657991
0.659618
0.664904
0.663684
0.658398
0.658804
0.662464
0.660838
0.660838
0.661651
0.662464
0.658398
0.665718
0.664091
0.662058
0.656364
0.662464
0.661651
0.658398
0.663684
0.655551
0.657991
0.657178
0.658398
0.663684
0.663278
0.658804
0.664904
0.664091
0.662464
0.661244
0.661651
0.662871
0.659211
0.660838
0.660431
0.659618
0.661651
0.661244
0.659618
0.659618
0.661244
0.657584
0.660024
0.657991
0.662058
0.658804
0.663278
0.661244
0.667344
0.662058
0.661244
0.659211
0.660024
0.660024
0.661651
0.665718
0.662871
0.665311
0.664091
0.667344
0.666938
0.666531
0.663278
0.661244
0.659211
0.668158
0.664091
0.659211
0.664904
0.664091
0.660838
0.661651
0.662871
0.660431
0.662464
0.664498
0.665311
0.666531
0.662464
0.660838
0.665718
0.663684
0.665718
0.661651
0.660024
0.660024
0.662058
0.661651
0.662464
0.662464
0.660024
0.660838
0.664498
0.663684
0.661651
0.661651
0.661651
0.664498
0.662464
0.662464
0.664904
0.665311
0.664091
0.661651
0.662464
0.662464
0.666531
0.659618
0.658804
0.662464
0.658398
0.658804
0.662464
0.663278
0.663278
0.661651
0.660431
0.662871
0.661244
0.661651
0.657178
0.659211
0.661651
0.663278
0.663684
0.663278
0.666531
0.664091
0.658804
0.664904
0.661244
0.660838
0.663278
0.662464
0.663684
0.666124
0.658398
0.661244
0.665718
0.663278
0.662464
0.662871
0.661244
0.668971
0.666531
0.667751
0.667751
0.665718
0.660838
0.662464
0.667344
0.664904
0.661651
0.664904
0.665718
0.664498
0.665311
0.667344
0.666124
0.666531
0.665311
0.667751
0.667344
0.667751
0.667344
0.667344
0.664904
0.666124
0.662464
0.658804
0.661651
0.661244
0.664498
0.662464
0.664498
0.663684
0.666938
0.666124
0.671004
0.666938
0.665718
0.662464
0.663278
0.670598
0.660024
0.657991
0.658804
0.671411
0.665311
0.660024
0.661651
0.666531
0.662871
0.660024
0.657178
0.665718
0.662058
0.662871
0.667344
0.662871
0.663278
0.663278
0.665718
0.665311
0.664498
0.658398
0.664091
0.655958
0.664498
0.660024
0.661651
0.666531
0.666531
0.662871
0.660838
0.665718
0.662871
0.662464
0.663278
0.664091
0.666938
0.664904
0.664498
0.663684
0.665311
0.663278
0.659211
0.660838
0.664091
0.666938
0.665311
0.665718
0.664904
0.664091
0.664498
0.666124
0.660024
0.661651
0.668564
0.668564
0.668158
0.668158
0.668564
0.669378
0.666124
0.662464
0.663278
0.658804
0.660838
0.666124
0.665718
0.662871
0.666531
0.666124
0.660024
0.666124
0.662871
0.663684
0.662871
0.662464
0.662058
0.664091
0.665311
0.666124
0.664498
0.665718
0.664091
0.663684
0.661651
0.663684
0.661244
0.662464
0.661651
0.664091
0.661651
0.663684
0.664091
0.662871
0.661244
0.664904
0.662464
0.663278
0.665718
0.660431
0.662871
0.662464
0.662058
0.663278
0.664498
0.664091
0.664904
0.668971
0.667751
0.666938
0.667751
0.664904
0.664091
0.664091
0.662464
0.666124
0.665718
0.664498
0.666531
0.664904
0.664498
0.663684
0.659618
0.660024
0.666938
0.663278
0.665718
0.665718
0.664904
0.665311
0.666938
0.662464
0.662464
0.662058
0.667344
0.659618
0.664091
0.666531
0.668564
0.664904
0.666531
0.665311
0.667344
0.667344
0.663278
0.663278
0.662871
0.666531
0.663278
0.664904
0.662871
0.662464
0.660431
0.663278
0.664904
0.663278
0.663684
0.665718
0.662871
0.663278
0.664091
0.664091
0.662464
0.661244
0.660431
0.666531
0.663278
0.665311
0.661651
0.666124
0.666124
0.663278
0.663684
0.665311
0.665718
0.668158
0.668158
0.671004
0.664091
0.662871
0.658804
0.659211
0.664904
0.665718
0.665311
0.668971
0.666938
0.670191
0.670191
0.668971
0.663278
0.666938
0.665718
0.666124
0.670191
0.668158
0.661651
0.663684
0.665311
0.664904
0.664498
0.666124
0.664498
0.666938
0.669784
0.669784
0.666938
0.663278
0.664498
0.666938
0.668564
0.664904
0.660431
0.662058
0.667344
0.664091
0.666938
0.662871
0.665718
0.664904
0.666938
0.663684
0.667751
0.667751
0.669378
0.667344
0.665718
0.664904
0.666531
0.670598
0.663278
0.665718
0.664904
0.664904
0.665311
0.665718
0.663278
0.663278
0.661651
0.664904
0.667751
0.664091
0.664091
0.666124
0.661651
0.663684
0.663278
0.664498
0.664091
0.664498
0.660838
0.661244
0.667751
0.664904
0.666124
0.666531
0.668158
0.669378
0.666938
0.666938
0.663684
0.665311
0.667344
0.664904
0.665311
0.669378
0.670191
0.667751
0.667751
0.669784
0.673851
0.670191
0.667751
0.668971
0.669378
0.664904
0.666938
0.667751
0.670191
0.670598
0.666938
0.668564
0.661651
0.660838
0.662871
0.662058
0.668564
0.667344
0.667751
0.668158
0.668158
0.664904
0.662464
0.661244
0.661651
0.658804
0.659618
0.666124
0.664904
0.664904
0.665311
0.665718
0.663684
0.661244
0.663278
0.661244
0.660024
0.664498
0.664498
0.667344
0.665718
0.662871
0.662464
0.661651
0.660838
0.662464
0.664498
0.666531
0.665718
0.668564
0.661244
0.659618
0.661244
0.660838
0.667344
0.665311
0.668564
0.669378
0.660838
0.672224
0.663684
0.667751
0.669784
0.663278
0.664498
0.665311
0.668564
0.662464
0.668158
0.670191
0.662464
0.663278
0.662058
0.669378
0.672224
0.671818
0.670598
0.666531
0.670598
0.665311
0.662058
0.659618
0.662058
0.667751
0.667751
0.662058
0.660024
0.666124
0.665311
0.660431
0.664498
0.666124
0.665718
0.665311
0.666531
0.669378
0.670191
0.668158
0.663278
0.667751
0.664091
0.662464
0.664091
0.663278
0.663684
0.662871
0.660838
0.666938
0.662871
0.665311
0.661651
0.662464
0.664498
0.664091
0.666938
0.666124
0.666531
0.665311
0.667751
0.663278
0.666124
0.667751
0.667344
0.667751
0.665718
0.664498
0.666531
0.655144
0.655958
0.662464
0.665718
0.663684
0.657991
0.667751
0.666531
0.666124
0.669378
0.660431
0.660024
0.664498
0.663684
0.667344
0.670191
0.666124
0.666124
0.670598
0.666938
0.661244
0.659211
0.659211
0.660431
0.665718
0.669784
0.667751
0.668564
0.664498
0.662058
0.662871
0.659211
0.659618
0.660431
0.664904
0.664091
0.666124
0.666531
0.666938
0.660431
0.664091
0.660431
0.666124
0.664904
0.664904
0.666531
0.666124
0.661651
0.659211
0.660024
0.661651
0.665718
0.668158
0.664904
0.666124
0.665311
0.667751
0.666938
0.665718
0.664091
0.663684
0.659618
0.659211
0.672631
0.661244
0.662871
0.667344
0.665311
0.660024
0.657178
0.663278
0.669378
0.669784
0.667344
0.667344
0.667751
0.669378
0.664091
0.659618
0.657584
0.658398
0.657178
0.664091
0.662464
0.660431
0.660024
0.667344
0.662871
0.662058
0.662464
0.666124
0.667751
0.668158
0.662058
0.660024
0.664904
0.662058
0.662058
0.664498
0.667344
0.665718
0.660431
0.664091
0.664091
0.664091
0.663278
0.663684
0.663684
0.661244
0.660838
0.664904
0.668971
0.661244
0.659618
0.661244
0.664091
0.664498
0.660838
0.660838
0.668971
0.667344
0.661651
0.665311
0.664498
0.666124
0.662058
0.662464
0.657584
0.662871
0.664498
0.669378
0.666124
0.666938
0.660838
0.666938
0.659618
0.656771
0.658804
0.662058
0.672224
0.669784
0.659618
0.656364
0.662058
0.662058
0.659211
0.660838
0.660431
0.662871
0.666531
0.661651
0.663684
0.664091
0.667751
0.664091
0.659618
0.661651
0.660838
0.658398
0.665311
0.663684
0.662058
0.664904
0.666531
0.666938
0.662464
0.661244
0.665718
0.666124
0.663684
0.660838
0.661244
0.668158
0.667344
0.665718
0.658804
0.661651
0.664904
0.668971
0.661651
0.657991
0.660431
0.668158
0.658804
0.657584
0.660838
0.660838
0.670191
0.662058
0.657584
0.660838
0.660838
0.660431
0.660431
0.660838
0.664091
0.667751
0.666124
0.665311
0.664904
0.668158
0.668158
0.661651
0.661244
0.660838
0.660431
0.663684
0.665311
0.663684
0.662871
0.665311
0.667751
0.661244
0.657178
0.655144
0.657991
0.659618
0.659211
0.659618
0.657991
0.662871
0.666124
0.657584
0.654738
0.654738
0.662464
0.660838
0.659618
0.655958
0.653111
0.661651
0.667344
0.657178
0.652298
0.646198
0.647418
0.655958
0.661244
0.665311
0.646198
0.648638
0.655144
0.655144
0.659618
0.651891
0.651078
0.649858
0.651078
0.663278
0.666124
0.660024
0.653518
0.656771
0.657584
0.659618
0.662871
0.660431
0.659618
0.656771
0.663684
0.662464
0.662058
0.661244
0.663278
0.662058
0.657991
0.653924
0.657584
0.665718
0.664091
0.666938
0.667751
0.668158
0.664498
0.658804
0.657178
0.670598
0.666531
0.664904
0.665311
0.664498
0.665311
0.661244
0.656771
0.661651
0.659618
0.666531
0.669378
0.666124
0.666124
0.668158
0.664091
0.662464
0.658398
0.661244
0.662871
0.659618
0.667751
0.663278
0.660838
0.664498
0.666531
0.658804
0.661244
0.656771
0.657584
0.665718
0.663684
0.664904
0.664904
0.669784
0.669378
0.663684
0.665718
0.662058
0.662464
0.666124
0.661651
0.656364
0.654331
0.664498
0.662871
0.655551
0.657584
0.662058
0.666938
0.668971
0.669378
0.668564
0.668564
0.666124
0.663684
0.662871
0.660838
0.666938
0.668564
0.665718
0.665718
0.666124
0.671004
0.668158
0.662871
0.662871
0.667344
0.668971
0.671004
0.666938
0.664091
0.665311
0.668564
0.663684
0.659211
0.663278
0.666124
0.665311
0.663684
0.658398
0.661651
0.660838
0.662464
0.655958
0.652704
0.650264
0.657178
0.667344
0.671004
0.664904
0.660838
0.659618
0.667751
0.668971
0.666124
0.662871
0.657584
0.658804
0.663278
0.662058
0.664091
0.667751
0.667344
0.666531
0.666531
0.666938
0.664904
0.666531
0.666938
0.668971
0.666124
0.662464
0.662464
0.666124
0.664904
0.668971
0.668564
0.669784
0.668564
0.668564
0.665311
0.662464
0.660431
0.662464
0.666938
0.668971
0.666124
0.665311
0.669784
0.669378
0.668971
0.662058
0.660838
0.660024
0.667344
0.664904
0.660024
0.660838
0.663278
0.667751
0.660024
0.660024
0.665718
0.665311
0.664904
0.666124
0.666124
0.660838
0.662871
0.667751
0.663684
0.658398
0.657991
0.659211
0.669378
0.666531
0.665718
0.664498
0.668158
0.668564
0.661651
0.663278
0.659211
0.664091
0.671818
0.669784
0.661244
0.657178
0.671411
0.668564
0.662464
0.664091
0.664498
0.671004
0.667751
0.671004
0.671411
0.669784
0.667751
0.664498
0.666938
0.664091
0.671411
0.667751
0.666531
0.672224
0.671004
0.668971
0.664091
0.662871
0.665311
0.667344
0.660838
0.662871
0.666124
0.668564
0.670191
0.663684
0.661244
0.661244
0.669378
0.668971
0.661651
0.661651
0.665311
0.666531
0.668158
0.660024
0.657991
0.665311
0.666124
0.667751
0.661651
0.661651
0.662058
0.669378
0.666531
0.660431
0.661651
0.666124
0.671004
0.664904
0.663684
0.668564
0.668971
0.668564
0.664904
0.660838
0.660431
0.666938
0.666124
0.666124
0.662058
0.660431
0.660024
0.660838
0.658804
0.657991
0.660838
0.663684
0.666124
0.662871
0.663684
0.665311
0.667751
0.665311
0.659618
0.661244
0.662058
0.663684
0.661244
0.658804
0.659618
0.657584
0.662058
0.668564
0.659618
0.659618
0.657991
0.662058
0.663684
0.662058
0.658804
0.658398
0.663684
0.665311
0.664498
0.658804
0.661244
0.664904
0.662058
0.657584
0.653111
0.656364
0.666124
0.670598
0.661651
0.661244
0.668971
0.667344
0.665311
0.664091
0.659618
0.660431
0.666938
0.664498
0.658804
0.660024
0.666124
0.668158
0.667751
0.657991
0.654331
0.657584
0.664091
0.664498
0.663278
0.663684
0.668158
0.668564
0.664091
0.654738
0.655551
0.660431
0.665311
0.661244
0.662464
0.661244
0.663278
0.663278
0.658398
0.658804
0.667751
0.664091
0.664904
0.665311
0.664498
0.665718
0.664904
0.667751
0.665311
0.668971
0.667344
0.664091
0.664904
0.665718
0.670191
0.666938
0.663684
0.663278
0.657584
0.666531
0.670191
0.659211
0.661244
0.665718
0.664498
0.659618
0.660024
0.661244
0.658804
0.664904
0.664091
0.663684
0.664091
0.662871
0.663278
0.663278
0.661651
0.665311
0.664091
0.660431
0.661244
0.663278
0.663684
0.665311
0.663684
0.664904
0.665718
0.664498
0.662464
0.655958
0.654331
0.656364
0.659211
0.663684
0.664498
0.664498
0.662058
0.660024
0.664091
0.660024
0.662871
0.661651
0.660024
0.659618
0.660838
0.666938
0.667344
0.666938
0.657991
0.661651
0.666531
0.665311
0.662058
0.660431
0.667751
0.666531
0.666531
0.665311
0.662464
0.662058
0.667344
0.664498
0.658398
0.663684
0.662464
0.667344
0.665718
0.664091
0.662058
0.667344
0.660431
0.655144
0.657178
0.666531
0.666124
0.666124
0.658398
0.658804
0.664091
0.666124
0.657584
0.660024
0.658804
0.664904
0.664904
0.664904
0.658398
0.656771
0.658398
0.662464
0.657178
0.663684
0.662058
0.664904
0.664091
0.662464
0.658398
0.657584
0.661244
0.655144
0.657178
0.661651
0.668158
0.668158
0.668971
0.664904
0.661651
0.663278
0.660024
0.661651
0.653518
0.654331
0.660431
0.662058
0.662871
0.660024
0.658804
0.659618
0.666938
0.665718
0.660838
0.663278
0.666124
0.668564
0.664091
0.657991
0.656771
0.655144
0.660024
0.658398
0.655958
0.657584
0.663684
0.666531
0.662871
0.659618
0.654738
0.657178
0.661244
0.665311
0.657584
0.657178
0.656771
0.662464
0.667344
0.658804
0.662058
0.660024
0.664904
0.661651
0.656364
0.651484
0.649858
0.656771
0.664091
0.656364
0.659211
0.662871
0.667751
0.667344
0.659211
0.651078
0.652298
0.652298
0.657584
0.661244
0.655144
0.655144
0.663278
0.664498
0.662058
0.658398
0.654331
0.659618
0.668564
0.664498
0.662871
0.662464
0.663278
0.664904
0.659618
0.660838
0.661244
0.665311
0.668564
0.667344
0.664091
0.666124
0.667344
0.665718
0.658804
0.659618
0.659211
0.662058
0.661651
0.659618
0.660024
0.663278
0.665311
0.665311
0.662058
0.666531
0.664498
0.663278
0.660431
0.660024
0.663684
0.664498
0.664904
0.664091
0.664904
0.668158
0.666531
0.665311
0.664498
0.661651
0.664498
0.661244
0.661651
0.662058
0.666124
0.668158
0.664498
0.663278
0.666938
0.667344
0.666938
0.662871
0.662871
0.665311
0.661651
0.662058
0.661651
0.664498
0.669784
0.673444
0.671818
0.667751
0.662464
0.666531
0.664091
0.662871
0.666124
0.668971
0.668564
0.668564
0.664904
0.662871
0.664498
0.666124
0.662871
0.662464
0.662871
0.660838
0.664091
0.665311
0.665718
0.666531
0.666531
0.666531
0.664904
0.664904
0.665718
0.662871
0.662464
0.663684
0.664904
0.663278
0.665718
0.667751
0.664498
0.667751
0.666124
0.661244
0.660024
0.665311
0.663278
0.657178
0.660024
0.664091
0.661651
0.666938
0.667751
0.660838
0.664498
0.668564
0.664904
0.663684
0.660838
0.660024
0.664498
0.663684
0.660024
0.660431
0.662058
0.665311
0.662058
0.662871
0.662871
0.660431
0.666531
0.664498
0.664498
0.668158
0.664498
0.669378
0.668564
0.666938
0.660431
0.664091
0.668564
0.666124
0.665311
0.669784
0.670191
0.667751
0.663684
0.662058
0.657991
0.662464
0.660024
0.663278
0.661651
0.665718
0.665311
0.662464
0.661651
0.656771
0.662058
0.658804
0.654331
0.660024
0.667344
0.664091
0.667751
0.666124
0.664091
0.661244
0.663278
0.659211
0.662464
0.664498
0.664904
0.664498
0.666124
0.668158
0.663278
0.656364
0.660024
0.663684
0.663684
0.664498
0.663278
0.665718
0.664091
0.665311
0.668158
0.666938
0.662464
0.663278
0.662058
0.664091
0.661651
0.661651
0.666531
0.668158
0.664904
0.666531
0.667344
0.658398
0.660838
0.660431
0.662464
0.662464
0.660431
0.664091
0.666531
0.666938
0.665311
0.665718
0.666124
0.668158
0.663278
0.662058
0.662871
0.663278
0.666938
0.669378
0.664498
0.660024
0.663684
0.662464
0.660838
0.661651
0.660838
0.665718
0.669378
0.664498
0.664091
0.666531
0.665718
0.662871
0.659618
0.661651
0.662058
0.660838
0.664904
0.664091
0.661651
0.660838
0.664091
0.663684
0.660431
0.663278
0.659618
0.663684
0.662464
0.662464
0.660024
0.660024
0.664904
0.663278
0.664091
0.661651
0.662871
0.662871
0.660838
0.664498
0.662464
0.660838
0.662464
0.662871
0.665311
0.662464
0.664904
0.662871
0.664091
0.662058
0.660431
0.659618
0.662058
0.663278
0.661244
0.659211
0.663684
0.666124
0.660838
0.662464
0.663684
0.656771
0.658804
0.659211
0.659211
0.659618
0.659211
0.659618
0.657991
0.663278
0.660838
0.661244
0.659211
0.666531
0.665311
0.655958
0.660024
0.659618
0.655144
0.655144
0.661244
0.660431
0.657178
0.660024
0.656771
0.660024
0.660838
0.659211
0.666938
0.666531
0.665311
0.664498
0.662058
0.659618
0.660838
0.657584
0.655958
0.657178
0.663684
0.663684
0.663684
0.662464
0.664904
0.663278
0.661651
0.659211
0.655144
0.664091
0.660838
0.661244
0.662871
0.665718
0.666531
0.665718
0.666124
0.665311
0.662058
0.665311
0.659618
0.662464
0.667344
0.664091
0.661244
0.665311
0.663278
0.655958
0.654738
0.664091
0.657991
0.661651
0.661244
0.666938
0.667344
0.663278
0.658398
0.657584
0.660431
0.659618
0.659618
0.663278
0.663278
0.663278
0.660431
0.660024
0.655144
0.660024
0.658804
0.661651
0.663278
0.662464
0.664904
0.661651
0.660431
0.660024
0.657991
0.661244
0.660024
0.662871
0.662464
0.662464
0.666124
0.665718
0.664498
0.662871
0.666531
0.661244
0.662464
0.655958
0.658804
0.659211
0.661651
0.666938
0.665311
0.665718
0.665718
0.662464
0.661651
0.660024
0.661244
0.660431
0.663278
0.666124
0.667344
0.662464
0.659211
0.657991
0.659211
0.660024
0.655551
0.655958
0.663278
0.666124
0.664904
0.666938
0.663684
0.658398
0.658398
0.660838
0.660838
0.660838
0.661244
0.663684
0.662058
0.660431
0.655958
0.658804
0.661244
0.659211
0.661651
0.662871
0.662464
0.660838
0.661244
0.659618
0.659618
0.658398
0.662058
0.661651
0.659211
0.665718
0.660431
0.660838
0.661244
0.661244
0.661244
0.657178
0.659211
0.657991
0.662871
0.664091
0.661244
0.660838
0.664091
0.660024
0.659618
0.661651
0.663278
0.663684
0.667344
0.659211
0.662871
0.666531
0.662871
0.663278
0.664498
0.666938
0.663684
0.663684
0.662464
0.660431
0.662871
0.662464
0.659618
0.660024
0.663684
0.657991
0.661651
0.659618
0.662058
0.665311
0.664904
0.665311
0.660431
0.662058
0.659211
0.661651
0.665718
0.664498
0.660024
0.661244
0.661244
0.670598
0.667344
0.666531
0.665311
0.661244
0.665311
0.659211
0.662464
0.665311
0.665311
0.658804
0.659618
0.663684
0.659618
0.662464
0.664091
0.660838
0.662058
0.662058
0.662464
0.663278
0.660838
0.658804
0.658398
0.657991
0.665718
0.661244
0.661244
0.660431
0.658804
0.656364
0.660024
0.666124
0.668158
0.666124
0.664091
0.664498
0.669378
0.666531
0.664498
0.666938
0.668564
0.665311
0.662871
0.665311
0.664904
0.662871
0.664904
0.662464
0.660431
0.660024
0.657584
0.657584
0.658804
0.661244
0.661244
0.660431
0.659618
0.659618
0.659618
0.659211
0.662464
0.660024
0.664091
0.661651
0.660838
0.663278
0.664904
0.661651
0.659618
0.658804
0.655551
0.662058
0.660431
0.660024
0.660024
0.668158
0.656364
0.657584
0.657584
0.657178
0.654331
0.664498
0.662058
0.664904
0.666531
0.666938
0.660838
0.659211
0.655144
0.660431
0.661651
0.661651
0.662464
0.660431
0.662464
0.653518
0.662058
0.666938
0.663684
0.663684
0.662871
0.666531
0.665311
0.662464
0.665718
0.661244
0.656771
0.653924
0.657991
0.662464
0.660024
0.660431
0.658398
0.662871
0.661244
0.660431
0.660431
0.661244
0.663278
0.663684
0.661651
0.663278
0.658804
0.661244
0.658804
0.658398
0.658804
0.657178
0.659211
0.658398
0.657178
0.657178
0.659618
0.662464
0.655551
0.655551
0.661651
0.664498
0.662464
0.660431
0.660431
0.662871
0.660431
0.660838
0.657991
0.660431
0.658398
0.663684
0.663684
0.664498
0.662464
0.662871
0.662464
0.659618
0.651484
0.652704
0.656771
0.657991
0.659211
0.660838
0.661651
0.662871
0.664091
0.664498
0.666531
0.662058
0.659211
0.661651
0.665718
0.660024
0.662058
0.662464
0.667344
0.653924
0.655144
0.658804
0.659618
0.662464
0.656364
0.658398
0.660431
0.665311
0.658804
0.657991
0.661244
0.662058
0.662464
0.663684
0.661244
0.664498
0.664091
0.662871
0.658804
0.655144
0.655958
0.658398
0.660024
0.659211
0.662058
0.666124
0.665311
0.663278
0.657584
0.655551
0.659211
0.656364
0.662871
0.662058
0.662871
0.665311
0.668158
0.668564
0.660838
0.657178
0.660024
0.660431
0.657584
0.655551
0.662464
0.666938
0.660024
0.653924
0.658804
0.656364
0.657178
0.660431
0.654738
0.660024
0.666531
0.664904
0.663278
0.660024
0.656771
0.661651
0.662464
0.658804
0.660024
0.665311
0.668158
0.662871
0.664498
0.661651
0.658804
0.660838
0.663684
0.656771
0.655551
0.660431
0.664498
0.661651
0.656771
0.652704
0.655144
0.663684
0.660024
0.665311
0.662871
0.664091
0.655551
0.657178
0.663278
0.665718
0.665311
0.662058
0.660024
0.659211
0.656364
0.660024
0.660024
0.657991
0.653111
0.653518
0.655144
0.666124
0.651078
0.648638
0.655144
0.671004
0.656364
0.655551
0.652704
0.662871
0.662464
0.662871
0.660838
0.661244
0.663684
0.658398
0.659618
0.665718
0.662058
0.660431
0.662058
0.666531
0.658398
0.655144
0.659618
0.660024
0.660838
0.651484
0.657584
0.663278
0.659211
0.656771
0.653111
0.659211
0.660838
0.660838
0.653924
0.653111
0.655958
0.661244
0.660024
0.657178
0.654738
0.655144
0.662464
0.654331
0.658398
0.662464
0.665718
0.668971
0.662871
0.658804
0.657991
0.663684
0.662058
0.659211
0.655144
0.656771
0.661651
0.667344
0.665718
0.658804
0.659211
0.666531
0.664904
0.659211
0.650671
0.650671
0.658398
0.662871
0.660431
0.654331
0.658398
0.667751
0.659618
0.653518
0.653518
0.653924
0.657991
0.666124
0.653111
0.646198
0.657584
0.665311
0.665718
0.657584
0.657991
0.658804
0.660431
0.656364
0.660024
0.659618
0.657178
0.662464
0.663278
0.665718
0.657584
0.657584
0.659211
0.657991
0.664498
0.659618
0.660024
0.651891
0.651891
0.660024
0.659618
0.656364
0.656771
0.659618
0.664904
0.668564
0.662871
0.657178
0.658804
0.664904
0.659618
0.652298
0.652298
0.657991
0.668158
0.668971
0.656364
0.653111
0.655958
0.662871
0.663684
0.659618
0.657584
0.663278
0.666938
0.669784
0.660431
0.659618
0.661651
0.664498
0.660024
0.661651
0.666531
0.666531
0.664498
0.666531
0.664498
0.665311
0.660431
0.659211
0.656771
0.667751
0.666531
0.666938
0.660024
0.662464
0.669784
0.664904
0.653924
0.656364
0.656771
0.663684
0.673038
0.665311
0.658804
0.661651
0.664904
0.672631
0.665311
0.662464
0.665311
0.663684
0.660838
0.659618
0.655144
0.659618
0.665718
0.667344
0.666531
0.663684
0.665718
0.668564
0.667344
0.660024
0.661651
0.668971
0.667751
0.662464
0.666124
0.665718
0.670191
0.664091
0.660838
0.660024
0.660838
0.666531
0.665311
0.662871
0.664904
0.662871
0.668158
0.664091
0.663278
0.664498
0.665718
0.668971
0.661651
0.657584
0.657991
0.664091
0.662058
0.662058
0.660024
0.661244
0.669784
0.662464
0.657584
0.658398
0.662464
0.657991
0.652704
0.655144
0.656771
0.664091
0.668564
0.655551
0.651484
0.659618
0.658804
0.660838
0.654738
0.656364
0.661244
0.668564
0.666531
0.658398
0.656771
0.657584
0.666938
0.658804
0.654738
0.655958
0.661651
0.660838
0.656771
0.656771
0.658398
0.666531
0.662058
0.655144
0.655551
0.655144
0.661651
0.665311
0.658398
0.656364
0.656771
0.661651
0.669378
0.658398
0.656364
0.655958
0.659211
0.661651
0.657584
0.658398
0.661244
0.664091
0.666938
0.662871
0.664091
0.663278
0.667751
0.665311
0.662058
0.662058
0.668564
0.668971
0.666531
0.663278
0.659618
0.661651
0.666124
0.660431
0.659211
0.660431
0.658804
0.663684
0.666124
0.665311
0.668158
0.668158
0.659618
0.651484
0.655958
0.659211
0.666531
0.661651
0.662058
0.663684
0.660431
0.663684
0.653111
0.653111
0.656771
0.660024
0.662464
0.662058
0.662058
0.662871
0.664904
0.660024
0.654331
0.656771
0.663684
0.664498
0.661244
0.662058
0.660431
0.662871
0.663278
0.662058
0.654738
0.654738
0.657991
0.660838
0.659618
0.662058
0.664091
0.664498
0.666531
0.658804
0.656771
0.660838
0.661651
0.661244
0.660431
0.658398
0.661651
0.662871
0.658398
0.658398
0.660431
0.663278
0.657178
0.656771
0.657178
0.658804
0.663278
0.666531
0.661244
0.657178
0.662058
0.662058
0.656771
0.657584
0.653924
0.656771
0.660838
0.663684
0.657584
0.657178
0.655144
0.657584
0.655958
0.659618
0.661651
0.660024
0.666124
0.658804
0.651891
0.655958
0.662871
0.659211
0.653518
0.654331
0.658398
0.665718
0.667751
0.658804
0.656364
0.662058
0.663684
0.663684
0.660838
0.659618
0.663278
0.670191
0.671818
0.661651
0.660024
0.663684
0.664091
0.660838
0.659211
0.660024
0.660838
0.671411
0.668564
0.662058
0.661244
0.668564
0.664904
0.662058
0.658804
0.661244
0.666938
0.666124
0.655958
0.661651
0.664498
0.660431
0.656364
0.661651
0.661651
0.663278
0.666531
0.666938
0.666938
0.665311
0.666124
0.666124
0.662058
0.660024
0.666124
0.662058
0.666938
0.659211
0.659211
0.663278
0.659618
0.658398
0.660431
0.663278
0.667751
0.664498
0.662464
0.658398
0.655551
0.664091
0.660838
0.657991
0.664498
0.663684
0.664904
0.666124
0.663278
0.657584
0.661651
0.662058
0.660838
0.660838
0.664091
0.661651
0.662464
0.659618
0.658804
0.659618
0.660024
0.655958
0.655551
0.656771
0.657584
0.662871
0.663684
0.660431
0.655958
0.662058
0.664091
0.653518
0.655958
0.655958
0.662871
0.668158
0.667344
0.659211
0.661651
0.658398
0.653924
0.653111
0.653518
0.656771
0.663278
0.668971
0.664904
0.659618
0.666938
0.662464
0.662058
0.655958
0.654331
0.654331
0.660838
0.668158
0.664498
0.663278
0.663278
0.668971
0.663684
0.661244
0.657991
0.659618
0.656364
0.660024
0.658804
0.661244
0.663684
0.660838
0.658804
0.656771
0.655144
0.655551
0.657584
0.660431
0.661244
0.663278
0.667751
0.662058
0.661651
0.660838
0.657178
0.657584
0.660838
0.657584
0.661244
0.664904
0.662871
0.660431
0.660838
0.658804
0.657178
0.658804
0.653924
0.653518
0.660431
0.667344
0.661651
0.661244
0.663684
0.664904
0.660838
0.658398
0.660024
0.663684
0.664904
0.657991
0.658398
0.659618
0.660024
0.663684
0.658804
0.651484
0.654331
0.659618
0.664091
0.664904
0.660838
0.661651
0.661244
0.662058
0.664091
0.658804
0.660431
0.656771
0.656364
0.660431
0.660024
0.660431
0.661244
0.658804
0.658804
0.651891
0.657991
0.662464
0.660838
0.655958
0.660024
0.662871
0.664091
0.664904
0.659211
0.657178
0.664498
0.662871
0.658398
0.657991
0.659211
0.663278
0.663684
0.663278
0.660838
0.658398
0.664904
0.662871
0.662464
0.661651
0.665311
0.663684
0.661244
0.655551
0.657991
0.658398
0.660838
0.660024
0.659618
0.656771
0.657584
0.656771
0.655958
0.656771
0.656771
0.658398
0.661244
0.661651
0.661244
0.661651
0.657584
0.657991
0.660431
0.657991
0.661651
0.659618
0.668564
0.662871
0.664498
0.660024
0.664498
0.666531
0.657584
0.659211
0.665718
0.663684
0.660431
0.665311
0.662871
0.660431
0.657178
0.654331
0.659618
0.656771
0.664498
0.660024
0.662058
0.664498
0.664498
0.659211
0.658398
0.656771
0.657584
0.660431
0.661244
0.662058
0.660431
0.657178
0.655551
0.656771
0.658804
0.657178
0.655551
0.656771
0.662871
0.659618
0.660431
0.659618
0.660431
0.663278
0.658804
0.657991
0.658398
0.659618
0.664091
0.661244
0.664904
0.661244
0.661651
0.661651
0.656364
0.657584
0.661244
0.657584
0.655144
0.660024
0.659211
0.661244
0.661651
0.663684
0.660024
0.659211
0.659618
0.658804
0.660431
0.660024
0.659211
0.660024
0.659211
0.663278
0.658398
0.661651
0.662464
0.661651
0.661651
0.658804
0.658398
0.658398
0.664498
0.657584
0.655551
0.662464
0.661244
0.663684
0.666938
0.660838
0.660431
0.663278
0.657178
0.655551
0.659618
0.660838
0.662871
0.666124
0.663684
0.662464
0.660838
0.662464
0.660024
0.654738
0.656364
0.663278
0.660431
0.666124
0.662871
0.663278
0.661244
0.662871
0.655958
0.652298
0.659211
0.661651
0.660024
0.664091
0.664904
0.664498
0.659211
0.662058
0.661244
0.659618
0.658398
0.663684
0.662464
0.664904
0.665311
0.663278
0.660838
0.657584
0.654331
0.659211
0.657991
0.660838
0.660431
0.661244
0.662464
0.662058
0.664498
0.658804
0.656771
0.659211
0.662058
0.663278
0.668564
0.666938
0.664091
0.665718
0.658398
0.645384
0.655958
0.662058
0.659211
0.661244
0.664904
0.662464
0.663684
0.660431
0.654738
0.650264
0.658398
0.660838
0.660431
0.664091
0.658398
0.658398
0.660024
0.658804
0.654331
0.655144
0.658804
0.649044
0.650264
0.656364
0.658804
0.660431
0.660024
0.651484
0.647418
0.655958
0.656771
0.651891
0.655551
0.659211
0.661651
0.664904
0.659618
0.659211
0.658398
0.661244
0.662871
0.660431
0.653924
0.655144
0.657584
0.663684
0.660431
0.655551
0.653518
0.661244
0.661651
0.656364
0.650671
0.652298
0.658804
0.666938
0.658804
0.657991
0.663684
0.665311
0.659211
0.656771
0.657584
0.661651
0.663278
0.660431
0.661651
0.662871
0.661651
0.658804
0.659211
0.659211
0.659618
0.660431
0.663684
0.655551
0.655958
0.659618
0.659618
0.655958
0.656364
0.659618
0.657991
0.660431
0.658398
0.658398
0.660431
0.661651
0.662871
0.659211
0.659211
0.658804
0.655551
0.661244
0.667751
0.653518
0.653111
0.659618
0.662464
0.653518
0.655551
0.657584
0.655958
0.661651
0.649451
0.645384
0.664904
0.660431
0.657178
0.657584
0.663278
0.661244
0.656364
0.656364
0.656364
0.664904
0.661651
0.657178
0.657178
0.658398
0.660431
0.662871
0.662464
0.657178
0.657584
0.659618
0.657584
0.659618
0.656364
0.657584
0.657991
0.657991
0.660431
0.656771
0.655958
0.657991
0.664498
0.656771
0.657991
0.660431
0.663684
0.668971
0.661244
0.655551
0.656771
0.664904
0.653518
0.656771
0.661244
0.660024
0.667751
0.662871
0.653518
0.653111
0.660838
0.657178
0.654331
0.658804
0.659211
0.662058
0.664091
0.661244
0.655958
0.655958
0.662464
0.656771
0.658804
0.658398
0.657584
0.663278
0.665311
0.657178
0.655958
0.657991
0.659618
0.662058
0.660838
0.660024
0.658804
0.662871
0.660431
0.655551
0.655144
0.660431
0.664091
0.663278
0.660431
0.659211
0.662464
0.663278
0.664091
0.655958
0.660024
