0.487190
0.485157
0.484750
0.486377
0.488003
0.490443
0.486783
0.487597
0.490443
0.494917
0.502237
0.505083
0.507117
0.509557
0.519723
0.540464
0.549004
0.548190
0.546157
0.552257
0.554697
0.555510
0.557544
0.559170
0.561204
0.560390
0.563644
0.565270
0.566897
0.566084
0.568930
0.568930
0.566897
0.568524
0.569337
0.570150
0.571370
0.571777
0.572184
0.572997
0.574217
0.572997
0.577877
0.583977
0.582757
0.583164
0.581944
0.581944
0.582757
0.583571
0.583571
0.581537
0.581131
0.583977
0.585197
0.584791
0.582351
0.581131
0.582757
0.582757
0.583164
0.582757
0.583571
0.581944
0.580317
0.582351
0.582351
0.583977
0.585604
0.585197
0.585197
0.583977
0.583164
0.583571
0.583571
0.583977
0.583164
0.584384
0.585604
0.586824
0.588044
0.592517
0.588857
0.592517
0.592517
0.592924
0.592517
0.591297
0.593737
0.594551
0.594957
0.595364
0.594144
0.591704
0.589264
0.592111
0.593737
0.594957
0.593737
0.594551
0.594551
0.597804
0.597397
0.595364
0.595364
0.595771
0.595771
0.595364
0.595364
0.595771
0.594144
0.596991
0.594144
0.589671
0.592111
0.590891
0.590891
0.588857
0.587231
0.583571
0.583164
0.581537
0.582757
0.583571
0.584384
0.586011
0.585604
0.585604
0.586824
0.587637
0.588857
0.592111
0.594551
0.593331
0.593737
0.593737
0.593737
0.593737
0.592924
0.590891
0.592924
0.594551
0.595771
0.594957
0.594551
0.594551
0.589264
0.589671
0.592517
0.596584
0.596991
0.596991
0.599024
0.599431
0.599431
0.599837
0.599024
0.598211
0.598617
0.599431
0.598211
0.600244
0.603497
0.604311
0.604717
0.603497
0.605531
0.605531
0.604311
0.606344
0.605531
0.606751
0.608377
0.612037
0.610817
0.612444
0.612037
0.612037
0.613664
0.612444
0.614071
0.615291
0.617324
0.616917
0.616104
0.616511
0.617731
0.622204
0.621391
0.618137
0.616917
0.616104
0.618544
0.619764
0.620577
0.620171
0.621797
0.622204
0.623017
0.624237
0.623017
0.621797
0.619357
0.621797
0.623831
0.623831
0.621391
0.622204
0.623017
0.623424
0.623831
0.623424
0.624644
0.625458
0.627084
0.627084
0.627491
0.626271
0.625051
0.623831
0.625458
0.626678
0.624237
0.623831
0.623831
0.623424
0.625051
0.624644
0.624237
0.627898
0.625864
0.626271
0.624644
0.623017
0.626678
0.628711
0.628711
0.628711
0.627898
0.629118
0.628711
0.629118
0.627898
0.624237
0.624237
0.623831
0.625458
0.628711
0.631964
0.631151
0.631151
0.632371
0.632371
0.631151
0.630744
0.630338
0.628711
0.627084
0.625051
0.625458
0.623831
0.624644
0.624237
0.625458
0.629118
0.631558
0.630744
0.631151
0.631558
0.631151
0.630744
0.629524
0.628304
0.627491
0.624644
0.623831
0.625864
0.625864
0.629118
0.629118
0.629931
0.629524
0.630338
0.629524
0.627084
0.627084
0.628304
0.627898
0.629524
0.629931
0.627898
0.625051
0.626271
0.625458
0.625458
0.625864
0.626271
0.625864
0.625864
0.624237
0.623831
0.623831
0.625051
0.627898
0.632778
0.630338
0.631558
0.632371
0.631558
0.629524
0.628711
0.624644
0.624644
0.623424
0.625458
0.623831
0.626271
0.625051
0.627491
0.627084
0.625458
0.623424
0.621391
0.622611
0.623424
0.625458
0.626678
0.626271
0.623831
0.623831
0.624237
0.623424
0.624237
0.623017
0.626271
0.626271
0.628711
0.630744
0.630744
0.629118
0.629118
0.629118
0.625864
0.623831
0.622611
0.622204
0.622611
0.618137
0.618137
0.620984
0.624237
0.624644
0.627491
0.629118
0.631151
0.633184
0.631964
0.630744
0.630744
0.631151
0.628711
0.629524
0.629524
0.629524
0.629118
0.627084
0.623424
0.623017
0.624237
0.624237
0.624644
0.626271
0.624644
0.625864
0.629118
0.628711
0.628304
0.625864
0.623831
0.624644
0.622204
0.625051
0.628304
0.628304
0.625458
0.623831
0.622204
0.623831
0.624644
0.624237
0.625458
0.627491
0.629524
0.630744
0.629118
0.628711
0.626271
0.624237
0.625051
0.629118
0.628304
0.626678
0.627491
0.626271
0.627898
0.629118
0.631558
0.634811
0.636031
0.635218
0.636844
0.633591
0.633998
0.632778
0.633184
0.633591
0.633184
0.632371
0.632778
0.634404
0.634404
0.633998
0.631964
0.632778
0.631558
0.630744
0.631151
0.631964
0.632371
0.630744
0.630338
0.628304
0.627084
0.625864
0.628711
0.631151
0.630744
0.632371
0.633998
0.633998
0.632778
0.631558
0.632371
0.631558
0.631558
0.631558
0.629524
0.629118
0.629118
0.630338
0.628711
0.630338
0.630338
0.630338
0.631558
0.629118
0.630744
0.632371
0.631151
0.629931
0.629931
0.629118
0.627084
0.624644
0.625458
0.624237
0.625051
0.627491
0.629118
0.629118
0.631151
0.630744
0.629931
0.630338
0.630338
0.629931
0.629931
0.631558
0.629931
0.629118
0.627898
0.626271
0.625458
0.629524
0.629524
0.628711
0.627491
0.627491
0.627898
0.629931
0.627898
0.628711
0.625864
0.627084
0.626678
0.631964
0.627491
0.631151
0.629118
0.627084
0.625051
0.624644
0.629931
0.632371
0.632778
0.631558
0.629524
0.627898
0.627898
0.626678
0.623831
0.623831
0.623831
0.624237
0.627491
0.625864
0.625051
0.627084
0.624644
0.625458
0.625458
0.626678
0.627898
0.628304
0.626678
0.625458
0.625864
0.628304
0.627491
0.626271
0.626678
0.625051
0.625864
0.625458
0.626678
0.627084
0.627084
0.627084
0.626678
0.626271
0.627084
0.626678
0.627084
0.626678
0.626678
0.629118
0.627898
0.627898
0.627898
0.627491
0.623831
0.625864
0.624644
0.622204
0.624237
0.624644
0.624644
0.629524
0.629118
0.627491
0.625051
0.627084
0.623424
0.624644
0.627491
0.627898
0.629524
0.627898
0.627898
0.628304
0.628304
0.627084
0.625458
0.623424
0.625051
0.624644
0.624644
0.622204
0.623017
0.623424
0.623017
0.622611
0.624237
0.625051
0.627084
0.628711
0.628304
0.627898
0.626678
0.629118
0.629931
0.628711
0.629931
0.628711
0.628711
0.628304
0.627491
0.629931
0.628304
0.629118
0.629118
0.630338
0.629524
0.630338
0.632371
0.631558
0.630338
0.629931
0.630338
0.629931
0.631558
0.627898
0.626678
0.624237
0.625864
0.625864
0.624237
0.626271
0.624644
0.626678
0.623831
0.625051
0.622204
0.622611
0.623424
0.623831
0.625458
0.625458
0.625864
0.626271
0.629118
0.629524
0.630338
0.631964
0.631964
0.631964
0.633184
0.631964
0.632371
0.630338
0.631151
0.631558
0.630338
0.629931
0.625458
0.626678
0.624644
0.623831
0.624237
0.624644
0.628304
0.627084
0.627084
0.628711
0.629524
0.627084
0.629118
0.627084
0.628304
0.631151
0.629931
0.627491
0.629524
0.629118
0.626678
0.624237
0.622611
0.626271
0.627084
0.623424
0.627084
0.629931
0.628711
0.629118
0.628304
0.628711
0.625458
0.626678
0.627491
0.628304
0.629524
0.629118
0.629931
0.629118
0.629118
0.629118
0.629931
0.627898
0.626271
0.629931
0.629931
0.630338
0.629524
0.629118
0.626271
0.630338
0.628304
0.630744
0.633998
0.634811
0.635624
0.635218
0.632371
0.631151
0.632778
0.628711
0.628711
0.628711
0.627898
0.628304
0.629931
0.631151
0.631558
0.631151
0.629931
0.630744
0.629524
0.632371
0.633591
0.630744
0.630338
0.628304
0.626678
0.629118
0.628304
0.625864
0.627491
0.627898
0.631151
0.630338
0.631151
0.632371
0.634404
0.632371
0.631964
0.633184
0.630338
0.632371
0.630338
0.628304
0.628304
0.629524
0.626678
0.626271
0.625458
0.625458
0.629118
0.633591
0.632371
0.631151
0.631964
0.633184
0.632371
0.629118
0.626678
0.626271
0.626678
0.626271
0.630744
0.632371
0.631964
0.633591
0.632371
0.631964
0.632371
0.629931
0.630744
0.632371
0.633184
0.634404
0.627491
0.630744
0.629931
0.629118
0.629524
0.633591
0.634404
0.631151
0.631151
0.633591
0.633184
0.630338
0.628711
0.627898
0.628711
0.628304
0.628711
0.627491
0.627898
0.629931
0.630338
0.629118
0.629524
0.628304
0.627898
0.629931
0.630744
0.625051
0.627898
0.629118
0.627084
0.629931
0.630338
0.630744
0.630338
0.630338
0.629931
0.632371
0.633184
0.632778
0.633998
0.631964
0.630338
0.630338
0.630744
0.632371
0.632778
0.631964
0.631964
0.630744
0.631558
0.629524
0.631151
0.631558
0.631964
0.632371
0.632778
0.630744
0.630744
0.628304
0.629931
0.629931
0.631151
0.631558
0.631151
0.633184
0.632778
0.631558
0.631964
0.632371
0.631558
0.631964
0.631964
0.631151
0.630338
0.630338
0.630744
0.627084
0.628711
0.630338
0.629118
0.629524
0.628711
0.628304
0.627491
0.627491
0.626271
0.629118
0.630744
0.632371
0.634811
0.631558
0.627491
0.632778
0.631964
0.633184
0.632778
0.635624
0.633591
0.632778
0.632371
0.631964
0.631964
0.630744
0.631151
0.630338
0.628711
0.627898
0.629524
0.631151
0.633591
0.632778
0.633998
0.632778
0.629118
0.629931
0.627084
0.627898
0.626271
0.628711
0.630338
0.629931
0.630338
0.629524
0.629931
0.630744
0.630744
0.628304
0.629118
0.630744
0.629931
0.631558
0.632371
0.631151
0.630744
0.633184
0.631964
0.632371
0.631151
0.634404
0.634811
0.632778
0.632371
0.634404
0.633591
0.631151
0.629931
0.629118
0.628711
0.629524
0.631558
0.631151
0.631151
0.633591
0.633998
0.632778
0.629931
0.632371
0.631151
0.631151
0.631558
0.630338
0.629524
0.628304
0.632371
0.632371
0.631964
0.629118
0.630338
0.633998
0.634404
0.633184
0.632778
0.631558
0.633998
0.630338
0.628711
0.629118
0.631151
0.631151
0.629524
0.629931
0.628711
0.629118
0.630744
0.631558
0.631964
0.632778
0.632371
0.632778
0.633184
0.632778
0.633184
0.634404
0.634404
0.633184
0.634404
0.633998
0.635218
0.633998
0.631964
0.631558
0.633184
0.631558
0.632778
0.630744
0.631151
0.630744
0.631558
0.630338
0.631558
0.630338
0.630338
0.631558
0.630744
0.630744
0.635218
0.634811
0.634811
0.635624
0.632778
0.630744
0.629524
0.627491
0.625458
0.629524
0.632778
0.632371
0.631151
0.631151
0.629931
0.627898
0.625864
0.627491
0.627491
0.627084
0.628711
0.629931
0.631558
0.632371
0.633998
0.630744
0.630338
0.629931
0.627898
0.629118
0.631558
0.634404
0.635218
0.633998
0.634811
0.635218
0.634811
0.634404
0.633184
0.631151
0.630338
0.629118
0.628711
0.628304
0.627491
0.628304
0.628711
0.629931
0.630338
0.629118
0.629118
0.629931
0.631151
0.631558
0.631151
0.632371
0.633591
0.633591
0.633591
0.632778
0.631964
0.629931
0.631151
0.633184
0.633591
0.632778
0.631151
0.629118
0.630744
0.630744
0.629931
0.631558
0.632371
0.629524
0.627898
0.626678
0.626271
0.626271
0.629118
0.628304
0.629524
0.627898
0.627898
0.627084
0.627084
0.628711
0.628711
0.629118
0.628304
0.628304
0.629118
0.631558
0.628711
0.629931
0.629524
0.629524
0.628711
0.631558
0.634404
0.632778
0.630338
0.633184
0.629931
0.629524
0.628304
0.627491
0.630744
0.630338
0.630744
0.630744
0.632371
0.631964
0.632778
0.629118
0.629524
0.633184
0.633591
0.629931
0.628711
0.628304
0.628304
0.631151
0.631151
0.631558
0.629931
0.628711
0.629931
0.630338
0.629118
0.628711
0.631558
0.630338
0.632778
0.632371
0.631558
0.631964
0.633184
0.633184
0.632371
0.632371
0.635624
0.633998
0.630744
0.630338
0.631964
0.631964
0.629524
0.629524
0.629118
0.627491
0.629524
0.628711
0.631558
0.631151
0.630338
0.630338
0.630338
0.631151
0.631964
0.630744
0.629524
0.628304
0.629931
0.631964
0.631151
0.630338
0.631151
0.630338
0.632778
0.632371
0.631151
0.631558
0.631558
0.630338
0.633591
0.633591
0.631964
0.630338
0.629931
0.631558
0.632371
0.632371
0.631151
0.631964
0.631964
0.629931
0.630338
0.630338
0.632778
0.632371
0.631964
0.629931
0.627898
0.629931
0.633184
0.631964
0.631151
0.631964
0.631558
0.631151
0.629524
0.631151
0.632778
0.630338
0.632778
0.629524
0.632778
0.628304
0.629524
0.629931
0.627491
0.628304
0.629118
0.630338
0.630744
0.634811
0.634811
0.632778
0.632371
0.630744
0.630338
0.631964
0.633184
0.633591
0.631151
0.628304
0.627898
0.626678
0.628711
0.628304
0.628304
0.629524
0.630744
0.630744
0.631964
0.632778
0.631964
0.631151
0.630338
0.629118
0.628711
0.628304
0.631558
0.632778
0.631558
0.631558
0.631964
0.630338
0.627898
0.630338
0.631558
0.631964
0.631558
0.630338
0.629931
0.626678
0.626271
0.627084
0.629524
0.630338
0.629524
0.629524
0.629524
0.629931
0.628304
0.630744
0.630744
0.632778
0.630744
0.631151
0.629524
0.629524
0.628711
0.629118
0.629524
0.630744
0.629118
0.631558
0.629118
0.627084
0.629118
0.629931
0.631151
0.627898
0.629931
0.630744
0.631151
0.630338
0.628304
0.629524
0.627898
0.630744
0.629931
0.629931
0.629931
0.628711
0.629931
0.631151
0.629118
0.628304
0.629118
0.629118
0.627491
0.628304
0.628711
0.629931
0.627084
0.628711
0.629931
0.632778
0.632371
0.632371
0.631964
0.633998
0.633998
0.633184
0.634404
0.633184
0.631964
0.633591
0.632778
0.633591
0.633184
0.632371
0.632778
0.631558
0.632371
0.634404
0.633184
0.631558
0.630744
0.630744
0.630744
0.629931
0.629118
0.630338
0.630744
0.630338
0.629524
0.627898
0.631151
0.629118
0.630338
0.630744
0.629931
0.629931
0.630744
0.630338
0.630338
0.631964
0.629931
0.629931
0.631558
0.631558
0.632371
0.630338
0.630744
0.629931
0.631151
0.631151
0.631151
0.632778
0.632371
0.632371
0.631964
0.633998
0.635624
0.634811
0.633184
0.634811
0.634811
0.635218
0.631558
0.632371
0.631151
0.629931
0.629524
0.630744
0.630744
0.630338
0.630744
0.629931
0.631964
0.629931
0.631151
0.630744
0.631964
0.631151
0.630744
0.630744
0.630744
0.632778
0.633591
0.630744
0.629931
0.630338
0.630744
0.632371
0.630744
0.632778
0.632778
0.631964
0.631964
0.632371
0.631964
0.632778
0.631558
0.631964
0.630338
0.632371
0.632778
0.632778
0.629118
0.629931
0.630744
0.629931
0.627898
0.627898
0.627898
0.628304
0.630338
0.629931
0.628304
0.629118
0.627898
0.628304
0.628711
0.630744
0.631151
0.630744
0.630338
0.629118
0.629931
0.629118
0.631558
0.632778
0.629118
0.629931
0.629524
0.630744
0.626271
0.625864
0.625458
0.625051
0.627084
0.625864
0.625864
0.627898
0.627084
0.627084
0.627084
0.628711
0.629118
0.631964
0.633184
0.633591
0.631964
0.630744
0.631151
0.630338
0.632371
0.631558
0.633184
0.630744
0.629524
0.631964
0.629931
0.627898
0.629118
0.633998
0.630744
0.630744
0.633591
0.633591
0.632371
0.630744
0.631151
0.632778
0.631964
0.631964
0.629118
0.629931
0.629524
0.628304
0.628304
0.628304
0.628711
0.632371
0.631558
0.633591
0.631964
0.631151
0.629931
0.631151
0.629524
0.631558
0.632371
0.631151
0.630338
0.630338
0.631964
0.629931
0.630744
0.631151
0.632778
0.633591
0.631964
0.632371
0.629931
0.630338
0.631558
0.629524
0.629931
0.627491
0.626678
0.625458
0.627084
0.627898
0.626271
0.629118
0.627898
0.628711
0.629931
0.631964
0.631964
0.630744
0.631558
0.632778
0.631558
0.630744
0.631151
0.631558
0.631558
0.633591
0.632371
0.631964
0.632371
0.632371
0.631964
0.631558
0.631151
0.631558
0.629118
0.628711
0.628711
0.628711
0.627084
0.628711
0.629524
0.627898
0.630338
0.632778
0.631964
0.628711
0.628711
0.629931
0.631964
0.631558
0.631558
0.630338
0.629118
0.629524
0.631558
0.631964
0.631558
0.631151
0.629931
0.630744
0.630744
0.629524
0.629524
0.630744
0.631964
0.632778
0.632371
0.630744
0.633184
0.632778
0.633184
0.631964
0.631558
0.630338
0.631151
0.631964
0.629524
0.631151
0.633184
0.630338
0.629931
0.629118
0.631151
0.631151
0.631151
0.631151
0.629524
0.629118
0.628711
0.630744
0.632371
0.632778
0.631964
0.633998
0.631558
0.629524
0.630744
0.629118
0.630338
0.633591
0.630744
0.630744
0.630744
0.629524
0.629931
0.631151
0.630744
0.629118
0.629118
0.628304
0.629118
0.628711
0.631151
0.632778
0.634811
0.633184
0.630744
0.631558
0.633184
0.631558
0.630744
0.633184
0.630338
0.631964
0.630744
0.632778
0.629118
0.632371
0.631558
0.629118
0.629931
0.628304
0.631151
0.632778
0.629524
0.629931
0.632778
0.633998
0.631964
0.632371
0.631964
0.631964
0.627898
0.627491
0.628304
0.628711
0.629118
0.630744
0.631151
0.631151
0.631558
0.631964
0.630744
0.632371
0.631558
0.629931
0.631964
0.631151
0.631964
0.627898
0.629931
0.627898
0.628304
0.629931
0.629931
0.629931
0.630744
0.631964
0.631151
0.631151
0.631558
0.629118
0.629524
0.630744
0.631964
0.630338
0.631151
0.630744
0.629118
0.630338
0.629931
0.629524
0.630744
0.629524
0.630744
0.631558
0.631151
0.631964
0.631964
0.630744
0.629524
0.629524
0.627898
0.629524
0.633184
0.631558
0.633998
0.632778
0.630744
0.629931
0.629524
0.627491
0.629931
0.631558
0.630338
0.633184
0.633998
0.632371
0.631151
0.630338
0.628711
0.627084
0.627084
0.627084
0.627084
0.625458
0.627491
0.628711
0.630338
0.631151
0.626678
0.628711
0.626678
0.628711
0.629118
0.628304
0.629931
0.629118
0.630338
0.632371
0.631964
0.630338
0.631151
0.630338
0.629931
0.629118
0.627898
0.626271
0.626678
0.629118
0.629118
0.627084
0.629118
0.629931
0.628304
0.628304
0.629524
0.629118
0.629118
0.629931
0.629118
0.632371
0.632371
0.632371
0.631558
0.632778
0.633184
0.635218
0.632371
0.631964
0.631151
0.632371
0.634811
0.633591
0.632778
0.631558
0.630338
0.630744
0.628711
0.627898
0.627898
0.629118
0.628711
0.627491
0.628304
0.627491
0.628711
0.627491
0.628711
0.631151
0.632371
0.633998
0.634404
0.633184
0.635624
0.632778
0.630338
0.629524
0.631151
0.628711
0.629118
0.633184
0.633998
0.631964
0.631558
0.629524
0.627898
0.629118
0.631151
0.629931
0.630338
0.629118
0.630744
0.629118
0.628711
0.627898
0.631964
0.631151
0.635218
0.634811
0.633591
0.633591
0.632371
0.631964
0.631151
0.632371
0.630744
0.629524
0.626271
0.627084
0.631964
0.629118
0.628711
0.628304
0.628711
0.627084
0.627491
0.627898
0.631151
0.630744
0.631964
0.631151
0.631558
0.629118
0.629524
0.625864
0.627491
0.627491
0.629524
0.631558
0.630744
0.631558
0.633998
0.629931
0.630744
0.630338
0.629931
0.629524
0.631964
0.631964
0.630744
0.629118
0.630338
0.629118
0.627898
0.627084
0.627491
0.628711
0.629524
0.628711
0.626271
0.626271
0.625458
0.630744
0.631964
0.632778
0.632778
0.632371
0.634404
0.630744
0.633184
0.634404
0.630338
0.629118
0.629524
0.630744
0.631151
0.632778
0.632778
0.631964
0.632371
0.633184
0.629524
0.627898
0.627491
0.628711
0.631964
0.628711
0.629931
0.631558
0.631558
0.632778
0.635218
0.632778
0.629931
0.629931
0.629118
0.628304
0.628304
0.630338
0.630338
0.629118
0.629931
0.630744
0.631151
0.635218
0.634404
0.635624
0.634811
0.633591
0.629118
0.632371
0.630338
0.631558
0.630744
0.631558
0.633591
0.633184
0.633998
0.634404
0.633998
0.633591
0.630744
0.627084
0.627084
0.628304
0.627491
0.628304
0.629524
0.631151
0.630338
0.629931
0.630744
0.633591
0.633998
0.635218
0.634404
0.633184
0.631964
0.632371
0.629118
0.630338
0.631558
0.633998
0.636031
0.636438
0.635218
0.633998
0.632778
0.630338
0.630744
0.631558
0.630338
0.630338
0.630744
0.631151
0.629524
0.630338
0.628711
0.630744
0.630338
0.631151
0.631964
0.631964
0.631558
0.631964
0.632778
0.632778
0.635218
0.634404
0.633998
0.631558
0.632371
0.631558
0.631558
0.629931
0.631964
0.633184
0.632371
0.631964
0.631558
0.629931
0.633998
0.634811
0.633998
0.632371
0.630744
0.632371
0.630338
0.630338
0.631151
0.630744
0.628711
0.633591
0.633184
0.630338
0.629118
0.630338
0.629118
0.627898
0.631964
0.633591
0.632371
0.634811
0.633998
0.633998
0.630744
0.628711
0.628304
0.631151
0.631151
0.629524
0.631964
0.631151
0.632371
0.632778
0.630338
0.631964
0.627898
0.627491
0.629118
0.630338
0.630744
0.629524
0.631151
0.631964
0.632371
0.631151
0.629524
0.628711
0.628304
0.629931
0.627084
0.629118
0.630338
0.629524
0.631558
0.632371
0.632778
0.634811
0.635624
0.634404
0.634811
0.633998
0.630744
0.630744
0.631151
0.630744
0.627491
0.630744
0.633184
0.633998
0.635218
0.633591
0.627898
0.626271
0.628304
0.631964
0.630744
0.629931
0.631964
0.631558
0.633591
0.631558
0.629118
0.629118
0.628304
0.629118
0.630744
0.633184
0.632371
0.631558
0.630744
0.629931
0.628304
0.631151
0.631151
0.629524
0.629931
0.631964
0.629931
0.631151
0.631964
0.628711
0.628711
0.626678
0.629118
0.633184
0.636031
0.634404
0.633591
0.633591
0.633184
0.633184
0.630744
0.630744
0.630338
0.629931
0.630338
0.628711
0.629118
0.629118
0.628711
0.630744
0.632778
0.633591
0.633184
0.635218
0.636031
0.635218
0.634811
0.635218
0.629524
0.629524
0.630744
0.627898
0.630338
0.629118
0.632371
0.631964
0.636438
0.633998
0.631964
0.629931
0.627084
0.627898
0.625051
0.625864
0.626678
0.625864
0.626271
0.626271
0.627084
0.628304
0.627898
0.626271
0.631964
0.633591
0.633998
0.633998
0.634811
0.634811
0.632371
0.631151
0.632371
0.633184
0.634404
0.633591
0.632778
0.631964
0.629118
0.631558
0.633998
0.635218
0.633998
0.634404
0.632778
0.633184
0.629931
0.629931
0.631558
0.630338
0.627084
0.630338
0.630338
0.632371
0.634811
0.634404
0.634404
0.633184
0.631151
0.627898
0.630338
0.632371
0.631558
0.630338
0.629118
0.629524
0.629524
0.629931
0.633184
0.631558
0.631151
0.631151
0.629524
0.631558
0.632778
0.632778
0.629931
0.633591
0.636031
0.638471
0.636438
0.636438
0.635218
0.636031
0.635218
0.630338
0.629118
0.630744
0.630744
0.631558
0.632371
0.630744
0.633998
0.633591
0.633998
0.633591
0.633998
0.634811
0.632371
0.633184
0.631558
0.631964
0.632371
0.632778
0.634811
0.632371
0.631151
0.627898
0.627084
0.629118
0.630338
0.631964
0.627898
0.628711
0.628711
0.627898
0.629524
0.628304
0.628711
0.629118
0.632371
0.633591
0.631964
0.632371
0.626678
0.626271
0.625864
0.628304
0.627084
0.627084
0.626678
0.625864
0.627898
0.628304
0.627898
0.628711
0.629118
0.629931
0.631151
0.631151
0.631558
0.632778
0.633184
0.632778
0.632778
0.634811
0.633591
0.634404
0.636031
0.636031
0.636031
0.632371
0.632371
0.629524
0.629524
0.631151
0.629524
0.627491
0.629524
0.635624
0.632371
0.633591
0.629524
0.627898
0.630338
0.630338
0.629524
0.630338
0.627491
0.629524
0.629118
0.628711
0.631964
0.630338
0.631558
0.629931
0.631151
0.636438
0.637658
0.636031
0.636844
0.636031
0.634811
0.632778
0.631964
0.632371
0.631558
0.631151
0.631151
0.629524
0.632371
0.630338
0.630338
0.630338
0.631964
0.632778
0.631964
0.631964
0.630744
0.629931
0.633184
0.633184
0.633184
0.633591
0.631964
0.631558
0.635218
0.634404
0.631558
0.629118
0.627898
0.629118
0.631151
0.632371
0.631151
0.633184
0.633998
0.634811
0.631558
0.630744
0.630744
0.631558
0.633184
0.632778
0.632371
0.633184
0.634811
0.633591
0.632371
0.635218
0.632778
0.636031
0.632371
0.633184
0.633998
0.634811
0.632778
0.634404
0.633591
0.635218
0.631151
0.632778
0.630338
0.631964
0.630744
0.627898
0.633184
0.634404
0.634404
0.636438
0.631964
0.629931
0.630744
0.632371
0.632778
0.630338
0.632371
0.631558
0.633998
0.632371
0.636438
0.636438
0.636438
0.635218
0.634811
0.632778
0.633591
0.633591
0.631558
0.626271
0.628304
0.629524
0.627898
0.628304
0.625864
0.629931
0.634404
0.636438
0.633184
0.634811
0.633591
0.630744
0.630744
0.631151
0.629524
0.631558
0.632371
0.632778
0.631558
0.633591
0.631558
0.634404
0.633184
0.633998
0.634811
0.633184
0.633998
0.634811
0.633998
0.633184
0.633184
0.632371
0.633184
0.633184
0.634404
0.634811
0.636031
0.633998
0.633591
0.630744
0.633184
0.633184
0.630338
0.631151
0.630744
0.631151
0.629118
0.628304
0.628711
0.629931
0.631151
0.630338
0.631558
0.631151
0.629118
0.628711
0.630744
0.632371
0.631558
0.633591
0.635624
0.635624
0.636438
0.636844
0.635218
0.633184
0.629524
0.629118
0.629524
0.628711
0.630744
0.632371
0.630338
0.630744
0.631964
0.631964
0.632371
0.633184
0.634811
0.635218
0.633591
0.635218
0.634811
0.631558
0.634811
0.631964
0.632371
0.630744
0.631558
0.631151
0.631558
0.631964
0.629524
0.631151
0.631558
0.632371
0.631558
0.632371
0.629118
0.631558
0.632371
0.635218
0.636031
0.636438
0.634811
0.635624
0.632778
0.631964
0.631151
0.631558
0.633184
0.632371
0.632778
0.631151
0.630338
0.631964
0.631151
0.630338
0.631558
0.632778
0.633184
0.631558
0.630744
0.629931
0.630338
0.628711
0.631964
0.629524
0.629931
0.631151
0.629118
0.631558
0.631151
0.628304
0.628711
0.630338
0.629931
0.631964
0.632778
0.633184
0.633591
0.631151
0.629524
0.629118
0.631151
0.630338
0.631964
0.631964
0.632371
0.633591
0.636438
0.634811
0.631964
0.630338
0.633184
0.633591
0.631964
0.631558
0.632371
0.631151
0.632778
0.632778
0.632371
0.633591
0.631151
0.633591
0.633184
0.631558
0.633998
0.633184
0.633184
0.630744
0.631964
0.632371
0.633184
0.630338
0.631558
0.633998
0.631964
0.631558
0.633591
0.632778
0.633998
0.631558
0.633184
0.633998
0.630744
0.630338
0.629524
0.629931
0.631151
0.629931
0.631151
0.632371
0.630338
0.631151
0.631558
0.631151
0.631964
0.630338
0.630338
0.632371
0.631964
0.630744
0.629524
0.634811
0.636031
0.633998
0.633591
0.634811
0.636031
0.635218
0.631151
0.631151
0.631558
0.631151
0.632371
0.632778
0.633591
0.633591
0.633184
0.633184
0.634404
0.633998
0.633998
0.633184
0.631558
0.633184
0.631151
0.630338
0.629118
0.632778
0.633998
0.633998
0.634404
0.634404
0.634404
0.633184
0.631964
0.629524
0.630744
0.630744
0.631558
0.630338
0.631558
0.633184
0.631151
0.633998
0.636438
0.634811
0.636031
0.633591
0.633591
0.632778
0.633184
0.633998
0.631964
0.631964
0.633184
0.633998
0.631558
0.630744
0.630338
0.630338
0.627491
0.630338
0.629524
0.630744
0.630338
0.629524
0.629118
0.629524
0.631151
0.630338
0.633184
0.632778
0.633591
0.634404
0.635624
0.634811
0.635624
0.635624
0.634811
0.636438
0.636438
0.633184
0.631558
0.632778
0.633591
0.631964
0.635624
0.634404
0.634404
0.633998
0.633184
0.633184
0.631964
0.631558
0.629931
0.629524
0.631558
0.630338
0.631964
0.632371
0.634404
0.630744
0.628711
0.627491
0.625864
0.627084
0.627084
0.627491
0.628304
0.629931
0.629931
0.631964
0.631558
0.633591
0.633998
0.635624
0.635624
0.635218
0.632371
0.631964
0.633591
0.633184
0.635218
0.633184
0.635624
0.636031
0.635624
0.636438
0.636031
0.637658
0.636844
0.635218
0.636438
0.633998
0.633591
0.634811
0.634811
0.634404
0.633998
0.633998
0.634404
0.633184
0.630744
0.630744
0.631964
0.632778
0.631558
0.630744
0.630338
0.631558
0.631151
0.630744
0.631558
0.632371
0.633591
0.634404
0.636844
0.636438
0.636844
0.638471
0.636438
0.635624
0.633184
0.635218
0.635218
0.633184
0.631964
0.631964
0.633591
0.632778
0.633591
0.633184
0.635218
0.634811
0.635624
0.633591
0.633998
0.634404
0.636031
0.634404
0.635218
0.636438
0.633998
0.634811
0.633184
0.632371
0.632371
0.632778
0.630338
0.631964
0.631558
0.630744
0.632778
0.630744
0.633591
0.633591
0.634811
0.635218
0.633591
0.634811
0.634404
0.635624
0.634811
0.635624
0.636438
0.637251
0.636438
0.638064
0.636031
0.634811
0.638471
0.635218
0.633184
0.633998
0.634811
0.636438
0.635624
0.634811
0.636438
0.637251
0.634404
0.634811
0.634404
0.640504
0.637251
0.634404
0.631151
0.634404
0.634811
0.634811
0.634404
0.635218
0.635624
0.633591
0.635624
0.633591
0.633591
0.633998
0.635624
0.634811
0.633184
0.634811
0.633591
0.632778
0.634404
0.632778
0.633998
0.633998
0.632778
0.632371
0.633184
0.633184
0.633591
0.636031
0.635624
0.632778
0.634404
0.632778
0.633184
0.631558
0.631558
0.631964
0.632778
0.633184
0.633591
0.632371
0.633184
0.632778
0.633591
0.633184
0.635218
0.636438
0.636031
0.635624
0.635218
0.630744
0.632778
0.631558
0.631558
0.630338
0.632778
0.631964
0.633591
0.633998
0.633184
0.634404
0.636844
0.636438
0.636438
0.636438
0.635624
0.636031
0.634811
0.634404
0.634811
0.636031
0.633591
0.634404
0.633591
0.631558
0.633998
0.633998
0.635624
0.633591
0.635218
0.636438
0.633998
0.635218
0.633998
0.633591
0.633591
0.633591
0.635218
0.635624
0.635624
0.634404
0.635218
0.634404
0.634404
0.635624
0.635624
0.636438
0.634811
0.634404
0.633998
0.632778
0.631964
0.632371
0.634404
0.634404
0.633184
0.634811
0.636031
0.636031
0.634811
0.635624
0.634811
0.636031
0.636031
0.637251
0.636031
0.633998
0.632371
0.634404
0.632778
0.632371
0.634404
0.634811
0.634811
0.633998
0.635218
0.631964
0.632371
0.631964
0.632371
0.629931
0.631964
0.632778
0.631558
0.631964
0.631964
0.633591
0.631151
0.630338
0.631558
0.631151
0.633591
0.633998
0.631964
0.633591
0.633998
0.633184
0.632371
0.635218
0.633591
0.633591
0.636438
0.636844
0.636844
0.636031
0.633998
0.636031
0.634404
0.635624
0.633998
0.634811
0.634404
0.633998
0.636031
0.636031
0.633591
0.634811
0.631151
0.632371
0.631151
0.632371
0.633184
0.634811
0.634404
0.631558
0.629931
0.630338
0.631558
0.631558
0.632778
0.630338
0.634811
0.636031
0.634811
0.633591
0.638064
0.637658
0.636438
0.636031
0.635218
0.635218
0.634811
0.638064
0.638064
0.634811
0.633591
0.633998
0.632371
0.634811
0.636031
0.635624
0.636438
0.638064
0.636844
0.639691
0.638064
0.639284
0.638878
0.635218
0.639284
0.638471
0.638471
0.638471
0.637658
0.637251
0.636438
0.636031
0.633184
0.637658
0.636438
0.638064
0.637658
0.636438
0.634404
0.635624
0.635624
0.634811
0.634404
0.636844
0.638878
0.638878
0.637658
0.634404
0.636031
0.637251
0.635218
0.632371
0.634404
0.635624
0.635624
0.635624
0.633591
0.631964
0.633998
0.633184
0.633591
0.633184
0.632778
0.633184
0.635624
0.636031
0.635624
0.633591
0.632371
0.632371
0.633591
0.634811
0.636438
0.635218
0.635624
0.634811
0.633998
0.636438
0.639284
0.636844
0.637251
0.635624
0.638064
0.637658
0.638064
0.635218
0.636844
0.635218
0.635218
0.634811
0.636438
0.635218
0.633998
0.633184
0.634811
0.635624
0.633184
0.631151
0.631151
0.629118
0.631558
0.633998
0.633591
0.633591
0.632778
0.630338
0.632778
0.633184
0.634811
0.633998
0.633998
0.634404
0.635624
0.638878
0.637251
0.635624
0.636844
0.635624
0.635218
0.636438
0.635624
0.635624
0.636031
0.635624
0.635624
0.637658
0.633184
0.634404
0.633591
0.634811
0.634404
0.635624
0.635624
0.636844
0.634811
0.635624
0.634404
0.635624
0.636031
0.636438
0.635624
0.635218
0.634404
0.636031
0.636438
0.636031
0.637251
0.636438
0.637658
0.640098
0.640098
0.640098
0.638878
0.635624
0.633998
0.633184
0.633184
0.633184
0.631964
0.633184
0.632778
0.633184
0.632778
0.633591
0.632778
0.633998
0.635218
0.633998
0.634811
0.631964
0.632778
0.634811
0.634811
0.636031
0.633591
0.634404
0.636438
0.635624
0.638064
0.637251
0.638064
0.637658
0.636031
0.634811
0.632778
0.632371
0.634404
0.630744
0.633998
0.633998
0.633184
0.635624
0.635218
0.636031
0.634811
0.636844
0.635624
0.635624
0.636438
0.635218
0.635624
0.635624
0.634811
0.636031
0.633998
0.635624
0.634811
0.634811
0.636844
0.636031
0.637658
0.638064
0.639284
0.638878
0.638471
0.639284
0.640504
0.638471
0.637251
0.636438
0.635624
0.635218
0.634404
0.634811
0.634811
0.636438
0.634811
0.633184
0.634811
0.633184
0.633184
0.633591
0.634404
0.633184
0.634404
0.631964
0.634404
0.635218
0.633184
0.634404
0.635624
0.636031
0.635218
0.634404
0.636031
0.636438
0.637658
0.638064
0.637658
0.638064
0.637251
0.638471
0.637251
0.637658
0.638471
0.638878
0.638878
0.639284
0.638064
0.638471
0.640911
0.639691
0.639691
0.638471
0.639691
0.639691
0.638471
0.637658
0.637658
0.638471
0.638878
0.639691
0.638878
0.638064
0.638471
0.636844
0.638878
0.640098
0.638878
0.636438
0.636031
0.638878
0.636844
0.638064
0.638471
0.637658
0.636031
0.635218
0.636844
0.637251
0.638064
0.636031
0.637658
0.639284
0.638064
0.636844
0.636031
0.638471
0.637658
0.635624
0.638064
0.638878
0.639691
0.640098
0.637251
0.637658
0.638064
0.638064
0.639691
0.637251
0.638471
0.640504
0.641318
0.641724
0.639691
0.639284
0.638064
0.640098
0.638878
0.638064
0.637251
0.637251
0.639691
0.637658
0.634811
0.636438
0.638064
0.637658
0.634404
0.635624
0.639691
0.639691
0.639284
0.639691
0.637658
0.637658
0.637251
0.635624
0.638064
0.636844
0.636844
0.640098
0.640098
0.640504
0.638878
0.639284
0.640504
0.641318
0.640504
0.638471
0.637251
0.636438
0.636844
0.638471
0.636031
0.632371
0.632371
0.633998
0.633998
0.636031
0.636844
0.637658
0.637251
0.640098
0.636844
0.637251
0.636031
0.635218
0.635624
0.634811
0.633591
0.633184
0.633998
0.633998
0.633184
0.631964
0.632371
0.633591
0.633998
0.635624
0.633591
0.636031
0.636438
0.634404
0.633591
0.635624
0.638471
0.639691
0.637251
0.636844
0.636031
0.636844
0.634811
0.635218
0.635218
0.634811
0.634811
0.636438
0.636438
0.636031
0.637251
0.635218
0.636438
0.637251
0.638471
0.639284
0.635624
0.633998
0.634811
0.634811
0.631964
0.640098
0.637251
0.636438
0.635624
0.634404
0.633591
0.633998
0.636031
0.635624
0.636438
0.636031
0.637658
0.637251
0.633998
0.634811
0.634811
0.635218
0.636438
0.634811
0.634404
0.633591
0.631964
0.633184
0.634811
0.635218
0.636031
0.636438
0.636031
0.635218
0.639284
0.638064
0.639284
0.641318
0.637658
0.639284
0.636438
0.637251
0.636031
0.635218
0.636031
0.635218
0.636438
0.636844
0.636844
0.636031
0.635218
0.633998
0.636844
0.635218
0.635624
0.635624
0.630744
0.634404
0.635218
0.634404
0.634811
0.631964
0.634404
0.635218
0.633998
0.634404
0.635218
0.633184
0.633998
0.632778
0.632778
0.633998
0.635624
0.636438
0.635218
0.636844
0.637658
0.636844
0.638471
0.640504
0.639691
0.638878
0.638471
0.637658
0.636844
0.632371
0.634404
0.631964
0.638064
0.635218
0.635218
0.634404
0.635624
0.634811
0.634404
0.633998
0.633184
0.633591
0.635218
0.636031
0.636844
0.634404
0.634404
0.633998
0.636031
0.636031
0.634404
0.636031
0.635624
0.636438
0.638064
0.639691
0.638064
0.638878
0.638064
0.637658
0.639691
0.641724
0.642538
0.642538
0.641318
0.638878
0.638064
0.635624
0.633998
0.635624
0.633591
0.638878
0.639284
0.636438
0.638471
0.638878
0.640504
0.637658
0.636844
0.637658
0.639691
0.639284
0.638064
0.638064
0.638878
0.640098
0.640098
0.637658
0.636438
0.636031
0.636031
0.637658
0.637251
0.637251
0.637251
0.636031
0.637251
0.637251
0.636438
0.637251
0.634404
0.636844
0.636031
0.637251
0.638064
0.635624
0.636844
0.634811
0.636844
0.638064
0.640098
0.638471
0.638878
0.635624
0.636844
0.638064
0.638878
0.641724
0.640911
0.639284
0.640098
0.640911
0.638471
0.638471
0.636031
0.634811
0.635624
0.634811
0.634811
0.636031
0.636844
0.636844
0.637251
0.638471
0.639691
0.638471
0.638878
0.639284
0.638471
0.638064
0.637251
0.635218
0.631964
0.635218
0.639691
0.639284
0.637658
0.636438
0.636844
0.637251
0.639691
0.639691
0.639691
0.637251
0.639284
0.636844
0.635218
0.635218
0.634811
0.636031
0.639284
0.638471
0.639284
0.640504
0.637658
0.637658
0.637251
0.636844
0.637251
0.635624
0.636031
0.636844
0.638878
0.638878
0.639691
0.638471
0.639691
0.639691
0.638064
0.637658
0.639691
0.636844
0.636844
0.637251
0.637658
0.636438
0.640911
0.640504
0.639691
0.638064
0.638064
0.636844
0.636438
0.637658
0.635218
0.638878
0.639691
0.637251
0.638064
0.638471
0.636844
0.639284
0.638064
0.637658
0.636438
0.638471
0.639691
0.640504
0.638878
0.638471
0.638878
0.640098
0.639284
0.639284
0.640098
0.639284
0.638064
0.640098
0.640098
0.638878
0.635218
0.635218
0.634404
0.635218
0.638471
0.638471
0.640098
0.639284
0.640504
0.639691
0.640098
0.640504
0.640098
0.638471
0.638878
0.638064
0.637251
0.636031
0.636844
0.634811
0.633998
0.636844
0.639284
0.641318
0.640098
0.640098
0.640098
0.641318
0.640098
0.636844
0.635624
0.636031
0.636031
0.636031
0.636438
0.638878
0.636438
0.634404
0.637251
0.640504
0.642131
0.640098
0.641724
0.642944
0.642538
0.638471
0.641724
0.641318
0.641318
0.642131
0.639284
0.638878
0.642944
0.644164
0.642944
0.641724
0.639691
0.638878
0.638064
0.637658
0.637658
0.639284
0.637658
0.637658
0.639284
0.639284
0.640504
0.638878
0.639691
0.639284
0.637658
0.638471
0.640504
0.639284
0.638471
0.638878
0.635624
0.635624
0.635624
0.637251
0.636844
0.638878
0.642538
0.641724
0.640504
0.638878
0.640911
0.639691
0.637251
0.638471
0.640911
0.644164
0.643351
0.642131
0.643351
0.639691
0.636844
0.637658
0.636844
0.636844
0.636844
0.638471
0.638878
0.639691
0.638471
0.640504
0.642944
0.642131
0.638471
0.639691
0.641724
0.640911
0.638471
0.636438
0.637251
0.636844
0.637658
0.640098
0.640911
0.640504
0.640504
0.640911
0.644164
0.644164
0.643351
0.638878
0.636844
0.634811
0.631964
0.629931
0.630744
0.632778
0.634404
0.636438
0.633998
0.634811
0.636844
0.639691
0.639284
0.642131
0.642538
0.643758
0.640504
0.638471
0.640504
0.640504
0.639284
0.640098
0.640098
0.638878
0.640098
0.641318
0.638471
0.638878
0.640504
0.636844
0.639284
0.638471
0.637251
0.638878
0.638471
0.640098
0.638471
0.637658
0.638064
0.637658
0.638064
0.640098
0.640098
0.644571
0.644571
0.643758
0.643758
0.642538
0.640911
0.638064
0.636438
0.638471
0.638471
0.640504
0.637658
0.637658
0.637251
0.637251
0.636438
0.633998
0.633184
0.635218
0.635624
0.636438
0.633998
0.634404
0.636438
0.636031
0.638064
0.638064
0.641318
0.641318
0.639691
0.639691
0.638064
0.640911
0.639284
0.640911
0.640098
0.642944
0.640504
0.640098
0.639691
0.639284
0.641318
0.641724
0.638471
0.638878
0.637658
0.638471
0.642538
0.642131
0.643351
0.643758
0.640504
0.640098
0.638878
0.638064
0.640098
0.638878
0.641724
0.640098
0.639284
0.638471
0.638471
0.638064
0.637658
0.638878
0.640504
0.640911
0.640504
0.639691
0.640911
0.638064
0.639691
0.640098
0.638878
0.638471
0.640098
0.640504
0.638064
0.640098
0.635218
0.635624
0.636031
0.636438
0.640911
0.642131
0.640504
0.642131
0.641724
0.642131
0.640504
0.639691
0.635218
0.634811
0.634811
0.636438
0.639691
0.641724
0.640911
0.640504
0.640098
0.641724
0.640911
0.640504
0.639284
0.638878
0.640098
0.640911
0.640098
0.638471
0.636438
0.636438
0.635218
0.635218
0.634811
0.638878
0.636031
0.637251
0.635624
0.635218
0.634811
0.632778
0.634811
0.634811
0.636844
0.638471
0.637658
0.638471
0.638471
0.636031
0.635624
0.634404
0.636844
0.638064
0.635624
0.639691
0.638878
0.637658
0.639284
0.639691
0.641318
0.640911
0.637251
0.641318
0.643351
0.640911
0.640504
0.638471
0.634404
0.638471
0.637658
0.641318
0.638878
0.638878
0.640098
0.639691
0.638471
0.638064
0.638878
0.638064
