0.581944
0.587637
0.581537
0.577471
0.577064
0.573810
0.581537
0.582351
0.584384
0.583164
0.579504
0.586011
0.589671
0.589264
0.591704
0.594144
0.593737
0.594551
0.588857
0.591297
0.586417
0.591297
0.595771
0.594551
0.586417
0.577877
0.578691
0.577471
0.576657
0.575844
0.575437
0.576251
0.578691
0.577064
0.579504
0.579097
0.580724
0.579911
0.583164
0.579911
0.579911
0.573810
0.576251
0.576657
0.575031
0.574624
0.578284
0.582351
0.583571
0.589671
0.596991
0.581131
0.575437
0.560390
0.552664
0.546970
0.544530
0.544530
0.547377
0.548190
0.554290
0.558764
0.557544
0.570150
0.577877
0.569744
0.562424
0.573810
0.577877
0.575437
0.576251
0.580724
0.584791
0.583977
0.588857
0.591297
0.588451
0.590891
0.590891
0.589264
0.588451
0.590484
0.591297
0.590891
0.591704
0.590077
0.591704
0.591704
0.593331
0.592111
0.591704
0.593331
0.593737
0.593737
0.592517
0.593331
0.590484
0.591297
0.592517
0.590484
0.591297
0.590077
0.590484
0.590077
0.590077
0.589671
0.590484
0.588451
0.589264
0.588857
0.589264
0.590484
0.590077
0.590077
0.588451
0.588857
0.589671
0.588857
0.591297
0.590484
0.590484
0.591297
0.588451
0.589671
0.588451
0.587231
0.583164
0.581944
0.581131
0.578691
0.578691
0.579504
0.581131
0.581944
0.581537
0.581537
0.582351
0.586417
0.583571
0.584791
0.583571
0.582351
0.582351
0.582757
0.582351
0.584384
0.584791
0.581944
0.584384
0.581131
0.581944
0.581537
0.579911
0.580724
0.582757
0.582757
0.581537
0.581944
0.581944
0.583164
0.581537
0.577877
0.577471
0.577877
0.577877
0.578284
0.579097
0.576657
0.582757
0.582757
0.595364
0.592517
0.577471
0.580724
0.585604
0.584791
0.585604
0.587637
0.590077
0.593331
0.596177
0.594144
0.595364
0.596177
0.594957
0.596584
0.593737
0.592517
0.595364
0.590891
0.588857
0.589671
0.590077
0.589671
0.590891
0.593331
0.591704
0.593737
0.591704
0.589671
0.589671
0.592111
0.592517
0.592111
0.590077
0.590484
0.590077
0.590484
0.591704
0.591704
0.592111
0.592517
0.594957
0.594957
0.596584
0.596584
0.595771
0.597397
0.597397
0.597397
0.594551
0.593737
0.593331
0.598211
0.596177
0.595771
0.597804
0.596991
0.596584
0.596177
0.596584
0.595771
0.592517
0.592111
0.591704
0.591704
0.592111
0.591704
0.591704
0.592111
0.591704
0.592517
0.593331
0.592111
0.591704
0.592111
0.593737
0.594551
0.597397
0.597397
0.596584
0.596584
0.596584
0.596991
0.597804
0.596584
0.596584
0.596177
0.595771
0.595771
0.596177
0.596177
0.595771
0.595771
0.594144
0.592517
0.592924
0.596584
0.592517
0.592517
0.590077
0.592111
0.591297
0.589671
0.590891
0.587637
0.583571
0.573404
0.573404
0.586417
0.576251
0.567710
0.565270
0.563237
0.562830
0.563237
0.563237
0.565677
0.565270
0.568930
0.573404
0.585197
0.580724
0.574624
0.584384
0.590484
0.588857
0.587231
0.588857
0.592517
0.591704
0.591704
0.592924
0.593331
0.592517
0.593331
0.592517
0.592111
0.592111
0.592111
0.592924
0.592924
0.592924
0.592924
0.592111
0.591704
0.591704
0.590484
0.590891
0.590484
0.590484
0.590891
0.592517
0.592517
0.592924
0.592111
0.592111
0.592517
0.592924
0.592111
0.592924
0.592517
0.592111
0.592924
0.591297
0.593331
0.594144
0.592924
0.590077
0.583977
0.582757
0.587637
0.587231
0.587231
0.585604
0.586011
0.585197
0.579504
0.584384
0.588451
0.588044
0.585604
0.581131
0.585604
0.581944
0.590484
0.586417
0.584384
0.589671
0.590891
0.590077
0.586011
0.582757
0.584791
0.586417
0.586417
0.591297
0.589264
0.588857
0.588044
0.590077
0.591704
0.591297
0.589671
0.589671
0.590077
0.590077
0.590484
0.590484
0.589671
0.593737
0.591297
0.592111
0.590484
0.592517
0.592924
0.592517
0.592924
0.592111
0.592111
0.591297
0.591297
0.591297
0.591297
0.592517
0.593331
0.594144
0.594144
0.594957
0.593737
0.595364
0.592924
0.592111
0.592517
0.593331
0.593331
0.592111
0.592517
0.592924
0.593331
0.593331
0.593737
0.592924
0.592924
0.592111
0.594144
0.594551
0.592924
0.593737
0.594551
0.594144
0.594551
0.593331
0.594551
0.595364
0.595364
0.596177
0.594957
0.595364
0.595771
0.596991
0.596584
0.596177
0.593331
0.593331
0.595364
0.595364
0.593737
0.592517
0.594551
0.595364
0.594551
0.595364
0.596991
0.596991
0.596177
0.595364
0.597804
0.597804
0.598617
0.598617
0.597397
0.599024
0.598617
0.598617
0.597397
0.594144
0.594144
0.592924
0.593737
0.594957
0.594957
0.595364
0.594957
0.596584
0.596584
0.596177
0.595771
0.594957
0.596177
0.594551
0.595364
0.598211
0.596584
0.596584
0.597804
0.596991
0.599431
0.599837
0.603091
0.603904
0.604311
0.603091
0.604311
0.603497
0.603497
0.603091
0.602684
0.602684
0.603091
0.603904
0.603904
0.603497
0.604311
0.603091
0.600651
0.596991
0.595364
0.596584
0.596177
0.596991
0.596584
0.599024
0.604311
0.602277
0.602684
0.601464
0.601464
0.601464
0.599431
0.599024
0.598617
0.599024
0.599431
0.596991
0.596177
0.597804
0.597804
0.598617
0.600244
0.603904
0.602684
0.603497
0.603904
0.603904
0.603497
0.603091
0.602684
0.602684
0.602684
0.602684
0.602277
0.602684
0.607564
0.605531
0.605937
0.605937
0.604717
0.604311
0.603904
0.602277
0.603497
0.603497
0.603497
0.603904
0.602684
0.602277
0.602277
0.603091
0.605937
0.607157
0.605531
0.605124
0.606344
0.606344
0.605124
0.604717
0.606751
0.606344
0.608377
0.606344
0.604717
0.604717
0.603904
0.605531
0.606751
0.605531
0.606344
0.603904
0.605124
0.602277
0.601871
0.602684
0.601871
0.603091
0.601871
0.605124
0.607971
0.612037
0.608377
0.603091
0.601871
0.597397
0.598617
0.602684
0.609597
0.610004
0.607157
0.607971
0.607971
0.607971
0.607971
0.608377
0.606344
0.605124
0.605937
0.603091
0.605531
0.608784
0.607564
0.607157
0.607157
0.610004
0.607157
0.604717
0.606344
0.601464
0.607971
0.607971
0.610411
0.610817
0.605937
0.607157
0.608784
0.608377
0.606344
0.608784
0.609191
0.609191
0.605937
0.606344
0.607971
0.610411
0.612444
0.612444
0.612851
0.614477
0.612851
0.612851
0.612444
0.612037
0.609191
0.605531
0.596584
0.605937
0.600651
0.599837
0.606344
0.611631
0.622204
0.618137
0.619357
0.619357
0.617324
0.616511
0.616511
0.617731
0.617731
0.617324
0.618137
0.619357
0.618137
0.616104
0.617731
0.616511
0.619357
0.620577
0.622204
0.620984
0.620577
0.621797
0.620984
0.619357
0.617324
0.618544
0.618951
0.618544
0.620984
0.621391
0.622204
0.623017
0.622204
0.622204
0.625864
0.624237
0.620577
0.622204
0.626678
0.625458
0.619357
0.612444
0.612851
0.614477
0.616917
0.616511
0.620171
0.622611
0.625458
0.625864
0.625051
0.623017
0.624644
0.627084
0.628304
0.625458
0.627491
0.628304
0.626678
0.627491
0.625864
0.618137
0.608784
0.605937
0.607157
0.614884
0.624644
0.629118
0.627491
0.631151
0.626678
0.628304
0.628711
0.630744
0.630744
0.632371
0.630338
0.629524
0.629118
0.629118
0.627491
0.621797
0.619764
0.620171
0.614071
0.613664
0.613257
0.609597
0.612037
0.612037
0.612037
0.614071
0.611224
0.603904
0.614884
0.614884
0.616104
0.623831
0.627084
0.626271
0.625051
0.631151
0.629524
0.630744
0.630744
0.630744
0.631151
0.630744
0.629931
0.631151
0.630744
0.631151
0.630744
0.628711
0.628711
0.627491
0.628711
0.629931
0.629524
0.629931
0.627491
0.629524
0.627898
0.628711
0.628304
0.630338
0.627898
0.627898
0.626271
0.625864
0.627898
0.626678
0.630338
0.629931
0.629931
0.630338
0.629931
0.630338
0.630338
0.631151
0.629524
0.628711
0.627898
0.627898
0.627084
0.629524
0.629524
0.630338
0.630744
0.632371
0.635218
0.632371
0.632371
0.629931
0.630744
0.631558
0.628304
0.629931
0.627898
0.626678
0.626678
0.627491
0.628711
0.628304
0.624237
0.624644
0.626271
0.625864
0.626678
0.624237
0.631558
0.633591
0.633998
0.634404
0.635218
0.634404
0.633591
0.633184
0.631558
0.631558
0.632778
0.633591
0.632778
0.632371
0.632371
0.633184
0.633998
0.632778
0.631558
0.632371
0.632371
0.633184
0.634404
0.633184
0.633591
0.633998
0.634404
0.634404
0.630338
0.632778
0.631964
0.632371
0.631558
0.633184
0.632371
0.633998
0.632371
0.632778
0.633998
0.634811
0.634404
0.634404
0.635218
0.633184
0.631558
0.630744
0.630338
0.629118
0.630744
0.631558
0.632778
0.634404
0.632778
0.634811
0.631964
0.636031
0.634404
0.633998
0.636438
0.633591
0.632778
0.632778
0.630744
0.630338
0.630744
0.633591
0.632371
0.630338
0.631151
0.633998
0.632371
0.631964
0.634404
0.631964
0.631964
0.633184
0.633591
0.632371
0.631558
0.628711
0.627491
0.628711
0.627084
0.627898
0.629524
0.629524
0.629118
0.629118
0.631151
0.625458
0.625864
0.629524
0.632371
0.634811
0.633998
0.631558
0.631964
0.629118
0.630338
0.629524
0.628711
0.627491
0.630744
0.631151
0.632371
0.632778
0.632778
0.631151
0.630338
0.632371
0.631964
0.622611
0.620577
0.627491
0.631964
0.631151
0.628711
0.629524
0.627491
0.627084
0.626678
0.627084
0.628304
0.630338
0.628304
0.628304
0.629118
0.629118
0.623017
0.618544
0.622611
0.612851
0.605124
0.606751
0.601464
0.616917
0.623017
0.629931
0.631964
0.632778
0.629931
0.633184
0.631964
0.631964
0.629118
0.628304
0.626678
0.626271
0.626678
0.625864
0.626271
0.624644
0.625458
0.626271
0.625458
0.628711
0.628711
0.628304
0.629524
0.627491
0.628304
0.629118
0.628304
0.630338
0.632371
0.632778
0.630744
0.632778
0.631558
0.630744
0.632371
0.629524
0.630744
0.629931
0.630338
0.631151
0.631964
0.631964
0.631558
0.632778
0.635624
0.634404
0.635624
0.634404
0.634811
0.634404
0.631964
0.632371
0.629524
0.630744
0.633591
0.635624
0.634811
0.635218
0.633591
0.633591
0.628304
0.626678
0.625458
0.621797
0.622611
0.618951
0.619357
0.627898
0.634811
0.638471
0.633591
0.636844
0.639284
0.633998
0.636031
0.636031
0.638471
0.638471
0.638064
0.639691
0.636438
0.634811
0.635624
0.635218
0.636844
0.629524
0.630338
0.634404
0.631151
0.627084
0.625864
0.626271
0.622611
0.615291
0.610004
0.613257
0.611631
0.614477
0.622611
0.625864
0.633591
0.636031
0.632371
0.637251
0.639284
0.640098
0.638064
0.638471
0.637251
0.637251
0.637658
0.637658
0.636031
0.634404
0.633591
0.634404
0.633184
0.629524
0.631151
0.629524
0.629524
0.631558
0.630338
0.630338
0.630338
0.630338
0.631151
0.631151
0.630744
0.630744
0.630338
0.630338
0.631558
0.631964
0.631151
0.631151
0.629524
0.630338
0.631964
0.632371
0.633998
0.633998
0.633591
0.636844
0.637251
0.636438
0.638878
0.635218
0.638064
0.636031
0.634811
0.634404
0.631151
0.628304
0.627084
0.626271
0.628711
0.630744
0.629524
0.630744
0.630744
0.636844
0.635624
0.637658
0.636844
0.637658
0.636844
0.637658
0.637251
0.639284
0.638471
0.639691
0.637251
0.637251
0.638878
0.638064
0.636844
0.636438
0.637251
0.638471
0.639691
0.640098
0.639691
0.632778
0.633591
0.632371
0.633998
0.633998
0.633591
0.639284
0.641318
0.640504
0.641318
0.642131
0.640911
0.638471
0.638064
0.635218
0.635218
0.634811
0.636031
0.635218
0.636844
0.635624
0.636844
0.633184
0.629931
0.628304
0.628711
0.627491
0.627491
0.627491
0.627898
0.632371
0.630744
0.629931
0.630744
0.629931
0.632778
0.635218
0.634404
0.634404
0.635218
0.637251
0.641724
0.644164
0.641318
0.639691
0.631151
0.632778
0.633184
0.630338
0.633591
0.635218
0.640504
0.644978
0.646198
0.644978
0.643351
0.644164
0.643351
0.643351
0.641724
0.638878
0.639284
0.638471
0.641724
0.645791
0.640098
0.639284
0.639284
0.638471
0.636438
0.638064
0.636031
0.639284
0.633591
0.631558
0.633591
0.633998
0.631558
0.631558
0.630744
0.633998
0.633998
0.636438
0.636031
0.636438
0.636031
0.639691
0.640098
0.641724
0.640504
0.641318
0.637251
0.635624
0.633998
0.635624
0.633998
0.633998
0.634811
0.636844
0.636438
0.640098
0.636438
0.636438
0.638471
0.634811
0.637251
0.637251
0.635624
0.637251
0.636031
0.636844
0.635624
0.636031
0.636438
0.635624
0.636438
0.634811
0.629931
0.629118
0.631151
0.627084
0.622204
0.624237
0.625051
0.628304
0.627491
0.628304
0.631964
0.636844
0.642131
0.636844
0.632778
0.631964
0.625864
0.625458
0.625458
0.624644
0.625051
0.624644
0.623424
0.622611
0.623017
0.621797
0.622204
0.623017
0.623017
0.623424
0.624237
0.622611
0.624237
0.624644
0.625864
0.625458
0.627084
0.629118
0.632371
0.631151
0.627898
0.629524
0.629524
0.630744
0.631558
0.636031
0.636031
0.636031
0.635218
0.638064
0.636031
0.637658
0.639691
0.636844
0.637658
0.638471
0.637658
0.639284
0.638064
0.638064
0.638471
0.639284
0.639284
0.638471
0.639691
0.640911
0.637251
0.640504
0.641724
0.640504
0.639284
0.640098
0.640098
0.643758
0.644164
0.644978
0.643758
0.638064
0.638471
0.635624
0.636844
0.637658
0.637658
0.637658
0.634404
0.632778
0.633184
0.635218
0.633998
0.636438
0.635218
0.636844
0.639691
0.641318
0.639691
0.641318
0.631964
0.630338
0.624644
0.624237
0.620577
0.616917
0.618137
0.620577
0.626678
0.627491
0.629931
0.638471
0.639691
0.641724
0.637658
0.637251
0.637658
0.639284
0.640911
0.639691
0.642131
0.642944
0.641318
0.643758
0.639691
0.637658
0.633184
0.633591
0.631964
0.627084
0.627084
0.626678
0.625051
0.625458
0.624644
0.624644
0.625458
0.626271
0.626271
0.626271
0.626678
0.625864
0.627898
0.630338
0.630338
0.631151
0.631558
0.631151
0.630744
0.630744
0.632371
0.632778
0.633998
0.633184
0.636844
0.634811
0.635218
0.636438
0.636438
0.637251
0.639691
0.637658
0.640504
0.641318
0.640911
0.640098
0.641724
0.639691
0.641318
0.640504
0.641724
0.641318
0.642538
0.642131
0.642131
0.635624
0.636031
0.637251
0.638064
0.634811
0.635218
0.637658
0.641318
0.643351
0.640098
0.638064
0.637658
0.635218
0.636844
0.636031
0.637251
0.638064
0.640504
0.640504
0.640098
0.641724
0.644571
0.644571
0.638064
0.636844
0.635624
0.636844
0.636031
0.637251
0.635624
0.631151
0.633184
0.630744
0.630744
0.632371
0.635624
0.634811
0.640098
0.641724
0.642538
0.638064
0.636844
0.633184
0.630744
0.631151
0.633591
0.631151
0.630744
0.630338
0.628711
0.628304
0.629118
0.629931
0.630338
0.632778
0.633184
0.633998
0.633591
0.632778
0.630744
0.632371
0.632371
0.633591
0.635624
0.636844
0.636844
0.640504
0.641724
0.643351
0.644978
0.644164
0.644571
0.644164
0.643758
0.640098
0.642538
0.642131
0.640504
0.640911
0.640098
0.640098
0.641724
0.638878
0.641318
0.640911
0.642131
0.642538
0.642131
0.640504
0.642944
0.642944
0.644571
0.641724
0.647011
0.644978
0.640098
0.640911
0.638064
0.632778
0.632371
0.631558
0.629524
0.633184
0.631151
0.629524
0.631558
0.632371
0.632371
0.635624
0.642131
0.642131
0.641318
0.641318
0.640504
0.639691
0.638471
0.638064
0.636031
0.636031
0.636031
0.636844
0.635624
0.633998
0.635624
0.634404
0.633184
0.636031
0.639284
0.640098
0.640098
0.640098
0.640504
0.640911
0.639284
0.639284
0.636438
0.638471
0.635624
0.636438
0.629931
0.630338
0.632778
0.630338
0.627898
0.626271
0.626271
0.627491
0.630338
0.628304
0.630744
0.627898
0.631964
0.631151
0.629931
0.629931
0.631151
0.632371
0.631151
0.631558
0.629524
0.632371
0.633184
0.633591
0.636438
0.638064
0.638471
0.637658
0.637658
0.637251
0.634404
0.633591
0.633184
0.635218
0.636031
0.636031
0.638471
0.637658
0.636438
0.635624
0.634811
0.633184
0.635624
0.636031
0.636438
0.634811
0.635624
0.635624
0.635624
0.636438
0.636438
0.637658
0.637658
0.638471
0.638064
0.636438
0.636031
0.635624
0.634811
0.635218
0.636031
0.638878
0.640911
0.640911
0.640098
0.641318
0.640504
0.640911
0.640911
0.642131
0.639691
0.640504
0.638878
0.638878
0.631964
0.634404
0.635218
0.636844
0.637251
0.638471
0.634811
0.636438
0.639691
0.641318
0.640911
0.641724
0.640911
0.638471
0.636844
0.634811
0.635218
0.636031
0.637251
0.637251
0.633184
0.636031
0.637658
0.636031
0.634811
0.632778
0.635624
0.634404
0.632778
0.634404
0.638471
0.637658
0.640504
0.642538
0.640504
0.643758
0.643758
0.642538
0.643351
0.644571
0.643758
0.640504
0.638064
0.637251
0.636031
0.635624
0.634811
0.636438
0.633184
0.633184
0.632371
0.630338
0.629524
0.629524
0.627898
0.625458
0.624237
0.624644
0.625458
0.625458
0.626678
0.627084
0.627898
0.627491
0.627491
0.627084
0.626271
0.627084
0.626271
0.626271
0.625864
0.625458
0.625051
0.624237
0.624237
0.625051
0.623831
0.624237
0.623424
0.623424
0.622204
0.625458
0.623017
0.623424
0.623831
0.624644
0.624237
0.624237
0.626271
0.628304
0.629524
0.630744
0.632371
0.634811
0.634404
0.634811
0.629931
0.634811
0.638471
0.641318
0.640911
0.641318
0.643351
0.643758
0.643758
0.644571
0.640098
0.639691
0.642538
0.637658
0.638471
0.639691
0.639284
0.640098
0.640911
0.640504
0.640504
0.640098
0.640911
0.640504
0.640504
0.638878
0.638878
0.639284
0.638471
0.640098
0.641724
0.637658
0.637251
0.634811
0.633591
0.632371
0.637251
0.636031
0.632778
0.635624
0.638878
0.639284
0.638064
0.638878
0.639284
0.639691
0.639691
0.639691
0.639284
0.639284
0.638878
0.637658
0.637658
0.638878
0.635624
0.635218
0.637251
0.636438
0.635624
0.635624
0.637658
0.635624
0.636844
0.642131
0.639691
0.644978
0.645791
0.644571
0.644571
0.645384
0.644978
0.643351
0.643758
0.644571
0.644164
0.643758
0.645384
0.644978
0.644571
0.645791
0.645791
0.644978
0.644978
0.643351
0.644164
0.642944
0.643351
0.644164
0.643758
0.644571
0.644978
0.644978
0.643351
0.642538
0.642131
0.640911
0.638471
0.636438
0.634404
0.634811
0.632778
0.635624
0.637251
0.636438
0.635218
0.635218
0.635624
0.636438
0.638064
0.641318
0.636844
0.635624
0.633591
0.640911
0.642131
0.642538
0.641318
0.638878
0.640098
0.636031
0.634404
0.635218
0.636031
0.635624
0.635218
0.635218
0.636031
0.637251
0.638878
0.638878
0.637251
0.639691
0.641724
0.638878
0.640098
0.638878
0.635218
0.633184
0.626678
0.623424
0.625458
0.625458
0.631964
0.634811
0.633998
0.639691
0.638471
0.640911
0.642538
0.637658
0.638064
0.636844
0.636438
0.636031
0.636844
0.635218
0.634404
0.635218
0.634404
0.633591
0.633591
0.633591
0.632371
0.631558
0.632371
0.631964
0.629931
0.629931
0.629118
0.630338
0.630338
0.631151
0.631558
0.633591
0.633591
0.637251
0.636844
0.636438
0.635218
0.638064
0.636844
0.636438
0.636844
0.637251
0.636844
0.636438
0.636438
0.636438
0.636438
0.633998
0.635218
0.635624
0.634404
0.633591
0.632778
0.632778
0.633998
0.635218
0.635218
0.633998
0.635218
0.635624
0.634811
0.633591
0.633998
0.635624
0.634811
0.635218
0.634404
0.637251
0.640911
0.641724
0.642131
0.641724
0.640098
0.642944
0.642944
0.643351
0.642538
0.640098
0.637251
0.637658
0.640504
0.643351
0.642538
0.643758
0.644164
0.645384
0.641724
0.641724
0.645384
0.642538
0.640911
0.636031
0.636438
0.635218
0.637251
0.633184
0.634404
0.628304
0.633591
0.630744
0.638878
0.640098
0.640098
0.639691
0.642538
0.639691
0.638064
0.637251
0.640098
0.636031
0.637251
0.638471
0.636438
0.634404
0.633998
0.633591
0.631964
0.631964
0.629118
0.628711
0.628304
0.627491
0.628304
0.627084
0.627491
0.628304
0.628711
0.628711
0.628304
0.628304
0.628304
0.628304
0.628304
0.627898
0.628304
0.627898
0.628304
0.628711
0.627491
0.628304
0.629931
0.631151
0.630744
0.630744
0.631151
0.631964
0.631558
0.630744
0.629524
0.629524
0.628304
0.627084
0.626271
0.626271
0.625051
0.625458
0.626678
0.627491
0.628711
0.632778
0.634811
0.635624
0.634404
0.636844
0.633591
0.634404
0.635218
0.636438
0.636844
0.639691
0.641724
0.643758
0.643351
0.644571
0.641724
0.640504
0.642131
0.640911
0.638878
0.639691
0.640911
0.639284
0.639284
0.637251
0.640911
0.641318
0.642944
0.641724
0.638471
0.639691
0.641724
0.639691
0.639691
0.638878
0.638878
0.641318
0.643758
0.643758
0.643351
0.643351
0.641318
0.638878
0.633998
0.640098
0.638471
0.638064
0.636438
0.634811
0.633184
0.635218
0.638064
0.635218
0.634811
0.635624
0.639691
0.640911
0.642538
0.638471
0.642944
0.644571
0.643758
0.642538
0.642944
0.642944
0.645384
0.642944
0.638471
0.638878
0.633998
0.636844
0.639691
0.641318
0.642538
0.647824
0.647418
0.645384
0.641318
0.639284
0.638878
0.636438
0.639691
0.638471
0.637251
0.637251
0.636031
0.633591
0.634811
0.634811
0.638064
0.636844
0.640911
0.641318
0.638878
0.637658
0.637251
0.638471
0.640098
0.641318
0.644164
0.645791
0.646198
0.643351
0.644571
0.643351
0.640911
0.635624
0.637251
0.636438
0.635624
0.636438
0.635218
0.635218
0.638878
0.643758
0.644571
0.640504
0.637251
0.638878
0.640504
0.642538
0.636438
0.640098
0.640504
0.640098
0.635218
0.638064
0.633998
0.634404
0.633184
0.633184
0.635218
0.634811
0.632371
0.633184
0.631558
0.632371
0.632778
0.633184
0.632778
0.631558
0.633998
0.634811
0.636844
0.636031
0.635624
0.635218
0.633998
0.635218
0.633998
0.631151
0.633998
0.639691
0.642538
0.640911
0.640504
0.639284
0.637658
0.636438
0.632778
0.632371
0.629931
0.632371
0.631558
0.631964
0.632778
0.634404
0.636844
0.637251
0.638878
0.636031
0.633591
0.636844
0.636844
0.639284
0.638471
0.637658
0.636844
0.633184
0.631558
0.630744
0.633591
0.633591
0.633998
0.632778
0.635624
0.636844
0.633998
0.633591
0.633591
0.635218
0.634404
0.634811
0.635218
0.635218
0.635218
0.635218
0.635218
0.635218
0.636844
0.636031
0.634811
0.633998
0.631964
0.631558
0.633184
0.633184
0.633998
0.635218
0.639284
0.639284
0.640911
0.641318
0.639691
0.640098
0.640098
0.641318
0.641318
0.642944
0.642944
0.643758
0.642131
0.642538
0.643351
0.638471
0.639691
0.637658
0.638471
0.638878
0.640911
0.642131
0.639284
0.639691
0.638064
0.640911
0.642944
0.642944
0.641724
0.642538
0.639284
0.640911
0.640504
0.640504
0.638471
0.638064
0.638471
0.637658
0.638471
0.641318
0.640504
0.640098
0.639284
0.638878
0.640098
0.638471
0.637251
0.637658
0.637251
0.637658
0.636031
0.635624
0.636031
0.636438
0.637658
0.639691
0.641318
0.642944
0.642131
0.642944
0.642131
0.642538
0.641318
0.640911
0.641724
0.642944
0.642538
0.644571
0.644571
0.643351
0.642131
0.642131
0.641724
0.642131
0.645384
0.642538
0.643351
0.642944
0.641318
0.639691
0.641318
0.640504
0.641318
0.639284
0.639691
0.640504
0.644571
0.638878
0.640504
0.639284
0.638064
0.639691
0.640504
0.640504
0.639284
0.639284
0.639284
0.639691
0.640911
0.643351
0.644164
0.644164
0.642944
0.645384
0.638064
0.640504
0.639691
0.640098
0.639691
0.638471
0.639284
0.637251
0.637251
0.641318
0.642131
0.637251
0.639284
0.638471
0.636844
0.638471
0.638878
0.638064
0.638878
0.638064
0.637251
0.637658
0.638471
0.636844
0.636031
0.641724
0.641724
0.638878
0.640911
0.639284
0.642538
0.645791
0.641318
0.643351
0.642538
0.644164
0.641724
0.640098
0.639284
0.640098
0.640098
0.637658
0.633591
0.632371
0.635218
0.633998
0.632371
0.631151
0.632371
0.631151
0.631964
0.632371
0.633184
0.632371
0.634404
0.633591
0.633998
0.633998
0.636844
0.634404
0.635624
0.633998
0.633591
0.635624
0.637251
0.641724
0.641724
0.641318
0.642131
0.642944
0.641724
0.643351
0.644164
0.645791
0.645384
0.642538
0.637251
0.638064
0.639284
0.640098
0.643758
0.644978
0.646604
0.645384
0.645791
0.645384
0.645384
0.644164
0.643758
0.643758
0.642944
0.639691
0.639691
0.642131
0.640098
0.641318
0.645791
0.642944
0.641318
0.642538
0.642538
0.644571
0.647418
0.648638
0.647011
0.647418
0.647011
0.647011
0.648231
0.649858
0.636844
0.630338
0.628304
0.631558
0.646604
0.646604
0.647011
0.644164
0.641724
0.638064
0.640911
0.642538
0.642131
0.641318
0.640098
0.639284
0.637251
0.636844
0.637251
0.640098
0.639691
0.639284
0.639284
0.642538
0.642538
0.641318
0.639284
0.640504
0.640911
0.639284
0.644164
0.644164
0.649044
0.649858
0.650264
0.647011
0.651078
0.648231
0.647011
0.644164
0.642944
0.645791
0.638471
0.638471
0.637658
0.634404
0.631964
0.629524
0.631151
0.632371
0.634404
0.633591
0.633591
0.636438
0.636031
0.636844
0.640504
0.647418
0.646604
0.643351
0.640504
0.638064
0.640098
0.637658
0.636438
0.637658
0.635624
0.637251
0.636844
0.636438
0.637658
0.638878
0.638878
0.635218
0.635218
0.633591
0.636031
0.637251
0.636031
0.636844
0.633591
0.633184
0.634404
0.633184
0.635218
0.639284
0.643758
0.644571
0.628711
0.627084
0.623017
0.631964
0.629524
0.618951
0.631964
0.632778
0.636031
0.631964
0.637658
0.632371
0.628711
0.627491
0.626678
0.626678
0.627491
0.626678
0.629931
0.629931
0.629931
0.630744
0.629931
0.630744
0.633998
0.639284
0.640911
0.640098
0.639691
0.640098
0.637251
0.638064
0.638064
0.636844
0.637658
0.635624
0.637251
0.638471
0.638878
0.638878
0.638878
0.638064
0.638878
0.639691
0.639691
0.636438
0.638471
0.637251
0.635218
0.635624
0.636031
0.634404
0.636438
0.637658
0.636031
0.634811
0.639691
0.642131
0.641318
0.642538
0.640504
0.641724
0.641724
0.640098
0.639691
0.640504
0.638878
0.637251
0.638471
0.637251
0.637658
0.637658
0.637658
0.638064
0.638878
0.638064
0.637658
0.640504
0.639691
0.639691
0.640098
0.638471
0.638471
0.638064
0.637658
0.637251
0.637658
0.638471
0.639284
0.640911
0.641724
0.640911
0.640911
0.642131
0.640911
0.637251
0.637658
0.636438
0.633591
0.635218
0.634811
0.635624
0.634811
0.633998
0.633998
0.636031
0.636438
0.638471
0.640504
0.637658
0.636844
0.635624
0.633998
0.633184
0.633591
0.636031
0.636438
0.636031
0.634811
0.635218
0.640098
0.638878
0.639691
0.640504
0.641724
0.642944
0.640504
0.642944
0.644164
0.644978
0.642944
0.641318
0.640911
0.639284
0.639284
0.641724
0.640504
0.638064
0.639691
0.639284
0.638878
0.640098
0.640098
0.641318
0.638878
0.636844
0.636438
0.636031
0.639284
0.636031
0.634811
0.636031
0.636844
0.636438
0.635218
0.634811
0.634811
0.633591
0.633998
0.633184
0.631558
0.631558
0.631964
0.632778
0.634811
0.634811
0.635218
0.635218
0.634811
0.633591
0.634404
0.634811
0.635218
0.636438
0.636438
0.638878
0.641318
0.640504
0.643758
0.643351
0.642944
0.643351
0.645384
0.642944
0.644164
0.644164
0.644978
0.644164
0.644164
0.645791
0.645384
0.642131
0.643758
0.642131
0.642131
0.644164
0.642944
0.642538
0.643758
0.645384
0.645384
0.642944
0.642131
0.640504
0.640098
0.638878
0.641724
0.638471
0.639691
0.643351
0.642538
0.641318
0.642131
0.644164
0.644571
0.644571
0.642131
0.641318
0.644571
0.640504
0.632371
0.630338
0.632778
0.640911
0.641318
0.646604
0.647418
0.645791
0.640098
0.638471
0.638471
0.635218
0.639691
0.640504
0.642131
0.638878
0.640098
0.640098
0.638878
0.640504
0.640098
0.640098
0.640098
0.641318
0.640098
0.639284
0.642538
0.640911
0.640504
0.638878
0.639691
0.642944
0.642538
0.641724
0.646198
0.643758
0.645384
0.644978
0.643758
0.647011
0.642538
0.643758
0.639691
0.636438
0.633591
0.630744
0.629118
0.629931
0.629118
0.629524
0.631151
0.631151
0.630744
0.629931
0.631558
0.632371
0.637658
0.638471
0.636844
0.636844
0.634811
0.636031
0.636438
0.635624
0.636438
0.634811
0.639691
0.636438
0.636438
0.636031
0.635218
0.636844
0.636031
0.636031
0.633184
0.632778
0.636438
0.634404
0.635218
0.637251
0.635624
0.632778
0.629118
0.628711
0.631151
0.632778
0.633184
0.633184
0.632371
0.631964
0.632371
0.634811
0.635218
0.634811
0.633998
0.633184
0.633184
0.632778
0.632778
0.631964
0.631151
0.633184
0.634404
0.637251
0.634811
0.634811
0.633998
0.633998
0.635624
0.638064
0.637658
0.636844
0.636438
0.634404
0.631964
0.628711
0.628304
0.627084
0.627898
0.626271
0.627084
0.628304
0.628711
0.630744
0.631558
0.630744
0.631558
0.630338
0.630744
0.632371
0.635218
0.634811
0.636438
0.636031
0.638064
0.638471
0.637251
0.638064
0.643351
0.644164
0.644164
0.646604
0.641318
0.642538
0.644164
0.643758
0.638878
0.636031
0.636844
0.636031
0.635624
0.633591
0.634811
0.635218
0.633591
0.631964
0.631151
0.631151
0.629118
0.630338
0.630338
0.630744
0.632371
0.632778
0.632371
0.631151
0.631151
0.631558
0.631558
0.631558
0.632778
0.635624
0.635624
0.637251
0.639284
0.636844
0.636031
0.636031
0.636031
0.637658
0.639284
0.638064
0.641724
0.638878
0.639284
0.640098
0.641318
0.641318
0.640911
0.641724
0.641318
0.641724
0.639691
0.642538
0.642944
0.642131
0.639691
0.639284
0.640504
0.641318
0.644978
0.643351
0.642538
0.643351
0.643758
0.645791
0.643758
0.643758
0.644571
0.640504
0.638878
0.636844
0.637658
0.636438
0.638064
0.638064
0.640098
0.636031
0.636438
0.637658
0.640911
0.637251
0.640504
0.637658
0.638471
0.638471
0.637251
0.636844
0.636438
0.637251
0.637658
0.637658
0.637658
0.638471
0.637658
0.636031
0.635624
0.634811
0.635624
0.634404
0.636438
0.635624
0.637251
0.638064
0.638471
0.637658
0.636844
0.638878
0.639284
0.638064
0.637251
0.638878
0.638064
0.640504
0.641318
0.640504
0.640911
0.642131
0.640098
0.640504
0.641318
0.638064
0.638064
0.640504
0.641318
0.641318
0.640098
0.638471
0.638471
0.639691
0.639691
0.637658
0.635624
0.638471
0.636844
0.635624
0.638064
0.640504
0.639691
0.638471
0.634811
0.635218
0.636438
0.639691
0.637251
0.642131
0.641318
0.640504
0.642131
0.639691
0.638064
0.640098
0.641724
0.640098
0.637251
0.634811
0.637658
0.638064
0.638878
0.642944
0.646198
0.645791
0.647418
0.647418
0.649451
0.646604
0.642944
0.633998
0.629931
0.629524
0.633591
0.633998
0.635624
0.636844
0.635218
0.636031
0.636031
0.637658
0.640504
0.640911
0.642538
0.641318
0.638878
0.637658
0.639691
0.640504
0.638878
0.638878
0.636844
0.637658
0.637251
0.637658
0.638064
0.632371
0.633184
0.634404
0.635218
0.633998
0.630338
0.631558
0.631558
0.631151
0.631964
0.631558
0.633591
0.634404
0.636438
0.636031
0.636844
0.637251
0.640098
0.636438
0.637251
0.641724
0.640911
0.638471
0.640098
0.640504
0.641318
0.642538
0.643351
0.643351
0.645791
0.645384
0.644164
0.644164
0.642944
0.640911
0.642131
0.642538
0.642944
0.644978
0.644571
0.643351
0.642131
0.641724
0.641318
0.640504
0.640911
0.640911
0.640098
0.640911
0.641318
0.642131
0.641724
0.641318
0.641318
0.641318
0.642131
0.640504
0.639691
0.640911
0.641318
0.642538
0.640504
0.640098
0.639691
0.640504
0.640504
0.641724
0.639691
0.638471
0.639691
0.640098
0.641318
0.642131
0.642538
0.644978
0.643351
0.640098
0.641724
0.648231
0.644978
0.645791
0.645791
0.645791
0.646604
0.644164
0.642538
0.640504
0.638471
0.639284
0.640098
0.640504
0.639691
0.638064
0.636844
0.637251
0.636844
0.635218
0.638064
0.637658
0.636438
0.638064
0.637658
0.639691
0.638471
0.638064
0.639691
0.638471
0.639691
0.642131
0.643758
0.640098
0.643351
0.643351
0.642944
0.643758
0.642538
0.641318
0.639284
0.636844
0.642131
0.640098
0.639691
0.638878
0.638064
0.639691
0.640911
0.640098
0.637251
0.636031
0.637658
0.638878
0.637251
0.639284
0.638471
0.638471
0.638064
0.638471
0.638878
0.639284
0.638878
0.638878
0.638064
0.638471
0.638471
0.638878
0.638471
0.639691
0.638878
0.639284
0.638471
0.638878
0.640504
0.642131
0.641724
0.640911
0.640504
0.638878
0.639284
0.639691
0.639691
0.638878
0.638471
0.639284
0.638878
0.638878
0.640504
0.641724
0.641724
0.642538
0.641724
0.642131
0.643351
0.640504
0.644164
0.643351
0.642538
0.643351
0.643351
0.641724
0.643758
0.644978
0.643351
0.642944
0.642538
0.643758
0.645791
0.645384
0.644571
0.646198
0.642131
0.644571
0.643351
0.646198
0.645791
0.644164
0.644978
0.644571
0.645384
0.647011
0.644978
0.642944
0.642944
0.642944
0.643351
0.641724
0.641318
0.642538
0.641318
0.640504
0.640911
0.637658
0.638064
0.637658
0.637658
0.636031
0.636844
0.635218
0.633998
0.634404
0.633998
0.635218
0.637658
0.638878
0.641724
0.643758
0.644978
0.643758
0.644164
0.642538
0.642944
0.640911
0.638878
0.640098
0.639284
0.636438
0.637658
0.637658
0.638878
0.638064
0.636844
0.640098
0.641318
0.642538
0.642538
0.643758
0.641318
0.642944
0.644164
0.644978
0.644978
0.640504
0.639284
0.638064
0.637658
0.636844
0.638878
0.642131
0.643351
0.644978
0.645791
0.641318
0.641724
0.638064
0.640098
0.637251
0.640504
0.642131
0.646198
0.644164
0.644978
0.643351
0.643758
0.644978
0.640911
0.638064
0.637251
0.638064
0.640098
0.639691
0.638878
0.639691
0.642131
0.644164
0.644571
0.644571
0.644164
0.639691
0.640504
0.641318
0.640098
0.638471
0.640911
0.642538
0.644164
0.643351
0.642538
0.642131
0.643351
0.642131
0.641724
0.642131
0.642131
0.642538
0.640911
0.644571
0.644164
0.646604
0.649451
0.651078
0.653111
0.651484
0.649451
0.650671
0.647824
0.646604
0.643351
0.644978
0.643351
0.648231
0.648638
0.646198
0.644571
0.647011
0.647011
0.638878
0.637251
0.636031
0.636844
0.633591
0.633998
0.633998
0.633591
0.635218
0.633998
0.633998
0.633591
0.632778
0.633591
0.633184
0.633591
0.634404
0.633998
0.635218
0.636438
0.634404
0.635624
0.636031
0.635218
0.636844
0.636031
0.634811
0.636438
0.638064
0.636438
0.634404
0.635624
0.636844
0.637658
0.637251
0.636844
0.637658
0.636844
0.636438
0.638471
0.639691
0.641318
0.642131
0.641318
0.641318
0.641724
0.642538
0.642131
0.640098
0.640911
0.641318
0.639691
0.639284
0.638471
0.638471
0.638064
0.636844
0.639691
0.640098
0.641318
0.641724
0.644164
0.643758
0.642131
0.642131
0.642131
0.643758
0.642538
0.640911
0.641724
0.642538
0.640911
0.641318
0.640504
0.640098
0.638878
0.638878
0.638878
0.638878
0.637251
0.638471
0.637251
0.643351
0.642944
0.644571
0.643758
0.645384
0.644571
0.644164
0.643758
0.645384
0.642131
0.640098
0.638878
0.635218
0.638471
0.638471
0.638064
0.636031
0.637658
0.640098
0.639691
0.644571
0.643351
0.641724
0.638878
0.635624
0.633591
0.632778
0.631151
0.629524
0.631151
0.631964
0.631558
0.632371
0.633184
0.632778
0.631964
0.633184
0.632778
0.634404
0.635624
0.634404
0.633184
0.633184
0.634811
0.633998
0.636031
0.635624
0.635624
0.636844
0.637658
0.636031
0.633591
0.636031
0.635218
0.636438
0.637658
0.641724
0.639691
0.640911
0.638471
0.637658
0.639691
0.641318
0.641724
0.642944
0.641318
0.642131
0.642131
0.643758
0.644164
0.644164
0.646604
0.647418
0.644164
0.642131
0.642131
0.642944
0.642944
0.643758
0.640911
0.638878
0.640098
0.638878
0.634404
0.633998
0.634811
0.635624
0.634811
0.633184
0.635218
0.635218
0.634811
0.634404
0.634811
0.634404
0.635218
0.633591
0.633184
0.636031
0.635218
0.636031
0.636438
0.632778
0.635624
0.637658
0.638878
0.637658
0.638471
0.641318
0.640504
0.639691
0.640911
0.643351
0.640098
0.639691
0.640098
0.641724
0.642944
0.641724
0.641318
0.639284
0.638471
0.638064
0.638064
0.638471
0.638064
0.635624
0.637658
0.637251
0.636031
0.637658
0.638064
0.639284
0.640911
0.639691
0.642131
0.640911
0.639284
0.637658
0.636844
0.636438
0.635218
0.635218
0.636438
0.637251
0.634404
0.635218
0.636438
0.637658
0.636844
0.639691
0.636438
0.635624
0.640098
0.639691
0.640098
0.638878
0.639691
0.639691
0.638878
0.636438
0.636844
0.636031
0.640504
0.639691
0.644571
0.642538
0.641724
0.640098
0.636844
0.633998
0.636844
0.639284
0.637658
0.641318
0.638878
0.640911
0.643351
0.645384
0.646604
0.642538
0.633998
0.628711
0.630338
0.632778
0.634404
0.640098
0.639691
0.640098
0.640911
0.643758
0.640098
0.635218
0.633591
0.633998
0.635218
0.637251
0.638471
0.638878
0.641724
0.640911
0.638471
0.638064
0.638064
0.637251
0.636031
0.636438
0.638878
0.639284
0.642131
0.642944
0.643758
0.642131
0.645791
0.640098
0.644978
0.644571
0.646198
0.645791
0.647824
0.647011
0.646198
0.645384
0.640911
0.636438
0.633998
0.626271
0.626271
0.630338
0.628711
0.631558
0.631151
0.636438
0.640911
0.640911
0.641724
0.640504
0.640504
0.640098
0.637658
0.640098
0.641724
0.640098
0.640098
0.638471
0.638471
0.638471
0.640911
0.642131
0.640098
0.640911
0.640504
0.638064
0.640911
0.641318
0.641318
0.641318
0.642131
0.641318
0.640911
0.642538
0.639691
0.638064
0.636031
0.637658
0.635218
0.636438
0.634404
0.635218
0.633184
0.633998
0.633998
0.633998
0.634811
0.633591
0.634404
0.633998
0.633184
0.634811
0.634811
0.636031
0.635624
0.634811
0.634811
0.633591
0.632778
0.633591
0.636031
0.635218
0.632778
0.632778
0.633184
0.632778
0.633184
0.633184
0.631558
0.635624
0.634404
0.633998
0.634811
0.635218
0.634811
0.636438
0.636844
0.636438
0.637658
0.636844
0.638878
0.637251
0.635624
0.638471
0.639691
0.643351
0.639691
0.640098
0.643351
0.642131
0.642944
0.644571
0.644164
0.642538
0.641724
0.640911
0.638064
0.637658
0.636438
0.638471
0.636844
0.637251
0.635624
0.635624
0.638878
0.636438
0.634404
0.632778
0.631964
0.631558
0.631151
0.630744
0.630744
0.629931
0.630744
0.629931
0.629931
0.629118
0.629118
0.628304
0.628304
0.628711
0.628304
0.628304
0.628304
0.628711
0.628304
0.628304
0.628711
0.628711
0.627084
0.627898
0.627491
0.626678
0.625458
0.625864
0.626678
0.627898
0.628711
0.627491
0.628304
0.628304
0.628711
0.628304
0.629118
0.630338
0.631151
0.631558
0.631558
0.632778
0.633184
0.632778
0.634404
0.633998
0.633998
0.634404
0.633591
0.632778
0.632371
0.633998
0.633184
0.632778
0.632371
0.635218
0.636844
0.637658
0.638878
0.642131
0.640911
0.641724
0.640911
0.640504
0.640098
0.640911
0.642538
0.642538
0.642131
0.640911
0.638064
0.637251
0.636031
0.636438
0.636438
0.636438
0.640098
0.640098
0.639691
0.638064
0.637658
0.637658
0.639284
0.638471
0.639284
0.638471
0.638878
0.635218
0.635218
0.635624
0.635218
0.637658
0.638878
0.638878
0.637251
0.637251
0.636844
0.636844
0.636844
0.634404
0.634404
0.636438
0.635624
0.635624
0.634404
0.636844
0.633591
0.634404
0.634404
0.634404
0.633998
0.635624
0.636031
0.637251
0.637251
0.636844
0.638064
0.638471
0.637251
0.638878
0.638878
0.638064
0.638878
0.638471
0.638471
0.640098
0.643758
0.641318
0.640911
0.643351
0.642944
0.642944
0.643351
0.642131
0.641724
0.643351
0.646604
0.640504
0.638878
0.640911
0.641724
0.641318
0.639691
0.642538
0.644164
0.642538
0.641724
0.640504
0.636031
0.640504
0.645791
0.649858
0.651484
0.642131
0.639284
0.638878
0.636844
0.637658
0.636844
0.635218
0.643758
0.640504
0.642944
0.642944
0.641724
0.640098
0.640911
0.641318
0.641318
