0.485157
0.477023
0.470110
0.468483
0.467263
0.470110
0.481497
0.490443
0.516877
0.514030
0.524603
0.523790
0.528264
0.532737
0.529484
0.540057
0.538837
0.542497
0.545750
0.543310
0.539244
0.535177
0.533550
0.533144
0.533957
0.533144
0.533550
0.532330
0.533957
0.533957
0.536397
0.537210
0.541684
0.545750
0.545750
0.546564
0.546970
0.545750
0.546157
0.545344
0.545344
0.541684
0.544124
0.545750
0.545344
0.544937
0.546157
0.544937
0.543310
0.539244
0.538430
0.538430
0.544937
0.549004
0.551444
0.549410
0.549410
0.549817
0.549410
0.548597
0.549004
0.549004
0.551037
0.552664
0.549004
0.546970
0.542904
0.540870
0.540464
0.542090
0.550224
0.553477
0.549817
0.551850
0.556730
0.560390
0.559984
0.560390
0.558357
0.556730
0.551850
0.551444
0.552257
0.551037
0.552664
0.553070
0.552257
0.551850
0.552664
0.554290
0.560390
0.565270
0.566490
0.568930
0.574217
0.575844
0.575844
0.575437
0.576657
0.577471
0.576657
0.577471
0.579504
0.578284
0.576657
0.571777
0.571370
0.568524
0.572590
0.576657
0.575437
0.580317
0.583977
0.582757
0.576657
0.579504
0.584791
0.582757
0.582757
0.583977
0.586417
0.589264
0.588451
0.587637
0.585197
0.579504
0.575031
0.573810
0.572590
0.579911
0.585197
0.590891
0.593737
0.592924
0.591704
0.594551
0.594551
0.592517
0.592111
0.592111
0.592924
0.596177
0.594144
0.596177
0.597804
0.596584
0.596177
0.595364
0.596177
0.599837
0.593331
0.585604
0.585197
0.584384
0.583571
0.588857
0.600651
0.601871
0.601464
0.601871
0.603497
0.604311
0.603904
0.601057
0.601871
0.601057
0.598617
0.601464
0.603497
0.603904
0.603091
0.601464
0.599431
0.599024
0.599837
0.602277
0.602277
0.603091
0.604717
0.604717
0.604311
0.604717
0.599024
0.590077
0.598617
0.597804
0.608377
0.606344
0.607971
0.606751
0.606751
0.608377
0.605124
0.604717
0.604717
0.600651
0.603091
0.603497
0.603091
0.606344
0.606751
0.608377
0.607157
0.605124
0.607971
0.605937
0.607564
0.607157
0.608784
0.607971
0.599431
0.592517
0.599837
0.603497
0.607971
0.607971
0.610817
0.611631
0.613664
0.612037
0.613664
0.610817
0.605531
0.610004
0.604717
0.605937
0.605531
0.615291
0.607971
0.610004
0.606344
0.607971
0.602684
0.602277
0.601057
0.602277
0.604311
0.609191
0.608377
0.609191
0.610004
0.607971
0.605124
0.601464
0.601057
0.603904
0.604717
0.606344
0.605937
0.606751
0.607157
0.607564
0.606344
0.606751
0.607157
0.606344
0.605124
0.605531
0.605937
0.603904
0.605937
0.605531
0.603904
0.604311
0.605531
0.606344
0.608377
0.608377
0.609191
0.607564
0.608377
0.609597
0.608377
0.609597
0.610004
0.615291
0.611224
0.612444
0.616104
0.618137
0.617324
0.610817
0.607564
0.603091
0.607157
0.608377
0.612444
0.614477
0.612444
0.612037
0.611224
0.607564
0.607971
0.603497
0.605531
0.605531
0.604717
0.607564
0.608784
0.613664
0.610817
0.617324
0.617324
0.614884
0.614477
0.615697
0.615697
0.612851
0.612851
0.613664
0.613257
0.613257
0.610411
0.611224
0.612444
0.610411
0.611224
0.611224
0.615291
0.610004
0.620577
0.620577
0.614477
0.614477
0.618544
0.621797
0.619764
0.626271
0.627898
0.624644
0.624237
0.625051
0.624237
0.624644
0.624644
0.624644
0.623424
0.620577
0.621797
0.623831
0.627491
0.625051
0.621391
0.626678
0.627084
0.619357
0.620171
0.613257
0.612037
0.611631
0.614477
0.614477
0.614477
0.615291
0.617731
0.620171
0.620984
0.620171
0.621797
0.619764
0.622611
0.614071
0.612444
0.614884
0.620577
0.622611
0.620171
0.620984
0.619764
0.637251
0.628711
0.629931
0.628711
0.635624
0.634404
0.634811
0.634811
0.633591
0.625864
0.627898
0.612444
0.624644
0.630744
0.624237
0.618544
0.616511
0.613664
0.613257
0.611224
0.610411
0.616917
0.617731
0.614884
0.615697
0.623831
0.629931
0.623017
0.620171
0.621391
0.627491
0.628304
0.622611
0.619764
0.616511
0.630338
0.636844
0.638471
0.629524
0.625458
0.622611
0.623017
0.629118
0.634811
0.637251
0.642538
0.641318
0.639691
0.632778
0.627491
0.626271
0.628711
0.632371
0.633591
0.631558
0.633591
0.632778
0.634811
0.635624
0.635218
0.636031
0.631964
0.631151
0.627491
0.625458
0.629118
0.631964
0.636844
0.632778
0.631964
0.636438
0.638471
0.636844
0.635218
0.640098
0.638878
0.641724
0.633184
0.630744
0.642944
0.642131
0.640504
0.637251
0.635218
0.633591
0.632778
0.636844
0.637658
0.639284
0.639691
0.641318
0.637251
0.638064
0.639691
0.638878
0.640098
0.639691
0.643758
0.646198
0.647824
0.647418
0.648638
0.648638
0.647418
0.646198
0.645791
0.651078
0.650671
0.649044
0.649858
0.648231
0.638471
0.637251
0.636031
0.638471
0.652704
0.644571
0.642538
0.642944
0.640504
0.638064
0.639691
0.633591
0.634811
0.636438
0.643758
0.639284
0.639691
0.640911
0.641724
0.646198
0.639284
0.633998
0.631964
0.642131
0.646198
0.648638
0.646604
0.646198
0.646604
0.640911
0.641318
0.638878
0.638471
0.640504
0.642944
0.638064
0.642538
0.645384
0.647011
0.645791
0.649044
0.647824
0.646198
0.649858
0.636844
0.626678
0.624644
0.639284
0.649044
0.645384
0.636031
0.638064
0.639691
0.649451
0.644571
0.641724
0.631558
0.630338
0.629118
0.635218
0.641318
0.638878
0.641318
0.642538
0.647418
0.654738
0.649858
0.651484
0.649451
0.648231
0.650264
0.648231
0.649451
0.650671
0.651484
0.654738
0.651484
0.648638
0.647418
0.646198
0.644571
0.641724
0.641724
0.640504
0.642538
0.644164
0.647824
0.651891
0.650671
0.651484
0.644978
0.645791
0.640911
0.643758
0.648231
0.654738
0.654738
0.653518
0.654331
0.650671
0.646604
0.641724
0.641318
0.641724
0.649451
0.656364
0.654331
0.649451
0.652298
0.656364
0.647824
0.643758
0.641318
0.640911
0.649044
0.653111
0.655958
0.656364
0.655551
0.651891
0.652704
0.648638
0.649451
0.654331
0.655144
0.651891
0.651078
0.654331
0.654331
0.654738
0.651484
0.649451
0.655144
0.655958
0.653518
0.654331
0.654331
0.652704
0.651891
0.654738
0.653111
0.656771
0.654331
0.654331
0.652298
0.651078
0.650264
0.647824
0.649044
0.645791
0.648231
0.651484
0.654331
0.654738
0.655551
0.654738
0.655958
0.653924
0.655551
0.655144
0.656364
0.653518
0.657584
0.655958
0.658804
0.658398
0.653924
0.653518
0.647824
0.645791
0.649858
0.653111
0.653924
0.648231
0.648638
0.654331
0.655958
0.652298
0.651891
0.650264
0.648231
0.658398
0.652704
0.655144
0.652298
0.655144
0.651891
0.647824
0.644571
0.644571
0.646198
0.650264
0.652704
0.656771
0.654738
0.655144
0.657584
0.656771
0.656364
0.656771
0.658804
0.657991
0.658804
0.656364
0.655551
0.656364
0.656771
0.655551
0.657991
0.657991
0.655551
0.656364
0.657991
0.655551
0.654331
0.651484
0.651484
0.650264
0.653111
0.657991
0.657178
0.657584
0.659211
0.658398
0.656771
0.656364
0.660024
0.654738
0.656364
0.655551
0.661244
0.659618
0.659618
0.657991
0.655958
0.652704
0.649858
0.652704
0.659618
0.656364
0.656771
0.656364
0.653924
0.654331
0.652704
0.657584
0.655551
0.656771
0.656771
0.654738
0.656364
0.657178
0.660431
0.661651
0.660431
0.658804
0.658398
0.655551
0.657584
0.660431
0.663278
0.662464
0.661651
0.659618
0.659618
0.663684
0.660024
0.659211
0.658804
0.661651
0.656364
0.651484
0.652704
0.653111
0.653924
0.654738
0.659618
0.655958
0.655551
0.656771
0.656771
0.660431
0.659211
0.656364
0.652298
0.660024
0.659618
0.660024
0.653924
0.653518
0.653924
0.651078
0.651078
0.651891
0.652704
0.653111
0.651484
0.650671
0.651891
0.650671
0.648231
0.651891
0.653518
0.649858
0.649451
0.655144
0.655551
0.657178
0.659618
0.660024
0.661244
0.660431
0.658804
0.654738
0.662871
0.655551
0.659618
0.656771
0.657584
0.659618
0.655551
0.656771
0.655144
0.651078
0.658398
0.657584
0.655958
0.659211
0.660431
0.658804
0.657991
0.653518
0.650671
0.651484
0.659211
0.663278
0.655958
0.652704
0.653924
0.656364
0.658804
0.655958
0.641724
0.650671
0.660431
0.659211
0.658398
0.657991
0.660431
0.662464
0.660838
0.654738
0.652704
0.655958
0.659618
0.660431
0.658398
0.657178
0.657584
0.656771
0.658804
0.654331
0.651891
0.657991
0.657991
0.660431
0.660024
0.659618
0.660024
0.658804
0.661244
0.658804
0.659618
0.660024
0.659211
0.660431
0.659618
0.657991
0.658398
0.657178
0.657584
0.657584
0.656364
0.660024
0.662464
0.662871
0.661651
0.657584
0.655958
0.655551
0.657991
0.656364
0.657991
0.657178
0.657991
0.658398
0.655958
0.656364
0.655551
0.654738
0.653111
0.659211
0.659211
0.662464
0.661244
0.661244
0.657991
0.660431
0.658804
0.657584
0.657584
0.657991
0.657991
0.661244
0.660838
0.657991
0.656771
0.659618
0.656771
0.661244
0.657178
0.659211
0.664498
0.663684
0.663684
0.659618
0.661244
0.659618
0.654738
0.661244
0.661651
0.657584
0.663278
0.662871
0.661651
0.657584
0.657991
0.660431
0.653111
0.657584
0.655551
0.659211
0.656771
0.657584
0.660024
0.656771
0.658398
0.654738
0.652704
0.657584
0.659618
0.656364
0.660431
0.657991
0.661651
0.659618
0.657584
0.657178
0.657584
0.658804
0.659211
0.662464
0.662058
0.660838
0.662464
0.660431
0.662058
0.658398
0.658398
0.658398
0.661244
0.659211
0.658804
0.659211
0.657991
0.658804
0.653518
0.661244
0.657178
0.660431
0.663278
0.662871
0.663684
0.661651
0.660431
0.663278
0.660024
0.656364
0.659211
0.661244
0.663684
0.663684
0.664904
0.662871
0.660838
0.660024
0.658804
0.660838
0.664091
0.666124
0.663684
0.664904
0.664904
0.666124
0.664904
0.659618
0.659211
0.662058
0.661244
0.663684
0.662871
0.658804
0.657584
0.657178
0.655144
0.656771
0.661651
0.664904
0.668158
0.666531
0.664091
0.664091
0.658804
0.657584
0.652298
0.655144
0.658398
0.665311
0.664091
0.661651
0.664904
0.661651
0.657584
0.657178
0.653924
0.656364
0.654331
0.660431
0.660431
0.663278
0.664904
0.664091
0.660838
0.657178
0.657178
0.658398
0.660838
0.662871
0.664498
0.660024
0.661651
0.660431
0.662464
0.662058
0.663278
0.662058
0.663278
0.662464
0.661244
0.662871
0.662058
0.661651
0.660838
0.659211
0.663278
0.665311
0.663684
0.662464
0.660838
0.655958
0.655144
0.654738
0.652704
0.654331
0.663684
0.668158
0.668158
0.668564
0.668564
0.659211
0.655144
0.656364
0.653111
0.661244
0.662871
0.660431
0.662058
0.660838
0.660431
0.660024
0.657178
0.654331
0.651484
0.655958
0.663278
0.662058
0.660024
0.659618
0.661651
0.662058
0.660431
0.653111
0.656364
0.666124
0.665718
0.665718
0.663278
0.661651
0.661651
0.665311
0.663684
0.660024
0.660431
0.662871
0.664498
0.664498
0.663278
0.659618
0.660024
0.660431
0.659618
0.660024
0.660838
0.659211
0.661244
0.657991
0.656364
0.653924
0.651891
0.656771
0.655958
0.666938
0.663684
0.663684
0.667344
0.666938
0.667344
0.657178
0.659211
0.654331
0.654331
0.657584
0.663684
0.662058
0.656771
0.658804
0.661651
0.664091
0.663278
0.660024
0.662058
0.662464
0.663684
0.664498
0.664091
0.661651
0.658804
0.660024
0.657178
0.655958
0.658398
0.663684
0.665311
0.662464
0.662058
0.664904
0.662464
0.662058
0.659618
0.660431
0.663278
0.663684
0.661244
0.657178
0.655551
0.655958
0.652298
0.651078
0.652298
0.656771
0.663278
0.663684
0.662464
0.661244
0.661651
0.659211
0.658804
0.657991
0.658398
0.660838
0.664498
0.663278
0.659618
0.661651
0.664498
0.661244
0.661651
0.652704
0.658398
0.669378
0.663684
0.664091
0.660431
0.659211
0.661651
0.660024
0.655958
0.653518
0.664498
0.668158
0.662871
0.665311
0.664091
0.666531
0.663684
0.664498
0.658804
0.658804
0.662464
0.666531
0.660431
0.657991
0.663684
0.664091
0.663278
0.660024
0.650671
0.656364
0.663278
0.665311
0.664091
0.660024
0.662871
0.666124
0.666124
0.662464
0.660838
0.662058
0.664498
0.665311
0.662058
0.660024
0.659618
0.662058
0.660838
0.658398
0.655958
0.661244
0.666938
0.664091
0.665311
0.662871
0.660838
0.664091
0.662058
0.662058
0.662871
0.666124
0.665718
0.663278
0.662871
0.653111
0.654738
0.657991
0.659618
0.665311
0.664498
0.664904
0.665718
0.662871
0.660024
0.656771
0.654738
0.657991
0.659618
0.665718
0.663278
0.662058
0.664091
0.666531
0.662464
0.659211
0.657991
0.655551
0.657178
0.662058
0.665311
0.663278
0.664904
0.662871
0.662464
0.662871
0.661651
0.652704
0.653111
0.662464
0.662871
0.662871
0.660838
0.660024
0.661651
0.660431
0.654738
0.653111
0.654738
0.658804
0.661244
0.662464
0.657584
0.657178
0.661244
0.664091
0.662058
0.659211
0.662871
0.665718
0.663278
0.663278
0.663278
0.663278
0.661244
0.662464
0.664904
0.666938
0.662871
0.664091
0.663684
0.662871
0.661244
0.659618
0.662058
0.661244
0.662058
0.664091
0.664498
0.662464
0.662464
0.664091
0.664904
0.662464
0.663684
0.660024
0.664498
0.664091
0.664091
0.663684
0.666124
0.664498
0.664498
0.665311
0.664498
0.662058
0.666531
0.668971
0.665311
0.667751
0.668158
0.665718
0.661244
0.658804
0.659618
0.660838
0.665311
0.665311
0.665718
0.665718
0.664091
0.666531
0.660838
0.660024
0.656364
0.660431
0.664904
0.661651
0.662464
0.661651
0.660431
0.657584
0.661651
0.658804
0.657584
0.664091
0.668158
0.663684
0.665311
0.665311
0.666938
0.664904
0.664091
0.659211
0.662058
0.666124
0.664904
0.664904
0.666124
0.662871
0.662464
0.662058
0.660431
0.657584
0.662464
0.663278
0.658804
0.660838
0.661244
0.664091
0.660431
0.660431
0.656364
0.659618
0.666124
0.663278
0.659618
0.661244
0.662058
0.660024
0.664091
0.663684
0.660431
0.664904
0.665718
0.665311
0.665718
0.661651
0.660024
0.658398
0.660838
0.664091
0.662464
0.662871
0.662058
0.664498
0.662871
0.663684
0.664091
0.660024
0.657178
0.655551
0.657991
0.661651
0.660024
0.659211
0.664498
0.665311
0.664904
0.664091
0.661651
0.659211
0.662871
0.661651
0.667751
0.666124
0.667344
0.664498
0.665311
0.663278
0.660838
0.664091
0.662464
0.660431
0.661244
0.664091
0.660431
0.659211
0.661651
0.655958
0.656364
0.660431
0.665718
0.666531
0.665718
0.666124
0.666124
0.666124
0.664091
0.661244
0.661244
0.663278
0.664904
0.663684
0.664498
0.664091
0.665718
0.660838
0.661244
0.657178
0.660838
0.666124
0.664904
0.666124
0.664091
0.664091
0.665718
0.661244
0.659211
0.655958
0.661651
0.664091
0.660838
0.662871
0.661651
0.662871
0.663278
0.663684
0.661244
0.660431
0.660431
0.662058
0.658804
0.658804
0.659211
0.664498
0.662464
0.660838
0.659618
0.662058
0.663684
0.665311
0.663684
0.665311
0.665311
0.660431
0.662871
0.659211
0.656771
0.658398
0.660838
0.662871
0.662058
0.660431
0.664091
0.664498
0.659618
0.660024
0.660838
0.665718
0.664904
0.662464
0.662464
0.659618
0.655958
0.660024
0.662058
0.660838
0.661244
0.664091
0.662871
0.663684
0.664904
0.665718
0.660024
0.657991
0.661244
0.659211
0.662871
0.664498
0.660024
0.662464
0.663278
0.664904
0.664904
0.665311
0.662058
0.666531
0.664498
0.662464
0.661244
0.663684
0.662464
0.655144
0.658398
0.656771
0.654738
0.662058
0.662058
0.662871
0.662464
0.663278
0.661244
0.661244
0.662464
0.661651
0.662871
0.661244
0.662871
0.661244
0.660431
0.659618
0.662058
0.663278
0.662871
0.663278
0.663684
0.661651
0.660838
0.662464
0.664091
0.663278
0.662871
0.661244
0.664091
0.666124
0.663278
0.662871
0.663684
0.666938
0.664091
0.657584
0.657991
0.659618
0.660838
0.664091
0.660838
0.659618
0.660838
0.665311
0.666531
0.663278
0.662464
0.660838
0.661651
0.662464
0.661244
0.660838
0.660431
0.661651
0.664091
0.662871
0.658804
0.651891
0.660838
0.666531
0.658398
0.656771
0.655144
0.661244
0.662871
0.662871
0.657584
0.653111
0.662464
0.665311
0.661244
0.653924
0.655958
0.657584
0.661651
0.664904
0.658804
0.657584
0.663278
0.661651
0.659618
0.662058
0.661244
0.662058
0.663278
0.664904
0.662058
0.664498
0.665311
0.661651
0.662058
0.660838
0.657178
0.657584
0.657178
0.664091
0.662464
0.663684
0.661651
0.664498
0.662464
0.657991
0.663684
0.664498
0.664498
0.660838
0.663278
0.662464
0.659618
0.657178
0.657178
0.657584
0.660024
0.660024
0.661244
0.659618
0.662058
0.664091
0.661244
0.661244
0.662871
0.664498
0.661244
0.662464
0.661244
0.662871
0.663278
0.660838
0.659618
0.659618
0.656771
0.654738
0.660431
0.660838
0.658398
0.662871
0.662871
0.660838
0.656771
0.658398
0.659211
0.662058
0.659211
0.657584
0.656771
0.658398
0.662464
0.660024
0.657584
0.658398
0.663684
0.664904
0.665311
0.658804
0.660431
0.662871
0.661244
0.660431
0.663278
0.660431
0.659211
0.657991
0.655958
0.661651
0.661651
0.663684
0.661651
0.662464
0.664498
0.666124
0.662058
0.661651
0.661651
0.659618
0.662058
0.660838
0.662871
0.662464
0.660431
0.659618
0.660431
0.661651
0.659618
0.658804
0.662871
0.662871
0.660431
0.661244
0.659618
0.657584
0.660431
0.659211
0.664091
0.664904
0.661244
0.659618
0.664498
0.659618
0.657991
0.660431
0.660431
0.658804
0.663278
0.662871
0.663278
0.665311
0.665311
0.664904
0.664904
0.663278
0.662871
0.665311
0.663278
0.664091
0.663684
0.661651
0.663278
0.659618
0.659211
0.659211
0.659618
0.659211
0.659211
0.662058
0.658398
0.660838
0.658804
0.656364
0.656364
0.654331
0.654738
0.660024
0.660024
0.662871
0.660024
0.660838
0.660431
0.658398
0.657178
0.656364
0.662464
0.664498
0.663278
0.662871
0.660431
0.659211
0.660838
0.661651
0.659618
0.653518
0.657178
0.660838
0.662058
0.661244
0.660838
0.663278
0.662058
0.661651
0.663684
0.666938
0.661651
0.662871
0.662464
0.660024
0.660024
0.662464
0.660431
0.660024
0.659618
0.660024
0.659211
0.657178
0.662464
0.661651
0.660024
0.659618
0.659618
0.659618
0.661651
0.662058
0.664091
0.663684
0.666124
0.666124
0.664904
0.660024
0.661651
0.658804
0.655958
0.662058
0.660431
0.658398
0.659211
0.662871
0.659618
0.656771
0.657991
0.656364
0.657178
0.663684
0.662871
0.663278
0.665311
0.662871
0.662871
0.661651
0.660024
0.658398
0.661651
0.661651
0.655551
0.656364
0.659618
0.663278
0.661651
0.663278
0.662871
0.664498
0.662871
0.662464
0.660024
0.661651
0.662058
0.659211
0.662058
0.663278
0.660838
0.664091
0.665718
0.660838
0.661244
0.657178
0.654738
0.655958
0.653924
0.650264
0.653518
0.660838
0.657991
0.659211
0.660838
0.659211
0.662871
0.661651
0.658398
0.658804
0.657178
0.666124
0.661244
0.661651
0.659618
0.660431
0.662058
0.665718
0.665718
0.666124
0.669378
0.665311
0.663278
0.659211
0.655958
0.657178
0.657584
0.659211
0.656771
0.656771
0.660431
0.663684
0.663278
0.661244
0.661244
0.662464
0.664091
0.657991
0.655958
0.655958
0.661651
0.665311
0.660431
0.655551
0.659618
0.662058
0.665718
0.662871
0.657991
0.660024
0.663684
0.664498
0.663684
0.658804
0.659618
0.663278
0.666938
0.664091
0.664091
0.666938
0.668158
0.669784
0.664091
0.657178
0.655144
0.658398
0.661651
0.662058
0.662871
0.665311
0.666531
0.664904
0.666124
0.665311
0.664498
0.664091
0.663278
0.657584
0.661651
0.662464
0.660024
0.660431
0.659211
0.655958
0.659211
0.656771
0.658398
0.658398
0.661244
0.661244
0.659618
0.657991
0.658398
0.661651
0.662058
0.663278
0.657991
0.660431
0.662871
0.662464
0.657178
0.651078
0.652298
0.655958
0.660024
0.657584
0.657178
0.653111
0.656364
0.657584
0.659211
0.656364
0.656771
0.659211
0.658398
0.658804
0.660024
0.664498
0.662871
0.656771
0.657178
0.658398
0.660838
0.661651
0.659618
0.655958
0.660838
0.659618
0.658804
0.658398
0.657991
0.662058
0.663684
0.664091
0.658804
0.661651
0.667344
0.666124
0.664091
0.661651
0.653518
0.654331
0.656771
0.655958
0.654738
0.662871
0.663278
0.658804
0.659618
0.653924
0.655144
0.655958
0.657991
0.655551
0.651891
0.651891
0.659618
0.657991
0.656771
0.653518
0.655958
0.658804
0.658398
0.658804
0.658804
0.660431
0.660431
0.657991
0.658398
0.656771
0.658804
0.660024
0.660431
0.657991
0.660838
0.661651
0.661651
0.658398
0.655551
0.651484
0.651891
0.656771
0.657991
0.657991
0.657178
0.658398
0.658398
0.659618
0.661651
0.660838
0.659618
0.658804
0.662058
0.662871
0.667344
0.663278
0.663684
0.655958
0.653924
0.653518
0.654738
0.654738
0.656364
0.655958
0.657991
0.659618
0.660838
0.663278
0.658398
0.657584
0.655551
0.657178
0.659211
0.658398
0.663684
0.660024
0.660024
0.660024
0.658398
0.658804
0.656364
0.655551
0.651891
0.654331
0.657584
0.655551
0.657178
0.657584
0.658398
0.658398
0.658804
0.658804
0.660024
0.659211
0.658804
0.656771
0.657991
0.659211
0.656364
0.657584
0.658804
0.660838
0.662871
0.662058
0.661651
0.657991
0.657584
0.657991
0.658398
0.657178
0.657178
0.657991
0.660838
0.663684
0.663278
0.663278
0.659618
0.659211
0.657991
0.659618
0.659211
0.660838
0.657584
0.658804
0.657991
0.654738
0.653111
0.657178
0.656771
0.655958
0.656364
0.658804
0.659618
0.658804
0.656771
0.658398
0.655958
0.655551
0.655958
0.657584
0.657991
0.658398
0.658804
0.659618
0.658804
0.657991
0.653924
0.651891
0.655958
0.659211
0.661244
0.658804
0.661651
0.659618
0.653111
0.657584
0.655144
0.652298
0.653924
0.659618
0.660024
0.658804
0.660431
0.658804
0.658804
0.659211
0.658398
0.662871
0.659618
0.661651
0.662058
0.661651
0.662871
0.657991
0.660431
0.664498
0.664904
0.662871
0.662058
0.662058
0.657178
0.653518
0.656771
0.657178
0.657991
0.655958
0.655144
0.657178
0.653924
0.657178
0.655144
0.653111
0.650264
0.655144
0.656771
0.655144
0.653111
0.653518
0.659618
0.661651
0.659618
0.657584
0.658398
0.657991
0.658398
0.656364
0.655551
0.657991
0.660431
0.659618
0.661244
0.662058
0.657991
0.660431
0.662464
0.663278
0.664091
0.664904
0.660024
0.659211
0.656364
0.658398
0.657584
0.658804
0.657991
0.660838
0.662058
0.661244
0.660431
0.660838
0.660431
0.660431
0.658398
0.658804
0.658398
0.658398
0.657991
0.657991
0.658398
0.657584
0.657584
0.661244
0.658804
0.657584
0.659211
0.656771
0.660024
0.657991
0.660024
0.656364
0.657991
0.659211
0.659211
0.657991
0.658398
0.659211
0.660838
0.660431
0.663684
0.663684
0.660431
0.661651
0.660838
0.657178
0.659618
0.658804
0.658398
0.658804
0.659211
0.655144
0.658804
0.657178
0.654331
0.655144
0.657584
0.660024
0.662058
0.661244
0.659618
0.661244
0.662871
0.662871
0.660838
0.662058
0.666531
0.664904
0.660431
0.657584
0.655958
0.657178
0.656771
0.656364
0.658804
0.658398
0.662464
0.661244
0.662871
0.662464
0.660431
0.659211
0.659618
0.662464
0.662464
0.661244
0.663278
0.661244
0.660838
0.657178
0.657991
0.655958
0.655958
0.655551
0.658804
0.659211
0.659211
0.655958
0.656364
0.656364
0.658398
0.657584
0.656771
0.656364
0.658398
0.658804
0.660431
0.661651
0.659618
0.656364
0.656771
0.655551
0.657991
0.657991
0.657991
0.660431
0.660838
0.660431
0.653924
0.651891
0.651891
0.651484
0.653924
0.651484
0.655144
0.658398
0.657584
0.657178
0.657991
0.658804
0.660431
0.659211
0.657991
0.659211
0.657991
0.659211
0.658804
0.658804
0.661651
0.660024
0.659211
0.660024
0.658804
0.658398
0.657584
0.658804
0.658804
0.659211
0.658804
0.657178
0.655958
0.655551
0.656771
0.657178
0.659211
0.657584
0.659211
0.657991
0.659618
0.661244
0.662058
0.661651
0.659618
0.661244
0.660024
0.659618
0.659618
0.659211
0.660024
0.660024
0.658804
0.657178
0.659211
0.662058
0.659211
0.658804
0.661244
0.657178
0.657991
0.657178
0.655958
0.657584
0.659618
0.662871
0.664904
0.661244
0.661244
0.662464
0.662871
0.659618
0.661244
0.662871
0.659618
0.657584
0.657584
0.654738
0.659618
0.660024
0.659618
0.659618
0.657991
0.659618
0.660838
0.662058
0.658398
0.658398
0.659211
0.658804
0.657991
0.657584
0.660024
0.663684
0.662464
0.658398
0.662058
0.663278
0.662058
0.660431
0.659211
0.660838
0.664091
0.662464
0.661244
0.656364
0.654738
0.656771
0.658398
0.654738
0.654331
0.656364
0.660024
0.660024
0.663278
0.662058
0.657178
0.657178
0.656364
0.655958
0.657991
0.659618
0.660431
0.655551
0.656364
0.657991
0.657991
0.657584
0.652704
0.654738
0.656771
0.659618
0.657991
0.656364
0.657178
0.662464
0.659618
0.657991
0.654331
0.657991
0.655958
0.661651
0.663684
0.662871
0.661651
0.659211
0.659211
0.661651
0.659211
0.660024
0.660024
0.659211
0.658804
0.657584
0.655958
0.655144
0.654738
0.659618
0.660431
0.660024
0.661244
0.665311
0.666531
0.666531
0.662464
0.662464
0.658804
0.657584
0.660024
0.660838
0.659618
0.659618
0.660838
0.657584
0.656771
0.655958
0.656771
0.659211
0.660838
0.660838
0.661651
0.659618
0.660431
0.660024
0.658398
0.658398
0.655144
0.653518
0.659618
0.660838
0.660838
0.658804
0.658804
0.656364
0.657178
0.657584
0.662058
0.660838
0.662871
0.664498
0.662464
0.659618
0.660024
0.660838
0.662058
0.663278
0.659618
0.660024
0.660431
0.657991
0.661244
0.656771
0.657178
0.662871
0.660838
0.658398
0.661244
0.662871
0.662464
0.659618
0.655958
0.655144
0.652704
0.654331
0.653111
0.651484
0.652704
0.660024
0.665311
0.666938
0.664904
0.663278
0.662058
0.660838
0.655958
0.657178
0.660838
0.660838
0.660024
0.660431
0.658804
0.657584
0.659211
0.658398
0.663278
0.660838
0.660431
0.659618
0.661244
0.659618
0.658804
0.655144
0.657584
0.660024
0.660024
0.662058
0.660838
0.660024
0.660431
0.657178
0.657991
0.661244
0.661651
0.656771
0.653111
0.655144
0.660431
0.659618
0.660024
0.659618
0.658804
0.662058
0.660024
0.662058
0.663278
0.664498
0.662464
0.664091
0.662464
0.662464
0.661244
0.660024
0.661244
0.661244
0.661244
0.662058
0.662464
0.664091
0.659618
0.656364
0.653518
0.652704
0.655958
0.656364
0.662058
0.662058
0.662871
0.662058
0.660024
0.655958
0.657178
0.655958
0.657584
0.656771
0.657991
0.659618
0.659211
0.658398
0.658804
0.661651
0.660024
0.659211
0.659211
0.660431
0.660024
0.657991
0.659211
0.657178
0.656771
0.656364
0.656364
0.659211
0.662058
0.662871
0.660431
0.657178
0.656364
0.655551
0.654738
0.655551
0.655958
0.657991
0.659618
0.660024
0.659618
0.661244
0.659211
0.657178
0.655958
0.659618
0.662058
0.662058
0.665718
0.664904
0.662058
0.660024
0.656771
0.653924
0.656364
0.653518
0.656771
0.662871
0.661244
0.659211
0.660024
0.657584
0.658804
0.658804
0.657178
0.657178
0.656364
0.657584
0.656364
0.657584
0.657178
0.657991
0.660024
0.659211
0.660431
0.659211
0.658804
0.659211
0.659211
0.660431
0.659618
0.652298
0.651484
0.654331
0.656771
0.657178
0.661244
0.660431
0.662871
0.664091
0.664904
0.659211
0.657584
0.656771
0.657178
0.658398
0.657991
0.656771
0.658398
0.657584
0.661651
0.659618
0.659211
0.661651
0.660838
0.660024
0.660431
0.660431
0.661244
0.657178
0.662058
0.660838
0.660024
0.662464
0.659618
0.660024
0.658804
0.660838
0.660024
0.659211
0.657584
0.655551
0.657178
0.658398
0.661651
0.660838
0.663278
0.659618
0.663278
0.659618
0.661244
0.661244
0.657178
0.657584
0.657991
0.657584
0.658398
0.660024
0.659211
0.660024
0.660431
0.658398
0.659618
0.660024
0.659211
0.661244
0.660838
0.659618
0.661651
0.657584
0.658804
0.657584
0.656771
0.658804
0.660024
0.661244
0.661244
0.661244
0.663278
0.661244
0.662871
0.663278
0.662871
0.664498
0.665311
0.660431
0.662871
0.664091
0.660838
0.658804
0.658804
0.660431
0.664091
0.661651
0.658398
0.658804
0.661651
0.654738
0.655551
0.653518
0.651891
0.655958
0.660431
0.656364
0.659618
0.657178
0.657178
0.656364
0.658398
0.661244
0.658398
0.662464
0.660838
0.661244
0.661651
0.662058
0.662058
0.660024
0.654331
0.656364
0.655958
0.660838
0.656364
0.656771
0.656771
0.656364
0.655144
0.653924
0.655144
0.655144
0.659211
0.659211
0.660431
0.660024
0.660431
0.658398
0.659618
0.661651
0.660431
0.659618
0.658398
0.657584
0.657178
0.655958
0.657584
0.655551
0.657991
0.659211
0.657584
0.657178
0.657991
0.658804
0.656364
0.655144
0.656771
0.656364
0.656771
0.661244
0.663278
0.662058
0.662464
0.662871
0.661244
0.655144
0.660024
0.659211
0.660431
0.656364
0.656771
0.656771
0.659211
0.658398
0.655958
0.656364
0.655551
0.659618
0.659618
0.657584
0.656364
0.657991
0.659211
0.660431
0.662058
0.659211
0.657584
0.657584
0.656771
0.657991
0.657178
0.659211
0.659618
0.657178
0.658398
0.657584
0.657584
0.656771
0.656364
0.657178
0.657178
0.660431
0.660838
0.659618
0.658804
0.658398
0.658398
0.659618
0.656771
0.657584
0.660431
0.657991
0.657991
0.657178
0.655144
0.653111
0.653111
0.654738
0.655144
0.660431
0.661244
0.660431
0.663278
0.657178
0.657178
0.660431
0.662058
0.660838
0.660838
0.657584
0.655144
0.654331
0.654738
0.657584
0.655958
0.655958
0.655958
0.657991
0.661651
0.661244
0.663684
0.662871
0.660431
0.658804
0.656771
0.657178
0.658804
0.655144
0.655958
0.656771
0.655144
0.656364
0.655551
0.654331
0.651078
0.650671
0.654738
0.653518
0.655144
0.657584
0.656364
0.655958
0.655144
0.659211
0.660431
0.660024
0.661244
0.661651
0.663684
0.657178
0.659618
0.661651
0.655958
0.655551
0.652298
0.656771
0.660024
0.659211
0.657584
0.655144
0.652298
0.652704
0.651484
0.649858
0.652298
0.656771
0.659618
0.661651
0.661244
0.663278
0.657584
0.657584
0.658804
0.657584
0.658398
0.658398
0.659618
0.658398
0.659211
0.657991
0.660024
0.657178
0.655144
0.654331
0.656364
0.656364
0.661244
0.659618
0.659618
0.662058
0.661651
0.661651
0.660838
0.660431
0.656364
0.657991
0.661651
0.660838
0.660838
0.657584
0.654738
0.655551
0.656364
0.657584
0.659211
0.657991
0.659618
0.658398
0.658398
0.660838
0.659618
0.658804
0.658804
0.658804
0.660024
0.657178
0.658804
0.658804
0.658804
0.661651
0.657584
0.657178
0.652704
0.655958
0.655958
0.658398
0.657584
0.653924
0.654331
0.657991
0.656771
0.661244
0.662871
0.659211
0.659618
0.657584
0.658398
0.659211
0.659211
0.659618
0.659211
0.659211
0.656771
0.658398
0.657991
0.657991
0.655958
0.656364
0.655144
0.659211
0.660024
0.651078
0.658398
0.656364
0.657584
0.653924
0.648231
0.654331
0.654738
0.654738
0.655144
0.660431
0.655551
0.659618
0.659211
0.655551
0.656364
0.658398
0.660838
0.658804
0.660838
0.659618
0.661651
0.657991
0.657584
0.659211
0.660024
0.658398
0.657991
0.657991
0.655551
0.655958
0.652298
0.655958
0.654331
0.655551
0.656364
0.654738
0.657178
0.658398
0.657991
0.659618
0.654738
0.659618
0.659618
0.658804
0.656364
0.655958
0.653924
0.654738
0.654738
0.655551
0.659211
0.658398
0.660431
0.660024
0.659211
0.659211
0.658398
0.658804
0.657178
0.660024
0.662058
0.662464
0.661244
0.658804
0.658804
0.661651
0.662464
0.662464
0.661651
0.664091
0.662464
0.664904
0.661651
0.659211
0.657991
0.660431
0.660838
0.661651
0.659211
0.658804
0.658804
0.660024
0.657991
0.655551
0.656364
0.655551
0.655551
0.660024
0.659618
0.661651
0.660024
0.661244
0.661244
0.657991
0.657178
0.657991
0.657991
0.658398
0.658398
0.656364
0.655958
0.656364
0.653924
0.655551
0.659211
0.658398
0.659211
0.658804
0.663278
0.661244
0.660838
0.659211
0.663278
0.662464
0.660024
0.660024
0.658804
0.660024
0.662871
0.659618
0.656771
0.657991
0.657991
0.655144
0.656364
0.658804
0.658804
0.658804
0.655958
0.657991
0.657991
0.655551
0.659211
0.657584
0.658804
0.660024
0.660838
0.659211
0.660431
0.660431
0.660431
0.660024
0.659618
0.658398
0.657991
0.656771
0.655551
0.657584
0.661651
0.662058
0.661244
0.656771
0.655958
0.659211
0.658804
0.662464
0.664498
0.656771
0.658804
0.659618
0.663684
0.659211
0.659211
0.660431
0.659211
0.661651
0.661244
0.660024
0.658398
0.658804
0.657991
0.660838
0.657991
0.657991
0.657584
0.658398
0.653518
0.655144
0.657991
0.657584
0.658804
0.657178
0.655551
0.662464
0.661651
0.659211
0.657991
0.657991
0.660024
0.657991
0.661651
0.659618
0.656364
0.653111
0.659618
0.662464
0.659211
0.654738
0.651891
0.653111
0.653111
0.654331
0.651891
0.653111
0.654331
0.653518
0.655144
0.652704
0.651078
0.657178
0.653518
0.649858
0.649044
0.649858
0.652704
0.650264
0.651891
0.653518
0.654738
0.653924
0.655551
0.659211
0.657991
0.657584
0.660024
0.659211
0.657584
0.655958
0.655551
0.652704
0.653924
0.656364
0.657584
0.662058
0.661651
0.662464
0.661244
0.659211
0.657584
0.656364
0.653518
0.655144
0.653518
0.656771
0.657178
0.658804
0.656771
0.658398
0.658398
0.657178
0.655144
0.656771
0.657178
0.655958
0.656771
0.655551
0.656364
0.654738
0.651078
0.653924
0.658804
0.655958
0.657584
0.658804
0.657584
0.657584
0.656771
0.653924
0.655551
0.655144
0.656364
0.655144
0.659618
0.659211
0.660024
0.661244
0.659211
0.656771
0.657991
0.657584
0.657991
0.657991
0.661244
0.661651
0.662464
0.658804
0.656771
0.655144
0.656364
0.657178
0.656364
0.659211
0.660838
0.658398
0.660024
0.656364
0.658804
0.657178
0.657584
0.659618
0.658804
0.657991
0.661244
0.661651
0.658804
0.656771
0.658398
0.660024
0.663278
0.662464
0.660431
0.660838
0.660838
0.662464
0.659211
0.657584
0.659211
0.659618
0.660431
0.662871
0.661244
0.661651
0.660024
0.657991
0.659618
0.658398
0.658804
0.659618
0.662464
0.662058
0.661244
0.660838
0.662464
0.659618
0.660431
0.658398
0.657178
0.657584
0.657991
0.658804
0.659211
0.658398
0.656364
0.658804
0.659618
0.658804
0.656364
0.657178
0.656771
0.660838
0.660431
0.657178
0.657178
0.655958
0.660838
0.664904
0.663684
0.660431
0.660838
0.658804
0.655551
0.656364
0.657991
0.656364
0.653518
0.654738
0.657584
0.656771
0.656364
0.657991
0.657991
0.657991
0.659618
0.662871
0.660024
0.660024
0.662871
0.663684
0.661651
0.662464
0.659211
0.663278
0.662464
0.660838
0.658804
0.658804
0.660024
0.660431
0.661244
0.660431
0.656364
0.658804
0.658398
0.659211
0.659211
0.659618
0.657584
0.658804
0.660838
0.658804
0.661244
0.659618
0.660838
0.661244
0.657178
0.659211
0.659618
0.662464
0.660024
0.660024
0.660838
0.659618
0.657178
0.660838
0.662871
0.661651
0.664091
0.664091
0.662871
0.662058
0.660024
0.660431
0.660431
0.656771
0.657584
0.657991
0.660838
0.662058
0.661244
0.658804
0.662058
0.661244
0.660838
0.659618
0.657584
0.660024
0.661244
0.656771
0.657178
0.655551
0.655958
0.660838
0.662058
0.661651
0.659211
0.661244
0.660838
0.660024
0.662058
0.660024
0.660838
0.657991
0.656771
0.660024
0.660838
0.663278
0.664904
0.661244
0.660431
0.660431
0.660431
0.663278
0.662058
0.662464
0.660431
0.658804
0.661651
0.659211
0.661651
0.660431
0.661244
0.660431
0.659618
0.661244
0.659211
0.657991
0.660838
0.660431
0.658804
0.661651
0.659211
0.654738
0.658398
0.657991
0.653924
0.660431
0.658398
0.659618
0.660024
0.661244
0.655958
0.656771
0.657178
0.660431
0.660431
0.660431
0.660838
0.665311
0.661651
0.660431
0.660838
0.660024
0.658398
0.657991
0.659211
0.660838
0.659211
0.660024
0.658398
0.658804
0.661244
0.661244
0.660431
0.660431
0.657584
0.660024
0.661244
0.657991
0.662464
0.661244
0.660024
0.662464
0.659211
0.662058
0.661651
0.662464
0.661651
0.661244
0.664091
0.664091
0.662871
0.661651
0.664091
0.662058
0.660024
0.658398
0.659211
0.660431
0.663278
0.661651
0.660024
0.656771
0.657178
0.663278
0.661651
0.660431
0.658398
0.657178
0.655551
0.654331
0.657584
0.657584
0.659618
0.655551
0.660024
0.662464
0.662464
0.662871
0.660431
0.658398
0.659211
0.659211
0.655551
0.656364
0.656364
0.654738
0.654738
0.653518
0.655144
0.655551
0.660024
0.659211
0.662058
0.662871
0.660024
0.661244
0.658804
0.658804
0.657991
0.660838
0.663278
0.660024
0.661651
0.657991
0.657991
0.657991
0.657991
0.657584
0.660838
0.662464
0.660838
0.660024
0.659618
0.660431
0.663278
0.662058
0.660431
0.660024
0.662464
0.660431
0.660024
0.662464
0.662464
0.660838
0.662058
0.660024
0.657178
0.660024
0.657584
0.658398
0.661244
0.658398
0.655958
0.657991
0.659211
0.657991
0.657991
0.660431
0.662464
0.663278
0.662058
0.661651
0.659618
0.662058
0.661244
0.656771
0.656771
0.658804
0.661651
0.660431
0.662058
0.662058
0.661244
0.662464
0.660431
0.657584
0.659211
0.662871
0.657584
0.657584
0.659211
0.657991
0.655958
0.660838
0.659618
0.661651
0.662464
0.660838
0.660024
0.660431
0.660431
0.660024
0.660024
0.657178
0.662058
0.662871
0.660838
0.659618
0.660024
0.656364
0.655958
0.657991
0.662464
0.661651
0.662464
0.662464
0.659211
0.662058
0.662464
0.660838
0.656771
0.655551
0.662871
0.658398
0.657584
0.655144
0.659618
0.660024
0.658398
0.661244
0.659211
0.656771
0.657991
0.660431
0.656771
0.657991
0.655144
0.660024
0.654738
0.650671
0.651484
0.650671
0.652298
0.657991
0.657991
0.657584
0.652298
0.656364
0.657584
0.656364
0.655958
0.654331
0.655958
0.657178
0.659211
0.661244
0.661244
0.658398
0.655551
0.653924
0.658804
0.659618
0.657584
0.661244
0.661244
0.656364
0.655551
0.658398
0.660838
0.660431
0.659211
0.654331
0.657584
0.657584
0.655551
0.656771
0.655551
0.655958
0.655144
0.654331
0.655551
0.654738
0.655144
0.652298
0.651891
0.653924
0.653518
0.649451
0.648231
0.650264
0.653111
0.653111
0.654331
0.653111
0.654738
0.654738
0.652298
0.654738
0.655551
0.656364
0.661244
0.657991
0.659211
0.655144
0.657584
0.659211
0.658804
0.659211
0.657178
0.657991
0.661651
0.660431
0.660024
0.661651
0.660024
0.660838
0.659618
0.661651
0.663684
0.661651
0.660838
0.659211
0.658804
0.665311
0.660431
0.658398
0.656771
0.658804
0.659618
0.660024
0.662464
0.662058
0.662058
0.657991
0.658398
0.659211
0.659618
0.657584
0.658804
0.662058
0.662871
0.662464
0.661244
0.660838
0.660838
0.660838
0.659618
0.658804
0.660431
0.660838
0.661651
0.660838
0.662464
0.658804
0.657991
0.659211
0.655958
0.656771
0.661244
0.662058
0.659618
0.660838
0.660838
0.659618
0.659618
0.657178
0.658398
0.659211
0.660838
0.655551
0.658804
0.662058
0.659618
0.657178
0.659618
0.659211
0.659618
0.658804
0.657584
0.657991
0.660024
0.655958
0.660024
0.656771
0.654738
0.657584
0.658804
0.659211
0.661244
0.661651
0.661244
0.660838
0.661244
0.661244
0.659618
0.660838
0.662464
0.662058
0.661651
0.660024
0.658398
0.657991
0.656771
0.656771
0.653111
0.660838
0.660431
0.659618
0.656771
0.659618
0.659618
0.656364
0.655551
0.659211
0.663684
0.662058
0.663278
0.660838
0.663684
0.662871
0.660838
0.662058
0.660024
0.662058
0.659211
0.661244
0.662871
0.661244
0.660838
0.660838
0.660838
0.661244
0.660838
0.660024
0.660431
0.660838
0.658398
0.660024
0.659618
0.657584
0.657584
0.658804
