0.504270
0.516063
0.528264
0.540870
0.560390
0.568524
0.579097
0.579504
0.578284
0.577471
0.575437
0.572184
0.571370
0.570150
0.573810
0.572184
0.573810
0.573404
0.576251
0.577064
0.576657
0.577471
0.577471
0.576657
0.577877
0.579504
0.580317
0.582757
0.582757
0.583977
0.583977
0.579504
0.578691
0.576657
0.577877
0.576657
0.576251
0.573810
0.572590
0.575844
0.577064
0.576657
0.578691
0.579097
0.582757
0.581944
0.585604
0.588044
0.588044
0.587637
0.584791
0.580317
0.582351
0.585197
0.586824
0.586417
0.586011
0.587637
0.588451
0.586417
0.589264
0.588451
0.589264
0.588857
0.588451
0.587231
0.588857
0.590891
0.589264
0.589671
0.589671
0.589671
0.588451
0.588857
0.590891
0.592924
0.591297
0.586824
0.585197
0.581537
0.579504
0.585197
0.587637
0.586417
0.589264
0.589671
0.590484
0.590891
0.590891
0.590891
0.588857
0.591297
0.590484
0.590077
0.592924
0.593331
0.595771
0.594551
0.592517
0.588857
0.591704
0.594144
0.592111
0.593737
0.594957
0.594551
0.594957
0.594957
0.596584
0.597804
0.600651
0.598617
0.599024
0.598617
0.601057
0.601057
0.602684
0.602684
0.604311
0.603091
0.602684
0.603091
0.604717
0.604311
0.605531
0.604311
0.601057
0.600651
0.598211
0.601871
0.609191
0.613257
0.617324
0.619357
0.618951
0.617731
0.618544
0.612037
0.614884
0.614884
0.611631
0.612851
0.615697
0.616104
0.613664
0.614884
0.613664
0.616104
0.614884
0.612851
0.612037
0.614477
0.614477
0.615697
0.616104
0.613664
0.614477
0.609597
0.614071
0.610004
0.613664
0.619357
0.619357
0.616104
0.610817
0.614884
0.611224
0.616511
0.618137
0.612851
0.614071
0.612037
0.612037
0.612037
0.614071
0.613664
0.617324
0.614884
0.615697
0.618544
0.614477
0.618951
0.621797
0.622204
0.616917
0.617731
0.620577
0.617324
0.618544
0.618137
0.619357
0.619357
0.620577
0.623017
0.624237
0.620577
0.624237
0.624237
0.625458
0.627491
0.629931
0.631151
0.628711
0.625458
0.623017
0.623831
0.625864
0.618137
0.621391
0.628711
0.625051
0.623424
0.626678
0.626678
0.631558
0.629118
0.627898
0.627084
0.631558
0.630338
0.630338
0.631151
0.630744
0.629931
0.630744
0.629931
0.634404
0.633184
0.636031
0.636031
0.637251
0.639691
0.637251
0.636844
0.635624
0.635218
0.627898
0.633591
0.636031
0.640098
0.633998
0.634811
0.633998
0.633998
0.634811
0.634404
0.632371
0.632778
0.638064
0.634811
0.636844
0.637658
0.637251
0.638064
0.636844
0.639691
0.637658
0.640098
0.644571
0.643351
0.639691
0.646198
0.646198
0.644571
0.637251
0.636438
0.635624
0.638471
0.637658
0.639691
0.639691
0.641318
0.638471
0.640504
0.640911
0.642538
0.640504
0.643351
0.642538
0.642538
0.640504
0.641724
0.645791
0.648638
0.644164
0.645384
0.644978
0.651078
0.655144
0.654331
0.651484
0.651078
0.649044
0.646604
0.643758
0.646198
0.650264
0.647824
0.647011
0.647418
0.649451
0.649451
0.651484
0.647824
0.645791
0.651078
0.653924
0.654738
0.656771
0.655958
0.653924
0.653924
0.650264
0.643351
0.651078
0.655958
0.656771
0.655144
0.656364
0.655551
0.654738
0.651078
0.646604
0.644164
0.648231
0.654738
0.656364
0.658398
0.656364
0.657178
0.656771
0.653518
0.651891
0.650671
0.654331
0.656771
0.656364
0.657584
0.656771
0.657584
0.656364
0.651078
0.648231
0.651078
0.655551
0.655551
0.655958
0.655144
0.653111
0.653111
0.655144
0.653111
0.651078
0.653518
0.653111
0.652704
0.653111
0.652298
0.653111
0.656771
0.653924
0.659211
0.653111
0.652298
0.653518
0.650264
0.647418
0.646604
0.652704
0.655551
0.653518
0.652704
0.654738
0.656364
0.655144
0.655551
0.651891
0.649858
0.651891
0.652298
0.651484
0.655958
0.659618
0.658398
0.651484
0.653924
0.649451
0.650671
0.650671
0.647824
0.652298
0.658398
0.655551
0.656771
0.657991
0.656364
0.653111
0.651891
0.653518
0.649858
0.651484
0.655144
0.656771
0.655144
0.655144
0.655958
0.652298
0.652704
0.654331
0.655144
0.658804
0.662871
0.662058
0.659618
0.658398
0.653111
0.651891
0.651484
0.651078
0.653518
0.657991
0.655144
0.655958
0.655551
0.660838
0.656364
0.656364
0.655958
0.653518
0.657178
0.659211
0.658398
0.659618
0.655144
0.653111
0.649858
0.653924
0.654331
0.655144
0.660431
0.658804
0.658398
0.659618
0.659211
0.656364
0.655551
0.655551
0.655551
0.655958
0.656771
0.660838
0.660838
0.660431
0.654331
0.652298
0.652298
0.651891
0.651891
0.653111
0.658804
0.659618
0.660431
0.660024
0.660431
0.655551
0.653924
0.650671
0.653111
0.653518
0.655551
0.658804
0.660024
0.660024
0.657584
0.655551
0.653111
0.653924
0.655551
0.656364
0.658398
0.659211
0.660431
0.657584
0.655551
0.658398
0.653924
0.655551
0.658398
0.657584
0.657584
0.658804
0.659618
0.657178
0.655551
0.657178
0.655551
0.655551
0.657178
0.657178
0.657584
0.656771
0.660024
0.655551
0.654738
0.654738
0.652704
0.656771
0.657178
0.655551
0.656771
0.656771
0.657584
0.658398
0.657991
0.656364
0.654738
0.657991
0.656771
0.654331
0.656364
0.654331
0.660024
0.659618
0.658804
0.654738
0.653518
0.657991
0.658398
0.656771
0.655144
0.659211
0.658398
0.658398
0.658398
0.656771
0.658398
0.655958
0.654738
0.657178
0.657178
0.659618
0.658398
0.657178
0.655144
0.656771
0.659211
0.656771
0.654331
0.655958
0.660838
0.657178
0.657584
0.658398
0.657178
0.659618
0.656364
0.654738
0.657991
0.655958
0.659211
0.656771
0.655551
0.652298
0.653924
0.655958
0.654331
0.656771
0.657991
0.658398
0.657584
0.659618
0.654738
0.655144
0.651484
0.654738
0.657584
0.656771
0.655958
0.657584
0.659618
0.662058
0.657991
0.658398
0.659211
0.659618
0.660431
0.661244
0.659618
0.661244
0.660431
0.659618
0.657991
0.659211
0.659211
0.657584
0.658804
0.658804
0.660838
0.657991
0.658398
0.658804
0.659618
0.658398
0.657584
0.657584
0.660024
0.656364
0.657991
0.656771
0.655958
0.658398
0.657991
0.659211
0.660024
0.661244
0.660838
0.661244
0.662464
0.660838
0.661651
0.658804
0.656771
0.660024
0.658804
0.659618
0.662058
0.660838
0.659618
0.660838
0.657584
0.658398
0.659618
0.660431
0.660431
0.660838
0.659618
0.660431
0.658398
0.657584
0.654738
0.655144
0.661244
0.662058
0.659618
0.660838
0.662058
0.661651
0.660838
0.659618
0.658398
0.661651
0.662058
0.662871
0.662058
0.660024
0.661244
0.659618
0.659618
0.657178
0.659618
0.660838
0.660024
0.659618
0.661651
0.661244
0.663278
0.662464
0.659618
0.659618
0.657991
0.660431
0.664498
0.665311
0.662058
0.660431
0.658804
0.658804
0.657991
0.660431
0.660838
0.665311
0.661651
0.660838
0.663278
0.658804
0.657584
0.658398
0.655958
0.659211
0.662464
0.659618
0.658804
0.660838
0.660838
0.662464
0.662464
0.657178
0.653924
0.656364
0.662871
0.658398
0.660431
0.660838
0.663278
0.660838
0.658804
0.658398
0.658804
0.659618
0.664091
0.663278
0.664091
0.664498
0.661244
0.661651
0.661651
0.660838
0.659618
0.666124
0.662464
0.664091
0.664498
0.663278
0.660838
0.660024
0.658398
0.660838
0.661651
0.661244
0.663684
0.664091
0.661651
0.661651
0.660838
0.658398
0.654331
0.656364
0.662464
0.662058
0.663278
0.662871
0.666938
0.662464
0.660431
0.659618
0.658398
0.659211
0.662058
0.663278
0.662871
0.666124
0.664091
0.661651
0.662871
0.662058
0.660838
0.662871
0.666124
0.664091
0.663278
0.664091
0.663684
0.664091
0.660431
0.657991
0.655958
0.660431
0.660431
0.660838
0.660838
0.663684
0.661651
0.661651
0.656364
0.655144
0.657178
0.661651
0.661651
0.662464
0.660431
0.662058
0.659211
0.658398
0.656771
0.658398
0.660838
0.661651
0.663278
0.663278
0.663684
0.660431
0.661651
0.660024
0.659618
0.663278
0.663278
0.665718
0.665718
0.663278
0.663278
0.661651
0.659618
0.655551
0.659211
0.663278
0.662871
0.665718
0.665311
0.665311
0.662058
0.662464
0.659211
0.655958
0.657991
0.662464
0.664904
0.665311
0.662464
0.664091
0.660431
0.658804
0.657178
0.656771
0.659211
0.660838
0.663278
0.664498
0.662871
0.663278
0.660838
0.661244
0.656771
0.660431
0.662464
0.664498
0.664498
0.662464
0.664091
0.662058
0.661651
0.658398
0.657178
0.661244
0.663278
0.662058
0.661244
0.662871
0.664091
0.660024
0.659618
0.656364
0.660024
0.664498
0.664498
0.666938
0.665718
0.663684
0.662464
0.661651
0.658804
0.657178
0.662464
0.662464
0.664091
0.665718
0.665718
0.664498
0.661651
0.659211
0.656771
0.656771
0.660024
0.664091
0.665718
0.664498
0.663684
0.665718
0.662464
0.662464
0.658398
0.658398
0.662464
0.664498
0.664498
0.662464
0.664904
0.665718
0.662871
0.658398
0.658398
0.660838
0.666531
0.666531
0.668158
0.666938
0.668971
0.664498
0.663684
0.661651
0.664904
0.665718
0.664091
0.670191
0.666938
0.667344
0.662464
0.662871
0.662871
0.662058
0.664091
0.664904
0.664904
0.664904
0.665718
0.665718
0.661651
0.661244
0.656771
0.658804
0.661651
0.665718
0.662464
0.666124
0.667344
0.664091
0.660024
0.662058
0.662058
0.663278
0.665311
0.666938
0.665311
0.668564
0.665311
0.661244
0.660024
0.657178
0.658804
0.663684
0.666531
0.666124
0.665311
0.666124
0.667751
0.662464
0.660024
0.654738
0.659618
0.662464
0.668971
0.667751
0.667751
0.667751
0.662871
0.662464
0.658804
0.654738
0.660838
0.665311
0.666938
0.666124
0.665311
0.665718
0.662871
0.661244
0.657584
0.656364
0.658804
0.665718
0.667344
0.667751
0.667751
0.667344
0.665718
0.664091
0.661244
0.657991
0.662464
0.664091
0.666531
0.666124
0.668158
0.666124
0.664091
0.661651
0.660024
0.663278
0.664091
0.664904
0.666938
0.667751
0.667751
0.661651
0.660838
0.660024
0.660838
0.663684
0.667344
0.667344
0.666938
0.667751
0.663278
0.662058
0.661244
0.662058
0.665311
0.667751
0.666531
0.667344
0.667344
0.665311
0.661651
0.660838
0.660431
0.659211
0.662058
0.668158
0.668971
0.668564
0.667751
0.667344
0.661651
0.662058
0.655958
0.660024
0.664091
0.667344
0.670191
0.667751
0.668971
0.662058
0.662464
0.659211
0.657584
0.662871
0.666531
0.668564
0.666938
0.668971
0.668158
0.663278
0.662464
0.656364
0.660024
0.662464
0.668158
0.665718
0.668564
0.666531
0.661244
0.662058
0.661651
0.661651
0.665311
0.669784
0.668564
0.668564
0.670598
0.668158
0.662871
0.661244
0.658804
0.659618
0.663278
0.666938
0.670191
0.671004
0.668564
0.663684
0.661651
0.664091
0.661244
0.664498
0.666938
0.668971
0.668971
0.671818
0.670598
0.663684
0.665311
0.660024
0.657178
0.662871
0.662871
0.668971
0.669378
0.669784
0.666124
0.665718
0.663278
0.656364
0.660838
0.665718
0.668564
0.668971
0.668971
0.671411
0.668564
0.665718
0.666531
0.661651
0.663278
0.666124
0.668971
0.670598
0.671004
0.668564
0.664904
0.664091
0.662464
0.662464
0.661244
0.666531
0.669378
0.668564
0.668158
0.666938
0.665311
0.662058
0.658398
0.658398
0.662058
0.666124
0.670598
0.669378
0.671004
0.665718
0.665311
0.664091
0.657178
0.661651
0.662058
0.668971
0.668971
0.670598
0.668158
0.665718
0.664498
0.662871
0.664498
0.663278
0.667344
0.669378
0.670191
0.667344
0.668564
0.667751
0.666531
0.664904
0.664091
0.662871
0.666124
0.665718
0.666531
0.666124
0.665311
0.664498
0.665718
0.664904
0.667751
0.667344
0.671004
0.669378
0.669378
0.665311
0.661651
0.664904
0.662464
0.663684
0.666124
0.670191
0.668158
0.670191
0.671004
0.666938
0.665311
0.664091
0.661244
0.663684
0.665311
0.671411
0.670191
0.668971
0.667751
0.666938
0.664498
0.660024
0.661244
0.665311
0.666124
0.668564
0.668971
0.667751
0.668971
0.666531
0.664498
0.664091
0.665311
0.664904
0.669378
0.670191
0.668158
0.667344
0.663278
0.661244
0.658804
0.660431
0.666531
0.671004
0.669784
0.668971
0.671004
0.668564
0.664091
0.663684
0.659211
0.661244
0.664904
0.667344
0.671818
0.671411
0.671004
0.664091
0.663684
0.663278
0.660838
0.664498
0.664091
0.669378
0.669784
0.670191
0.666531
0.666531
0.664904
0.660838
0.662464
0.664904
0.664091
0.669784
0.668971
0.666531
0.666124
0.666938
0.667344
0.666531
0.666531
0.663684
0.671004
0.669378
0.666124
0.666124
0.663278
0.664498
0.661651
0.662464
0.664904
0.669378
0.671818
0.671004
0.670598
0.668564
0.662871
0.664498
0.660024
0.663684
0.666124
0.666124
0.671004
0.670191
0.667751
0.666938
0.666124
0.664091
0.661244
0.664498
0.667344
0.671004
0.669784
0.670191
0.670191
0.667344
0.666938
0.660024
0.657584
0.665311
0.663278
0.670598
0.671004
0.670191
0.665718
0.666938
0.667751
0.665718
0.664904
0.667344
0.668158
0.666531
0.668971
0.666938
0.665718
0.667751
0.665718
0.664904
0.666531
0.667344
0.669784
0.669784
0.668564
0.668158
0.664498
0.664904
0.664904
0.666124
0.667344
0.669378
0.671411
0.670598
0.670191
0.667751
0.666938
0.662871
0.659618
0.662871
0.667344
0.665311
0.667344
0.664498
0.664091
0.664498
0.664498
0.662871
0.663684
0.663684
0.666938
0.671411
0.668158
0.667344
0.666124
0.664091
0.662464
0.660838
0.663684
0.667344
0.667344
0.669784
0.670191
0.668158
0.668564
0.667344
0.666531
0.665311
0.666938
0.667344
0.670598
0.669784
0.668158
0.667344
0.664498
0.664904
0.662871
0.666531
0.668971
0.667344
0.669784
0.668158
0.666124
0.666531
0.669378
0.667751
0.665718
0.668971
0.666938
0.669784
0.670598
0.671411
0.669378
0.663684
0.663278
0.662058
0.661651
0.667751
0.668971
0.672631
0.672224
0.670191
0.669784
0.665311
0.664498
0.664091
0.664498
0.666938
0.668158
0.670598
0.671004
0.671818
0.666938
0.667344
0.666938
0.664091
0.668158
0.669784
0.672224
0.672631
0.670191
0.668158
0.661244
0.665718
0.663684
0.666938
0.668564
0.671411
0.671411
0.670191
0.669784
0.665718
0.663684
0.662058
0.661244
0.665718
0.667751
0.671818
0.671818
0.671004
0.669378
0.667344
0.666124
0.659618
0.657178
0.668158
0.667344
0.669784
0.669784
0.668971
0.668971
0.669784
0.666531
0.662464
0.661651
0.666124
0.666531
0.668564
0.668971
0.668971
0.665311
0.664091
0.665311
0.665718
0.667344
0.667751
0.671818
0.668971
0.670598
0.668158
0.660838
0.660838
0.660431
0.664091
0.666531
0.668971
0.669378
0.669784
0.668158
0.666938
0.662464
0.660838
0.660024
0.664904
0.666124
0.669784
0.670191
0.670598
0.668564
0.662464
0.660431
0.657584
0.659618
0.668158
0.666124
0.675071
0.674258
0.673038
0.668158
0.666938
0.665718
0.661651
0.662871
0.666938
0.666531
0.667344
0.668971
0.670191
0.669784
0.666124
0.664091
0.664904
0.665311
0.670191
0.669378
0.671411
0.670598
0.667344
0.665718
0.666124
0.662464
0.664091
0.667751
0.666124
0.667751
0.668564
0.666124
0.666938
0.667751
0.668158
0.666531
0.667344
0.668158
0.673038
0.671818
0.670191
0.669784
0.662058
0.665718
0.659211
0.660838
0.666531
0.668971
0.672224
0.670598
0.669784
0.669784
0.667751
0.668971
0.667751
0.666124
0.668158
0.670191
0.671004
0.671411
0.671004
0.663684
0.662871
0.663278
0.664904
0.666124
0.667751
0.670598
0.671411
0.671411
0.669784
0.664091
0.663684
0.663278
0.669378
0.671411
0.669378
0.673851
0.671004
0.669784
0.669378
0.667344
0.664498
0.660024
0.664904
0.667751
0.670191
0.669784
0.669378
0.669378
0.666938
0.666531
0.662871
0.661244
0.666938
0.667751
0.669378
0.670598
0.671818
0.666531
0.664498
0.666124
0.666124
0.666531
0.671411
0.667751
0.668158
0.669784
0.670191
0.662058
0.662464
0.663278
0.666531
0.667751
0.672224
0.673038
0.672224
0.671004
0.667751
0.660431
0.661651
0.660838
0.663278
0.666938
0.670191
0.671411
0.671818
0.670598
0.667344
0.663684
0.661651
0.660024
0.665718
0.665718
0.670191
0.672631
0.672631
0.670598
0.664091
0.664904
0.662058
0.661244
0.667344
0.668158
0.670598
0.668971
0.667344
0.670191
0.664498
0.666124
0.665718
0.666531
0.667751
0.670191
0.671411
0.672631
0.671004
0.662871
0.661244
0.662464
0.665311
0.668971
0.668564
0.670598
0.671004
0.665718
0.668158
0.662058
0.662464
0.658398
0.666531
0.667751
0.669784
0.674664
0.671004
0.670598
0.668564
0.665311
0.662871
0.659618
0.664498
0.668158
0.669784
0.669784
0.668564
0.669378
0.663278
0.663278
0.657991
0.661244
0.666531
0.668158
0.672224
0.668971
0.668158
0.666938
0.663684
0.662871
0.661651
0.665718
0.666124
0.666938
0.669784
0.670598
0.668971
0.664904
0.664904
0.664498
0.664498
0.668971
0.669378
0.669784
0.669784
0.670191
0.668158
0.663684
0.662058
0.658804
0.662464
0.664091
0.667751
0.668564
0.668564
0.669784
0.665718
0.662871
0.663278
0.661651
0.666938
0.667344
0.669378
0.668564
0.668564
0.668564
0.662464
0.664091
0.659211
0.661651
0.669378
0.666531
0.672631
0.667751
0.669378
0.666938
0.662871
0.665311
0.666124
0.667751
0.667344
0.668564
0.668158
0.668158
0.666531
0.662464
0.662464
0.663278
0.665718
0.670598
0.667751
0.670598
0.668971
0.668971
0.666531
0.661244
0.662058
0.658804
0.664091
0.668158
0.671411
0.671411
0.672631
0.671818
0.663278
0.661651
0.658398
0.658398
0.662058
0.666531
0.668564
0.671004
0.670598
0.669378
0.664091
0.662058
0.658398
0.661651
0.665718
0.662871
0.668158
0.665311
0.666124
0.666938
0.662464
0.663278
0.661651
0.663684
0.665718
0.670191
0.669784
0.671004
0.670598
0.665311
0.665311
0.664498
0.663684
0.668564
0.669378
0.669378
0.668971
0.670598
0.665718
0.658398
0.660024
0.657991
0.663278
0.668564
0.668158
0.672631
0.669784
0.670598
0.665718
0.660431
0.659618
0.658398
0.663278
0.666531
0.671004
0.671411
0.669378
0.668564
0.661244
0.660024
0.657991
0.660024
0.666938
0.668564
0.671411
0.668564
0.667344
0.666938
0.661244
0.662058
0.658804
0.660024
0.666938
0.667344
0.668971
0.668564
0.668158
0.661651
0.661244
0.661244
0.662058
0.668564
0.668971
0.673851
0.672224
0.669378
0.669378
0.662058
0.660431
0.660024
0.658804
0.666938
0.667751
0.671818
0.670598
0.668564
0.660024
0.656771
0.656771
0.661244
0.664091
0.664904
0.669378
0.670598
0.667751
0.669378
0.662464
0.659211
0.657178
0.659211
0.664091
0.668158
0.672224
0.672224
0.670598
0.664904
0.657584
0.657178
0.657178
0.661244
0.668564
0.666531
0.670191
0.669784
0.666938
0.664091
0.662871
0.659211
0.656364
0.662058
0.665718
0.669784
0.671818
0.669784
0.668158
0.660838
0.658398
0.653518
0.657178
0.665311
0.668158
0.668971
0.670598
0.671004
0.664498
0.661244
0.660024
0.660431
0.662058
0.664904
0.665718
0.668971
0.668564
0.669784
0.660431
0.659211
0.658804
0.660838
0.666124
0.666938
0.670598
0.666531
0.668971
0.663278
0.657584
0.660838
0.662058
0.665311
0.667344
0.669784
0.669784
0.671004
0.670191
0.665718
0.660431
0.657991
0.660024
0.662464
0.666938
0.667751
0.668564
0.671411
0.673038
0.664498
0.661651
0.657178
0.658398
0.664091
0.668971
0.669784
0.670598
0.668971
0.664091
0.662058
0.662464
0.658804
0.664091
0.664498
0.663684
0.666531
0.667751
0.668158
0.662058
0.658398
0.656771
0.656364
0.662058
0.668158
0.671004
0.671818
0.671411
0.669378
0.661651
0.660838
0.658804
0.661651
0.665718
0.664498
0.667751
0.668158
0.666938
0.663278
0.657991
0.655958
0.657584
0.660431
0.666124
0.668564
0.671004
0.673444
0.670598
0.660838
0.660431
0.657178
0.658398
0.664904
0.665311
0.666124
0.666124
0.667751
0.667344
0.660024
0.660838
0.655144
0.659211
0.664904
0.666938
0.667751
0.668564
0.668158
0.663278
0.661244
0.658398
0.659618
0.663684
0.666124
0.667344
0.667751
0.666531
0.664904
0.660024
0.657584
0.657991
0.663278
0.666531
0.666531
0.670598
0.670598
0.668158
0.662058
0.658398
0.657178
0.657991
0.665311
0.668564
0.666124
0.666938
0.665311
0.662058
0.657991
0.657991
0.655958
0.662871
0.666938
0.671411
0.673038
0.672631
0.669784
0.662871
0.657584
0.657584
0.657178
0.657178
0.666124
0.667344
0.672224
0.671004
0.666124
0.658398
0.655958
0.652704
0.655958
0.662058
0.665718
0.672224
0.670191
0.666938
0.662464
0.660838
0.658804
0.657178
0.656771
0.663278
0.665718
0.665718
0.667344
0.668158
0.664091
0.658804
0.657584
0.658804
0.662871
0.664904
0.668971
0.668564
0.668158
0.666531
0.658804
0.656364
0.654331
0.657178
0.667344
0.667344
0.670191
0.670191
0.666938
0.659211
0.657178
0.658398
0.660838
0.664904
0.666531
0.667751
0.669784
0.668971
0.667344
0.655144
0.654331
0.654738
0.655958
0.663684
0.671004
0.674664
0.673038
0.668564
0.662058
0.657991
0.657178
0.657584
0.659211
0.665311
0.668158
0.668564
0.668971
0.666938
0.661651
0.657178
0.656364
0.659618
0.660838
0.666124
0.669784
0.670598
0.668971
0.667344
0.660024
0.656771
0.653518
0.655144
0.661651
0.665311
0.666938
0.667344
0.663684
0.660838
0.659211
0.660431
0.659211
0.658804
0.661244
0.664498
0.664498
0.667344
0.666124
0.657178
0.656364
0.657991
0.661244
0.666531
0.670191
0.672631
0.670598
0.670598
0.661651
0.658398
0.656771
0.656771
0.660024
0.664904
0.666938
0.668971
0.670191
0.667751
0.662871
0.658804
0.654738
0.657178
0.658804
0.664498
0.668564
0.668971
0.670598
0.669378
0.660431
0.656771
0.651078
0.655958
0.661244
0.666938
0.665311
0.664091
0.669784
0.665718
0.662464
0.657584
0.655551
0.653924
0.664904
0.668158
0.669784
0.670598
0.666531
0.661651
0.661244
0.657584
0.656771
0.660838
0.660431
0.664498
0.664091
0.664091
0.664498
0.659618
0.660024
0.656771
0.660024
0.662464
0.666124
0.668971
0.666124
0.662871
0.663278
0.661244
0.661244
0.660024
0.664498
0.667751
0.666531
0.666938
0.668158
0.667751
0.658804
0.659618
0.655144
0.657178
0.661244
0.667344
0.674664
0.670598
0.666938
0.659618
0.654738
0.655551
0.656364
0.657991
0.662464
0.666938
0.668971
0.665718
0.665311
0.658398
0.655958
0.656771
0.657178
0.661651
0.665718
0.669378
0.670598
0.666938
0.660838
0.657584
0.657178
0.652298
0.653518
0.659618
0.664498
0.665718
0.668158
0.668158
0.663278
0.660838
0.659618
0.660431
0.661651
0.664904
0.668158
0.667344
0.666531
0.665718
0.661651
0.661651
0.659618
0.660024
0.666124
0.668564
0.666938
0.667751
0.664904
0.660431
0.657178
0.655144
0.654738
0.662058
0.661244
0.661651
0.666938
0.666124
0.664498
0.662464
0.661244
0.657991
0.660838
0.662058
0.665718
0.666531
0.668971
0.668971
0.664904
0.660838
0.657991
0.654738
0.659618
0.660024
0.664904
0.669784
0.669784
0.667751
0.662871
0.657584
0.655958
0.654738
0.658804
0.666531
0.668158
0.667751
0.665718
0.663684
0.657178
0.657991
0.654331
0.657991
0.662058
0.664498
0.666531
0.664498
0.665311
0.661651
0.657178
0.656364
0.659211
0.662058
0.662871
0.665311
0.667344
0.666124
0.664904
0.658398
0.655551
0.652298
0.654738
0.661244
0.665311
0.668971
0.668971
0.666531
0.664498
0.658804
0.655958
0.651484
0.654331
0.664498
0.665311
0.668564
0.668971
0.668158
0.662464
0.661244
0.657991
0.659211
0.662464
0.661244
0.660838
0.660838
0.664091
0.660431
0.653111
0.653518
0.650671
0.657178
0.663278
0.667751
0.666938
0.668971
0.665718
0.666124
0.660024
0.657584
0.659211
0.659211
0.665311
0.665718
0.666124
0.668564
0.664904
0.658398
0.657178
0.656364
0.658804
0.660838
0.664498
0.667751
0.666938
0.666531
0.658804
0.652298
0.651484
0.651078
0.655551
0.662871
0.666531
0.668971
0.671004
0.664904
0.663278
0.657991
0.657584
0.654331
0.657178
0.662464
0.665718
0.665311
0.665311
0.664904
0.659211
0.657178
0.653924
0.657584
0.660431
0.664498
0.665311
0.666531
0.665718
0.663684
0.660838
0.658804
0.656771
0.658804
0.661244
0.665311
0.664498
0.664091
0.664091
0.662464
0.659618
0.656771
0.659211
0.660431
0.663278
0.665718
0.666938
0.666531
0.661651
0.656771
0.654331
0.654738
0.660024
0.666124
0.663684
0.667751
0.666938
0.666531
0.663684
0.658398
0.656771
0.657584
0.660024
0.660838
0.662464
0.661244
0.664904
0.662871
0.659618
0.657584
0.655551
0.660024
0.663684
0.664498
0.666124
0.662058
0.667751
0.662058
0.658398
0.656364
0.656771
0.659618
0.659211
0.661651
0.661651
0.666124
0.663684
0.660024
0.657584
0.657178
0.660838
0.662871
0.662871
0.666531
0.666938
0.664904
0.664498
0.661244
0.659618
0.656771
0.660024
0.662464
0.667344
0.667751
0.668971
0.666124
0.662464
0.662871
0.660024
0.661244
0.662464
0.665311
0.666531
0.668158
0.666938
0.662871
0.661244
0.656771
0.654331
0.660838
0.665718
0.664091
0.665311
0.663278
0.666531
0.661651
0.659211
0.661244
0.660431
0.663278
0.663684
0.664904
0.666938
0.662058
0.663684
0.660024
0.655958
0.656771
0.663684
0.665718
0.663684
0.669784
0.668971
0.666938
0.664091
0.662058
0.660431
0.655958
0.660024
0.662464
0.665718
0.666938
0.668564
0.661651
0.663684
0.656364
0.653924
0.653924
0.659618
0.664904
0.666124
0.667344
0.665718
0.664091
0.660431
0.659211
0.657991
0.659618
0.662464
0.662871
0.666531
0.664498
0.664498
0.661651
0.659211
0.658804
0.657178
0.658804
0.660431
0.660431
0.662871
0.664904
0.661244
0.661651
0.656364
0.655958
0.658804
0.660838
0.664498
0.664498
0.663684
0.662871
0.660838
0.655551
0.656771
0.655144
0.660838
0.663278
0.664091
0.666938
0.667344
0.667751
0.660024
0.659211
0.656771
0.656364
0.660024
0.661244
0.661651
0.665718
0.664498
0.662058
0.655958
0.654331
0.653111
0.653924
0.661651
0.661651
0.664091
0.665718
0.666124
0.664091
0.662871
0.662464
0.657584
0.660431
0.661651
0.662058
0.665718
0.665311
0.663278
0.659211
0.656771
0.653111
0.653518
0.658398
0.660431
0.660431
0.663278
0.663278
0.662058
0.660838
0.657584
0.655551
0.657584
0.660431
0.664091
0.667751
0.667344
0.665718
0.662464
0.657584
0.654738
0.655551
0.661244
0.662871
0.663278
0.662871
0.665718
0.665311
0.657584
0.655958
0.655551
0.657991
0.662464
0.667344
0.668971
0.667344
0.669378
0.663278
0.658398
0.658804
0.657584
0.660838
0.661244
0.665311
0.666531
0.666938
0.662464
0.660838
0.657991
0.657584
0.657991
0.658398
0.661244
0.663278
0.662464
0.663278
0.662871
0.657584
0.655551
0.655958
0.659211
0.666124
0.667751
0.668971
0.668564
0.666938
0.660838
0.660431
0.658398
0.656364
0.658804
0.662464
0.664904
0.666531
0.664091
0.662464
0.658804
0.657991
0.654738
0.655144
0.660024
0.661651
0.660431
0.664091
0.661651
0.660838
0.658398
0.657178
0.656364
0.658804
0.663278
0.660838
0.661651
0.660838
0.662058
0.660838
0.657178
0.656364
0.654738
0.657991
0.661651
0.664091
0.664904
0.665311
0.659618
0.661244
0.657178
0.655551
0.657991
0.657991
0.662464
0.661651
0.661244
0.662871
0.661244
0.657178
0.657178
0.657584
0.661244
0.664091
0.664904
0.664904
0.666531
0.665718
0.660838
0.656771
0.656771
0.658398
0.661651
0.664904
0.664498
0.666531
0.666124
0.662464
0.657991
0.656771
0.657178
0.661651
0.664091
0.667751
0.667751
0.667344
0.666531
0.666531
0.662464
0.658398
0.659211
0.661651
0.662464
0.663684
0.663278
0.663278
0.661651
0.658398
0.656364
0.655551
0.666531
0.666124
0.667344
0.667344
0.666124
0.666938
0.659618
0.658398
0.656771
0.655958
0.658398
0.662464
0.664091
0.664091
0.666531
0.662058
0.655958
0.654738
0.655551
0.657178
0.663278
0.668158
0.671004
0.671411
0.668564
0.664091
0.663278
0.664091
0.659211
0.656364
0.662058
0.667344
0.668564
0.668564
0.665718
0.661244
0.658398
0.655551
0.653518
0.657178
0.661651
0.666531
0.669784
0.667751
0.664904
0.662058
0.660838
0.657178
0.658804
0.663278
0.666531
0.668971
0.668158
0.665311
0.659211
0.655551
0.659618
0.662058
0.664498
0.666531
0.666531
0.668564
0.666124
0.664498
0.660838
0.662464
0.657991
0.661244
0.668158
0.666938
0.668971
0.667751
0.664498
0.662058
0.655958
0.657584
0.655144
0.656364
0.659618
0.664091
0.666124
0.666531
0.662871
0.662058
0.660838
0.660431
0.658804
0.660838
0.661651
0.665311
0.665718
0.665718
0.664498
0.657991
0.658398
0.656771
0.659211
0.664091
0.664904
0.668564
0.670191
0.665311
0.662871
0.657991
0.658398
0.662058
0.664904
0.668971
0.668158
0.668158
0.662464
0.662058
0.659618
0.655958
0.654738
0.657584
0.662871
0.667751
0.668158
0.666531
0.666531
0.660838
0.655551
0.654331
0.653518
0.654738
0.659211
0.664904
0.668158
0.665311
0.666531
0.660838
0.659211
0.655551
0.653924
0.657991
0.661244
0.666938
0.666531
0.666938
0.668158
0.662058
0.657991
0.653518
0.656771
0.662871
0.668971
0.667751
0.670191
0.669784
0.665311
0.660838
0.662871
0.660838
0.660838
0.666938
0.667344
0.665311
0.664091
0.662058
0.661244
0.660431
0.660024
0.662464
0.664091
0.668158
0.665718
0.666531
0.666124
0.661244
0.655958
0.654738
0.656771
0.656771
0.664091
0.667344
0.668158
0.667751
0.666531
0.658804
0.657991
0.656771
0.657178
0.663278
0.665311
0.666531
0.668971
0.664904
0.662464
0.656771
0.654738
0.653518
0.652704
0.659211
0.666938
0.670598
0.670191
0.671411
0.661651
0.658398
0.660024
0.656771
0.657178
0.661651
0.662464
0.666531
0.665718
0.664091
0.659211
0.655551
0.656771
0.657991
0.660024
0.663278
0.663684
0.668158
0.667751
0.665311
0.662464
0.659618
0.657991
0.662058
0.661651
0.660431
0.663684
0.664904
0.663278
0.656364
0.656364
0.654738
0.654738
0.660024
0.664091
0.666531
0.668158
0.665718
0.660024
0.659618
0.658398
0.654331
0.655958
0.665718
0.667344
0.667751
0.668971
0.666124
0.661651
0.653518
0.655551
0.659211
0.663278
0.667344
0.668564
0.668564
0.671004
0.664904
0.657584
0.657584
0.655551
0.658398
0.665718
0.668971
0.669378
0.668158
0.667344
0.664904
0.657178
0.655551
0.654331
0.660838
0.669378
0.669378
0.671411
0.669784
0.669378
0.662871
0.661651
0.660431
0.657991
0.660431
0.662058
0.662871
0.664498
0.668158
0.663278
0.654738
0.651078
0.649451
0.653518
0.663684
0.667751
0.668971
0.670598
0.667751
0.665311
0.660838
0.661244
0.661244
0.661244
0.660024
0.660838
0.662871
0.663684
0.658398
0.657991
0.656771
0.657178
0.658804
0.663278
0.666531
0.666938
0.668971
0.666531
0.661651
0.659211
0.658804
0.657178
0.660024
0.662058
0.664091
0.664498
0.664498
0.661244
0.658804
0.657584
0.658804
0.657991
0.662464
0.668971
0.670191
0.671004
0.664904
0.662058
0.658804
0.655144
0.656364
0.658398
0.666124
0.669784
0.669378
0.667751
0.664498
0.661651
0.655144
0.656364
0.655144
0.659211
0.660431
0.665718
0.666124
0.665718
0.662464
0.656771
0.656771
0.656364
0.656364
0.664498
0.669378
0.669784
0.668564
0.662871
0.662058
0.657178
0.656771
0.657584
0.662871
0.667344
0.669378
0.669378
0.667751
0.665311
0.660431
0.660838
0.661244
0.660838
0.661651
0.664904
0.667344
0.669784
0.668971
0.664904
0.660431
0.660024
0.659211
0.661244
0.665311
0.666938
0.668971
0.667344
0.666938
0.658804
0.654738
0.657178
0.658804
0.663278
0.668564
0.672631
0.673851
0.673444
0.665311
0.657991
0.654331
0.654738
0.655958
0.661651
0.664904
0.667344
0.665311
0.662058
0.663684
0.657178
0.659211
0.656364
0.656771
0.660024
0.664498
0.671004
0.670191
0.667344
0.663278
0.662464
0.657584
0.655958
0.656364
0.659618
0.661244
0.666124
0.664091
0.663278
0.657991
0.657584
0.657991
0.657991
0.660838
0.666124
0.669378
0.668158
0.668158
0.663278
0.660431
0.660838
0.662871
0.663684
0.665311
0.664904
0.665311
0.664498
0.664904
0.659618
0.661244
0.660024
0.661651
0.664498
0.668564
0.671818
0.668971
0.666531
0.662871
0.658398
0.656771
0.656364
0.656771
0.660024
0.663278
0.669784
0.671818
0.666938
0.660024
0.655144
0.655144
0.657584
0.661244
0.666938
0.671411
0.671411
0.666531
0.664904
0.657584
0.657178
0.657178
0.657991
0.658398
0.665311
0.668564
0.666938
0.664904
0.660024
0.655551
0.654738
0.656364
0.659211
0.662058
0.667344
0.670191
0.670191
0.666938
0.660838
0.660838
0.663278
0.662871
0.663278
0.668564
0.670191
0.671411
0.669378
0.664091
0.662058
0.660024
0.658398
0.657584
0.664498
0.669378
0.669378
0.672631
0.668158
0.660431
0.658398
0.657991
0.658398
0.657991
0.664498
0.668158
0.671004
0.667751
0.668971
0.658398
0.656771
0.654738
0.656771
0.660838
0.669378
0.672631
0.670598
0.671004
0.664904
0.655958
0.658804
0.660431
0.657991
0.658804
0.661651
0.665311
0.665311
0.662058
0.660838
0.656771
0.657584
0.659618
0.659618
0.664091
0.665311
0.664498
0.663684
0.659211
0.657991
0.656771
0.656364
0.656771
0.664498
0.669784
0.667344
0.668158
0.660838
0.659211
0.655144
0.659618
0.659618
0.659211
0.663278
0.668971
0.666124
0.666531
0.665311
0.661244
0.659211
0.658398
0.658804
0.663278
0.669378
0.668971
0.670191
0.663684
0.661244
0.660431
0.658804
0.659618
0.658398
0.658804
0.664904
0.670598
0.671818
0.669378
0.658804
0.657584
0.657584
0.657584
0.659618
0.660838
0.668971
0.668971
0.668564
0.668158
0.660838
0.660431
0.656364
0.657991
0.658804
0.667751
0.670191
0.671004
0.668564
0.662058
0.662464
0.658804
0.658804
0.656364
0.660838
0.664091
0.664904
0.662871
0.662871
0.660431
0.661651
0.657584
0.659618
0.662871
0.664904
0.669378
0.668971
0.666531
0.660838
0.658398
0.658398
0.659211
0.658398
0.661244
0.665718
0.668971
0.670191
0.666124
0.660024
0.658804
0.657178
0.657991
0.659618
0.666531
0.669784
0.671818
0.671004
0.666124
0.661244
0.660024
0.656364
0.661244
0.664091
0.668971
0.672224
0.672631
0.670191
0.662464
0.657991
0.657178
0.656364
0.655144
0.657178
0.668158
0.667751
0.666124
0.662058
0.659618
0.654738
0.654738
0.656364
0.655958
0.664498
0.669378
0.664091
0.664091
0.657991
0.657991
0.658804
0.657178
0.657178
0.662058
0.664091
0.664498
0.663684
0.661651
0.660431
0.657991
0.657991
0.658398
0.659211
0.662871
0.671004
0.671004
0.667344
0.663278
0.657584
0.655958
0.655144
0.658398
0.664091
0.666938
0.671004
0.669378
0.669378
0.660024
0.657991
0.657584
0.657178
0.657178
0.661244
0.665718
0.669784
0.668158
0.668971
0.660838
0.658804
0.658398
0.657584
0.660431
0.665718
0.667751
0.669378
0.668564
0.667344
0.661244
0.659618
0.657178
0.657178
0.656771
0.660838
0.663278
0.665718
0.667344
0.660838
0.659618
0.660431
0.659211
0.659211
0.660431
0.664904
0.664904
0.666938
0.665311
0.661244
0.661651
0.655551
0.659618
0.663278
0.665718
0.671411
0.670191
0.668564
0.659618
0.660024
0.657584
0.659211
0.659618
0.663278
0.667344
0.669378
0.668564
0.664498
0.659618
0.657584
0.655551
0.656364
0.658804
0.665718
0.671004
0.670598
0.666531
0.659211
0.658804
0.657991
0.657178
0.660431
0.662058
0.666531
0.671818
0.672224
0.669784
0.662871
0.659618
0.657991
0.655551
0.658398
0.665311
0.671004
0.670191
0.666938
0.665311
0.661651
0.662058
0.661651
0.660431
0.666938
0.666531
0.667344
0.666531
0.666531
0.664091
0.660024
0.659211
0.660431
0.662058
0.666124
0.667751
0.668564
0.668158
0.666531
0.657178
0.656364
0.654738
0.655551
0.660431
0.667344
0.667751
0.671411
0.666938
0.662464
0.660838
0.660024
0.658398
0.657178
0.659618
0.662058
0.666124
0.666124
0.664904
0.662464
0.660024
0.662871
0.662058
0.662058
0.665311
0.667751
0.666938
0.665311
0.662871
0.658804
0.660024
0.659211
0.657178
0.659211
0.661244
0.666531
0.666531
0.667751
0.662464
0.657584
0.660024
0.657178
0.655144
0.657991
0.664498
0.665718
0.667344
0.667344
0.661244
0.660838
0.661651
0.661651
0.659618
0.666124
0.669784
0.669378
0.666124
0.661244
0.657991
0.658804
0.656771
0.656771
0.658398
0.664904
0.665311
0.666124
0.663684
0.661651
0.660024
0.657584
0.655551
0.655144
0.658804
0.663684
0.663278
0.664498
0.665311
0.658398
0.658804
0.655551
0.656364
0.658398
0.664904
0.668971
0.669378
0.666531
0.660838
0.660024
0.660024
0.658804
0.656364
0.657178
0.660431
0.662871
0.661651
0.662058
0.661651
0.659211
0.661651
0.660431
0.662058
0.664904
0.668158
0.666124
0.664498
0.664091
0.659618
0.658804
0.659618
0.660024
0.663684
0.665718
0.671411
0.670191
0.664498
0.656364
0.657178
0.657584
0.655551
0.657584
0.662058
0.665718
0.661651
0.663684
0.660431
0.654331
0.655144
0.654738
0.657178
0.661244
0.664091
0.664091
0.668158
0.666124
0.660838
0.656364
0.657584
0.658398
0.659211
0.665718
0.665311
0.667344
0.668158
0.660838
0.657991
0.658398
0.656771
0.659211
0.662058
0.666938
0.668158
0.667344
0.666938
0.662464
0.658804
0.661244
0.660838
0.659211
0.660431
0.659211
0.661244
0.661651
0.661244
0.659618
0.658804
0.655551
0.657991
0.656771
0.663278
0.664904
0.665718
0.666531
0.665718
0.659618
0.661651
0.660431
0.659211
0.657991
0.663278
0.663684
0.666124
0.663278
0.663684
0.658398
0.661244
0.658804
0.662871
0.666938
0.669784
0.668971
0.668158
0.666124
0.660838
0.657991
0.660838
0.656771
0.657991
0.661244
0.663278
0.662464
0.661651
0.662871
0.661244
0.660024
0.659211
0.659211
0.661651
0.667751
0.673038
0.672631
0.668158
0.661244
0.657991
0.659211
0.657584
0.657584
0.664091
0.666531
0.666938
0.666938
0.664904
0.660838
0.657178
0.656364
0.658398
0.657991
0.666938
0.668564
0.668564
0.667751
0.659618
0.660024
0.657584
0.657178
0.659211
0.660431
0.666531
0.668158
0.669784
0.665311
0.656771
0.659618
0.655958
0.660024
0.655144
0.663278
0.664498
0.664904
0.666124
0.664091
0.660431
0.656771
0.656364
0.657584
0.662871
0.665311
0.666531
0.666124
0.666531
0.664498
0.660431
0.662058
0.658804
0.659211
0.662871
0.665718
0.663684
0.663278
0.664498
0.662464
0.655958
0.659211
0.657178
0.655551
0.656771
0.660024
0.660024
0.660838
0.663278
0.657584
0.659211
0.658398
0.659618
0.657178
0.659618
0.662058
0.662871
0.659211
0.659211
0.655958
0.659211
0.659618
0.663684
0.663684
0.666938
0.668564
0.667344
0.662871
0.662058
0.659211
0.657991
0.659618
0.660431
0.663278
0.665718
0.664904
0.663684
0.658804
0.656364
0.655551
0.656771
0.662058
0.662464
0.665718
0.668158
0.664904
0.662464
0.660431
0.658398
0.658804
0.658804
0.657991
0.666124
0.669378
0.663684
0.663278
0.660431
0.662464
0.660024
0.656364
0.660838
0.663278
0.666938
0.666938
0.666531
0.663278
0.660024
0.659618
0.656771
0.657991
0.660431
0.663278
0.666938
0.667344
0.666531
0.665311
0.659618
0.659618
0.655958
0.654738
0.659618
0.664498
0.666938
0.667751
0.667751
0.658804
0.659618
0.656364
0.657991
0.658804
0.663278
0.666531
0.662871
0.666938
0.663684
0.660431
0.659618
0.655958
0.657584
0.661651
0.668158
0.667344
0.668564
0.666938
0.663684
0.661651
0.662058
0.661244
0.657584
0.660838
0.662871
0.660431
0.664498
0.666124
0.663278
0.660431
0.659211
0.659211
0.664091
0.666531
0.670191
0.671411
0.668158
0.660838
0.661651
0.660024
0.656364
0.655958
0.659211
0.663684
0.662464
0.664498
0.666531
0.661244
0.660024
0.657991
